#
# There is insufficient memory for the Java Runtime Environment to continue.
# Native memory allocation (malloc) failed to allocate 126877696 bytes for committing reserved memory.
# Possible reasons:
#   The system is out of physical RAM or swap space
#   In 32 bit mode, the process size limit was hit
# Possible solutions:
#   Reduce memory load on the system
#   Increase physical memory or swap space
#   Check if swap backing store is full
#   Use 64 bit Java on a 64 bit OS
#   Decrease Java heap size (-Xmx/-Xms)
#   Decrease number of Java threads
#   Decrease Java thread stack sizes (-Xss)
#   Set larger code cache with -XX:ReservedCodeCacheSize=
# This output file may be truncated or incomplete.
#
#  Out of Memory Error (os_linux.cpp:2809), pid=10970, tid=140115517085440
#
# JRE version: OpenJDK Runtime Environment (7.0_79-b14) (build 1.7.0_79-b14)
# Java VM: OpenJDK 64-Bit Server VM (24.79-b02 mixed mode linux-amd64 compressed oops)
# Derivative: IcedTea 2.5.6
# Distribution: Ubuntu 15.04, package 7u79-2.5.6-0ubuntu1.15.04.1
# Failed to write core dump. Core dumps have been disabled. To enable core dumping, try "ulimit -c unlimited" before starting Java again
#

---------------  T H R E A D  ---------------

Current thread (0x00007f6f3813e000):  VMThread [stack: 0x00007f6f2f8f9000,0x00007f6f2f9fa000] [id=10980]

Stack: [0x00007f6f2f8f9000,0x00007f6f2f9fa000],  sp=0x00007f6f2f9f84e0,  free space=1021k
Native frames: (J=compiled Java code, j=interpreted, Vv=VM code, C=native code)
V  [libjvm.so+0x98a166]  VMError::report_and_die()+0x186
V  [libjvm.so+0x48f932]  report_vm_out_of_memory(char const*, int, unsigned long, char const*)+0x92
V  [libjvm.so+0x7fd56b]  os::pd_commit_memory(char*, unsigned long, unsigned long, bool)+0xeb
V  [libjvm.so+0x7f7c4e]  os::commit_memory(char*, unsigned long, unsigned long, bool)+0x2e
V  [libjvm.so+0x86a56b]  PSVirtualSpace::expand_by(unsigned long)+0x5b
V  [libjvm.so+0x86b413]  PSYoungGen::resize_generation(unsigned long, unsigned long)+0xd3
V  [libjvm.so+0x86bb2b]  PSYoungGen::resize(unsigned long, unsigned long)+0x1b
V  [libjvm.so+0x867539]  PSScavenge::invoke_no_policy()+0xdc9
V  [libjvm.so+0x867d18]  PSScavenge::invoke()+0x38
V  [libjvm.so+0x81fb73]  ParallelScavengeHeap::failed_mem_allocate(unsigned long)+0x63
V  [libjvm.so+0x98ba32]  VM_ParallelGCFailedAllocation::doit()+0x92
V  [libjvm.so+0x9902e7]  VM_Operation::evaluate()+0x47
V  [libjvm.so+0x98e8cb]  VMThread::evaluate_operation(VM_Operation*)+0xab
V  [libjvm.so+0x98ef76]  VMThread::loop()+0x1e6
V  [libjvm.so+0x98f441]  VMThread::run()+0x81
V  [libjvm.so+0x7fa492]  java_start(Thread*)+0xf2

VM_Operation (0x00007f6f40f01fd0): ParallelGCFailedAllocation, mode: safepoint, requested by thread 0x00007f6f3800b000


---------------  P R O C E S S  ---------------

Java Threads: ( => current thread )
  0x00007f6f381d2000 JavaThread "Service Thread" daemon [_thread_blocked, id=10986, stack(0x00007f6f2e0ac000,0x00007f6f2e1ad000)]
  0x00007f6f381c8800 JavaThread "C2 CompilerThread1" daemon [_thread_blocked, id=10985, stack(0x00007f6f2e1ad000,0x00007f6f2e2ae000)]
  0x00007f6f381c6800 JavaThread "C2 CompilerThread0" daemon [_thread_blocked, id=10984, stack(0x00007f6f2e2ae000,0x00007f6f2e3af000)]
  0x00007f6f3816f800 JavaThread "Signal Dispatcher" daemon [_thread_blocked, id=10983, stack(0x00007f6f2ef14000,0x00007f6f2f015000)]
  0x00007f6f38144800 JavaThread "Finalizer" daemon [_thread_blocked, id=10982, stack(0x00007f6f2f6f7000,0x00007f6f2f7f8000)]
  0x00007f6f38142800 JavaThread "Reference Handler" daemon [_thread_blocked, id=10981, stack(0x00007f6f2f7f8000,0x00007f6f2f8f9000)]
  0x00007f6f3800b000 JavaThread "main" [_thread_blocked, id=10975, stack(0x00007f6f40e03000,0x00007f6f40f04000)]

Other Threads:
=>0x00007f6f3813e000 VMThread [stack: 0x00007f6f2f8f9000,0x00007f6f2f9fa000] [id=10980]
  0x00007f6f381dc800 WatcherThread [stack: 0x00007f6f2dfab000,0x00007f6f2e0ac000] [id=10987]

VM state:at safepoint (normal execution)

VM Mutex/Monitor currently owned by a thread:  ([mutex/lock_event])
[0x00007f6f38007990] Threads_lock - owner thread: 0x00007f6f3813e000
[0x00007f6f38007e90] Heap_lock - owner thread: 0x00007f6f3800b000

Heap
 PSYoungGen      total 928768K, used 270261K [0x00000007aaa80000, 0x00000007f8700000, 0x0000000800000000)
  eden space 640512K, 0% used [0x00000007aaa80000,0x00000007aaa80000,0x00000007d1c00000)
  from space 288256K, 93% used [0x00000007d1c00000,0x00000007e23ed570,0x00000007e3580000)
  to   space 239104K, 0% used [0x00000007e3580000,0x00000007e3580000,0x00000007f1f00000)
 ParOldGen       total 694784K, used 552344K [0x0000000700000000, 0x000000072a680000, 0x00000007aaa80000)
  object space 694784K, 79% used [0x0000000700000000,0x0000000721b66360,0x000000072a680000)
 PSPermGen       total 21504K, used 6399K [0x00000006f5a00000, 0x00000006f6f00000, 0x0000000700000000)
  object space 21504K, 29% used [0x00000006f5a00000,0x00000006f603fe08,0x00000006f6f00000)

Card table byte_map: [0x00007f6f3cf92000,0x00007f6f3d7e6000] byte_map_base: 0x00007f6f397e5000

Polling page: 0x00007f6f40f27000

Code Cache  [0x00007f6f35000000, 0x00007f6f35420000, 0x00007f6f38000000)
 total_blobs=1383 nmethods=1153 adapters=183 free_code_cache=45067Kb largest_free_block=46050688

Compilation events (10 events):
Event: 25.431 Thread 0x00007f6f381c6800 nmethod 1213 0x00007f6f350c6c10 code [0x00007f6f350c6da0, 0x00007f6f350c7088]
Event: 25.478 Thread 0x00007f6f381c6800 1214             com.android.dx.rop.type.Type::isUninitialized (13 bytes)
Event: 25.479 Thread 0x00007f6f381c6800 nmethod 1214 0x00007f6f351981d0 code [0x00007f6f35198300, 0x00007f6f35198378]
Event: 25.483 Thread 0x00007f6f381c6800 1215             com.android.dx.util.ByteArray::<init> (9 bytes)
Event: 25.484 Thread 0x00007f6f381c6800 nmethod 1215 0x00007f6f351f4250 code [0x00007f6f351f4380, 0x00007f6f351f4418]
Event: 25.586 Thread 0x00007f6f381c8800 nmethod 1204 0x00007f6f353db390 code [0x00007f6f353db4e0, 0x00007f6f353db8a8]
Event: 25.672 Thread 0x00007f6f381c6800 1216             com.android.dx.rop.type.Type::isArray (19 bytes)
Event: 25.673 Thread 0x00007f6f381c6800 nmethod 1216 0x00007f6f3536dfd0 code [0x00007f6f3536e120, 0x00007f6f3536e1f8]
Event: 25.782 Thread 0x00007f6f381c8800 1217             com.android.dx.cf.attrib.AttConstantValue::byteLength (3 bytes)
Event: 25.783 Thread 0x00007f6f381c8800 nmethod 1217 0x00007f6f351f4010 code [0x00007f6f351f4140, 0x00007f6f351f4198]

GC Heap History (10 events):
Event: 18.656 GC heap after
Heap after GC invocations=20 (full 3):
 PSYoungGen      total 685056K, used 166384K [0x00000007aaa80000, 0x00000007e9880000, 0x0000000800000000)
  eden space 518656K, 0% used [0x00000007aaa80000,0x00000007aaa80000,0x00000007ca500000)
  from space 166400K, 99% used [0x00000007ca500000,0x00000007d477c130,0x00000007d4780000)
  to   space 214528K, 0% used [0x00000007dc700000,0x00000007dc700000,0x00000007e9880000)
 ParOldGen       total 456192K, used 355412K [0x0000000700000000, 0x000000071bd80000, 0x00000007aaa80000)
  object space 456192K, 77% used [0x0000000700000000,0x0000000715b15128,0x000000071bd80000)
 PSPermGen       total 21504K, used 6279K [0x00000006f5a00000, 0x00000006f6f00000, 0x0000000700000000)
  object space 21504K, 29% used [0x00000006f5a00000,0x00000006f6021ed8,0x00000006f6f00000)
}
Event: 19.640 GC heap before
{Heap before GC invocations=21 (full 3):
 PSYoungGen      total 685056K, used 685040K [0x00000007aaa80000, 0x00000007e9880000, 0x0000000800000000)
  eden space 518656K, 100% used [0x00000007aaa80000,0x00000007ca500000,0x00000007ca500000)
  from space 166400K, 99% used [0x00000007ca500000,0x00000007d477c130,0x00000007d4780000)
  to   space 214528K, 0% used [0x00000007dc700000,0x00000007dc700000,0x00000007e9880000)
 ParOldGen       total 456192K, used 355412K [0x0000000700000000, 0x000000071bd80000, 0x00000007aaa80000)
  object space 456192K, 77% used [0x0000000700000000,0x0000000715b15128,0x000000071bd80000)
 PSPermGen       total 21504K, used 6281K [0x00000006f5a00000, 0x00000006f6f00000, 0x0000000700000000)
  object space 21504K, 29% used [0x00000006f5a00000,0x00000006f6022590,0x00000006f6f00000)
Event: 19.936 GC heap after
Heap after GC invocations=21 (full 3):
 PSYoungGen      total 809984K, used 131483K [0x00000007aaa80000, 0x00000007eab80000, 0x0000000800000000)
  eden space 595456K, 0% used [0x00000007aaa80000,0x00000007aaa80000,0x00000007cf000000)
  from space 214528K, 61% used [0x00000007dc700000,0x00000007e4766ed8,0x00000007e9880000)
  to   space 220160K, 0% used [0x00000007cf000000,0x00000007cf000000,0x00000007dc700000)
 ParOldGen       total 456192K, used 454689K [0x0000000700000000, 0x000000071bd80000, 0x00000007aaa80000)
  object space 456192K, 99% used [0x0000000700000000,0x000000071bc08590,0x000000071bd80000)
 PSPermGen       total 21504K, used 6281K [0x00000006f5a00000, 0x00000006f6f00000, 0x0000000700000000)
  object space 21504K, 29% used [0x00000006f5a00000,0x00000006f6022590,0x00000006f6f00000)
}
Event: 19.936 GC heap before
{Heap before GC invocations=22 (full 4):
 PSYoungGen      total 809984K, used 131483K [0x00000007aaa80000, 0x00000007eab80000, 0x0000000800000000)
  eden space 595456K, 0% used [0x00000007aaa80000,0x00000007aaa80000,0x00000007cf000000)
  from space 214528K, 61% used [0x00000007dc700000,0x00000007e4766ed8,0x00000007e9880000)
  to   space 220160K, 0% used [0x00000007cf000000,0x00000007cf000000,0x00000007dc700000)
 ParOldGen       total 456192K, used 454689K [0x0000000700000000, 0x000000071bd80000, 0x00000007aaa80000)
  object space 456192K, 99% used [0x0000000700000000,0x000000071bc08590,0x000000071bd80000)
 PSPermGen       total 21504K, used 6281K [0x00000006f5a00000, 0x00000006f6f00000, 0x0000000700000000)
  object space 21504K, 29% used [0x00000006f5a00000,0x00000006f6022590,0x00000006f6f00000)
Event: 21.581 GC heap after
Heap after GC invocations=22 (full 4):
 PSYoungGen      total 809984K, used 78949K [0x00000007aaa80000, 0x00000007eab80000, 0x0000000800000000)
  eden space 595456K, 0% used [0x00000007aaa80000,0x00000007aaa80000,0x00000007cf000000)
  from space 214528K, 36% used [0x00000007dc700000,0x00000007e14194a8,0x00000007e9880000)
  to   space 220160K, 0% used [0x00000007cf000000,0x00000007cf000000,0x00000007dc700000)
 ParOldGen       total 694784K, used 455994K [0x0000000700000000, 0x000000072a680000, 0x00000007aaa80000)
  object space 694784K, 65% used [0x0000000700000000,0x000000071bd4eb28,0x000000072a680000)
 PSPermGen       total 21504K, used 6281K [0x00000006f5a00000, 0x00000006f6f00000, 0x0000000700000000)
  object space 21504K, 29% used [0x00000006f5a00000,0x00000006f60224d0,0x00000006f6f00000)
}
Event: 22.915 GC heap before
{Heap before GC invocations=23 (full 4):
 PSYoungGen      total 809984K, used 674405K [0x00000007aaa80000, 0x00000007eab80000, 0x0000000800000000)
  eden space 595456K, 100% used [0x00000007aaa80000,0x00000007cf000000,0x00000007cf000000)
  from space 214528K, 36% used [0x00000007dc700000,0x00000007e14194a8,0x00000007e9880000)
  to   space 220160K, 0% used [0x00000007cf000000,0x00000007cf000000,0x00000007dc700000)
 ParOldGen       total 694784K, used 455994K [0x0000000700000000, 0x000000072a680000, 0x00000007aaa80000)
  object space 694784K, 65% used [0x0000000700000000,0x000000071bd4eb28,0x000000072a680000)
 PSPermGen       total 21504K, used 6296K [0x00000006f5a00000, 0x00000006f6f00000, 0x0000000700000000)
  object space 21504K, 29% used [0x00000006f5a00000,0x00000006f60262d0,0x00000006f6f00000)
Event: 23.210 GC heap after
Heap after GC invocations=23 (full 4):
 PSYoungGen      total 815616K, used 173931K [0x00000007aaa80000, 0x00000007f1f00000, 0x0000000800000000)
  eden space 595456K, 0% used [0x00000007aaa80000,0x00000007aaa80000,0x00000007cf000000)
  from space 220160K, 79% used [0x00000007cf000000,0x00000007d99dae80,0x00000007dc700000)
  to   space 239104K, 0% used [0x00000007e3580000,0x00000007e3580000,0x00000007f1f00000)
 ParOldGen       total 694784K, used 455994K [0x0000000700000000, 0x000000072a680000, 0x00000007aaa80000)
  object space 694784K, 65% used [0x0000000700000000,0x000000071bd4eb28,0x000000072a680000)
 PSPermGen       total 21504K, used 6296K [0x00000006f5a00000, 0x00000006f6f00000, 0x0000000700000000)
  object space 21504K, 29% used [0x00000006f5a00000,0x00000006f60262d0,0x00000006f6f00000)
}
Event: 24.342 GC heap before
{Heap before GC invocations=24 (full 4):
 PSYoungGen      total 815616K, used 769387K [0x00000007aaa80000, 0x00000007f1f00000, 0x0000000800000000)
  eden space 595456K, 100% used [0x00000007aaa80000,0x00000007cf000000,0x00000007cf000000)
  from space 220160K, 79% used [0x00000007cf000000,0x00000007d99dae80,0x00000007dc700000)
  to   space 239104K, 0% used [0x00000007e3580000,0x00000007e3580000,0x00000007f1f00000)
 ParOldGen       total 694784K, used 455994K [0x0000000700000000, 0x000000072a680000, 0x00000007aaa80000)
  object space 694784K, 65% used [0x0000000700000000,0x000000071bd4eb28,0x000000072a680000)
 PSPermGen       total 21504K, used 6393K [0x00000006f5a00000, 0x00000006f6f00000, 0x0000000700000000)
  object space 21504K, 29% used [0x00000006f5a00000,0x00000006f603e6c8,0x00000006f6f00000)
Event: 24.676 GC heap after
Heap after GC invocations=24 (full 4):
 PSYoungGen      total 879616K, used 239090K [0x00000007aaa80000, 0x00000007f8700000, 0x0000000800000000)
  eden space 640512K, 0% used [0x00000007aaa80000,0x00000007aaa80000,0x00000007d1c00000)
  from space 239104K, 99% used [0x00000007e3580000,0x00000007f1efc8d0,0x00000007f1f00000)
  to   space 288256K, 0% used [0x00000007d1c00000,0x00000007d1c00000,0x00000007e3580000)
 ParOldGen       total 694784K, used 484100K [0x0000000700000000, 0x000000072a680000, 0x00000007aaa80000)
  object space 694784K, 69% used [0x0000000700000000,0x000000071d8c13e0,0x000000072a680000)
 PSPermGen       total 21504K, used 6393K [0x00000006f5a00000, 0x00000006f6f00000, 0x0000000700000000)
  object space 21504K, 29% used [0x00000006f5a00000,0x00000006f603e6c8,0x00000006f6f00000)
}
Event: 25.821 GC heap before
{Heap before GC invocations=25 (full 4):
 PSYoungGen      total 879616K, used 879602K [0x00000007aaa80000, 0x00000007f8700000, 0x0000000800000000)
  eden space 640512K, 100% used [0x00000007aaa80000,0x00000007d1c00000,0x00000007d1c00000)
  from space 239104K, 99% used [0x00000007e3580000,0x00000007f1efc8d0,0x00000007f1f00000)
  to   space 288256K, 0% used [0x00000007d1c00000,0x00000007d1c00000,0x00000007e3580000)
 ParOldGen       total 694784K, used 484100K [0x0000000700000000, 0x000000072a680000, 0x00000007aaa80000)
  object space 694784K, 69% used [0x0000000700000000,0x000000071d8c13e0,0x000000072a680000)
 PSPermGen       total 21504K, used 6399K [0x00000006f5a00000, 0x00000006f6f00000, 0x0000000700000000)
  object space 21504K, 29% used [0x00000006f5a00000,0x00000006f603fe08,0x00000006f6f00000)

Deoptimization events (10 events):
Event: 19.634 Thread 0x00007f6f3800b000 Uncommon trap: reason=bimorphic action=maybe_recompile pc=0x00007f6f3533dbdc method=com.android.dx.cf.code.BytecodeArray.parseInstruction(ILcom/android/dx/cf/code/BytecodeArray$Visitor;)I @ 1867
Event: 22.040 Thread 0x00007f6f3800b000 Uncommon trap: reason=class_check action=maybe_recompile pc=0x00007f6f352af790 method=com.android.dx.ssa.back.FirstFitLocalCombiningAllocator.findNextUnreservedRopReg(IILcom/android/dx/ssa/back/FirstFitLocalCombiningAllocator$Alignment;)I @ 60
Event: 23.637 Thread 0x00007f6f3800b000 Uncommon trap: reason=unreached action=reinterpret pc=0x00007f6f35371160 method=com.android.dx.cf.direct.StdAttributeFactory.parse0(Lcom/android/dx/cf/direct/DirectClassFile;ILjava/lang/String;IILcom/android/dx/cf/iface/ParseObserver;)Lcom/android/dx/cf/i
Event: 23.637 Thread 0x00007f6f3800b000 Uncommon trap: reason=unreached action=reinterpret pc=0x00007f6f35326e5c method=com.android.dx.dex.cf.AttributeTranslator.translateInnerClasses(Lcom/android/dx/rop/cst/CstType;Lcom/android/dx/cf/iface/AttributeList;Z)Lcom/android/dx/rop/annotation/Annotat
Event: 24.010 Thread 0x00007f6f3800b000 Uncommon trap: reason=bimorphic action=maybe_recompile pc=0x00007f6f352e3fa8 method=com.android.dx.cf.code.BytecodeArray.parseInstruction(ILcom/android/dx/cf/code/BytecodeArray$Visitor;)I @ 1083
Event: 24.010 Thread 0x00007f6f3800b000 Uncommon trap: reason=bimorphic action=maybe_recompile pc=0x00007f6f352e3fa8 method=com.android.dx.cf.code.BytecodeArray.parseInstruction(ILcom/android/dx/cf/code/BytecodeArray$Visitor;)I @ 1083
Event: 24.256 Thread 0x00007f6f3800b000 Uncommon trap: reason=bimorphic action=maybe_recompile pc=0x00007f6f353132e8 method=com.android.dx.ssa.back.FirstFitLocalCombiningAllocator.findNextUnreservedRopReg(IILcom/android/dx/ssa/back/FirstFitLocalCombiningAllocator$Alignment;)I @ 60
Event: 24.740 Thread 0x00007f6f3800b000 Uncommon trap: reason=null_check action=make_not_entrant pc=0x00007f6f354045f8 method=com.android.dx.cf.direct.StdAttributeFactory.enclosingMethod(Lcom/android/dx/cf/direct/DirectClassFile;IILcom/android/dx/cf/iface/ParseObserver;)Lcom/android/dx/cf/iface
Event: 24.836 Thread 0x00007f6f3800b000 Uncommon trap: reason=unreached action=reinterpret pc=0x00007f6f351c2a38 method=com.android.dx.dex.code.OutputFinisher.hasLocalInfo(Lcom/android/dx/rop/code/RegisterSpec;)Z @ 1
Event: 24.941 Thread 0x00007f6f3800b000 Uncommon trap: reason=class_check action=maybe_recompile pc=0x00007f6f352f57e4 method=com.android.dx.ssa.SCCP.replaceConstants()V @ 182

Internal exceptions (10 events):
Event: 9.361 Thread 0x00007f6f3800b000 Implicit null exception at 0x00007f6f351603dd to 0x00007f6f351605cd
Event: 9.361 Thread 0x00007f6f3800b000 Implicit null exception at 0x00007f6f351bf769 to 0x00007f6f351bf93d
Event: 9.362 Thread 0x00007f6f3800b000 Implicit null exception at 0x00007f6f351b57b5 to 0x00007f6f351b5915
Event: 10.503 Thread 0x00007f6f3800b000 Threw 0x00000007aaffe790 at /build/openjdk-7-yI9zWD/openjdk-7-7u79-2.5.6/build/openjdk/hotspot/src/share/vm/prims/jvm.cpp:1284
Event: 10.512 Thread 0x00007f6f3800b000 Threw 0x00000007ab0deaa8 at /build/openjdk-7-yI9zWD/openjdk-7-7u79-2.5.6/build/openjdk/hotspot/src/share/vm/prims/jvm.cpp:1284
Event: 16.295 Thread 0x00007f6f3800b000 Implicit null exception at 0x00007f6f353db692 to 0x00007f6f353db86d
Event: 16.295 Thread 0x00007f6f3800b000 Implicit null exception at 0x00007f6f352b303e to 0x00007f6f352b31fd
Event: 19.629 Thread 0x00007f6f3800b000 Implicit null exception at 0x00007f6f3514fa0c to 0x00007f6f3514fb0e
Event: 24.740 Thread 0x00007f6f3800b000 Implicit null exception at 0x00007f6f35402c1f to 0x00007f6f354045e9
Event: 24.836 Thread 0x00007f6f3800b000 Implicit null exception at 0x00007f6f351c29ec to 0x00007f6f351c2a29

Events (10 events):
Event: 24.740 Thread 0x00007f6f3800b000 DEOPT UNPACKING pc=0x00007f6f35039445 sp=0x00007f6f40f02128 mode 2
Event: 24.836 Thread 0x00007f6f3800b000 Uncommon trap: trap_request=0xffffffad fr.pc=0x00007f6f351c2a38
Event: 24.836 Thread 0x00007f6f3800b000 DEOPT PACKING pc=0x00007f6f351c2a38 sp=0x00007f6f40f02060
Event: 24.836 Thread 0x00007f6f3800b000 DEOPT UNPACKING pc=0x00007f6f35039445 sp=0x00007f6f40f02020 mode 2
Event: 24.941 Thread 0x00007f6f3800b000 Uncommon trap: trap_request=0xffffffde fr.pc=0x00007f6f352f57e4
Event: 24.941 Thread 0x00007f6f3800b000 DEOPT PACKING pc=0x00007f6f352f57e4 sp=0x00007f6f40f02150
Event: 24.941 Thread 0x00007f6f3800b000 DEOPT UNPACKING pc=0x00007f6f35039445 sp=0x00007f6f40f020c8 mode 2
Event: 25.409 Thread 0x00007f6f381c6800 flushing nmethod 0x00007f6f352b2d50
Event: 25.418 Thread 0x00007f6f381c6800 flushing nmethod 0x00007f6f353db390
Event: 25.821 Executing VM operation: ParallelGCFailedAllocation


Dynamic libraries:
00400000-00401000 r-xp 00000000 08:01 20712222                           /usr/lib/jvm/java-7-openjdk-amd64/jre/bin/java
00600000-00601000 r--p 00000000 08:01 20712222                           /usr/lib/jvm/java-7-openjdk-amd64/jre/bin/java
00601000-00602000 rw-p 00001000 08:01 20712222                           /usr/lib/jvm/java-7-openjdk-amd64/jre/bin/java
02307000-02328000 rw-p 00000000 00:00 0                                  [heap]
6f5a00000-6f6f00000 rw-p 00000000 00:00 0 
6f6f00000-700000000 rw-p 00000000 00:00 0 
700000000-72a680000 rw-p 00000000 00:00 0 
72a680000-7aaa80000 rw-p 00000000 00:00 0 
7aaa80000-7f8700000 rw-p 00000000 00:00 0 
7f6ef0000000-7f6ef0021000 rw-p 00000000 00:00 0 
7f6ef0021000-7f6ef4000000 ---p 00000000 00:00 0 
7f6ef4000000-7f6ef4021000 rw-p 00000000 00:00 0 
7f6ef4021000-7f6ef8000000 ---p 00000000 00:00 0 
7f6ef8000000-7f6ef9e8b000 rw-p 00000000 00:00 0 
7f6ef9e8b000-7f6efc000000 ---p 00000000 00:00 0 
7f6efc000000-7f6efd261000 rw-p 00000000 00:00 0 
7f6efd261000-7f6f00000000 ---p 00000000 00:00 0 
7f6f00000000-7f6f00021000 rw-p 00000000 00:00 0 
7f6f00021000-7f6f04000000 ---p 00000000 00:00 0 
7f6f04000000-7f6f04021000 rw-p 00000000 00:00 0 
7f6f04021000-7f6f08000000 ---p 00000000 00:00 0 
7f6f08000000-7f6f08021000 rw-p 00000000 00:00 0 
7f6f08021000-7f6f0c000000 ---p 00000000 00:00 0 
7f6f0fad0000-7f6f18000000 rw-p 00000000 00:00 0 
7f6f18000000-7f6f18021000 rw-p 00000000 00:00 0 
7f6f18021000-7f6f1c000000 ---p 00000000 00:00 0 
7f6f1c000000-7f6f1c23f000 rw-p 00000000 00:00 0 
7f6f1c23f000-7f6f20000000 ---p 00000000 00:00 0 
7f6f20000000-7f6f20021000 rw-p 00000000 00:00 0 
7f6f20021000-7f6f24000000 ---p 00000000 00:00 0 
7f6f28000000-7f6f2802a000 rw-p 00000000 00:00 0 
7f6f2802a000-7f6f2c000000 ---p 00000000 00:00 0 
7f6f2c41a000-7f6f2c71b000 rw-p 00000000 00:00 0 
7f6f2c71b000-7f6f2c787000 r-xp 00000000 08:01 22020192                   /lib/x86_64-linux-gnu/libpcre.so.3.13.1
7f6f2c787000-7f6f2c986000 ---p 0006c000 08:01 22020192                   /lib/x86_64-linux-gnu/libpcre.so.3.13.1
7f6f2c986000-7f6f2c987000 r--p 0006b000 08:01 22020192                   /lib/x86_64-linux-gnu/libpcre.so.3.13.1
7f6f2c987000-7f6f2c988000 rw-p 0006c000 08:01 22020192                   /lib/x86_64-linux-gnu/libpcre.so.3.13.1
7f6f2c988000-7f6f2c98f000 r-xp 00000000 08:01 20455638                   /usr/lib/x86_64-linux-gnu/libffi.so.6.0.4
7f6f2c98f000-7f6f2cb8e000 ---p 00007000 08:01 20455638                   /usr/lib/x86_64-linux-gnu/libffi.so.6.0.4
7f6f2cb8e000-7f6f2cb8f000 r--p 00006000 08:01 20455638                   /usr/lib/x86_64-linux-gnu/libffi.so.6.0.4
7f6f2cb8f000-7f6f2cb90000 rw-p 00007000 08:01 20455638                   /usr/lib/x86_64-linux-gnu/libffi.so.6.0.4
7f6f2cb90000-7f6f2cba7000 r-xp 00000000 08:01 22024473                   /lib/x86_64-linux-gnu/libresolv-2.21.so
7f6f2cba7000-7f6f2cda7000 ---p 00017000 08:01 22024473                   /lib/x86_64-linux-gnu/libresolv-2.21.so
7f6f2cda7000-7f6f2cda9000 r--p 00017000 08:01 22024473                   /lib/x86_64-linux-gnu/libresolv-2.21.so
7f6f2cda9000-7f6f2cdaa000 rw-p 00019000 08:01 22024473                   /lib/x86_64-linux-gnu/libresolv-2.21.so
7f6f2cdaa000-7f6f2cdac000 rw-p 00000000 00:00 0 
7f6f2cdac000-7f6f2cdcd000 r-xp 00000000 08:01 22024477                   /lib/x86_64-linux-gnu/libselinux.so.1
7f6f2cdcd000-7f6f2cfcc000 ---p 00021000 08:01 22024477                   /lib/x86_64-linux-gnu/libselinux.so.1
7f6f2cfcc000-7f6f2cfcd000 r--p 00020000 08:01 22024477                   /lib/x86_64-linux-gnu/libselinux.so.1
7f6f2cfcd000-7f6f2cfce000 rw-p 00021000 08:01 22024477                   /lib/x86_64-linux-gnu/libselinux.so.1
7f6f2cfce000-7f6f2cfd0000 rw-p 00000000 00:00 0 
7f6f2cfd0000-7f6f2cfd3000 r-xp 00000000 08:01 20447655                   /usr/lib/x86_64-linux-gnu/libgmodule-2.0.so.0.4400.1
7f6f2cfd3000-7f6f2d1d2000 ---p 00003000 08:01 20447655                   /usr/lib/x86_64-linux-gnu/libgmodule-2.0.so.0.4400.1
7f6f2d1d2000-7f6f2d1d3000 r--p 00002000 08:01 20447655                   /usr/lib/x86_64-linux-gnu/libgmodule-2.0.so.0.4400.1
7f6f2d1d3000-7f6f2d1d4000 rw-p 00003000 08:01 20447655                   /usr/lib/x86_64-linux-gnu/libgmodule-2.0.so.0.4400.1
7f6f2d1d4000-7f6f2d2e1000 r-xp 00000000 08:01 22024241                   /lib/x86_64-linux-gnu/libglib-2.0.so.0.4400.1
7f6f2d2e1000-7f6f2d4e0000 ---p 0010d000 08:01 22024241                   /lib/x86_64-linux-gnu/libglib-2.0.so.0.4400.1
7f6f2d4e0000-7f6f2d4e1000 r--p 0010c000 08:01 22024241                   /lib/x86_64-linux-gnu/libglib-2.0.so.0.4400.1
7f6f2d4e1000-7f6f2d4e2000 rw-p 0010d000 08:01 22024241                   /lib/x86_64-linux-gnu/libglib-2.0.so.0.4400.1
7f6f2d4e2000-7f6f2d4e3000 rw-p 00000000 00:00 0 
7f6f2d4e3000-7f6f2d533000 r-xp 00000000 08:01 20447615                   /usr/lib/x86_64-linux-gnu/libgobject-2.0.so.0.4400.1
7f6f2d533000-7f6f2d733000 ---p 00050000 08:01 20447615                   /usr/lib/x86_64-linux-gnu/libgobject-2.0.so.0.4400.1
7f6f2d733000-7f6f2d734000 r--p 00050000 08:01 20447615                   /usr/lib/x86_64-linux-gnu/libgobject-2.0.so.0.4400.1
7f6f2d734000-7f6f2d735000 rw-p 00051000 08:01 20447615                   /usr/lib/x86_64-linux-gnu/libgobject-2.0.so.0.4400.1
7f6f2d735000-7f6f2d8ad000 r-xp 00000000 08:01 20447637                   /usr/lib/x86_64-linux-gnu/libgio-2.0.so.0.4400.1
7f6f2d8ad000-7f6f2daad000 ---p 00178000 08:01 20447637                   /usr/lib/x86_64-linux-gnu/libgio-2.0.so.0.4400.1
7f6f2daad000-7f6f2dab1000 r--p 00178000 08:01 20447637                   /usr/lib/x86_64-linux-gnu/libgio-2.0.so.0.4400.1
7f6f2dab1000-7f6f2dab3000 rw-p 0017c000 08:01 20447637                   /usr/lib/x86_64-linux-gnu/libgio-2.0.so.0.4400.1
7f6f2dab3000-7f6f2dab5000 rw-p 00000000 00:00 0 
7f6f2dab5000-7f6f2dacc000 r-xp 00000000 08:01 20587083                   /usr/lib/jvm/java-7-openjdk-amd64/jre/lib/amd64/libnet.so
7f6f2dacc000-7f6f2dccb000 ---p 00017000 08:01 20587083                   /usr/lib/jvm/java-7-openjdk-amd64/jre/lib/amd64/libnet.so
7f6f2dccb000-7f6f2dccc000 r--p 00016000 08:01 20587083                   /usr/lib/jvm/java-7-openjdk-amd64/jre/lib/amd64/libnet.so
7f6f2dccc000-7f6f2dccd000 rw-p 00017000 08:01 20587083                   /usr/lib/jvm/java-7-openjdk-amd64/jre/lib/amd64/libnet.so
7f6f2dccd000-7f6f2dcde000 r-xp 00000000 08:01 20587088                   /usr/lib/jvm/java-7-openjdk-amd64/jre/lib/amd64/libnio.so
7f6f2dcde000-7f6f2dedd000 ---p 00011000 08:01 20587088                   /usr/lib/jvm/java-7-openjdk-amd64/jre/lib/amd64/libnio.so
7f6f2dedd000-7f6f2dede000 r--p 00010000 08:01 20587088                   /usr/lib/jvm/java-7-openjdk-amd64/jre/lib/amd64/libnio.so
7f6f2dede000-7f6f2dedf000 rw-p 00011000 08:01 20587088                   /usr/lib/jvm/java-7-openjdk-amd64/jre/lib/amd64/libnio.so
7f6f2dedf000-7f6f2dfab000 r--s 00939000 08:01 30016571                   /home/sharan/AndroidStudioProjects/Muser/muser/build/intermediates/multi-dex/debug/allclasses.jar
7f6f2dfab000-7f6f2dfac000 ---p 00000000 00:00 0 
7f6f2dfac000-7f6f2e0ac000 rw-p 00000000 00:00 0                          [stack:10987]
7f6f2e0ac000-7f6f2e0af000 ---p 00000000 00:00 0 
7f6f2e0af000-7f6f2e1ad000 rw-p 00000000 00:00 0                          [stack:10986]
7f6f2e1ad000-7f6f2e1b0000 ---p 00000000 00:00 0 
7f6f2e1b0000-7f6f2e2ae000 rw-p 00000000 00:00 0                          [stack:10985]
7f6f2e2ae000-7f6f2e2b1000 ---p 00000000 00:00 0 
7f6f2e2b1000-7f6f2e3af000 rw-p 00000000 00:00 0                          [stack:10984]
7f6f2e3af000-7f6f2e3b4000 r-xp 00000000 08:01 20455330                   /usr/lib/x86_64-linux-gnu/libXdmcp.so.6.0.0
7f6f2e3b4000-7f6f2e5b3000 ---p 00005000 08:01 20455330                   /usr/lib/x86_64-linux-gnu/libXdmcp.so.6.0.0
7f6f2e5b3000-7f6f2e5b4000 r--p 00004000 08:01 20455330                   /usr/lib/x86_64-linux-gnu/libXdmcp.so.6.0.0
7f6f2e5b4000-7f6f2e5b5000 rw-p 00005000 08:01 20455330                   /usr/lib/x86_64-linux-gnu/libXdmcp.so.6.0.0
7f6f2e5b5000-7f6f2e5b7000 r-xp 00000000 08:01 20455319                   /usr/lib/x86_64-linux-gnu/libXau.so.6.0.0
7f6f2e5b7000-7f6f2e7b7000 ---p 00002000 08:01 20455319                   /usr/lib/x86_64-linux-gnu/libXau.so.6.0.0
7f6f2e7b7000-7f6f2e7b8000 r--p 00002000 08:01 20455319                   /usr/lib/x86_64-linux-gnu/libXau.so.6.0.0
7f6f2e7b8000-7f6f2e7b9000 rw-p 00003000 08:01 20455319                   /usr/lib/x86_64-linux-gnu/libXau.so.6.0.0
7f6f2e7b9000-7f6f2e7d6000 r-xp 00000000 08:01 20456517                   /usr/lib/x86_64-linux-gnu/libxcb.so.1.1.0
7f6f2e7d6000-7f6f2e9d6000 ---p 0001d000 08:01 20456517                   /usr/lib/x86_64-linux-gnu/libxcb.so.1.1.0
7f6f2e9d6000-7f6f2e9d7000 r--p 0001d000 08:01 20456517                   /usr/lib/x86_64-linux-gnu/libxcb.so.1.1.0
7f6f2e9d7000-7f6f2e9d8000 rw-p 0001e000 08:01 20456517                   /usr/lib/x86_64-linux-gnu/libxcb.so.1.1.0
7f6f2e9d8000-7f6f2eb0b000 r-xp 00000000 08:01 20455315                   /usr/lib/x86_64-linux-gnu/libX11.so.6.3.0
7f6f2eb0b000-7f6f2ed0b000 ---p 00133000 08:01 20455315                   /usr/lib/x86_64-linux-gnu/libX11.so.6.3.0
7f6f2ed0b000-7f6f2ed0c000 r--p 00133000 08:01 20455315                   /usr/lib/x86_64-linux-gnu/libX11.so.6.3.0
7f6f2ed0c000-7f6f2ed10000 rw-p 00134000 08:01 20455315                   /usr/lib/x86_64-linux-gnu/libX11.so.6.3.0
7f6f2ed10000-7f6f2ed11000 rw-p 00000000 00:00 0 
7f6f2ed11000-7f6f2ed13000 r-xp 00000000 08:01 20452766                   /usr/lib/jayatana/libjayatanaag.so
7f6f2ed13000-7f6f2ef12000 ---p 00002000 08:01 20452766                   /usr/lib/jayatana/libjayatanaag.so
7f6f2ef12000-7f6f2ef13000 r--p 00001000 08:01 20452766                   /usr/lib/jayatana/libjayatanaag.so
7f6f2ef13000-7f6f2ef14000 rw-p 00002000 08:01 20452766                   /usr/lib/jayatana/libjayatanaag.so
7f6f2ef14000-7f6f2ef17000 ---p 00000000 00:00 0 
7f6f2ef17000-7f6f2f015000 rw-p 00000000 00:00 0                          [stack:10983]
7f6f2f015000-7f6f2f6f7000 r--p 00000000 08:01 20454393                   /usr/lib/locale/locale-archive
7f6f2f6f7000-7f6f2f6fa000 ---p 00000000 00:00 0 
7f6f2f6fa000-7f6f2f7f8000 rw-p 00000000 00:00 0                          [stack:10982]
7f6f2f7f8000-7f6f2f7fb000 ---p 00000000 00:00 0 
7f6f2f7fb000-7f6f2f8f9000 rw-p 00000000 00:00 0                          [stack:10981]
7f6f2f8f9000-7f6f2f8fa000 ---p 00000000 00:00 0 
7f6f2f8fa000-7f6f30000000 rw-p 00000000 00:00 0                          [stack:10980]
7f6f30000000-7f6f30021000 rw-p 00000000 00:00 0 
7f6f30021000-7f6f34000000 ---p 00000000 00:00 0 
7f6f340a6000-7f6f35000000 rw-p 00000000 00:00 0 
7f6f35000000-7f6f35420000 rwxp 00000000 00:00 0 
7f6f35420000-7f6f384aa000 rw-p 00000000 00:00 0 
7f6f384aa000-7f6f3c000000 ---p 00000000 00:00 0 
7f6f3c0c4000-7f6f3c30f000 rw-p 00000000 00:00 0 
7f6f3c30f000-7f6f3c4c0000 r--s 01d29000 08:01 20587021                   /usr/lib/jvm/java-7-openjdk-amd64/jre/lib/rt.jar
7f6f3c4c0000-7f6f3c5e5000 rw-p 00000000 00:00 0 
7f6f3c5e5000-7f6f3c5e6000 ---p 00000000 00:00 0 
7f6f3c5e6000-7f6f3c6e6000 rw-p 00000000 00:00 0                          [stack:10979]
7f6f3c6e6000-7f6f3c6e7000 ---p 00000000 00:00 0 
7f6f3c6e7000-7f6f3c7e7000 rw-p 00000000 00:00 0                          [stack:10978]
7f6f3c7e7000-7f6f3c7e8000 ---p 00000000 00:00 0 
7f6f3c7e8000-7f6f3c8e8000 rw-p 00000000 00:00 0                          [stack:10977]
7f6f3c8e8000-7f6f3c8e9000 ---p 00000000 00:00 0 
7f6f3c8e9000-7f6f3c9f4000 rw-p 00000000 00:00 0                          [stack:10976]
7f6f3c9f4000-7f6f3ca3c000 rw-p 00000000 00:00 0 
7f6f3ca3c000-7f6f3cb90000 rw-p 00000000 00:00 0 
7f6f3cb90000-7f6f3cf92000 rw-p 00000000 00:00 0 
7f6f3cf92000-7f6f3cf9d000 rw-p 00000000 00:00 0 
7f6f3cf9d000-7f6f3cfe5000 rw-p 00000000 00:00 0 
7f6f3cfe5000-7f6f3d139000 rw-p 00000000 00:00 0 
7f6f3d139000-7f6f3d53a000 rw-p 00000000 00:00 0 
7f6f3d53a000-7f6f3d7a9000 rw-p 00000000 00:00 0 
7f6f3d7a9000-7f6f3d7e5000 rw-p 00000000 00:00 0 
7f6f3d7e5000-7f6f3d7e6000 rw-p 00000000 00:00 0 
7f6f3d7e6000-7f6f3d7ee000 r-xp 00000000 08:01 20587054                   /usr/lib/jvm/java-7-openjdk-amd64/jre/lib/amd64/libzip.so
7f6f3d7ee000-7f6f3d9ed000 ---p 00008000 08:01 20587054                   /usr/lib/jvm/java-7-openjdk-amd64/jre/lib/amd64/libzip.so
7f6f3d9ed000-7f6f3d9ee000 r--p 00007000 08:01 20587054                   /usr/lib/jvm/java-7-openjdk-amd64/jre/lib/amd64/libzip.so
7f6f3d9ee000-7f6f3d9ef000 rw-p 00008000 08:01 20587054                   /usr/lib/jvm/java-7-openjdk-amd64/jre/lib/amd64/libzip.so
7f6f3d9ef000-7f6f3d9fb000 r-xp 00000000 08:01 22024420                   /lib/x86_64-linux-gnu/libnss_files-2.21.so
7f6f3d9fb000-7f6f3dbfa000 ---p 0000c000 08:01 22024420                   /lib/x86_64-linux-gnu/libnss_files-2.21.so
7f6f3dbfa000-7f6f3dbfb000 r--p 0000b000 08:01 22024420                   /lib/x86_64-linux-gnu/libnss_files-2.21.so
7f6f3dbfb000-7f6f3dbfc000 rw-p 0000c000 08:01 22024420                   /lib/x86_64-linux-gnu/libnss_files-2.21.so
7f6f3dbfc000-7f6f3dc07000 r-xp 00000000 08:01 22024430                   /lib/x86_64-linux-gnu/libnss_nis-2.21.so
7f6f3dc07000-7f6f3de06000 ---p 0000b000 08:01 22024430                   /lib/x86_64-linux-gnu/libnss_nis-2.21.so
7f6f3de06000-7f6f3de07000 r--p 0000a000 08:01 22024430                   /lib/x86_64-linux-gnu/libnss_nis-2.21.so
7f6f3de07000-7f6f3de08000 rw-p 0000b000 08:01 22024430                   /lib/x86_64-linux-gnu/libnss_nis-2.21.so
7f6f3de08000-7f6f3de1f000 r-xp 00000000 08:01 22024414                   /lib/x86_64-linux-gnu/libnsl-2.21.so
7f6f3de1f000-7f6f3e01e000 ---p 00017000 08:01 22024414                   /lib/x86_64-linux-gnu/libnsl-2.21.so
7f6f3e01e000-7f6f3e01f000 r--p 00016000 08:01 22024414                   /lib/x86_64-linux-gnu/libnsl-2.21.so
7f6f3e01f000-7f6f3e020000 rw-p 00017000 08:01 22024414                   /lib/x86_64-linux-gnu/libnsl-2.21.so
7f6f3e020000-7f6f3e022000 rw-p 00000000 00:00 0 
7f6f3e022000-7f6f3e02a000 r-xp 00000000 08:01 22024416                   /lib/x86_64-linux-gnu/libnss_compat-2.21.so
7f6f3e02a000-7f6f3e229000 ---p 00008000 08:01 22024416                   /lib/x86_64-linux-gnu/libnss_compat-2.21.so
7f6f3e229000-7f6f3e22a000 r--p 00007000 08:01 22024416                   /lib/x86_64-linux-gnu/libnss_compat-2.21.so
7f6f3e22a000-7f6f3e22b000 rw-p 00008000 08:01 22024416                   /lib/x86_64-linux-gnu/libnss_compat-2.21.so
7f6f3e22b000-7f6f3e235000 r-xp 00000000 08:01 20587084                   /usr/lib/jvm/java-7-openjdk-amd64/jre/lib/amd64/libinstrument.so
7f6f3e235000-7f6f3e434000 ---p 0000a000 08:01 20587084                   /usr/lib/jvm/java-7-openjdk-amd64/jre/lib/amd64/libinstrument.so
7f6f3e434000-7f6f3e435000 r--p 00009000 08:01 20587084                   /usr/lib/jvm/java-7-openjdk-amd64/jre/lib/amd64/libinstrument.so
7f6f3e435000-7f6f3e436000 rw-p 0000a000 08:01 20587084                   /usr/lib/jvm/java-7-openjdk-amd64/jre/lib/amd64/libinstrument.so
7f6f3e436000-7f6f3e463000 r-xp 00000000 08:01 20587091                   /usr/lib/jvm/java-7-openjdk-amd64/jre/lib/amd64/libjava.so
7f6f3e463000-7f6f3e662000 ---p 0002d000 08:01 20587091                   /usr/lib/jvm/java-7-openjdk-amd64/jre/lib/amd64/libjava.so
7f6f3e662000-7f6f3e663000 r--p 0002c000 08:01 20587091                   /usr/lib/jvm/java-7-openjdk-amd64/jre/lib/amd64/libjava.so
7f6f3e663000-7f6f3e665000 rw-p 0002d000 08:01 20587091                   /usr/lib/jvm/java-7-openjdk-amd64/jre/lib/amd64/libjava.so
7f6f3e665000-7f6f3e674000 r-xp 00000000 08:01 20587072                   /usr/lib/jvm/java-7-openjdk-amd64/jre/lib/amd64/libverify.so
7f6f3e674000-7f6f3e873000 ---p 0000f000 08:01 20587072                   /usr/lib/jvm/java-7-openjdk-amd64/jre/lib/amd64/libverify.so
7f6f3e873000-7f6f3e876000 r--p 0000e000 08:01 20587072                   /usr/lib/jvm/java-7-openjdk-amd64/jre/lib/amd64/libverify.so
7f6f3e876000-7f6f3e877000 rw-p 00011000 08:01 20587072                   /usr/lib/jvm/java-7-openjdk-amd64/jre/lib/amd64/libverify.so
7f6f3e877000-7f6f3e87e000 r-xp 00000000 08:01 22024475                   /lib/x86_64-linux-gnu/librt-2.21.so
7f6f3e87e000-7f6f3ea7d000 ---p 00007000 08:01 22024475                   /lib/x86_64-linux-gnu/librt-2.21.so
7f6f3ea7d000-7f6f3ea7e000 r--p 00006000 08:01 22024475                   /lib/x86_64-linux-gnu/librt-2.21.so
7f6f3ea7e000-7f6f3ea7f000 rw-p 00007000 08:01 22024475                   /lib/x86_64-linux-gnu/librt-2.21.so
7f6f3ea7f000-7f6f3ea95000 r-xp 00000000 08:01 22024363                   /lib/x86_64-linux-gnu/libgcc_s.so.1
7f6f3ea95000-7f6f3ec94000 ---p 00016000 08:01 22024363                   /lib/x86_64-linux-gnu/libgcc_s.so.1
7f6f3ec94000-7f6f3ec95000 rw-p 00015000 08:01 22024363                   /lib/x86_64-linux-gnu/libgcc_s.so.1
7f6f3ec95000-7f6f3ed9c000 r-xp 00000000 08:01 22024393                   /lib/x86_64-linux-gnu/libm-2.21.so
7f6f3ed9c000-7f6f3ef9b000 ---p 00107000 08:01 22024393                   /lib/x86_64-linux-gnu/libm-2.21.so
7f6f3ef9b000-7f6f3ef9c000 r--p 00106000 08:01 22024393                   /lib/x86_64-linux-gnu/libm-2.21.so
7f6f3ef9c000-7f6f3ef9d000 rw-p 00107000 08:01 22024393                   /lib/x86_64-linux-gnu/libm-2.21.so
7f6f3ef9d000-7f6f3f08d000 r-xp 00000000 08:01 20456311                   /usr/lib/x86_64-linux-gnu/libstdc++.so.6.0.20
7f6f3f08d000-7f6f3f28d000 ---p 000f0000 08:01 20456311                   /usr/lib/x86_64-linux-gnu/libstdc++.so.6.0.20
7f6f3f28d000-7f6f3f295000 r--p 000f0000 08:01 20456311                   /usr/lib/x86_64-linux-gnu/libstdc++.so.6.0.20
7f6f3f295000-7f6f3f297000 rw-p 000f8000 08:01 20456311                   /usr/lib/x86_64-linux-gnu/libstdc++.so.6.0.20
7f6f3f297000-7f6f3f2ac000 rw-p 00000000 00:00 0 
7f6f3f2ac000-7f6f3fe04000 r-xp 00000000 08:01 20587060                   /usr/lib/jvm/java-7-openjdk-amd64/jre/lib/amd64/server/libjvm.so
7f6f3fe04000-7f6f40003000 ---p 00b58000 08:01 20587060                   /usr/lib/jvm/java-7-openjdk-amd64/jre/lib/amd64/server/libjvm.so
7f6f40003000-7f6f400a2000 r--p 00b57000 08:01 20587060                   /usr/lib/jvm/java-7-openjdk-amd64/jre/lib/amd64/server/libjvm.so
7f6f400a2000-7f6f400c5000 rw-p 00bf6000 08:01 20587060                   /usr/lib/jvm/java-7-openjdk-amd64/jre/lib/amd64/server/libjvm.so
7f6f400c5000-7f6f400f2000 rw-p 00000000 00:00 0 
7f6f400f2000-7f6f4010b000 r-xp 00000000 08:01 22024508                   /lib/x86_64-linux-gnu/libz.so.1.2.8
7f6f4010b000-7f6f4030b000 ---p 00019000 08:01 22024508                   /lib/x86_64-linux-gnu/libz.so.1.2.8
7f6f4030b000-7f6f4030c000 r--p 00019000 08:01 22024508                   /lib/x86_64-linux-gnu/libz.so.1.2.8
7f6f4030c000-7f6f4030d000 rw-p 0001a000 08:01 22024508                   /lib/x86_64-linux-gnu/libz.so.1.2.8
7f6f4030d000-7f6f40325000 r-xp 00000000 08:01 22024467                   /lib/x86_64-linux-gnu/libpthread-2.21.so
7f6f40325000-7f6f40525000 ---p 00018000 08:01 22024467                   /lib/x86_64-linux-gnu/libpthread-2.21.so
7f6f40525000-7f6f40526000 r--p 00018000 08:01 22024467                   /lib/x86_64-linux-gnu/libpthread-2.21.so
7f6f40526000-7f6f40527000 rw-p 00019000 08:01 22024467                   /lib/x86_64-linux-gnu/libpthread-2.21.so
7f6f40527000-7f6f4052b000 rw-p 00000000 00:00 0 
7f6f4052b000-7f6f4052e000 r-xp 00000000 08:01 22024351                   /lib/x86_64-linux-gnu/libdl-2.21.so
7f6f4052e000-7f6f4072d000 ---p 00003000 08:01 22024351                   /lib/x86_64-linux-gnu/libdl-2.21.so
7f6f4072d000-7f6f4072e000 r--p 00002000 08:01 22024351                   /lib/x86_64-linux-gnu/libdl-2.21.so
7f6f4072e000-7f6f4072f000 rw-p 00003000 08:01 22024351                   /lib/x86_64-linux-gnu/libdl-2.21.so
7f6f4072f000-7f6f408ef000 r-xp 00000000 08:01 22024334                   /lib/x86_64-linux-gnu/libc-2.21.so
7f6f408ef000-7f6f40aef000 ---p 001c0000 08:01 22024334                   /lib/x86_64-linux-gnu/libc-2.21.so
7f6f40aef000-7f6f40af3000 r--p 001c0000 08:01 22024334                   /lib/x86_64-linux-gnu/libc-2.21.so
7f6f40af3000-7f6f40af5000 rw-p 001c4000 08:01 22024334                   /lib/x86_64-linux-gnu/libc-2.21.so
7f6f40af5000-7f6f40af9000 rw-p 00000000 00:00 0 
7f6f40af9000-7f6f40b06000 r-xp 00000000 08:01 20587057                   /usr/lib/jvm/java-7-openjdk-amd64/jre/lib/amd64/jli/libjli.so
7f6f40b06000-7f6f40d05000 ---p 0000d000 08:01 20587057                   /usr/lib/jvm/java-7-openjdk-amd64/jre/lib/amd64/jli/libjli.so
7f6f40d05000-7f6f40d06000 r--p 0000c000 08:01 20587057                   /usr/lib/jvm/java-7-openjdk-amd64/jre/lib/amd64/jli/libjli.so
7f6f40d06000-7f6f40d07000 rw-p 0000d000 08:01 20587057                   /usr/lib/jvm/java-7-openjdk-amd64/jre/lib/amd64/jli/libjli.so
7f6f40d07000-7f6f40d2b000 r-xp 00000000 08:01 22024306                   /lib/x86_64-linux-gnu/ld-2.21.so
7f6f40d33000-7f6f40d34000 rw-p 00000000 00:00 0 
7f6f40d34000-7f6f40d43000 r--s 000dd000 08:01 21636737                   /home/sharan/Android/Sdk/build-tools/21.1.2/lib/dx.jar
7f6f40d43000-7f6f40d54000 rw-p 00000000 00:00 0 
7f6f40d54000-7f6f40e03000 rw-p 00000000 00:00 0 
7f6f40e03000-7f6f40e06000 ---p 00000000 00:00 0 
7f6f40e06000-7f6f40f09000 rw-p 00000000 00:00 0                          [stack:10975]
7f6f40f09000-7f6f40f0a000 r--s 00000000 08:01 20979860                   /usr/share/java/jayatanaag.jar
7f6f40f0a000-7f6f40f0e000 r--s 00034000 08:01 20587040                   /usr/lib/jvm/java-7-openjdk-amd64/jre/lib/ext/sunjce_provider.jar
7f6f40f0e000-7f6f40f12000 r--s 0003c000 08:01 20587041                   /usr/lib/jvm/java-7-openjdk-amd64/jre/lib/ext/sunpkcs11.jar
7f6f40f12000-7f6f40f15000 r--s 0000f000 08:01 20587042                   /usr/lib/jvm/java-7-openjdk-amd64/jre/lib/ext/icedtea-sound.jar
7f6f40f15000-7f6f40f19000 r--s 00085000 08:01 20587038                   /usr/lib/jvm/java-7-openjdk-amd64/jre/lib/ext/localedata.jar
7f6f40f19000-7f6f40f1b000 r--s 00012000 08:01 20587043                   /usr/lib/jvm/java-7-openjdk-amd64/jre/lib/ext/zipfs.jar
7f6f40f1b000-7f6f40f1d000 r--s 00006000 08:01 20971724                   /usr/share/java/java-atk-wrapper.jar
7f6f40f1d000-7f6f40f1e000 r--s 00002000 08:01 20587039                   /usr/lib/jvm/java-7-openjdk-amd64/jre/lib/ext/dnsns.jar
7f6f40f1e000-7f6f40f26000 rw-s 00000000 08:01 3016138                    /tmp/hsperfdata_sharan/10970
7f6f40f26000-7f6f40f27000 rw-p 00000000 00:00 0 
7f6f40f27000-7f6f40f28000 ---p 00000000 00:00 0 
7f6f40f28000-7f6f40f2a000 rw-p 00000000 00:00 0 
7f6f40f2a000-7f6f40f2b000 r--p 00023000 08:01 22024306                   /lib/x86_64-linux-gnu/ld-2.21.so
7f6f40f2b000-7f6f40f2c000 rw-p 00024000 08:01 22024306                   /lib/x86_64-linux-gnu/ld-2.21.so
7f6f40f2c000-7f6f40f2d000 rw-p 00000000 00:00 0 
7fff98774000-7fff98795000 rw-p 00000000 00:00 0                          [stack]
7fff987fa000-7fff987fc000 r--p 00000000 00:00 0                          [vvar]
7fff987fc000-7fff987fe000 r-xp 00000000 00:00 0                          [vdso]
ffffffffff600000-ffffffffff601000 r-xp 00000000 00:00 0                  [vsyscall]

VM Arguments:
jvm_args: -javaagent:/usr/share/java/jayatanaag.jar -Xmx4g -Dfile.encoding=UTF-8 -Duser.country=IN -Duser.language=en -Duser.variant 
java_command: com.android.dx.command.Main --dex --force-jumbo --multi-dex --main-dex-list /home/sharan/AndroidStudioProjects/Muser/muser/build/intermediates/multi-dex/debug/maindexlist.txt --output /home/sharan/AndroidStudioProjects/Muser/muser/build/intermediates/dex/debug /home/sharan/AndroidStudioProjects/Muser/muser/build/intermediates/multi-dex/debug/allclasses.jar
Launcher Type: SUN_STANDARD

Environment Variables:
JAVA_HOME=/usr/lib/jvm/java-8-oracle
JAVA_TOOL_OPTIONS=-javaagent:/usr/share/java/jayatanaag.jar 
PATH=/usr/local/sbin:/usr/local/bin:/usr/sbin:/usr/bin:/sbin:/bin:/usr/games:/usr/local/games:/usr/lib/jvm/java-8-oracle/bin:/usr/lib/jvm/java-8-oracle/db/bin:/usr/lib/jvm/java-8-oracle/jre/bin
LD_LIBRARY_PATH=/opt/android-studio/bin:
SHELL=/bin/bash
DISPLAY=:0

Signal Handlers:
SIGSEGV: [libjvm.so+0x98ac50], sa_mask[0]=0x7ffbfeff, sa_flags=0x10000004
SIGBUS: [libjvm.so+0x98ac50], sa_mask[0]=0x7ffbfeff, sa_flags=0x10000004
SIGFPE: [libjvm.so+0x7f8ab0], sa_mask[0]=0x7ffbfeff, sa_flags=0x10000004
SIGPIPE: [libjvm.so+0x7f8ab0], sa_mask[0]=0x7ffbfeff, sa_flags=0x10000004
SIGXFSZ: [libjvm.so+0x7f8ab0], sa_mask[0]=0x7ffbfeff, sa_flags=0x10000004
SIGILL: [libjvm.so+0x7f8ab0], sa_mask[0]=0x7ffbfeff, sa_flags=0x10000004
SIGUSR1: SIG_DFL, sa_mask[0]=0x00000000, sa_flags=0x00000000
SIGUSR2: [libjvm.so+0x7f8930], sa_mask[0]=0x00000004, sa_flags=0x10000004
SIGHUP: [libjvm.so+0x7f8b30], sa_mask[0]=0x7ffbfeff, sa_flags=0x10000004
SIGINT: [libjvm.so+0x7f8b30], sa_mask[0]=0x7ffbfeff, sa_flags=0x10000004
SIGTERM: [libjvm.so+0x7f8b30], sa_mask[0]=0x7ffbfeff, sa_flags=0x10000004
SIGQUIT: [libjvm.so+0x7f8b30], sa_mask[0]=0x7ffbfeff, sa_flags=0x10000004
SIGTRAP: SIG_DFL, sa_mask[0]=0x00000000, sa_flags=0x00000000


---------------  S Y S T E M  ---------------

OS:Ubuntu 15.04 (vivid)
uname:Linux 3.19.0-26-generic #28-Ubuntu SMP Tue Aug 11 14:16:32 UTC 2015 x86_64
libc:glibc 2.21 NPTL 2.21 
rlimit: STACK 8192k, CORE 0k, NPROC 31366, NOFILE 65536, AS infinity
load average:3.91 3.31 2.47

/proc/meminfo:
MemTotal:        8052020 kB
MemFree:          122472 kB
MemAvailable:      82472 kB
Buffers:             452 kB
Cached:          1390724 kB
SwapCached:            0 kB
Active:          6478012 kB
Inactive:        1265808 kB
Active(anon):    6462100 kB
Inactive(anon):  1240872 kB
Active(file):      15912 kB
Inactive(file):    24936 kB
Unevictable:          32 kB
Mlocked:              32 kB
SwapTotal:             0 kB
SwapFree:              0 kB
Dirty:               148 kB
Writeback:             0 kB
AnonPages:       6353232 kB
Mapped:           594260 kB
Shmem:           1350060 kB
Slab:              86396 kB
SReclaimable:      48092 kB
SUnreclaim:        38304 kB
KernelStack:       10912 kB
PageTables:        46776 kB
NFS_Unstable:          0 kB
Bounce:                0 kB
WritebackTmp:          0 kB
CommitLimit:     4026008 kB
Committed_AS:   13206256 kB
VmallocTotal:   34359738367 kB
VmallocUsed:      359932 kB
VmallocChunk:   34359286872 kB
HardwareCorrupted:     0 kB
AnonHugePages:   4573184 kB
CmaTotal:              0 kB
CmaFree:               0 kB
HugePages_Total:       0
HugePages_Free:        0
HugePages_Rsvd:        0
HugePages_Surp:        0
Hugepagesize:       2048 kB
DirectMap4k:      175164 kB
DirectMap2M:     7041024 kB
DirectMap1G:     1048576 kB


CPU:total 4 (2 cores per cpu, 2 threads per core) family 6 model 60 stepping 3, cmov, cx8, fxsr, mmx, sse, sse2, sse3, ssse3, sse4.1, sse4.2, popcnt, avx, avx2, aes, erms, ht, tsc, tscinvbit

/proc/cpuinfo:
processor	: 0
vendor_id	: GenuineIntel
cpu family	: 6
model		: 60
model name	: Intel(R) Core(TM) i3-4150 CPU @ 3.50GHz
stepping	: 3
microcode	: 0x12
cpu MHz		: 3500.000
cache size	: 3072 KB
physical id	: 0
siblings	: 4
core id		: 0
cpu cores	: 2
apicid		: 0
initial apicid	: 0
fpu		: yes
fpu_exception	: yes
cpuid level	: 13
wp		: yes
flags		: fpu vme de pse tsc msr pae mce cx8 apic sep mtrr pge mca cmov pat pse36 clflush dts acpi mmx fxsr sse sse2 ss ht tm pbe syscall nx pdpe1gb rdtscp lm constant_tsc arch_perfmon pebs bts rep_good nopl xtopology nonstop_tsc aperfmperf eagerfpu pni pclmulqdq dtes64 monitor ds_cpl vmx est tm2 ssse3 fma cx16 xtpr pdcm pcid sse4_1 sse4_2 movbe popcnt tsc_deadline_timer aes xsave avx f16c rdrand lahf_lm abm arat pln pts dtherm tpr_shadow vnmi flexpriority ept vpid fsgsbase tsc_adjust bmi1 avx2 smep bmi2 erms invpcid xsaveopt
bugs		:
bogomips	: 6983.79
clflush size	: 64
cache_alignment	: 64
address sizes	: 39 bits physical, 48 bits virtual
power management:

processor	: 1
vendor_id	: GenuineIntel
cpu family	: 6
model		: 60
model name	: Intel(R) Core(TM) i3-4150 CPU @ 3.50GHz
stepping	: 3
microcode	: 0x12
cpu MHz		: 3499.589
cache size	: 3072 KB
physical id	: 0
siblings	: 4
core id		: 1
cpu cores	: 2
apicid		: 2
initial apicid	: 2
fpu		: yes
fpu_exception	: yes
cpuid level	: 13
wp		: yes
flags		: fpu vme de pse tsc msr pae mce cx8 apic sep mtrr pge mca cmov pat pse36 clflush dts acpi mmx fxsr sse sse2 ss ht tm pbe syscall nx pdpe1gb rdtscp lm constant_tsc arch_perfmon pebs bts rep_good nopl xtopology nonstop_tsc aperfmperf eagerfpu pni pclmulqdq dtes64 monitor ds_cpl vmx est tm2 ssse3 fma cx16 xtpr pdcm pcid sse4_1 sse4_2 movbe popcnt tsc_deadline_timer aes xsave avx f16c rdrand lahf_lm abm arat pln pts dtherm tpr_shadow vnmi flexpriority ept vpid fsgsbase tsc_adjust bmi1 avx2 smep bmi2 erms invpcid xsaveopt
bugs		:
bogomips	: 6983.79
clflush size	: 64
cache_alignment	: 64
address sizes	: 39 bits physical, 48 bits virtual
power management:

processor	: 2
vendor_id	: GenuineIntel
cpu family	: 6
model		: 60
model name	: Intel(R) Core(TM) i3-4150 CPU @ 3.50GHz
stepping	: 3
microcode	: 0x12
cpu MHz		: 3500.000
cache size	: 3072 KB
physical id	: 0
siblings	: 4
core id		: 0
cpu cores	: 2
apicid		: 1
initial apicid	: 1
fpu		: yes
fpu_exception	: yes
cpuid level	: 13
wp		: yes
flags		: fpu vme de pse tsc msr pae mce cx8 apic sep mtrr pge mca cmov pat pse36 clflush dts acpi mmx fxsr sse sse2 ss ht tm pbe syscall nx pdpe1gb rdtscp lm constant_tsc arch_perfmon pebs bts rep_good nopl xtopology nonstop_tsc aperfmperf eagerfpu pni pclmulqdq dtes64 monitor ds_cpl vmx est tm2 ssse3 fma cx16 xtpr pdcm pcid sse4_1 sse4_2 movbe popcnt tsc_deadline_timer aes xsave avx f16c rdrand lahf_lm abm arat pln pts dtherm tpr_shadow vnmi flexpriority ept vpid fsgsbase tsc_adjust bmi1 avx2 smep bmi2 erms invpcid xsaveopt
bugs		:
bogomips	: 6983.79
clflush size	: 64
cache_alignment	: 64
address sizes	: 39 bits physical, 48 bits virtual
power management:

processor	: 3
vendor_id	: GenuineIntel
cpu family	: 6
model		: 60
model name	: Intel(R) Core(TM) i3-4150 CPU @ 3.50GHz
stepping	: 3
microcode	: 0x12
cpu MHz		: 3499.863
cache size	: 3072 KB
physical id	: 0
siblings	: 4
core id		: 1
cpu cores	: 2
apicid		: 3
initial apicid	: 3
fpu		: yes
fpu_exception	: yes
cpuid level	: 13
wp		: yes
flags		: fpu vme de pse tsc msr pae mce cx8 apic sep mtrr pge mca cmov pat pse36 clflush dts acpi mmx fxsr sse sse2 ss ht tm pbe syscall nx pdpe1gb rdtscp lm constant_tsc arch_perfmon pebs bts rep_good nopl xtopology nonstop_tsc aperfmperf eagerfpu pni pclmulqdq dtes64 monitor ds_cpl vmx est tm2 ssse3 fma cx16 xtpr pdcm pcid sse4_1 sse4_2 movbe popcnt tsc_deadline_timer aes xsave avx f16c rdrand lahf_lm abm arat pln pts dtherm tpr_shadow vnmi flexpriority ept vpid fsgsbase tsc_adjust bmi1 avx2 smep bmi2 erms invpcid xsaveopt
bugs		:
bogomips	: 6983.79
clflush size	: 64
cache_alignment	: 64
address sizes	: 39 bits physical, 48 bits virtual
power management:



Memory: 4k page, physical 8052020k(122472k free), swap 0k(0k free)

vm_info: OpenJDK 64-Bit Server VM (24.79-b02) for linux-amd64 JRE (1.7.0_79-b14), built on Jul 24 2015 05:24:39 by "buildd" with gcc 4.9.2

time: Tue Nov  3 14:41:49 2015
elapsed time: 32 seconds

