#
# There is insufficient memory for the Java Runtime Environment to continue.
# Native memory allocation (malloc) failed to allocate 306184192 bytes for committing reserved memory.
# Possible reasons:
#   The system is out of physical RAM or swap space
#   In 32 bit mode, the process size limit was hit
# Possible solutions:
#   Reduce memory load on the system
#   Increase physical memory or swap space
#   Check if swap backing store is full
#   Use 64 bit Java on a 64 bit OS
#   Decrease Java heap size (-Xmx/-Xms)
#   Decrease number of Java threads
#   Decrease Java thread stack sizes (-Xss)
#   Set larger code cache with -XX:ReservedCodeCacheSize=
# This output file may be truncated or incomplete.
#
#  Out of Memory Error (os_linux.cpp:2809), pid=3703, tid=140611527390976
#
# JRE version: OpenJDK Runtime Environment (7.0_79-b14) (build 1.7.0_79-b14)
# Java VM: OpenJDK 64-Bit Server VM (24.79-b02 mixed mode linux-amd64 compressed oops)
# Derivative: IcedTea 2.5.6
# Distribution: Ubuntu 15.04, package 7u79-2.5.6-0ubuntu1.15.04.1
# Failed to write core dump. Core dumps have been disabled. To enable core dumping, try "ulimit -c unlimited" before starting Java again
#

---------------  T H R E A D  ---------------

Current thread (0x00007fe2b8076000):  VMThread [stack: 0x00007fe2ac143000,0x00007fe2ac244000] [id=3712]

Stack: [0x00007fe2ac143000,0x00007fe2ac244000],  sp=0x00007fe2ac2424c0,  free space=1021k
Native frames: (J=compiled Java code, j=interpreted, Vv=VM code, C=native code)
V  [libjvm.so+0x98a166]  VMError::report_and_die()+0x186
V  [libjvm.so+0x48f932]  report_vm_out_of_memory(char const*, int, unsigned long, char const*)+0x92
V  [libjvm.so+0x7fd56b]  os::pd_commit_memory(char*, unsigned long, unsigned long, bool)+0xeb
V  [libjvm.so+0x7f7c4e]  os::commit_memory(char*, unsigned long, unsigned long, bool)+0x2e
V  [libjvm.so+0x86a56b]  PSVirtualSpace::expand_by(unsigned long)+0x5b
V  [libjvm.so+0x858d5a]  PSOldGen::expand_by(unsigned long) [clone .part.29]+0x2a
V  [libjvm.so+0x858f10]  PSOldGen::expand(unsigned long) [clone .part.30]+0xc0
V  [libjvm.so+0x859ea8]  PSOldGen::resize(unsigned long)+0x198
V  [libjvm.so+0x861524]  PSParallelCompact::invoke_no_policy(bool) [clone .part.122]+0x994
V  [libjvm.so+0x867e85]  PSScavenge::invoke()+0x1a5
V  [libjvm.so+0x81fb73]  ParallelScavengeHeap::failed_mem_allocate(unsigned long)+0x63
V  [libjvm.so+0x98ba32]  VM_ParallelGCFailedAllocation::doit()+0x92
V  [libjvm.so+0x9902e7]  VM_Operation::evaluate()+0x47
V  [libjvm.so+0x98e8cb]  VMThread::evaluate_operation(VM_Operation*)+0xab
V  [libjvm.so+0x98ef76]  VMThread::loop()+0x1e6
V  [libjvm.so+0x98f441]  VMThread::run()+0x81
V  [libjvm.so+0x7fa492]  java_start(Thread*)+0xf2

VM_Operation (0x00007fe2c19dc000): ParallelGCFailedAllocation, mode: safepoint, requested by thread 0x00007fe2b800a000


---------------  P R O C E S S  ---------------

Java Threads: ( => current thread )
  0x00007fe2b80b1000 JavaThread "Service Thread" daemon [_thread_blocked, id=3718, stack(0x00007fe297419000,0x00007fe29751a000)]
  0x00007fe2b80ae800 JavaThread "C2 CompilerThread1" daemon [_thread_blocked, id=3717, stack(0x00007fe29751a000,0x00007fe29761b000)]
  0x00007fe2b80ab800 JavaThread "C2 CompilerThread0" daemon [_thread_blocked, id=3716, stack(0x00007fe29761b000,0x00007fe29771c000)]
  0x00007fe2b80a9800 JavaThread "Signal Dispatcher" daemon [_thread_blocked, id=3715, stack(0x00007fe29771c000,0x00007fe29781d000)]
  0x00007fe2b807c800 JavaThread "Finalizer" daemon [_thread_blocked, id=3714, stack(0x00007fe297eff000,0x00007fe298000000)]
  0x00007fe2b807a800 JavaThread "Reference Handler" daemon [_thread_blocked, id=3713, stack(0x00007fe2ac042000,0x00007fe2ac143000)]
  0x00007fe2b800a000 JavaThread "main" [_thread_blocked, id=3705, stack(0x00007fe2c18dd000,0x00007fe2c19de000)]

Other Threads:
=>0x00007fe2b8076000 VMThread [stack: 0x00007fe2ac143000,0x00007fe2ac244000] [id=3712]
  0x00007fe2b80bb800 WatcherThread [stack: 0x00007fe297318000,0x00007fe297419000] [id=3719]

VM state:at safepoint (normal execution)

VM Mutex/Monitor currently owned by a thread:  ([mutex/lock_event])
[0x00007fe2b80062b0] ExpandHeap_lock - owner thread: 0x00007fe2b8076000
[0x00007fe2b8006930] Threads_lock - owner thread: 0x00007fe2b8076000
[0x00007fe2b8006e30] Heap_lock - owner thread: 0x00007fe2b800a000

Heap
 PSYoungGen      total 1120768K, used 47580K [0x00000007aaa80000, 0x0000000800000000, 0x0000000800000000)
  eden space 847360K, 0% used [0x00000007aaa80000,0x00000007aaa80000,0x00000007de600000)
  from space 273408K, 17% used [0x00000007ef500000,0x00000007f23772f0,0x0000000800000000)
  to   space 275456K, 0% used [0x00000007de600000,0x00000007de600000,0x00000007ef300000)
 ParOldGen       total 670208K, used 669765K [0x0000000700000000, 0x0000000728e80000, 0x00000007aaa80000)
  object space 670208K, 99% used [0x0000000700000000,0x0000000728e114c0,0x0000000728e80000)
 PSPermGen       total 21504K, used 6324K [0x00000006f5a00000, 0x00000006f6f00000, 0x0000000700000000)
  object space 21504K, 29% used [0x00000006f5a00000,0x00000006f602d020,0x00000006f6f00000)

Card table byte_map: [0x00007fe2bdc77000,0x00007fe2be4cb000] byte_map_base: 0x00007fe2ba4ca000

Polling page: 0x00007fe2c1a01000

Code Cache  [0x00007fe2b5000000, 0x00007fe2b5420000, 0x00007fe2b8000000)
 total_blobs=1378 nmethods=1150 adapters=181 free_code_cache=45059Kb largest_free_block=46063872

Compilation events (10 events):
Event: 22.952 Thread 0x00007fe2b80ab800 nmethod 1194 0x00007fe2b5302a90 code [0x00007fe2b5302c00, 0x00007fe2b5302e78]
Event: 23.050 Thread 0x00007fe2b80ae800 nmethod 1192 0x00007fe2b5405810 code [0x00007fe2b5405c40, 0x00007fe2b5409050]
Event: 23.486 Thread 0x00007fe2b80ab800 1195             com.android.dx.ssa.DomFront$DomInfo::<init> (10 bytes)
Event: 23.486 Thread 0x00007fe2b80ab800 nmethod 1195 0x00007fe2b53aa9d0 code [0x00007fe2b53aab00, 0x00007fe2b53aab58]
Event: 23.500 Thread 0x00007fe2b80ab800 1196 %           com.android.dx.ssa.SsaConverter::placePhiFunctions @ 131 (394 bytes)
Event: 23.564 Thread 0x00007fe2b80ae800 1197             com.android.dx.rop.code.DexTranslationAdvice::hasConstantOperation (163 bytes)
Event: 23.567 Thread 0x00007fe2b80ae800 nmethod 1197 0x00007fe2b51bbdd0 code [0x00007fe2b51bbf40, 0x00007fe2b51bc158]
Event: 23.582 Thread 0x00007fe2b80ab800 nmethod 1196% 0x00007fe2b540c4d0 code [0x00007fe2b540c8c0, 0x00007fe2b540efa0]
Event: 24.848 Thread 0x00007fe2b80ae800 1198             com.android.dx.ssa.back.FirstFitLocalCombiningAllocator::handleUnassociatedParameters (60 bytes)
Event: 24.856 Thread 0x00007fe2b80ae800 nmethod 1198 0x00007fe2b533cd50 code [0x00007fe2b533cf40, 0x00007fe2b533d708]

GC Heap History (10 events):
Event: 17.775 GC heap after
Heap after GC invocations=16 (full 3):
 PSYoungGen      total 748032K, used 161260K [0x00000007aaa80000, 0x00000007f0600000, 0x0000000800000000)
  eden space 586752K, 0% used [0x00000007aaa80000,0x00000007aaa80000,0x00000007ce780000)
  from space 161280K, 99% used [0x00000007ce780000,0x00000007d84fb2c8,0x00000007d8500000)
  to   space 203776K, 0% used [0x00000007e3f00000,0x00000007e3f00000,0x00000007f0600000)
 ParOldGen       total 441856K, used 351344K [0x0000000700000000, 0x000000071af80000, 0x00000007aaa80000)
  object space 441856K, 79% used [0x0000000700000000,0x000000071571c228,0x000000071af80000)
 PSPermGen       total 21504K, used 6315K [0x00000006f5a00000, 0x00000006f6f00000, 0x0000000700000000)
  object space 21504K, 29% used [0x00000006f5a00000,0x00000006f602adb8,0x00000006f6f00000)
}
Event: 18.959 GC heap before
{Heap before GC invocations=17 (full 3):
 PSYoungGen      total 748032K, used 748012K [0x00000007aaa80000, 0x00000007f0600000, 0x0000000800000000)
  eden space 586752K, 100% used [0x00000007aaa80000,0x00000007ce780000,0x00000007ce780000)
  from space 161280K, 99% used [0x00000007ce780000,0x00000007d84fb2c8,0x00000007d8500000)
  to   space 203776K, 0% used [0x00000007e3f00000,0x00000007e3f00000,0x00000007f0600000)
 ParOldGen       total 441856K, used 351344K [0x0000000700000000, 0x000000071af80000, 0x00000007aaa80000)
  object space 441856K, 79% used [0x0000000700000000,0x000000071571c228,0x000000071af80000)
 PSPermGen       total 21504K, used 6318K [0x00000006f5a00000, 0x00000006f6f00000, 0x0000000700000000)
  object space 21504K, 29% used [0x00000006f5a00000,0x00000006f602b858,0x00000006f6f00000)
Event: 19.318 GC heap after
Heap after GC invocations=17 (full 3):
 PSYoungGen      total 916480K, used 168070K [0x00000007aaa80000, 0x00000007f3c80000, 0x0000000800000000)
  eden space 712704K, 0% used [0x00000007aaa80000,0x00000007aaa80000,0x00000007d6280000)
  from space 203776K, 82% used [0x00000007e3f00000,0x00000007ee321928,0x00000007f0600000)
  to   space 225792K, 0% used [0x00000007d6280000,0x00000007d6280000,0x00000007e3f00000)
 ParOldGen       total 443392K, used 443357K [0x0000000700000000, 0x000000071b100000, 0x00000007aaa80000)
  object space 443392K, 99% used [0x0000000700000000,0x000000071b0f7730,0x000000071b100000)
 PSPermGen       total 21504K, used 6318K [0x00000006f5a00000, 0x00000006f6f00000, 0x0000000700000000)
  object space 21504K, 29% used [0x00000006f5a00000,0x00000006f602b858,0x00000006f6f00000)
}
Event: 19.318 GC heap before
{Heap before GC invocations=18 (full 4):
 PSYoungGen      total 916480K, used 168070K [0x00000007aaa80000, 0x00000007f3c80000, 0x0000000800000000)
  eden space 712704K, 0% used [0x00000007aaa80000,0x00000007aaa80000,0x00000007d6280000)
  from space 203776K, 82% used [0x00000007e3f00000,0x00000007ee321928,0x00000007f0600000)
  to   space 225792K, 0% used [0x00000007d6280000,0x00000007d6280000,0x00000007e3f00000)
 ParOldGen       total 443392K, used 443357K [0x0000000700000000, 0x000000071b100000, 0x00000007aaa80000)
  object space 443392K, 99% used [0x0000000700000000,0x000000071b0f7730,0x000000071b100000)
 PSPermGen       total 21504K, used 6318K [0x00000006f5a00000, 0x00000006f6f00000, 0x0000000700000000)
  object space 21504K, 29% used [0x00000006f5a00000,0x00000006f602b858,0x00000006f6f00000)
Event: 21.369 GC heap after
Heap after GC invocations=18 (full 4):
 PSYoungGen      total 916480K, used 162041K [0x00000007aaa80000, 0x00000007f3c80000, 0x0000000800000000)
  eden space 712704K, 0% used [0x00000007aaa80000,0x00000007aaa80000,0x00000007d6280000)
  from space 203776K, 79% used [0x00000007e3f00000,0x00000007edd3e460,0x00000007f0600000)
  to   space 225792K, 0% used [0x00000007d6280000,0x00000007d6280000,0x00000007e3f00000)
 ParOldGen       total 670208K, used 442999K [0x0000000700000000, 0x0000000728e80000, 0x00000007aaa80000)
  object space 670208K, 66% used [0x0000000700000000,0x000000071b09de48,0x0000000728e80000)
 PSPermGen       total 21504K, used 6317K [0x00000006f5a00000, 0x00000006f6f00000, 0x0000000700000000)
  object space 21504K, 29% used [0x00000006f5a00000,0x00000006f602b7d8,0x00000006f6f00000)
}
Event: 23.057 GC heap before
{Heap before GC invocations=19 (full 4):
 PSYoungGen      total 916480K, used 874745K [0x00000007aaa80000, 0x00000007f3c80000, 0x0000000800000000)
  eden space 712704K, 100% used [0x00000007aaa80000,0x00000007d6280000,0x00000007d6280000)
  from space 203776K, 79% used [0x00000007e3f00000,0x00000007edd3e460,0x00000007f0600000)
  to   space 225792K, 0% used [0x00000007d6280000,0x00000007d6280000,0x00000007e3f00000)
 ParOldGen       total 670208K, used 442999K [0x0000000700000000, 0x0000000728e80000, 0x00000007aaa80000)
  object space 670208K, 66% used [0x0000000700000000,0x000000071b09de48,0x0000000728e80000)
 PSPermGen       total 21504K, used 6321K [0x00000006f5a00000, 0x00000006f6f00000, 0x0000000700000000)
  object space 21504K, 29% used [0x00000006f5a00000,0x00000006f602c720,0x00000006f6f00000)
Event: 23.460 GC heap after
Heap after GC invocations=19 (full 4):
 PSYoungGen      total 938496K, used 225768K [0x00000007aaa80000, 0x0000000800000000, 0x0000000800000000)
  eden space 712704K, 0% used [0x00000007aaa80000,0x00000007aaa80000,0x00000007d6280000)
  from space 225792K, 99% used [0x00000007d6280000,0x00000007e3efa058,0x00000007e3f00000)
  to   space 273408K, 0% used [0x00000007ef500000,0x00000007ef500000,0x0000000800000000)
 ParOldGen       total 670208K, used 468021K [0x0000000700000000, 0x0000000728e80000, 0x00000007aaa80000)
  object space 670208K, 69% used [0x0000000700000000,0x000000071c90d6f8,0x0000000728e80000)
 PSPermGen       total 21504K, used 6321K [0x00000006f5a00000, 0x00000006f6f00000, 0x0000000700000000)
  object space 21504K, 29% used [0x00000006f5a00000,0x00000006f602c720,0x00000006f6f00000)
}
Event: 25.214 GC heap before
{Heap before GC invocations=20 (full 4):
 PSYoungGen      total 938496K, used 938472K [0x00000007aaa80000, 0x0000000800000000, 0x0000000800000000)
  eden space 712704K, 100% used [0x00000007aaa80000,0x00000007d6280000,0x00000007d6280000)
  from space 225792K, 99% used [0x00000007d6280000,0x00000007e3efa058,0x00000007e3f00000)
  to   space 273408K, 0% used [0x00000007ef500000,0x00000007ef500000,0x0000000800000000)
 ParOldGen       total 670208K, used 468021K [0x0000000700000000, 0x0000000728e80000, 0x00000007aaa80000)
  object space 670208K, 69% used [0x0000000700000000,0x000000071c90d6f8,0x0000000728e80000)
 PSPermGen       total 21504K, used 6324K [0x00000006f5a00000, 0x00000006f6f00000, 0x0000000700000000)
  object space 21504K, 29% used [0x00000006f5a00000,0x00000006f602d100,0x00000006f6f00000)
Event: 25.571 GC heap after
Heap after GC invocations=20 (full 4):
 PSYoungGen      total 1120768K, used 152869K [0x00000007aaa80000, 0x0000000800000000, 0x0000000800000000)
  eden space 847360K, 0% used [0x00000007aaa80000,0x00000007aaa80000,0x00000007de600000)
  from space 273408K, 55% used [0x00000007ef500000,0x00000007f8a49638,0x0000000800000000)
  to   space 275456K, 0% used [0x00000007de600000,0x00000007de600000,0x00000007ef300000)
 ParOldGen       total 670208K, used 612953K [0x0000000700000000, 0x0000000728e80000, 0x00000007aaa80000)
  object space 670208K, 91% used [0x0000000700000000,0x00000007256967a0,0x0000000728e80000)
 PSPermGen       total 21504K, used 6324K [0x00000006f5a00000, 0x00000006f6f00000, 0x0000000700000000)
  object space 21504K, 29% used [0x00000006f5a00000,0x00000006f602d100,0x00000006f6f00000)
}
Event: 25.571 GC heap before
{Heap before GC invocations=21 (full 5):
 PSYoungGen      total 1120768K, used 152869K [0x00000007aaa80000, 0x0000000800000000, 0x0000000800000000)
  eden space 847360K, 0% used [0x00000007aaa80000,0x00000007aaa80000,0x00000007de600000)
  from space 273408K, 55% used [0x00000007ef500000,0x00000007f8a49638,0x0000000800000000)
  to   space 275456K, 0% used [0x00000007de600000,0x00000007de600000,0x00000007ef300000)
 ParOldGen       total 670208K, used 612953K [0x0000000700000000, 0x0000000728e80000, 0x00000007aaa80000)
  object space 670208K, 91% used [0x0000000700000000,0x00000007256967a0,0x0000000728e80000)
 PSPermGen       total 21504K, used 6324K [0x00000006f5a00000, 0x00000006f6f00000, 0x0000000700000000)
  object space 21504K, 29% used [0x00000006f5a00000,0x00000006f602d100,0x00000006f6f00000)

Deoptimization events (10 events):
Event: 22.491 Thread 0x00007fe2b800a000 Uncommon trap: reason=class_check action=maybe_recompile pc=0x00007fe2b51c6844 method=com.android.dx.ssa.back.InterferenceGraph.mergeInterferenceSet(ILcom/android/dx/util/IntSet;)V @ 20
Event: 22.491 Thread 0x00007fe2b800a000 Uncommon trap: reason=class_check action=maybe_recompile pc=0x00007fe2b523de44 method=com.android.dx.util.BitIntSet.merge(Lcom/android/dx/util/IntSet;)V @ 1
Event: 22.491 Thread 0x00007fe2b800a000 Uncommon trap: reason=class_check action=maybe_recompile pc=0x00007fe2b522f5a4 method=com.android.dx.ssa.back.InterferenceGraph.mergeInterferenceSet(ILcom/android/dx/util/IntSet;)V @ 20
Event: 22.491 Thread 0x00007fe2b800a000 Uncommon trap: reason=class_check action=maybe_recompile pc=0x00007fe2b523e5c0 method=com.android.dx.ssa.back.InterferenceGraph.mergeInterferenceSet(ILcom/android/dx/util/IntSet;)V @ 20
Event: 22.748 Thread 0x00007fe2b800a000 Uncommon trap: reason=class_check action=maybe_recompile pc=0x00007fe2b50c7434 method=com.android.dx.ssa.SsaConverter.placePhiFunctions(Lcom/android/dx/ssa/SsaMethod;Lcom/android/dx/ssa/LocalVariableInfo;I)V @ 257
Event: 22.814 Thread 0x00007fe2b800a000 Uncommon trap: reason=predicate action=maybe_recompile pc=0x00007fe2b51cc918 method=com.android.dx.ssa.back.InterferenceGraph.<init>(I)V @ 23
Event: 22.836 Thread 0x00007fe2b800a000 Uncommon trap: reason=class_check action=maybe_recompile pc=0x00007fe2b51f0eec method=com.android.dx.ssa.back.InterferenceGraph.mergeInterferenceSet(ILcom/android/dx/util/IntSet;)V @ 20
Event: 23.461 Thread 0x00007fe2b807c800 Uncommon trap: reason=unreached action=reinterpret pc=0x00007fe2b53d489c method=java.lang.ref.Finalizer.remove()V @ 10
Event: 23.461 Thread 0x00007fe2b807c800 Uncommon trap: reason=unreached action=reinterpret pc=0x00007fe2b53d5408 method=java.lang.ref.Finalizer.remove()V @ 10
Event: 23.461 Thread 0x00007fe2b807c800 Uncommon trap: reason=unreached action=reinterpret pc=0x00007fe2b53d405c method=java.lang.ref.Finalizer.remove()V @ 10

Internal exceptions (10 events):
Event: 9.475 Thread 0x00007fe2b800a000 Threw 0x00000007b6113500 at /build/openjdk-7-yI9zWD/openjdk-7-7u79-2.5.6/build/openjdk/hotspot/src/share/vm/prims/jvm.cpp:1284
Event: 9.639 Thread 0x00007fe2b800a000 Implicit null exception at 0x00007fe2b5187154 to 0x00007fe2b51884ad
Event: 9.639 Thread 0x00007fe2b800a000 Implicit null exception at 0x00007fe2b51dc52c to 0x00007fe2b51dc6fd
Event: 9.641 Thread 0x00007fe2b800a000 Implicit null exception at 0x00007fe2b523c2f8 to 0x00007fe2b523c451
Event: 9.807 Thread 0x00007fe2b800a000 Threw 0x00000007bb672d00 at /build/openjdk-7-yI9zWD/openjdk-7-7u79-2.5.6/build/openjdk/hotspot/src/share/vm/prims/jvm.cpp:1284
Event: 12.819 Thread 0x00007fe2b800a000 Implicit null exception at 0x00007fe2b5278e42 to 0x00007fe2b52798fd
Event: 12.819 Thread 0x00007fe2b800a000 Implicit null exception at 0x00007fe2b5302d92 to 0x00007fe2b5302f6d
Event: 13.443 Thread 0x00007fe2b800a000 Threw 0x00000007bcbf55b8 at /build/openjdk-7-yI9zWD/openjdk-7-7u79-2.5.6/build/openjdk/hotspot/src/share/vm/prims/jvm.cpp:1284
Event: 13.448 Thread 0x00007fe2b800a000 Threw 0x00000007bcc3b160 at /build/openjdk-7-yI9zWD/openjdk-7-7u79-2.5.6/build/openjdk/hotspot/src/share/vm/prims/jvm.cpp:1284
Event: 22.107 Thread 0x00007fe2b800a000 Implicit null exception at 0x00007fe2b52b8b8c to 0x00007fe2b52b8c8e

Events (10 events):
Event: 23.460 Thread 0x00007fe2b807c800 Uncommon trap: trap_request=0xffffffad fr.pc=0x00007fe2b53d489c
Event: 23.461 Thread 0x00007fe2b807c800 DEOPT PACKING pc=0x00007fe2b53d489c sp=0x00007fe297ffe9c0
Event: 23.461 Thread 0x00007fe2b807c800 DEOPT UNPACKING pc=0x00007fe2b5039445 sp=0x00007fe297ffe8b8 mode 2
Event: 23.461 Thread 0x00007fe2b807c800 Uncommon trap: trap_request=0xffffffad fr.pc=0x00007fe2b53d5408
Event: 23.461 Thread 0x00007fe2b807c800 DEOPT PACKING pc=0x00007fe2b53d5408 sp=0x00007fe297ffe960
Event: 23.461 Thread 0x00007fe2b807c800 DEOPT UNPACKING pc=0x00007fe2b5039445 sp=0x00007fe297ffe8b8 mode 2
Event: 23.461 Thread 0x00007fe2b807c800 Uncommon trap: trap_request=0xffffffad fr.pc=0x00007fe2b53d405c
Event: 23.461 Thread 0x00007fe2b807c800 DEOPT PACKING pc=0x00007fe2b53d405c sp=0x00007fe297ffe910
Event: 23.461 Thread 0x00007fe2b807c800 DEOPT UNPACKING pc=0x00007fe2b5039445 sp=0x00007fe297ffe8b0 mode 2
Event: 25.214 Executing VM operation: ParallelGCFailedAllocation


Dynamic libraries:
00400000-00401000 r-xp 00000000 08:01 20712222                           /usr/lib/jvm/java-7-openjdk-amd64/jre/bin/java
00600000-00601000 r--p 00000000 08:01 20712222                           /usr/lib/jvm/java-7-openjdk-amd64/jre/bin/java
00601000-00602000 rw-p 00001000 08:01 20712222                           /usr/lib/jvm/java-7-openjdk-amd64/jre/bin/java
00c34000-00c55000 rw-p 00000000 00:00 0                                  [heap]
6f5a00000-6f6f00000 rw-p 00000000 00:00 0 
6f6f00000-700000000 rw-p 00000000 00:00 0 
700000000-728e80000 rw-p 00000000 00:00 0 
73b280000-7aaa80000 rw-p 00000000 00:00 0 
7aaa80000-800000000 rw-p 00000000 00:00 0 
7fe278000000-7fe278021000 rw-p 00000000 00:00 0 
7fe278021000-7fe27c000000 ---p 00000000 00:00 0 
7fe27c000000-7fe27c021000 rw-p 00000000 00:00 0 
7fe27c021000-7fe280000000 ---p 00000000 00:00 0 
7fe280000000-7fe2815d8000 rw-p 00000000 00:00 0 
7fe2815d8000-7fe284000000 ---p 00000000 00:00 0 
7fe284000000-7fe285b99000 rw-p 00000000 00:00 0 
7fe285b99000-7fe288000000 ---p 00000000 00:00 0 
7fe288000000-7fe288021000 rw-p 00000000 00:00 0 
7fe288021000-7fe28c000000 ---p 00000000 00:00 0 
7fe28c000000-7fe28c021000 rw-p 00000000 00:00 0 
7fe28c021000-7fe290000000 ---p 00000000 00:00 0 
7fe290000000-7fe290021000 rw-p 00000000 00:00 0 
7fe290021000-7fe294000000 ---p 00000000 00:00 0 
7fe295786000-7fe295a87000 rw-p 00000000 00:00 0 
7fe295a87000-7fe295af3000 r-xp 00000000 08:01 22020192                   /lib/x86_64-linux-gnu/libpcre.so.3.13.1
7fe295af3000-7fe295cf2000 ---p 0006c000 08:01 22020192                   /lib/x86_64-linux-gnu/libpcre.so.3.13.1
7fe295cf2000-7fe295cf3000 r--p 0006b000 08:01 22020192                   /lib/x86_64-linux-gnu/libpcre.so.3.13.1
7fe295cf3000-7fe295cf4000 rw-p 0006c000 08:01 22020192                   /lib/x86_64-linux-gnu/libpcre.so.3.13.1
7fe295cf4000-7fe295cfb000 r-xp 00000000 08:01 20455638                   /usr/lib/x86_64-linux-gnu/libffi.so.6.0.4
7fe295cfb000-7fe295efa000 ---p 00007000 08:01 20455638                   /usr/lib/x86_64-linux-gnu/libffi.so.6.0.4
7fe295efa000-7fe295efb000 r--p 00006000 08:01 20455638                   /usr/lib/x86_64-linux-gnu/libffi.so.6.0.4
7fe295efb000-7fe295efc000 rw-p 00007000 08:01 20455638                   /usr/lib/x86_64-linux-gnu/libffi.so.6.0.4
7fe295efc000-7fe295f13000 r-xp 00000000 08:01 22024473                   /lib/x86_64-linux-gnu/libresolv-2.21.so
7fe295f13000-7fe296113000 ---p 00017000 08:01 22024473                   /lib/x86_64-linux-gnu/libresolv-2.21.so
7fe296113000-7fe296115000 r--p 00017000 08:01 22024473                   /lib/x86_64-linux-gnu/libresolv-2.21.so
7fe296115000-7fe296116000 rw-p 00019000 08:01 22024473                   /lib/x86_64-linux-gnu/libresolv-2.21.so
7fe296116000-7fe296118000 rw-p 00000000 00:00 0 
7fe296118000-7fe296139000 r-xp 00000000 08:01 22024477                   /lib/x86_64-linux-gnu/libselinux.so.1
7fe296139000-7fe296338000 ---p 00021000 08:01 22024477                   /lib/x86_64-linux-gnu/libselinux.so.1
7fe296338000-7fe296339000 r--p 00020000 08:01 22024477                   /lib/x86_64-linux-gnu/libselinux.so.1
7fe296339000-7fe29633a000 rw-p 00021000 08:01 22024477                   /lib/x86_64-linux-gnu/libselinux.so.1
7fe29633a000-7fe29633c000 rw-p 00000000 00:00 0 
7fe29633c000-7fe29633f000 r-xp 00000000 08:01 20447655                   /usr/lib/x86_64-linux-gnu/libgmodule-2.0.so.0.4400.1
7fe29633f000-7fe29653e000 ---p 00003000 08:01 20447655                   /usr/lib/x86_64-linux-gnu/libgmodule-2.0.so.0.4400.1
7fe29653e000-7fe29653f000 r--p 00002000 08:01 20447655                   /usr/lib/x86_64-linux-gnu/libgmodule-2.0.so.0.4400.1
7fe29653f000-7fe296540000 rw-p 00003000 08:01 20447655                   /usr/lib/x86_64-linux-gnu/libgmodule-2.0.so.0.4400.1
7fe296540000-7fe29664d000 r-xp 00000000 08:01 22024241                   /lib/x86_64-linux-gnu/libglib-2.0.so.0.4400.1
7fe29664d000-7fe29684c000 ---p 0010d000 08:01 22024241                   /lib/x86_64-linux-gnu/libglib-2.0.so.0.4400.1
7fe29684c000-7fe29684d000 r--p 0010c000 08:01 22024241                   /lib/x86_64-linux-gnu/libglib-2.0.so.0.4400.1
7fe29684d000-7fe29684e000 rw-p 0010d000 08:01 22024241                   /lib/x86_64-linux-gnu/libglib-2.0.so.0.4400.1
7fe29684e000-7fe29684f000 rw-p 00000000 00:00 0 
7fe29684f000-7fe29689f000 r-xp 00000000 08:01 20447615                   /usr/lib/x86_64-linux-gnu/libgobject-2.0.so.0.4400.1
7fe29689f000-7fe296a9f000 ---p 00050000 08:01 20447615                   /usr/lib/x86_64-linux-gnu/libgobject-2.0.so.0.4400.1
7fe296a9f000-7fe296aa0000 r--p 00050000 08:01 20447615                   /usr/lib/x86_64-linux-gnu/libgobject-2.0.so.0.4400.1
7fe296aa0000-7fe296aa1000 rw-p 00051000 08:01 20447615                   /usr/lib/x86_64-linux-gnu/libgobject-2.0.so.0.4400.1
7fe296aa1000-7fe296c19000 r-xp 00000000 08:01 20447637                   /usr/lib/x86_64-linux-gnu/libgio-2.0.so.0.4400.1
7fe296c19000-7fe296e19000 ---p 00178000 08:01 20447637                   /usr/lib/x86_64-linux-gnu/libgio-2.0.so.0.4400.1
7fe296e19000-7fe296e1d000 r--p 00178000 08:01 20447637                   /usr/lib/x86_64-linux-gnu/libgio-2.0.so.0.4400.1
7fe296e1d000-7fe296e1f000 rw-p 0017c000 08:01 20447637                   /usr/lib/x86_64-linux-gnu/libgio-2.0.so.0.4400.1
7fe296e1f000-7fe296e21000 rw-p 00000000 00:00 0 
7fe296e21000-7fe296e38000 r-xp 00000000 08:01 20587083                   /usr/lib/jvm/java-7-openjdk-amd64/jre/lib/amd64/libnet.so
7fe296e38000-7fe297037000 ---p 00017000 08:01 20587083                   /usr/lib/jvm/java-7-openjdk-amd64/jre/lib/amd64/libnet.so
7fe297037000-7fe297038000 r--p 00016000 08:01 20587083                   /usr/lib/jvm/java-7-openjdk-amd64/jre/lib/amd64/libnet.so
7fe297038000-7fe297039000 rw-p 00017000 08:01 20587083                   /usr/lib/jvm/java-7-openjdk-amd64/jre/lib/amd64/libnet.so
7fe297039000-7fe29704a000 r-xp 00000000 08:01 20587088                   /usr/lib/jvm/java-7-openjdk-amd64/jre/lib/amd64/libnio.so
7fe29704a000-7fe297249000 ---p 00011000 08:01 20587088                   /usr/lib/jvm/java-7-openjdk-amd64/jre/lib/amd64/libnio.so
7fe297249000-7fe29724a000 r--p 00010000 08:01 20587088                   /usr/lib/jvm/java-7-openjdk-amd64/jre/lib/amd64/libnio.so
7fe29724a000-7fe29724b000 rw-p 00011000 08:01 20587088                   /usr/lib/jvm/java-7-openjdk-amd64/jre/lib/amd64/libnio.so
7fe29724b000-7fe297318000 r--s 0093b000 08:01 2229504                    /home/sharan/Dropbox/Muser/muser/build/intermediates/multi-dex/debug/allclasses.jar
7fe297318000-7fe297319000 ---p 00000000 00:00 0 
7fe297319000-7fe297419000 rw-p 00000000 00:00 0                          [stack:3719]
7fe297419000-7fe29741c000 ---p 00000000 00:00 0 
7fe29741c000-7fe29751a000 rw-p 00000000 00:00 0                          [stack:3718]
7fe29751a000-7fe29751d000 ---p 00000000 00:00 0 
7fe29751d000-7fe29761b000 rw-p 00000000 00:00 0                          [stack:3717]
7fe29761b000-7fe29761e000 ---p 00000000 00:00 0 
7fe29761e000-7fe29771c000 rw-p 00000000 00:00 0                          [stack:3716]
7fe29771c000-7fe29771f000 ---p 00000000 00:00 0 
7fe29771f000-7fe29781d000 rw-p 00000000 00:00 0                          [stack:3715]
7fe29781d000-7fe297eff000 r--p 00000000 08:01 20454393                   /usr/lib/locale/locale-archive
7fe297eff000-7fe297f02000 ---p 00000000 00:00 0 
7fe297f02000-7fe298000000 rw-p 00000000 00:00 0                          [stack:3714]
7fe298000000-7fe298021000 rw-p 00000000 00:00 0 
7fe298021000-7fe29c000000 ---p 00000000 00:00 0 
7fe29c000000-7fe29c248000 rw-p 00000000 00:00 0 
7fe29c248000-7fe2a0000000 ---p 00000000 00:00 0 
7fe2a0000000-7fe2a0021000 rw-p 00000000 00:00 0 
7fe2a0021000-7fe2a4000000 ---p 00000000 00:00 0 
7fe2a4000000-7fe2a4021000 rw-p 00000000 00:00 0 
7fe2a4021000-7fe2a8000000 ---p 00000000 00:00 0 
7fe2a8000000-7fe2a8021000 rw-p 00000000 00:00 0 
7fe2a8021000-7fe2ac000000 ---p 00000000 00:00 0 
7fe2ac042000-7fe2ac045000 ---p 00000000 00:00 0 
7fe2ac045000-7fe2ac143000 rw-p 00000000 00:00 0                          [stack:3713]
7fe2ac143000-7fe2ac144000 ---p 00000000 00:00 0 
7fe2ac144000-7fe2b5000000 rw-p 00000000 00:00 0                          [stack:3712]
7fe2b5000000-7fe2b5420000 rwxp 00000000 00:00 0 
7fe2b5420000-7fe2b83d2000 rw-p 00000000 00:00 0 
7fe2b83d2000-7fe2bc000000 ---p 00000000 00:00 0 
7fe2bc008000-7fe2bc779000 rw-p 00000000 00:00 0 
7fe2bc779000-7fe2bc92a000 r--s 01d29000 08:01 20587021                   /usr/lib/jvm/java-7-openjdk-amd64/jre/lib/rt.jar
7fe2bc92a000-7fe2bd2ca000 rw-p 00000000 00:00 0 
7fe2bd2ca000-7fe2bd2cb000 ---p 00000000 00:00 0 
7fe2bd2cb000-7fe2bd3cb000 rw-p 00000000 00:00 0                          [stack:3711]
7fe2bd3cb000-7fe2bd3cc000 ---p 00000000 00:00 0 
7fe2bd3cc000-7fe2bd4cc000 rw-p 00000000 00:00 0                          [stack:3710]
7fe2bd4cc000-7fe2bd4cd000 ---p 00000000 00:00 0 
7fe2bd4cd000-7fe2bd5cd000 rw-p 00000000 00:00 0                          [stack:3709]
7fe2bd5cd000-7fe2bd5ce000 ---p 00000000 00:00 0 
7fe2bd5ce000-7fe2bd6d9000 rw-p 00000000 00:00 0                          [stack:3708]
7fe2bd6d9000-7fe2bd721000 rw-p 00000000 00:00 0 
7fe2bd721000-7fe2bd869000 rw-p 00000000 00:00 0 
7fe2bd869000-7fe2bdc77000 rw-p 00000000 00:00 0 
7fe2bdc77000-7fe2bdc82000 rw-p 00000000 00:00 0 
7fe2bdc82000-7fe2bdcca000 rw-p 00000000 00:00 0 
7fe2bdcca000-7fe2bde12000 rw-p 00000000 00:00 0 
7fe2bde12000-7fe2be21f000 rw-p 00000000 00:00 0 
7fe2be21f000-7fe2be4ca000 rw-p 00000000 00:00 0 
7fe2be4ca000-7fe2be4cb000 rw-p 00000000 00:00 0 
7fe2be4cb000-7fe2be4d3000 r-xp 00000000 08:01 20587054                   /usr/lib/jvm/java-7-openjdk-amd64/jre/lib/amd64/libzip.so
7fe2be4d3000-7fe2be6d2000 ---p 00008000 08:01 20587054                   /usr/lib/jvm/java-7-openjdk-amd64/jre/lib/amd64/libzip.so
7fe2be6d2000-7fe2be6d3000 r--p 00007000 08:01 20587054                   /usr/lib/jvm/java-7-openjdk-amd64/jre/lib/amd64/libzip.so
7fe2be6d3000-7fe2be6d4000 rw-p 00008000 08:01 20587054                   /usr/lib/jvm/java-7-openjdk-amd64/jre/lib/amd64/libzip.so
7fe2be6d4000-7fe2be6e0000 r-xp 00000000 08:01 22024420                   /lib/x86_64-linux-gnu/libnss_files-2.21.so
7fe2be6e0000-7fe2be8df000 ---p 0000c000 08:01 22024420                   /lib/x86_64-linux-gnu/libnss_files-2.21.so
7fe2be8df000-7fe2be8e0000 r--p 0000b000 08:01 22024420                   /lib/x86_64-linux-gnu/libnss_files-2.21.so
7fe2be8e0000-7fe2be8e1000 rw-p 0000c000 08:01 22024420                   /lib/x86_64-linux-gnu/libnss_files-2.21.so
7fe2be8e1000-7fe2be8ec000 r-xp 00000000 08:01 22024430                   /lib/x86_64-linux-gnu/libnss_nis-2.21.so
7fe2be8ec000-7fe2beaeb000 ---p 0000b000 08:01 22024430                   /lib/x86_64-linux-gnu/libnss_nis-2.21.so
7fe2beaeb000-7fe2beaec000 r--p 0000a000 08:01 22024430                   /lib/x86_64-linux-gnu/libnss_nis-2.21.so
7fe2beaec000-7fe2beaed000 rw-p 0000b000 08:01 22024430                   /lib/x86_64-linux-gnu/libnss_nis-2.21.so
7fe2beaed000-7fe2beb04000 r-xp 00000000 08:01 22024414                   /lib/x86_64-linux-gnu/libnsl-2.21.so
7fe2beb04000-7fe2bed03000 ---p 00017000 08:01 22024414                   /lib/x86_64-linux-gnu/libnsl-2.21.so
7fe2bed03000-7fe2bed04000 r--p 00016000 08:01 22024414                   /lib/x86_64-linux-gnu/libnsl-2.21.so
7fe2bed04000-7fe2bed05000 rw-p 00017000 08:01 22024414                   /lib/x86_64-linux-gnu/libnsl-2.21.so
7fe2bed05000-7fe2bed07000 rw-p 00000000 00:00 0 
7fe2bed07000-7fe2bed0f000 r-xp 00000000 08:01 22024416                   /lib/x86_64-linux-gnu/libnss_compat-2.21.so
7fe2bed0f000-7fe2bef0e000 ---p 00008000 08:01 22024416                   /lib/x86_64-linux-gnu/libnss_compat-2.21.so
7fe2bef0e000-7fe2bef0f000 r--p 00007000 08:01 22024416                   /lib/x86_64-linux-gnu/libnss_compat-2.21.so
7fe2bef0f000-7fe2bef10000 rw-p 00008000 08:01 22024416                   /lib/x86_64-linux-gnu/libnss_compat-2.21.so
7fe2bef10000-7fe2bef3d000 r-xp 00000000 08:01 20587091                   /usr/lib/jvm/java-7-openjdk-amd64/jre/lib/amd64/libjava.so
7fe2bef3d000-7fe2bf13c000 ---p 0002d000 08:01 20587091                   /usr/lib/jvm/java-7-openjdk-amd64/jre/lib/amd64/libjava.so
7fe2bf13c000-7fe2bf13d000 r--p 0002c000 08:01 20587091                   /usr/lib/jvm/java-7-openjdk-amd64/jre/lib/amd64/libjava.so
7fe2bf13d000-7fe2bf13f000 rw-p 0002d000 08:01 20587091                   /usr/lib/jvm/java-7-openjdk-amd64/jre/lib/amd64/libjava.so
7fe2bf13f000-7fe2bf14e000 r-xp 00000000 08:01 20587072                   /usr/lib/jvm/java-7-openjdk-amd64/jre/lib/amd64/libverify.so
7fe2bf14e000-7fe2bf34d000 ---p 0000f000 08:01 20587072                   /usr/lib/jvm/java-7-openjdk-amd64/jre/lib/amd64/libverify.so
7fe2bf34d000-7fe2bf350000 r--p 0000e000 08:01 20587072                   /usr/lib/jvm/java-7-openjdk-amd64/jre/lib/amd64/libverify.so
7fe2bf350000-7fe2bf351000 rw-p 00011000 08:01 20587072                   /usr/lib/jvm/java-7-openjdk-amd64/jre/lib/amd64/libverify.so
7fe2bf351000-7fe2bf358000 r-xp 00000000 08:01 22024475                   /lib/x86_64-linux-gnu/librt-2.21.so
7fe2bf358000-7fe2bf557000 ---p 00007000 08:01 22024475                   /lib/x86_64-linux-gnu/librt-2.21.so
7fe2bf557000-7fe2bf558000 r--p 00006000 08:01 22024475                   /lib/x86_64-linux-gnu/librt-2.21.so
7fe2bf558000-7fe2bf559000 rw-p 00007000 08:01 22024475                   /lib/x86_64-linux-gnu/librt-2.21.so
7fe2bf559000-7fe2bf56f000 r-xp 00000000 08:01 22024363                   /lib/x86_64-linux-gnu/libgcc_s.so.1
7fe2bf56f000-7fe2bf76e000 ---p 00016000 08:01 22024363                   /lib/x86_64-linux-gnu/libgcc_s.so.1
7fe2bf76e000-7fe2bf76f000 rw-p 00015000 08:01 22024363                   /lib/x86_64-linux-gnu/libgcc_s.so.1
7fe2bf76f000-7fe2bf876000 r-xp 00000000 08:01 22024393                   /lib/x86_64-linux-gnu/libm-2.21.so
7fe2bf876000-7fe2bfa75000 ---p 00107000 08:01 22024393                   /lib/x86_64-linux-gnu/libm-2.21.so
7fe2bfa75000-7fe2bfa76000 r--p 00106000 08:01 22024393                   /lib/x86_64-linux-gnu/libm-2.21.so
7fe2bfa76000-7fe2bfa77000 rw-p 00107000 08:01 22024393                   /lib/x86_64-linux-gnu/libm-2.21.so
7fe2bfa77000-7fe2bfb67000 r-xp 00000000 08:01 20456311                   /usr/lib/x86_64-linux-gnu/libstdc++.so.6.0.20
7fe2bfb67000-7fe2bfd67000 ---p 000f0000 08:01 20456311                   /usr/lib/x86_64-linux-gnu/libstdc++.so.6.0.20
7fe2bfd67000-7fe2bfd6f000 r--p 000f0000 08:01 20456311                   /usr/lib/x86_64-linux-gnu/libstdc++.so.6.0.20
7fe2bfd6f000-7fe2bfd71000 rw-p 000f8000 08:01 20456311                   /usr/lib/x86_64-linux-gnu/libstdc++.so.6.0.20
7fe2bfd71000-7fe2bfd86000 rw-p 00000000 00:00 0 
7fe2bfd86000-7fe2c08de000 r-xp 00000000 08:01 20587060                   /usr/lib/jvm/java-7-openjdk-amd64/jre/lib/amd64/server/libjvm.so
7fe2c08de000-7fe2c0add000 ---p 00b58000 08:01 20587060                   /usr/lib/jvm/java-7-openjdk-amd64/jre/lib/amd64/server/libjvm.so
7fe2c0add000-7fe2c0b7c000 r--p 00b57000 08:01 20587060                   /usr/lib/jvm/java-7-openjdk-amd64/jre/lib/amd64/server/libjvm.so
7fe2c0b7c000-7fe2c0b9f000 rw-p 00bf6000 08:01 20587060                   /usr/lib/jvm/java-7-openjdk-amd64/jre/lib/amd64/server/libjvm.so
7fe2c0b9f000-7fe2c0bcc000 rw-p 00000000 00:00 0 
7fe2c0bcc000-7fe2c0be5000 r-xp 00000000 08:01 22024508                   /lib/x86_64-linux-gnu/libz.so.1.2.8
7fe2c0be5000-7fe2c0de5000 ---p 00019000 08:01 22024508                   /lib/x86_64-linux-gnu/libz.so.1.2.8
7fe2c0de5000-7fe2c0de6000 r--p 00019000 08:01 22024508                   /lib/x86_64-linux-gnu/libz.so.1.2.8
7fe2c0de6000-7fe2c0de7000 rw-p 0001a000 08:01 22024508                   /lib/x86_64-linux-gnu/libz.so.1.2.8
7fe2c0de7000-7fe2c0dff000 r-xp 00000000 08:01 22024467                   /lib/x86_64-linux-gnu/libpthread-2.21.so
7fe2c0dff000-7fe2c0fff000 ---p 00018000 08:01 22024467                   /lib/x86_64-linux-gnu/libpthread-2.21.so
7fe2c0fff000-7fe2c1000000 r--p 00018000 08:01 22024467                   /lib/x86_64-linux-gnu/libpthread-2.21.so
7fe2c1000000-7fe2c1001000 rw-p 00019000 08:01 22024467                   /lib/x86_64-linux-gnu/libpthread-2.21.so
7fe2c1001000-7fe2c1005000 rw-p 00000000 00:00 0 
7fe2c1005000-7fe2c1008000 r-xp 00000000 08:01 22024351                   /lib/x86_64-linux-gnu/libdl-2.21.so
7fe2c1008000-7fe2c1207000 ---p 00003000 08:01 22024351                   /lib/x86_64-linux-gnu/libdl-2.21.so
7fe2c1207000-7fe2c1208000 r--p 00002000 08:01 22024351                   /lib/x86_64-linux-gnu/libdl-2.21.so
7fe2c1208000-7fe2c1209000 rw-p 00003000 08:01 22024351                   /lib/x86_64-linux-gnu/libdl-2.21.so
7fe2c1209000-7fe2c13c9000 r-xp 00000000 08:01 22024334                   /lib/x86_64-linux-gnu/libc-2.21.so
7fe2c13c9000-7fe2c15c9000 ---p 001c0000 08:01 22024334                   /lib/x86_64-linux-gnu/libc-2.21.so
7fe2c15c9000-7fe2c15cd000 r--p 001c0000 08:01 22024334                   /lib/x86_64-linux-gnu/libc-2.21.so
7fe2c15cd000-7fe2c15cf000 rw-p 001c4000 08:01 22024334                   /lib/x86_64-linux-gnu/libc-2.21.so
7fe2c15cf000-7fe2c15d3000 rw-p 00000000 00:00 0 
7fe2c15d3000-7fe2c15e0000 r-xp 00000000 08:01 20587057                   /usr/lib/jvm/java-7-openjdk-amd64/jre/lib/amd64/jli/libjli.so
7fe2c15e0000-7fe2c17df000 ---p 0000d000 08:01 20587057                   /usr/lib/jvm/java-7-openjdk-amd64/jre/lib/amd64/jli/libjli.so
7fe2c17df000-7fe2c17e0000 r--p 0000c000 08:01 20587057                   /usr/lib/jvm/java-7-openjdk-amd64/jre/lib/amd64/jli/libjli.so
7fe2c17e0000-7fe2c17e1000 rw-p 0000d000 08:01 20587057                   /usr/lib/jvm/java-7-openjdk-amd64/jre/lib/amd64/jli/libjli.so
7fe2c17e1000-7fe2c1805000 r-xp 00000000 08:01 22024306                   /lib/x86_64-linux-gnu/ld-2.21.so
7fe2c180e000-7fe2c181d000 r--s 000dd000 08:01 21636737                   /home/sharan/Android/Sdk/build-tools/21.1.2/lib/dx.jar
7fe2c181d000-7fe2c182e000 rw-p 00000000 00:00 0 
7fe2c182e000-7fe2c18dd000 rw-p 00000000 00:00 0 
7fe2c18dd000-7fe2c18e0000 ---p 00000000 00:00 0 
7fe2c18e0000-7fe2c19e4000 rw-p 00000000 00:00 0                          [stack:3705]
7fe2c19e4000-7fe2c19e8000 r--s 00034000 08:01 20587040                   /usr/lib/jvm/java-7-openjdk-amd64/jre/lib/ext/sunjce_provider.jar
7fe2c19e8000-7fe2c19ec000 r--s 0003c000 08:01 20587041                   /usr/lib/jvm/java-7-openjdk-amd64/jre/lib/ext/sunpkcs11.jar
7fe2c19ec000-7fe2c19ef000 r--s 0000f000 08:01 20587042                   /usr/lib/jvm/java-7-openjdk-amd64/jre/lib/ext/icedtea-sound.jar
7fe2c19ef000-7fe2c19f3000 r--s 00085000 08:01 20587038                   /usr/lib/jvm/java-7-openjdk-amd64/jre/lib/ext/localedata.jar
7fe2c19f3000-7fe2c19f5000 r--s 00012000 08:01 20587043                   /usr/lib/jvm/java-7-openjdk-amd64/jre/lib/ext/zipfs.jar
7fe2c19f5000-7fe2c19f7000 r--s 00006000 08:01 20971724                   /usr/share/java/java-atk-wrapper.jar
7fe2c19f7000-7fe2c19f8000 r--s 00002000 08:01 20587039                   /usr/lib/jvm/java-7-openjdk-amd64/jre/lib/ext/dnsns.jar
7fe2c19f8000-7fe2c1a00000 rw-s 00000000 08:01 3014749                    /tmp/hsperfdata_sharan/3703
7fe2c1a00000-7fe2c1a01000 rw-p 00000000 00:00 0 
7fe2c1a01000-7fe2c1a02000 ---p 00000000 00:00 0 
7fe2c1a02000-7fe2c1a04000 rw-p 00000000 00:00 0 
7fe2c1a04000-7fe2c1a05000 r--p 00023000 08:01 22024306                   /lib/x86_64-linux-gnu/ld-2.21.so
7fe2c1a05000-7fe2c1a06000 rw-p 00024000 08:01 22024306                   /lib/x86_64-linux-gnu/ld-2.21.so
7fe2c1a06000-7fe2c1a07000 rw-p 00000000 00:00 0 
7ffc45c09000-7ffc45c2a000 rw-p 00000000 00:00 0                          [stack]
7ffc45c66000-7ffc45c68000 r--p 00000000 00:00 0                          [vvar]
7ffc45c68000-7ffc45c6a000 r-xp 00000000 00:00 0                          [vdso]
ffffffffff600000-ffffffffff601000 r-xp 00000000 00:00 0                  [vsyscall]

VM Arguments:
jvm_args: -Xmx4g -Dfile.encoding=UTF-8 -Duser.country=IN -Duser.language=en -Duser.variant 
java_command: com.android.dx.command.Main --dex --force-jumbo --multi-dex --main-dex-list /home/sharan/Dropbox/Muser/muser/build/intermediates/multi-dex/debug/maindexlist.txt --output /home/sharan/Dropbox/Muser/muser/build/intermediates/dex/debug /home/sharan/Dropbox/Muser/muser/build/intermediates/multi-dex/debug/allclasses.jar
Launcher Type: SUN_STANDARD

Environment Variables:
JAVA_HOME=/usr/lib/jvm/java-8-oracle
PATH=/usr/local/sbin:/usr/local/bin:/usr/sbin:/usr/bin:/sbin:/bin:/usr/games:/usr/local/games:/usr/lib/jvm/java-8-oracle/bin:/usr/lib/jvm/java-8-oracle/db/bin:/usr/lib/jvm/java-8-oracle/jre/bin
LD_LIBRARY_PATH=/opt/android-studio/bin:
SHELL=/bin/bash
DISPLAY=:0

Signal Handlers:
SIGSEGV: [libjvm.so+0x98ac50], sa_mask[0]=0x7ffbfeff, sa_flags=0x10000004
SIGBUS: [libjvm.so+0x98ac50], sa_mask[0]=0x7ffbfeff, sa_flags=0x10000004
SIGFPE: [libjvm.so+0x7f8ab0], sa_mask[0]=0x7ffbfeff, sa_flags=0x10000004
SIGPIPE: [libjvm.so+0x7f8ab0], sa_mask[0]=0x7ffbfeff, sa_flags=0x10000004
SIGXFSZ: [libjvm.so+0x7f8ab0], sa_mask[0]=0x7ffbfeff, sa_flags=0x10000004
SIGILL: [libjvm.so+0x7f8ab0], sa_mask[0]=0x7ffbfeff, sa_flags=0x10000004
SIGUSR1: SIG_DFL, sa_mask[0]=0x00000000, sa_flags=0x00000000
SIGUSR2: [libjvm.so+0x7f8930], sa_mask[0]=0x00000004, sa_flags=0x10000004
SIGHUP: [libjvm.so+0x7f8b30], sa_mask[0]=0x7ffbfeff, sa_flags=0x10000004
SIGINT: [libjvm.so+0x7f8b30], sa_mask[0]=0x7ffbfeff, sa_flags=0x10000004
SIGTERM: [libjvm.so+0x7f8b30], sa_mask[0]=0x7ffbfeff, sa_flags=0x10000004
SIGQUIT: [libjvm.so+0x7f8b30], sa_mask[0]=0x7ffbfeff, sa_flags=0x10000004
SIGTRAP: SIG_DFL, sa_mask[0]=0x00000000, sa_flags=0x00000000


---------------  S Y S T E M  ---------------

OS:Ubuntu 15.04 (vivid)
uname:Linux 3.19.0-26-generic #28-Ubuntu SMP Tue Aug 11 14:16:32 UTC 2015 x86_64
libc:glibc 2.21 NPTL 2.21 
rlimit: STACK 8192k, CORE 0k, NPROC 31366, NOFILE 65536, AS infinity
load average:4.44 2.76 2.00

/proc/meminfo:
MemTotal:        8052020 kB
MemFree:          120412 kB
MemAvailable:      99496 kB
Buffers:            1576 kB
Cached:           779308 kB
SwapCached:            0 kB
Active:          7085956 kB
Inactive:         671168 kB
Active(anon):    7056924 kB
Inactive(anon):   616904 kB
Active(file):      29032 kB
Inactive(file):    54264 kB
Unevictable:          32 kB
Mlocked:              32 kB
SwapTotal:             0 kB
SwapFree:              0 kB
Dirty:               364 kB
Writeback:             0 kB
AnonPages:       6976524 kB
Mapped:           324740 kB
Shmem:            697336 kB
Slab:              79004 kB
SReclaimable:      43812 kB
SUnreclaim:        35192 kB
KernelStack:       10480 kB
PageTables:        44260 kB
NFS_Unstable:          0 kB
Bounce:                0 kB
WritebackTmp:          0 kB
CommitLimit:     4026008 kB
Committed_AS:   13609036 kB
VmallocTotal:   34359738367 kB
VmallocUsed:      358856 kB
VmallocChunk:   34359334984 kB
HardwareCorrupted:     0 kB
AnonHugePages:   3489792 kB
CmaTotal:              0 kB
CmaFree:               0 kB
HugePages_Total:       0
HugePages_Free:        0
HugePages_Rsvd:        0
HugePages_Surp:        0
Hugepagesize:       2048 kB
DirectMap4k:      140348 kB
DirectMap2M:     8124416 kB
DirectMap1G:           0 kB


CPU:total 4 (2 cores per cpu, 2 threads per core) family 6 model 60 stepping 3, cmov, cx8, fxsr, mmx, sse, sse2, sse3, ssse3, sse4.1, sse4.2, popcnt, avx, avx2, aes, erms, ht, tsc, tscinvbit

/proc/cpuinfo:
processor	: 0
vendor_id	: GenuineIntel
cpu family	: 6
model		: 60
model name	: Intel(R) Core(TM) i3-4150 CPU @ 3.50GHz
stepping	: 3
microcode	: 0x12
cpu MHz		: 3500.000
cache size	: 3072 KB
physical id	: 0
siblings	: 4
core id		: 0
cpu cores	: 2
apicid		: 0
initial apicid	: 0
fpu		: yes
fpu_exception	: yes
cpuid level	: 13
wp		: yes
flags		: fpu vme de pse tsc msr pae mce cx8 apic sep mtrr pge mca cmov pat pse36 clflush dts acpi mmx fxsr sse sse2 ss ht tm pbe syscall nx pdpe1gb rdtscp lm constant_tsc arch_perfmon pebs bts rep_good nopl xtopology nonstop_tsc aperfmperf eagerfpu pni pclmulqdq dtes64 monitor ds_cpl vmx est tm2 ssse3 fma cx16 xtpr pdcm pcid sse4_1 sse4_2 movbe popcnt tsc_deadline_timer aes xsave avx f16c rdrand lahf_lm abm arat pln pts dtherm tpr_shadow vnmi flexpriority ept vpid fsgsbase tsc_adjust bmi1 avx2 smep bmi2 erms invpcid xsaveopt
bugs		:
bogomips	: 6983.78
clflush size	: 64
cache_alignment	: 64
address sizes	: 39 bits physical, 48 bits virtual
power management:

processor	: 1
vendor_id	: GenuineIntel
cpu family	: 6
model		: 60
model name	: Intel(R) Core(TM) i3-4150 CPU @ 3.50GHz
stepping	: 3
microcode	: 0x12
cpu MHz		: 3500.000
cache size	: 3072 KB
physical id	: 0
siblings	: 4
core id		: 1
cpu cores	: 2
apicid		: 2
initial apicid	: 2
fpu		: yes
fpu_exception	: yes
cpuid level	: 13
wp		: yes
flags		: fpu vme de pse tsc msr pae mce cx8 apic sep mtrr pge mca cmov pat pse36 clflush dts acpi mmx fxsr sse sse2 ss ht tm pbe syscall nx pdpe1gb rdtscp lm constant_tsc arch_perfmon pebs bts rep_good nopl xtopology nonstop_tsc aperfmperf eagerfpu pni pclmulqdq dtes64 monitor ds_cpl vmx est tm2 ssse3 fma cx16 xtpr pdcm pcid sse4_1 sse4_2 movbe popcnt tsc_deadline_timer aes xsave avx f16c rdrand lahf_lm abm arat pln pts dtherm tpr_shadow vnmi flexpriority ept vpid fsgsbase tsc_adjust bmi1 avx2 smep bmi2 erms invpcid xsaveopt
bugs		:
bogomips	: 6983.78
clflush size	: 64
cache_alignment	: 64
address sizes	: 39 bits physical, 48 bits virtual
power management:

processor	: 2
vendor_id	: GenuineIntel
cpu family	: 6
model		: 60
model name	: Intel(R) Core(TM) i3-4150 CPU @ 3.50GHz
stepping	: 3
microcode	: 0x12
cpu MHz		: 3500.000
cache size	: 3072 KB
physical id	: 0
siblings	: 4
core id		: 0
cpu cores	: 2
apicid		: 1
initial apicid	: 1
fpu		: yes
fpu_exception	: yes
cpuid level	: 13
wp		: yes
flags		: fpu vme de pse tsc msr pae mce cx8 apic sep mtrr pge mca cmov pat pse36 clflush dts acpi mmx fxsr sse sse2 ss ht tm pbe syscall nx pdpe1gb rdtscp lm constant_tsc arch_perfmon pebs bts rep_good nopl xtopology nonstop_tsc aperfmperf eagerfpu pni pclmulqdq dtes64 monitor ds_cpl vmx est tm2 ssse3 fma cx16 xtpr pdcm pcid sse4_1 sse4_2 movbe popcnt tsc_deadline_timer aes xsave avx f16c rdrand lahf_lm abm arat pln pts dtherm tpr_shadow vnmi flexpriority ept vpid fsgsbase tsc_adjust bmi1 avx2 smep bmi2 erms invpcid xsaveopt
bugs		:
bogomips	: 6983.78
clflush size	: 64
cache_alignment	: 64
address sizes	: 39 bits physical, 48 bits virtual
power management:

processor	: 3
vendor_id	: GenuineIntel
cpu family	: 6
model		: 60
model name	: Intel(R) Core(TM) i3-4150 CPU @ 3.50GHz
stepping	: 3
microcode	: 0x12
cpu MHz		: 3500.000
cache size	: 3072 KB
physical id	: 0
siblings	: 4
core id		: 1
cpu cores	: 2
apicid		: 3
initial apicid	: 3
fpu		: yes
fpu_exception	: yes
cpuid level	: 13
wp		: yes
flags		: fpu vme de pse tsc msr pae mce cx8 apic sep mtrr pge mca cmov pat pse36 clflush dts acpi mmx fxsr sse sse2 ss ht tm pbe syscall nx pdpe1gb rdtscp lm constant_tsc arch_perfmon pebs bts rep_good nopl xtopology nonstop_tsc aperfmperf eagerfpu pni pclmulqdq dtes64 monitor ds_cpl vmx est tm2 ssse3 fma cx16 xtpr pdcm pcid sse4_1 sse4_2 movbe popcnt tsc_deadline_timer aes xsave avx f16c rdrand lahf_lm abm arat pln pts dtherm tpr_shadow vnmi flexpriority ept vpid fsgsbase tsc_adjust bmi1 avx2 smep bmi2 erms invpcid xsaveopt
bugs		:
bogomips	: 6983.78
clflush size	: 64
cache_alignment	: 64
address sizes	: 39 bits physical, 48 bits virtual
power management:



Memory: 4k page, physical 8052020k(120412k free), swap 0k(0k free)

vm_info: OpenJDK 64-Bit Server VM (24.79-b02) for linux-amd64 JRE (1.7.0_79-b14), built on Jul 24 2015 05:24:39 by "buildd" with gcc 4.9.2

time: Fri Jan  8 11:35:45 2016
elapsed time: 32 seconds

