#
# There is insufficient memory for the Java Runtime Environment to continue.
# Native memory allocation (malloc) failed to allocate 145227776 bytes for committing reserved memory.
# Possible reasons:
#   The system is out of physical RAM or swap space
#   In 32 bit mode, the process size limit was hit
# Possible solutions:
#   Reduce memory load on the system
#   Increase physical memory or swap space
#   Check if swap backing store is full
#   Use 64 bit Java on a 64 bit OS
#   Decrease Java heap size (-Xmx/-Xms)
#   Decrease number of Java threads
#   Decrease Java thread stack sizes (-Xss)
#   Set larger code cache with -XX:ReservedCodeCacheSize=
# This output file may be truncated or incomplete.
#
#  Out of Memory Error (os_linux.cpp:2809), pid=26246, tid=139705933485824
#
# JRE version: OpenJDK Runtime Environment (7.0_79-b14) (build 1.7.0_79-b14)
# Java VM: OpenJDK 64-Bit Server VM (24.79-b02 mixed mode linux-amd64 compressed oops)
# Derivative: IcedTea 2.5.6
# Distribution: Ubuntu 15.04, package 7u79-2.5.6-0ubuntu1.15.04.1
# Failed to write core dump. Core dumps have been disabled. To enable core dumping, try "ulimit -c unlimited" before starting Java again
#

---------------  T H R E A D  ---------------

Current thread (0x00007f0fdc13e000):  VMThread [stack: 0x00007f0fd279d000,0x00007f0fd289e000] [id=26256]

Stack: [0x00007f0fd279d000,0x00007f0fd289e000],  sp=0x00007f0fd289c4e0,  free space=1021k
Native frames: (J=compiled Java code, j=interpreted, Vv=VM code, C=native code)
V  [libjvm.so+0x98a166]  VMError::report_and_die()+0x186
V  [libjvm.so+0x48f932]  report_vm_out_of_memory(char const*, int, unsigned long, char const*)+0x92
V  [libjvm.so+0x7fd56b]  os::pd_commit_memory(char*, unsigned long, unsigned long, bool)+0xeb
V  [libjvm.so+0x7f7c4e]  os::commit_memory(char*, unsigned long, unsigned long, bool)+0x2e
V  [libjvm.so+0x86a56b]  PSVirtualSpace::expand_by(unsigned long)+0x5b
V  [libjvm.so+0x86b413]  PSYoungGen::resize_generation(unsigned long, unsigned long)+0xd3
V  [libjvm.so+0x86bb2b]  PSYoungGen::resize(unsigned long, unsigned long)+0x1b
V  [libjvm.so+0x867539]  PSScavenge::invoke_no_policy()+0xdc9
V  [libjvm.so+0x867d18]  PSScavenge::invoke()+0x38
V  [libjvm.so+0x81fb73]  ParallelScavengeHeap::failed_mem_allocate(unsigned long)+0x63
V  [libjvm.so+0x98ba32]  VM_ParallelGCFailedAllocation::doit()+0x92
V  [libjvm.so+0x9902e7]  VM_Operation::evaluate()+0x47
V  [libjvm.so+0x98e8cb]  VMThread::evaluate_operation(VM_Operation*)+0xab
V  [libjvm.so+0x98ef76]  VMThread::loop()+0x1e6
V  [libjvm.so+0x98f441]  VMThread::run()+0x81
V  [libjvm.so+0x7fa492]  java_start(Thread*)+0xf2

VM_Operation (0x00007f0fe3c97030): ParallelGCFailedAllocation, mode: safepoint, requested by thread 0x00007f0fdc00b000


---------------  P R O C E S S  ---------------

Java Threads: ( => current thread )
  0x00007f0fdc1d2000 JavaThread "Service Thread" daemon [_thread_blocked, id=26262, stack(0x00007f0fd0f50000,0x00007f0fd1051000)]
  0x00007f0fdc1c8800 JavaThread "C2 CompilerThread1" daemon [_thread_blocked, id=26261, stack(0x00007f0fd1051000,0x00007f0fd1152000)]
  0x00007f0fdc1c6800 JavaThread "C2 CompilerThread0" daemon [_thread_blocked, id=26260, stack(0x00007f0fd1152000,0x00007f0fd1253000)]
  0x00007f0fdc16f800 JavaThread "Signal Dispatcher" daemon [_thread_blocked, id=26259, stack(0x00007f0fd1db8000,0x00007f0fd1eb9000)]
  0x00007f0fdc144800 JavaThread "Finalizer" daemon [_thread_blocked, id=26258, stack(0x00007f0fd259b000,0x00007f0fd269c000)]
  0x00007f0fdc142800 JavaThread "Reference Handler" daemon [_thread_blocked, id=26257, stack(0x00007f0fd269c000,0x00007f0fd279d000)]
  0x00007f0fdc00b000 JavaThread "main" [_thread_blocked, id=26251, stack(0x00007f0fe3b98000,0x00007f0fe3c99000)]

Other Threads:
=>0x00007f0fdc13e000 VMThread [stack: 0x00007f0fd279d000,0x00007f0fd289e000] [id=26256]
  0x00007f0fdc1e4800 WatcherThread [stack: 0x00007f0fd0e4f000,0x00007f0fd0f50000] [id=26263]

VM state:at safepoint (normal execution)

VM Mutex/Monitor currently owned by a thread:  ([mutex/lock_event])
[0x00007f0fdc007990] Threads_lock - owner thread: 0x00007f0fdc13e000
[0x00007f0fdc007e90] Heap_lock - owner thread: 0x00007f0fdc00b000

Heap
 PSYoungGen      total 832512K, used 229882K [0x00000007aaa80000, 0x00000007f1600000, 0x0000000800000000)
  eden space 602624K, 0% used [0x00000007aaa80000,0x00000007aaa80000,0x00000007cf700000)
  from space 229888K, 99% used [0x00000007e3580000,0x00000007f15feb30,0x00000007f1600000)
  to   space 211968K, 0% used [0x00000007cf700000,0x00000007cf700000,0x00000007dc600000)
 ParOldGen       total 701952K, used 492760K [0x0000000700000000, 0x000000072ad80000, 0x00000007aaa80000)
  object space 701952K, 70% used [0x0000000700000000,0x000000071e136058,0x000000072ad80000)
 PSPermGen       total 21504K, used 6389K [0x00000006f5a00000, 0x00000006f6f00000, 0x0000000700000000)
  object space 21504K, 29% used [0x00000006f5a00000,0x00000006f603d400,0x00000006f6f00000)

Card table byte_map: [0x00007f0fd87ac000,0x00007f0fd9000000] byte_map_base: 0x00007f0fd4fff000

Polling page: 0x00007f0fe3cbc000

Code Cache  [0x00007f0fd9000000, 0x00007f0fd9420000, 0x00007f0fdc000000)
 total_blobs=1372 nmethods=1142 adapters=183 free_code_cache=45071Kb largest_free_block=46062784

Compilation events (10 events):
Event: 24.386 Thread 0x00007f0fdc1c8800 1196   !         com.android.dx.cf.code.BytecodeArray::parseInstruction (2764 bytes)
Event: 24.392 Thread 0x00007f0fdc1c6800 1197             com.android.dx.ssa.back.FirstFitLocalCombiningAllocator::isEven (12 bytes)
Event: 24.393 Thread 0x00007f0fdc1c6800 nmethod 1197 0x00007f0fd90ae6d0 code [0x00007f0fd90ae800, 0x00007f0fd90ae838]
Event: 24.403 Thread 0x00007f0fdc1c6800 1198             com.android.dx.ssa.back.FirstFitLocalCombiningAllocator::access$100 (5 bytes)
Event: 24.404 Thread 0x00007f0fdc1c6800 nmethod 1198 0x00007f0fd911f2d0 code [0x00007f0fd911f400, 0x00007f0fd911f438]
Event: 24.598 Thread 0x00007f0fdc1c8800 nmethod 1196 0x00007f0fd9403690 code [0x00007f0fd9404ce0, 0x00007f0fd940afe0]
Event: 24.637 Thread 0x00007f0fdc1c6800 1199             com.android.dx.dex.file.DexFile::getFieldIds (5 bytes)
Event: 24.638 Thread 0x00007f0fdc1c6800 nmethod 1199 0x00007f0fd927b2d0 code [0x00007f0fd927b400, 0x00007f0fd927b478]
Event: 24.649 Thread 0x00007f0fdc1c8800 1200             com.android.dx.rop.type.Type::isArray (19 bytes)
Event: 24.650 Thread 0x00007f0fdc1c8800 nmethod 1200 0x00007f0fd9313990 code [0x00007f0fd9313ae0, 0x00007f0fd9313bb8]

GC Heap History (10 events):
Event: 17.306 GC heap after
Heap after GC invocations=19 (full 3):
 PSYoungGen      total 653824K, used 132591K [0x00000007aaa80000, 0x00000007df900000, 0x0000000800000000)
  eden space 521216K, 0% used [0x00000007aaa80000,0x00000007aaa80000,0x00000007ca780000)
  from space 132608K, 99% used [0x00000007d4000000,0x00000007dc17be40,0x00000007dc180000)
  to   space 156160K, 0% used [0x00000007ca780000,0x00000007ca780000,0x00000007d4000000)
 ParOldGen       total 463360K, used 299782K [0x0000000700000000, 0x000000071c480000, 0x00000007aaa80000)
  object space 463360K, 64% used [0x0000000700000000,0x00000007124c1898,0x000000071c480000)
 PSPermGen       total 21504K, used 6237K [0x00000006f5a00000, 0x00000006f6f00000, 0x0000000700000000)
  object space 21504K, 29% used [0x00000006f5a00000,0x00000006f6017580,0x00000006f6f00000)
}
Event: 18.374 GC heap before
{Heap before GC invocations=20 (full 3):
 PSYoungGen      total 653824K, used 653807K [0x00000007aaa80000, 0x00000007df900000, 0x0000000800000000)
  eden space 521216K, 100% used [0x00000007aaa80000,0x00000007ca780000,0x00000007ca780000)
  from space 132608K, 99% used [0x00000007d4000000,0x00000007dc17be40,0x00000007dc180000)
  to   space 156160K, 0% used [0x00000007ca780000,0x00000007ca780000,0x00000007d4000000)
 ParOldGen       total 463360K, used 299782K [0x0000000700000000, 0x000000071c480000, 0x00000007aaa80000)
  object space 463360K, 64% used [0x0000000700000000,0x00000007124c1898,0x000000071c480000)
 PSPermGen       total 21504K, used 6282K [0x00000006f5a00000, 0x00000006f6f00000, 0x0000000700000000)
  object space 21504K, 29% used [0x00000006f5a00000,0x00000006f6022800,0x00000006f6f00000)
Event: 18.616 GC heap after
Heap after GC invocations=20 (full 3):
 PSYoungGen      total 677376K, used 156137K [0x00000007aaa80000, 0x00000007e8d00000, 0x0000000800000000)
  eden space 521216K, 0% used [0x00000007aaa80000,0x00000007aaa80000,0x00000007ca780000)
  from space 156160K, 99% used [0x00000007ca780000,0x00000007d3ffa508,0x00000007d4000000)
  to   space 203776K, 0% used [0x00000007dc600000,0x00000007dc600000,0x00000007e8d00000)
 ParOldGen       total 463360K, used 359497K [0x0000000700000000, 0x000000071c480000, 0x00000007aaa80000)
  object space 463360K, 77% used [0x0000000700000000,0x0000000715f12720,0x000000071c480000)
 PSPermGen       total 21504K, used 6282K [0x00000006f5a00000, 0x00000006f6f00000, 0x0000000700000000)
  object space 21504K, 29% used [0x00000006f5a00000,0x00000006f6022800,0x00000006f6f00000)
}
Event: 19.710 GC heap before
{Heap before GC invocations=21 (full 3):
 PSYoungGen      total 677376K, used 677353K [0x00000007aaa80000, 0x00000007e8d00000, 0x0000000800000000)
  eden space 521216K, 100% used [0x00000007aaa80000,0x00000007ca780000,0x00000007ca780000)
  from space 156160K, 99% used [0x00000007ca780000,0x00000007d3ffa508,0x00000007d4000000)
  to   space 203776K, 0% used [0x00000007dc600000,0x00000007dc600000,0x00000007e8d00000)
 ParOldGen       total 463360K, used 359497K [0x0000000700000000, 0x000000071c480000, 0x00000007aaa80000)
  object space 463360K, 77% used [0x0000000700000000,0x0000000715f12720,0x000000071c480000)
 PSPermGen       total 21504K, used 6283K [0x00000006f5a00000, 0x00000006f6f00000, 0x0000000700000000)
  object space 21504K, 29% used [0x00000006f5a00000,0x00000006f6022c30,0x00000006f6f00000)
Event: 19.991 GC heap after
Heap after GC invocations=21 (full 3):
 PSYoungGen      total 806400K, used 134084K [0x00000007aaa80000, 0x00000007ea200000, 0x0000000800000000)
  eden space 602624K, 0% used [0x00000007aaa80000,0x00000007aaa80000,0x00000007cf700000)
  from space 203776K, 65% used [0x00000007dc600000,0x00000007e48f1048,0x00000007e8d00000)
  to   space 211968K, 0% used [0x00000007cf700000,0x00000007cf700000,0x00000007dc600000)
 ParOldGen       total 463360K, used 447402K [0x0000000700000000, 0x000000071c480000, 0x00000007aaa80000)
  object space 463360K, 96% used [0x0000000700000000,0x000000071b4ea8f0,0x000000071c480000)
 PSPermGen       total 21504K, used 6283K [0x00000006f5a00000, 0x00000006f6f00000, 0x0000000700000000)
  object space 21504K, 29% used [0x00000006f5a00000,0x00000006f6022c30,0x00000006f6f00000)
}
Event: 19.991 GC heap before
{Heap before GC invocations=22 (full 4):
 PSYoungGen      total 806400K, used 134084K [0x00000007aaa80000, 0x00000007ea200000, 0x0000000800000000)
  eden space 602624K, 0% used [0x00000007aaa80000,0x00000007aaa80000,0x00000007cf700000)
  from space 203776K, 65% used [0x00000007dc600000,0x00000007e48f1048,0x00000007e8d00000)
  to   space 211968K, 0% used [0x00000007cf700000,0x00000007cf700000,0x00000007dc600000)
 ParOldGen       total 463360K, used 447402K [0x0000000700000000, 0x000000071c480000, 0x00000007aaa80000)
  object space 463360K, 96% used [0x0000000700000000,0x000000071b4ea8f0,0x000000071c480000)
 PSPermGen       total 21504K, used 6283K [0x00000006f5a00000, 0x00000006f6f00000, 0x0000000700000000)
  object space 21504K, 29% used [0x00000006f5a00000,0x00000006f6022c30,0x00000006f6f00000)
Event: 21.868 GC heap after
Heap after GC invocations=22 (full 4):
 PSYoungGen      total 806400K, used 70781K [0x00000007aaa80000, 0x00000007ea200000, 0x0000000800000000)
  eden space 602624K, 0% used [0x00000007aaa80000,0x00000007aaa80000,0x00000007cf700000)
  from space 203776K, 34% used [0x00000007dc600000,0x00000007e0b1f4b0,0x00000007e8d00000)
  to   space 211968K, 0% used [0x00000007cf700000,0x00000007cf700000,0x00000007dc600000)
 ParOldGen       total 701952K, used 462955K [0x0000000700000000, 0x000000072ad80000, 0x00000007aaa80000)
  object space 701952K, 65% used [0x0000000700000000,0x000000071c41ad98,0x000000072ad80000)
 PSPermGen       total 21504K, used 6282K [0x00000006f5a00000, 0x00000006f6f00000, 0x0000000700000000)
  object space 21504K, 29% used [0x00000006f5a00000,0x00000006f6022b30,0x00000006f6f00000)
}
Event: 23.125 GC heap before
{Heap before GC invocations=23 (full 4):
 PSYoungGen      total 806400K, used 673405K [0x00000007aaa80000, 0x00000007ea200000, 0x0000000800000000)
  eden space 602624K, 100% used [0x00000007aaa80000,0x00000007cf700000,0x00000007cf700000)
  from space 203776K, 34% used [0x00000007dc600000,0x00000007e0b1f4b0,0x00000007e8d00000)
  to   space 211968K, 0% used [0x00000007cf700000,0x00000007cf700000,0x00000007dc600000)
 ParOldGen       total 701952K, used 462955K [0x0000000700000000, 0x000000072ad80000, 0x00000007aaa80000)
  object space 701952K, 65% used [0x0000000700000000,0x000000071c41ad98,0x000000072ad80000)
 PSPermGen       total 21504K, used 6290K [0x00000006f5a00000, 0x00000006f6f00000, 0x0000000700000000)
  object space 21504K, 29% used [0x00000006f5a00000,0x00000006f6024bf0,0x00000006f6f00000)
Event: 23.424 GC heap after
Heap after GC invocations=23 (full 4):
 PSYoungGen      total 814592K, used 165798K [0x00000007aaa80000, 0x00000007f1600000, 0x0000000800000000)
  eden space 602624K, 0% used [0x00000007aaa80000,0x00000007aaa80000,0x00000007cf700000)
  from space 211968K, 78% used [0x00000007cf700000,0x00000007d98e9810,0x00000007dc600000)
  to   space 229888K, 0% used [0x00000007e3580000,0x00000007e3580000,0x00000007f1600000)
 ParOldGen       total 701952K, used 462955K [0x0000000700000000, 0x000000072ad80000, 0x00000007aaa80000)
  object space 701952K, 65% used [0x0000000700000000,0x000000071c41ad98,0x000000072ad80000)
 PSPermGen       total 21504K, used 6290K [0x00000006f5a00000, 0x00000006f6f00000, 0x0000000700000000)
  object space 21504K, 29% used [0x00000006f5a00000,0x00000006f6024bf0,0x00000006f6f00000)
}
Event: 24.664 GC heap before
{Heap before GC invocations=24 (full 4):
 PSYoungGen      total 814592K, used 768422K [0x00000007aaa80000, 0x00000007f1600000, 0x0000000800000000)
  eden space 602624K, 100% used [0x00000007aaa80000,0x00000007cf700000,0x00000007cf700000)
  from space 211968K, 78% used [0x00000007cf700000,0x00000007d98e9810,0x00000007dc600000)
  to   space 229888K, 0% used [0x00000007e3580000,0x00000007e3580000,0x00000007f1600000)
 ParOldGen       total 701952K, used 462955K [0x0000000700000000, 0x000000072ad80000, 0x00000007aaa80000)
  object space 701952K, 65% used [0x0000000700000000,0x000000071c41ad98,0x000000072ad80000)
 PSPermGen       total 21504K, used 6389K [0x00000006f5a00000, 0x00000006f6f00000, 0x0000000700000000)
  object space 21504K, 29% used [0x00000006f5a00000,0x00000006f603d400,0x00000006f6f00000)

Deoptimization events (10 events):
Event: 21.923 Thread 0x00007f0fdc00b000 Uncommon trap: reason=bimorphic action=maybe_recompile pc=0x00007f0fd9333050 method=com.android.dx.cf.code.BytecodeArray.parseInstruction(ILcom/android/dx/cf/code/BytecodeArray$Visitor;)I @ 1867
Event: 22.340 Thread 0x00007f0fdc00b000 Uncommon trap: reason=class_check action=maybe_recompile pc=0x00007f0fd92bb94c method=com.android.dx.ssa.back.FirstFitLocalCombiningAllocator.findNextUnreservedRopReg(IILcom/android/dx/ssa/back/FirstFitLocalCombiningAllocator$Alignment;)I @ 60
Event: 22.704 Thread 0x00007f0fdc00b000 Uncommon trap: reason=bimorphic action=maybe_recompile pc=0x00007f0fd9129a00 method=com.android.dx.ssa.SCCP.setLatticeValueTo(IILcom/android/dx/rop/cst/Constant;)Z @ 43
Event: 22.705 Thread 0x00007f0fdc00b000 Uncommon trap: reason=bimorphic action=maybe_recompile pc=0x00007f0fd9129a00 method=com.android.dx.ssa.SCCP.setLatticeValueTo(IILcom/android/dx/rop/cst/Constant;)Z @ 43
Event: 23.964 Thread 0x00007f0fdc00b000 Uncommon trap: reason=unreached action=reinterpret pc=0x00007f0fd92ab48c method=com.android.dx.cf.direct.StdAttributeFactory.parse0(Lcom/android/dx/cf/direct/DirectClassFile;ILjava/lang/String;IILcom/android/dx/cf/iface/ParseObserver;)Lcom/android/dx/cf/i
Event: 23.964 Thread 0x00007f0fdc00b000 Uncommon trap: reason=unreached action=reinterpret pc=0x00007f0fd91d5a28 method=com.android.dx.dex.cf.AttributeTranslator.translateInnerClasses(Lcom/android/dx/rop/cst/CstType;Lcom/android/dx/cf/iface/AttributeList;Z)Lcom/android/dx/rop/annotation/Annotat
Event: 23.987 Thread 0x00007f0fdc00b000 Uncommon trap: reason=unloaded action=reinterpret pc=0x00007f0fd92910b0 method=com.android.dx.dex.cf.AttributeTranslator.getClassAnnotations(Lcom/android/dx/cf/direct/DirectClassFile;Lcom/android/dx/dex/cf/CfOptions;)Lcom/android/dx/rop/annotation/Annotat
Event: 24.378 Thread 0x00007f0fdc00b000 Uncommon trap: reason=bimorphic action=maybe_recompile pc=0x00007f0fd91fb0c8 method=com.android.dx.cf.code.BytecodeArray.parseInstruction(ILcom/android/dx/cf/code/BytecodeArray$Visitor;)I @ 1083
Event: 24.378 Thread 0x00007f0fdc00b000 Uncommon trap: reason=bimorphic action=maybe_recompile pc=0x00007f0fd91fb0c8 method=com.android.dx.cf.code.BytecodeArray.parseInstruction(ILcom/android/dx/cf/code/BytecodeArray$Visitor;)I @ 1083
Event: 24.639 Thread 0x00007f0fdc00b000 Uncommon trap: reason=bimorphic action=maybe_recompile pc=0x00007f0fd9302858 method=com.android.dx.ssa.back.FirstFitLocalCombiningAllocator.findNextUnreservedRopReg(IILcom/android/dx/ssa/back/FirstFitLocalCombiningAllocator$Alignment;)I @ 60

Internal exceptions (10 events):
Event: 8.981 Thread 0x00007f0fdc00b000 Threw 0x00000007b392e4d0 at /build/openjdk-7-yI9zWD/openjdk-7-7u79-2.5.6/build/openjdk/hotspot/src/share/vm/prims/jvm.cpp:1284
Event: 9.242 Thread 0x00007f0fdc00b000 Threw 0x00000007b8da6e50 at /build/openjdk-7-yI9zWD/openjdk-7-7u79-2.5.6/build/openjdk/hotspot/src/share/vm/prims/jvm.cpp:1284
Event: 9.263 Thread 0x00007f0fdc00b000 Implicit null exception at 0x00007f0fd92371dd to 0x00007f0fd92373cd
Event: 9.263 Thread 0x00007f0fdc00b000 Implicit null exception at 0x00007f0fd907fee9 to 0x00007f0fd90800bd
Event: 9.264 Thread 0x00007f0fdc00b000 Implicit null exception at 0x00007f0fd91b0075 to 0x00007f0fd91b01d5
Event: 10.362 Thread 0x00007f0fdc00b000 Threw 0x00000007ab5d7cb8 at /build/openjdk-7-yI9zWD/openjdk-7-7u79-2.5.6/build/openjdk/hotspot/src/share/vm/prims/jvm.cpp:1284
Event: 10.369 Thread 0x00007f0fdc00b000 Threw 0x00000007ab6b7fd0 at /build/openjdk-7-yI9zWD/openjdk-7-7u79-2.5.6/build/openjdk/hotspot/src/share/vm/prims/jvm.cpp:1284
Event: 16.394 Thread 0x00007f0fdc00b000 Implicit null exception at 0x00007f0fd92c6692 to 0x00007f0fd92c686d
Event: 16.394 Thread 0x00007f0fdc00b000 Implicit null exception at 0x00007f0fd92cbbbe to 0x00007f0fd92cbd7d
Event: 21.917 Thread 0x00007f0fdc00b000 Implicit null exception at 0x00007f0fd90c0e0c to 0x00007f0fd90c0f0e

Events (10 events):
Event: 24.378 Thread 0x00007f0fdc00b000 Uncommon trap: trap_request=0xffffffc6 fr.pc=0x00007f0fd91fb0c8
Event: 24.378 Thread 0x00007f0fdc00b000 DEOPT PACKING pc=0x00007f0fd91fb0c8 sp=0x00007f0fe3c96f00
Event: 24.378 Thread 0x00007f0fdc00b000 DEOPT UNPACKING pc=0x00007f0fd9039445 sp=0x00007f0fe3c96ec8 mode 2
Event: 24.378 Thread 0x00007f0fdc00b000 Uncommon trap: trap_request=0xffffffc6 fr.pc=0x00007f0fd91fb0c8
Event: 24.378 Thread 0x00007f0fdc00b000 DEOPT PACKING pc=0x00007f0fd91fb0c8 sp=0x00007f0fe3c96f00
Event: 24.378 Thread 0x00007f0fdc00b000 DEOPT UNPACKING pc=0x00007f0fd9039445 sp=0x00007f0fe3c96ec8 mode 2
Event: 24.639 Thread 0x00007f0fdc00b000 Uncommon trap: trap_request=0xffffffc6 fr.pc=0x00007f0fd9302858
Event: 24.639 Thread 0x00007f0fdc00b000 DEOPT PACKING pc=0x00007f0fd9302858 sp=0x00007f0fe3c971e0
Event: 24.639 Thread 0x00007f0fdc00b000 DEOPT UNPACKING pc=0x00007f0fd9039445 sp=0x00007f0fe3c970b0 mode 2
Event: 24.664 Executing VM operation: ParallelGCFailedAllocation


Dynamic libraries:
00400000-00401000 r-xp 00000000 08:01 20712222                           /usr/lib/jvm/java-7-openjdk-amd64/jre/bin/java
00600000-00601000 r--p 00000000 08:01 20712222                           /usr/lib/jvm/java-7-openjdk-amd64/jre/bin/java
00601000-00602000 rw-p 00001000 08:01 20712222                           /usr/lib/jvm/java-7-openjdk-amd64/jre/bin/java
021dd000-021fe000 rw-p 00000000 00:00 0                                  [heap]
6f5a00000-6f6f00000 rw-p 00000000 00:00 0 
6f6f00000-700000000 rw-p 00000000 00:00 0 
700000000-72ad80000 rw-p 00000000 00:00 0 
72ad80000-7aaa80000 rw-p 00000000 00:00 0 
7aaa80000-7f1600000 rw-p 00000000 00:00 0 
7fa080000-800000000 rw-p 00000000 00:00 0 
7f0f94000000-7f0f94021000 rw-p 00000000 00:00 0 
7f0f94021000-7f0f98000000 ---p 00000000 00:00 0 
7f0f98000000-7f0f98021000 rw-p 00000000 00:00 0 
7f0f98021000-7f0f9c000000 ---p 00000000 00:00 0 
7f0f9c000000-7f0f9d7fa000 rw-p 00000000 00:00 0 
7f0f9d7fa000-7f0fa0000000 ---p 00000000 00:00 0 
7f0fa0000000-7f0fa19a1000 rw-p 00000000 00:00 0 
7f0fa19a1000-7f0fa4000000 ---p 00000000 00:00 0 
7f0fa4000000-7f0fa4021000 rw-p 00000000 00:00 0 
7f0fa4021000-7f0fa8000000 ---p 00000000 00:00 0 
7f0fa8000000-7f0fa8021000 rw-p 00000000 00:00 0 
7f0fa8021000-7f0fac000000 ---p 00000000 00:00 0 
7f0fac000000-7f0fac021000 rw-p 00000000 00:00 0 
7f0fac021000-7f0fb0000000 ---p 00000000 00:00 0 
7f0fb3ad0000-7f0fbc000000 rw-p 00000000 00:00 0 
7f0fbc000000-7f0fbc021000 rw-p 00000000 00:00 0 
7f0fbc021000-7f0fc0000000 ---p 00000000 00:00 0 
7f0fc0000000-7f0fc023f000 rw-p 00000000 00:00 0 
7f0fc023f000-7f0fc4000000 ---p 00000000 00:00 0 
7f0fc4000000-7f0fc4021000 rw-p 00000000 00:00 0 
7f0fc4021000-7f0fc8000000 ---p 00000000 00:00 0 
7f0fcb246000-7f0fcb547000 rw-p 00000000 00:00 0 
7f0fcb547000-7f0fcb5b3000 r-xp 00000000 08:01 22020192                   /lib/x86_64-linux-gnu/libpcre.so.3.13.1
7f0fcb5b3000-7f0fcb7b2000 ---p 0006c000 08:01 22020192                   /lib/x86_64-linux-gnu/libpcre.so.3.13.1
7f0fcb7b2000-7f0fcb7b3000 r--p 0006b000 08:01 22020192                   /lib/x86_64-linux-gnu/libpcre.so.3.13.1
7f0fcb7b3000-7f0fcb7b4000 rw-p 0006c000 08:01 22020192                   /lib/x86_64-linux-gnu/libpcre.so.3.13.1
7f0fcb7b4000-7f0fcb7bb000 r-xp 00000000 08:01 20455638                   /usr/lib/x86_64-linux-gnu/libffi.so.6.0.4
7f0fcb7bb000-7f0fcb9ba000 ---p 00007000 08:01 20455638                   /usr/lib/x86_64-linux-gnu/libffi.so.6.0.4
7f0fcb9ba000-7f0fcb9bb000 r--p 00006000 08:01 20455638                   /usr/lib/x86_64-linux-gnu/libffi.so.6.0.4
7f0fcb9bb000-7f0fcb9bc000 rw-p 00007000 08:01 20455638                   /usr/lib/x86_64-linux-gnu/libffi.so.6.0.4
7f0fcb9bc000-7f0fcb9d3000 r-xp 00000000 08:01 22024473                   /lib/x86_64-linux-gnu/libresolv-2.21.so
7f0fcb9d3000-7f0fcbbd3000 ---p 00017000 08:01 22024473                   /lib/x86_64-linux-gnu/libresolv-2.21.so
7f0fcbbd3000-7f0fcbbd5000 r--p 00017000 08:01 22024473                   /lib/x86_64-linux-gnu/libresolv-2.21.so
7f0fcbbd5000-7f0fcbbd6000 rw-p 00019000 08:01 22024473                   /lib/x86_64-linux-gnu/libresolv-2.21.so
7f0fcbbd6000-7f0fcbbd8000 rw-p 00000000 00:00 0 
7f0fcbbd8000-7f0fcbbf9000 r-xp 00000000 08:01 22024477                   /lib/x86_64-linux-gnu/libselinux.so.1
7f0fcbbf9000-7f0fcbdf8000 ---p 00021000 08:01 22024477                   /lib/x86_64-linux-gnu/libselinux.so.1
7f0fcbdf8000-7f0fcbdf9000 r--p 00020000 08:01 22024477                   /lib/x86_64-linux-gnu/libselinux.so.1
7f0fcbdf9000-7f0fcbdfa000 rw-p 00021000 08:01 22024477                   /lib/x86_64-linux-gnu/libselinux.so.1
7f0fcbdfa000-7f0fcbdfc000 rw-p 00000000 00:00 0 
7f0fcbdfc000-7f0fcbdff000 r-xp 00000000 08:01 20447655                   /usr/lib/x86_64-linux-gnu/libgmodule-2.0.so.0.4400.1
7f0fcbdff000-7f0fcbffe000 ---p 00003000 08:01 20447655                   /usr/lib/x86_64-linux-gnu/libgmodule-2.0.so.0.4400.1
7f0fcbffe000-7f0fcbfff000 r--p 00002000 08:01 20447655                   /usr/lib/x86_64-linux-gnu/libgmodule-2.0.so.0.4400.1
7f0fcbfff000-7f0fcc000000 rw-p 00003000 08:01 20447655                   /usr/lib/x86_64-linux-gnu/libgmodule-2.0.so.0.4400.1
7f0fcc000000-7f0fcc021000 rw-p 00000000 00:00 0 
7f0fcc021000-7f0fd0000000 ---p 00000000 00:00 0 
7f0fd0078000-7f0fd0185000 r-xp 00000000 08:01 22024241                   /lib/x86_64-linux-gnu/libglib-2.0.so.0.4400.1
7f0fd0185000-7f0fd0384000 ---p 0010d000 08:01 22024241                   /lib/x86_64-linux-gnu/libglib-2.0.so.0.4400.1
7f0fd0384000-7f0fd0385000 r--p 0010c000 08:01 22024241                   /lib/x86_64-linux-gnu/libglib-2.0.so.0.4400.1
7f0fd0385000-7f0fd0386000 rw-p 0010d000 08:01 22024241                   /lib/x86_64-linux-gnu/libglib-2.0.so.0.4400.1
7f0fd0386000-7f0fd0387000 rw-p 00000000 00:00 0 
7f0fd0387000-7f0fd03d7000 r-xp 00000000 08:01 20447615                   /usr/lib/x86_64-linux-gnu/libgobject-2.0.so.0.4400.1
7f0fd03d7000-7f0fd05d7000 ---p 00050000 08:01 20447615                   /usr/lib/x86_64-linux-gnu/libgobject-2.0.so.0.4400.1
7f0fd05d7000-7f0fd05d8000 r--p 00050000 08:01 20447615                   /usr/lib/x86_64-linux-gnu/libgobject-2.0.so.0.4400.1
7f0fd05d8000-7f0fd05d9000 rw-p 00051000 08:01 20447615                   /usr/lib/x86_64-linux-gnu/libgobject-2.0.so.0.4400.1
7f0fd05d9000-7f0fd0751000 r-xp 00000000 08:01 20447637                   /usr/lib/x86_64-linux-gnu/libgio-2.0.so.0.4400.1
7f0fd0751000-7f0fd0951000 ---p 00178000 08:01 20447637                   /usr/lib/x86_64-linux-gnu/libgio-2.0.so.0.4400.1
7f0fd0951000-7f0fd0955000 r--p 00178000 08:01 20447637                   /usr/lib/x86_64-linux-gnu/libgio-2.0.so.0.4400.1
7f0fd0955000-7f0fd0957000 rw-p 0017c000 08:01 20447637                   /usr/lib/x86_64-linux-gnu/libgio-2.0.so.0.4400.1
7f0fd0957000-7f0fd0959000 rw-p 00000000 00:00 0 
7f0fd0959000-7f0fd0970000 r-xp 00000000 08:01 20587083                   /usr/lib/jvm/java-7-openjdk-amd64/jre/lib/amd64/libnet.so
7f0fd0970000-7f0fd0b6f000 ---p 00017000 08:01 20587083                   /usr/lib/jvm/java-7-openjdk-amd64/jre/lib/amd64/libnet.so
7f0fd0b6f000-7f0fd0b70000 r--p 00016000 08:01 20587083                   /usr/lib/jvm/java-7-openjdk-amd64/jre/lib/amd64/libnet.so
7f0fd0b70000-7f0fd0b71000 rw-p 00017000 08:01 20587083                   /usr/lib/jvm/java-7-openjdk-amd64/jre/lib/amd64/libnet.so
7f0fd0b71000-7f0fd0b82000 r-xp 00000000 08:01 20587088                   /usr/lib/jvm/java-7-openjdk-amd64/jre/lib/amd64/libnio.so
7f0fd0b82000-7f0fd0d81000 ---p 00011000 08:01 20587088                   /usr/lib/jvm/java-7-openjdk-amd64/jre/lib/amd64/libnio.so
7f0fd0d81000-7f0fd0d82000 r--p 00010000 08:01 20587088                   /usr/lib/jvm/java-7-openjdk-amd64/jre/lib/amd64/libnio.so
7f0fd0d82000-7f0fd0d83000 rw-p 00011000 08:01 20587088                   /usr/lib/jvm/java-7-openjdk-amd64/jre/lib/amd64/libnio.so
7f0fd0d83000-7f0fd0e4f000 r--s 00939000 08:01 30016426                   /home/sharan/AndroidStudioProjects/Muser/muser/build/intermediates/multi-dex/debug/allclasses.jar
7f0fd0e4f000-7f0fd0e50000 ---p 00000000 00:00 0 
7f0fd0e50000-7f0fd0f50000 rw-p 00000000 00:00 0                          [stack:26263]
7f0fd0f50000-7f0fd0f53000 ---p 00000000 00:00 0 
7f0fd0f53000-7f0fd1051000 rw-p 00000000 00:00 0                          [stack:26262]
7f0fd1051000-7f0fd1054000 ---p 00000000 00:00 0 
7f0fd1054000-7f0fd1152000 rw-p 00000000 00:00 0                          [stack:26261]
7f0fd1152000-7f0fd1155000 ---p 00000000 00:00 0 
7f0fd1155000-7f0fd1253000 rw-p 00000000 00:00 0                          [stack:26260]
7f0fd1253000-7f0fd1258000 r-xp 00000000 08:01 20455330                   /usr/lib/x86_64-linux-gnu/libXdmcp.so.6.0.0
7f0fd1258000-7f0fd1457000 ---p 00005000 08:01 20455330                   /usr/lib/x86_64-linux-gnu/libXdmcp.so.6.0.0
7f0fd1457000-7f0fd1458000 r--p 00004000 08:01 20455330                   /usr/lib/x86_64-linux-gnu/libXdmcp.so.6.0.0
7f0fd1458000-7f0fd1459000 rw-p 00005000 08:01 20455330                   /usr/lib/x86_64-linux-gnu/libXdmcp.so.6.0.0
7f0fd1459000-7f0fd145b000 r-xp 00000000 08:01 20455319                   /usr/lib/x86_64-linux-gnu/libXau.so.6.0.0
7f0fd145b000-7f0fd165b000 ---p 00002000 08:01 20455319                   /usr/lib/x86_64-linux-gnu/libXau.so.6.0.0
7f0fd165b000-7f0fd165c000 r--p 00002000 08:01 20455319                   /usr/lib/x86_64-linux-gnu/libXau.so.6.0.0
7f0fd165c000-7f0fd165d000 rw-p 00003000 08:01 20455319                   /usr/lib/x86_64-linux-gnu/libXau.so.6.0.0
7f0fd165d000-7f0fd167a000 r-xp 00000000 08:01 20456517                   /usr/lib/x86_64-linux-gnu/libxcb.so.1.1.0
7f0fd167a000-7f0fd187a000 ---p 0001d000 08:01 20456517                   /usr/lib/x86_64-linux-gnu/libxcb.so.1.1.0
7f0fd187a000-7f0fd187b000 r--p 0001d000 08:01 20456517                   /usr/lib/x86_64-linux-gnu/libxcb.so.1.1.0
7f0fd187b000-7f0fd187c000 rw-p 0001e000 08:01 20456517                   /usr/lib/x86_64-linux-gnu/libxcb.so.1.1.0
7f0fd187c000-7f0fd19af000 r-xp 00000000 08:01 20455315                   /usr/lib/x86_64-linux-gnu/libX11.so.6.3.0
7f0fd19af000-7f0fd1baf000 ---p 00133000 08:01 20455315                   /usr/lib/x86_64-linux-gnu/libX11.so.6.3.0
7f0fd1baf000-7f0fd1bb0000 r--p 00133000 08:01 20455315                   /usr/lib/x86_64-linux-gnu/libX11.so.6.3.0
7f0fd1bb0000-7f0fd1bb4000 rw-p 00134000 08:01 20455315                   /usr/lib/x86_64-linux-gnu/libX11.so.6.3.0
7f0fd1bb4000-7f0fd1bb5000 rw-p 00000000 00:00 0 
7f0fd1bb5000-7f0fd1bb7000 r-xp 00000000 08:01 20452766                   /usr/lib/jayatana/libjayatanaag.so
7f0fd1bb7000-7f0fd1db6000 ---p 00002000 08:01 20452766                   /usr/lib/jayatana/libjayatanaag.so
7f0fd1db6000-7f0fd1db7000 r--p 00001000 08:01 20452766                   /usr/lib/jayatana/libjayatanaag.so
7f0fd1db7000-7f0fd1db8000 rw-p 00002000 08:01 20452766                   /usr/lib/jayatana/libjayatanaag.so
7f0fd1db8000-7f0fd1dbb000 ---p 00000000 00:00 0 
7f0fd1dbb000-7f0fd1eb9000 rw-p 00000000 00:00 0                          [stack:26259]
7f0fd1eb9000-7f0fd259b000 r--p 00000000 08:01 20454393                   /usr/lib/locale/locale-archive
7f0fd259b000-7f0fd259e000 ---p 00000000 00:00 0 
7f0fd259e000-7f0fd269c000 rw-p 00000000 00:00 0                          [stack:26258]
7f0fd269c000-7f0fd269f000 ---p 00000000 00:00 0 
7f0fd269f000-7f0fd279d000 rw-p 00000000 00:00 0                          [stack:26257]
7f0fd279d000-7f0fd279e000 ---p 00000000 00:00 0 
7f0fd279e000-7f0fd4000000 rw-p 00000000 00:00 0                          [stack:26256]
7f0fd4000000-7f0fd4021000 rw-p 00000000 00:00 0 
7f0fd4021000-7f0fd8000000 ---p 00000000 00:00 0 
7f0fd8036000-7f0fd807f000 rw-p 00000000 00:00 0 
7f0fd807f000-7f0fd8230000 r--s 01d29000 08:01 20587021                   /usr/lib/jvm/java-7-openjdk-amd64/jre/lib/rt.jar
7f0fd8230000-7f0fd8355000 rw-p 00000000 00:00 0 
7f0fd8355000-7f0fd8356000 ---p 00000000 00:00 0 
7f0fd8356000-7f0fd8456000 rw-p 00000000 00:00 0                          [stack:26255]
7f0fd8456000-7f0fd8457000 ---p 00000000 00:00 0 
7f0fd8457000-7f0fd8557000 rw-p 00000000 00:00 0                          [stack:26254]
7f0fd8557000-7f0fd8558000 ---p 00000000 00:00 0 
7f0fd8558000-7f0fd8658000 rw-p 00000000 00:00 0                          [stack:26253]
7f0fd8658000-7f0fd8659000 ---p 00000000 00:00 0 
7f0fd8659000-7f0fd8764000 rw-p 00000000 00:00 0                          [stack:26252]
7f0fd8764000-7f0fd87ac000 rw-p 00000000 00:00 0 
7f0fd87ac000-7f0fd87b7000 rw-p 00000000 00:00 0 
7f0fd87b7000-7f0fd87ff000 rw-p 00000000 00:00 0 
7f0fd87ff000-7f0fd8956000 rw-p 00000000 00:00 0 
7f0fd8956000-7f0fd8d54000 rw-p 00000000 00:00 0 
7f0fd8d54000-7f0fd8f8a000 rw-p 00000000 00:00 0 
7f0fd8f8a000-7f0fd8fff000 rw-p 00000000 00:00 0 
7f0fd8fff000-7f0fd9000000 rw-p 00000000 00:00 0 
7f0fd9000000-7f0fd9420000 rwxp 00000000 00:00 0 
7f0fd9420000-7f0fdc479000 rw-p 00000000 00:00 0 
7f0fdc479000-7f0fe0000000 ---p 00000000 00:00 0 
7f0fe0025000-7f0fe017c000 rw-p 00000000 00:00 0 
7f0fe017c000-7f0fe057b000 rw-p 00000000 00:00 0 
7f0fe057b000-7f0fe0583000 r-xp 00000000 08:01 20587054                   /usr/lib/jvm/java-7-openjdk-amd64/jre/lib/amd64/libzip.so
7f0fe0583000-7f0fe0782000 ---p 00008000 08:01 20587054                   /usr/lib/jvm/java-7-openjdk-amd64/jre/lib/amd64/libzip.so
7f0fe0782000-7f0fe0783000 r--p 00007000 08:01 20587054                   /usr/lib/jvm/java-7-openjdk-amd64/jre/lib/amd64/libzip.so
7f0fe0783000-7f0fe0784000 rw-p 00008000 08:01 20587054                   /usr/lib/jvm/java-7-openjdk-amd64/jre/lib/amd64/libzip.so
7f0fe0784000-7f0fe0790000 r-xp 00000000 08:01 22024420                   /lib/x86_64-linux-gnu/libnss_files-2.21.so
7f0fe0790000-7f0fe098f000 ---p 0000c000 08:01 22024420                   /lib/x86_64-linux-gnu/libnss_files-2.21.so
7f0fe098f000-7f0fe0990000 r--p 0000b000 08:01 22024420                   /lib/x86_64-linux-gnu/libnss_files-2.21.so
7f0fe0990000-7f0fe0991000 rw-p 0000c000 08:01 22024420                   /lib/x86_64-linux-gnu/libnss_files-2.21.so
7f0fe0991000-7f0fe099c000 r-xp 00000000 08:01 22024430                   /lib/x86_64-linux-gnu/libnss_nis-2.21.so
7f0fe099c000-7f0fe0b9b000 ---p 0000b000 08:01 22024430                   /lib/x86_64-linux-gnu/libnss_nis-2.21.so
7f0fe0b9b000-7f0fe0b9c000 r--p 0000a000 08:01 22024430                   /lib/x86_64-linux-gnu/libnss_nis-2.21.so
7f0fe0b9c000-7f0fe0b9d000 rw-p 0000b000 08:01 22024430                   /lib/x86_64-linux-gnu/libnss_nis-2.21.so
7f0fe0b9d000-7f0fe0bb4000 r-xp 00000000 08:01 22024414                   /lib/x86_64-linux-gnu/libnsl-2.21.so
7f0fe0bb4000-7f0fe0db3000 ---p 00017000 08:01 22024414                   /lib/x86_64-linux-gnu/libnsl-2.21.so
7f0fe0db3000-7f0fe0db4000 r--p 00016000 08:01 22024414                   /lib/x86_64-linux-gnu/libnsl-2.21.so
7f0fe0db4000-7f0fe0db5000 rw-p 00017000 08:01 22024414                   /lib/x86_64-linux-gnu/libnsl-2.21.so
7f0fe0db5000-7f0fe0db7000 rw-p 00000000 00:00 0 
7f0fe0db7000-7f0fe0dbf000 r-xp 00000000 08:01 22024416                   /lib/x86_64-linux-gnu/libnss_compat-2.21.so
7f0fe0dbf000-7f0fe0fbe000 ---p 00008000 08:01 22024416                   /lib/x86_64-linux-gnu/libnss_compat-2.21.so
7f0fe0fbe000-7f0fe0fbf000 r--p 00007000 08:01 22024416                   /lib/x86_64-linux-gnu/libnss_compat-2.21.so
7f0fe0fbf000-7f0fe0fc0000 rw-p 00008000 08:01 22024416                   /lib/x86_64-linux-gnu/libnss_compat-2.21.so
7f0fe0fc0000-7f0fe0fca000 r-xp 00000000 08:01 20587084                   /usr/lib/jvm/java-7-openjdk-amd64/jre/lib/amd64/libinstrument.so
7f0fe0fca000-7f0fe11c9000 ---p 0000a000 08:01 20587084                   /usr/lib/jvm/java-7-openjdk-amd64/jre/lib/amd64/libinstrument.so
7f0fe11c9000-7f0fe11ca000 r--p 00009000 08:01 20587084                   /usr/lib/jvm/java-7-openjdk-amd64/jre/lib/amd64/libinstrument.so
7f0fe11ca000-7f0fe11cb000 rw-p 0000a000 08:01 20587084                   /usr/lib/jvm/java-7-openjdk-amd64/jre/lib/amd64/libinstrument.so
7f0fe11cb000-7f0fe11f8000 r-xp 00000000 08:01 20587091                   /usr/lib/jvm/java-7-openjdk-amd64/jre/lib/amd64/libjava.so
7f0fe11f8000-7f0fe13f7000 ---p 0002d000 08:01 20587091                   /usr/lib/jvm/java-7-openjdk-amd64/jre/lib/amd64/libjava.so
7f0fe13f7000-7f0fe13f8000 r--p 0002c000 08:01 20587091                   /usr/lib/jvm/java-7-openjdk-amd64/jre/lib/amd64/libjava.so
7f0fe13f8000-7f0fe13fa000 rw-p 0002d000 08:01 20587091                   /usr/lib/jvm/java-7-openjdk-amd64/jre/lib/amd64/libjava.so
7f0fe13fa000-7f0fe1409000 r-xp 00000000 08:01 20587072                   /usr/lib/jvm/java-7-openjdk-amd64/jre/lib/amd64/libverify.so
7f0fe1409000-7f0fe1608000 ---p 0000f000 08:01 20587072                   /usr/lib/jvm/java-7-openjdk-amd64/jre/lib/amd64/libverify.so
7f0fe1608000-7f0fe160b000 r--p 0000e000 08:01 20587072                   /usr/lib/jvm/java-7-openjdk-amd64/jre/lib/amd64/libverify.so
7f0fe160b000-7f0fe160c000 rw-p 00011000 08:01 20587072                   /usr/lib/jvm/java-7-openjdk-amd64/jre/lib/amd64/libverify.so
7f0fe160c000-7f0fe1613000 r-xp 00000000 08:01 22024475                   /lib/x86_64-linux-gnu/librt-2.21.so
7f0fe1613000-7f0fe1812000 ---p 00007000 08:01 22024475                   /lib/x86_64-linux-gnu/librt-2.21.so
7f0fe1812000-7f0fe1813000 r--p 00006000 08:01 22024475                   /lib/x86_64-linux-gnu/librt-2.21.so
7f0fe1813000-7f0fe1814000 rw-p 00007000 08:01 22024475                   /lib/x86_64-linux-gnu/librt-2.21.so
7f0fe1814000-7f0fe182a000 r-xp 00000000 08:01 22024363                   /lib/x86_64-linux-gnu/libgcc_s.so.1
7f0fe182a000-7f0fe1a29000 ---p 00016000 08:01 22024363                   /lib/x86_64-linux-gnu/libgcc_s.so.1
7f0fe1a29000-7f0fe1a2a000 rw-p 00015000 08:01 22024363                   /lib/x86_64-linux-gnu/libgcc_s.so.1
7f0fe1a2a000-7f0fe1b31000 r-xp 00000000 08:01 22024393                   /lib/x86_64-linux-gnu/libm-2.21.so
7f0fe1b31000-7f0fe1d30000 ---p 00107000 08:01 22024393                   /lib/x86_64-linux-gnu/libm-2.21.so
7f0fe1d30000-7f0fe1d31000 r--p 00106000 08:01 22024393                   /lib/x86_64-linux-gnu/libm-2.21.so
7f0fe1d31000-7f0fe1d32000 rw-p 00107000 08:01 22024393                   /lib/x86_64-linux-gnu/libm-2.21.so
7f0fe1d32000-7f0fe1e22000 r-xp 00000000 08:01 20456311                   /usr/lib/x86_64-linux-gnu/libstdc++.so.6.0.20
7f0fe1e22000-7f0fe2022000 ---p 000f0000 08:01 20456311                   /usr/lib/x86_64-linux-gnu/libstdc++.so.6.0.20
7f0fe2022000-7f0fe202a000 r--p 000f0000 08:01 20456311                   /usr/lib/x86_64-linux-gnu/libstdc++.so.6.0.20
7f0fe202a000-7f0fe202c000 rw-p 000f8000 08:01 20456311                   /usr/lib/x86_64-linux-gnu/libstdc++.so.6.0.20
7f0fe202c000-7f0fe2041000 rw-p 00000000 00:00 0 
7f0fe2041000-7f0fe2b99000 r-xp 00000000 08:01 20587060                   /usr/lib/jvm/java-7-openjdk-amd64/jre/lib/amd64/server/libjvm.so
7f0fe2b99000-7f0fe2d98000 ---p 00b58000 08:01 20587060                   /usr/lib/jvm/java-7-openjdk-amd64/jre/lib/amd64/server/libjvm.so
7f0fe2d98000-7f0fe2e37000 r--p 00b57000 08:01 20587060                   /usr/lib/jvm/java-7-openjdk-amd64/jre/lib/amd64/server/libjvm.so
7f0fe2e37000-7f0fe2e5a000 rw-p 00bf6000 08:01 20587060                   /usr/lib/jvm/java-7-openjdk-amd64/jre/lib/amd64/server/libjvm.so
7f0fe2e5a000-7f0fe2e87000 rw-p 00000000 00:00 0 
7f0fe2e87000-7f0fe2ea0000 r-xp 00000000 08:01 22024508                   /lib/x86_64-linux-gnu/libz.so.1.2.8
7f0fe2ea0000-7f0fe30a0000 ---p 00019000 08:01 22024508                   /lib/x86_64-linux-gnu/libz.so.1.2.8
7f0fe30a0000-7f0fe30a1000 r--p 00019000 08:01 22024508                   /lib/x86_64-linux-gnu/libz.so.1.2.8
7f0fe30a1000-7f0fe30a2000 rw-p 0001a000 08:01 22024508                   /lib/x86_64-linux-gnu/libz.so.1.2.8
7f0fe30a2000-7f0fe30ba000 r-xp 00000000 08:01 22024467                   /lib/x86_64-linux-gnu/libpthread-2.21.so
7f0fe30ba000-7f0fe32ba000 ---p 00018000 08:01 22024467                   /lib/x86_64-linux-gnu/libpthread-2.21.so
7f0fe32ba000-7f0fe32bb000 r--p 00018000 08:01 22024467                   /lib/x86_64-linux-gnu/libpthread-2.21.so
7f0fe32bb000-7f0fe32bc000 rw-p 00019000 08:01 22024467                   /lib/x86_64-linux-gnu/libpthread-2.21.so
7f0fe32bc000-7f0fe32c0000 rw-p 00000000 00:00 0 
7f0fe32c0000-7f0fe32c3000 r-xp 00000000 08:01 22024351                   /lib/x86_64-linux-gnu/libdl-2.21.so
7f0fe32c3000-7f0fe34c2000 ---p 00003000 08:01 22024351                   /lib/x86_64-linux-gnu/libdl-2.21.so
7f0fe34c2000-7f0fe34c3000 r--p 00002000 08:01 22024351                   /lib/x86_64-linux-gnu/libdl-2.21.so
7f0fe34c3000-7f0fe34c4000 rw-p 00003000 08:01 22024351                   /lib/x86_64-linux-gnu/libdl-2.21.so
7f0fe34c4000-7f0fe3684000 r-xp 00000000 08:01 22024334                   /lib/x86_64-linux-gnu/libc-2.21.so
7f0fe3684000-7f0fe3884000 ---p 001c0000 08:01 22024334                   /lib/x86_64-linux-gnu/libc-2.21.so
7f0fe3884000-7f0fe3888000 r--p 001c0000 08:01 22024334                   /lib/x86_64-linux-gnu/libc-2.21.so
7f0fe3888000-7f0fe388a000 rw-p 001c4000 08:01 22024334                   /lib/x86_64-linux-gnu/libc-2.21.so
7f0fe388a000-7f0fe388e000 rw-p 00000000 00:00 0 
7f0fe388e000-7f0fe389b000 r-xp 00000000 08:01 20587057                   /usr/lib/jvm/java-7-openjdk-amd64/jre/lib/amd64/jli/libjli.so
7f0fe389b000-7f0fe3a9a000 ---p 0000d000 08:01 20587057                   /usr/lib/jvm/java-7-openjdk-amd64/jre/lib/amd64/jli/libjli.so
7f0fe3a9a000-7f0fe3a9b000 r--p 0000c000 08:01 20587057                   /usr/lib/jvm/java-7-openjdk-amd64/jre/lib/amd64/jli/libjli.so
7f0fe3a9b000-7f0fe3a9c000 rw-p 0000d000 08:01 20587057                   /usr/lib/jvm/java-7-openjdk-amd64/jre/lib/amd64/jli/libjli.so
7f0fe3a9c000-7f0fe3ac0000 r-xp 00000000 08:01 22024306                   /lib/x86_64-linux-gnu/ld-2.21.so
7f0fe3ac8000-7f0fe3ac9000 rw-p 00000000 00:00 0 
7f0fe3ac9000-7f0fe3ad8000 r--s 000dd000 08:01 21636737                   /home/sharan/Android/Sdk/build-tools/21.1.2/lib/dx.jar
7f0fe3ad8000-7f0fe3ae9000 rw-p 00000000 00:00 0 
7f0fe3ae9000-7f0fe3b98000 rw-p 00000000 00:00 0 
7f0fe3b98000-7f0fe3b9b000 ---p 00000000 00:00 0 
7f0fe3b9b000-7f0fe3c9e000 rw-p 00000000 00:00 0                          [stack:26251]
7f0fe3c9e000-7f0fe3c9f000 r--s 00000000 08:01 20979860                   /usr/share/java/jayatanaag.jar
7f0fe3c9f000-7f0fe3ca3000 r--s 00034000 08:01 20587040                   /usr/lib/jvm/java-7-openjdk-amd64/jre/lib/ext/sunjce_provider.jar
7f0fe3ca3000-7f0fe3ca7000 r--s 0003c000 08:01 20587041                   /usr/lib/jvm/java-7-openjdk-amd64/jre/lib/ext/sunpkcs11.jar
7f0fe3ca7000-7f0fe3caa000 r--s 0000f000 08:01 20587042                   /usr/lib/jvm/java-7-openjdk-amd64/jre/lib/ext/icedtea-sound.jar
7f0fe3caa000-7f0fe3cae000 r--s 00085000 08:01 20587038                   /usr/lib/jvm/java-7-openjdk-amd64/jre/lib/ext/localedata.jar
7f0fe3cae000-7f0fe3cb0000 r--s 00012000 08:01 20587043                   /usr/lib/jvm/java-7-openjdk-amd64/jre/lib/ext/zipfs.jar
7f0fe3cb0000-7f0fe3cb2000 r--s 00006000 08:01 20971724                   /usr/share/java/java-atk-wrapper.jar
7f0fe3cb2000-7f0fe3cb3000 r--s 00002000 08:01 20587039                   /usr/lib/jvm/java-7-openjdk-amd64/jre/lib/ext/dnsns.jar
7f0fe3cb3000-7f0fe3cbb000 rw-s 00000000 08:01 3016135                    /tmp/hsperfdata_sharan/26246
7f0fe3cbb000-7f0fe3cbc000 rw-p 00000000 00:00 0 
7f0fe3cbc000-7f0fe3cbd000 ---p 00000000 00:00 0 
7f0fe3cbd000-7f0fe3cbf000 rw-p 00000000 00:00 0 
7f0fe3cbf000-7f0fe3cc0000 r--p 00023000 08:01 22024306                   /lib/x86_64-linux-gnu/ld-2.21.so
7f0fe3cc0000-7f0fe3cc1000 rw-p 00024000 08:01 22024306                   /lib/x86_64-linux-gnu/ld-2.21.so
7f0fe3cc1000-7f0fe3cc2000 rw-p 00000000 00:00 0 
7fff3b2d1000-7fff3b2f2000 rw-p 00000000 00:00 0                          [stack]
7fff3b3f8000-7fff3b3fa000 r--p 00000000 00:00 0                          [vvar]
7fff3b3fa000-7fff3b3fc000 r-xp 00000000 00:00 0                          [vdso]
ffffffffff600000-ffffffffff601000 r-xp 00000000 00:00 0                  [vsyscall]

VM Arguments:
jvm_args: -javaagent:/usr/share/java/jayatanaag.jar -Xmx4g -Dfile.encoding=UTF-8 -Duser.country=IN -Duser.language=en -Duser.variant 
java_command: com.android.dx.command.Main --dex --force-jumbo --multi-dex --main-dex-list /home/sharan/AndroidStudioProjects/Muser/muser/build/intermediates/multi-dex/debug/maindexlist.txt --output /home/sharan/AndroidStudioProjects/Muser/muser/build/intermediates/dex/debug /home/sharan/AndroidStudioProjects/Muser/muser/build/intermediates/multi-dex/debug/allclasses.jar
Launcher Type: SUN_STANDARD

Environment Variables:
JAVA_HOME=/usr/lib/jvm/java-8-oracle
JAVA_TOOL_OPTIONS=-javaagent:/usr/share/java/jayatanaag.jar 
PATH=/usr/local/sbin:/usr/local/bin:/usr/sbin:/usr/bin:/sbin:/bin:/usr/games:/usr/local/games:/usr/lib/jvm/java-8-oracle/bin:/usr/lib/jvm/java-8-oracle/db/bin:/usr/lib/jvm/java-8-oracle/jre/bin
LD_LIBRARY_PATH=/opt/android-studio/bin:
SHELL=/bin/bash
DISPLAY=:0

Signal Handlers:
SIGSEGV: [libjvm.so+0x98ac50], sa_mask[0]=0x7ffbfeff, sa_flags=0x10000004
SIGBUS: [libjvm.so+0x98ac50], sa_mask[0]=0x7ffbfeff, sa_flags=0x10000004
SIGFPE: [libjvm.so+0x7f8ab0], sa_mask[0]=0x7ffbfeff, sa_flags=0x10000004
SIGPIPE: [libjvm.so+0x7f8ab0], sa_mask[0]=0x7ffbfeff, sa_flags=0x10000004
SIGXFSZ: [libjvm.so+0x7f8ab0], sa_mask[0]=0x7ffbfeff, sa_flags=0x10000004
SIGILL: [libjvm.so+0x7f8ab0], sa_mask[0]=0x7ffbfeff, sa_flags=0x10000004
SIGUSR1: SIG_DFL, sa_mask[0]=0x00000000, sa_flags=0x00000000
SIGUSR2: [libjvm.so+0x7f8930], sa_mask[0]=0x00000004, sa_flags=0x10000004
SIGHUP: [libjvm.so+0x7f8b30], sa_mask[0]=0x7ffbfeff, sa_flags=0x10000004
SIGINT: [libjvm.so+0x7f8b30], sa_mask[0]=0x7ffbfeff, sa_flags=0x10000004
SIGTERM: [libjvm.so+0x7f8b30], sa_mask[0]=0x7ffbfeff, sa_flags=0x10000004
SIGQUIT: [libjvm.so+0x7f8b30], sa_mask[0]=0x7ffbfeff, sa_flags=0x10000004
SIGTRAP: SIG_DFL, sa_mask[0]=0x00000000, sa_flags=0x00000000


---------------  S Y S T E M  ---------------

OS:Ubuntu 15.04 (vivid)
uname:Linux 3.19.0-26-generic #28-Ubuntu SMP Tue Aug 11 14:16:32 UTC 2015 x86_64
libc:glibc 2.21 NPTL 2.21 
rlimit: STACK 8192k, CORE 0k, NPROC 31366, NOFILE 65536, AS infinity
load average:5.66 3.28 2.26

/proc/meminfo:
MemTotal:        8052020 kB
MemFree:          131632 kB
MemAvailable:     122736 kB
Buffers:            2304 kB
Cached:          1456156 kB
SwapCached:            0 kB
Active:          6412780 kB
Inactive:        1319732 kB
Active(anon):    6392848 kB
Inactive(anon):  1236888 kB
Active(file):      19932 kB
Inactive(file):    82844 kB
Unevictable:          32 kB
Mlocked:              32 kB
SwapTotal:             0 kB
SwapFree:              0 kB
Dirty:                40 kB
Writeback:             0 kB
AnonPages:       6274900 kB
Mapped:           635988 kB
Shmem:           1354924 kB
Slab:              86648 kB
SReclaimable:      48376 kB
SUnreclaim:        38272 kB
KernelStack:       10928 kB
PageTables:        46684 kB
NFS_Unstable:          0 kB
Bounce:                0 kB
WritebackTmp:          0 kB
CommitLimit:     4026008 kB
Committed_AS:   13096072 kB
VmallocTotal:   34359738367 kB
VmallocUsed:      359932 kB
VmallocChunk:   34359286872 kB
HardwareCorrupted:     0 kB
AnonHugePages:   4517888 kB
CmaTotal:              0 kB
CmaFree:               0 kB
HugePages_Total:       0
HugePages_Free:        0
HugePages_Rsvd:        0
HugePages_Surp:        0
Hugepagesize:       2048 kB
DirectMap4k:      175164 kB
DirectMap2M:     7041024 kB
DirectMap1G:     1048576 kB


CPU:total 4 (2 cores per cpu, 2 threads per core) family 6 model 60 stepping 3, cmov, cx8, fxsr, mmx, sse, sse2, sse3, ssse3, sse4.1, sse4.2, popcnt, avx, avx2, aes, erms, ht, tsc, tscinvbit

/proc/cpuinfo:
processor	: 0
vendor_id	: GenuineIntel
cpu family	: 6
model		: 60
model name	: Intel(R) Core(TM) i3-4150 CPU @ 3.50GHz
stepping	: 3
microcode	: 0x12
cpu MHz		: 3500.000
cache size	: 3072 KB
physical id	: 0
siblings	: 4
core id		: 0
cpu cores	: 2
apicid		: 0
initial apicid	: 0
fpu		: yes
fpu_exception	: yes
cpuid level	: 13
wp		: yes
flags		: fpu vme de pse tsc msr pae mce cx8 apic sep mtrr pge mca cmov pat pse36 clflush dts acpi mmx fxsr sse sse2 ss ht tm pbe syscall nx pdpe1gb rdtscp lm constant_tsc arch_perfmon pebs bts rep_good nopl xtopology nonstop_tsc aperfmperf eagerfpu pni pclmulqdq dtes64 monitor ds_cpl vmx est tm2 ssse3 fma cx16 xtpr pdcm pcid sse4_1 sse4_2 movbe popcnt tsc_deadline_timer aes xsave avx f16c rdrand lahf_lm abm arat pln pts dtherm tpr_shadow vnmi flexpriority ept vpid fsgsbase tsc_adjust bmi1 avx2 smep bmi2 erms invpcid xsaveopt
bugs		:
bogomips	: 6983.79
clflush size	: 64
cache_alignment	: 64
address sizes	: 39 bits physical, 48 bits virtual
power management:

processor	: 1
vendor_id	: GenuineIntel
cpu family	: 6
model		: 60
model name	: Intel(R) Core(TM) i3-4150 CPU @ 3.50GHz
stepping	: 3
microcode	: 0x12
cpu MHz		: 3499.863
cache size	: 3072 KB
physical id	: 0
siblings	: 4
core id		: 1
cpu cores	: 2
apicid		: 2
initial apicid	: 2
fpu		: yes
fpu_exception	: yes
cpuid level	: 13
wp		: yes
flags		: fpu vme de pse tsc msr pae mce cx8 apic sep mtrr pge mca cmov pat pse36 clflush dts acpi mmx fxsr sse sse2 ss ht tm pbe syscall nx pdpe1gb rdtscp lm constant_tsc arch_perfmon pebs bts rep_good nopl xtopology nonstop_tsc aperfmperf eagerfpu pni pclmulqdq dtes64 monitor ds_cpl vmx est tm2 ssse3 fma cx16 xtpr pdcm pcid sse4_1 sse4_2 movbe popcnt tsc_deadline_timer aes xsave avx f16c rdrand lahf_lm abm arat pln pts dtherm tpr_shadow vnmi flexpriority ept vpid fsgsbase tsc_adjust bmi1 avx2 smep bmi2 erms invpcid xsaveopt
bugs		:
bogomips	: 6983.79
clflush size	: 64
cache_alignment	: 64
address sizes	: 39 bits physical, 48 bits virtual
power management:

processor	: 2
vendor_id	: GenuineIntel
cpu family	: 6
model		: 60
model name	: Intel(R) Core(TM) i3-4150 CPU @ 3.50GHz
stepping	: 3
microcode	: 0x12
cpu MHz		: 3500.000
cache size	: 3072 KB
physical id	: 0
siblings	: 4
core id		: 0
cpu cores	: 2
apicid		: 1
initial apicid	: 1
fpu		: yes
fpu_exception	: yes
cpuid level	: 13
wp		: yes
flags		: fpu vme de pse tsc msr pae mce cx8 apic sep mtrr pge mca cmov pat pse36 clflush dts acpi mmx fxsr sse sse2 ss ht tm pbe syscall nx pdpe1gb rdtscp lm constant_tsc arch_perfmon pebs bts rep_good nopl xtopology nonstop_tsc aperfmperf eagerfpu pni pclmulqdq dtes64 monitor ds_cpl vmx est tm2 ssse3 fma cx16 xtpr pdcm pcid sse4_1 sse4_2 movbe popcnt tsc_deadline_timer aes xsave avx f16c rdrand lahf_lm abm arat pln pts dtherm tpr_shadow vnmi flexpriority ept vpid fsgsbase tsc_adjust bmi1 avx2 smep bmi2 erms invpcid xsaveopt
bugs		:
bogomips	: 6983.79
clflush size	: 64
cache_alignment	: 64
address sizes	: 39 bits physical, 48 bits virtual
power management:

processor	: 3
vendor_id	: GenuineIntel
cpu family	: 6
model		: 60
model name	: Intel(R) Core(TM) i3-4150 CPU @ 3.50GHz
stepping	: 3
microcode	: 0x12
cpu MHz		: 3500.000
cache size	: 3072 KB
physical id	: 0
siblings	: 4
core id		: 1
cpu cores	: 2
apicid		: 3
initial apicid	: 3
fpu		: yes
fpu_exception	: yes
cpuid level	: 13
wp		: yes
flags		: fpu vme de pse tsc msr pae mce cx8 apic sep mtrr pge mca cmov pat pse36 clflush dts acpi mmx fxsr sse sse2 ss ht tm pbe syscall nx pdpe1gb rdtscp lm constant_tsc arch_perfmon pebs bts rep_good nopl xtopology nonstop_tsc aperfmperf eagerfpu pni pclmulqdq dtes64 monitor ds_cpl vmx est tm2 ssse3 fma cx16 xtpr pdcm pcid sse4_1 sse4_2 movbe popcnt tsc_deadline_timer aes xsave avx f16c rdrand lahf_lm abm arat pln pts dtherm tpr_shadow vnmi flexpriority ept vpid fsgsbase tsc_adjust bmi1 avx2 smep bmi2 erms invpcid xsaveopt
bugs		:
bogomips	: 6983.79
clflush size	: 64
cache_alignment	: 64
address sizes	: 39 bits physical, 48 bits virtual
power management:



Memory: 4k page, physical 8052020k(131632k free), swap 0k(0k free)

vm_info: OpenJDK 64-Bit Server VM (24.79-b02) for linux-amd64 JRE (1.7.0_79-b14), built on Jul 24 2015 05:24:39 by "buildd" with gcc 4.9.2

time: Tue Nov  3 14:38:09 2015
elapsed time: 32 seconds

