#
# There is insufficient memory for the Java Runtime Environment to continue.
# Native memory allocation (malloc) failed to allocate 242221056 bytes for committing reserved memory.
# Possible reasons:
#   The system is out of physical RAM or swap space
#   In 32 bit mode, the process size limit was hit
# Possible solutions:
#   Reduce memory load on the system
#   Increase physical memory or swap space
#   Check if swap backing store is full
#   Use 64 bit Java on a 64 bit OS
#   Decrease Java heap size (-Xmx/-Xms)
#   Decrease number of Java threads
#   Decrease Java thread stack sizes (-Xss)
#   Set larger code cache with -XX:ReservedCodeCacheSize=
# This output file may be truncated or incomplete.
#
#  Out of Memory Error (os_linux.cpp:2809), pid=21960, tid=139850739123968
#
# JRE version: OpenJDK Runtime Environment (7.0_79-b14) (build 1.7.0_79-b14)
# Java VM: OpenJDK 64-Bit Server VM (24.79-b02 mixed mode linux-amd64 compressed oops)
# Derivative: IcedTea 2.5.6
# Distribution: Ubuntu 15.04, package 7u79-2.5.6-0ubuntu1.15.04.1
# Failed to write core dump. Core dumps have been disabled. To enable core dumping, try "ulimit -c unlimited" before starting Java again
#

---------------  T H R E A D  ---------------

Current thread (0x00007f3190076000):  VMThread [stack: 0x00007f3189908000,0x00007f3189a09000] [id=21970]

Stack: [0x00007f3189908000,0x00007f3189a09000],  sp=0x00007f3189a074c0,  free space=1021k
Native frames: (J=compiled Java code, j=interpreted, Vv=VM code, C=native code)
V  [libjvm.so+0x98a166]  VMError::report_and_die()+0x186
V  [libjvm.so+0x48f932]  report_vm_out_of_memory(char const*, int, unsigned long, char const*)+0x92
V  [libjvm.so+0x7fd56b]  os::pd_commit_memory(char*, unsigned long, unsigned long, bool)+0xeb
V  [libjvm.so+0x7f7c4e]  os::commit_memory(char*, unsigned long, unsigned long, bool)+0x2e
V  [libjvm.so+0x86a56b]  PSVirtualSpace::expand_by(unsigned long)+0x5b
V  [libjvm.so+0x858d5a]  PSOldGen::expand_by(unsigned long) [clone .part.29]+0x2a
V  [libjvm.so+0x858f10]  PSOldGen::expand(unsigned long) [clone .part.30]+0xc0
V  [libjvm.so+0x859ea8]  PSOldGen::resize(unsigned long)+0x198
V  [libjvm.so+0x861524]  PSParallelCompact::invoke_no_policy(bool) [clone .part.122]+0x994
V  [libjvm.so+0x867e85]  PSScavenge::invoke()+0x1a5
V  [libjvm.so+0x81fb73]  ParallelScavengeHeap::failed_mem_allocate(unsigned long)+0x63
V  [libjvm.so+0x98ba32]  VM_ParallelGCFailedAllocation::doit()+0x92
V  [libjvm.so+0x9902e7]  VM_Operation::evaluate()+0x47
V  [libjvm.so+0x98e8cb]  VMThread::evaluate_operation(VM_Operation*)+0xab
V  [libjvm.so+0x98ef76]  VMThread::loop()+0x1e6
V  [libjvm.so+0x98f441]  VMThread::run()+0x81
V  [libjvm.so+0x7fa492]  java_start(Thread*)+0xf2

VM_Operation (0x00007f3196c6efd0): ParallelGCFailedAllocation, mode: safepoint, requested by thread 0x00007f319000a000


---------------  P R O C E S S  ---------------

Java Threads: ( => current thread )
  0x00007f31900af000 JavaThread "Service Thread" daemon [_thread_blocked, id=21976, stack(0x00007f3188c20000,0x00007f3188d21000)]
  0x00007f31900ac800 JavaThread "C2 CompilerThread1" daemon [_thread_blocked, id=21975, stack(0x00007f3188d21000,0x00007f3188e22000)]
  0x00007f31900a9800 JavaThread "C2 CompilerThread0" daemon [_thread_blocked, id=21974, stack(0x00007f3188e22000,0x00007f3188f23000)]
  0x00007f31900a7800 JavaThread "Signal Dispatcher" daemon [_thread_blocked, id=21973, stack(0x00007f3188f23000,0x00007f3189024000)]
  0x00007f319007c800 JavaThread "Finalizer" daemon [_thread_blocked, id=21972, stack(0x00007f3189706000,0x00007f3189807000)]
  0x00007f319007a800 JavaThread "Reference Handler" daemon [_thread_blocked, id=21971, stack(0x00007f3189807000,0x00007f3189908000)]
  0x00007f319000a000 JavaThread "main" [_thread_blocked, id=21962, stack(0x00007f3196b70000,0x00007f3196c71000)]

Other Threads:
=>0x00007f3190076000 VMThread [stack: 0x00007f3189908000,0x00007f3189a09000] [id=21970]
  0x00007f31900ba000 WatcherThread [stack: 0x00007f3188b1f000,0x00007f3188c20000] [id=21977]

VM state:at safepoint (normal execution)

VM Mutex/Monitor currently owned by a thread:  ([mutex/lock_event])
[0x00007f31900062b0] ExpandHeap_lock - owner thread: 0x00007f3190076000
[0x00007f3190006930] Threads_lock - owner thread: 0x00007f3190076000
[0x00007f3190006e30] Heap_lock - owner thread: 0x00007f319000a000

Heap
 PSYoungGen      total 738816K, used 70402K [0x00000007aaa80000, 0x00000007e1080000, 0x0000000800000000)
  eden space 599552K, 0% used [0x00000007aaa80000,0x00000007aaa80000,0x00000007cf400000)
  from space 139264K, 50% used [0x00000007d7b80000,0x00000007dc0408f8,0x00000007e0380000)
  to   space 138752K, 0% used [0x00000007cf400000,0x00000007cf400000,0x00000007d7b80000)
 ParOldGen       total 455168K, used 454765K [0x0000000700000000, 0x000000071bc80000, 0x00000007aaa80000)
  object space 455168K, 99% used [0x0000000700000000,0x000000071bc1b680,0x000000071bc80000)
 PSPermGen       total 21504K, used 6317K [0x00000006f5a00000, 0x00000006f6f00000, 0x0000000700000000)
  object space 21504K, 29% used [0x00000006f5a00000,0x00000006f602b438,0x00000006f6f00000)

Card table byte_map: [0x00007f318bd67000,0x00007f318c5bb000] byte_map_base: 0x00007f31885ba000

Polling page: 0x00007f3196c94000

Code Cache  [0x00007f318c5bb000, 0x00007f318c9db000, 0x00007f318f5bb000)
 total_blobs=1335 nmethods=1107 adapters=181 free_code_cache=45210Kb largest_free_block=46049408

Compilation events (10 events):
Event: 15.378 Thread 0x00007f31900ac800 1147             com.android.dx.dex.file.ClassDefItem::addDirectMethod (9 bytes)
Event: 15.382 Thread 0x00007f31900ac800 nmethod 1147 0x00007f318c71b790 code [0x00007f318c71b900, 0x00007f318c71bcc8]
Event: 15.459 Thread 0x00007f31900a9800 1148             java.io.FilterInputStream::<init> (10 bytes)
Event: 15.459 Thread 0x00007f31900a9800 nmethod 1148 0x00007f318c71cf50 code [0x00007f318c71d080, 0x00007f318c71d138]
Event: 15.681 Thread 0x00007f31900ac800 1149             java.util.HashMap::resize (62 bytes)
Event: 15.687 Thread 0x00007f31900ac800 nmethod 1149 0x00007f318c76cd10 code [0x00007f318c76cea0, 0x00007f318c76d2e8]
Event: 15.896 Thread 0x00007f31900a9800 1150             com.android.dx.util.Bits::bitCount (29 bytes)
Event: 15.897 Thread 0x00007f31900a9800 nmethod 1150 0x00007f318c71cc90 code [0x00007f318c71cdc0, 0x00007f318c71ce98]
Event: 15.966 Thread 0x00007f31900ac800 1151             java.util.ArrayList$SubList::get (23 bytes)
Event: 15.967 Thread 0x00007f31900ac800 nmethod 1151 0x00007f318c71c8d0 code [0x00007f318c71ca20, 0x00007f318c71cb38]

GC Heap History (10 events):
Event: 12.010 GC heap after
Heap after GC invocations=15 (full 2):
 PSYoungGen      total 486912K, used 78308K [0x00000007aaa80000, 0x00000007d6d00000, 0x0000000800000000)
  eden space 408576K, 0% used [0x00000007aaa80000,0x00000007aaa80000,0x00000007c3980000)
  from space 78336K, 99% used [0x00000007c3980000,0x00000007c85f9158,0x00000007c8600000)
  to   space 106496K, 0% used [0x00000007d0500000,0x00000007d0500000,0x00000007d6d00000)
 ParOldGen       total 271872K, used 235542K [0x0000000700000000, 0x0000000710980000, 0x00000007aaa80000)
  object space 271872K, 86% used [0x0000000700000000,0x000000070e605a78,0x0000000710980000)
 PSPermGen       total 21504K, used 6254K [0x00000006f5a00000, 0x00000006f6f00000, 0x0000000700000000)
  object space 21504K, 29% used [0x00000006f5a00000,0x00000006f601bba0,0x00000006f6f00000)
}
Event: 12.010 GC heap before
{Heap before GC invocations=16 (full 3):
 PSYoungGen      total 486912K, used 78308K [0x00000007aaa80000, 0x00000007d6d00000, 0x0000000800000000)
  eden space 408576K, 0% used [0x00000007aaa80000,0x00000007aaa80000,0x00000007c3980000)
  from space 78336K, 99% used [0x00000007c3980000,0x00000007c85f9158,0x00000007c8600000)
  to   space 106496K, 0% used [0x00000007d0500000,0x00000007d0500000,0x00000007d6d00000)
 ParOldGen       total 271872K, used 235542K [0x0000000700000000, 0x0000000710980000, 0x00000007aaa80000)
  object space 271872K, 86% used [0x0000000700000000,0x000000070e605a78,0x0000000710980000)
 PSPermGen       total 21504K, used 6254K [0x00000006f5a00000, 0x00000006f6f00000, 0x0000000700000000)
  object space 21504K, 29% used [0x00000006f5a00000,0x00000006f601bba0,0x00000006f6f00000)
Event: 13.080 GC heap after
Heap after GC invocations=16 (full 3):
 PSYoungGen      total 486912K, used 39820K [0x00000007aaa80000, 0x00000007d6d00000, 0x0000000800000000)
  eden space 408576K, 0% used [0x00000007aaa80000,0x00000007aaa80000,0x00000007c3980000)
  from space 78336K, 50% used [0x00000007c3980000,0x00000007c60631f8,0x00000007c8600000)
  to   space 106496K, 0% used [0x00000007d0500000,0x00000007d0500000,0x00000007d6d00000)
 ParOldGen       total 433152K, used 271544K [0x0000000700000000, 0x000000071a700000, 0x00000007aaa80000)
  object space 433152K, 62% used [0x0000000700000000,0x000000071092e1d0,0x000000071a700000)
 PSPermGen       total 21504K, used 6254K [0x00000006f5a00000, 0x00000006f6f00000, 0x0000000700000000)
  object space 21504K, 29% used [0x00000006f5a00000,0x00000006f601bb20,0x00000006f6f00000)
}
Event: 13.856 GC heap before
{Heap before GC invocations=17 (full 3):
 PSYoungGen      total 486912K, used 448396K [0x00000007aaa80000, 0x00000007d6d00000, 0x0000000800000000)
  eden space 408576K, 100% used [0x00000007aaa80000,0x00000007c3980000,0x00000007c3980000)
  from space 78336K, 50% used [0x00000007c3980000,0x00000007c60631f8,0x00000007c8600000)
  to   space 106496K, 0% used [0x00000007d0500000,0x00000007d0500000,0x00000007d6d00000)
 ParOldGen       total 433152K, used 271544K [0x0000000700000000, 0x000000071a700000, 0x00000007aaa80000)
  object space 433152K, 62% used [0x0000000700000000,0x000000071092e1d0,0x000000071a700000)
 PSPermGen       total 21504K, used 6301K [0x00000006f5a00000, 0x00000006f6f00000, 0x0000000700000000)
  object space 21504K, 29% used [0x00000006f5a00000,0x00000006f6027640,0x00000006f6f00000)
Event: 14.088 GC heap after
Heap after GC invocations=17 (full 3):
 PSYoungGen      total 585216K, used 66265K [0x00000007aaa80000, 0x00000007d6000000, 0x0000000800000000)
  eden space 492032K, 0% used [0x00000007aaa80000,0x00000007aaa80000,0x00000007c8b00000)
  from space 93184K, 71% used [0x00000007d0500000,0x00000007d45b66f8,0x00000007d6000000)
  to   space 109056K, 0% used [0x00000007c8b00000,0x00000007c8b00000,0x00000007cf580000)
 ParOldGen       total 433152K, used 311742K [0x0000000700000000, 0x000000071a700000, 0x00000007aaa80000)
  object space 433152K, 71% used [0x0000000700000000,0x000000071306fa68,0x000000071a700000)
 PSPermGen       total 21504K, used 6301K [0x00000006f5a00000, 0x00000006f6f00000, 0x0000000700000000)
  object space 21504K, 29% used [0x00000006f5a00000,0x00000006f6027640,0x00000006f6f00000)
}
Event: 14.958 GC heap before
{Heap before GC invocations=18 (full 3):
 PSYoungGen      total 585216K, used 558297K [0x00000007aaa80000, 0x00000007d6000000, 0x0000000800000000)
  eden space 492032K, 100% used [0x00000007aaa80000,0x00000007c8b00000,0x00000007c8b00000)
  from space 93184K, 71% used [0x00000007d0500000,0x00000007d45b66f8,0x00000007d6000000)
  to   space 109056K, 0% used [0x00000007c8b00000,0x00000007c8b00000,0x00000007cf580000)
 ParOldGen       total 433152K, used 311742K [0x0000000700000000, 0x000000071a700000, 0x00000007aaa80000)
  object space 433152K, 71% used [0x0000000700000000,0x000000071306fa68,0x000000071a700000)
 PSPermGen       total 21504K, used 6314K [0x00000006f5a00000, 0x00000006f6f00000, 0x0000000700000000)
  object space 21504K, 29% used [0x00000006f5a00000,0x00000006f602a998,0x00000006f6f00000)
Event: 15.139 GC heap after
Heap after GC invocations=18 (full 3):
 PSYoungGen      total 601088K, used 109048K [0x00000007aaa80000, 0x00000007e0380000, 0x0000000800000000)
  eden space 492032K, 0% used [0x00000007aaa80000,0x00000007aaa80000,0x00000007c8b00000)
  from space 109056K, 99% used [0x00000007c8b00000,0x00000007cf57e308,0x00000007cf580000)
  to   space 139264K, 0% used [0x00000007d7b80000,0x00000007d7b80000,0x00000007e0380000)
 ParOldGen       total 433152K, used 344651K [0x0000000700000000, 0x000000071a700000, 0x00000007aaa80000)
  object space 433152K, 79% used [0x0000000700000000,0x0000000715092c30,0x000000071a700000)
 PSPermGen       total 21504K, used 6314K [0x00000006f5a00000, 0x00000006f6f00000, 0x0000000700000000)
  object space 21504K, 29% used [0x00000006f5a00000,0x00000006f602a998,0x00000006f6f00000)
}
Event: 15.981 GC heap before
{Heap before GC invocations=19 (full 3):
 PSYoungGen      total 601088K, used 601080K [0x00000007aaa80000, 0x00000007e0380000, 0x0000000800000000)
  eden space 492032K, 100% used [0x00000007aaa80000,0x00000007c8b00000,0x00000007c8b00000)
  from space 109056K, 99% used [0x00000007c8b00000,0x00000007cf57e308,0x00000007cf580000)
  to   space 139264K, 0% used [0x00000007d7b80000,0x00000007d7b80000,0x00000007e0380000)
 ParOldGen       total 433152K, used 344651K [0x0000000700000000, 0x000000071a700000, 0x00000007aaa80000)
  object space 433152K, 79% used [0x0000000700000000,0x0000000715092c30,0x000000071a700000)
 PSPermGen       total 21504K, used 6317K [0x00000006f5a00000, 0x00000006f6f00000, 0x0000000700000000)
  object space 21504K, 29% used [0x00000006f5a00000,0x00000006f602b4b8,0x00000006f6f00000)
Event: 16.271 GC heap after
Heap after GC invocations=19 (full 3):
 PSYoungGen      total 738816K, used 76034K [0x00000007aaa80000, 0x00000007e1080000, 0x0000000800000000)
  eden space 599552K, 0% used [0x00000007aaa80000,0x00000007aaa80000,0x00000007cf400000)
  from space 139264K, 54% used [0x00000007d7b80000,0x00000007dc5c0800,0x00000007e0380000)
  to   space 138752K, 0% used [0x00000007cf400000,0x00000007cf400000,0x00000007d7b80000)
 ParOldGen       total 455168K, used 454427K [0x0000000700000000, 0x000000071bc80000, 0x00000007aaa80000)
  object space 455168K, 99% used [0x0000000700000000,0x000000071bbc6ec0,0x000000071bc80000)
 PSPermGen       total 21504K, used 6317K [0x00000006f5a00000, 0x00000006f6f00000, 0x0000000700000000)
  object space 21504K, 29% used [0x00000006f5a00000,0x00000006f602b4b8,0x00000006f6f00000)
}
Event: 16.271 GC heap before
{Heap before GC invocations=20 (full 4):
 PSYoungGen      total 738816K, used 76034K [0x00000007aaa80000, 0x00000007e1080000, 0x0000000800000000)
  eden space 599552K, 0% used [0x00000007aaa80000,0x00000007aaa80000,0x00000007cf400000)
  from space 139264K, 54% used [0x00000007d7b80000,0x00000007dc5c0800,0x00000007e0380000)
  to   space 138752K, 0% used [0x00000007cf400000,0x00000007cf400000,0x00000007d7b80000)
 ParOldGen       total 455168K, used 454427K [0x0000000700000000, 0x000000071bc80000, 0x00000007aaa80000)
  object space 455168K, 99% used [0x0000000700000000,0x000000071bbc6ec0,0x000000071bc80000)
 PSPermGen       total 21504K, used 6317K [0x00000006f5a00000, 0x00000006f6f00000, 0x0000000700000000)
  object space 21504K, 29% used [0x00000006f5a00000,0x00000006f602b4b8,0x00000006f6f00000)

Deoptimization events (10 events):
Event: 11.171 Thread 0x00007f319000a000 Uncommon trap: reason=null_check action=make_not_entrant pc=0x00007f318c9ca7e0 method=com.android.dx.cf.direct.StdAttributeFactory.enclosingMethod(Lcom/android/dx/cf/direct/DirectClassFile;IILcom/android/dx/cf/iface/ParseObserver;)Lcom/android/dx/cf/iface
Event: 11.349 Thread 0x00007f319000a000 Uncommon trap: reason=class_check action=maybe_recompile pc=0x00007f318c6458b0 method=com.android.dx.ssa.SCCP.replaceConstants()V @ 182
Event: 11.441 Thread 0x00007f319000a000 Uncommon trap: reason=unreached action=reinterpret pc=0x00007f318c962f18 method=com.android.dx.rop.code.LocalItem.compareHandlesNulls(Lcom/android/dx/rop/cst/CstString;Lcom/android/dx/rop/cst/CstString;)I @ 14
Event: 11.441 Thread 0x00007f319000a000 Uncommon trap: reason=unreached action=reinterpret pc=0x00007f318c9be900 method=com.android.dx.rop.code.LocalItem.compareHandlesNulls(Lcom/android/dx/rop/cst/CstString;Lcom/android/dx/rop/cst/CstString;)I @ 14
Event: 13.139 Thread 0x00007f319000a000 Uncommon trap: reason=predicate action=maybe_recompile pc=0x00007f318c759f0c method=com.android.dx.ssa.DomFront.run()[Lcom/android/dx/ssa/DomFront$DomInfo; @ 175
Event: 13.139 Thread 0x00007f319000a000 Uncommon trap: reason=unloaded action=reinterpret pc=0x00007f318c742538 method=com.android.dx.ssa.SetFactory.makeDomFrontSet(I)Lcom/android/dx/util/IntSet; @ 18
Event: 13.141 Thread 0x00007f319000a000 Uncommon trap: reason=class_check action=maybe_recompile pc=0x00007f318c6ec51c method=com.android.dx.ssa.DomFront.calcDomFronts()V @ 101
Event: 13.143 Thread 0x00007f319000a000 Uncommon trap: reason=class_check action=maybe_recompile pc=0x00007f318c681c0c method=com.android.dx.ssa.SsaConverter.placePhiFunctions(Lcom/android/dx/ssa/SsaMethod;Lcom/android/dx/ssa/LocalVariableInfo;I)V @ 257
Event: 13.389 Thread 0x00007f319000a000 Uncommon trap: reason=class_check action=maybe_recompile pc=0x00007f318c6458b0 method=com.android.dx.ssa.SCCP.replaceConstants()V @ 182
Event: 15.610 Thread 0x00007f319000a000 Uncommon trap: reason=class_check action=maybe_recompile pc=0x00007f318c681c0c method=com.android.dx.ssa.SsaConverter.placePhiFunctions(Lcom/android/dx/ssa/SsaMethod;Lcom/android/dx/ssa/LocalVariableInfo;I)V @ 257

Internal exceptions (10 events):
Event: 8.724 Thread 0x00007f319000a000 Implicit null exception at 0x00007f318c8464e5 to 0x00007f318c8466d1
Event: 8.724 Thread 0x00007f319000a000 Implicit null exception at 0x00007f318c72a2ba to 0x00007f318c72ace9
Event: 8.725 Thread 0x00007f319000a000 Implicit null exception at 0x00007f318c64d331 to 0x00007f318c64d501
Event: 8.725 Thread 0x00007f319000a000 Implicit null exception at 0x00007f318c63a5f5 to 0x00007f318c63a755
Event: 8.988 Thread 0x00007f319000a000 Threw 0x00000007ba97a4f8 at /build/openjdk-7-yI9zWD/openjdk-7-7u79-2.5.6/build/openjdk/hotspot/src/share/vm/prims/jvm.cpp:1284
Event: 11.171 Thread 0x00007f319000a000 Implicit null exception at 0x00007f318c9c8f0b to 0x00007f318c9ca7d1
Event: 11.441 Thread 0x00007f319000a000 Implicit null exception at 0x00007f318c96242a to 0x00007f318c962eed
Event: 11.441 Thread 0x00007f319000a000 Implicit null exception at 0x00007f318c9be712 to 0x00007f318c9be8ed
Event: 13.140 Thread 0x00007f319000a000 Threw 0x00000007acd74348 at /build/openjdk-7-yI9zWD/openjdk-7-7u79-2.5.6/build/openjdk/hotspot/src/share/vm/prims/jvm.cpp:1284
Event: 13.143 Thread 0x00007f319000a000 Threw 0x00000007acdb9ef0 at /build/openjdk-7-yI9zWD/openjdk-7-7u79-2.5.6/build/openjdk/hotspot/src/share/vm/prims/jvm.cpp:1284

Events (10 events):
Event: 14.260 Thread 0x00007f31900a9800 flushing nmethod 0x00007f318c7bc850
Event: 14.379 Thread 0x00007f31900a9800 flushing nmethod 0x00007f318c8461d0
Event: 14.411 Thread 0x00007f31900a9800 flushing nmethod 0x00007f318c889f90
Event: 14.413 Thread 0x00007f31900ac800 flushing nmethod 0x00007f318c92ccd0
Event: 14.958 Executing VM operation: ParallelGCFailedAllocation
Event: 15.139 Executing VM operation: ParallelGCFailedAllocation done
Event: 15.610 Thread 0x00007f319000a000 Uncommon trap: trap_request=0xffffffde fr.pc=0x00007f318c681c0c
Event: 15.610 Thread 0x00007f319000a000 DEOPT PACKING pc=0x00007f318c681c0c sp=0x00007f3196c6f0c0
Event: 15.610 Thread 0x00007f319000a000 DEOPT UNPACKING pc=0x00007f318c5f4445 sp=0x00007f3196c6f068 mode 2
Event: 15.981 Executing VM operation: ParallelGCFailedAllocation


Dynamic libraries:
00400000-00401000 r-xp 00000000 08:01 20712222                           /usr/lib/jvm/java-7-openjdk-amd64/jre/bin/java
00600000-00601000 r--p 00000000 08:01 20712222                           /usr/lib/jvm/java-7-openjdk-amd64/jre/bin/java
00601000-00602000 rw-p 00001000 08:01 20712222                           /usr/lib/jvm/java-7-openjdk-amd64/jre/bin/java
01057000-01078000 rw-p 00000000 00:00 0                                  [heap]
6f5a00000-6f6f00000 rw-p 00000000 00:00 0 
6f6f00000-700000000 rw-p 00000000 00:00 0 
700000000-71bc80000 rw-p 00000000 00:00 0 
72a380000-7aaa80000 rw-p 00000000 00:00 0 
7aaa80000-7e1080000 rw-p 00000000 00:00 0 
7e1080000-800000000 rw-p 00000000 00:00 0 
7f3144000000-7f3144021000 rw-p 00000000 00:00 0 
7f3144021000-7f3148000000 ---p 00000000 00:00 0 
7f3148000000-7f3148021000 rw-p 00000000 00:00 0 
7f3148021000-7f314c000000 ---p 00000000 00:00 0 
7f314c000000-7f314d391000 rw-p 00000000 00:00 0 
7f314d391000-7f3150000000 ---p 00000000 00:00 0 
7f3150000000-7f3151e54000 rw-p 00000000 00:00 0 
7f3151e54000-7f3154000000 ---p 00000000 00:00 0 
7f3154000000-7f3154021000 rw-p 00000000 00:00 0 
7f3154021000-7f3158000000 ---p 00000000 00:00 0 
7f3158000000-7f3158021000 rw-p 00000000 00:00 0 
7f3158021000-7f315c000000 ---p 00000000 00:00 0 
7f315c000000-7f315c021000 rw-p 00000000 00:00 0 
7f315c021000-7f3160000000 ---p 00000000 00:00 0 
7f3163ad0000-7f316c000000 rw-p 00000000 00:00 0 
7f316c000000-7f316c021000 rw-p 00000000 00:00 0 
7f316c021000-7f3170000000 ---p 00000000 00:00 0 
7f3170000000-7f317023f000 rw-p 00000000 00:00 0 
7f317023f000-7f3174000000 ---p 00000000 00:00 0 
7f3174000000-7f3174021000 rw-p 00000000 00:00 0 
7f3174021000-7f3178000000 ---p 00000000 00:00 0 
7f317c000000-7f317c021000 rw-p 00000000 00:00 0 
7f317c021000-7f3180000000 ---p 00000000 00:00 0 
7f3182f37000-7f3183238000 rw-p 00000000 00:00 0 
7f3183238000-7f31832a4000 r-xp 00000000 08:01 22020192                   /lib/x86_64-linux-gnu/libpcre.so.3.13.1
7f31832a4000-7f31834a3000 ---p 0006c000 08:01 22020192                   /lib/x86_64-linux-gnu/libpcre.so.3.13.1
7f31834a3000-7f31834a4000 r--p 0006b000 08:01 22020192                   /lib/x86_64-linux-gnu/libpcre.so.3.13.1
7f31834a4000-7f31834a5000 rw-p 0006c000 08:01 22020192                   /lib/x86_64-linux-gnu/libpcre.so.3.13.1
7f31834a5000-7f31834ac000 r-xp 00000000 08:01 20455638                   /usr/lib/x86_64-linux-gnu/libffi.so.6.0.4
7f31834ac000-7f31836ab000 ---p 00007000 08:01 20455638                   /usr/lib/x86_64-linux-gnu/libffi.so.6.0.4
7f31836ab000-7f31836ac000 r--p 00006000 08:01 20455638                   /usr/lib/x86_64-linux-gnu/libffi.so.6.0.4
7f31836ac000-7f31836ad000 rw-p 00007000 08:01 20455638                   /usr/lib/x86_64-linux-gnu/libffi.so.6.0.4
7f31836ad000-7f31836c4000 r-xp 00000000 08:01 22024473                   /lib/x86_64-linux-gnu/libresolv-2.21.so
7f31836c4000-7f31838c4000 ---p 00017000 08:01 22024473                   /lib/x86_64-linux-gnu/libresolv-2.21.so
7f31838c4000-7f31838c6000 r--p 00017000 08:01 22024473                   /lib/x86_64-linux-gnu/libresolv-2.21.so
7f31838c6000-7f31838c7000 rw-p 00019000 08:01 22024473                   /lib/x86_64-linux-gnu/libresolv-2.21.so
7f31838c7000-7f31838c9000 rw-p 00000000 00:00 0 
7f31838c9000-7f31838ea000 r-xp 00000000 08:01 22024477                   /lib/x86_64-linux-gnu/libselinux.so.1
7f31838ea000-7f3183ae9000 ---p 00021000 08:01 22024477                   /lib/x86_64-linux-gnu/libselinux.so.1
7f3183ae9000-7f3183aea000 r--p 00020000 08:01 22024477                   /lib/x86_64-linux-gnu/libselinux.so.1
7f3183aea000-7f3183aeb000 rw-p 00021000 08:01 22024477                   /lib/x86_64-linux-gnu/libselinux.so.1
7f3183aeb000-7f3183aed000 rw-p 00000000 00:00 0 
7f3183aed000-7f3183af0000 r-xp 00000000 08:01 20447655                   /usr/lib/x86_64-linux-gnu/libgmodule-2.0.so.0.4400.1
7f3183af0000-7f3183cef000 ---p 00003000 08:01 20447655                   /usr/lib/x86_64-linux-gnu/libgmodule-2.0.so.0.4400.1
7f3183cef000-7f3183cf0000 r--p 00002000 08:01 20447655                   /usr/lib/x86_64-linux-gnu/libgmodule-2.0.so.0.4400.1
7f3183cf0000-7f3183cf1000 rw-p 00003000 08:01 20447655                   /usr/lib/x86_64-linux-gnu/libgmodule-2.0.so.0.4400.1
7f3183cf1000-7f3183dfe000 r-xp 00000000 08:01 22024241                   /lib/x86_64-linux-gnu/libglib-2.0.so.0.4400.1
7f3183dfe000-7f3183ffd000 ---p 0010d000 08:01 22024241                   /lib/x86_64-linux-gnu/libglib-2.0.so.0.4400.1
7f3183ffd000-7f3183ffe000 r--p 0010c000 08:01 22024241                   /lib/x86_64-linux-gnu/libglib-2.0.so.0.4400.1
7f3183ffe000-7f3183fff000 rw-p 0010d000 08:01 22024241                   /lib/x86_64-linux-gnu/libglib-2.0.so.0.4400.1
7f3183fff000-7f3184000000 rw-p 00000000 00:00 0 
7f3184000000-7f3184021000 rw-p 00000000 00:00 0 
7f3184021000-7f3188000000 ---p 00000000 00:00 0 
7f3188037000-7f3188087000 r-xp 00000000 08:01 20447615                   /usr/lib/x86_64-linux-gnu/libgobject-2.0.so.0.4400.1
7f3188087000-7f3188287000 ---p 00050000 08:01 20447615                   /usr/lib/x86_64-linux-gnu/libgobject-2.0.so.0.4400.1
7f3188287000-7f3188288000 r--p 00050000 08:01 20447615                   /usr/lib/x86_64-linux-gnu/libgobject-2.0.so.0.4400.1
7f3188288000-7f3188289000 rw-p 00051000 08:01 20447615                   /usr/lib/x86_64-linux-gnu/libgobject-2.0.so.0.4400.1
7f3188289000-7f3188401000 r-xp 00000000 08:01 20447637                   /usr/lib/x86_64-linux-gnu/libgio-2.0.so.0.4400.1
7f3188401000-7f3188601000 ---p 00178000 08:01 20447637                   /usr/lib/x86_64-linux-gnu/libgio-2.0.so.0.4400.1
7f3188601000-7f3188605000 r--p 00178000 08:01 20447637                   /usr/lib/x86_64-linux-gnu/libgio-2.0.so.0.4400.1
7f3188605000-7f3188607000 rw-p 0017c000 08:01 20447637                   /usr/lib/x86_64-linux-gnu/libgio-2.0.so.0.4400.1
7f3188607000-7f3188609000 rw-p 00000000 00:00 0 
7f3188628000-7f318863f000 r-xp 00000000 08:01 20587083                   /usr/lib/jvm/java-7-openjdk-amd64/jre/lib/amd64/libnet.so
7f318863f000-7f318883e000 ---p 00017000 08:01 20587083                   /usr/lib/jvm/java-7-openjdk-amd64/jre/lib/amd64/libnet.so
7f318883e000-7f318883f000 r--p 00016000 08:01 20587083                   /usr/lib/jvm/java-7-openjdk-amd64/jre/lib/amd64/libnet.so
7f318883f000-7f3188840000 rw-p 00017000 08:01 20587083                   /usr/lib/jvm/java-7-openjdk-amd64/jre/lib/amd64/libnet.so
7f3188840000-7f3188851000 r-xp 00000000 08:01 20587088                   /usr/lib/jvm/java-7-openjdk-amd64/jre/lib/amd64/libnio.so
7f3188851000-7f3188a50000 ---p 00011000 08:01 20587088                   /usr/lib/jvm/java-7-openjdk-amd64/jre/lib/amd64/libnio.so
7f3188a50000-7f3188a51000 r--p 00010000 08:01 20587088                   /usr/lib/jvm/java-7-openjdk-amd64/jre/lib/amd64/libnio.so
7f3188a51000-7f3188a52000 rw-p 00011000 08:01 20587088                   /usr/lib/jvm/java-7-openjdk-amd64/jre/lib/amd64/libnio.so
7f3188a52000-7f3188b1f000 r--s 0093b000 08:01 2229504                    /home/sharan/Dropbox/Muser/muser/build/intermediates/multi-dex/debug/allclasses.jar
7f3188b1f000-7f3188b20000 ---p 00000000 00:00 0 
7f3188b20000-7f3188c20000 rw-p 00000000 00:00 0                          [stack:21977]
7f3188c20000-7f3188c23000 ---p 00000000 00:00 0 
7f3188c23000-7f3188d21000 rw-p 00000000 00:00 0                          [stack:21976]
7f3188d21000-7f3188d24000 ---p 00000000 00:00 0 
7f3188d24000-7f3188e22000 rw-p 00000000 00:00 0                          [stack:21975]
7f3188e22000-7f3188e25000 ---p 00000000 00:00 0 
7f3188e25000-7f3188f23000 rw-p 00000000 00:00 0                          [stack:21974]
7f3188f23000-7f3188f26000 ---p 00000000 00:00 0 
7f3188f26000-7f3189024000 rw-p 00000000 00:00 0                          [stack:21973]
7f3189024000-7f3189706000 r--p 00000000 08:01 20454393                   /usr/lib/locale/locale-archive
7f3189706000-7f3189709000 ---p 00000000 00:00 0 
7f3189709000-7f3189807000 rw-p 00000000 00:00 0                          [stack:21972]
7f3189807000-7f318980a000 ---p 00000000 00:00 0 
7f318980a000-7f3189908000 rw-p 00000000 00:00 0                          [stack:21971]
7f3189908000-7f3189909000 ---p 00000000 00:00 0 
7f3189909000-7f318a9e5000 rw-p 00000000 00:00 0                          [stack:21970]
7f318a9e5000-7f318ab96000 r--s 01d29000 08:01 20587021                   /usr/lib/jvm/java-7-openjdk-amd64/jre/lib/rt.jar
7f318ab96000-7f318b50e000 rw-p 00000000 00:00 0 
7f318b50e000-7f318b50f000 ---p 00000000 00:00 0 
7f318b50f000-7f318b60f000 rw-p 00000000 00:00 0                          [stack:21969]
7f318b60f000-7f318b610000 ---p 00000000 00:00 0 
7f318b610000-7f318b710000 rw-p 00000000 00:00 0                          [stack:21968]
7f318b710000-7f318b711000 ---p 00000000 00:00 0 
7f318b711000-7f318b8f0000 rw-p 00000000 00:00 0                          [stack:21967]
7f318b8f0000-7f318bd67000 rw-p 00000000 00:00 0 
7f318bd67000-7f318bd72000 rw-p 00000000 00:00 0 
7f318bd72000-7f318bdba000 rw-p 00000000 00:00 0 
7f318bdba000-7f318be99000 rw-p 00000000 00:00 0 
7f318be99000-7f318c30f000 rw-p 00000000 00:00 0 
7f318c30f000-7f318c4c3000 rw-p 00000000 00:00 0 
7f318c4c3000-7f318c5ba000 rw-p 00000000 00:00 0 
7f318c5ba000-7f318c5bb000 rw-p 00000000 00:00 0 
7f318c5bb000-7f318c9db000 rwxp 00000000 00:00 0 
7f318c9db000-7f318f5bb000 rw-p 00000000 00:00 0 
7f318f5bb000-7f318f5c3000 r-xp 00000000 08:01 20587054                   /usr/lib/jvm/java-7-openjdk-amd64/jre/lib/amd64/libzip.so
7f318f5c3000-7f318f7c2000 ---p 00008000 08:01 20587054                   /usr/lib/jvm/java-7-openjdk-amd64/jre/lib/amd64/libzip.so
7f318f7c2000-7f318f7c3000 r--p 00007000 08:01 20587054                   /usr/lib/jvm/java-7-openjdk-amd64/jre/lib/amd64/libzip.so
7f318f7c3000-7f318f7c4000 rw-p 00008000 08:01 20587054                   /usr/lib/jvm/java-7-openjdk-amd64/jre/lib/amd64/libzip.so
7f318f7c4000-7f318f7d0000 r-xp 00000000 08:01 22024420                   /lib/x86_64-linux-gnu/libnss_files-2.21.so
7f318f7d0000-7f318f9cf000 ---p 0000c000 08:01 22024420                   /lib/x86_64-linux-gnu/libnss_files-2.21.so
7f318f9cf000-7f318f9d0000 r--p 0000b000 08:01 22024420                   /lib/x86_64-linux-gnu/libnss_files-2.21.so
7f318f9d0000-7f318f9d1000 rw-p 0000c000 08:01 22024420                   /lib/x86_64-linux-gnu/libnss_files-2.21.so
7f318f9d1000-7f318f9dc000 r-xp 00000000 08:01 22024430                   /lib/x86_64-linux-gnu/libnss_nis-2.21.so
7f318f9dc000-7f318fbdb000 ---p 0000b000 08:01 22024430                   /lib/x86_64-linux-gnu/libnss_nis-2.21.so
7f318fbdb000-7f318fbdc000 r--p 0000a000 08:01 22024430                   /lib/x86_64-linux-gnu/libnss_nis-2.21.so
7f318fbdc000-7f318fbdd000 rw-p 0000b000 08:01 22024430                   /lib/x86_64-linux-gnu/libnss_nis-2.21.so
7f318fbdd000-7f318fbf4000 r-xp 00000000 08:01 22024414                   /lib/x86_64-linux-gnu/libnsl-2.21.so
7f318fbf4000-7f318fdf3000 ---p 00017000 08:01 22024414                   /lib/x86_64-linux-gnu/libnsl-2.21.so
7f318fdf3000-7f318fdf4000 r--p 00016000 08:01 22024414                   /lib/x86_64-linux-gnu/libnsl-2.21.so
7f318fdf4000-7f318fdf5000 rw-p 00017000 08:01 22024414                   /lib/x86_64-linux-gnu/libnsl-2.21.so
7f318fdf5000-7f318fdf7000 rw-p 00000000 00:00 0 
7f318fdf7000-7f318fdff000 r-xp 00000000 08:01 22024416                   /lib/x86_64-linux-gnu/libnss_compat-2.21.so
7f318fdff000-7f318fffe000 ---p 00008000 08:01 22024416                   /lib/x86_64-linux-gnu/libnss_compat-2.21.so
7f318fffe000-7f318ffff000 r--p 00007000 08:01 22024416                   /lib/x86_64-linux-gnu/libnss_compat-2.21.so
7f318ffff000-7f3190000000 rw-p 00008000 08:01 22024416                   /lib/x86_64-linux-gnu/libnss_compat-2.21.so
7f3190000000-7f3190366000 rw-p 00000000 00:00 0 
7f3190366000-7f3194000000 ---p 00000000 00:00 0 
7f3194006000-7f319404f000 rw-p 00000000 00:00 0 
7f319404f000-7f3194050000 ---p 00000000 00:00 0 
7f3194050000-7f319415b000 rw-p 00000000 00:00 0                          [stack:21966]
7f319415b000-7f31941a3000 rw-p 00000000 00:00 0 
7f31941a3000-7f31941d0000 r-xp 00000000 08:01 20587091                   /usr/lib/jvm/java-7-openjdk-amd64/jre/lib/amd64/libjava.so
7f31941d0000-7f31943cf000 ---p 0002d000 08:01 20587091                   /usr/lib/jvm/java-7-openjdk-amd64/jre/lib/amd64/libjava.so
7f31943cf000-7f31943d0000 r--p 0002c000 08:01 20587091                   /usr/lib/jvm/java-7-openjdk-amd64/jre/lib/amd64/libjava.so
7f31943d0000-7f31943d2000 rw-p 0002d000 08:01 20587091                   /usr/lib/jvm/java-7-openjdk-amd64/jre/lib/amd64/libjava.so
7f31943d2000-7f31943e1000 r-xp 00000000 08:01 20587072                   /usr/lib/jvm/java-7-openjdk-amd64/jre/lib/amd64/libverify.so
7f31943e1000-7f31945e0000 ---p 0000f000 08:01 20587072                   /usr/lib/jvm/java-7-openjdk-amd64/jre/lib/amd64/libverify.so
7f31945e0000-7f31945e3000 r--p 0000e000 08:01 20587072                   /usr/lib/jvm/java-7-openjdk-amd64/jre/lib/amd64/libverify.so
7f31945e3000-7f31945e4000 rw-p 00011000 08:01 20587072                   /usr/lib/jvm/java-7-openjdk-amd64/jre/lib/amd64/libverify.so
7f31945e4000-7f31945eb000 r-xp 00000000 08:01 22024475                   /lib/x86_64-linux-gnu/librt-2.21.so
7f31945eb000-7f31947ea000 ---p 00007000 08:01 22024475                   /lib/x86_64-linux-gnu/librt-2.21.so
7f31947ea000-7f31947eb000 r--p 00006000 08:01 22024475                   /lib/x86_64-linux-gnu/librt-2.21.so
7f31947eb000-7f31947ec000 rw-p 00007000 08:01 22024475                   /lib/x86_64-linux-gnu/librt-2.21.so
7f31947ec000-7f3194802000 r-xp 00000000 08:01 22024363                   /lib/x86_64-linux-gnu/libgcc_s.so.1
7f3194802000-7f3194a01000 ---p 00016000 08:01 22024363                   /lib/x86_64-linux-gnu/libgcc_s.so.1
7f3194a01000-7f3194a02000 rw-p 00015000 08:01 22024363                   /lib/x86_64-linux-gnu/libgcc_s.so.1
7f3194a02000-7f3194b09000 r-xp 00000000 08:01 22024393                   /lib/x86_64-linux-gnu/libm-2.21.so
7f3194b09000-7f3194d08000 ---p 00107000 08:01 22024393                   /lib/x86_64-linux-gnu/libm-2.21.so
7f3194d08000-7f3194d09000 r--p 00106000 08:01 22024393                   /lib/x86_64-linux-gnu/libm-2.21.so
7f3194d09000-7f3194d0a000 rw-p 00107000 08:01 22024393                   /lib/x86_64-linux-gnu/libm-2.21.so
7f3194d0a000-7f3194dfa000 r-xp 00000000 08:01 20456311                   /usr/lib/x86_64-linux-gnu/libstdc++.so.6.0.20
7f3194dfa000-7f3194ffa000 ---p 000f0000 08:01 20456311                   /usr/lib/x86_64-linux-gnu/libstdc++.so.6.0.20
7f3194ffa000-7f3195002000 r--p 000f0000 08:01 20456311                   /usr/lib/x86_64-linux-gnu/libstdc++.so.6.0.20
7f3195002000-7f3195004000 rw-p 000f8000 08:01 20456311                   /usr/lib/x86_64-linux-gnu/libstdc++.so.6.0.20
7f3195004000-7f3195019000 rw-p 00000000 00:00 0 
7f3195019000-7f3195b71000 r-xp 00000000 08:01 20587060                   /usr/lib/jvm/java-7-openjdk-amd64/jre/lib/amd64/server/libjvm.so
7f3195b71000-7f3195d70000 ---p 00b58000 08:01 20587060                   /usr/lib/jvm/java-7-openjdk-amd64/jre/lib/amd64/server/libjvm.so
7f3195d70000-7f3195e0f000 r--p 00b57000 08:01 20587060                   /usr/lib/jvm/java-7-openjdk-amd64/jre/lib/amd64/server/libjvm.so
7f3195e0f000-7f3195e32000 rw-p 00bf6000 08:01 20587060                   /usr/lib/jvm/java-7-openjdk-amd64/jre/lib/amd64/server/libjvm.so
7f3195e32000-7f3195e5f000 rw-p 00000000 00:00 0 
7f3195e5f000-7f3195e78000 r-xp 00000000 08:01 22024508                   /lib/x86_64-linux-gnu/libz.so.1.2.8
7f3195e78000-7f3196078000 ---p 00019000 08:01 22024508                   /lib/x86_64-linux-gnu/libz.so.1.2.8
7f3196078000-7f3196079000 r--p 00019000 08:01 22024508                   /lib/x86_64-linux-gnu/libz.so.1.2.8
7f3196079000-7f319607a000 rw-p 0001a000 08:01 22024508                   /lib/x86_64-linux-gnu/libz.so.1.2.8
7f319607a000-7f3196092000 r-xp 00000000 08:01 22024467                   /lib/x86_64-linux-gnu/libpthread-2.21.so
7f3196092000-7f3196292000 ---p 00018000 08:01 22024467                   /lib/x86_64-linux-gnu/libpthread-2.21.so
7f3196292000-7f3196293000 r--p 00018000 08:01 22024467                   /lib/x86_64-linux-gnu/libpthread-2.21.so
7f3196293000-7f3196294000 rw-p 00019000 08:01 22024467                   /lib/x86_64-linux-gnu/libpthread-2.21.so
7f3196294000-7f3196298000 rw-p 00000000 00:00 0 
7f3196298000-7f319629b000 r-xp 00000000 08:01 22024351                   /lib/x86_64-linux-gnu/libdl-2.21.so
7f319629b000-7f319649a000 ---p 00003000 08:01 22024351                   /lib/x86_64-linux-gnu/libdl-2.21.so
7f319649a000-7f319649b000 r--p 00002000 08:01 22024351                   /lib/x86_64-linux-gnu/libdl-2.21.so
7f319649b000-7f319649c000 rw-p 00003000 08:01 22024351                   /lib/x86_64-linux-gnu/libdl-2.21.so
7f319649c000-7f319665c000 r-xp 00000000 08:01 22024334                   /lib/x86_64-linux-gnu/libc-2.21.so
7f319665c000-7f319685c000 ---p 001c0000 08:01 22024334                   /lib/x86_64-linux-gnu/libc-2.21.so
7f319685c000-7f3196860000 r--p 001c0000 08:01 22024334                   /lib/x86_64-linux-gnu/libc-2.21.so
7f3196860000-7f3196862000 rw-p 001c4000 08:01 22024334                   /lib/x86_64-linux-gnu/libc-2.21.so
7f3196862000-7f3196866000 rw-p 00000000 00:00 0 
7f3196866000-7f3196873000 r-xp 00000000 08:01 20587057                   /usr/lib/jvm/java-7-openjdk-amd64/jre/lib/amd64/jli/libjli.so
7f3196873000-7f3196a72000 ---p 0000d000 08:01 20587057                   /usr/lib/jvm/java-7-openjdk-amd64/jre/lib/amd64/jli/libjli.so
7f3196a72000-7f3196a73000 r--p 0000c000 08:01 20587057                   /usr/lib/jvm/java-7-openjdk-amd64/jre/lib/amd64/jli/libjli.so
7f3196a73000-7f3196a74000 rw-p 0000d000 08:01 20587057                   /usr/lib/jvm/java-7-openjdk-amd64/jre/lib/amd64/jli/libjli.so
7f3196a74000-7f3196a98000 r-xp 00000000 08:01 22024306                   /lib/x86_64-linux-gnu/ld-2.21.so
7f3196aa1000-7f3196ab0000 r--s 000dd000 08:01 21636737                   /home/sharan/Android/Sdk/build-tools/21.1.2/lib/dx.jar
7f3196ab0000-7f3196ac1000 rw-p 00000000 00:00 0 
7f3196ac1000-7f3196b70000 rw-p 00000000 00:00 0 
7f3196b70000-7f3196b73000 ---p 00000000 00:00 0 
7f3196b73000-7f3196c77000 rw-p 00000000 00:00 0                          [stack:21962]
7f3196c77000-7f3196c7b000 r--s 00034000 08:01 20587040                   /usr/lib/jvm/java-7-openjdk-amd64/jre/lib/ext/sunjce_provider.jar
7f3196c7b000-7f3196c7f000 r--s 0003c000 08:01 20587041                   /usr/lib/jvm/java-7-openjdk-amd64/jre/lib/ext/sunpkcs11.jar
7f3196c7f000-7f3196c82000 r--s 0000f000 08:01 20587042                   /usr/lib/jvm/java-7-openjdk-amd64/jre/lib/ext/icedtea-sound.jar
7f3196c82000-7f3196c86000 r--s 00085000 08:01 20587038                   /usr/lib/jvm/java-7-openjdk-amd64/jre/lib/ext/localedata.jar
7f3196c86000-7f3196c88000 r--s 00012000 08:01 20587043                   /usr/lib/jvm/java-7-openjdk-amd64/jre/lib/ext/zipfs.jar
7f3196c88000-7f3196c8a000 r--s 00006000 08:01 20971724                   /usr/share/java/java-atk-wrapper.jar
7f3196c8a000-7f3196c8b000 r--s 00002000 08:01 20587039                   /usr/lib/jvm/java-7-openjdk-amd64/jre/lib/ext/dnsns.jar
7f3196c8b000-7f3196c93000 rw-s 00000000 08:01 3014778                    /tmp/hsperfdata_sharan/21960
7f3196c93000-7f3196c94000 rw-p 00000000 00:00 0 
7f3196c94000-7f3196c95000 ---p 00000000 00:00 0 
7f3196c95000-7f3196c97000 rw-p 00000000 00:00 0 
7f3196c97000-7f3196c98000 r--p 00023000 08:01 22024306                   /lib/x86_64-linux-gnu/ld-2.21.so
7f3196c98000-7f3196c99000 rw-p 00024000 08:01 22024306                   /lib/x86_64-linux-gnu/ld-2.21.so
7f3196c99000-7f3196c9a000 rw-p 00000000 00:00 0 
7ffdc6a8d000-7ffdc6aae000 rw-p 00000000 00:00 0                          [stack]
7ffdc6aee000-7ffdc6af0000 r--p 00000000 00:00 0                          [vvar]
7ffdc6af0000-7ffdc6af2000 r-xp 00000000 00:00 0                          [vdso]
ffffffffff600000-ffffffffff601000 r-xp 00000000 00:00 0                  [vsyscall]

VM Arguments:
jvm_args: -Xmx4g -Dfile.encoding=UTF-8 -Duser.country=IN -Duser.language=en -Duser.variant 
java_command: com.android.dx.command.Main --dex --force-jumbo --multi-dex --main-dex-list /home/sharan/Dropbox/Muser/muser/build/intermediates/multi-dex/debug/maindexlist.txt --output /home/sharan/Dropbox/Muser/muser/build/intermediates/dex/debug /home/sharan/Dropbox/Muser/muser/build/intermediates/multi-dex/debug/allclasses.jar
Launcher Type: SUN_STANDARD

Environment Variables:
JAVA_HOME=/usr/lib/jvm/java-8-oracle
PATH=/usr/local/sbin:/usr/local/bin:/usr/sbin:/usr/bin:/sbin:/bin:/usr/games:/usr/local/games:/usr/lib/jvm/java-8-oracle/bin:/usr/lib/jvm/java-8-oracle/db/bin:/usr/lib/jvm/java-8-oracle/jre/bin
LD_LIBRARY_PATH=/opt/android-studio/bin:
SHELL=/bin/bash
DISPLAY=:0

Signal Handlers:
SIGSEGV: [libjvm.so+0x98ac50], sa_mask[0]=0x7ffbfeff, sa_flags=0x10000004
SIGBUS: [libjvm.so+0x98ac50], sa_mask[0]=0x7ffbfeff, sa_flags=0x10000004
SIGFPE: [libjvm.so+0x7f8ab0], sa_mask[0]=0x7ffbfeff, sa_flags=0x10000004
SIGPIPE: [libjvm.so+0x7f8ab0], sa_mask[0]=0x7ffbfeff, sa_flags=0x10000004
SIGXFSZ: [libjvm.so+0x7f8ab0], sa_mask[0]=0x7ffbfeff, sa_flags=0x10000004
SIGILL: [libjvm.so+0x7f8ab0], sa_mask[0]=0x7ffbfeff, sa_flags=0x10000004
SIGUSR1: SIG_DFL, sa_mask[0]=0x00000000, sa_flags=0x00000000
SIGUSR2: [libjvm.so+0x7f8930], sa_mask[0]=0x00000004, sa_flags=0x10000004
SIGHUP: [libjvm.so+0x7f8b30], sa_mask[0]=0x7ffbfeff, sa_flags=0x10000004
SIGINT: [libjvm.so+0x7f8b30], sa_mask[0]=0x7ffbfeff, sa_flags=0x10000004
SIGTERM: [libjvm.so+0x7f8b30], sa_mask[0]=0x7ffbfeff, sa_flags=0x10000004
SIGQUIT: [libjvm.so+0x7f8b30], sa_mask[0]=0x7ffbfeff, sa_flags=0x10000004
SIGTRAP: SIG_DFL, sa_mask[0]=0x00000000, sa_flags=0x00000000


---------------  S Y S T E M  ---------------

OS:Ubuntu 15.04 (vivid)
uname:Linux 3.19.0-26-generic #28-Ubuntu SMP Tue Aug 11 14:16:32 UTC 2015 x86_64
libc:glibc 2.21 NPTL 2.21 
rlimit: STACK 8192k, CORE 0k, NPROC 31366, NOFILE 65536, AS infinity
load average:2.05 2.30 1.90

/proc/meminfo:
MemTotal:        8052020 kB
MemFree:          145496 kB
MemAvailable:     156168 kB
Buffers:            6884 kB
Cached:          1139456 kB
SwapCached:            0 kB
Active:          6714192 kB
Inactive:        1003248 kB
Active(anon):    6645320 kB
Inactive(anon):   931832 kB
Active(file):      68872 kB
Inactive(file):    71416 kB
Unevictable:          32 kB
Mlocked:              32 kB
SwapTotal:             0 kB
SwapFree:              0 kB
Dirty:                60 kB
Writeback:             0 kB
AnonPages:       6571724 kB
Mapped:           470552 kB
Shmem:           1005528 kB
Slab:              87900 kB
SReclaimable:      49996 kB
SUnreclaim:        37904 kB
KernelStack:       11776 kB
PageTables:        47812 kB
NFS_Unstable:          0 kB
Bounce:                0 kB
WritebackTmp:          0 kB
CommitLimit:     4026008 kB
Committed_AS:   13959864 kB
VmallocTotal:   34359738367 kB
VmallocUsed:      358880 kB
VmallocChunk:   34359320940 kB
HardwareCorrupted:     0 kB
AnonHugePages:   4468736 kB
CmaTotal:              0 kB
CmaFree:               0 kB
HugePages_Total:       0
HugePages_Free:        0
HugePages_Rsvd:        0
HugePages_Surp:        0
Hugepagesize:       2048 kB
DirectMap4k:      148540 kB
DirectMap2M:     6019072 kB
DirectMap1G:     2097152 kB


CPU:total 4 (2 cores per cpu, 2 threads per core) family 6 model 60 stepping 3, cmov, cx8, fxsr, mmx, sse, sse2, sse3, ssse3, sse4.1, sse4.2, popcnt, avx, avx2, aes, erms, ht, tsc, tscinvbit

/proc/cpuinfo:
processor	: 0
vendor_id	: GenuineIntel
cpu family	: 6
model		: 60
model name	: Intel(R) Core(TM) i3-4150 CPU @ 3.50GHz
stepping	: 3
microcode	: 0x12
cpu MHz		: 3499.589
cache size	: 3072 KB
physical id	: 0
siblings	: 4
core id		: 0
cpu cores	: 2
apicid		: 0
initial apicid	: 0
fpu		: yes
fpu_exception	: yes
cpuid level	: 13
wp		: yes
flags		: fpu vme de pse tsc msr pae mce cx8 apic sep mtrr pge mca cmov pat pse36 clflush dts acpi mmx fxsr sse sse2 ss ht tm pbe syscall nx pdpe1gb rdtscp lm constant_tsc arch_perfmon pebs bts rep_good nopl xtopology nonstop_tsc aperfmperf eagerfpu pni pclmulqdq dtes64 monitor ds_cpl vmx est tm2 ssse3 fma cx16 xtpr pdcm pcid sse4_1 sse4_2 movbe popcnt tsc_deadline_timer aes xsave avx f16c rdrand lahf_lm abm arat pln pts dtherm tpr_shadow vnmi flexpriority ept vpid fsgsbase tsc_adjust bmi1 avx2 smep bmi2 erms invpcid xsaveopt
bugs		:
bogomips	: 6983.77
clflush size	: 64
cache_alignment	: 64
address sizes	: 39 bits physical, 48 bits virtual
power management:

processor	: 1
vendor_id	: GenuineIntel
cpu family	: 6
model		: 60
model name	: Intel(R) Core(TM) i3-4150 CPU @ 3.50GHz
stepping	: 3
microcode	: 0x12
cpu MHz		: 3500.000
cache size	: 3072 KB
physical id	: 0
siblings	: 4
core id		: 1
cpu cores	: 2
apicid		: 2
initial apicid	: 2
fpu		: yes
fpu_exception	: yes
cpuid level	: 13
wp		: yes
flags		: fpu vme de pse tsc msr pae mce cx8 apic sep mtrr pge mca cmov pat pse36 clflush dts acpi mmx fxsr sse sse2 ss ht tm pbe syscall nx pdpe1gb rdtscp lm constant_tsc arch_perfmon pebs bts rep_good nopl xtopology nonstop_tsc aperfmperf eagerfpu pni pclmulqdq dtes64 monitor ds_cpl vmx est tm2 ssse3 fma cx16 xtpr pdcm pcid sse4_1 sse4_2 movbe popcnt tsc_deadline_timer aes xsave avx f16c rdrand lahf_lm abm arat pln pts dtherm tpr_shadow vnmi flexpriority ept vpid fsgsbase tsc_adjust bmi1 avx2 smep bmi2 erms invpcid xsaveopt
bugs		:
bogomips	: 6983.77
clflush size	: 64
cache_alignment	: 64
address sizes	: 39 bits physical, 48 bits virtual
power management:

processor	: 2
vendor_id	: GenuineIntel
cpu family	: 6
model		: 60
model name	: Intel(R) Core(TM) i3-4150 CPU @ 3.50GHz
stepping	: 3
microcode	: 0x12
cpu MHz		: 3500.000
cache size	: 3072 KB
physical id	: 0
siblings	: 4
core id		: 0
cpu cores	: 2
apicid		: 1
initial apicid	: 1
fpu		: yes
fpu_exception	: yes
cpuid level	: 13
wp		: yes
flags		: fpu vme de pse tsc msr pae mce cx8 apic sep mtrr pge mca cmov pat pse36 clflush dts acpi mmx fxsr sse sse2 ss ht tm pbe syscall nx pdpe1gb rdtscp lm constant_tsc arch_perfmon pebs bts rep_good nopl xtopology nonstop_tsc aperfmperf eagerfpu pni pclmulqdq dtes64 monitor ds_cpl vmx est tm2 ssse3 fma cx16 xtpr pdcm pcid sse4_1 sse4_2 movbe popcnt tsc_deadline_timer aes xsave avx f16c rdrand lahf_lm abm arat pln pts dtherm tpr_shadow vnmi flexpriority ept vpid fsgsbase tsc_adjust bmi1 avx2 smep bmi2 erms invpcid xsaveopt
bugs		:
bogomips	: 6983.77
clflush size	: 64
cache_alignment	: 64
address sizes	: 39 bits physical, 48 bits virtual
power management:

processor	: 3
vendor_id	: GenuineIntel
cpu family	: 6
model		: 60
model name	: Intel(R) Core(TM) i3-4150 CPU @ 3.50GHz
stepping	: 3
microcode	: 0x12
cpu MHz		: 3500.000
cache size	: 3072 KB
physical id	: 0
siblings	: 4
core id		: 1
cpu cores	: 2
apicid		: 3
initial apicid	: 3
fpu		: yes
fpu_exception	: yes
cpuid level	: 13
wp		: yes
flags		: fpu vme de pse tsc msr pae mce cx8 apic sep mtrr pge mca cmov pat pse36 clflush dts acpi mmx fxsr sse sse2 ss ht tm pbe syscall nx pdpe1gb rdtscp lm constant_tsc arch_perfmon pebs bts rep_good nopl xtopology nonstop_tsc aperfmperf eagerfpu pni pclmulqdq dtes64 monitor ds_cpl vmx est tm2 ssse3 fma cx16 xtpr pdcm pcid sse4_1 sse4_2 movbe popcnt tsc_deadline_timer aes xsave avx f16c rdrand lahf_lm abm arat pln pts dtherm tpr_shadow vnmi flexpriority ept vpid fsgsbase tsc_adjust bmi1 avx2 smep bmi2 erms invpcid xsaveopt
bugs		:
bogomips	: 6983.77
clflush size	: 64
cache_alignment	: 64
address sizes	: 39 bits physical, 48 bits virtual
power management:



Memory: 4k page, physical 8052020k(145496k free), swap 0k(0k free)

vm_info: OpenJDK 64-Bit Server VM (24.79-b02) for linux-amd64 JRE (1.7.0_79-b14), built on Jul 24 2015 05:24:39 by "buildd" with gcc 4.9.2

time: Mon Jan  4 18:22:19 2016
elapsed time: 18 seconds

