#
# There is insufficient memory for the Java Runtime Environment to continue.
# Native memory allocation (malloc) failed to allocate 89653248 bytes for committing reserved memory.
# Possible reasons:
#   The system is out of physical RAM or swap space
#   In 32 bit mode, the process size limit was hit
# Possible solutions:
#   Reduce memory load on the system
#   Increase physical memory or swap space
#   Check if swap backing store is full
#   Use 64 bit Java on a 64 bit OS
#   Decrease Java heap size (-Xmx/-Xms)
#   Decrease number of Java threads
#   Decrease Java thread stack sizes (-Xss)
#   Set larger code cache with -XX:ReservedCodeCacheSize=
# This output file may be truncated or incomplete.
#
#  Out of Memory Error (os_linux.cpp:2809), pid=11202, tid=140538127369984
#
# JRE version: OpenJDK Runtime Environment (7.0_79-b14) (build 1.7.0_79-b14)
# Java VM: OpenJDK 64-Bit Server VM (24.79-b02 mixed mode linux-amd64 compressed oops)
# Derivative: IcedTea 2.5.6
# Distribution: Ubuntu 15.04, package 7u79-2.5.6-0ubuntu1.15.04.1
# Failed to write core dump. Core dumps have been disabled. To enable core dumping, try "ulimit -c unlimited" before starting Java again
#

---------------  T H R E A D  ---------------

Current thread (0x00007fd19c13e000):  VMThread [stack: 0x00007fd19518c000,0x00007fd19528d000] [id=11212]

Stack: [0x00007fd19518c000,0x00007fd19528d000],  sp=0x00007fd19528b4e0,  free space=1021k
Native frames: (J=compiled Java code, j=interpreted, Vv=VM code, C=native code)
V  [libjvm.so+0x98a166]  VMError::report_and_die()+0x186
V  [libjvm.so+0x48f932]  report_vm_out_of_memory(char const*, int, unsigned long, char const*)+0x92
V  [libjvm.so+0x7fd56b]  os::pd_commit_memory(char*, unsigned long, unsigned long, bool)+0xeb
V  [libjvm.so+0x7f7c4e]  os::commit_memory(char*, unsigned long, unsigned long, bool)+0x2e
V  [libjvm.so+0x86a56b]  PSVirtualSpace::expand_by(unsigned long)+0x5b
V  [libjvm.so+0x86b413]  PSYoungGen::resize_generation(unsigned long, unsigned long)+0xd3
V  [libjvm.so+0x86bb2b]  PSYoungGen::resize(unsigned long, unsigned long)+0x1b
V  [libjvm.so+0x867539]  PSScavenge::invoke_no_policy()+0xdc9
V  [libjvm.so+0x867d18]  PSScavenge::invoke()+0x38
V  [libjvm.so+0x81fb73]  ParallelScavengeHeap::failed_mem_allocate(unsigned long)+0x63
V  [libjvm.so+0x98ba32]  VM_ParallelGCFailedAllocation::doit()+0x92
V  [libjvm.so+0x9902e7]  VM_Operation::evaluate()+0x47
V  [libjvm.so+0x98e8cb]  VMThread::evaluate_operation(VM_Operation*)+0xab
V  [libjvm.so+0x98ef76]  VMThread::loop()+0x1e6
V  [libjvm.so+0x98f441]  VMThread::run()+0x81
V  [libjvm.so+0x7fa492]  java_start(Thread*)+0xf2

VM_Operation (0x00007fd1a266af40): ParallelGCFailedAllocation, mode: safepoint, requested by thread 0x00007fd19c00b000


---------------  P R O C E S S  ---------------

Java Threads: ( => current thread )
  0x00007fd19c1d2000 JavaThread "Service Thread" daemon [_thread_blocked, id=11218, stack(0x00007fd18f8f3000,0x00007fd18f9f4000)]
  0x00007fd19c1c8800 JavaThread "C2 CompilerThread1" daemon [_thread_blocked, id=11217, stack(0x00007fd18f9f4000,0x00007fd18faf5000)]
  0x00007fd19c1c6800 JavaThread "C2 CompilerThread0" daemon [_thread_blocked, id=11216, stack(0x00007fd18faf5000,0x00007fd18fbf6000)]
  0x00007fd19c16f800 JavaThread "Signal Dispatcher" daemon [_thread_blocked, id=11215, stack(0x00007fd1947a7000,0x00007fd1948a8000)]
  0x00007fd19c144800 JavaThread "Finalizer" daemon [_thread_blocked, id=11214, stack(0x00007fd194f8a000,0x00007fd19508b000)]
  0x00007fd19c142800 JavaThread "Reference Handler" daemon [_thread_blocked, id=11213, stack(0x00007fd19508b000,0x00007fd19518c000)]
  0x00007fd19c00b000 JavaThread "main" [_thread_blocked, id=11207, stack(0x00007fd1a256c000,0x00007fd1a266d000)]

Other Threads:
=>0x00007fd19c13e000 VMThread [stack: 0x00007fd19518c000,0x00007fd19528d000] [id=11212]
  0x00007fd19c1dc800 WatcherThread [stack: 0x00007fd18f7f2000,0x00007fd18f8f3000] [id=11219]

VM state:at safepoint (normal execution)

VM Mutex/Monitor currently owned by a thread:  ([mutex/lock_event])
[0x00007fd19c007990] Threads_lock - owner thread: 0x00007fd19c13e000
[0x00007fd19c007e90] Heap_lock - owner thread: 0x00007fd19c00b000

Heap
 PSYoungGen      total 960512K, used 318463K [0x00000007aaa80000, 0x00000007faa80000, 0x0000000800000000)
  eden space 642048K, 0% used [0x00000007aaa80000,0x00000007aaa80000,0x00000007d1d80000)
  from space 318464K, 99% used [0x00000007d1d80000,0x00000007e547fec8,0x00000007e5480000)
  to   space 275456K, 0% used [0x00000007e5480000,0x00000007e5480000,0x00000007f6180000)
 ParOldGen       total 669696K, used 499415K [0x0000000700000000, 0x0000000728e00000, 0x00000007aaa80000)
  object space 669696K, 74% used [0x0000000700000000,0x000000071e7b5f58,0x0000000728e00000)
 PSPermGen       total 21504K, used 6396K [0x00000006f5a00000, 0x00000006f6f00000, 0x0000000700000000)
  object space 21504K, 29% used [0x00000006f5a00000,0x00000006f603f1b0,0x00000006f6f00000)

Card table byte_map: [0x00007fd197513000,0x00007fd197d67000] byte_map_base: 0x00007fd193d66000

Polling page: 0x00007fd1a2690000

Code Cache  [0x00007fd197d67000, 0x00007fd198197000, 0x00007fd19ad67000)
 total_blobs=1371 nmethods=1141 adapters=183 free_code_cache=45028Kb largest_free_block=45992384

Compilation events (10 events):
Event: 28.528 Thread 0x00007fd19c1c8800 nmethod 1204 0x00007fd197e32050 code [0x00007fd197e32180, 0x00007fd197e321f8]
Event: 28.529 Thread 0x00007fd19c1c8800 1205             com.android.dx.dex.file.ClassDataItem::addStaticField (51 bytes)
Event: 28.530 Thread 0x00007fd19c1c6800 nmethod 1202 0x00007fd197e311d0 code [0x00007fd197e31320, 0x00007fd197e31638]
Event: 28.531 Thread 0x00007fd19c1c8800 nmethod 1205 0x00007fd197e30a10 code [0x00007fd197e30ba0, 0x00007fd197e30ea8]
Event: 28.553 Thread 0x00007fd19c1c6800 1206             com.android.dx.dex.cf.CfTranslator::coerceConstant (144 bytes)
Event: 28.555 Thread 0x00007fd19c1c6800 nmethod 1206 0x00007fd197e30290 code [0x00007fd197e30420, 0x00007fd197e30708]
Event: 28.703 Thread 0x00007fd19c1c8800 1207             com.android.dx.util.ByteArray::<init> (9 bytes)
Event: 28.704 Thread 0x00007fd19c1c8800 nmethod 1207 0x00007fd19815c4d0 code [0x00007fd19815c600, 0x00007fd19815c698]
Event: 28.826 Thread 0x00007fd19c1c6800 1208             com.android.dx.rop.type.Type::isArray (19 bytes)
Event: 28.826 Thread 0x00007fd19c1c6800 nmethod 1208 0x00007fd19815c190 code [0x00007fd19815c2e0, 0x00007fd19815c3b8]

GC Heap History (10 events):
Event: 20.865 GC heap after
Heap after GC invocations=20 (full 3):
 PSYoungGen      total 694272K, used 159219K [0x00000007aaa80000, 0x00000007e8780000, 0x0000000800000000)
  eden space 535040K, 0% used [0x00000007aaa80000,0x00000007aaa80000,0x00000007cb500000)
  from space 159232K, 99% used [0x00000007cb500000,0x00000007d507cd90,0x00000007d5080000)
  to   space 196608K, 0% used [0x00000007dc780000,0x00000007dc780000,0x00000007e8780000)
 ParOldGen       total 455680K, used 320318K [0x0000000700000000, 0x000000071bd00000, 0x00000007aaa80000)
  object space 455680K, 70% used [0x0000000700000000,0x00000007138cfa78,0x000000071bd00000)
 PSPermGen       total 21504K, used 6283K [0x00000006f5a00000, 0x00000006f6f00000, 0x0000000700000000)
  object space 21504K, 29% used [0x00000006f5a00000,0x00000006f6022f20,0x00000006f6f00000)
}
Event: 21.839 GC heap before
{Heap before GC invocations=21 (full 3):
 PSYoungGen      total 694272K, used 694259K [0x00000007aaa80000, 0x00000007e8780000, 0x0000000800000000)
  eden space 535040K, 100% used [0x00000007aaa80000,0x00000007cb500000,0x00000007cb500000)
  from space 159232K, 99% used [0x00000007cb500000,0x00000007d507cd90,0x00000007d5080000)
  to   space 196608K, 0% used [0x00000007dc780000,0x00000007dc780000,0x00000007e8780000)
 ParOldGen       total 455680K, used 320318K [0x0000000700000000, 0x000000071bd00000, 0x00000007aaa80000)
  object space 455680K, 70% used [0x0000000700000000,0x00000007138cfa78,0x000000071bd00000)
 PSPermGen       total 21504K, used 6284K [0x00000006f5a00000, 0x00000006f6f00000, 0x0000000700000000)
  object space 21504K, 29% used [0x00000006f5a00000,0x00000006f60233a0,0x00000006f6f00000)
Event: 22.148 GC heap after
Heap after GC invocations=21 (full 3):
 PSYoungGen      total 774144K, used 196601K [0x00000007aaa80000, 0x00000007ee580000, 0x0000000800000000)
  eden space 577536K, 0% used [0x00000007aaa80000,0x00000007aaa80000,0x00000007cde80000)
  from space 196608K, 99% used [0x00000007dc780000,0x00000007e877e7c8,0x00000007e8780000)
  to   space 238592K, 0% used [0x00000007cde80000,0x00000007cde80000,0x00000007dc780000)
 ParOldGen       total 455680K, used 345692K [0x0000000700000000, 0x000000071bd00000, 0x00000007aaa80000)
  object space 455680K, 75% used [0x0000000700000000,0x00000007151973e8,0x000000071bd00000)
 PSPermGen       total 21504K, used 6284K [0x00000006f5a00000, 0x00000006f6f00000, 0x0000000700000000)
  object space 21504K, 29% used [0x00000006f5a00000,0x00000006f60233a0,0x00000006f6f00000)
}
Event: 23.454 GC heap before
{Heap before GC invocations=22 (full 3):
 PSYoungGen      total 774144K, used 774137K [0x00000007aaa80000, 0x00000007ee580000, 0x0000000800000000)
  eden space 577536K, 100% used [0x00000007aaa80000,0x00000007cde80000,0x00000007cde80000)
  from space 196608K, 99% used [0x00000007dc780000,0x00000007e877e7c8,0x00000007e8780000)
  to   space 238592K, 0% used [0x00000007cde80000,0x00000007cde80000,0x00000007dc780000)
 ParOldGen       total 455680K, used 345692K [0x0000000700000000, 0x000000071bd00000, 0x00000007aaa80000)
  object space 455680K, 75% used [0x0000000700000000,0x00000007151973e8,0x000000071bd00000)
 PSPermGen       total 21504K, used 6293K [0x00000006f5a00000, 0x00000006f6f00000, 0x0000000700000000)
  object space 21504K, 29% used [0x00000006f5a00000,0x00000006f60256d8,0x00000006f6f00000)
Event: 23.730 GC heap after
Heap after GC invocations=22 (full 3):
 PSYoungGen      total 816128K, used 230196K [0x00000007aaa80000, 0x00000007f6180000, 0x0000000800000000)
  eden space 577536K, 0% used [0x00000007aaa80000,0x00000007aaa80000,0x00000007cde80000)
  from space 238592K, 96% used [0x00000007cde80000,0x00000007dbf4d3a8,0x00000007dc780000)
  to   space 275456K, 0% used [0x00000007e5480000,0x00000007e5480000,0x00000007f6180000)
 ParOldGen       total 455680K, used 405810K [0x0000000700000000, 0x000000071bd00000, 0x00000007aaa80000)
  object space 455680K, 89% used [0x0000000700000000,0x0000000718c4ca10,0x000000071bd00000)
 PSPermGen       total 21504K, used 6293K [0x00000006f5a00000, 0x00000006f6f00000, 0x0000000700000000)
  object space 21504K, 29% used [0x00000006f5a00000,0x00000006f60256d8,0x00000006f6f00000)
}
Event: 23.730 GC heap before
{Heap before GC invocations=23 (full 4):
 PSYoungGen      total 816128K, used 230196K [0x00000007aaa80000, 0x00000007f6180000, 0x0000000800000000)
  eden space 577536K, 0% used [0x00000007aaa80000,0x00000007aaa80000,0x00000007cde80000)
  from space 238592K, 96% used [0x00000007cde80000,0x00000007dbf4d3a8,0x00000007dc780000)
  to   space 275456K, 0% used [0x00000007e5480000,0x00000007e5480000,0x00000007f6180000)
 ParOldGen       total 455680K, used 405810K [0x0000000700000000, 0x000000071bd00000, 0x00000007aaa80000)
  object space 455680K, 89% used [0x0000000700000000,0x0000000718c4ca10,0x000000071bd00000)
 PSPermGen       total 21504K, used 6293K [0x00000006f5a00000, 0x00000006f6f00000, 0x0000000700000000)
  object space 21504K, 29% used [0x00000006f5a00000,0x00000006f60256d8,0x00000006f6f00000)
Event: 25.912 GC heap after
Heap after GC invocations=23 (full 4):
 PSYoungGen      total 816128K, used 176122K [0x00000007aaa80000, 0x00000007f6180000, 0x0000000800000000)
  eden space 577536K, 0% used [0x00000007aaa80000,0x00000007aaa80000,0x00000007cde80000)
  from space 238592K, 73% used [0x00000007cde80000,0x00000007d8a7ea60,0x00000007dc780000)
  to   space 275456K, 0% used [0x00000007e5480000,0x00000007e5480000,0x00000007f6180000)
 ParOldGen       total 669696K, used 455435K [0x0000000700000000, 0x0000000728e00000, 0x00000007aaa80000)
  object space 669696K, 68% used [0x0000000700000000,0x000000071bcc2e80,0x0000000728e00000)
 PSPermGen       total 21504K, used 6293K [0x00000006f5a00000, 0x00000006f6f00000, 0x0000000700000000)
  object space 21504K, 29% used [0x00000006f5a00000,0x00000006f60255f8,0x00000006f6f00000)
}
Event: 27.131 GC heap before
{Heap before GC invocations=24 (full 4):
 PSYoungGen      total 816128K, used 753658K [0x00000007aaa80000, 0x00000007f6180000, 0x0000000800000000)
  eden space 577536K, 100% used [0x00000007aaa80000,0x00000007cde80000,0x00000007cde80000)
  from space 238592K, 73% used [0x00000007cde80000,0x00000007d8a7ea60,0x00000007dc780000)
  to   space 275456K, 0% used [0x00000007e5480000,0x00000007e5480000,0x00000007f6180000)
 ParOldGen       total 669696K, used 455435K [0x0000000700000000, 0x0000000728e00000, 0x00000007aaa80000)
  object space 669696K, 68% used [0x0000000700000000,0x000000071bcc2e80,0x0000000728e00000)
 PSPermGen       total 21504K, used 6391K [0x00000006f5a00000, 0x00000006f6f00000, 0x0000000700000000)
  object space 21504K, 29% used [0x00000006f5a00000,0x00000006f603dc68,0x00000006f6f00000)
Event: 27.634 GC heap after
Heap after GC invocations=24 (full 4):
 PSYoungGen      total 917504K, used 267149K [0x00000007aaa80000, 0x00000007faa80000, 0x0000000800000000)
  eden space 642048K, 0% used [0x00000007aaa80000,0x00000007aaa80000,0x00000007d1d80000)
  from space 275456K, 96% used [0x00000007e5480000,0x00000007f59634c8,0x00000007f6180000)
  to   space 318464K, 0% used [0x00000007d1d80000,0x00000007d1d80000,0x00000007e5480000)
 ParOldGen       total 669696K, used 455435K [0x0000000700000000, 0x0000000728e00000, 0x00000007aaa80000)
  object space 669696K, 68% used [0x0000000700000000,0x000000071bcc2e80,0x0000000728e00000)
 PSPermGen       total 21504K, used 6391K [0x00000006f5a00000, 0x00000006f6f00000, 0x0000000700000000)
  object space 21504K, 29% used [0x00000006f5a00000,0x00000006f603dc68,0x00000006f6f00000)
}
Event: 28.932 GC heap before
{Heap before GC invocations=25 (full 4):
 PSYoungGen      total 917504K, used 909197K [0x00000007aaa80000, 0x00000007faa80000, 0x0000000800000000)
  eden space 642048K, 100% used [0x00000007aaa80000,0x00000007d1d80000,0x00000007d1d80000)
  from space 275456K, 96% used [0x00000007e5480000,0x00000007f59634c8,0x00000007f6180000)
  to   space 318464K, 0% used [0x00000007d1d80000,0x00000007d1d80000,0x00000007e5480000)
 ParOldGen       total 669696K, used 455435K [0x0000000700000000, 0x0000000728e00000, 0x00000007aaa80000)
  object space 669696K, 68% used [0x0000000700000000,0x000000071bcc2e80,0x0000000728e00000)
 PSPermGen       total 21504K, used 6396K [0x00000006f5a00000, 0x00000006f6f00000, 0x0000000700000000)
  object space 21504K, 29% used [0x00000006f5a00000,0x00000006f603f1b0,0x00000006f6f00000)

Deoptimization events (10 events):
Event: 26.460 Thread 0x00007fd19c00b000 Uncommon trap: reason=unreached action=reinterpret pc=0x00007fd197f321c0 method=com.android.dx.dex.cf.AttributeTranslator.translateInnerClasses(Lcom/android/dx/rop/cst/CstType;Lcom/android/dx/cf/iface/AttributeList;Z)Lcom/android/dx/rop/annotation/Annotat
Event: 26.865 Thread 0x00007fd19c00b000 Uncommon trap: reason=bimorphic action=maybe_recompile pc=0x00007fd197f60b28 method=com.android.dx.cf.code.BytecodeArray.parseInstruction(ILcom/android/dx/cf/code/BytecodeArray$Visitor;)I @ 1083
Event: 26.865 Thread 0x00007fd19c00b000 Uncommon trap: reason=bimorphic action=maybe_recompile pc=0x00007fd197f60b28 method=com.android.dx.cf.code.BytecodeArray.parseInstruction(ILcom/android/dx/cf/code/BytecodeArray$Visitor;)I @ 1083
Event: 27.097 Thread 0x00007fd19c00b000 Uncommon trap: reason=bimorphic action=maybe_recompile pc=0x00007fd19807ef04 method=com.android.dx.ssa.back.FirstFitLocalCombiningAllocator.findNextUnreservedRopReg(IILcom/android/dx/ssa/back/FirstFitLocalCombiningAllocator$Alignment;)I @ 60
Event: 27.097 Thread 0x00007fd19c00b000 Uncommon trap: reason=bimorphic action=maybe_recompile pc=0x00007fd19803729c method=com.android.dx.ssa.back.FirstFitLocalCombiningAllocator.findNextUnreservedRopReg(IILcom/android/dx/ssa/back/FirstFitLocalCombiningAllocator$Alignment;)I @ 60
Event: 27.107 Thread 0x00007fd19c00b000 Uncommon trap: reason=bimorphic action=maybe_recompile pc=0x00007fd19803729c method=com.android.dx.ssa.back.FirstFitLocalCombiningAllocator.findNextUnreservedRopReg(IILcom/android/dx/ssa/back/FirstFitLocalCombiningAllocator$Alignment;)I @ 60
Event: 27.107 Thread 0x00007fd19c00b000 Uncommon trap: reason=bimorphic action=maybe_recompile pc=0x00007fd19803729c method=com.android.dx.ssa.back.FirstFitLocalCombiningAllocator.findNextUnreservedRopReg(IILcom/android/dx/ssa/back/FirstFitLocalCombiningAllocator$Alignment;)I @ 60
Event: 27.699 Thread 0x00007fd19c144800 Uncommon trap: reason=unreached action=reinterpret pc=0x00007fd19803cf9c method=java.lang.ref.Finalizer.remove()V @ 10
Event: 27.848 Thread 0x00007fd19c00b000 Uncommon trap: reason=null_check action=make_not_entrant pc=0x00007fd1981799b8 method=com.android.dx.cf.direct.StdAttributeFactory.enclosingMethod(Lcom/android/dx/cf/direct/DirectClassFile;IILcom/android/dx/cf/iface/ParseObserver;)Lcom/android/dx/cf/iface
Event: 28.074 Thread 0x00007fd19c00b000 Uncommon trap: reason=class_check action=maybe_recompile pc=0x00007fd197f42c64 method=com.android.dx.ssa.SCCP.replaceConstants()V @ 182

Internal exceptions (10 events):
Event: 9.661 Thread 0x00007fd19c00b000 Threw 0x00000007b8c4f2e0 at /build/openjdk-7-yI9zWD/openjdk-7-7u79-2.5.6/build/openjdk/hotspot/src/share/vm/prims/jvm.cpp:1284
Event: 9.679 Thread 0x00007fd19c00b000 Implicit null exception at 0x00007fd197e372dd to 0x00007fd197e374cd
Event: 9.679 Thread 0x00007fd19c00b000 Implicit null exception at 0x00007fd197f27ee9 to 0x00007fd197f280bd
Event: 9.681 Thread 0x00007fd19c00b000 Implicit null exception at 0x00007fd197f153b5 to 0x00007fd197f15515
Event: 11.467 Thread 0x00007fd19c00b000 Threw 0x00000007aaefd9d8 at /build/openjdk-7-yI9zWD/openjdk-7-7u79-2.5.6/build/openjdk/hotspot/src/share/vm/prims/jvm.cpp:1284
Event: 11.493 Thread 0x00007fd19c00b000 Threw 0x00000007aafddcf0 at /build/openjdk-7-yI9zWD/openjdk-7-7u79-2.5.6/build/openjdk/hotspot/src/share/vm/prims/jvm.cpp:1284
Event: 18.574 Thread 0x00007fd19c00b000 Implicit null exception at 0x00007fd197f390d2 to 0x00007fd197f392ad
Event: 18.574 Thread 0x00007fd19c00b000 Implicit null exception at 0x00007fd19815c2fe to 0x00007fd19815c4bd
Event: 21.811 Thread 0x00007fd19c00b000 Implicit null exception at 0x00007fd197ee9acc to 0x00007fd197ee9bce
Event: 27.848 Thread 0x00007fd19c00b000 Implicit null exception at 0x00007fd198177fdf to 0x00007fd1981799a9

Events (10 events):
Event: 27.699 Thread 0x00007fd19c144800 DEOPT UNPACKING pc=0x00007fd197da0445 sp=0x00007fd1950898b8 mode 2
Event: 27.848 Thread 0x00007fd19c00b000 Uncommon trap: trap_request=0xfffffff4 fr.pc=0x00007fd1981799b8
Event: 27.848 Thread 0x00007fd19c00b000 DEOPT PACKING pc=0x00007fd1981799b8 sp=0x00007fd1a266b210
Event: 27.848 Thread 0x00007fd19c00b000 DEOPT UNPACKING pc=0x00007fd197da0445 sp=0x00007fd1a266b128 mode 2
Event: 28.074 Thread 0x00007fd19c00b000 Uncommon trap: trap_request=0xffffffde fr.pc=0x00007fd197f42c64
Event: 28.074 Thread 0x00007fd19c00b000 DEOPT PACKING pc=0x00007fd197f42c64 sp=0x00007fd1a266b150
Event: 28.074 Thread 0x00007fd19c00b000 DEOPT UNPACKING pc=0x00007fd197da0445 sp=0x00007fd1a266b0c8 mode 2
Event: 28.510 Thread 0x00007fd19c1c6800 flushing nmethod 0x00007fd197f38dd0
Event: 28.555 Thread 0x00007fd19c1c6800 flushing nmethod 0x00007fd19815c010
Event: 28.932 Executing VM operation: ParallelGCFailedAllocation


Dynamic libraries:
00400000-00401000 r-xp 00000000 08:01 20712222                           /usr/lib/jvm/java-7-openjdk-amd64/jre/bin/java
00600000-00601000 r--p 00000000 08:01 20712222                           /usr/lib/jvm/java-7-openjdk-amd64/jre/bin/java
00601000-00602000 rw-p 00001000 08:01 20712222                           /usr/lib/jvm/java-7-openjdk-amd64/jre/bin/java
0189a000-018bb000 rw-p 00000000 00:00 0                                  [heap]
6f5a00000-6f6f00000 rw-p 00000000 00:00 0 
6f6f00000-700000000 rw-p 00000000 00:00 0 
700000000-728e00000 rw-p 00000000 00:00 0 
728e00000-7aaa80000 rw-p 00000000 00:00 0 
7aaa80000-7faa80000 rw-p 00000000 00:00 0 
7fd148000000-7fd148021000 rw-p 00000000 00:00 0 
7fd148021000-7fd14c000000 ---p 00000000 00:00 0 
7fd150000000-7fd151d9f000 rw-p 00000000 00:00 0 
7fd151d9f000-7fd154000000 ---p 00000000 00:00 0 
7fd154000000-7fd154021000 rw-p 00000000 00:00 0 
7fd154021000-7fd158000000 ---p 00000000 00:00 0 
7fd158000000-7fd158021000 rw-p 00000000 00:00 0 
7fd158021000-7fd15c000000 ---p 00000000 00:00 0 
7fd15c000000-7fd15d157000 rw-p 00000000 00:00 0 
7fd15d157000-7fd160000000 ---p 00000000 00:00 0 
7fd160000000-7fd160021000 rw-p 00000000 00:00 0 
7fd160021000-7fd164000000 ---p 00000000 00:00 0 
7fd164000000-7fd164021000 rw-p 00000000 00:00 0 
7fd164021000-7fd168000000 ---p 00000000 00:00 0 
7fd168000000-7fd168261000 rw-p 00000000 00:00 0 
7fd168261000-7fd16c000000 ---p 00000000 00:00 0 
7fd16fad0000-7fd178000000 rw-p 00000000 00:00 0 
7fd178000000-7fd178021000 rw-p 00000000 00:00 0 
7fd178021000-7fd17c000000 ---p 00000000 00:00 0 
7fd180000000-7fd180021000 rw-p 00000000 00:00 0 
7fd180021000-7fd184000000 ---p 00000000 00:00 0 
7fd188000000-7fd188021000 rw-p 00000000 00:00 0 
7fd188021000-7fd18c000000 ---p 00000000 00:00 0 
7fd18dc61000-7fd18df62000 rw-p 00000000 00:00 0 
7fd18df62000-7fd18dfce000 r-xp 00000000 08:01 22020192                   /lib/x86_64-linux-gnu/libpcre.so.3.13.1
7fd18dfce000-7fd18e1cd000 ---p 0006c000 08:01 22020192                   /lib/x86_64-linux-gnu/libpcre.so.3.13.1
7fd18e1cd000-7fd18e1ce000 r--p 0006b000 08:01 22020192                   /lib/x86_64-linux-gnu/libpcre.so.3.13.1
7fd18e1ce000-7fd18e1cf000 rw-p 0006c000 08:01 22020192                   /lib/x86_64-linux-gnu/libpcre.so.3.13.1
7fd18e1cf000-7fd18e1d6000 r-xp 00000000 08:01 20455638                   /usr/lib/x86_64-linux-gnu/libffi.so.6.0.4
7fd18e1d6000-7fd18e3d5000 ---p 00007000 08:01 20455638                   /usr/lib/x86_64-linux-gnu/libffi.so.6.0.4
7fd18e3d5000-7fd18e3d6000 r--p 00006000 08:01 20455638                   /usr/lib/x86_64-linux-gnu/libffi.so.6.0.4
7fd18e3d6000-7fd18e3d7000 rw-p 00007000 08:01 20455638                   /usr/lib/x86_64-linux-gnu/libffi.so.6.0.4
7fd18e3d7000-7fd18e3ee000 r-xp 00000000 08:01 22024473                   /lib/x86_64-linux-gnu/libresolv-2.21.so
7fd18e3ee000-7fd18e5ee000 ---p 00017000 08:01 22024473                   /lib/x86_64-linux-gnu/libresolv-2.21.so
7fd18e5ee000-7fd18e5f0000 r--p 00017000 08:01 22024473                   /lib/x86_64-linux-gnu/libresolv-2.21.so
7fd18e5f0000-7fd18e5f1000 rw-p 00019000 08:01 22024473                   /lib/x86_64-linux-gnu/libresolv-2.21.so
7fd18e5f1000-7fd18e5f3000 rw-p 00000000 00:00 0 
7fd18e5f3000-7fd18e614000 r-xp 00000000 08:01 22024477                   /lib/x86_64-linux-gnu/libselinux.so.1
7fd18e614000-7fd18e813000 ---p 00021000 08:01 22024477                   /lib/x86_64-linux-gnu/libselinux.so.1
7fd18e813000-7fd18e814000 r--p 00020000 08:01 22024477                   /lib/x86_64-linux-gnu/libselinux.so.1
7fd18e814000-7fd18e815000 rw-p 00021000 08:01 22024477                   /lib/x86_64-linux-gnu/libselinux.so.1
7fd18e815000-7fd18e817000 rw-p 00000000 00:00 0 
7fd18e817000-7fd18e81a000 r-xp 00000000 08:01 20447655                   /usr/lib/x86_64-linux-gnu/libgmodule-2.0.so.0.4400.1
7fd18e81a000-7fd18ea19000 ---p 00003000 08:01 20447655                   /usr/lib/x86_64-linux-gnu/libgmodule-2.0.so.0.4400.1
7fd18ea19000-7fd18ea1a000 r--p 00002000 08:01 20447655                   /usr/lib/x86_64-linux-gnu/libgmodule-2.0.so.0.4400.1
7fd18ea1a000-7fd18ea1b000 rw-p 00003000 08:01 20447655                   /usr/lib/x86_64-linux-gnu/libgmodule-2.0.so.0.4400.1
7fd18ea1b000-7fd18eb28000 r-xp 00000000 08:01 22024241                   /lib/x86_64-linux-gnu/libglib-2.0.so.0.4400.1
7fd18eb28000-7fd18ed27000 ---p 0010d000 08:01 22024241                   /lib/x86_64-linux-gnu/libglib-2.0.so.0.4400.1
7fd18ed27000-7fd18ed28000 r--p 0010c000 08:01 22024241                   /lib/x86_64-linux-gnu/libglib-2.0.so.0.4400.1
7fd18ed28000-7fd18ed29000 rw-p 0010d000 08:01 22024241                   /lib/x86_64-linux-gnu/libglib-2.0.so.0.4400.1
7fd18ed29000-7fd18ed2a000 rw-p 00000000 00:00 0 
7fd18ed2a000-7fd18ed7a000 r-xp 00000000 08:01 20447615                   /usr/lib/x86_64-linux-gnu/libgobject-2.0.so.0.4400.1
7fd18ed7a000-7fd18ef7a000 ---p 00050000 08:01 20447615                   /usr/lib/x86_64-linux-gnu/libgobject-2.0.so.0.4400.1
7fd18ef7a000-7fd18ef7b000 r--p 00050000 08:01 20447615                   /usr/lib/x86_64-linux-gnu/libgobject-2.0.so.0.4400.1
7fd18ef7b000-7fd18ef7c000 rw-p 00051000 08:01 20447615                   /usr/lib/x86_64-linux-gnu/libgobject-2.0.so.0.4400.1
7fd18ef7c000-7fd18f0f4000 r-xp 00000000 08:01 20447637                   /usr/lib/x86_64-linux-gnu/libgio-2.0.so.0.4400.1
7fd18f0f4000-7fd18f2f4000 ---p 00178000 08:01 20447637                   /usr/lib/x86_64-linux-gnu/libgio-2.0.so.0.4400.1
7fd18f2f4000-7fd18f2f8000 r--p 00178000 08:01 20447637                   /usr/lib/x86_64-linux-gnu/libgio-2.0.so.0.4400.1
7fd18f2f8000-7fd18f2fa000 rw-p 0017c000 08:01 20447637                   /usr/lib/x86_64-linux-gnu/libgio-2.0.so.0.4400.1
7fd18f2fa000-7fd18f2fc000 rw-p 00000000 00:00 0 
7fd18f2fc000-7fd18f313000 r-xp 00000000 08:01 20587083                   /usr/lib/jvm/java-7-openjdk-amd64/jre/lib/amd64/libnet.so
7fd18f313000-7fd18f512000 ---p 00017000 08:01 20587083                   /usr/lib/jvm/java-7-openjdk-amd64/jre/lib/amd64/libnet.so
7fd18f512000-7fd18f513000 r--p 00016000 08:01 20587083                   /usr/lib/jvm/java-7-openjdk-amd64/jre/lib/amd64/libnet.so
7fd18f513000-7fd18f514000 rw-p 00017000 08:01 20587083                   /usr/lib/jvm/java-7-openjdk-amd64/jre/lib/amd64/libnet.so
7fd18f514000-7fd18f525000 r-xp 00000000 08:01 20587088                   /usr/lib/jvm/java-7-openjdk-amd64/jre/lib/amd64/libnio.so
7fd18f525000-7fd18f724000 ---p 00011000 08:01 20587088                   /usr/lib/jvm/java-7-openjdk-amd64/jre/lib/amd64/libnio.so
7fd18f724000-7fd18f725000 r--p 00010000 08:01 20587088                   /usr/lib/jvm/java-7-openjdk-amd64/jre/lib/amd64/libnio.so
7fd18f725000-7fd18f726000 rw-p 00011000 08:01 20587088                   /usr/lib/jvm/java-7-openjdk-amd64/jre/lib/amd64/libnio.so
7fd18f726000-7fd18f7f2000 r--s 00939000 08:01 30016571                   /home/sharan/AndroidStudioProjects/Muser/muser/build/intermediates/multi-dex/debug/allclasses.jar
7fd18f7f2000-7fd18f7f3000 ---p 00000000 00:00 0 
7fd18f7f3000-7fd18f8f3000 rw-p 00000000 00:00 0                          [stack:11219]
7fd18f8f3000-7fd18f8f6000 ---p 00000000 00:00 0 
7fd18f8f6000-7fd18f9f4000 rw-p 00000000 00:00 0                          [stack:11218]
7fd18f9f4000-7fd18f9f7000 ---p 00000000 00:00 0 
7fd18f9f7000-7fd18faf5000 rw-p 00000000 00:00 0                          [stack:11217]
7fd18faf5000-7fd18faf8000 ---p 00000000 00:00 0 
7fd18faf8000-7fd18fbf6000 rw-p 00000000 00:00 0                          [stack:11216]
7fd18fbf6000-7fd18fbfb000 r-xp 00000000 08:01 20455330                   /usr/lib/x86_64-linux-gnu/libXdmcp.so.6.0.0
7fd18fbfb000-7fd18fdfa000 ---p 00005000 08:01 20455330                   /usr/lib/x86_64-linux-gnu/libXdmcp.so.6.0.0
7fd18fdfa000-7fd18fdfb000 r--p 00004000 08:01 20455330                   /usr/lib/x86_64-linux-gnu/libXdmcp.so.6.0.0
7fd18fdfb000-7fd18fdfc000 rw-p 00005000 08:01 20455330                   /usr/lib/x86_64-linux-gnu/libXdmcp.so.6.0.0
7fd18fdfc000-7fd18fdfe000 r-xp 00000000 08:01 20455319                   /usr/lib/x86_64-linux-gnu/libXau.so.6.0.0
7fd18fdfe000-7fd18fffe000 ---p 00002000 08:01 20455319                   /usr/lib/x86_64-linux-gnu/libXau.so.6.0.0
7fd18fffe000-7fd18ffff000 r--p 00002000 08:01 20455319                   /usr/lib/x86_64-linux-gnu/libXau.so.6.0.0
7fd18ffff000-7fd190000000 rw-p 00003000 08:01 20455319                   /usr/lib/x86_64-linux-gnu/libXau.so.6.0.0
7fd190000000-7fd190021000 rw-p 00000000 00:00 0 
7fd190021000-7fd194000000 ---p 00000000 00:00 0 
7fd19404c000-7fd194069000 r-xp 00000000 08:01 20456517                   /usr/lib/x86_64-linux-gnu/libxcb.so.1.1.0
7fd194069000-7fd194269000 ---p 0001d000 08:01 20456517                   /usr/lib/x86_64-linux-gnu/libxcb.so.1.1.0
7fd194269000-7fd19426a000 r--p 0001d000 08:01 20456517                   /usr/lib/x86_64-linux-gnu/libxcb.so.1.1.0
7fd19426a000-7fd19426b000 rw-p 0001e000 08:01 20456517                   /usr/lib/x86_64-linux-gnu/libxcb.so.1.1.0
7fd19426b000-7fd19439e000 r-xp 00000000 08:01 20455315                   /usr/lib/x86_64-linux-gnu/libX11.so.6.3.0
7fd19439e000-7fd19459e000 ---p 00133000 08:01 20455315                   /usr/lib/x86_64-linux-gnu/libX11.so.6.3.0
7fd19459e000-7fd19459f000 r--p 00133000 08:01 20455315                   /usr/lib/x86_64-linux-gnu/libX11.so.6.3.0
7fd19459f000-7fd1945a3000 rw-p 00134000 08:01 20455315                   /usr/lib/x86_64-linux-gnu/libX11.so.6.3.0
7fd1945a3000-7fd1945a4000 rw-p 00000000 00:00 0 
7fd1945a4000-7fd1945a6000 r-xp 00000000 08:01 20452766                   /usr/lib/jayatana/libjayatanaag.so
7fd1945a6000-7fd1947a5000 ---p 00002000 08:01 20452766                   /usr/lib/jayatana/libjayatanaag.so
7fd1947a5000-7fd1947a6000 r--p 00001000 08:01 20452766                   /usr/lib/jayatana/libjayatanaag.so
7fd1947a6000-7fd1947a7000 rw-p 00002000 08:01 20452766                   /usr/lib/jayatana/libjayatanaag.so
7fd1947a7000-7fd1947aa000 ---p 00000000 00:00 0 
7fd1947aa000-7fd1948a8000 rw-p 00000000 00:00 0                          [stack:11215]
7fd1948a8000-7fd194f8a000 r--p 00000000 08:01 20454393                   /usr/lib/locale/locale-archive
7fd194f8a000-7fd194f8d000 ---p 00000000 00:00 0 
7fd194f8d000-7fd19508b000 rw-p 00000000 00:00 0                          [stack:11214]
7fd19508b000-7fd19508e000 ---p 00000000 00:00 0 
7fd19508e000-7fd19518c000 rw-p 00000000 00:00 0                          [stack:11213]
7fd19518c000-7fd19518d000 ---p 00000000 00:00 0 
7fd19518d000-7fd1961e5000 rw-p 00000000 00:00 0                          [stack:11212]
7fd1961e5000-7fd196396000 r--s 01d29000 08:01 20587021                   /usr/lib/jvm/java-7-openjdk-amd64/jre/lib/rt.jar
7fd196396000-7fd196cba000 rw-p 00000000 00:00 0 
7fd196cba000-7fd196cbb000 ---p 00000000 00:00 0 
7fd196cbb000-7fd196dbb000 rw-p 00000000 00:00 0                          [stack:11211]
7fd196dbb000-7fd196dbc000 ---p 00000000 00:00 0 
7fd196dbc000-7fd196ebc000 rw-p 00000000 00:00 0                          [stack:11210]
7fd196ebc000-7fd196ebd000 ---p 00000000 00:00 0 
7fd196ebd000-7fd197104000 rw-p 00000000 00:00 0                          [stack:11209]
7fd197104000-7fd197513000 rw-p 00000000 00:00 0 
7fd197513000-7fd19751e000 rw-p 00000000 00:00 0 
7fd19751e000-7fd197566000 rw-p 00000000 00:00 0 
7fd197566000-7fd1976ad000 rw-p 00000000 00:00 0 
7fd1976ad000-7fd197abb000 rw-p 00000000 00:00 0 
7fd197abb000-7fd197d3c000 rw-p 00000000 00:00 0 
7fd197d3c000-7fd197d66000 rw-p 00000000 00:00 0 
7fd197d66000-7fd197d67000 rw-p 00000000 00:00 0 
7fd197d67000-7fd198197000 rwxp 00000000 00:00 0 
7fd198197000-7fd19ad67000 rw-p 00000000 00:00 0 
7fd19ad67000-7fd19ad6f000 r-xp 00000000 08:01 20587054                   /usr/lib/jvm/java-7-openjdk-amd64/jre/lib/amd64/libzip.so
7fd19ad6f000-7fd19af6e000 ---p 00008000 08:01 20587054                   /usr/lib/jvm/java-7-openjdk-amd64/jre/lib/amd64/libzip.so
7fd19af6e000-7fd19af6f000 r--p 00007000 08:01 20587054                   /usr/lib/jvm/java-7-openjdk-amd64/jre/lib/amd64/libzip.so
7fd19af6f000-7fd19af70000 rw-p 00008000 08:01 20587054                   /usr/lib/jvm/java-7-openjdk-amd64/jre/lib/amd64/libzip.so
7fd19af70000-7fd19af7c000 r-xp 00000000 08:01 22024420                   /lib/x86_64-linux-gnu/libnss_files-2.21.so
7fd19af7c000-7fd19b17b000 ---p 0000c000 08:01 22024420                   /lib/x86_64-linux-gnu/libnss_files-2.21.so
7fd19b17b000-7fd19b17c000 r--p 0000b000 08:01 22024420                   /lib/x86_64-linux-gnu/libnss_files-2.21.so
7fd19b17c000-7fd19b17d000 rw-p 0000c000 08:01 22024420                   /lib/x86_64-linux-gnu/libnss_files-2.21.so
7fd19b17d000-7fd19b188000 r-xp 00000000 08:01 22024430                   /lib/x86_64-linux-gnu/libnss_nis-2.21.so
7fd19b188000-7fd19b387000 ---p 0000b000 08:01 22024430                   /lib/x86_64-linux-gnu/libnss_nis-2.21.so
7fd19b387000-7fd19b388000 r--p 0000a000 08:01 22024430                   /lib/x86_64-linux-gnu/libnss_nis-2.21.so
7fd19b388000-7fd19b389000 rw-p 0000b000 08:01 22024430                   /lib/x86_64-linux-gnu/libnss_nis-2.21.so
7fd19b389000-7fd19b3a0000 r-xp 00000000 08:01 22024414                   /lib/x86_64-linux-gnu/libnsl-2.21.so
7fd19b3a0000-7fd19b59f000 ---p 00017000 08:01 22024414                   /lib/x86_64-linux-gnu/libnsl-2.21.so
7fd19b59f000-7fd19b5a0000 r--p 00016000 08:01 22024414                   /lib/x86_64-linux-gnu/libnsl-2.21.so
7fd19b5a0000-7fd19b5a1000 rw-p 00017000 08:01 22024414                   /lib/x86_64-linux-gnu/libnsl-2.21.so
7fd19b5a1000-7fd19b5a3000 rw-p 00000000 00:00 0 
7fd19b5a3000-7fd19b5ab000 r-xp 00000000 08:01 22024416                   /lib/x86_64-linux-gnu/libnss_compat-2.21.so
7fd19b5ab000-7fd19b7aa000 ---p 00008000 08:01 22024416                   /lib/x86_64-linux-gnu/libnss_compat-2.21.so
7fd19b7aa000-7fd19b7ab000 r--p 00007000 08:01 22024416                   /lib/x86_64-linux-gnu/libnss_compat-2.21.so
7fd19b7ab000-7fd19b7ac000 rw-p 00008000 08:01 22024416                   /lib/x86_64-linux-gnu/libnss_compat-2.21.so
7fd19b7ac000-7fd19b7b6000 r-xp 00000000 08:01 20587084                   /usr/lib/jvm/java-7-openjdk-amd64/jre/lib/amd64/libinstrument.so
7fd19b7b6000-7fd19b9b5000 ---p 0000a000 08:01 20587084                   /usr/lib/jvm/java-7-openjdk-amd64/jre/lib/amd64/libinstrument.so
7fd19b9b5000-7fd19b9b6000 r--p 00009000 08:01 20587084                   /usr/lib/jvm/java-7-openjdk-amd64/jre/lib/amd64/libinstrument.so
7fd19b9b6000-7fd19b9b7000 rw-p 0000a000 08:01 20587084                   /usr/lib/jvm/java-7-openjdk-amd64/jre/lib/amd64/libinstrument.so
7fd19b9b7000-7fd19b9e4000 r-xp 00000000 08:01 20587091                   /usr/lib/jvm/java-7-openjdk-amd64/jre/lib/amd64/libjava.so
7fd19b9e4000-7fd19bbe3000 ---p 0002d000 08:01 20587091                   /usr/lib/jvm/java-7-openjdk-amd64/jre/lib/amd64/libjava.so
7fd19bbe3000-7fd19bbe4000 r--p 0002c000 08:01 20587091                   /usr/lib/jvm/java-7-openjdk-amd64/jre/lib/amd64/libjava.so
7fd19bbe4000-7fd19bbe6000 rw-p 0002d000 08:01 20587091                   /usr/lib/jvm/java-7-openjdk-amd64/jre/lib/amd64/libjava.so
7fd19bbe6000-7fd19bbf5000 r-xp 00000000 08:01 20587072                   /usr/lib/jvm/java-7-openjdk-amd64/jre/lib/amd64/libverify.so
7fd19bbf5000-7fd19bdf4000 ---p 0000f000 08:01 20587072                   /usr/lib/jvm/java-7-openjdk-amd64/jre/lib/amd64/libverify.so
7fd19bdf4000-7fd19bdf7000 r--p 0000e000 08:01 20587072                   /usr/lib/jvm/java-7-openjdk-amd64/jre/lib/amd64/libverify.so
7fd19bdf7000-7fd19bdf8000 rw-p 00011000 08:01 20587072                   /usr/lib/jvm/java-7-openjdk-amd64/jre/lib/amd64/libverify.so
7fd19bdf8000-7fd19bdff000 r-xp 00000000 08:01 22024475                   /lib/x86_64-linux-gnu/librt-2.21.so
7fd19bdff000-7fd19bffe000 ---p 00007000 08:01 22024475                   /lib/x86_64-linux-gnu/librt-2.21.so
7fd19bffe000-7fd19bfff000 r--p 00006000 08:01 22024475                   /lib/x86_64-linux-gnu/librt-2.21.so
7fd19bfff000-7fd19c000000 rw-p 00007000 08:01 22024475                   /lib/x86_64-linux-gnu/librt-2.21.so
7fd19c000000-7fd19c49f000 rw-p 00000000 00:00 0 
7fd19c49f000-7fd1a0000000 ---p 00000000 00:00 0 
7fd1a0040000-7fd1a0094000 rw-p 00000000 00:00 0 
7fd1a0094000-7fd1a0095000 ---p 00000000 00:00 0 
7fd1a0095000-7fd1a01a0000 rw-p 00000000 00:00 0                          [stack:11208]
7fd1a01a0000-7fd1a01e8000 rw-p 00000000 00:00 0 
7fd1a01e8000-7fd1a01fe000 r-xp 00000000 08:01 22024363                   /lib/x86_64-linux-gnu/libgcc_s.so.1
7fd1a01fe000-7fd1a03fd000 ---p 00016000 08:01 22024363                   /lib/x86_64-linux-gnu/libgcc_s.so.1
7fd1a03fd000-7fd1a03fe000 rw-p 00015000 08:01 22024363                   /lib/x86_64-linux-gnu/libgcc_s.so.1
7fd1a03fe000-7fd1a0505000 r-xp 00000000 08:01 22024393                   /lib/x86_64-linux-gnu/libm-2.21.so
7fd1a0505000-7fd1a0704000 ---p 00107000 08:01 22024393                   /lib/x86_64-linux-gnu/libm-2.21.so
7fd1a0704000-7fd1a0705000 r--p 00106000 08:01 22024393                   /lib/x86_64-linux-gnu/libm-2.21.so
7fd1a0705000-7fd1a0706000 rw-p 00107000 08:01 22024393                   /lib/x86_64-linux-gnu/libm-2.21.so
7fd1a0706000-7fd1a07f6000 r-xp 00000000 08:01 20456311                   /usr/lib/x86_64-linux-gnu/libstdc++.so.6.0.20
7fd1a07f6000-7fd1a09f6000 ---p 000f0000 08:01 20456311                   /usr/lib/x86_64-linux-gnu/libstdc++.so.6.0.20
7fd1a09f6000-7fd1a09fe000 r--p 000f0000 08:01 20456311                   /usr/lib/x86_64-linux-gnu/libstdc++.so.6.0.20
7fd1a09fe000-7fd1a0a00000 rw-p 000f8000 08:01 20456311                   /usr/lib/x86_64-linux-gnu/libstdc++.so.6.0.20
7fd1a0a00000-7fd1a0a15000 rw-p 00000000 00:00 0 
7fd1a0a15000-7fd1a156d000 r-xp 00000000 08:01 20587060                   /usr/lib/jvm/java-7-openjdk-amd64/jre/lib/amd64/server/libjvm.so
7fd1a156d000-7fd1a176c000 ---p 00b58000 08:01 20587060                   /usr/lib/jvm/java-7-openjdk-amd64/jre/lib/amd64/server/libjvm.so
7fd1a176c000-7fd1a180b000 r--p 00b57000 08:01 20587060                   /usr/lib/jvm/java-7-openjdk-amd64/jre/lib/amd64/server/libjvm.so
7fd1a180b000-7fd1a182e000 rw-p 00bf6000 08:01 20587060                   /usr/lib/jvm/java-7-openjdk-amd64/jre/lib/amd64/server/libjvm.so
7fd1a182e000-7fd1a185b000 rw-p 00000000 00:00 0 
7fd1a185b000-7fd1a1874000 r-xp 00000000 08:01 22024508                   /lib/x86_64-linux-gnu/libz.so.1.2.8
7fd1a1874000-7fd1a1a74000 ---p 00019000 08:01 22024508                   /lib/x86_64-linux-gnu/libz.so.1.2.8
7fd1a1a74000-7fd1a1a75000 r--p 00019000 08:01 22024508                   /lib/x86_64-linux-gnu/libz.so.1.2.8
7fd1a1a75000-7fd1a1a76000 rw-p 0001a000 08:01 22024508                   /lib/x86_64-linux-gnu/libz.so.1.2.8
7fd1a1a76000-7fd1a1a8e000 r-xp 00000000 08:01 22024467                   /lib/x86_64-linux-gnu/libpthread-2.21.so
7fd1a1a8e000-7fd1a1c8e000 ---p 00018000 08:01 22024467                   /lib/x86_64-linux-gnu/libpthread-2.21.so
7fd1a1c8e000-7fd1a1c8f000 r--p 00018000 08:01 22024467                   /lib/x86_64-linux-gnu/libpthread-2.21.so
7fd1a1c8f000-7fd1a1c90000 rw-p 00019000 08:01 22024467                   /lib/x86_64-linux-gnu/libpthread-2.21.so
7fd1a1c90000-7fd1a1c94000 rw-p 00000000 00:00 0 
7fd1a1c94000-7fd1a1c97000 r-xp 00000000 08:01 22024351                   /lib/x86_64-linux-gnu/libdl-2.21.so
7fd1a1c97000-7fd1a1e96000 ---p 00003000 08:01 22024351                   /lib/x86_64-linux-gnu/libdl-2.21.so
7fd1a1e96000-7fd1a1e97000 r--p 00002000 08:01 22024351                   /lib/x86_64-linux-gnu/libdl-2.21.so
7fd1a1e97000-7fd1a1e98000 rw-p 00003000 08:01 22024351                   /lib/x86_64-linux-gnu/libdl-2.21.so
7fd1a1e98000-7fd1a2058000 r-xp 00000000 08:01 22024334                   /lib/x86_64-linux-gnu/libc-2.21.so
7fd1a2058000-7fd1a2258000 ---p 001c0000 08:01 22024334                   /lib/x86_64-linux-gnu/libc-2.21.so
7fd1a2258000-7fd1a225c000 r--p 001c0000 08:01 22024334                   /lib/x86_64-linux-gnu/libc-2.21.so
7fd1a225c000-7fd1a225e000 rw-p 001c4000 08:01 22024334                   /lib/x86_64-linux-gnu/libc-2.21.so
7fd1a225e000-7fd1a2262000 rw-p 00000000 00:00 0 
7fd1a2262000-7fd1a226f000 r-xp 00000000 08:01 20587057                   /usr/lib/jvm/java-7-openjdk-amd64/jre/lib/amd64/jli/libjli.so
7fd1a226f000-7fd1a246e000 ---p 0000d000 08:01 20587057                   /usr/lib/jvm/java-7-openjdk-amd64/jre/lib/amd64/jli/libjli.so
7fd1a246e000-7fd1a246f000 r--p 0000c000 08:01 20587057                   /usr/lib/jvm/java-7-openjdk-amd64/jre/lib/amd64/jli/libjli.so
7fd1a246f000-7fd1a2470000 rw-p 0000d000 08:01 20587057                   /usr/lib/jvm/java-7-openjdk-amd64/jre/lib/amd64/jli/libjli.so
7fd1a2470000-7fd1a2494000 r-xp 00000000 08:01 22024306                   /lib/x86_64-linux-gnu/ld-2.21.so
7fd1a249c000-7fd1a249d000 rw-p 00000000 00:00 0 
7fd1a249d000-7fd1a24ac000 r--s 000dd000 08:01 21636737                   /home/sharan/Android/Sdk/build-tools/21.1.2/lib/dx.jar
7fd1a24ac000-7fd1a24bd000 rw-p 00000000 00:00 0 
7fd1a24bd000-7fd1a256c000 rw-p 00000000 00:00 0 
7fd1a256c000-7fd1a256f000 ---p 00000000 00:00 0 
7fd1a256f000-7fd1a2672000 rw-p 00000000 00:00 0                          [stack:11207]
7fd1a2672000-7fd1a2673000 r--s 00000000 08:01 20979860                   /usr/share/java/jayatanaag.jar
7fd1a2673000-7fd1a2677000 r--s 00034000 08:01 20587040                   /usr/lib/jvm/java-7-openjdk-amd64/jre/lib/ext/sunjce_provider.jar
7fd1a2677000-7fd1a267b000 r--s 0003c000 08:01 20587041                   /usr/lib/jvm/java-7-openjdk-amd64/jre/lib/ext/sunpkcs11.jar
7fd1a267b000-7fd1a267e000 r--s 0000f000 08:01 20587042                   /usr/lib/jvm/java-7-openjdk-amd64/jre/lib/ext/icedtea-sound.jar
7fd1a267e000-7fd1a2682000 r--s 00085000 08:01 20587038                   /usr/lib/jvm/java-7-openjdk-amd64/jre/lib/ext/localedata.jar
7fd1a2682000-7fd1a2684000 r--s 00012000 08:01 20587043                   /usr/lib/jvm/java-7-openjdk-amd64/jre/lib/ext/zipfs.jar
7fd1a2684000-7fd1a2686000 r--s 00006000 08:01 20971724                   /usr/share/java/java-atk-wrapper.jar
7fd1a2686000-7fd1a2687000 r--s 00002000 08:01 20587039                   /usr/lib/jvm/java-7-openjdk-amd64/jre/lib/ext/dnsns.jar
7fd1a2687000-7fd1a268f000 rw-s 00000000 08:01 3016139                    /tmp/hsperfdata_sharan/11202
7fd1a268f000-7fd1a2690000 rw-p 00000000 00:00 0 
7fd1a2690000-7fd1a2691000 ---p 00000000 00:00 0 
7fd1a2691000-7fd1a2693000 rw-p 00000000 00:00 0 
7fd1a2693000-7fd1a2694000 r--p 00023000 08:01 22024306                   /lib/x86_64-linux-gnu/ld-2.21.so
7fd1a2694000-7fd1a2695000 rw-p 00024000 08:01 22024306                   /lib/x86_64-linux-gnu/ld-2.21.so
7fd1a2695000-7fd1a2696000 rw-p 00000000 00:00 0 
7ffd16aa1000-7ffd16ac2000 rw-p 00000000 00:00 0                          [stack]
7ffd16b1d000-7ffd16b1f000 r--p 00000000 00:00 0                          [vvar]
7ffd16b1f000-7ffd16b21000 r-xp 00000000 00:00 0                          [vdso]
ffffffffff600000-ffffffffff601000 r-xp 00000000 00:00 0                  [vsyscall]

VM Arguments:
jvm_args: -javaagent:/usr/share/java/jayatanaag.jar -Xmx4g -Dfile.encoding=UTF-8 -Duser.country=IN -Duser.language=en -Duser.variant 
java_command: com.android.dx.command.Main --dex --force-jumbo --multi-dex --main-dex-list /home/sharan/AndroidStudioProjects/Muser/muser/build/intermediates/multi-dex/debug/maindexlist.txt --output /home/sharan/AndroidStudioProjects/Muser/muser/build/intermediates/dex/debug /home/sharan/AndroidStudioProjects/Muser/muser/build/intermediates/multi-dex/debug/allclasses.jar
Launcher Type: SUN_STANDARD

Environment Variables:
JAVA_HOME=/usr/lib/jvm/java-8-oracle
JAVA_TOOL_OPTIONS=-javaagent:/usr/share/java/jayatanaag.jar 
PATH=/usr/local/sbin:/usr/local/bin:/usr/sbin:/usr/bin:/sbin:/bin:/usr/games:/usr/local/games:/usr/lib/jvm/java-8-oracle/bin:/usr/lib/jvm/java-8-oracle/db/bin:/usr/lib/jvm/java-8-oracle/jre/bin
LD_LIBRARY_PATH=/opt/android-studio/bin:
SHELL=/bin/bash
DISPLAY=:0

Signal Handlers:
SIGSEGV: [libjvm.so+0x98ac50], sa_mask[0]=0x7ffbfeff, sa_flags=0x10000004
SIGBUS: [libjvm.so+0x98ac50], sa_mask[0]=0x7ffbfeff, sa_flags=0x10000004
SIGFPE: [libjvm.so+0x7f8ab0], sa_mask[0]=0x7ffbfeff, sa_flags=0x10000004
SIGPIPE: [libjvm.so+0x7f8ab0], sa_mask[0]=0x7ffbfeff, sa_flags=0x10000004
SIGXFSZ: [libjvm.so+0x7f8ab0], sa_mask[0]=0x7ffbfeff, sa_flags=0x10000004
SIGILL: [libjvm.so+0x7f8ab0], sa_mask[0]=0x7ffbfeff, sa_flags=0x10000004
SIGUSR1: SIG_DFL, sa_mask[0]=0x00000000, sa_flags=0x00000000
SIGUSR2: [libjvm.so+0x7f8930], sa_mask[0]=0x00000004, sa_flags=0x10000004
SIGHUP: [libjvm.so+0x7f8b30], sa_mask[0]=0x7ffbfeff, sa_flags=0x10000004
SIGINT: [libjvm.so+0x7f8b30], sa_mask[0]=0x7ffbfeff, sa_flags=0x10000004
SIGTERM: [libjvm.so+0x7f8b30], sa_mask[0]=0x7ffbfeff, sa_flags=0x10000004
SIGQUIT: [libjvm.so+0x7f8b30], sa_mask[0]=0x7ffbfeff, sa_flags=0x10000004
SIGTRAP: SIG_DFL, sa_mask[0]=0x00000000, sa_flags=0x00000000


---------------  S Y S T E M  ---------------

OS:Ubuntu 15.04 (vivid)
uname:Linux 3.19.0-26-generic #28-Ubuntu SMP Tue Aug 11 14:16:32 UTC 2015 x86_64
libc:glibc 2.21 NPTL 2.21 
rlimit: STACK 8192k, CORE 0k, NPROC 31366, NOFILE 65536, AS infinity
load average:2.48 1.74 1.91

/proc/meminfo:
MemTotal:        8052020 kB
MemFree:          130660 kB
MemAvailable:      89140 kB
Buffers:            1740 kB
Cached:          1363764 kB
SwapCached:            0 kB
Active:          6480948 kB
Inactive:        1257620 kB
Active(anon):    6468460 kB
Inactive(anon):  1231868 kB
Active(file):      12488 kB
Inactive(file):    25752 kB
Unevictable:          32 kB
Mlocked:              32 kB
SwapTotal:             0 kB
SwapFree:              0 kB
Dirty:               684 kB
Writeback:             0 kB
AnonPages:       6373148 kB
Mapped:           594844 kB
Shmem:           1327220 kB
Slab:              85804 kB
SReclaimable:      47664 kB
SUnreclaim:        38140 kB
KernelStack:       11024 kB
PageTables:        46812 kB
NFS_Unstable:          0 kB
Bounce:                0 kB
WritebackTmp:          0 kB
CommitLimit:     4026008 kB
Committed_AS:   13207136 kB
VmallocTotal:   34359738367 kB
VmallocUsed:      359932 kB
VmallocChunk:   34359286872 kB
HardwareCorrupted:     0 kB
AnonHugePages:   4603904 kB
CmaTotal:              0 kB
CmaFree:               0 kB
HugePages_Total:       0
HugePages_Free:        0
HugePages_Rsvd:        0
HugePages_Surp:        0
Hugepagesize:       2048 kB
DirectMap4k:      175164 kB
DirectMap2M:     7041024 kB
DirectMap1G:     1048576 kB


CPU:total 4 (2 cores per cpu, 2 threads per core) family 6 model 60 stepping 3, cmov, cx8, fxsr, mmx, sse, sse2, sse3, ssse3, sse4.1, sse4.2, popcnt, avx, avx2, aes, erms, ht, tsc, tscinvbit

/proc/cpuinfo:
processor	: 0
vendor_id	: GenuineIntel
cpu family	: 6
model		: 60
model name	: Intel(R) Core(TM) i3-4150 CPU @ 3.50GHz
stepping	: 3
microcode	: 0x12
cpu MHz		: 3500.000
cache size	: 3072 KB
physical id	: 0
siblings	: 4
core id		: 0
cpu cores	: 2
apicid		: 0
initial apicid	: 0
fpu		: yes
fpu_exception	: yes
cpuid level	: 13
wp		: yes
flags		: fpu vme de pse tsc msr pae mce cx8 apic sep mtrr pge mca cmov pat pse36 clflush dts acpi mmx fxsr sse sse2 ss ht tm pbe syscall nx pdpe1gb rdtscp lm constant_tsc arch_perfmon pebs bts rep_good nopl xtopology nonstop_tsc aperfmperf eagerfpu pni pclmulqdq dtes64 monitor ds_cpl vmx est tm2 ssse3 fma cx16 xtpr pdcm pcid sse4_1 sse4_2 movbe popcnt tsc_deadline_timer aes xsave avx f16c rdrand lahf_lm abm arat pln pts dtherm tpr_shadow vnmi flexpriority ept vpid fsgsbase tsc_adjust bmi1 avx2 smep bmi2 erms invpcid xsaveopt
bugs		:
bogomips	: 6983.79
clflush size	: 64
cache_alignment	: 64
address sizes	: 39 bits physical, 48 bits virtual
power management:

processor	: 1
vendor_id	: GenuineIntel
cpu family	: 6
model		: 60
model name	: Intel(R) Core(TM) i3-4150 CPU @ 3.50GHz
stepping	: 3
microcode	: 0x12
cpu MHz		: 3499.863
cache size	: 3072 KB
physical id	: 0
siblings	: 4
core id		: 1
cpu cores	: 2
apicid		: 2
initial apicid	: 2
fpu		: yes
fpu_exception	: yes
cpuid level	: 13
wp		: yes
flags		: fpu vme de pse tsc msr pae mce cx8 apic sep mtrr pge mca cmov pat pse36 clflush dts acpi mmx fxsr sse sse2 ss ht tm pbe syscall nx pdpe1gb rdtscp lm constant_tsc arch_perfmon pebs bts rep_good nopl xtopology nonstop_tsc aperfmperf eagerfpu pni pclmulqdq dtes64 monitor ds_cpl vmx est tm2 ssse3 fma cx16 xtpr pdcm pcid sse4_1 sse4_2 movbe popcnt tsc_deadline_timer aes xsave avx f16c rdrand lahf_lm abm arat pln pts dtherm tpr_shadow vnmi flexpriority ept vpid fsgsbase tsc_adjust bmi1 avx2 smep bmi2 erms invpcid xsaveopt
bugs		:
bogomips	: 6983.79
clflush size	: 64
cache_alignment	: 64
address sizes	: 39 bits physical, 48 bits virtual
power management:

processor	: 2
vendor_id	: GenuineIntel
cpu family	: 6
model		: 60
model name	: Intel(R) Core(TM) i3-4150 CPU @ 3.50GHz
stepping	: 3
microcode	: 0x12
cpu MHz		: 3499.863
cache size	: 3072 KB
physical id	: 0
siblings	: 4
core id		: 0
cpu cores	: 2
apicid		: 1
initial apicid	: 1
fpu		: yes
fpu_exception	: yes
cpuid level	: 13
wp		: yes
flags		: fpu vme de pse tsc msr pae mce cx8 apic sep mtrr pge mca cmov pat pse36 clflush dts acpi mmx fxsr sse sse2 ss ht tm pbe syscall nx pdpe1gb rdtscp lm constant_tsc arch_perfmon pebs bts rep_good nopl xtopology nonstop_tsc aperfmperf eagerfpu pni pclmulqdq dtes64 monitor ds_cpl vmx est tm2 ssse3 fma cx16 xtpr pdcm pcid sse4_1 sse4_2 movbe popcnt tsc_deadline_timer aes xsave avx f16c rdrand lahf_lm abm arat pln pts dtherm tpr_shadow vnmi flexpriority ept vpid fsgsbase tsc_adjust bmi1 avx2 smep bmi2 erms invpcid xsaveopt
bugs		:
bogomips	: 6983.79
clflush size	: 64
cache_alignment	: 64
address sizes	: 39 bits physical, 48 bits virtual
power management:

processor	: 3
vendor_id	: GenuineIntel
cpu family	: 6
model		: 60
model name	: Intel(R) Core(TM) i3-4150 CPU @ 3.50GHz
stepping	: 3
microcode	: 0x12
cpu MHz		: 3500.000
cache size	: 3072 KB
physical id	: 0
siblings	: 4
core id		: 1
cpu cores	: 2
apicid		: 3
initial apicid	: 3
fpu		: yes
fpu_exception	: yes
cpuid level	: 13
wp		: yes
flags		: fpu vme de pse tsc msr pae mce cx8 apic sep mtrr pge mca cmov pat pse36 clflush dts acpi mmx fxsr sse sse2 ss ht tm pbe syscall nx pdpe1gb rdtscp lm constant_tsc arch_perfmon pebs bts rep_good nopl xtopology nonstop_tsc aperfmperf eagerfpu pni pclmulqdq dtes64 monitor ds_cpl vmx est tm2 ssse3 fma cx16 xtpr pdcm pcid sse4_1 sse4_2 movbe popcnt tsc_deadline_timer aes xsave avx f16c rdrand lahf_lm abm arat pln pts dtherm tpr_shadow vnmi flexpriority ept vpid fsgsbase tsc_adjust bmi1 avx2 smep bmi2 erms invpcid xsaveopt
bugs		:
bogomips	: 6983.79
clflush size	: 64
cache_alignment	: 64
address sizes	: 39 bits physical, 48 bits virtual
power management:



Memory: 4k page, physical 8052020k(130660k free), swap 0k(0k free)

vm_info: OpenJDK 64-Bit Server VM (24.79-b02) for linux-amd64 JRE (1.7.0_79-b14), built on Jul 24 2015 05:24:39 by "buildd" with gcc 4.9.2

time: Tue Nov  3 14:57:03 2015
elapsed time: 31 seconds

