#
# There is insufficient memory for the Java Runtime Environment to continue.
# Native memory allocation (malloc) failed to allocate 169345024 bytes for committing reserved memory.
# Possible reasons:
#   The system is out of physical RAM or swap space
#   In 32 bit mode, the process size limit was hit
# Possible solutions:
#   Reduce memory load on the system
#   Increase physical memory or swap space
#   Check if swap backing store is full
#   Use 64 bit Java on a 64 bit OS
#   Decrease Java heap size (-Xmx/-Xms)
#   Decrease number of Java threads
#   Decrease Java thread stack sizes (-Xss)
#   Set larger code cache with -XX:ReservedCodeCacheSize=
# This output file may be truncated or incomplete.
#
#  Out of Memory Error (os_linux.cpp:2809), pid=8831, tid=140294137067264
#
# JRE version: OpenJDK Runtime Environment (7.0_79-b14) (build 1.7.0_79-b14)
# Java VM: OpenJDK 64-Bit Server VM (24.79-b02 mixed mode linux-amd64 compressed oops)
# Derivative: IcedTea 2.5.6
# Distribution: Ubuntu 15.04, package 7u79-2.5.6-0ubuntu1.15.04.1
# Failed to write core dump. Core dumps have been disabled. To enable core dumping, try "ulimit -c unlimited" before starting Java again
#

---------------  T H R E A D  ---------------

Current thread (0x00007f98cc076000):  VMThread [stack: 0x00007f98c6243000,0x00007f98c6344000] [id=8841]

Stack: [0x00007f98c6243000,0x00007f98c6344000],  sp=0x00007f98c63424e0,  free space=1021k
Native frames: (J=compiled Java code, j=interpreted, Vv=VM code, C=native code)
V  [libjvm.so+0x98a166]  VMError::report_and_die()+0x186
V  [libjvm.so+0x48f932]  report_vm_out_of_memory(char const*, int, unsigned long, char const*)+0x92
V  [libjvm.so+0x7fd56b]  os::pd_commit_memory(char*, unsigned long, unsigned long, bool)+0xeb
V  [libjvm.so+0x7f7c4e]  os::commit_memory(char*, unsigned long, unsigned long, bool)+0x2e
V  [libjvm.so+0x86a56b]  PSVirtualSpace::expand_by(unsigned long)+0x5b
V  [libjvm.so+0x86b413]  PSYoungGen::resize_generation(unsigned long, unsigned long)+0xd3
V  [libjvm.so+0x86bb2b]  PSYoungGen::resize(unsigned long, unsigned long)+0x1b
V  [libjvm.so+0x867539]  PSScavenge::invoke_no_policy()+0xdc9
V  [libjvm.so+0x867d18]  PSScavenge::invoke()+0x38
V  [libjvm.so+0x81fb73]  ParallelScavengeHeap::failed_mem_allocate(unsigned long)+0x63
V  [libjvm.so+0x98ba32]  VM_ParallelGCFailedAllocation::doit()+0x92
V  [libjvm.so+0x9902e7]  VM_Operation::evaluate()+0x47
V  [libjvm.so+0x98e8cb]  VMThread::evaluate_operation(VM_Operation*)+0xab
V  [libjvm.so+0x98ef76]  VMThread::loop()+0x1e6
V  [libjvm.so+0x98f441]  VMThread::run()+0x81
V  [libjvm.so+0x7fa492]  java_start(Thread*)+0xf2

VM_Operation (0x00007f98d2d1cef0): ParallelGCFailedAllocation, mode: safepoint, requested by thread 0x00007f98cc00a000


---------------  P R O C E S S  ---------------

Java Threads: ( => current thread )
  0x00007f98cc0af000 JavaThread "Service Thread" daemon [_thread_blocked, id=8847, stack(0x00007f98c555b000,0x00007f98c565c000)]
  0x00007f98cc0ac800 JavaThread "C2 CompilerThread1" daemon [_thread_blocked, id=8846, stack(0x00007f98c565c000,0x00007f98c575d000)]
  0x00007f98cc0a9800 JavaThread "C2 CompilerThread0" daemon [_thread_blocked, id=8845, stack(0x00007f98c575d000,0x00007f98c585e000)]
  0x00007f98cc0a7000 JavaThread "Signal Dispatcher" daemon [_thread_blocked, id=8844, stack(0x00007f98c585e000,0x00007f98c595f000)]
  0x00007f98cc07c800 JavaThread "Finalizer" daemon [_thread_blocked, id=8843, stack(0x00007f98c6041000,0x00007f98c6142000)]
  0x00007f98cc07a800 JavaThread "Reference Handler" daemon [_thread_blocked, id=8842, stack(0x00007f98c6142000,0x00007f98c6243000)]
  0x00007f98cc00a000 JavaThread "main" [_thread_blocked, id=8833, stack(0x00007f98d2c1e000,0x00007f98d2d1f000)]

Other Threads:
=>0x00007f98cc076000 VMThread [stack: 0x00007f98c6243000,0x00007f98c6344000] [id=8841]
  0x00007f98cc0b9800 WatcherThread [stack: 0x00007f98c545a000,0x00007f98c555b000] [id=8848]

VM state:at safepoint (normal execution)

VM Mutex/Monitor currently owned by a thread:  ([mutex/lock_event])
[0x00007f98cc006930] Threads_lock - owner thread: 0x00007f98cc076000
[0x00007f98cc006e30] Heap_lock - owner thread: 0x00007f98cc00a000

Heap
 PSYoungGen      total 938496K, used 242951K [0x00000007aaa80000, 0x00000007f5e80000, 0x0000000800000000)
  eden space 687104K, 0% used [0x00000007aaa80000,0x00000007aaa80000,0x00000007d4980000)
  from space 251392K, 96% used [0x00000007d4980000,0x00000007e36c1fa8,0x00000007e3f00000)
  to   space 205824K, 0% used [0x00000007e3f00000,0x00000007e3f00000,0x00000007f0800000)
 ParOldGen       total 720384K, used 563342K [0x0000000700000000, 0x000000072bf80000, 0x00000007aaa80000)
  object space 720384K, 78% used [0x0000000700000000,0x0000000722623b80,0x000000072bf80000)
 PSPermGen       total 21504K, used 6323K [0x00000006f5a00000, 0x00000006f6f00000, 0x0000000700000000)
  object space 21504K, 29% used [0x00000006f5a00000,0x00000006f602ce48,0x00000006f6f00000)

Card table byte_map: [0x00007f98c7f70000,0x00007f98c87c4000] byte_map_base: 0x00007f98c47c3000

Polling page: 0x00007f98d2d42000

Code Cache  [0x00007f98c87c4000, 0x00007f98c8be4000, 0x00007f98cb7c4000)
 total_blobs=1369 nmethods=1141 adapters=181 free_code_cache=45017Kb largest_free_block=46020480

Compilation events (10 events):
Event: 20.587 Thread 0x00007f98cc0ac800 1185             com.android.dx.ssa.SsaConverter::placePhiFunctions (394 bytes)
Event: 20.594 Thread 0x00007f98cc0a9800 1186             com.android.dx.ssa.back.InterferenceGraph::<init> (42 bytes)
Event: 20.616 Thread 0x00007f98cc0a9800 nmethod 1186 0x00007f98c8b33a10 code [0x00007f98c8b33be0, 0x00007f98c8b348d8]
Event: 20.785 Thread 0x00007f98cc0ac800 nmethod 1185 0x00007f98c8bd9b90 code [0x00007f98c8bd9fc0, 0x00007f98c8bdd3f0]
Event: 20.807 Thread 0x00007f98cc0a9800 1187             com.android.dx.ssa.DomFront$DomInfo::<init> (10 bytes)
Event: 20.808 Thread 0x00007f98cc0a9800 nmethod 1187 0x00007f98c8965f90 code [0x00007f98c89660c0, 0x00007f98c8966118]
Event: 20.822 Thread 0x00007f98cc0a9800 1188 %           com.android.dx.ssa.SsaConverter::placePhiFunctions @ 131 (394 bytes)
Event: 20.910 Thread 0x00007f98cc0a9800 nmethod 1188% 0x00007f98c8a96e50 code [0x00007f98c8a97240, 0x00007f98c8a99920]
Event: 22.594 Thread 0x00007f98cc0ac800 1189             com.android.dx.ssa.back.FirstFitLocalCombiningAllocator::handleUnassociatedParameters (60 bytes)
Event: 23.354 Thread 0x00007f98cc0a9800 1190             com.android.dx.rop.code.RegisterSpecList::withoutLast (60 bytes)

GC Heap History (10 events):
Event: 13.666 GC heap after
Heap after GC invocations=16 (full 3):
 PSYoungGen      total 640512K, used 124913K [0x00000007aaa80000, 0x00000007e5180000, 0x0000000800000000)
  eden space 515584K, 0% used [0x00000007aaa80000,0x00000007aaa80000,0x00000007ca200000)
  from space 124928K, 99% used [0x00000007ca200000,0x00000007d1bfc650,0x00000007d1c00000)
  to   space 164352K, 0% used [0x00000007db100000,0x00000007db100000,0x00000007e5180000)
 ParOldGen       total 473088K, used 343643K [0x0000000700000000, 0x000000071ce00000, 0x00000007aaa80000)
  object space 473088K, 72% used [0x0000000700000000,0x0000000714f96ea0,0x000000071ce00000)
 PSPermGen       total 21504K, used 6314K [0x00000006f5a00000, 0x00000006f6f00000, 0x0000000700000000)
  object space 21504K, 29% used [0x00000006f5a00000,0x00000006f602a960,0x00000006f6f00000)
}
Event: 14.532 GC heap before
{Heap before GC invocations=17 (full 3):
 PSYoungGen      total 640512K, used 640497K [0x00000007aaa80000, 0x00000007e5180000, 0x0000000800000000)
  eden space 515584K, 100% used [0x00000007aaa80000,0x00000007ca200000,0x00000007ca200000)
  from space 124928K, 99% used [0x00000007ca200000,0x00000007d1bfc650,0x00000007d1c00000)
  to   space 164352K, 0% used [0x00000007db100000,0x00000007db100000,0x00000007e5180000)
 ParOldGen       total 473088K, used 343643K [0x0000000700000000, 0x000000071ce00000, 0x00000007aaa80000)
  object space 473088K, 72% used [0x0000000700000000,0x0000000714f96ea0,0x000000071ce00000)
 PSPermGen       total 21504K, used 6317K [0x00000006f5a00000, 0x00000006f6f00000, 0x0000000700000000)
  object space 21504K, 29% used [0x00000006f5a00000,0x00000006f602b510,0x00000006f6f00000)
Event: 14.827 GC heap after
Heap after GC invocations=17 (full 3):
 PSYoungGen      total 773120K, used 143523K [0x00000007aaa80000, 0x00000007e8780000, 0x0000000800000000)
  eden space 608768K, 0% used [0x00000007aaa80000,0x00000007aaa80000,0x00000007cfd00000)
  from space 164352K, 87% used [0x00000007db100000,0x00000007e3d28c88,0x00000007e5180000)
  to   space 184320K, 0% used [0x00000007cfd00000,0x00000007cfd00000,0x00000007db100000)
 ParOldGen       total 473088K, used 406660K [0x0000000700000000, 0x000000071ce00000, 0x00000007aaa80000)
  object space 473088K, 85% used [0x0000000700000000,0x0000000718d210e8,0x000000071ce00000)
 PSPermGen       total 21504K, used 6317K [0x00000006f5a00000, 0x00000006f6f00000, 0x0000000700000000)
  object space 21504K, 29% used [0x00000006f5a00000,0x00000006f602b510,0x00000006f6f00000)
}
Event: 14.827 GC heap before
{Heap before GC invocations=18 (full 4):
 PSYoungGen      total 773120K, used 143523K [0x00000007aaa80000, 0x00000007e8780000, 0x0000000800000000)
  eden space 608768K, 0% used [0x00000007aaa80000,0x00000007aaa80000,0x00000007cfd00000)
  from space 164352K, 87% used [0x00000007db100000,0x00000007e3d28c88,0x00000007e5180000)
  to   space 184320K, 0% used [0x00000007cfd00000,0x00000007cfd00000,0x00000007db100000)
 ParOldGen       total 473088K, used 406660K [0x0000000700000000, 0x000000071ce00000, 0x00000007aaa80000)
  object space 473088K, 85% used [0x0000000700000000,0x0000000718d210e8,0x000000071ce00000)
 PSPermGen       total 21504K, used 6317K [0x00000006f5a00000, 0x00000006f6f00000, 0x0000000700000000)
  object space 21504K, 29% used [0x00000006f5a00000,0x00000006f602b510,0x00000006f6f00000)
Event: 17.391 GC heap after
Heap after GC invocations=18 (full 4):
 PSYoungGen      total 773120K, used 71777K [0x00000007aaa80000, 0x00000007e8780000, 0x0000000800000000)
  eden space 608768K, 0% used [0x00000007aaa80000,0x00000007aaa80000,0x00000007cfd00000)
  from space 164352K, 43% used [0x00000007db100000,0x00000007df718418,0x00000007e5180000)
  to   space 184320K, 0% used [0x00000007cfd00000,0x00000007cfd00000,0x00000007db100000)
 ParOldGen       total 720384K, used 473073K [0x0000000700000000, 0x000000072bf80000, 0x00000007aaa80000)
  object space 720384K, 65% used [0x0000000700000000,0x000000071cdfc6d8,0x000000072bf80000)
 PSPermGen       total 21504K, used 6317K [0x00000006f5a00000, 0x00000006f6f00000, 0x0000000700000000)
  object space 21504K, 29% used [0x00000006f5a00000,0x00000006f602b470,0x00000006f6f00000)
}
Event: 18.563 GC heap before
{Heap before GC invocations=19 (full 4):
 PSYoungGen      total 773120K, used 680545K [0x00000007aaa80000, 0x00000007e8780000, 0x0000000800000000)
  eden space 608768K, 100% used [0x00000007aaa80000,0x00000007cfd00000,0x00000007cfd00000)
  from space 164352K, 43% used [0x00000007db100000,0x00000007df718418,0x00000007e5180000)
  to   space 184320K, 0% used [0x00000007cfd00000,0x00000007cfd00000,0x00000007db100000)
 ParOldGen       total 720384K, used 473073K [0x0000000700000000, 0x000000072bf80000, 0x00000007aaa80000)
  object space 720384K, 65% used [0x0000000700000000,0x000000071cdfc6d8,0x000000072bf80000)
 PSPermGen       total 21504K, used 6317K [0x00000006f5a00000, 0x00000006f6f00000, 0x0000000700000000)
  object space 21504K, 29% used [0x00000006f5a00000,0x00000006f602b7b8,0x00000006f6f00000)
Event: 18.961 GC heap after
Heap after GC invocations=19 (full 4):
 PSYoungGen      total 793088K, used 160204K [0x00000007aaa80000, 0x00000007f0800000, 0x0000000800000000)
  eden space 608768K, 0% used [0x00000007aaa80000,0x00000007aaa80000,0x00000007cfd00000)
  from space 184320K, 86% used [0x00000007cfd00000,0x00000007d99733a8,0x00000007db100000)
  to   space 205824K, 0% used [0x00000007e3f00000,0x00000007e3f00000,0x00000007f0800000)
 ParOldGen       total 720384K, used 473073K [0x0000000700000000, 0x000000072bf80000, 0x00000007aaa80000)
  object space 720384K, 65% used [0x0000000700000000,0x000000071cdfc6d8,0x000000072bf80000)
 PSPermGen       total 21504K, used 6317K [0x00000006f5a00000, 0x00000006f6f00000, 0x0000000700000000)
  object space 21504K, 29% used [0x00000006f5a00000,0x00000006f602b7b8,0x00000006f6f00000)
}
Event: 21.091 GC heap before
{Heap before GC invocations=20 (full 4):
 PSYoungGen      total 793088K, used 768972K [0x00000007aaa80000, 0x00000007f0800000, 0x0000000800000000)
  eden space 608768K, 100% used [0x00000007aaa80000,0x00000007cfd00000,0x00000007cfd00000)
  from space 184320K, 86% used [0x00000007cfd00000,0x00000007d99733a8,0x00000007db100000)
  to   space 205824K, 0% used [0x00000007e3f00000,0x00000007e3f00000,0x00000007f0800000)
 ParOldGen       total 720384K, used 473073K [0x0000000700000000, 0x000000072bf80000, 0x00000007aaa80000)
  object space 720384K, 65% used [0x0000000700000000,0x000000071cdfc6d8,0x000000072bf80000)
 PSPermGen       total 21504K, used 6322K [0x00000006f5a00000, 0x00000006f6f00000, 0x0000000700000000)
  object space 21504K, 29% used [0x00000006f5a00000,0x00000006f602c9e8,0x00000006f6f00000)
Event: 21.400 GC heap after
Heap after GC invocations=20 (full 4):
 PSYoungGen      total 892928K, used 205798K [0x00000007aaa80000, 0x00000007f5e80000, 0x0000000800000000)
  eden space 687104K, 0% used [0x00000007aaa80000,0x00000007aaa80000,0x00000007d4980000)
  from space 205824K, 99% used [0x00000007e3f00000,0x00000007f07f98d8,0x00000007f0800000)
  to   space 251392K, 0% used [0x00000007d4980000,0x00000007d4980000,0x00000007e3f00000)
 ParOldGen       total 720384K, used 503077K [0x0000000700000000, 0x000000072bf80000, 0x00000007aaa80000)
  object space 720384K, 69% used [0x0000000700000000,0x000000071eb49738,0x000000072bf80000)
 PSPermGen       total 21504K, used 6322K [0x00000006f5a00000, 0x00000006f6f00000, 0x0000000700000000)
  object space 21504K, 29% used [0x00000006f5a00000,0x00000006f602c9e8,0x00000006f6f00000)
}
Event: 23.570 GC heap before
{Heap before GC invocations=21 (full 4):
 PSYoungGen      total 892928K, used 892902K [0x00000007aaa80000, 0x00000007f5e80000, 0x0000000800000000)
  eden space 687104K, 100% used [0x00000007aaa80000,0x00000007d4980000,0x00000007d4980000)
  from space 205824K, 99% used [0x00000007e3f00000,0x00000007f07f98d8,0x00000007f0800000)
  to   space 251392K, 0% used [0x00000007d4980000,0x00000007d4980000,0x00000007e3f00000)
 ParOldGen       total 720384K, used 503077K [0x0000000700000000, 0x000000072bf80000, 0x00000007aaa80000)
  object space 720384K, 69% used [0x0000000700000000,0x000000071eb49738,0x000000072bf80000)
 PSPermGen       total 21504K, used 6323K [0x00000006f5a00000, 0x00000006f6f00000, 0x0000000700000000)
  object space 21504K, 29% used [0x00000006f5a00000,0x00000006f602ce48,0x00000006f6f00000)

Deoptimization events (10 events):
Event: 20.011 Thread 0x00007f98cc00a000 Uncommon trap: reason=class_check action=maybe_recompile pc=0x00007f98c89c0718 method=com.android.dx.ssa.back.InterferenceGraph.mergeInterferenceSet(ILcom/android/dx/util/IntSet;)V @ 20
Event: 20.011 Thread 0x00007f98cc00a000 Uncommon trap: reason=class_check action=maybe_recompile pc=0x00007f98c8a05ea8 method=com.android.dx.util.BitIntSet.merge(Lcom/android/dx/util/IntSet;)V @ 1
Event: 20.018 Thread 0x00007f98cc00a000 Uncommon trap: reason=class_check action=maybe_recompile pc=0x00007f98c8987a60 method=com.android.dx.ssa.back.InterferenceGraph.mergeInterferenceSet(ILcom/android/dx/util/IntSet;)V @ 20
Event: 20.018 Thread 0x00007f98cc00a000 Uncommon trap: reason=class_check action=maybe_recompile pc=0x00007f98c8a05ea8 method=com.android.dx.util.BitIntSet.merge(Lcom/android/dx/util/IntSet;)V @ 1
Event: 20.018 Thread 0x00007f98cc00a000 Uncommon trap: reason=class_check action=maybe_recompile pc=0x00007f98c89c0718 method=com.android.dx.ssa.back.InterferenceGraph.mergeInterferenceSet(ILcom/android/dx/util/IntSet;)V @ 20
Event: 20.024 Thread 0x00007f98cc00a000 Uncommon trap: reason=class_check action=maybe_recompile pc=0x00007f98c8a06624 method=com.android.dx.ssa.back.InterferenceGraph.mergeInterferenceSet(ILcom/android/dx/util/IntSet;)V @ 20
Event: 20.402 Thread 0x00007f98cc00a000 Uncommon trap: reason=class_check action=maybe_recompile pc=0x00007f98c88896f4 method=com.android.dx.ssa.SsaConverter.placePhiFunctions(Lcom/android/dx/ssa/SsaMethod;Lcom/android/dx/ssa/LocalVariableInfo;I)V @ 257
Event: 20.495 Thread 0x00007f98cc00a000 Uncommon trap: reason=predicate action=maybe_recompile pc=0x00007f98c898db94 method=com.android.dx.ssa.back.InterferenceGraph.<init>(I)V @ 23
Event: 20.529 Thread 0x00007f98cc00a000 Uncommon trap: reason=class_check action=maybe_recompile pc=0x00007f98c89acb70 method=com.android.dx.ssa.back.InterferenceGraph.mergeInterferenceSet(ILcom/android/dx/util/IntSet;)V @ 20
Event: 21.462 Thread 0x00007f98cc07c800 Uncommon trap: reason=unreached action=reinterpret pc=0x00007f98c8b5fc9c method=java.lang.ref.Finalizer.remove()V @ 10

Internal exceptions (10 events):
Event: 7.511 Thread 0x00007f98cc00a000 Implicit null exception at 0x00007f98c898cbb1 to 0x00007f98c898cd81
Event: 7.511 Thread 0x00007f98cc00a000 Implicit null exception at 0x00007f98c89384fa to 0x00007f98c8938f29
Event: 7.668 Thread 0x00007f98cc00a000 Threw 0x00000007bc46fc98 at /build/openjdk-7-yI9zWD/openjdk-7-7u79-2.5.6/build/openjdk/hotspot/src/share/vm/prims/jvm.cpp:1284
Event: 9.606 Thread 0x00007f98cc00a000 Implicit null exception at 0x00007f98c8bd2453 to 0x00007f98c8bd3bd5
Event: 10.065 Thread 0x00007f98cc00a000 Implicit null exception at 0x00007f98c8a4c93c to 0x00007f98c8a4d315
Event: 10.065 Thread 0x00007f98cc00a000 Implicit null exception at 0x00007f98c8bb6bcf to 0x00007f98c8bb6dad
Event: 10.516 Thread 0x00007f98cc00a000 Threw 0x00000007c2e6e3e0 at /build/openjdk-7-yI9zWD/openjdk-7-7u79-2.5.6/build/openjdk/hotspot/src/share/vm/prims/jvm.cpp:1284
Event: 10.520 Thread 0x00007f98cc00a000 Threw 0x00000007c2eb3f88 at /build/openjdk-7-yI9zWD/openjdk-7-7u79-2.5.6/build/openjdk/hotspot/src/share/vm/prims/jvm.cpp:1284
Event: 17.718 Thread 0x00007f98cc00a000 Implicit null exception at 0x00007f98c8ab67d8 to 0x00007f98c8ab72a1
Event: 19.484 Thread 0x00007f98cc00a000 Implicit null exception at 0x00007f98c8a4228c to 0x00007f98c8a4238e

Events (10 events):
Event: 20.495 Thread 0x00007f98cc00a000 DEOPT UNPACKING pc=0x00007f98c87fd445 sp=0x00007f98d2d1d1a8 mode 2
Event: 20.529 Thread 0x00007f98cc00a000 Uncommon trap: trap_request=0xffffffde fr.pc=0x00007f98c89acb70
Event: 20.529 Thread 0x00007f98cc00a000 DEOPT PACKING pc=0x00007f98c89acb70 sp=0x00007f98d2d1d1b0
Event: 20.529 Thread 0x00007f98cc00a000 DEOPT UNPACKING pc=0x00007f98c87fd445 sp=0x00007f98d2d1cff0 mode 2
Event: 21.091 Executing VM operation: ParallelGCFailedAllocation
Event: 21.400 Executing VM operation: ParallelGCFailedAllocation done
Event: 21.401 Thread 0x00007f98cc07c800 Uncommon trap: trap_request=0xffffffad fr.pc=0x00007f98c8b5fc9c
Event: 21.462 Thread 0x00007f98cc07c800 DEOPT PACKING pc=0x00007f98c8b5fc9c sp=0x00007f98c61409c0
Event: 21.462 Thread 0x00007f98cc07c800 DEOPT UNPACKING pc=0x00007f98c87fd445 sp=0x00007f98c61408b8 mode 2
Event: 23.536 Executing VM operation: ParallelGCFailedAllocation


Dynamic libraries:
00400000-00401000 r-xp 00000000 08:01 20712222                           /usr/lib/jvm/java-7-openjdk-amd64/jre/bin/java
00600000-00601000 r--p 00000000 08:01 20712222                           /usr/lib/jvm/java-7-openjdk-amd64/jre/bin/java
00601000-00602000 rw-p 00001000 08:01 20712222                           /usr/lib/jvm/java-7-openjdk-amd64/jre/bin/java
01d32000-01d53000 rw-p 00000000 00:00 0                                  [heap]
6f5a00000-6f6f00000 rw-p 00000000 00:00 0 
6f6f00000-700000000 rw-p 00000000 00:00 0 
700000000-72bf80000 rw-p 00000000 00:00 0 
72bf80000-7aaa80000 rw-p 00000000 00:00 0 
7aaa80000-7f5e80000 rw-p 00000000 00:00 0 
7f9880000000-7f9880021000 rw-p 00000000 00:00 0 
7f9880021000-7f9884000000 ---p 00000000 00:00 0 
7f9888000000-7f9889351000 rw-p 00000000 00:00 0 
7f9889351000-7f988c000000 ---p 00000000 00:00 0 
7f988c000000-7f988c021000 rw-p 00000000 00:00 0 
7f988c021000-7f9890000000 ---p 00000000 00:00 0 
7f9890000000-7f9890021000 rw-p 00000000 00:00 0 
7f9890021000-7f9894000000 ---p 00000000 00:00 0 
7f9894000000-7f9895f1a000 rw-p 00000000 00:00 0 
7f9895f1a000-7f9898000000 ---p 00000000 00:00 0 
7f9898000000-7f9898021000 rw-p 00000000 00:00 0 
7f9898021000-7f989c000000 ---p 00000000 00:00 0 
7f989c000000-7f989c021000 rw-p 00000000 00:00 0 
7f989c021000-7f98a0000000 ---p 00000000 00:00 0 
7f98a0000000-7f98a023f000 rw-p 00000000 00:00 0 
7f98a023f000-7f98a4000000 ---p 00000000 00:00 0 
7f98a7ad0000-7f98b0000000 rw-p 00000000 00:00 0 
7f98b0000000-7f98b0021000 rw-p 00000000 00:00 0 
7f98b0021000-7f98b4000000 ---p 00000000 00:00 0 
7f98b4000000-7f98b4021000 rw-p 00000000 00:00 0 
7f98b4021000-7f98b8000000 ---p 00000000 00:00 0 
7f98b8000000-7f98b8021000 rw-p 00000000 00:00 0 
7f98b8021000-7f98bc000000 ---p 00000000 00:00 0 
7f98befe3000-7f98bf2e4000 rw-p 00000000 00:00 0 
7f98bf2e4000-7f98bf350000 r-xp 00000000 08:01 22020192                   /lib/x86_64-linux-gnu/libpcre.so.3.13.1
7f98bf350000-7f98bf54f000 ---p 0006c000 08:01 22020192                   /lib/x86_64-linux-gnu/libpcre.so.3.13.1
7f98bf54f000-7f98bf550000 r--p 0006b000 08:01 22020192                   /lib/x86_64-linux-gnu/libpcre.so.3.13.1
7f98bf550000-7f98bf551000 rw-p 0006c000 08:01 22020192                   /lib/x86_64-linux-gnu/libpcre.so.3.13.1
7f98bf551000-7f98bf558000 r-xp 00000000 08:01 20455638                   /usr/lib/x86_64-linux-gnu/libffi.so.6.0.4
7f98bf558000-7f98bf757000 ---p 00007000 08:01 20455638                   /usr/lib/x86_64-linux-gnu/libffi.so.6.0.4
7f98bf757000-7f98bf758000 r--p 00006000 08:01 20455638                   /usr/lib/x86_64-linux-gnu/libffi.so.6.0.4
7f98bf758000-7f98bf759000 rw-p 00007000 08:01 20455638                   /usr/lib/x86_64-linux-gnu/libffi.so.6.0.4
7f98bf759000-7f98c0000000 rw-p 00000000 00:00 0 
7f98c0000000-7f98c0021000 rw-p 00000000 00:00 0 
7f98c0021000-7f98c4000000 ---p 00000000 00:00 0 
7f98c403e000-7f98c4055000 r-xp 00000000 08:01 22024473                   /lib/x86_64-linux-gnu/libresolv-2.21.so
7f98c4055000-7f98c4255000 ---p 00017000 08:01 22024473                   /lib/x86_64-linux-gnu/libresolv-2.21.so
7f98c4255000-7f98c4257000 r--p 00017000 08:01 22024473                   /lib/x86_64-linux-gnu/libresolv-2.21.so
7f98c4257000-7f98c4258000 rw-p 00019000 08:01 22024473                   /lib/x86_64-linux-gnu/libresolv-2.21.so
7f98c4258000-7f98c425a000 rw-p 00000000 00:00 0 
7f98c425a000-7f98c427b000 r-xp 00000000 08:01 22024477                   /lib/x86_64-linux-gnu/libselinux.so.1
7f98c427b000-7f98c447a000 ---p 00021000 08:01 22024477                   /lib/x86_64-linux-gnu/libselinux.so.1
7f98c447a000-7f98c447b000 r--p 00020000 08:01 22024477                   /lib/x86_64-linux-gnu/libselinux.so.1
7f98c447b000-7f98c447c000 rw-p 00021000 08:01 22024477                   /lib/x86_64-linux-gnu/libselinux.so.1
7f98c447c000-7f98c447e000 rw-p 00000000 00:00 0 
7f98c447e000-7f98c4481000 r-xp 00000000 08:01 20447655                   /usr/lib/x86_64-linux-gnu/libgmodule-2.0.so.0.4400.1
7f98c4481000-7f98c4680000 ---p 00003000 08:01 20447655                   /usr/lib/x86_64-linux-gnu/libgmodule-2.0.so.0.4400.1
7f98c4680000-7f98c4681000 r--p 00002000 08:01 20447655                   /usr/lib/x86_64-linux-gnu/libgmodule-2.0.so.0.4400.1
7f98c4681000-7f98c4682000 rw-p 00003000 08:01 20447655                   /usr/lib/x86_64-linux-gnu/libgmodule-2.0.so.0.4400.1
7f98c4682000-7f98c478f000 r-xp 00000000 08:01 22024241                   /lib/x86_64-linux-gnu/libglib-2.0.so.0.4400.1
7f98c478f000-7f98c498e000 ---p 0010d000 08:01 22024241                   /lib/x86_64-linux-gnu/libglib-2.0.so.0.4400.1
7f98c498e000-7f98c498f000 r--p 0010c000 08:01 22024241                   /lib/x86_64-linux-gnu/libglib-2.0.so.0.4400.1
7f98c498f000-7f98c4990000 rw-p 0010d000 08:01 22024241                   /lib/x86_64-linux-gnu/libglib-2.0.so.0.4400.1
7f98c4990000-7f98c4991000 rw-p 00000000 00:00 0 
7f98c4991000-7f98c49e1000 r-xp 00000000 08:01 20447615                   /usr/lib/x86_64-linux-gnu/libgobject-2.0.so.0.4400.1
7f98c49e1000-7f98c4be1000 ---p 00050000 08:01 20447615                   /usr/lib/x86_64-linux-gnu/libgobject-2.0.so.0.4400.1
7f98c4be1000-7f98c4be2000 r--p 00050000 08:01 20447615                   /usr/lib/x86_64-linux-gnu/libgobject-2.0.so.0.4400.1
7f98c4be2000-7f98c4be3000 rw-p 00051000 08:01 20447615                   /usr/lib/x86_64-linux-gnu/libgobject-2.0.so.0.4400.1
7f98c4be3000-7f98c4d5b000 r-xp 00000000 08:01 20447637                   /usr/lib/x86_64-linux-gnu/libgio-2.0.so.0.4400.1
7f98c4d5b000-7f98c4f5b000 ---p 00178000 08:01 20447637                   /usr/lib/x86_64-linux-gnu/libgio-2.0.so.0.4400.1
7f98c4f5b000-7f98c4f5f000 r--p 00178000 08:01 20447637                   /usr/lib/x86_64-linux-gnu/libgio-2.0.so.0.4400.1
7f98c4f5f000-7f98c4f61000 rw-p 0017c000 08:01 20447637                   /usr/lib/x86_64-linux-gnu/libgio-2.0.so.0.4400.1
7f98c4f61000-7f98c4f63000 rw-p 00000000 00:00 0 
7f98c4f63000-7f98c4f7a000 r-xp 00000000 08:01 20587083                   /usr/lib/jvm/java-7-openjdk-amd64/jre/lib/amd64/libnet.so
7f98c4f7a000-7f98c5179000 ---p 00017000 08:01 20587083                   /usr/lib/jvm/java-7-openjdk-amd64/jre/lib/amd64/libnet.so
7f98c5179000-7f98c517a000 r--p 00016000 08:01 20587083                   /usr/lib/jvm/java-7-openjdk-amd64/jre/lib/amd64/libnet.so
7f98c517a000-7f98c517b000 rw-p 00017000 08:01 20587083                   /usr/lib/jvm/java-7-openjdk-amd64/jre/lib/amd64/libnet.so
7f98c517b000-7f98c518c000 r-xp 00000000 08:01 20587088                   /usr/lib/jvm/java-7-openjdk-amd64/jre/lib/amd64/libnio.so
7f98c518c000-7f98c538b000 ---p 00011000 08:01 20587088                   /usr/lib/jvm/java-7-openjdk-amd64/jre/lib/amd64/libnio.so
7f98c538b000-7f98c538c000 r--p 00010000 08:01 20587088                   /usr/lib/jvm/java-7-openjdk-amd64/jre/lib/amd64/libnio.so
7f98c538c000-7f98c538d000 rw-p 00011000 08:01 20587088                   /usr/lib/jvm/java-7-openjdk-amd64/jre/lib/amd64/libnio.so
7f98c538d000-7f98c545a000 r--s 0093b000 08:01 2229504                    /home/sharan/Dropbox/Muser/muser/build/intermediates/multi-dex/debug/allclasses.jar
7f98c545a000-7f98c545b000 ---p 00000000 00:00 0 
7f98c545b000-7f98c555b000 rw-p 00000000 00:00 0                          [stack:8848]
7f98c555b000-7f98c555e000 ---p 00000000 00:00 0 
7f98c555e000-7f98c565c000 rw-p 00000000 00:00 0                          [stack:8847]
7f98c565c000-7f98c565f000 ---p 00000000 00:00 0 
7f98c565f000-7f98c575d000 rw-p 00000000 00:00 0                          [stack:8846]
7f98c575d000-7f98c5760000 ---p 00000000 00:00 0 
7f98c5760000-7f98c585e000 rw-p 00000000 00:00 0                          [stack:8845]
7f98c585e000-7f98c5861000 ---p 00000000 00:00 0 
7f98c5861000-7f98c595f000 rw-p 00000000 00:00 0                          [stack:8844]
7f98c595f000-7f98c6041000 r--p 00000000 08:01 20454393                   /usr/lib/locale/locale-archive
7f98c6041000-7f98c6044000 ---p 00000000 00:00 0 
7f98c6044000-7f98c6142000 rw-p 00000000 00:00 0                          [stack:8843]
7f98c6142000-7f98c6145000 ---p 00000000 00:00 0 
7f98c6145000-7f98c6243000 rw-p 00000000 00:00 0                          [stack:8842]
7f98c6243000-7f98c6244000 ---p 00000000 00:00 0 
7f98c6244000-7f98c7341000 rw-p 00000000 00:00 0                          [stack:8841]
7f98c7341000-7f98c74f2000 r--s 01d29000 08:01 20587021                   /usr/lib/jvm/java-7-openjdk-amd64/jre/lib/rt.jar
7f98c74f2000-7f98c75c3000 rw-p 00000000 00:00 0 
7f98c75c3000-7f98c75c4000 ---p 00000000 00:00 0 
7f98c75c4000-7f98c76c4000 rw-p 00000000 00:00 0                          [stack:8838]
7f98c76c4000-7f98c76c5000 ---p 00000000 00:00 0 
7f98c76c5000-7f98c77c5000 rw-p 00000000 00:00 0                          [stack:8837]
7f98c77c5000-7f98c77c6000 ---p 00000000 00:00 0 
7f98c77c6000-7f98c78c6000 rw-p 00000000 00:00 0                          [stack:8836]
7f98c78c6000-7f98c78c7000 ---p 00000000 00:00 0 
7f98c78c7000-7f98c79d2000 rw-p 00000000 00:00 0                          [stack:8835]
7f98c79d2000-7f98c7a1a000 rw-p 00000000 00:00 0 
7f98c7a1a000-7f98c7b7a000 rw-p 00000000 00:00 0 
7f98c7b7a000-7f98c7f70000 rw-p 00000000 00:00 0 
7f98c7f70000-7f98c7f7b000 rw-p 00000000 00:00 0 
7f98c7f7b000-7f98c7fc3000 rw-p 00000000 00:00 0 
7f98c7fc3000-7f98c8123000 rw-p 00000000 00:00 0 
7f98c8123000-7f98c8518000 rw-p 00000000 00:00 0 
7f98c8518000-7f98c8773000 rw-p 00000000 00:00 0 
7f98c8773000-7f98c87c3000 rw-p 00000000 00:00 0 
7f98c87c3000-7f98c87c4000 rw-p 00000000 00:00 0 
7f98c87c4000-7f98c8be4000 rwxp 00000000 00:00 0 
7f98c8be4000-7f98cb7c4000 rw-p 00000000 00:00 0 
7f98cb7c4000-7f98cb7cc000 r-xp 00000000 08:01 20587054                   /usr/lib/jvm/java-7-openjdk-amd64/jre/lib/amd64/libzip.so
7f98cb7cc000-7f98cb9cb000 ---p 00008000 08:01 20587054                   /usr/lib/jvm/java-7-openjdk-amd64/jre/lib/amd64/libzip.so
7f98cb9cb000-7f98cb9cc000 r--p 00007000 08:01 20587054                   /usr/lib/jvm/java-7-openjdk-amd64/jre/lib/amd64/libzip.so
7f98cb9cc000-7f98cb9cd000 rw-p 00008000 08:01 20587054                   /usr/lib/jvm/java-7-openjdk-amd64/jre/lib/amd64/libzip.so
7f98cb9cd000-7f98cb9d9000 r-xp 00000000 08:01 22024420                   /lib/x86_64-linux-gnu/libnss_files-2.21.so
7f98cb9d9000-7f98cbbd8000 ---p 0000c000 08:01 22024420                   /lib/x86_64-linux-gnu/libnss_files-2.21.so
7f98cbbd8000-7f98cbbd9000 r--p 0000b000 08:01 22024420                   /lib/x86_64-linux-gnu/libnss_files-2.21.so
7f98cbbd9000-7f98cbbda000 rw-p 0000c000 08:01 22024420                   /lib/x86_64-linux-gnu/libnss_files-2.21.so
7f98cbbda000-7f98cbbe5000 r-xp 00000000 08:01 22024430                   /lib/x86_64-linux-gnu/libnss_nis-2.21.so
7f98cbbe5000-7f98cbde4000 ---p 0000b000 08:01 22024430                   /lib/x86_64-linux-gnu/libnss_nis-2.21.so
7f98cbde4000-7f98cbde5000 r--p 0000a000 08:01 22024430                   /lib/x86_64-linux-gnu/libnss_nis-2.21.so
7f98cbde5000-7f98cbde6000 rw-p 0000b000 08:01 22024430                   /lib/x86_64-linux-gnu/libnss_nis-2.21.so
7f98cbde6000-7f98cbdfd000 r-xp 00000000 08:01 22024414                   /lib/x86_64-linux-gnu/libnsl-2.21.so
7f98cbdfd000-7f98cbffc000 ---p 00017000 08:01 22024414                   /lib/x86_64-linux-gnu/libnsl-2.21.so
7f98cbffc000-7f98cbffd000 r--p 00016000 08:01 22024414                   /lib/x86_64-linux-gnu/libnsl-2.21.so
7f98cbffd000-7f98cbffe000 rw-p 00017000 08:01 22024414                   /lib/x86_64-linux-gnu/libnsl-2.21.so
7f98cbffe000-7f98cc000000 rw-p 00000000 00:00 0 
7f98cc000000-7f98cc3c3000 rw-p 00000000 00:00 0 
7f98cc3c3000-7f98d0000000 ---p 00000000 00:00 0 
7f98d0020000-7f98d0048000 rw-p 00000000 00:00 0 
7f98d0048000-7f98d0050000 r-xp 00000000 08:01 22024416                   /lib/x86_64-linux-gnu/libnss_compat-2.21.so
7f98d0050000-7f98d024f000 ---p 00008000 08:01 22024416                   /lib/x86_64-linux-gnu/libnss_compat-2.21.so
7f98d024f000-7f98d0250000 r--p 00007000 08:01 22024416                   /lib/x86_64-linux-gnu/libnss_compat-2.21.so
7f98d0250000-7f98d0251000 rw-p 00008000 08:01 22024416                   /lib/x86_64-linux-gnu/libnss_compat-2.21.so
7f98d0251000-7f98d027e000 r-xp 00000000 08:01 20587091                   /usr/lib/jvm/java-7-openjdk-amd64/jre/lib/amd64/libjava.so
7f98d027e000-7f98d047d000 ---p 0002d000 08:01 20587091                   /usr/lib/jvm/java-7-openjdk-amd64/jre/lib/amd64/libjava.so
7f98d047d000-7f98d047e000 r--p 0002c000 08:01 20587091                   /usr/lib/jvm/java-7-openjdk-amd64/jre/lib/amd64/libjava.so
7f98d047e000-7f98d0480000 rw-p 0002d000 08:01 20587091                   /usr/lib/jvm/java-7-openjdk-amd64/jre/lib/amd64/libjava.so
7f98d0480000-7f98d048f000 r-xp 00000000 08:01 20587072                   /usr/lib/jvm/java-7-openjdk-amd64/jre/lib/amd64/libverify.so
7f98d048f000-7f98d068e000 ---p 0000f000 08:01 20587072                   /usr/lib/jvm/java-7-openjdk-amd64/jre/lib/amd64/libverify.so
7f98d068e000-7f98d0691000 r--p 0000e000 08:01 20587072                   /usr/lib/jvm/java-7-openjdk-amd64/jre/lib/amd64/libverify.so
7f98d0691000-7f98d0692000 rw-p 00011000 08:01 20587072                   /usr/lib/jvm/java-7-openjdk-amd64/jre/lib/amd64/libverify.so
7f98d0692000-7f98d0699000 r-xp 00000000 08:01 22024475                   /lib/x86_64-linux-gnu/librt-2.21.so
7f98d0699000-7f98d0898000 ---p 00007000 08:01 22024475                   /lib/x86_64-linux-gnu/librt-2.21.so
7f98d0898000-7f98d0899000 r--p 00006000 08:01 22024475                   /lib/x86_64-linux-gnu/librt-2.21.so
7f98d0899000-7f98d089a000 rw-p 00007000 08:01 22024475                   /lib/x86_64-linux-gnu/librt-2.21.so
7f98d089a000-7f98d08b0000 r-xp 00000000 08:01 22024363                   /lib/x86_64-linux-gnu/libgcc_s.so.1
7f98d08b0000-7f98d0aaf000 ---p 00016000 08:01 22024363                   /lib/x86_64-linux-gnu/libgcc_s.so.1
7f98d0aaf000-7f98d0ab0000 rw-p 00015000 08:01 22024363                   /lib/x86_64-linux-gnu/libgcc_s.so.1
7f98d0ab0000-7f98d0bb7000 r-xp 00000000 08:01 22024393                   /lib/x86_64-linux-gnu/libm-2.21.so
7f98d0bb7000-7f98d0db6000 ---p 00107000 08:01 22024393                   /lib/x86_64-linux-gnu/libm-2.21.so
7f98d0db6000-7f98d0db7000 r--p 00106000 08:01 22024393                   /lib/x86_64-linux-gnu/libm-2.21.so
7f98d0db7000-7f98d0db8000 rw-p 00107000 08:01 22024393                   /lib/x86_64-linux-gnu/libm-2.21.so
7f98d0db8000-7f98d0ea8000 r-xp 00000000 08:01 20456311                   /usr/lib/x86_64-linux-gnu/libstdc++.so.6.0.20
7f98d0ea8000-7f98d10a8000 ---p 000f0000 08:01 20456311                   /usr/lib/x86_64-linux-gnu/libstdc++.so.6.0.20
7f98d10a8000-7f98d10b0000 r--p 000f0000 08:01 20456311                   /usr/lib/x86_64-linux-gnu/libstdc++.so.6.0.20
7f98d10b0000-7f98d10b2000 rw-p 000f8000 08:01 20456311                   /usr/lib/x86_64-linux-gnu/libstdc++.so.6.0.20
7f98d10b2000-7f98d10c7000 rw-p 00000000 00:00 0 
7f98d10c7000-7f98d1c1f000 r-xp 00000000 08:01 20587060                   /usr/lib/jvm/java-7-openjdk-amd64/jre/lib/amd64/server/libjvm.so
7f98d1c1f000-7f98d1e1e000 ---p 00b58000 08:01 20587060                   /usr/lib/jvm/java-7-openjdk-amd64/jre/lib/amd64/server/libjvm.so
7f98d1e1e000-7f98d1ebd000 r--p 00b57000 08:01 20587060                   /usr/lib/jvm/java-7-openjdk-amd64/jre/lib/amd64/server/libjvm.so
7f98d1ebd000-7f98d1ee0000 rw-p 00bf6000 08:01 20587060                   /usr/lib/jvm/java-7-openjdk-amd64/jre/lib/amd64/server/libjvm.so
7f98d1ee0000-7f98d1f0d000 rw-p 00000000 00:00 0 
7f98d1f0d000-7f98d1f26000 r-xp 00000000 08:01 22024508                   /lib/x86_64-linux-gnu/libz.so.1.2.8
7f98d1f26000-7f98d2126000 ---p 00019000 08:01 22024508                   /lib/x86_64-linux-gnu/libz.so.1.2.8
7f98d2126000-7f98d2127000 r--p 00019000 08:01 22024508                   /lib/x86_64-linux-gnu/libz.so.1.2.8
7f98d2127000-7f98d2128000 rw-p 0001a000 08:01 22024508                   /lib/x86_64-linux-gnu/libz.so.1.2.8
7f98d2128000-7f98d2140000 r-xp 00000000 08:01 22024467                   /lib/x86_64-linux-gnu/libpthread-2.21.so
7f98d2140000-7f98d2340000 ---p 00018000 08:01 22024467                   /lib/x86_64-linux-gnu/libpthread-2.21.so
7f98d2340000-7f98d2341000 r--p 00018000 08:01 22024467                   /lib/x86_64-linux-gnu/libpthread-2.21.so
7f98d2341000-7f98d2342000 rw-p 00019000 08:01 22024467                   /lib/x86_64-linux-gnu/libpthread-2.21.so
7f98d2342000-7f98d2346000 rw-p 00000000 00:00 0 
7f98d2346000-7f98d2349000 r-xp 00000000 08:01 22024351                   /lib/x86_64-linux-gnu/libdl-2.21.so
7f98d2349000-7f98d2548000 ---p 00003000 08:01 22024351                   /lib/x86_64-linux-gnu/libdl-2.21.so
7f98d2548000-7f98d2549000 r--p 00002000 08:01 22024351                   /lib/x86_64-linux-gnu/libdl-2.21.so
7f98d2549000-7f98d254a000 rw-p 00003000 08:01 22024351                   /lib/x86_64-linux-gnu/libdl-2.21.so
7f98d254a000-7f98d270a000 r-xp 00000000 08:01 22024334                   /lib/x86_64-linux-gnu/libc-2.21.so
7f98d270a000-7f98d290a000 ---p 001c0000 08:01 22024334                   /lib/x86_64-linux-gnu/libc-2.21.so
7f98d290a000-7f98d290e000 r--p 001c0000 08:01 22024334                   /lib/x86_64-linux-gnu/libc-2.21.so
7f98d290e000-7f98d2910000 rw-p 001c4000 08:01 22024334                   /lib/x86_64-linux-gnu/libc-2.21.so
7f98d2910000-7f98d2914000 rw-p 00000000 00:00 0 
7f98d2914000-7f98d2921000 r-xp 00000000 08:01 20587057                   /usr/lib/jvm/java-7-openjdk-amd64/jre/lib/amd64/jli/libjli.so
7f98d2921000-7f98d2b20000 ---p 0000d000 08:01 20587057                   /usr/lib/jvm/java-7-openjdk-amd64/jre/lib/amd64/jli/libjli.so
7f98d2b20000-7f98d2b21000 r--p 0000c000 08:01 20587057                   /usr/lib/jvm/java-7-openjdk-amd64/jre/lib/amd64/jli/libjli.so
7f98d2b21000-7f98d2b22000 rw-p 0000d000 08:01 20587057                   /usr/lib/jvm/java-7-openjdk-amd64/jre/lib/amd64/jli/libjli.so
7f98d2b22000-7f98d2b46000 r-xp 00000000 08:01 22024306                   /lib/x86_64-linux-gnu/ld-2.21.so
7f98d2b4f000-7f98d2b5e000 r--s 000dd000 08:01 21636737                   /home/sharan/Android/Sdk/build-tools/21.1.2/lib/dx.jar
7f98d2b5e000-7f98d2b6f000 rw-p 00000000 00:00 0 
7f98d2b6f000-7f98d2c1e000 rw-p 00000000 00:00 0 
7f98d2c1e000-7f98d2c21000 ---p 00000000 00:00 0 
7f98d2c21000-7f98d2d25000 rw-p 00000000 00:00 0                          [stack:8833]
7f98d2d25000-7f98d2d29000 r--s 00034000 08:01 20587040                   /usr/lib/jvm/java-7-openjdk-amd64/jre/lib/ext/sunjce_provider.jar
7f98d2d29000-7f98d2d2d000 r--s 0003c000 08:01 20587041                   /usr/lib/jvm/java-7-openjdk-amd64/jre/lib/ext/sunpkcs11.jar
7f98d2d2d000-7f98d2d30000 r--s 0000f000 08:01 20587042                   /usr/lib/jvm/java-7-openjdk-amd64/jre/lib/ext/icedtea-sound.jar
7f98d2d30000-7f98d2d34000 r--s 00085000 08:01 20587038                   /usr/lib/jvm/java-7-openjdk-amd64/jre/lib/ext/localedata.jar
7f98d2d34000-7f98d2d36000 r--s 00012000 08:01 20587043                   /usr/lib/jvm/java-7-openjdk-amd64/jre/lib/ext/zipfs.jar
7f98d2d36000-7f98d2d38000 r--s 00006000 08:01 20971724                   /usr/share/java/java-atk-wrapper.jar
7f98d2d38000-7f98d2d39000 r--s 00002000 08:01 20587039                   /usr/lib/jvm/java-7-openjdk-amd64/jre/lib/ext/dnsns.jar
7f98d2d39000-7f98d2d41000 rw-s 00000000 08:01 3014756                    /tmp/hsperfdata_sharan/8831
7f98d2d41000-7f98d2d42000 rw-p 00000000 00:00 0 
7f98d2d42000-7f98d2d43000 ---p 00000000 00:00 0 
7f98d2d43000-7f98d2d45000 rw-p 00000000 00:00 0 
7f98d2d45000-7f98d2d46000 r--p 00023000 08:01 22024306                   /lib/x86_64-linux-gnu/ld-2.21.so
7f98d2d46000-7f98d2d47000 rw-p 00024000 08:01 22024306                   /lib/x86_64-linux-gnu/ld-2.21.so
7f98d2d47000-7f98d2d48000 rw-p 00000000 00:00 0 
7ffd5b7bc000-7ffd5b7dd000 rw-p 00000000 00:00 0                          [stack]
7ffd5b7f9000-7ffd5b7fb000 r--p 00000000 00:00 0                          [vvar]
7ffd5b7fb000-7ffd5b7fd000 r-xp 00000000 00:00 0                          [vdso]
ffffffffff600000-ffffffffff601000 r-xp 00000000 00:00 0                  [vsyscall]

VM Arguments:
jvm_args: -Xmx4g -Dfile.encoding=UTF-8 -Duser.country=IN -Duser.language=en -Duser.variant 
java_command: com.android.dx.command.Main --dex --force-jumbo --multi-dex --main-dex-list /home/sharan/Dropbox/Muser/muser/build/intermediates/multi-dex/debug/maindexlist.txt --output /home/sharan/Dropbox/Muser/muser/build/intermediates/dex/debug /home/sharan/Dropbox/Muser/muser/build/intermediates/multi-dex/debug/allclasses.jar
Launcher Type: SUN_STANDARD

Environment Variables:
JAVA_HOME=/usr/lib/jvm/java-8-oracle
PATH=/usr/local/sbin:/usr/local/bin:/usr/sbin:/usr/bin:/sbin:/bin:/usr/games:/usr/local/games:/usr/lib/jvm/java-8-oracle/bin:/usr/lib/jvm/java-8-oracle/db/bin:/usr/lib/jvm/java-8-oracle/jre/bin
LD_LIBRARY_PATH=/opt/android-studio/bin:
SHELL=/bin/bash
DISPLAY=:0

Signal Handlers:
SIGSEGV: [libjvm.so+0x98ac50], sa_mask[0]=0x7ffbfeff, sa_flags=0x10000004
SIGBUS: [libjvm.so+0x98ac50], sa_mask[0]=0x7ffbfeff, sa_flags=0x10000004
SIGFPE: [libjvm.so+0x7f8ab0], sa_mask[0]=0x7ffbfeff, sa_flags=0x10000004
SIGPIPE: [libjvm.so+0x7f8ab0], sa_mask[0]=0x7ffbfeff, sa_flags=0x10000004
SIGXFSZ: [libjvm.so+0x7f8ab0], sa_mask[0]=0x7ffbfeff, sa_flags=0x10000004
SIGILL: [libjvm.so+0x7f8ab0], sa_mask[0]=0x7ffbfeff, sa_flags=0x10000004
SIGUSR1: SIG_DFL, sa_mask[0]=0x00000000, sa_flags=0x00000000
SIGUSR2: [libjvm.so+0x7f8930], sa_mask[0]=0x00000004, sa_flags=0x10000004
SIGHUP: [libjvm.so+0x7f8b30], sa_mask[0]=0x7ffbfeff, sa_flags=0x10000004
SIGINT: [libjvm.so+0x7f8b30], sa_mask[0]=0x7ffbfeff, sa_flags=0x10000004
SIGTERM: [libjvm.so+0x7f8b30], sa_mask[0]=0x7ffbfeff, sa_flags=0x10000004
SIGQUIT: [libjvm.so+0x7f8b30], sa_mask[0]=0x7ffbfeff, sa_flags=0x10000004
SIGTRAP: SIG_DFL, sa_mask[0]=0x00000000, sa_flags=0x00000000


---------------  S Y S T E M  ---------------

OS:Ubuntu 15.04 (vivid)
uname:Linux 3.19.0-26-generic #28-Ubuntu SMP Tue Aug 11 14:16:32 UTC 2015 x86_64
libc:glibc 2.21 NPTL 2.21 
rlimit: STACK 8192k, CORE 0k, NPROC 31366, NOFILE 65536, AS infinity
load average:16.00 5.72 3.13

/proc/meminfo:
MemTotal:        8052020 kB
MemFree:          132012 kB
MemAvailable:     142988 kB
Buffers:            2568 kB
Cached:          1099300 kB
SwapCached:            0 kB
Active:          6703844 kB
Inactive:        1019132 kB
Active(anon):    6697904 kB
Inactive(anon):   880996 kB
Active(file):       5940 kB
Inactive(file):   138136 kB
Unevictable:          32 kB
Mlocked:              32 kB
SwapTotal:             0 kB
SwapFree:              0 kB
Dirty:               304 kB
Writeback:             0 kB
AnonPages:       6621436 kB
Mapped:           511024 kB
Shmem:            957496 kB
Slab:              87332 kB
SReclaimable:      46812 kB
SUnreclaim:        40520 kB
KernelStack:       12832 kB
PageTables:        54428 kB
NFS_Unstable:          0 kB
Bounce:                0 kB
WritebackTmp:          0 kB
CommitLimit:     4026008 kB
Committed_AS:   16495276 kB
VmallocTotal:   34359738367 kB
VmallocUsed:      358988 kB
VmallocChunk:   34359288512 kB
HardwareCorrupted:     0 kB
AnonHugePages:   3895296 kB
CmaTotal:              0 kB
CmaFree:               0 kB
HugePages_Total:       0
HugePages_Free:        0
HugePages_Rsvd:        0
HugePages_Surp:        0
Hugepagesize:       2048 kB
DirectMap4k:      154684 kB
DirectMap2M:     8110080 kB
DirectMap1G:           0 kB


CPU:total 4 (2 cores per cpu, 2 threads per core) family 6 model 60 stepping 3, cmov, cx8, fxsr, mmx, sse, sse2, sse3, ssse3, sse4.1, sse4.2, popcnt, avx, avx2, aes, erms, ht, tsc, tscinvbit

/proc/cpuinfo:
processor	: 0
vendor_id	: GenuineIntel
cpu family	: 6
model		: 60
model name	: Intel(R) Core(TM) i3-4150 CPU @ 3.50GHz
stepping	: 3
microcode	: 0x12
cpu MHz		: 3499.863
cache size	: 3072 KB
physical id	: 0
siblings	: 4
core id		: 0
cpu cores	: 2
apicid		: 0
initial apicid	: 0
fpu		: yes
fpu_exception	: yes
cpuid level	: 13
wp		: yes
flags		: fpu vme de pse tsc msr pae mce cx8 apic sep mtrr pge mca cmov pat pse36 clflush dts acpi mmx fxsr sse sse2 ss ht tm pbe syscall nx pdpe1gb rdtscp lm constant_tsc arch_perfmon pebs bts rep_good nopl xtopology nonstop_tsc aperfmperf eagerfpu pni pclmulqdq dtes64 monitor ds_cpl vmx est tm2 ssse3 fma cx16 xtpr pdcm pcid sse4_1 sse4_2 movbe popcnt tsc_deadline_timer aes xsave avx f16c rdrand lahf_lm abm arat pln pts dtherm tpr_shadow vnmi flexpriority ept vpid fsgsbase tsc_adjust bmi1 avx2 smep bmi2 erms invpcid xsaveopt
bugs		:
bogomips	: 6983.78
clflush size	: 64
cache_alignment	: 64
address sizes	: 39 bits physical, 48 bits virtual
power management:

processor	: 1
vendor_id	: GenuineIntel
cpu family	: 6
model		: 60
model name	: Intel(R) Core(TM) i3-4150 CPU @ 3.50GHz
stepping	: 3
microcode	: 0x12
cpu MHz		: 3500.000
cache size	: 3072 KB
physical id	: 0
siblings	: 4
core id		: 1
cpu cores	: 2
apicid		: 2
initial apicid	: 2
fpu		: yes
fpu_exception	: yes
cpuid level	: 13
wp		: yes
flags		: fpu vme de pse tsc msr pae mce cx8 apic sep mtrr pge mca cmov pat pse36 clflush dts acpi mmx fxsr sse sse2 ss ht tm pbe syscall nx pdpe1gb rdtscp lm constant_tsc arch_perfmon pebs bts rep_good nopl xtopology nonstop_tsc aperfmperf eagerfpu pni pclmulqdq dtes64 monitor ds_cpl vmx est tm2 ssse3 fma cx16 xtpr pdcm pcid sse4_1 sse4_2 movbe popcnt tsc_deadline_timer aes xsave avx f16c rdrand lahf_lm abm arat pln pts dtherm tpr_shadow vnmi flexpriority ept vpid fsgsbase tsc_adjust bmi1 avx2 smep bmi2 erms invpcid xsaveopt
bugs		:
bogomips	: 6983.78
clflush size	: 64
cache_alignment	: 64
address sizes	: 39 bits physical, 48 bits virtual
power management:

processor	: 2
vendor_id	: GenuineIntel
cpu family	: 6
model		: 60
model name	: Intel(R) Core(TM) i3-4150 CPU @ 3.50GHz
stepping	: 3
microcode	: 0x12
cpu MHz		: 3500.000
cache size	: 3072 KB
physical id	: 0
siblings	: 4
core id		: 0
cpu cores	: 2
apicid		: 1
initial apicid	: 1
fpu		: yes
fpu_exception	: yes
cpuid level	: 13
wp		: yes
flags		: fpu vme de pse tsc msr pae mce cx8 apic sep mtrr pge mca cmov pat pse36 clflush dts acpi mmx fxsr sse sse2 ss ht tm pbe syscall nx pdpe1gb rdtscp lm constant_tsc arch_perfmon pebs bts rep_good nopl xtopology nonstop_tsc aperfmperf eagerfpu pni pclmulqdq dtes64 monitor ds_cpl vmx est tm2 ssse3 fma cx16 xtpr pdcm pcid sse4_1 sse4_2 movbe popcnt tsc_deadline_timer aes xsave avx f16c rdrand lahf_lm abm arat pln pts dtherm tpr_shadow vnmi flexpriority ept vpid fsgsbase tsc_adjust bmi1 avx2 smep bmi2 erms invpcid xsaveopt
bugs		:
bogomips	: 6983.78
clflush size	: 64
cache_alignment	: 64
address sizes	: 39 bits physical, 48 bits virtual
power management:

processor	: 3
vendor_id	: GenuineIntel
cpu family	: 6
model		: 60
model name	: Intel(R) Core(TM) i3-4150 CPU @ 3.50GHz
stepping	: 3
microcode	: 0x12
cpu MHz		: 3500.000
cache size	: 3072 KB
physical id	: 0
siblings	: 4
core id		: 1
cpu cores	: 2
apicid		: 3
initial apicid	: 3
fpu		: yes
fpu_exception	: yes
cpuid level	: 13
wp		: yes
flags		: fpu vme de pse tsc msr pae mce cx8 apic sep mtrr pge mca cmov pat pse36 clflush dts acpi mmx fxsr sse sse2 ss ht tm pbe syscall nx pdpe1gb rdtscp lm constant_tsc arch_perfmon pebs bts rep_good nopl xtopology nonstop_tsc aperfmperf eagerfpu pni pclmulqdq dtes64 monitor ds_cpl vmx est tm2 ssse3 fma cx16 xtpr pdcm pcid sse4_1 sse4_2 movbe popcnt tsc_deadline_timer aes xsave avx f16c rdrand lahf_lm abm arat pln pts dtherm tpr_shadow vnmi flexpriority ept vpid fsgsbase tsc_adjust bmi1 avx2 smep bmi2 erms invpcid xsaveopt
bugs		:
bogomips	: 6983.78
clflush size	: 64
cache_alignment	: 64
address sizes	: 39 bits physical, 48 bits virtual
power management:



Memory: 4k page, physical 8052020k(132012k free), swap 0k(0k free)

vm_info: OpenJDK 64-Bit Server VM (24.79-b02) for linux-amd64 JRE (1.7.0_79-b14), built on Jul 24 2015 05:24:39 by "buildd" with gcc 4.9.2

time: Fri Jan  8 16:39:02 2016
elapsed time: 56 seconds

