#
# There is insufficient memory for the Java Runtime Environment to continue.
# Native memory allocation (malloc) failed to allocate 139460608 bytes for committing reserved memory.
# Possible reasons:
#   The system is out of physical RAM or swap space
#   In 32 bit mode, the process size limit was hit
# Possible solutions:
#   Reduce memory load on the system
#   Increase physical memory or swap space
#   Check if swap backing store is full
#   Use 64 bit Java on a 64 bit OS
#   Decrease Java heap size (-Xmx/-Xms)
#   Decrease number of Java threads
#   Decrease Java thread stack sizes (-Xss)
#   Set larger code cache with -XX:ReservedCodeCacheSize=
# This output file may be truncated or incomplete.
#
#  Out of Memory Error (os_linux.cpp:2809), pid=12477, tid=139624517818112
#
# JRE version: OpenJDK Runtime Environment (7.0_79-b14) (build 1.7.0_79-b14)
# Java VM: OpenJDK 64-Bit Server VM (24.79-b02 mixed mode linux-amd64 compressed oops)
# Derivative: IcedTea 2.5.6
# Distribution: Ubuntu 15.04, package 7u79-2.5.6-0ubuntu1.15.04.1
# Failed to write core dump. Core dumps have been disabled. To enable core dumping, try "ulimit -c unlimited" before starting Java again
#

---------------  T H R E A D  ---------------

Current thread (0x00007efce413e000):  VMThread [stack: 0x00007efcddb95000,0x00007efcddc96000] [id=12487]

Stack: [0x00007efcddb95000,0x00007efcddc96000],  sp=0x00007efcddc944e0,  free space=1021k
Native frames: (J=compiled Java code, j=interpreted, Vv=VM code, C=native code)
V  [libjvm.so+0x98a166]  VMError::report_and_die()+0x186
V  [libjvm.so+0x48f932]  report_vm_out_of_memory(char const*, int, unsigned long, char const*)+0x92
V  [libjvm.so+0x7fd56b]  os::pd_commit_memory(char*, unsigned long, unsigned long, bool)+0xeb
V  [libjvm.so+0x7f7c4e]  os::commit_memory(char*, unsigned long, unsigned long, bool)+0x2e
V  [libjvm.so+0x86a56b]  PSVirtualSpace::expand_by(unsigned long)+0x5b
V  [libjvm.so+0x86b413]  PSYoungGen::resize_generation(unsigned long, unsigned long)+0xd3
V  [libjvm.so+0x86bb2b]  PSYoungGen::resize(unsigned long, unsigned long)+0x1b
V  [libjvm.so+0x867539]  PSScavenge::invoke_no_policy()+0xdc9
V  [libjvm.so+0x867d18]  PSScavenge::invoke()+0x38
V  [libjvm.so+0x81fb73]  ParallelScavengeHeap::failed_mem_allocate(unsigned long)+0x63
V  [libjvm.so+0x98ba32]  VM_ParallelGCFailedAllocation::doit()+0x92
V  [libjvm.so+0x9902e7]  VM_Operation::evaluate()+0x47
V  [libjvm.so+0x98e8cb]  VMThread::evaluate_operation(VM_Operation*)+0xab
V  [libjvm.so+0x98ef76]  VMThread::loop()+0x1e6
V  [libjvm.so+0x98f441]  VMThread::run()+0x81
V  [libjvm.so+0x7fa492]  java_start(Thread*)+0xf2

VM_Operation (0x00007efceb053e00): ParallelGCFailedAllocation, mode: safepoint, requested by thread 0x00007efce400b000


---------------  P R O C E S S  ---------------

Java Threads: ( => current thread )
  0x00007efce41d2000 JavaThread "Service Thread" daemon [_thread_blocked, id=12493, stack(0x00007efcdc348000,0x00007efcdc449000)]
  0x00007efce41c8800 JavaThread "C2 CompilerThread1" daemon [_thread_blocked, id=12492, stack(0x00007efcdc449000,0x00007efcdc54a000)]
  0x00007efce41c6800 JavaThread "C2 CompilerThread0" daemon [_thread_blocked, id=12491, stack(0x00007efcdc54a000,0x00007efcdc64b000)]
  0x00007efce416f800 JavaThread "Signal Dispatcher" daemon [_thread_blocked, id=12490, stack(0x00007efcdd1b0000,0x00007efcdd2b1000)]
  0x00007efce4144800 JavaThread "Finalizer" daemon [_thread_blocked, id=12489, stack(0x00007efcdd993000,0x00007efcdda94000)]
  0x00007efce4142800 JavaThread "Reference Handler" daemon [_thread_blocked, id=12488, stack(0x00007efcdda94000,0x00007efcddb95000)]
  0x00007efce400b000 JavaThread "main" [_thread_blocked, id=12482, stack(0x00007efceaf55000,0x00007efceb056000)]

Other Threads:
=>0x00007efce413e000 VMThread [stack: 0x00007efcddb95000,0x00007efcddc96000] [id=12487]
  0x00007efce41e4800 WatcherThread [stack: 0x00007efcdc247000,0x00007efcdc348000] [id=12494]

VM state:at safepoint (normal execution)

VM Mutex/Monitor currently owned by a thread:  ([mutex/lock_event])
[0x00007efce4007990] Threads_lock - owner thread: 0x00007efce413e000
[0x00007efce4007e90] Heap_lock - owner thread: 0x00007efce400b000

Heap
 PSYoungGen      total 820736K, used 211955K [0x00000007aaa80000, 0x00000007efb80000, 0x0000000800000000)
  eden space 608768K, 0% used [0x00000007aaa80000,0x00000007aaa80000,0x00000007cfd00000)
  from space 211968K, 99% used [0x00000007e2c80000,0x00000007efb7ce10,0x00000007efb80000)
  to   space 166400K, 0% used [0x00000007cfd00000,0x00000007cfd00000,0x00000007d9f80000)
 ParOldGen       total 659968K, used 532137K [0x0000000700000000, 0x0000000728480000, 0x00000007aaa80000)
  object space 659968K, 80% used [0x0000000700000000,0x00000007207aa688,0x0000000728480000)
 PSPermGen       total 21504K, used 6381K [0x00000006f5a00000, 0x00000006f6f00000, 0x0000000700000000)
  object space 21504K, 29% used [0x00000006f5a00000,0x00000006f603b7f0,0x00000006f6f00000)

Card table byte_map: [0x00007efcdff70000,0x00007efce07c4000] byte_map_base: 0x00007efcdc7c3000

Polling page: 0x00007efceb079000

Code Cache  [0x00007efce07c4000, 0x00007efce0bc4000, 0x00007efce37c4000)
 total_blobs=1374 nmethods=1144 adapters=183 free_code_cache=45192Kb largest_free_block=46179904

Compilation events (10 events):
Event: 18.541 Thread 0x00007efce41c8800 1195   !         com.android.dx.cf.code.BytecodeArray::parseInstruction (2764 bytes)
Event: 18.544 Thread 0x00007efce41c6800 1196             com.android.dx.util.ByteArray::getShort (25 bytes)
Event: 18.545 Thread 0x00007efce41c6800 nmethod 1196 0x00007efce0b8ba90 code [0x00007efce0b8bbe0, 0x00007efce0b8bcf8]
Event: 18.654 Thread 0x00007efce41c8800 nmethod 1195 0x00007efce0babe10 code [0x00007efce0bad420, 0x00007efce0bb32e8]
Event: 18.703 Thread 0x00007efce41c6800 1197             com.android.dx.util.BitIntSet$1::next (42 bytes)
Event: 18.704 Thread 0x00007efce41c6800 nmethod 1197 0x00007efce0b41c10 code [0x00007efce0b41d60, 0x00007efce0b41f38]
Event: 18.726 Thread 0x00007efce41c8800 1198             com.android.dx.dex.file.DexFile::getFieldIds (5 bytes)
Event: 18.726 Thread 0x00007efce41c8800 nmethod 1198 0x00007efce0b41a10 code [0x00007efce0b41b40, 0x00007efce0b41bb8]
Event: 18.770 Thread 0x00007efce41c6800 1199             com.android.dx.cf.direct.StdAttributeFactory::parse0 (532 bytes)
Event: 18.795 Thread 0x00007efce41c6800 nmethod 1199 0x00007efce0ba5810 code [0x00007efce0ba5de0, 0x00007efce0ba82b0]

GC Heap History (10 events):
Event: 13.380 GC heap after
Heap after GC invocations=19 (full 3):
 PSYoungGen      total 634368K, used 102379K [0x00000007aaa80000, 0x00000007dee00000, 0x0000000800000000)
  eden space 531968K, 0% used [0x00000007aaa80000,0x00000007aaa80000,0x00000007cb200000)
  from space 102400K, 99% used [0x00000007d3700000,0x00000007d9afae78,0x00000007d9b00000)
  to   space 136192K, 0% used [0x00000007cb200000,0x00000007cb200000,0x00000007d3700000)
 ParOldGen       total 426496K, used 301555K [0x0000000700000000, 0x000000071a080000, 0x00000007aaa80000)
  object space 426496K, 70% used [0x0000000700000000,0x000000071267ce00,0x000000071a080000)
 PSPermGen       total 21504K, used 6262K [0x00000006f5a00000, 0x00000006f6f00000, 0x0000000700000000)
  object space 21504K, 29% used [0x00000006f5a00000,0x00000006f601d9b8,0x00000006f6f00000)
}
Event: 14.225 GC heap before
{Heap before GC invocations=20 (full 3):
 PSYoungGen      total 634368K, used 634347K [0x00000007aaa80000, 0x00000007dee00000, 0x0000000800000000)
  eden space 531968K, 100% used [0x00000007aaa80000,0x00000007cb200000,0x00000007cb200000)
  from space 102400K, 99% used [0x00000007d3700000,0x00000007d9afae78,0x00000007d9b00000)
  to   space 136192K, 0% used [0x00000007cb200000,0x00000007cb200000,0x00000007d3700000)
 ParOldGen       total 426496K, used 301555K [0x0000000700000000, 0x000000071a080000, 0x00000007aaa80000)
  object space 426496K, 70% used [0x0000000700000000,0x000000071267ce00,0x000000071a080000)
 PSPermGen       total 21504K, used 6276K [0x00000006f5a00000, 0x00000006f6f00000, 0x0000000700000000)
  object space 21504K, 29% used [0x00000006f5a00000,0x00000006f60210b0,0x00000006f6f00000)
Event: 14.429 GC heap after
Heap after GC invocations=20 (full 3):
 PSYoungGen      total 668160K, used 121112K [0x00000007aaa80000, 0x00000007e3500000, 0x0000000800000000)
  eden space 531968K, 0% used [0x00000007aaa80000,0x00000007aaa80000,0x00000007cb200000)
  from space 136192K, 88% used [0x00000007cb200000,0x00000007d2846238,0x00000007d3700000)
  to   space 153088K, 0% used [0x00000007d9f80000,0x00000007d9f80000,0x00000007e3500000)
 ParOldGen       total 426496K, used 367756K [0x0000000700000000, 0x000000071a080000, 0x00000007aaa80000)
  object space 426496K, 86% used [0x0000000700000000,0x0000000716723368,0x000000071a080000)
 PSPermGen       total 21504K, used 6276K [0x00000006f5a00000, 0x00000006f6f00000, 0x0000000700000000)
  object space 21504K, 29% used [0x00000006f5a00000,0x00000006f60210b0,0x00000006f6f00000)
}
Event: 14.429 GC heap before
{Heap before GC invocations=21 (full 4):
 PSYoungGen      total 668160K, used 121112K [0x00000007aaa80000, 0x00000007e3500000, 0x0000000800000000)
  eden space 531968K, 0% used [0x00000007aaa80000,0x00000007aaa80000,0x00000007cb200000)
  from space 136192K, 88% used [0x00000007cb200000,0x00000007d2846238,0x00000007d3700000)
  to   space 153088K, 0% used [0x00000007d9f80000,0x00000007d9f80000,0x00000007e3500000)
 ParOldGen       total 426496K, used 367756K [0x0000000700000000, 0x000000071a080000, 0x00000007aaa80000)
  object space 426496K, 86% used [0x0000000700000000,0x0000000716723368,0x000000071a080000)
 PSPermGen       total 21504K, used 6276K [0x00000006f5a00000, 0x00000006f6f00000, 0x0000000700000000)
  object space 21504K, 29% used [0x00000006f5a00000,0x00000006f60210b0,0x00000006f6f00000)
Event: 15.657 GC heap after
Heap after GC invocations=21 (full 4):
 PSYoungGen      total 668160K, used 58237K [0x00000007aaa80000, 0x00000007e3500000, 0x0000000800000000)
  eden space 531968K, 0% used [0x00000007aaa80000,0x00000007aaa80000,0x00000007cb200000)
  from space 136192K, 42% used [0x00000007cb200000,0x00000007ceadf6a8,0x00000007d3700000)
  to   space 153088K, 0% used [0x00000007d9f80000,0x00000007d9f80000,0x00000007e3500000)
 ParOldGen       total 659968K, used 426486K [0x0000000700000000, 0x0000000728480000, 0x00000007aaa80000)
  object space 659968K, 64% used [0x0000000700000000,0x000000071a07d928,0x0000000728480000)
 PSPermGen       total 21504K, used 6275K [0x00000006f5a00000, 0x00000006f6f00000, 0x0000000700000000)
  object space 21504K, 29% used [0x00000006f5a00000,0x00000006f6020f90,0x00000006f6f00000)
}
Event: 16.512 GC heap before
{Heap before GC invocations=22 (full 4):
 PSYoungGen      total 668160K, used 590205K [0x00000007aaa80000, 0x00000007e3500000, 0x0000000800000000)
  eden space 531968K, 100% used [0x00000007aaa80000,0x00000007cb200000,0x00000007cb200000)
  from space 136192K, 42% used [0x00000007cb200000,0x00000007ceadf6a8,0x00000007d3700000)
  to   space 153088K, 0% used [0x00000007d9f80000,0x00000007d9f80000,0x00000007e3500000)
 ParOldGen       total 659968K, used 426486K [0x0000000700000000, 0x0000000728480000, 0x00000007aaa80000)
  object space 659968K, 64% used [0x0000000700000000,0x000000071a07d928,0x0000000728480000)
 PSPermGen       total 21504K, used 6276K [0x00000006f5a00000, 0x00000006f6f00000, 0x0000000700000000)
  object space 21504K, 29% used [0x00000006f5a00000,0x00000006f6021288,0x00000006f6f00000)
Event: 16.751 GC heap after
Heap after GC invocations=22 (full 4):
 PSYoungGen      total 761856K, used 121881K [0x00000007aaa80000, 0x00000007e4500000, 0x0000000800000000)
  eden space 608768K, 0% used [0x00000007aaa80000,0x00000007aaa80000,0x00000007cfd00000)
  from space 153088K, 79% used [0x00000007d9f80000,0x00000007e1686728,0x00000007e3500000)
  to   space 166400K, 0% used [0x00000007cfd00000,0x00000007cfd00000,0x00000007d9f80000)
 ParOldGen       total 659968K, used 426486K [0x0000000700000000, 0x0000000728480000, 0x00000007aaa80000)
  object space 659968K, 64% used [0x0000000700000000,0x000000071a07d928,0x0000000728480000)
 PSPermGen       total 21504K, used 6276K [0x00000006f5a00000, 0x00000006f6f00000, 0x0000000700000000)
  object space 21504K, 29% used [0x00000006f5a00000,0x00000006f6021288,0x00000006f6f00000)
}
Event: 17.749 GC heap before
{Heap before GC invocations=23 (full 4):
 PSYoungGen      total 761856K, used 730649K [0x00000007aaa80000, 0x00000007e4500000, 0x0000000800000000)
  eden space 608768K, 100% used [0x00000007aaa80000,0x00000007cfd00000,0x00000007cfd00000)
  from space 153088K, 79% used [0x00000007d9f80000,0x00000007e1686728,0x00000007e3500000)
  to   space 166400K, 0% used [0x00000007cfd00000,0x00000007cfd00000,0x00000007d9f80000)
 ParOldGen       total 659968K, used 426486K [0x0000000700000000, 0x0000000728480000, 0x00000007aaa80000)
  object space 659968K, 64% used [0x0000000700000000,0x000000071a07d928,0x0000000728480000)
 PSPermGen       total 21504K, used 6284K [0x00000006f5a00000, 0x00000006f6f00000, 0x0000000700000000)
  object space 21504K, 29% used [0x00000006f5a00000,0x00000006f6023010,0x00000006f6f00000)
Event: 17.971 GC heap after
Heap after GC invocations=23 (full 4):
 PSYoungGen      total 775168K, used 166386K [0x00000007aaa80000, 0x00000007efb80000, 0x0000000800000000)
  eden space 608768K, 0% used [0x00000007aaa80000,0x00000007aaa80000,0x00000007cfd00000)
  from space 166400K, 99% used [0x00000007cfd00000,0x00000007d9f7cb70,0x00000007d9f80000)
  to   space 211968K, 0% used [0x00000007e2c80000,0x00000007e2c80000,0x00000007efb80000)
 ParOldGen       total 659968K, used 477192K [0x0000000700000000, 0x0000000728480000, 0x00000007aaa80000)
  object space 659968K, 72% used [0x0000000700000000,0x000000071d202028,0x0000000728480000)
 PSPermGen       total 21504K, used 6284K [0x00000006f5a00000, 0x00000006f6f00000, 0x0000000700000000)
  object space 21504K, 29% used [0x00000006f5a00000,0x00000006f6023010,0x00000006f6f00000)
}
Event: 19.005 GC heap before
{Heap before GC invocations=24 (full 4):
 PSYoungGen      total 775168K, used 775154K [0x00000007aaa80000, 0x00000007efb80000, 0x0000000800000000)
  eden space 608768K, 100% used [0x00000007aaa80000,0x00000007cfd00000,0x00000007cfd00000)
  from space 166400K, 99% used [0x00000007cfd00000,0x00000007d9f7cb70,0x00000007d9f80000)
  to   space 211968K, 0% used [0x00000007e2c80000,0x00000007e2c80000,0x00000007efb80000)
 ParOldGen       total 659968K, used 477192K [0x0000000700000000, 0x0000000728480000, 0x00000007aaa80000)
  object space 659968K, 72% used [0x0000000700000000,0x000000071d202028,0x0000000728480000)
 PSPermGen       total 21504K, used 6381K [0x00000006f5a00000, 0x00000006f6f00000, 0x0000000700000000)
  object space 21504K, 29% used [0x00000006f5a00000,0x00000006f603b7f0,0x00000006f6f00000)

Deoptimization events (10 events):
Event: 16.379 Thread 0x00007efce400b000 Uncommon trap: reason=bimorphic action=maybe_recompile pc=0x00007efce0b53098 method=com.android.dx.cf.code.BytecodeArray.parseInstruction(ILcom/android/dx/cf/code/BytecodeArray$Visitor;)I @ 1867
Event: 16.379 Thread 0x00007efce400b000 Uncommon trap: reason=bimorphic action=maybe_recompile pc=0x00007efce0b53098 method=com.android.dx.cf.code.BytecodeArray.parseInstruction(ILcom/android/dx/cf/code/BytecodeArray$Visitor;)I @ 1867
Event: 16.762 Thread 0x00007efce400b000 Uncommon trap: reason=class_check action=maybe_recompile pc=0x00007efce0a08d84 method=com.android.dx.ssa.back.FirstFitLocalCombiningAllocator.findNextUnreservedRopReg(IILcom/android/dx/ssa/back/FirstFitLocalCombiningAllocator$Alignment;)I @ 60
Event: 18.160 Thread 0x00007efce400b000 Uncommon trap: reason=unreached action=reinterpret pc=0x00007efce0b44a50 method=com.android.dx.cf.direct.StdAttributeFactory.parse0(Lcom/android/dx/cf/direct/DirectClassFile;ILjava/lang/String;IILcom/android/dx/cf/iface/ParseObserver;)Lcom/android/dx/cf/i
Event: 18.160 Thread 0x00007efce400b000 Uncommon trap: reason=unreached action=reinterpret pc=0x00007efce0a6fa54 method=com.android.dx.dex.cf.AttributeTranslator.translateInnerClasses(Lcom/android/dx/rop/cst/CstType;Lcom/android/dx/cf/iface/AttributeList;Z)Lcom/android/dx/rop/annotation/Annotat
Event: 18.191 Thread 0x00007efce400b000 Uncommon trap: reason=unloaded action=reinterpret pc=0x00007efce0a802a0 method=com.android.dx.dex.cf.AttributeTranslator.getClassAnnotations(Lcom/android/dx/cf/direct/DirectClassFile;Lcom/android/dx/dex/cf/CfOptions;)Lcom/android/dx/rop/annotation/Annotat
Event: 18.533 Thread 0x00007efce400b000 Uncommon trap: reason=bimorphic action=maybe_recompile pc=0x00007efce0ab5974 method=com.android.dx.cf.code.BytecodeArray.parseInstruction(ILcom/android/dx/cf/code/BytecodeArray$Visitor;)I @ 1083
Event: 18.533 Thread 0x00007efce400b000 Uncommon trap: reason=bimorphic action=maybe_recompile pc=0x00007efce0ab5974 method=com.android.dx.cf.code.BytecodeArray.parseInstruction(ILcom/android/dx/cf/code/BytecodeArray$Visitor;)I @ 1083
Event: 18.918 Thread 0x00007efce400b000 Uncommon trap: reason=unreached action=reinterpret pc=0x00007efce0a1a538 method=com.android.dx.dex.code.OutputFinisher.hasLocalInfo(Lcom/android/dx/rop/code/RegisterSpec;)Z @ 1
Event: 19.002 Thread 0x00007efce400b000 Uncommon trap: reason=class_check action=maybe_recompile pc=0x00007efce0981040 method=com.android.dx.ssa.SCCP.replaceConstants()V @ 182

Internal exceptions (10 events):
Event: 6.307 Thread 0x00007efce400b000 Implicit null exception at 0x00007efce0a5b0a0 to 0x00007efce0a5b28d
Event: 6.308 Thread 0x00007efce400b000 Implicit null exception at 0x00007efce09697ec to 0x00007efce09699bd
Event: 6.308 Thread 0x00007efce400b000 Implicit null exception at 0x00007efce0935cf8 to 0x00007efce0935e51
Event: 6.562 Thread 0x00007efce400b000 Threw 0x00000007aca71cb0 at /build/openjdk-7-yI9zWD/openjdk-7-7u79-2.5.6/build/openjdk/hotspot/src/share/vm/prims/jvm.cpp:1284
Event: 6.569 Thread 0x00007efce400b000 Threw 0x00000007acb51fc8 at /build/openjdk-7-yI9zWD/openjdk-7-7u79-2.5.6/build/openjdk/hotspot/src/share/vm/prims/jvm.cpp:1284
Event: 11.631 Thread 0x00007efce400b000 Threw 0x00000007b3a2f960 at /build/openjdk-7-yI9zWD/openjdk-7-7u79-2.5.6/build/openjdk/hotspot/src/share/vm/prims/jvm.cpp:1284
Event: 11.790 Thread 0x00007efce400b000 Implicit null exception at 0x00007efce0957799 to 0x00007efce0958199
Event: 11.828 Thread 0x00007efce400b000 Implicit null exception at 0x00007efce0986a23 to 0x00007efce0987c35
Event: 16.373 Thread 0x00007efce400b000 Implicit null exception at 0x00007efce08e690c to 0x00007efce08e6a0e
Event: 18.918 Thread 0x00007efce400b000 Implicit null exception at 0x00007efce0a1a4ec to 0x00007efce0a1a529

Events (10 events):
Event: 18.533 Thread 0x00007efce400b000 DEOPT UNPACKING pc=0x00007efce07fd445 sp=0x00007efceb053ed8 mode 2
Event: 18.546 Thread 0x00007efce41c6800 flushing nmethod 0x00007efce0b2cb50
Event: 18.546 Thread 0x00007efce41c6800 flushing nmethod 0x00007efce0b49a10
Event: 18.918 Thread 0x00007efce400b000 Uncommon trap: trap_request=0xffffffad fr.pc=0x00007efce0a1a538
Event: 18.918 Thread 0x00007efce400b000 DEOPT PACKING pc=0x00007efce0a1a538 sp=0x00007efceb0540f0
Event: 18.918 Thread 0x00007efce400b000 DEOPT UNPACKING pc=0x00007efce07fd445 sp=0x00007efceb0540b0 mode 2
Event: 19.002 Thread 0x00007efce400b000 Uncommon trap: trap_request=0xffffffde fr.pc=0x00007efce0981040
Event: 19.002 Thread 0x00007efce400b000 DEOPT PACKING pc=0x00007efce0981040 sp=0x00007efceb0541f0
Event: 19.002 Thread 0x00007efce400b000 DEOPT UNPACKING pc=0x00007efce07fd445 sp=0x00007efceb054168 mode 2
Event: 19.005 Executing VM operation: ParallelGCFailedAllocation


Dynamic libraries:
00400000-00401000 r-xp 00000000 08:01 20712222                           /usr/lib/jvm/java-7-openjdk-amd64/jre/bin/java
00600000-00601000 r--p 00000000 08:01 20712222                           /usr/lib/jvm/java-7-openjdk-amd64/jre/bin/java
00601000-00602000 rw-p 00001000 08:01 20712222                           /usr/lib/jvm/java-7-openjdk-amd64/jre/bin/java
00eee000-00f0f000 rw-p 00000000 00:00 0                                  [heap]
6f5a00000-6f6f00000 rw-p 00000000 00:00 0 
6f6f00000-700000000 rw-p 00000000 00:00 0 
700000000-728480000 rw-p 00000000 00:00 0 
728480000-7aaa80000 rw-p 00000000 00:00 0 
7aaa80000-7efb80000 rw-p 00000000 00:00 0 
7f8080000-800000000 rw-p 00000000 00:00 0 
7efc98000000-7efc98021000 rw-p 00000000 00:00 0 
7efc98021000-7efc9c000000 ---p 00000000 00:00 0 
7efca0000000-7efca13dc000 rw-p 00000000 00:00 0 
7efca13dc000-7efca4000000 ---p 00000000 00:00 0 
7efca4000000-7efca4021000 rw-p 00000000 00:00 0 
7efca4021000-7efca8000000 ---p 00000000 00:00 0 
7efca8000000-7efca8021000 rw-p 00000000 00:00 0 
7efca8021000-7efcac000000 ---p 00000000 00:00 0 
7efcac000000-7efcad8d5000 rw-p 00000000 00:00 0 
7efcad8d5000-7efcb0000000 ---p 00000000 00:00 0 
7efcb0000000-7efcb0021000 rw-p 00000000 00:00 0 
7efcb0021000-7efcb4000000 ---p 00000000 00:00 0 
7efcb4000000-7efcb4021000 rw-p 00000000 00:00 0 
7efcb4021000-7efcb8000000 ---p 00000000 00:00 0 
7efcb8000000-7efcb8241000 rw-p 00000000 00:00 0 
7efcb8241000-7efcbc000000 ---p 00000000 00:00 0 
7efcbfad0000-7efcc8000000 rw-p 00000000 00:00 0 
7efcc8000000-7efcc8021000 rw-p 00000000 00:00 0 
7efcc8021000-7efccc000000 ---p 00000000 00:00 0 
7efcce53b000-7efcce83c000 rw-p 00000000 00:00 0 
7efcce83c000-7efcce8a8000 r-xp 00000000 08:01 22020192                   /lib/x86_64-linux-gnu/libpcre.so.3.13.1
7efcce8a8000-7efcceaa7000 ---p 0006c000 08:01 22020192                   /lib/x86_64-linux-gnu/libpcre.so.3.13.1
7efcceaa7000-7efcceaa8000 r--p 0006b000 08:01 22020192                   /lib/x86_64-linux-gnu/libpcre.so.3.13.1
7efcceaa8000-7efcceaa9000 rw-p 0006c000 08:01 22020192                   /lib/x86_64-linux-gnu/libpcre.so.3.13.1
7efcceaa9000-7efcceab0000 r-xp 00000000 08:01 20455638                   /usr/lib/x86_64-linux-gnu/libffi.so.6.0.4
7efcceab0000-7efccecaf000 ---p 00007000 08:01 20455638                   /usr/lib/x86_64-linux-gnu/libffi.so.6.0.4
7efccecaf000-7efccecb0000 r--p 00006000 08:01 20455638                   /usr/lib/x86_64-linux-gnu/libffi.so.6.0.4
7efccecb0000-7efccecb1000 rw-p 00007000 08:01 20455638                   /usr/lib/x86_64-linux-gnu/libffi.so.6.0.4
7efccecb1000-7efccecc8000 r-xp 00000000 08:01 22024473                   /lib/x86_64-linux-gnu/libresolv-2.21.so
7efccecc8000-7efcceec8000 ---p 00017000 08:01 22024473                   /lib/x86_64-linux-gnu/libresolv-2.21.so
7efcceec8000-7efcceeca000 r--p 00017000 08:01 22024473                   /lib/x86_64-linux-gnu/libresolv-2.21.so
7efcceeca000-7efcceecb000 rw-p 00019000 08:01 22024473                   /lib/x86_64-linux-gnu/libresolv-2.21.so
7efcceecb000-7efcceecd000 rw-p 00000000 00:00 0 
7efcceecd000-7efcceeee000 r-xp 00000000 08:01 22024477                   /lib/x86_64-linux-gnu/libselinux.so.1
7efcceeee000-7efccf0ed000 ---p 00021000 08:01 22024477                   /lib/x86_64-linux-gnu/libselinux.so.1
7efccf0ed000-7efccf0ee000 r--p 00020000 08:01 22024477                   /lib/x86_64-linux-gnu/libselinux.so.1
7efccf0ee000-7efccf0ef000 rw-p 00021000 08:01 22024477                   /lib/x86_64-linux-gnu/libselinux.so.1
7efccf0ef000-7efccf0f1000 rw-p 00000000 00:00 0 
7efccf0f1000-7efccf0f4000 r-xp 00000000 08:01 20447655                   /usr/lib/x86_64-linux-gnu/libgmodule-2.0.so.0.4400.1
7efccf0f4000-7efccf2f3000 ---p 00003000 08:01 20447655                   /usr/lib/x86_64-linux-gnu/libgmodule-2.0.so.0.4400.1
7efccf2f3000-7efccf2f4000 r--p 00002000 08:01 20447655                   /usr/lib/x86_64-linux-gnu/libgmodule-2.0.so.0.4400.1
7efccf2f4000-7efccf2f5000 rw-p 00003000 08:01 20447655                   /usr/lib/x86_64-linux-gnu/libgmodule-2.0.so.0.4400.1
7efccf2f5000-7efccf402000 r-xp 00000000 08:01 22024241                   /lib/x86_64-linux-gnu/libglib-2.0.so.0.4400.1
7efccf402000-7efccf601000 ---p 0010d000 08:01 22024241                   /lib/x86_64-linux-gnu/libglib-2.0.so.0.4400.1
7efccf601000-7efccf602000 r--p 0010c000 08:01 22024241                   /lib/x86_64-linux-gnu/libglib-2.0.so.0.4400.1
7efccf602000-7efccf603000 rw-p 0010d000 08:01 22024241                   /lib/x86_64-linux-gnu/libglib-2.0.so.0.4400.1
7efccf603000-7efccf604000 rw-p 00000000 00:00 0 
7efccf604000-7efccf654000 r-xp 00000000 08:01 20447615                   /usr/lib/x86_64-linux-gnu/libgobject-2.0.so.0.4400.1
7efccf654000-7efccf854000 ---p 00050000 08:01 20447615                   /usr/lib/x86_64-linux-gnu/libgobject-2.0.so.0.4400.1
7efccf854000-7efccf855000 r--p 00050000 08:01 20447615                   /usr/lib/x86_64-linux-gnu/libgobject-2.0.so.0.4400.1
7efccf855000-7efccf856000 rw-p 00051000 08:01 20447615                   /usr/lib/x86_64-linux-gnu/libgobject-2.0.so.0.4400.1
7efccf856000-7efccf9ce000 r-xp 00000000 08:01 20447637                   /usr/lib/x86_64-linux-gnu/libgio-2.0.so.0.4400.1
7efccf9ce000-7efccfbce000 ---p 00178000 08:01 20447637                   /usr/lib/x86_64-linux-gnu/libgio-2.0.so.0.4400.1
7efccfbce000-7efccfbd2000 r--p 00178000 08:01 20447637                   /usr/lib/x86_64-linux-gnu/libgio-2.0.so.0.4400.1
7efccfbd2000-7efccfbd4000 rw-p 0017c000 08:01 20447637                   /usr/lib/x86_64-linux-gnu/libgio-2.0.so.0.4400.1
7efccfbd4000-7efccfbd6000 rw-p 00000000 00:00 0 
7efccfbd6000-7efccfbed000 r-xp 00000000 08:01 20587083                   /usr/lib/jvm/java-7-openjdk-amd64/jre/lib/amd64/libnet.so
7efccfbed000-7efccfdec000 ---p 00017000 08:01 20587083                   /usr/lib/jvm/java-7-openjdk-amd64/jre/lib/amd64/libnet.so
7efccfdec000-7efccfded000 r--p 00016000 08:01 20587083                   /usr/lib/jvm/java-7-openjdk-amd64/jre/lib/amd64/libnet.so
7efccfded000-7efccfdee000 rw-p 00017000 08:01 20587083                   /usr/lib/jvm/java-7-openjdk-amd64/jre/lib/amd64/libnet.so
7efccfdee000-7efccfdff000 r-xp 00000000 08:01 20587088                   /usr/lib/jvm/java-7-openjdk-amd64/jre/lib/amd64/libnio.so
7efccfdff000-7efccfffe000 ---p 00011000 08:01 20587088                   /usr/lib/jvm/java-7-openjdk-amd64/jre/lib/amd64/libnio.so
7efccfffe000-7efccffff000 r--p 00010000 08:01 20587088                   /usr/lib/jvm/java-7-openjdk-amd64/jre/lib/amd64/libnio.so
7efccffff000-7efcd0000000 rw-p 00011000 08:01 20587088                   /usr/lib/jvm/java-7-openjdk-amd64/jre/lib/amd64/libnio.so
7efcd0000000-7efcd0021000 rw-p 00000000 00:00 0 
7efcd0021000-7efcd4000000 ---p 00000000 00:00 0 
7efcd4000000-7efcd4021000 rw-p 00000000 00:00 0 
7efcd4021000-7efcd8000000 ---p 00000000 00:00 0 
7efcd8000000-7efcd8021000 rw-p 00000000 00:00 0 
7efcd8021000-7efcdc000000 ---p 00000000 00:00 0 
7efcdc17d000-7efcdc247000 r--s 00920000 08:01 26871697                   /home/sharan/AndroidStudioProjects/Muser/muser/build/intermediates/multi-dex/debug/allclasses.jar
7efcdc247000-7efcdc248000 ---p 00000000 00:00 0 
7efcdc248000-7efcdc348000 rw-p 00000000 00:00 0                          [stack:12494]
7efcdc348000-7efcdc34b000 ---p 00000000 00:00 0 
7efcdc34b000-7efcdc449000 rw-p 00000000 00:00 0                          [stack:12493]
7efcdc449000-7efcdc44c000 ---p 00000000 00:00 0 
7efcdc44c000-7efcdc54a000 rw-p 00000000 00:00 0                          [stack:12492]
7efcdc54a000-7efcdc54d000 ---p 00000000 00:00 0 
7efcdc54d000-7efcdc64b000 rw-p 00000000 00:00 0                          [stack:12491]
7efcdc64b000-7efcdc650000 r-xp 00000000 08:01 20455330                   /usr/lib/x86_64-linux-gnu/libXdmcp.so.6.0.0
7efcdc650000-7efcdc84f000 ---p 00005000 08:01 20455330                   /usr/lib/x86_64-linux-gnu/libXdmcp.so.6.0.0
7efcdc84f000-7efcdc850000 r--p 00004000 08:01 20455330                   /usr/lib/x86_64-linux-gnu/libXdmcp.so.6.0.0
7efcdc850000-7efcdc851000 rw-p 00005000 08:01 20455330                   /usr/lib/x86_64-linux-gnu/libXdmcp.so.6.0.0
7efcdc851000-7efcdc853000 r-xp 00000000 08:01 20455319                   /usr/lib/x86_64-linux-gnu/libXau.so.6.0.0
7efcdc853000-7efcdca53000 ---p 00002000 08:01 20455319                   /usr/lib/x86_64-linux-gnu/libXau.so.6.0.0
7efcdca53000-7efcdca54000 r--p 00002000 08:01 20455319                   /usr/lib/x86_64-linux-gnu/libXau.so.6.0.0
7efcdca54000-7efcdca55000 rw-p 00003000 08:01 20455319                   /usr/lib/x86_64-linux-gnu/libXau.so.6.0.0
7efcdca55000-7efcdca72000 r-xp 00000000 08:01 20456517                   /usr/lib/x86_64-linux-gnu/libxcb.so.1.1.0
7efcdca72000-7efcdcc72000 ---p 0001d000 08:01 20456517                   /usr/lib/x86_64-linux-gnu/libxcb.so.1.1.0
7efcdcc72000-7efcdcc73000 r--p 0001d000 08:01 20456517                   /usr/lib/x86_64-linux-gnu/libxcb.so.1.1.0
7efcdcc73000-7efcdcc74000 rw-p 0001e000 08:01 20456517                   /usr/lib/x86_64-linux-gnu/libxcb.so.1.1.0
7efcdcc74000-7efcdcda7000 r-xp 00000000 08:01 20455315                   /usr/lib/x86_64-linux-gnu/libX11.so.6.3.0
7efcdcda7000-7efcdcfa7000 ---p 00133000 08:01 20455315                   /usr/lib/x86_64-linux-gnu/libX11.so.6.3.0
7efcdcfa7000-7efcdcfa8000 r--p 00133000 08:01 20455315                   /usr/lib/x86_64-linux-gnu/libX11.so.6.3.0
7efcdcfa8000-7efcdcfac000 rw-p 00134000 08:01 20455315                   /usr/lib/x86_64-linux-gnu/libX11.so.6.3.0
7efcdcfac000-7efcdcfad000 rw-p 00000000 00:00 0 
7efcdcfad000-7efcdcfaf000 r-xp 00000000 08:01 20452766                   /usr/lib/jayatana/libjayatanaag.so
7efcdcfaf000-7efcdd1ae000 ---p 00002000 08:01 20452766                   /usr/lib/jayatana/libjayatanaag.so
7efcdd1ae000-7efcdd1af000 r--p 00001000 08:01 20452766                   /usr/lib/jayatana/libjayatanaag.so
7efcdd1af000-7efcdd1b0000 rw-p 00002000 08:01 20452766                   /usr/lib/jayatana/libjayatanaag.so
7efcdd1b0000-7efcdd1b3000 ---p 00000000 00:00 0 
7efcdd1b3000-7efcdd2b1000 rw-p 00000000 00:00 0                          [stack:12490]
7efcdd2b1000-7efcdd993000 r--p 00000000 08:01 20454393                   /usr/lib/locale/locale-archive
7efcdd993000-7efcdd996000 ---p 00000000 00:00 0 
7efcdd996000-7efcdda94000 rw-p 00000000 00:00 0                          [stack:12489]
7efcdda94000-7efcdda97000 ---p 00000000 00:00 0 
7efcdda97000-7efcddb95000 rw-p 00000000 00:00 0                          [stack:12488]
7efcddb95000-7efcddb96000 ---p 00000000 00:00 0 
7efcddb96000-7efcdebee000 rw-p 00000000 00:00 0                          [stack:12487]
7efcdebee000-7efcded9f000 r--s 01d29000 08:01 20587021                   /usr/lib/jvm/java-7-openjdk-amd64/jre/lib/rt.jar
7efcded9f000-7efcdf717000 rw-p 00000000 00:00 0 
7efcdf717000-7efcdf718000 ---p 00000000 00:00 0 
7efcdf718000-7efcdf818000 rw-p 00000000 00:00 0                          [stack:12486]
7efcdf818000-7efcdf819000 ---p 00000000 00:00 0 
7efcdf819000-7efcdf919000 rw-p 00000000 00:00 0                          [stack:12485]
7efcdf919000-7efcdf91a000 ---p 00000000 00:00 0 
7efcdf91a000-7efcdfb5d000 rw-p 00000000 00:00 0                          [stack:12484]
7efcdfb5d000-7efcdff70000 rw-p 00000000 00:00 0 
7efcdff70000-7efcdff7b000 rw-p 00000000 00:00 0 
7efcdff7b000-7efcdffc3000 rw-p 00000000 00:00 0 
7efcdffc3000-7efce0106000 rw-p 00000000 00:00 0 
7efce0106000-7efce0518000 rw-p 00000000 00:00 0 
7efce0518000-7efce0741000 rw-p 00000000 00:00 0 
7efce0741000-7efce07c3000 rw-p 00000000 00:00 0 
7efce07c3000-7efce07c4000 rw-p 00000000 00:00 0 
7efce07c4000-7efce0bc4000 rwxp 00000000 00:00 0 
7efce0bc4000-7efce37c4000 rw-p 00000000 00:00 0 
7efce37c4000-7efce37cc000 r-xp 00000000 08:01 20587054                   /usr/lib/jvm/java-7-openjdk-amd64/jre/lib/amd64/libzip.so
7efce37cc000-7efce39cb000 ---p 00008000 08:01 20587054                   /usr/lib/jvm/java-7-openjdk-amd64/jre/lib/amd64/libzip.so
7efce39cb000-7efce39cc000 r--p 00007000 08:01 20587054                   /usr/lib/jvm/java-7-openjdk-amd64/jre/lib/amd64/libzip.so
7efce39cc000-7efce39cd000 rw-p 00008000 08:01 20587054                   /usr/lib/jvm/java-7-openjdk-amd64/jre/lib/amd64/libzip.so
7efce39cd000-7efce39d9000 r-xp 00000000 08:01 22024420                   /lib/x86_64-linux-gnu/libnss_files-2.21.so
7efce39d9000-7efce3bd8000 ---p 0000c000 08:01 22024420                   /lib/x86_64-linux-gnu/libnss_files-2.21.so
7efce3bd8000-7efce3bd9000 r--p 0000b000 08:01 22024420                   /lib/x86_64-linux-gnu/libnss_files-2.21.so
7efce3bd9000-7efce3bda000 rw-p 0000c000 08:01 22024420                   /lib/x86_64-linux-gnu/libnss_files-2.21.so
7efce3bda000-7efce3be5000 r-xp 00000000 08:01 22024430                   /lib/x86_64-linux-gnu/libnss_nis-2.21.so
7efce3be5000-7efce3de4000 ---p 0000b000 08:01 22024430                   /lib/x86_64-linux-gnu/libnss_nis-2.21.so
7efce3de4000-7efce3de5000 r--p 0000a000 08:01 22024430                   /lib/x86_64-linux-gnu/libnss_nis-2.21.so
7efce3de5000-7efce3de6000 rw-p 0000b000 08:01 22024430                   /lib/x86_64-linux-gnu/libnss_nis-2.21.so
7efce3de6000-7efce3dfd000 r-xp 00000000 08:01 22024414                   /lib/x86_64-linux-gnu/libnsl-2.21.so
7efce3dfd000-7efce3ffc000 ---p 00017000 08:01 22024414                   /lib/x86_64-linux-gnu/libnsl-2.21.so
7efce3ffc000-7efce3ffd000 r--p 00016000 08:01 22024414                   /lib/x86_64-linux-gnu/libnsl-2.21.so
7efce3ffd000-7efce3ffe000 rw-p 00017000 08:01 22024414                   /lib/x86_64-linux-gnu/libnsl-2.21.so
7efce3ffe000-7efce4000000 rw-p 00000000 00:00 0 
7efce4000000-7efce4488000 rw-p 00000000 00:00 0 
7efce4488000-7efce8000000 ---p 00000000 00:00 0 
7efce8020000-7efce8021000 ---p 00000000 00:00 0 
7efce8021000-7efce812c000 rw-p 00000000 00:00 0                          [stack:12483]
7efce812c000-7efce8174000 rw-p 00000000 00:00 0 
7efce8174000-7efce817c000 r-xp 00000000 08:01 22024416                   /lib/x86_64-linux-gnu/libnss_compat-2.21.so
7efce817c000-7efce837b000 ---p 00008000 08:01 22024416                   /lib/x86_64-linux-gnu/libnss_compat-2.21.so
7efce837b000-7efce837c000 r--p 00007000 08:01 22024416                   /lib/x86_64-linux-gnu/libnss_compat-2.21.so
7efce837c000-7efce837d000 rw-p 00008000 08:01 22024416                   /lib/x86_64-linux-gnu/libnss_compat-2.21.so
7efce837d000-7efce8387000 r-xp 00000000 08:01 20587084                   /usr/lib/jvm/java-7-openjdk-amd64/jre/lib/amd64/libinstrument.so
7efce8387000-7efce8586000 ---p 0000a000 08:01 20587084                   /usr/lib/jvm/java-7-openjdk-amd64/jre/lib/amd64/libinstrument.so
7efce8586000-7efce8587000 r--p 00009000 08:01 20587084                   /usr/lib/jvm/java-7-openjdk-amd64/jre/lib/amd64/libinstrument.so
7efce8587000-7efce8588000 rw-p 0000a000 08:01 20587084                   /usr/lib/jvm/java-7-openjdk-amd64/jre/lib/amd64/libinstrument.so
7efce8588000-7efce85b5000 r-xp 00000000 08:01 20587091                   /usr/lib/jvm/java-7-openjdk-amd64/jre/lib/amd64/libjava.so
7efce85b5000-7efce87b4000 ---p 0002d000 08:01 20587091                   /usr/lib/jvm/java-7-openjdk-amd64/jre/lib/amd64/libjava.so
7efce87b4000-7efce87b5000 r--p 0002c000 08:01 20587091                   /usr/lib/jvm/java-7-openjdk-amd64/jre/lib/amd64/libjava.so
7efce87b5000-7efce87b7000 rw-p 0002d000 08:01 20587091                   /usr/lib/jvm/java-7-openjdk-amd64/jre/lib/amd64/libjava.so
7efce87b7000-7efce87c6000 r-xp 00000000 08:01 20587072                   /usr/lib/jvm/java-7-openjdk-amd64/jre/lib/amd64/libverify.so
7efce87c6000-7efce89c5000 ---p 0000f000 08:01 20587072                   /usr/lib/jvm/java-7-openjdk-amd64/jre/lib/amd64/libverify.so
7efce89c5000-7efce89c8000 r--p 0000e000 08:01 20587072                   /usr/lib/jvm/java-7-openjdk-amd64/jre/lib/amd64/libverify.so
7efce89c8000-7efce89c9000 rw-p 00011000 08:01 20587072                   /usr/lib/jvm/java-7-openjdk-amd64/jre/lib/amd64/libverify.so
7efce89c9000-7efce89d0000 r-xp 00000000 08:01 22024475                   /lib/x86_64-linux-gnu/librt-2.21.so
7efce89d0000-7efce8bcf000 ---p 00007000 08:01 22024475                   /lib/x86_64-linux-gnu/librt-2.21.so
7efce8bcf000-7efce8bd0000 r--p 00006000 08:01 22024475                   /lib/x86_64-linux-gnu/librt-2.21.so
7efce8bd0000-7efce8bd1000 rw-p 00007000 08:01 22024475                   /lib/x86_64-linux-gnu/librt-2.21.so
7efce8bd1000-7efce8be7000 r-xp 00000000 08:01 22024363                   /lib/x86_64-linux-gnu/libgcc_s.so.1
7efce8be7000-7efce8de6000 ---p 00016000 08:01 22024363                   /lib/x86_64-linux-gnu/libgcc_s.so.1
7efce8de6000-7efce8de7000 rw-p 00015000 08:01 22024363                   /lib/x86_64-linux-gnu/libgcc_s.so.1
7efce8de7000-7efce8eee000 r-xp 00000000 08:01 22024393                   /lib/x86_64-linux-gnu/libm-2.21.so
7efce8eee000-7efce90ed000 ---p 00107000 08:01 22024393                   /lib/x86_64-linux-gnu/libm-2.21.so
7efce90ed000-7efce90ee000 r--p 00106000 08:01 22024393                   /lib/x86_64-linux-gnu/libm-2.21.so
7efce90ee000-7efce90ef000 rw-p 00107000 08:01 22024393                   /lib/x86_64-linux-gnu/libm-2.21.so
7efce90ef000-7efce91df000 r-xp 00000000 08:01 20456311                   /usr/lib/x86_64-linux-gnu/libstdc++.so.6.0.20
7efce91df000-7efce93df000 ---p 000f0000 08:01 20456311                   /usr/lib/x86_64-linux-gnu/libstdc++.so.6.0.20
7efce93df000-7efce93e7000 r--p 000f0000 08:01 20456311                   /usr/lib/x86_64-linux-gnu/libstdc++.so.6.0.20
7efce93e7000-7efce93e9000 rw-p 000f8000 08:01 20456311                   /usr/lib/x86_64-linux-gnu/libstdc++.so.6.0.20
7efce93e9000-7efce93fe000 rw-p 00000000 00:00 0 
7efce93fe000-7efce9f56000 r-xp 00000000 08:01 20587060                   /usr/lib/jvm/java-7-openjdk-amd64/jre/lib/amd64/server/libjvm.so
7efce9f56000-7efcea155000 ---p 00b58000 08:01 20587060                   /usr/lib/jvm/java-7-openjdk-amd64/jre/lib/amd64/server/libjvm.so
7efcea155000-7efcea1f4000 r--p 00b57000 08:01 20587060                   /usr/lib/jvm/java-7-openjdk-amd64/jre/lib/amd64/server/libjvm.so
7efcea1f4000-7efcea217000 rw-p 00bf6000 08:01 20587060                   /usr/lib/jvm/java-7-openjdk-amd64/jre/lib/amd64/server/libjvm.so
7efcea217000-7efcea244000 rw-p 00000000 00:00 0 
7efcea244000-7efcea25d000 r-xp 00000000 08:01 22024508                   /lib/x86_64-linux-gnu/libz.so.1.2.8
7efcea25d000-7efcea45d000 ---p 00019000 08:01 22024508                   /lib/x86_64-linux-gnu/libz.so.1.2.8
7efcea45d000-7efcea45e000 r--p 00019000 08:01 22024508                   /lib/x86_64-linux-gnu/libz.so.1.2.8
7efcea45e000-7efcea45f000 rw-p 0001a000 08:01 22024508                   /lib/x86_64-linux-gnu/libz.so.1.2.8
7efcea45f000-7efcea477000 r-xp 00000000 08:01 22024467                   /lib/x86_64-linux-gnu/libpthread-2.21.so
7efcea477000-7efcea677000 ---p 00018000 08:01 22024467                   /lib/x86_64-linux-gnu/libpthread-2.21.so
7efcea677000-7efcea678000 r--p 00018000 08:01 22024467                   /lib/x86_64-linux-gnu/libpthread-2.21.so
7efcea678000-7efcea679000 rw-p 00019000 08:01 22024467                   /lib/x86_64-linux-gnu/libpthread-2.21.so
7efcea679000-7efcea67d000 rw-p 00000000 00:00 0 
7efcea67d000-7efcea680000 r-xp 00000000 08:01 22024351                   /lib/x86_64-linux-gnu/libdl-2.21.so
7efcea680000-7efcea87f000 ---p 00003000 08:01 22024351                   /lib/x86_64-linux-gnu/libdl-2.21.so
7efcea87f000-7efcea880000 r--p 00002000 08:01 22024351                   /lib/x86_64-linux-gnu/libdl-2.21.so
7efcea880000-7efcea881000 rw-p 00003000 08:01 22024351                   /lib/x86_64-linux-gnu/libdl-2.21.so
7efcea881000-7efceaa41000 r-xp 00000000 08:01 22024334                   /lib/x86_64-linux-gnu/libc-2.21.so
7efceaa41000-7efceac41000 ---p 001c0000 08:01 22024334                   /lib/x86_64-linux-gnu/libc-2.21.so
7efceac41000-7efceac45000 r--p 001c0000 08:01 22024334                   /lib/x86_64-linux-gnu/libc-2.21.so
7efceac45000-7efceac47000 rw-p 001c4000 08:01 22024334                   /lib/x86_64-linux-gnu/libc-2.21.so
7efceac47000-7efceac4b000 rw-p 00000000 00:00 0 
7efceac4b000-7efceac58000 r-xp 00000000 08:01 20587057                   /usr/lib/jvm/java-7-openjdk-amd64/jre/lib/amd64/jli/libjli.so
7efceac58000-7efceae57000 ---p 0000d000 08:01 20587057                   /usr/lib/jvm/java-7-openjdk-amd64/jre/lib/amd64/jli/libjli.so
7efceae57000-7efceae58000 r--p 0000c000 08:01 20587057                   /usr/lib/jvm/java-7-openjdk-amd64/jre/lib/amd64/jli/libjli.so
7efceae58000-7efceae59000 rw-p 0000d000 08:01 20587057                   /usr/lib/jvm/java-7-openjdk-amd64/jre/lib/amd64/jli/libjli.so
7efceae59000-7efceae7d000 r-xp 00000000 08:01 22024306                   /lib/x86_64-linux-gnu/ld-2.21.so
7efceae86000-7efceae87000 rw-p 00000000 00:00 0 
7efceae87000-7efceae95000 r--s 000dc000 08:01 23727641                   /home/sharan/Android/Sdk/build-tools/21.1.0/lib/dx.jar
7efceae95000-7efceaea5000 rw-p 00000000 00:00 0 
7efceaea5000-7efceaf55000 rw-p 00000000 00:00 0 
7efceaf55000-7efceaf58000 ---p 00000000 00:00 0 
7efceaf58000-7efceb05b000 rw-p 00000000 00:00 0                          [stack:12482]
7efceb05b000-7efceb05c000 r--s 00000000 08:01 20979860                   /usr/share/java/jayatanaag.jar
7efceb05c000-7efceb060000 r--s 00034000 08:01 20587040                   /usr/lib/jvm/java-7-openjdk-amd64/jre/lib/ext/sunjce_provider.jar
7efceb060000-7efceb064000 r--s 0003c000 08:01 20587041                   /usr/lib/jvm/java-7-openjdk-amd64/jre/lib/ext/sunpkcs11.jar
7efceb064000-7efceb067000 r--s 0000f000 08:01 20587042                   /usr/lib/jvm/java-7-openjdk-amd64/jre/lib/ext/icedtea-sound.jar
7efceb067000-7efceb06b000 r--s 00085000 08:01 20587038                   /usr/lib/jvm/java-7-openjdk-amd64/jre/lib/ext/localedata.jar
7efceb06b000-7efceb06d000 r--s 00012000 08:01 20587043                   /usr/lib/jvm/java-7-openjdk-amd64/jre/lib/ext/zipfs.jar
7efceb06d000-7efceb06f000 r--s 00006000 08:01 20971724                   /usr/share/java/java-atk-wrapper.jar
7efceb06f000-7efceb070000 r--s 00002000 08:01 20587039                   /usr/lib/jvm/java-7-openjdk-amd64/jre/lib/ext/dnsns.jar
7efceb070000-7efceb078000 rw-s 00000000 08:01 3016728                    /tmp/hsperfdata_sharan/12477
7efceb078000-7efceb079000 rw-p 00000000 00:00 0 
7efceb079000-7efceb07a000 ---p 00000000 00:00 0 
7efceb07a000-7efceb07c000 rw-p 00000000 00:00 0 
7efceb07c000-7efceb07d000 r--p 00023000 08:01 22024306                   /lib/x86_64-linux-gnu/ld-2.21.so
7efceb07d000-7efceb07e000 rw-p 00024000 08:01 22024306                   /lib/x86_64-linux-gnu/ld-2.21.so
7efceb07e000-7efceb07f000 rw-p 00000000 00:00 0 
7ffd1a0b7000-7ffd1a0d8000 rw-p 00000000 00:00 0                          [stack]
7ffd1a0e5000-7ffd1a0e7000 r--p 00000000 00:00 0                          [vvar]
7ffd1a0e7000-7ffd1a0e9000 r-xp 00000000 00:00 0                          [vdso]
ffffffffff600000-ffffffffff601000 r-xp 00000000 00:00 0                  [vsyscall]

VM Arguments:
jvm_args: -javaagent:/usr/share/java/jayatanaag.jar -Xmx4g -Dfile.encoding=UTF-8 -Duser.country=IN -Duser.language=en -Duser.variant 
java_command: com.android.dx.command.Main --dex --force-jumbo --multi-dex --main-dex-list /home/sharan/AndroidStudioProjects/Muser/muser/build/intermediates/multi-dex/debug/maindexlist.txt --output /home/sharan/AndroidStudioProjects/Muser/muser/build/intermediates/dex/debug /home/sharan/AndroidStudioProjects/Muser/muser/build/intermediates/multi-dex/debug/allclasses.jar
Launcher Type: SUN_STANDARD

Environment Variables:
JAVA_HOME=/usr/lib/jvm/java-8-oracle
JAVA_TOOL_OPTIONS=-javaagent:/usr/share/java/jayatanaag.jar 
PATH=/usr/local/sbin:/usr/local/bin:/usr/sbin:/usr/bin:/sbin:/bin:/usr/games:/usr/local/games:/usr/lib/jvm/java-8-oracle/bin:/usr/lib/jvm/java-8-oracle/db/bin:/usr/lib/jvm/java-8-oracle/jre/bin
LD_LIBRARY_PATH=/opt/android-studio/bin:
SHELL=/bin/bash
DISPLAY=:0

Signal Handlers:
SIGSEGV: [libjvm.so+0x98ac50], sa_mask[0]=0x7ffbfeff, sa_flags=0x10000004
SIGBUS: [libjvm.so+0x98ac50], sa_mask[0]=0x7ffbfeff, sa_flags=0x10000004
SIGFPE: [libjvm.so+0x7f8ab0], sa_mask[0]=0x7ffbfeff, sa_flags=0x10000004
SIGPIPE: [libjvm.so+0x7f8ab0], sa_mask[0]=0x7ffbfeff, sa_flags=0x10000004
SIGXFSZ: [libjvm.so+0x7f8ab0], sa_mask[0]=0x7ffbfeff, sa_flags=0x10000004
SIGILL: [libjvm.so+0x7f8ab0], sa_mask[0]=0x7ffbfeff, sa_flags=0x10000004
SIGUSR1: SIG_DFL, sa_mask[0]=0x00000000, sa_flags=0x00000000
SIGUSR2: [libjvm.so+0x7f8930], sa_mask[0]=0x00000004, sa_flags=0x10000004
SIGHUP: [libjvm.so+0x7f8b30], sa_mask[0]=0x7ffbfeff, sa_flags=0x10000004
SIGINT: [libjvm.so+0x7f8b30], sa_mask[0]=0x7ffbfeff, sa_flags=0x10000004
SIGTERM: [libjvm.so+0x7f8b30], sa_mask[0]=0x7ffbfeff, sa_flags=0x10000004
SIGQUIT: [libjvm.so+0x7f8b30], sa_mask[0]=0x7ffbfeff, sa_flags=0x10000004
SIGTRAP: SIG_DFL, sa_mask[0]=0x00000000, sa_flags=0x00000000


---------------  S Y S T E M  ---------------

OS:Ubuntu 15.04 (vivid)
uname:Linux 3.19.0-26-generic #28-Ubuntu SMP Tue Aug 11 14:16:32 UTC 2015 x86_64
libc:glibc 2.21 NPTL 2.21 
rlimit: STACK 8192k, CORE 0k, NPROC 31366, NOFILE 65536, AS infinity
load average:1.86 1.48 1.20

/proc/meminfo:
MemTotal:        8052020 kB
MemFree:          133052 kB
MemAvailable:     113720 kB
Buffers:             868 kB
Cached:           798604 kB
SwapCached:            0 kB
Active:          7018904 kB
Inactive:         703616 kB
Active(anon):    6982460 kB
Inactive(anon):   657116 kB
Active(file):      36444 kB
Inactive(file):    46500 kB
Unevictable:          32 kB
Mlocked:              32 kB
SwapTotal:             0 kB
SwapFree:              0 kB
Dirty:                52 kB
Writeback:             0 kB
AnonPages:       6923664 kB
Mapped:           408232 kB
Shmem:            715952 kB
Slab:              89676 kB
SReclaimable:      47336 kB
SUnreclaim:        42340 kB
KernelStack:       12592 kB
PageTables:        54908 kB
NFS_Unstable:          0 kB
Bounce:                0 kB
WritebackTmp:          0 kB
CommitLimit:     4026008 kB
Committed_AS:   15543772 kB
VmallocTotal:   34359738367 kB
VmallocUsed:      359012 kB
VmallocChunk:   34359307704 kB
HardwareCorrupted:     0 kB
AnonHugePages:   3194880 kB
CmaTotal:              0 kB
CmaFree:               0 kB
HugePages_Total:       0
HugePages_Free:        0
HugePages_Rsvd:        0
HugePages_Surp:        0
Hugepagesize:       2048 kB
DirectMap4k:      181308 kB
DirectMap2M:     7034880 kB
DirectMap1G:     1048576 kB


CPU:total 4 (2 cores per cpu, 2 threads per core) family 6 model 60 stepping 3, cmov, cx8, fxsr, mmx, sse, sse2, sse3, ssse3, sse4.1, sse4.2, popcnt, avx, avx2, aes, erms, ht, tsc, tscinvbit

/proc/cpuinfo:
processor	: 0
vendor_id	: GenuineIntel
cpu family	: 6
model		: 60
model name	: Intel(R) Core(TM) i3-4150 CPU @ 3.50GHz
stepping	: 3
microcode	: 0x12
cpu MHz		: 3500.000
cache size	: 3072 KB
physical id	: 0
siblings	: 4
core id		: 0
cpu cores	: 2
apicid		: 0
initial apicid	: 0
fpu		: yes
fpu_exception	: yes
cpuid level	: 13
wp		: yes
flags		: fpu vme de pse tsc msr pae mce cx8 apic sep mtrr pge mca cmov pat pse36 clflush dts acpi mmx fxsr sse sse2 ss ht tm pbe syscall nx pdpe1gb rdtscp lm constant_tsc arch_perfmon pebs bts rep_good nopl xtopology nonstop_tsc aperfmperf eagerfpu pni pclmulqdq dtes64 monitor ds_cpl vmx est tm2 ssse3 fma cx16 xtpr pdcm pcid sse4_1 sse4_2 movbe popcnt tsc_deadline_timer aes xsave avx f16c rdrand lahf_lm abm arat pln pts dtherm tpr_shadow vnmi flexpriority ept vpid fsgsbase tsc_adjust bmi1 avx2 smep bmi2 erms invpcid xsaveopt
bugs		:
bogomips	: 6983.49
clflush size	: 64
cache_alignment	: 64
address sizes	: 39 bits physical, 48 bits virtual
power management:

processor	: 1
vendor_id	: GenuineIntel
cpu family	: 6
model		: 60
model name	: Intel(R) Core(TM) i3-4150 CPU @ 3.50GHz
stepping	: 3
microcode	: 0x12
cpu MHz		: 3500.000
cache size	: 3072 KB
physical id	: 0
siblings	: 4
core id		: 1
cpu cores	: 2
apicid		: 2
initial apicid	: 2
fpu		: yes
fpu_exception	: yes
cpuid level	: 13
wp		: yes
flags		: fpu vme de pse tsc msr pae mce cx8 apic sep mtrr pge mca cmov pat pse36 clflush dts acpi mmx fxsr sse sse2 ss ht tm pbe syscall nx pdpe1gb rdtscp lm constant_tsc arch_perfmon pebs bts rep_good nopl xtopology nonstop_tsc aperfmperf eagerfpu pni pclmulqdq dtes64 monitor ds_cpl vmx est tm2 ssse3 fma cx16 xtpr pdcm pcid sse4_1 sse4_2 movbe popcnt tsc_deadline_timer aes xsave avx f16c rdrand lahf_lm abm arat pln pts dtherm tpr_shadow vnmi flexpriority ept vpid fsgsbase tsc_adjust bmi1 avx2 smep bmi2 erms invpcid xsaveopt
bugs		:
bogomips	: 6983.49
clflush size	: 64
cache_alignment	: 64
address sizes	: 39 bits physical, 48 bits virtual
power management:

processor	: 2
vendor_id	: GenuineIntel
cpu family	: 6
model		: 60
model name	: Intel(R) Core(TM) i3-4150 CPU @ 3.50GHz
stepping	: 3
microcode	: 0x12
cpu MHz		: 3397.597
cache size	: 3072 KB
physical id	: 0
siblings	: 4
core id		: 0
cpu cores	: 2
apicid		: 1
initial apicid	: 1
fpu		: yes
fpu_exception	: yes
cpuid level	: 13
wp		: yes
flags		: fpu vme de pse tsc msr pae mce cx8 apic sep mtrr pge mca cmov pat pse36 clflush dts acpi mmx fxsr sse sse2 ss ht tm pbe syscall nx pdpe1gb rdtscp lm constant_tsc arch_perfmon pebs bts rep_good nopl xtopology nonstop_tsc aperfmperf eagerfpu pni pclmulqdq dtes64 monitor ds_cpl vmx est tm2 ssse3 fma cx16 xtpr pdcm pcid sse4_1 sse4_2 movbe popcnt tsc_deadline_timer aes xsave avx f16c rdrand lahf_lm abm arat pln pts dtherm tpr_shadow vnmi flexpriority ept vpid fsgsbase tsc_adjust bmi1 avx2 smep bmi2 erms invpcid xsaveopt
bugs		:
bogomips	: 6983.49
clflush size	: 64
cache_alignment	: 64
address sizes	: 39 bits physical, 48 bits virtual
power management:

processor	: 3
vendor_id	: GenuineIntel
cpu family	: 6
model		: 60
model name	: Intel(R) Core(TM) i3-4150 CPU @ 3.50GHz
stepping	: 3
microcode	: 0x12
cpu MHz		: 3502.324
cache size	: 3072 KB
physical id	: 0
siblings	: 4
core id		: 1
cpu cores	: 2
apicid		: 3
initial apicid	: 3
fpu		: yes
fpu_exception	: yes
cpuid level	: 13
wp		: yes
flags		: fpu vme de pse tsc msr pae mce cx8 apic sep mtrr pge mca cmov pat pse36 clflush dts acpi mmx fxsr sse sse2 ss ht tm pbe syscall nx pdpe1gb rdtscp lm constant_tsc arch_perfmon pebs bts rep_good nopl xtopology nonstop_tsc aperfmperf eagerfpu pni pclmulqdq dtes64 monitor ds_cpl vmx est tm2 ssse3 fma cx16 xtpr pdcm pcid sse4_1 sse4_2 movbe popcnt tsc_deadline_timer aes xsave avx f16c rdrand lahf_lm abm arat pln pts dtherm tpr_shadow vnmi flexpriority ept vpid fsgsbase tsc_adjust bmi1 avx2 smep bmi2 erms invpcid xsaveopt
bugs		:
bogomips	: 6983.49
clflush size	: 64
cache_alignment	: 64
address sizes	: 39 bits physical, 48 bits virtual
power management:



Memory: 4k page, physical 8052020k(132804k free), swap 0k(0k free)

vm_info: OpenJDK 64-Bit Server VM (24.79-b02) for linux-amd64 JRE (1.7.0_79-b14), built on Jul 24 2015 05:24:39 by "buildd" with gcc 4.9.2

time: Mon Oct 12 20:19:04 2015
elapsed time: 21 seconds

