#
# There is insufficient memory for the Java Runtime Environment to continue.
# Native memory allocation (malloc) failed to allocate 249561088 bytes for committing reserved memory.
# Possible reasons:
#   The system is out of physical RAM or swap space
#   In 32 bit mode, the process size limit was hit
# Possible solutions:
#   Reduce memory load on the system
#   Increase physical memory or swap space
#   Check if swap backing store is full
#   Use 64 bit Java on a 64 bit OS
#   Decrease Java heap size (-Xmx/-Xms)
#   Decrease number of Java threads
#   Decrease Java thread stack sizes (-Xss)
#   Set larger code cache with -XX:ReservedCodeCacheSize=
# This output file may be truncated or incomplete.
#
#  Out of Memory Error (os_linux.cpp:2809), pid=7965, tid=140622652278528
#
# JRE version: OpenJDK Runtime Environment (7.0_79-b14) (build 1.7.0_79-b14)
# Java VM: OpenJDK 64-Bit Server VM (24.79-b02 mixed mode linux-amd64 compressed oops)
# Derivative: IcedTea 2.5.6
# Distribution: Ubuntu 15.04, package 7u79-2.5.6-0ubuntu1.15.04.1
# Failed to write core dump. Core dumps have been disabled. To enable core dumping, try "ulimit -c unlimited" before starting Java again
#

---------------  T H R E A D  ---------------

Current thread (0x00007fe560076000):  VMThread [stack: 0x00007fe5432c8000,0x00007fe5433c9000] [id=7974]

Stack: [0x00007fe5432c8000,0x00007fe5433c9000],  sp=0x00007fe5433c74c0,  free space=1021k
Native frames: (J=compiled Java code, j=interpreted, Vv=VM code, C=native code)
V  [libjvm.so+0x98a166]  VMError::report_and_die()+0x186
V  [libjvm.so+0x48f932]  report_vm_out_of_memory(char const*, int, unsigned long, char const*)+0x92
V  [libjvm.so+0x7fd56b]  os::pd_commit_memory(char*, unsigned long, unsigned long, bool)+0xeb
V  [libjvm.so+0x7f7c4e]  os::commit_memory(char*, unsigned long, unsigned long, bool)+0x2e
V  [libjvm.so+0x86a56b]  PSVirtualSpace::expand_by(unsigned long)+0x5b
V  [libjvm.so+0x858d5a]  PSOldGen::expand_by(unsigned long) [clone .part.29]+0x2a
V  [libjvm.so+0x858f10]  PSOldGen::expand(unsigned long) [clone .part.30]+0xc0
V  [libjvm.so+0x859ea8]  PSOldGen::resize(unsigned long)+0x198
V  [libjvm.so+0x861524]  PSParallelCompact::invoke_no_policy(bool) [clone .part.122]+0x994
V  [libjvm.so+0x867e85]  PSScavenge::invoke()+0x1a5
V  [libjvm.so+0x81fb73]  ParallelScavengeHeap::failed_mem_allocate(unsigned long)+0x63
V  [libjvm.so+0x98ba32]  VM_ParallelGCFailedAllocation::doit()+0x92
V  [libjvm.so+0x9902e7]  VM_Operation::evaluate()+0x47
V  [libjvm.so+0x98e8cb]  VMThread::evaluate_operation(VM_Operation*)+0xab
V  [libjvm.so+0x98ef76]  VMThread::loop()+0x1e6
V  [libjvm.so+0x98f441]  VMThread::run()+0x81
V  [libjvm.so+0x7fa492]  java_start(Thread*)+0xf2

VM_Operation (0x00007fe568bcbef0): ParallelGCFailedAllocation, mode: safepoint, requested by thread 0x00007fe56000a000


---------------  P R O C E S S  ---------------

Java Threads: ( => current thread )
  0x00007fe5600af000 JavaThread "Service Thread" daemon [_thread_blocked, id=7980, stack(0x00007fe5425e0000,0x00007fe5426e1000)]
  0x00007fe5600ac800 JavaThread "C2 CompilerThread1" daemon [_thread_blocked, id=7979, stack(0x00007fe5426e1000,0x00007fe5427e2000)]
  0x00007fe5600a9800 JavaThread "C2 CompilerThread0" daemon [_thread_blocked, id=7978, stack(0x00007fe5427e2000,0x00007fe5428e3000)]
  0x00007fe5600a7000 JavaThread "Signal Dispatcher" daemon [_thread_blocked, id=7977, stack(0x00007fe5428e3000,0x00007fe5429e4000)]
  0x00007fe56007c800 JavaThread "Finalizer" daemon [_thread_blocked, id=7976, stack(0x00007fe5430c6000,0x00007fe5431c7000)]
  0x00007fe56007a800 JavaThread "Reference Handler" daemon [_thread_blocked, id=7975, stack(0x00007fe5431c7000,0x00007fe5432c8000)]
  0x00007fe56000a000 JavaThread "main" [_thread_blocked, id=7969, stack(0x00007fe568acd000,0x00007fe568bce000)]

Other Threads:
=>0x00007fe560076000 VMThread [stack: 0x00007fe5432c8000,0x00007fe5433c9000] [id=7974]
  0x00007fe5600b9800 WatcherThread [stack: 0x00007fe5424df000,0x00007fe5425e0000] [id=7981]

VM state:at safepoint (normal execution)

VM Mutex/Monitor currently owned by a thread:  ([mutex/lock_event])
[0x00007fe5600062b0] ExpandHeap_lock - owner thread: 0x00007fe560076000
[0x00007fe560006930] Threads_lock - owner thread: 0x00007fe560076000
[0x00007fe560006e30] Heap_lock - owner thread: 0x00007fe56000a000

Heap
 PSYoungGen      total 754688K, used 63514K [0x00000007aaa80000, 0x00000007e2280000, 0x0000000800000000)
  eden space 609792K, 0% used [0x00000007aaa80000,0x00000007aaa80000,0x00000007cfe00000)
  from space 144896K, 43% used [0x00000007d8b00000,0x00000007dc906950,0x00000007e1880000)
  to   space 144384K, 0% used [0x00000007cfe00000,0x00000007cfe00000,0x00000007d8b00000)
 ParOldGen       total 472064K, used 471574K [0x0000000700000000, 0x000000071cd00000, 0x00000007aaa80000)
  object space 472064K, 99% used [0x0000000700000000,0x000000071cc859d0,0x000000071cd00000)
 PSPermGen       total 21504K, used 6315K [0x00000006f5a00000, 0x00000006f6f00000, 0x0000000700000000)
  object space 21504K, 29% used [0x00000006f5a00000,0x00000006f602afb0,0x00000006f6f00000)

Card table byte_map: [0x00007fe564e67000,0x00007fe5656bb000] byte_map_base: 0x00007fe5616ba000

Polling page: 0x00007fe568bf1000

Code Cache  [0x00007fe55d000000, 0x00007fe55d420000, 0x00007fe560000000)
 total_blobs=1342 nmethods=1114 adapters=181 free_code_cache=45234Kb largest_free_block=46065536

Compilation events (10 events):
Event: 17.079 Thread 0x00007fe5600ac800 1152             java.util.HashMap::resize (62 bytes)
Event: 17.084 Thread 0x00007fe5600ac800 nmethod 1152 0x00007fe55d0d1f10 code [0x00007fe55d0d20a0, 0x00007fe55d0d24e8]
Event: 17.298 Thread 0x00007fe5600a9800 1153             com.android.dx.util.Bits::bitCount (29 bytes)
Event: 17.299 Thread 0x00007fe5600a9800 nmethod 1153 0x00007fe55d13f850 code [0x00007fe55d13f980, 0x00007fe55d13fa58]
Event: 17.325 Thread 0x00007fe5600ac800 1154             java.io.FilterInputStream::<init> (10 bytes)
Event: 17.326 Thread 0x00007fe5600ac800 nmethod 1154 0x00007fe55d13a950 code [0x00007fe55d13aa80, 0x00007fe55d13ab38]
Event: 17.418 Thread 0x00007fe5600a9800 1155             com.android.dx.cf.code.BytecodeArray::parseLookupswitch (175 bytes)
Event: 17.438 Thread 0x00007fe5600a9800 nmethod 1155 0x00007fe55d403d50 code [0x00007fe55d403fc0, 0x00007fe55d404f30]
Event: 17.463 Thread 0x00007fe5600ac800 1156             java.util.ArrayList$SubList::get (23 bytes)
Event: 17.464 Thread 0x00007fe5600ac800 nmethod 1156 0x00007fe55d13a510 code [0x00007fe55d13a660, 0x00007fe55d13a778]

GC Heap History (10 events):
Event: 13.314 GC heap after
Heap after GC invocations=15 (full 2):
 PSYoungGen      total 493056K, used 76266K [0x00000007aaa80000, 0x00000007d7280000, 0x0000000800000000)
  eden space 416768K, 0% used [0x00000007aaa80000,0x00000007aaa80000,0x00000007c4180000)
  from space 76288K, 99% used [0x00000007c4180000,0x00000007c8bfa818,0x00000007c8c00000)
  to   space 107520K, 0% used [0x00000007d0980000,0x00000007d0980000,0x00000007d7280000)
 ParOldGen       total 268288K, used 246984K [0x0000000700000000, 0x0000000710600000, 0x00000007aaa80000)
  object space 268288K, 92% used [0x0000000700000000,0x000000070f132000,0x0000000710600000)
 PSPermGen       total 21504K, used 6262K [0x00000006f5a00000, 0x00000006f6f00000, 0x0000000700000000)
  object space 21504K, 29% used [0x00000006f5a00000,0x00000006f601db70,0x00000006f6f00000)
}
Event: 13.314 GC heap before
{Heap before GC invocations=16 (full 3):
 PSYoungGen      total 493056K, used 76266K [0x00000007aaa80000, 0x00000007d7280000, 0x0000000800000000)
  eden space 416768K, 0% used [0x00000007aaa80000,0x00000007aaa80000,0x00000007c4180000)
  from space 76288K, 99% used [0x00000007c4180000,0x00000007c8bfa818,0x00000007c8c00000)
  to   space 107520K, 0% used [0x00000007d0980000,0x00000007d0980000,0x00000007d7280000)
 ParOldGen       total 268288K, used 246984K [0x0000000700000000, 0x0000000710600000, 0x00000007aaa80000)
  object space 268288K, 92% used [0x0000000700000000,0x000000070f132000,0x0000000710600000)
 PSPermGen       total 21504K, used 6262K [0x00000006f5a00000, 0x00000006f6f00000, 0x0000000700000000)
  object space 21504K, 29% used [0x00000006f5a00000,0x00000006f601db70,0x00000006f6f00000)
Event: 14.366 GC heap after
Heap after GC invocations=16 (full 3):
 PSYoungGen      total 493056K, used 52584K [0x00000007aaa80000, 0x00000007d7280000, 0x0000000800000000)
  eden space 416768K, 0% used [0x00000007aaa80000,0x00000007aaa80000,0x00000007c4180000)
  from space 76288K, 68% used [0x00000007c4180000,0x00000007c74da038,0x00000007c8c00000)
  to   space 107520K, 0% used [0x00000007d0980000,0x00000007d0980000,0x00000007d7280000)
 ParOldGen       total 432128K, used 268012K [0x0000000700000000, 0x000000071a600000, 0x00000007aaa80000)
  object space 432128K, 62% used [0x0000000700000000,0x00000007105bb270,0x000000071a600000)
 PSPermGen       total 21504K, used 6262K [0x00000006f5a00000, 0x00000006f6f00000, 0x0000000700000000)
  object space 21504K, 29% used [0x00000006f5a00000,0x00000006f601dab0,0x00000006f6f00000)
}
Event: 15.089 GC heap before
{Heap before GC invocations=17 (full 3):
 PSYoungGen      total 493056K, used 469352K [0x00000007aaa80000, 0x00000007d7280000, 0x0000000800000000)
  eden space 416768K, 100% used [0x00000007aaa80000,0x00000007c4180000,0x00000007c4180000)
  from space 76288K, 68% used [0x00000007c4180000,0x00000007c74da038,0x00000007c8c00000)
  to   space 107520K, 0% used [0x00000007d0980000,0x00000007d0980000,0x00000007d7280000)
 ParOldGen       total 432128K, used 268012K [0x0000000700000000, 0x000000071a600000, 0x00000007aaa80000)
  object space 432128K, 62% used [0x0000000700000000,0x00000007105bb270,0x000000071a600000)
 PSPermGen       total 21504K, used 6303K [0x00000006f5a00000, 0x00000006f6f00000, 0x0000000700000000)
  object space 21504K, 29% used [0x00000006f5a00000,0x00000006f6027f90,0x00000006f6f00000)
Event: 15.301 GC heap after
Heap after GC invocations=17 (full 3):
 PSYoungGen      total 603136K, used 72644K [0x00000007aaa80000, 0x00000007d6e00000, 0x0000000800000000)
  eden space 500224K, 0% used [0x00000007aaa80000,0x00000007aaa80000,0x00000007c9300000)
  from space 102912K, 70% used [0x00000007d0980000,0x00000007d50713a8,0x00000007d6e00000)
  to   space 112128K, 0% used [0x00000007c9300000,0x00000007c9300000,0x00000007d0080000)
 ParOldGen       total 432128K, used 321058K [0x0000000700000000, 0x000000071a600000, 0x00000007aaa80000)
  object space 432128K, 74% used [0x0000000700000000,0x0000000713988988,0x000000071a600000)
 PSPermGen       total 21504K, used 6303K [0x00000006f5a00000, 0x00000006f6f00000, 0x0000000700000000)
  object space 21504K, 29% used [0x00000006f5a00000,0x00000006f6027f90,0x00000006f6f00000)
}
Event: 16.210 GC heap before
{Heap before GC invocations=18 (full 3):
 PSYoungGen      total 603136K, used 572868K [0x00000007aaa80000, 0x00000007d6e00000, 0x0000000800000000)
  eden space 500224K, 100% used [0x00000007aaa80000,0x00000007c9300000,0x00000007c9300000)
  from space 102912K, 70% used [0x00000007d0980000,0x00000007d50713a8,0x00000007d6e00000)
  to   space 112128K, 0% used [0x00000007c9300000,0x00000007c9300000,0x00000007d0080000)
 ParOldGen       total 432128K, used 321058K [0x0000000700000000, 0x000000071a600000, 0x00000007aaa80000)
  object space 432128K, 74% used [0x0000000700000000,0x0000000713988988,0x000000071a600000)
 PSPermGen       total 21504K, used 6312K [0x00000006f5a00000, 0x00000006f6f00000, 0x0000000700000000)
  object space 21504K, 29% used [0x00000006f5a00000,0x00000006f602a118,0x00000006f6f00000)
Event: 16.390 GC heap after
Heap after GC invocations=18 (full 3):
 PSYoungGen      total 612352K, used 112108K [0x00000007aaa80000, 0x00000007e1880000, 0x0000000800000000)
  eden space 500224K, 0% used [0x00000007aaa80000,0x00000007aaa80000,0x00000007c9300000)
  from space 112128K, 99% used [0x00000007c9300000,0x00000007d007b150,0x00000007d0080000)
  to   space 144896K, 0% used [0x00000007d8b00000,0x00000007d8b00000,0x00000007e1880000)
 ParOldGen       total 432128K, used 358894K [0x0000000700000000, 0x000000071a600000, 0x00000007aaa80000)
  object space 432128K, 83% used [0x0000000700000000,0x0000000715e7bbe0,0x000000071a600000)
 PSPermGen       total 21504K, used 6312K [0x00000006f5a00000, 0x00000006f6f00000, 0x0000000700000000)
  object space 21504K, 29% used [0x00000006f5a00000,0x00000006f602a118,0x00000006f6f00000)
}
Event: 17.531 GC heap before
{Heap before GC invocations=19 (full 3):
 PSYoungGen      total 612352K, used 612332K [0x00000007aaa80000, 0x00000007e1880000, 0x0000000800000000)
  eden space 500224K, 100% used [0x00000007aaa80000,0x00000007c9300000,0x00000007c9300000)
  from space 112128K, 99% used [0x00000007c9300000,0x00000007d007b150,0x00000007d0080000)
  to   space 144896K, 0% used [0x00000007d8b00000,0x00000007d8b00000,0x00000007e1880000)
 ParOldGen       total 432128K, used 358894K [0x0000000700000000, 0x000000071a600000, 0x00000007aaa80000)
  object space 432128K, 83% used [0x0000000700000000,0x0000000715e7bbe0,0x000000071a600000)
 PSPermGen       total 21504K, used 6316K [0x00000006f5a00000, 0x00000006f6f00000, 0x0000000700000000)
  object space 21504K, 29% used [0x00000006f5a00000,0x00000006f602b030,0x00000006f6f00000)
Event: 17.827 GC heap after
Heap after GC invocations=19 (full 3):
 PSYoungGen      total 754688K, used 78257K [0x00000007aaa80000, 0x00000007e2280000, 0x0000000800000000)
  eden space 609792K, 0% used [0x00000007aaa80000,0x00000007aaa80000,0x00000007cfe00000)
  from space 144896K, 54% used [0x00000007d8b00000,0x00000007dd76c4c0,0x00000007e1880000)
  to   space 144384K, 0% used [0x00000007cfe00000,0x00000007cfe00000,0x00000007d8b00000)
 ParOldGen       total 472064K, used 471729K [0x0000000700000000, 0x000000071cd00000, 0x00000007aaa80000)
  object space 472064K, 99% used [0x0000000700000000,0x000000071ccac620,0x000000071cd00000)
 PSPermGen       total 21504K, used 6316K [0x00000006f5a00000, 0x00000006f6f00000, 0x0000000700000000)
  object space 21504K, 29% used [0x00000006f5a00000,0x00000006f602b030,0x00000006f6f00000)
}
Event: 17.827 GC heap before
{Heap before GC invocations=20 (full 4):
 PSYoungGen      total 754688K, used 78257K [0x00000007aaa80000, 0x00000007e2280000, 0x0000000800000000)
  eden space 609792K, 0% used [0x00000007aaa80000,0x00000007aaa80000,0x00000007cfe00000)
  from space 144896K, 54% used [0x00000007d8b00000,0x00000007dd76c4c0,0x00000007e1880000)
  to   space 144384K, 0% used [0x00000007cfe00000,0x00000007cfe00000,0x00000007d8b00000)
 ParOldGen       total 472064K, used 471729K [0x0000000700000000, 0x000000071cd00000, 0x00000007aaa80000)
  object space 472064K, 99% used [0x0000000700000000,0x000000071ccac620,0x000000071cd00000)
 PSPermGen       total 21504K, used 6316K [0x00000006f5a00000, 0x00000006f6f00000, 0x0000000700000000)
  object space 21504K, 29% used [0x00000006f5a00000,0x00000006f602b030,0x00000006f6f00000)

Deoptimization events (10 events):
Event: 11.939 Thread 0x00007fe56000a000 Uncommon trap: reason=null_check action=make_not_entrant pc=0x00007fe55d4026a4 method=com.android.dx.cf.direct.StdAttributeFactory.enclosingMethod(Lcom/android/dx/cf/direct/DirectClassFile;IILcom/android/dx/cf/iface/ParseObserver;)Lcom/android/dx/cf/iface
Event: 12.412 Thread 0x00007fe56000a000 Uncommon trap: reason=class_check action=maybe_recompile pc=0x00007fe55d1e3470 method=com.android.dx.ssa.SCCP.replaceConstants()V @ 182
Event: 12.527 Thread 0x00007fe56000a000 Uncommon trap: reason=unreached action=reinterpret pc=0x00007fe55d3a22ec method=com.android.dx.rop.code.LocalItem.compareHandlesNulls(Lcom/android/dx/rop/cst/CstString;Lcom/android/dx/rop/cst/CstString;)I @ 14
Event: 12.527 Thread 0x00007fe56000a000 Uncommon trap: reason=unreached action=reinterpret pc=0x00007fe55d2e26c0 method=com.android.dx.rop.code.LocalItem.compareHandlesNulls(Lcom/android/dx/rop/cst/CstString;Lcom/android/dx/rop/cst/CstString;)I @ 14
Event: 13.152 Thread 0x00007fe56000a000 Uncommon trap: reason=predicate action=maybe_recompile pc=0x00007fe55d1b9d74 method=com.android.dx.ssa.DomFront.run()[Lcom/android/dx/ssa/DomFront$DomInfo; @ 175
Event: 13.152 Thread 0x00007fe56000a000 Uncommon trap: reason=unloaded action=reinterpret pc=0x00007fe55d1a20f8 method=com.android.dx.ssa.SetFactory.makeDomFrontSet(I)Lcom/android/dx/util/IntSet; @ 18
Event: 13.153 Thread 0x00007fe56000a000 Uncommon trap: reason=class_check action=maybe_recompile pc=0x00007fe55d14a95c method=com.android.dx.ssa.DomFront.calcDomFronts()V @ 101
Event: 13.157 Thread 0x00007fe56000a000 Uncommon trap: reason=class_check action=maybe_recompile pc=0x00007fe55d0c55b4 method=com.android.dx.ssa.SsaConverter.placePhiFunctions(Lcom/android/dx/ssa/SsaMethod;Lcom/android/dx/ssa/LocalVariableInfo;I)V @ 257
Event: 14.585 Thread 0x00007fe56000a000 Uncommon trap: reason=class_check action=maybe_recompile pc=0x00007fe55d1e3470 method=com.android.dx.ssa.SCCP.replaceConstants()V @ 182
Event: 16.916 Thread 0x00007fe56000a000 Uncommon trap: reason=class_check action=maybe_recompile pc=0x00007fe55d0c55b4 method=com.android.dx.ssa.SsaConverter.placePhiFunctions(Lcom/android/dx/ssa/SsaMethod;Lcom/android/dx/ssa/LocalVariableInfo;I)V @ 257

Internal exceptions (10 events):
Event: 9.689 Thread 0x00007fe56000a000 Implicit null exception at 0x00007fe55d129d1d to 0x00007fe55d129f0d
Event: 9.689 Thread 0x00007fe56000a000 Implicit null exception at 0x00007fe55d183139 to 0x00007fe55d183e11
Event: 9.690 Thread 0x00007fe56000a000 Implicit null exception at 0x00007fe55d284d29 to 0x00007fe55d284efd
Event: 9.690 Thread 0x00007fe56000a000 Implicit null exception at 0x00007fe55d222cb5 to 0x00007fe55d222e15
Event: 9.860 Thread 0x00007fe56000a000 Threw 0x00000007b8d2e4e8 at /build/openjdk-7-yI9zWD/openjdk-7-7u79-2.5.6/build/openjdk/hotspot/src/share/vm/prims/jvm.cpp:1284
Event: 11.939 Thread 0x00007fe56000a000 Implicit null exception at 0x00007fe55d400f13 to 0x00007fe55d402695
Event: 12.527 Thread 0x00007fe56000a000 Implicit null exception at 0x00007fe55d3a1762 to 0x00007fe55d3a22c1
Event: 12.527 Thread 0x00007fe56000a000 Implicit null exception at 0x00007fe55d2e24d2 to 0x00007fe55d2e26ad
Event: 13.152 Thread 0x00007fe56000a000 Threw 0x00000007c3f8cfa0 at /build/openjdk-7-yI9zWD/openjdk-7-7u79-2.5.6/build/openjdk/hotspot/src/share/vm/prims/jvm.cpp:1284
Event: 13.157 Thread 0x00007fe56000a000 Threw 0x00000007c3fd2b48 at /build/openjdk-7-yI9zWD/openjdk-7-7u79-2.5.6/build/openjdk/hotspot/src/share/vm/prims/jvm.cpp:1284

Events (10 events):
Event: 16.210 Executing VM operation: ParallelGCFailedAllocation
Event: 16.390 Executing VM operation: ParallelGCFailedAllocation done
Event: 16.400 Thread 0x00007fe5600a9800 flushing nmethod 0x00007fe55d13a510
Event: 16.404 Thread 0x00007fe5600ac800 flushing nmethod 0x00007fe55d1dde90
Event: 16.557 Thread 0x00007fe5600a9800 flushing nmethod 0x00007fe55d344210
Event: 16.749 Thread 0x00007fe5600a9800 flushing nmethod 0x00007fe55d3ff390
Event: 16.916 Thread 0x00007fe56000a000 Uncommon trap: trap_request=0xffffffde fr.pc=0x00007fe55d0c55b4
Event: 16.916 Thread 0x00007fe56000a000 DEOPT PACKING pc=0x00007fe55d0c55b4 sp=0x00007fe568bcc0c0
Event: 16.916 Thread 0x00007fe56000a000 DEOPT UNPACKING pc=0x00007fe55d039445 sp=0x00007fe568bcc068 mode 2
Event: 17.531 Executing VM operation: ParallelGCFailedAllocation


Dynamic libraries:
00400000-00401000 r-xp 00000000 08:01 20712222                           /usr/lib/jvm/java-7-openjdk-amd64/jre/bin/java
00600000-00601000 r--p 00000000 08:01 20712222                           /usr/lib/jvm/java-7-openjdk-amd64/jre/bin/java
00601000-00602000 rw-p 00001000 08:01 20712222                           /usr/lib/jvm/java-7-openjdk-amd64/jre/bin/java
00f04000-00f25000 rw-p 00000000 00:00 0                                  [heap]
6f5a00000-6f6f00000 rw-p 00000000 00:00 0 
6f6f00000-700000000 rw-p 00000000 00:00 0 
700000000-71cd00000 rw-p 00000000 00:00 0 
72bb00000-7aaa80000 rw-p 00000000 00:00 0 
7aaa80000-7e2280000 rw-p 00000000 00:00 0 
7e2280000-800000000 rw-p 00000000 00:00 0 
7fe520000000-7fe520021000 rw-p 00000000 00:00 0 
7fe520021000-7fe524000000 ---p 00000000 00:00 0 
7fe524000000-7fe52542e000 rw-p 00000000 00:00 0 
7fe52542e000-7fe528000000 ---p 00000000 00:00 0 
7fe528000000-7fe528021000 rw-p 00000000 00:00 0 
7fe528021000-7fe52c000000 ---p 00000000 00:00 0 
7fe52c000000-7fe52c021000 rw-p 00000000 00:00 0 
7fe52c021000-7fe530000000 ---p 00000000 00:00 0 
7fe530000000-7fe531d35000 rw-p 00000000 00:00 0 
7fe531d35000-7fe534000000 ---p 00000000 00:00 0 
7fe534000000-7fe534021000 rw-p 00000000 00:00 0 
7fe534021000-7fe538000000 ---p 00000000 00:00 0 
7fe538000000-7fe538021000 rw-p 00000000 00:00 0 
7fe538021000-7fe53c000000 ---p 00000000 00:00 0 
7fe53c000000-7fe53c240000 rw-p 00000000 00:00 0 
7fe53c240000-7fe540000000 ---p 00000000 00:00 0 
7fe54094d000-7fe540c4e000 rw-p 00000000 00:00 0 
7fe540c4e000-7fe540cba000 r-xp 00000000 08:01 22020192                   /lib/x86_64-linux-gnu/libpcre.so.3.13.1
7fe540cba000-7fe540eb9000 ---p 0006c000 08:01 22020192                   /lib/x86_64-linux-gnu/libpcre.so.3.13.1
7fe540eb9000-7fe540eba000 r--p 0006b000 08:01 22020192                   /lib/x86_64-linux-gnu/libpcre.so.3.13.1
7fe540eba000-7fe540ebb000 rw-p 0006c000 08:01 22020192                   /lib/x86_64-linux-gnu/libpcre.so.3.13.1
7fe540ebb000-7fe540ec2000 r-xp 00000000 08:01 20455638                   /usr/lib/x86_64-linux-gnu/libffi.so.6.0.4
7fe540ec2000-7fe5410c1000 ---p 00007000 08:01 20455638                   /usr/lib/x86_64-linux-gnu/libffi.so.6.0.4
7fe5410c1000-7fe5410c2000 r--p 00006000 08:01 20455638                   /usr/lib/x86_64-linux-gnu/libffi.so.6.0.4
7fe5410c2000-7fe5410c3000 rw-p 00007000 08:01 20455638                   /usr/lib/x86_64-linux-gnu/libffi.so.6.0.4
7fe5410c3000-7fe5410da000 r-xp 00000000 08:01 22024473                   /lib/x86_64-linux-gnu/libresolv-2.21.so
7fe5410da000-7fe5412da000 ---p 00017000 08:01 22024473                   /lib/x86_64-linux-gnu/libresolv-2.21.so
7fe5412da000-7fe5412dc000 r--p 00017000 08:01 22024473                   /lib/x86_64-linux-gnu/libresolv-2.21.so
7fe5412dc000-7fe5412dd000 rw-p 00019000 08:01 22024473                   /lib/x86_64-linux-gnu/libresolv-2.21.so
7fe5412dd000-7fe5412df000 rw-p 00000000 00:00 0 
7fe5412df000-7fe541300000 r-xp 00000000 08:01 22024477                   /lib/x86_64-linux-gnu/libselinux.so.1
7fe541300000-7fe5414ff000 ---p 00021000 08:01 22024477                   /lib/x86_64-linux-gnu/libselinux.so.1
7fe5414ff000-7fe541500000 r--p 00020000 08:01 22024477                   /lib/x86_64-linux-gnu/libselinux.so.1
7fe541500000-7fe541501000 rw-p 00021000 08:01 22024477                   /lib/x86_64-linux-gnu/libselinux.so.1
7fe541501000-7fe541503000 rw-p 00000000 00:00 0 
7fe541503000-7fe541506000 r-xp 00000000 08:01 20447655                   /usr/lib/x86_64-linux-gnu/libgmodule-2.0.so.0.4400.1
7fe541506000-7fe541705000 ---p 00003000 08:01 20447655                   /usr/lib/x86_64-linux-gnu/libgmodule-2.0.so.0.4400.1
7fe541705000-7fe541706000 r--p 00002000 08:01 20447655                   /usr/lib/x86_64-linux-gnu/libgmodule-2.0.so.0.4400.1
7fe541706000-7fe541707000 rw-p 00003000 08:01 20447655                   /usr/lib/x86_64-linux-gnu/libgmodule-2.0.so.0.4400.1
7fe541707000-7fe541814000 r-xp 00000000 08:01 22024241                   /lib/x86_64-linux-gnu/libglib-2.0.so.0.4400.1
7fe541814000-7fe541a13000 ---p 0010d000 08:01 22024241                   /lib/x86_64-linux-gnu/libglib-2.0.so.0.4400.1
7fe541a13000-7fe541a14000 r--p 0010c000 08:01 22024241                   /lib/x86_64-linux-gnu/libglib-2.0.so.0.4400.1
7fe541a14000-7fe541a15000 rw-p 0010d000 08:01 22024241                   /lib/x86_64-linux-gnu/libglib-2.0.so.0.4400.1
7fe541a15000-7fe541a16000 rw-p 00000000 00:00 0 
7fe541a16000-7fe541a66000 r-xp 00000000 08:01 20447615                   /usr/lib/x86_64-linux-gnu/libgobject-2.0.so.0.4400.1
7fe541a66000-7fe541c66000 ---p 00050000 08:01 20447615                   /usr/lib/x86_64-linux-gnu/libgobject-2.0.so.0.4400.1
7fe541c66000-7fe541c67000 r--p 00050000 08:01 20447615                   /usr/lib/x86_64-linux-gnu/libgobject-2.0.so.0.4400.1
7fe541c67000-7fe541c68000 rw-p 00051000 08:01 20447615                   /usr/lib/x86_64-linux-gnu/libgobject-2.0.so.0.4400.1
7fe541c68000-7fe541de0000 r-xp 00000000 08:01 20447637                   /usr/lib/x86_64-linux-gnu/libgio-2.0.so.0.4400.1
7fe541de0000-7fe541fe0000 ---p 00178000 08:01 20447637                   /usr/lib/x86_64-linux-gnu/libgio-2.0.so.0.4400.1
7fe541fe0000-7fe541fe4000 r--p 00178000 08:01 20447637                   /usr/lib/x86_64-linux-gnu/libgio-2.0.so.0.4400.1
7fe541fe4000-7fe541fe6000 rw-p 0017c000 08:01 20447637                   /usr/lib/x86_64-linux-gnu/libgio-2.0.so.0.4400.1
7fe541fe6000-7fe541fe8000 rw-p 00000000 00:00 0 
7fe541fe8000-7fe541fff000 r-xp 00000000 08:01 20587083                   /usr/lib/jvm/java-7-openjdk-amd64/jre/lib/amd64/libnet.so
7fe541fff000-7fe5421fe000 ---p 00017000 08:01 20587083                   /usr/lib/jvm/java-7-openjdk-amd64/jre/lib/amd64/libnet.so
7fe5421fe000-7fe5421ff000 r--p 00016000 08:01 20587083                   /usr/lib/jvm/java-7-openjdk-amd64/jre/lib/amd64/libnet.so
7fe5421ff000-7fe542200000 rw-p 00017000 08:01 20587083                   /usr/lib/jvm/java-7-openjdk-amd64/jre/lib/amd64/libnet.so
7fe542200000-7fe542211000 r-xp 00000000 08:01 20587088                   /usr/lib/jvm/java-7-openjdk-amd64/jre/lib/amd64/libnio.so
7fe542211000-7fe542410000 ---p 00011000 08:01 20587088                   /usr/lib/jvm/java-7-openjdk-amd64/jre/lib/amd64/libnio.so
7fe542410000-7fe542411000 r--p 00010000 08:01 20587088                   /usr/lib/jvm/java-7-openjdk-amd64/jre/lib/amd64/libnio.so
7fe542411000-7fe542412000 rw-p 00011000 08:01 20587088                   /usr/lib/jvm/java-7-openjdk-amd64/jre/lib/amd64/libnio.so
7fe542412000-7fe5424df000 r--s 0093b000 08:01 2229504                    /home/sharan/Dropbox/Muser/muser/build/intermediates/multi-dex/debug/allclasses.jar
7fe5424df000-7fe5424e0000 ---p 00000000 00:00 0 
7fe5424e0000-7fe5425e0000 rw-p 00000000 00:00 0                          [stack:7981]
7fe5425e0000-7fe5425e3000 ---p 00000000 00:00 0 
7fe5425e3000-7fe5426e1000 rw-p 00000000 00:00 0                          [stack:7980]
7fe5426e1000-7fe5426e4000 ---p 00000000 00:00 0 
7fe5426e4000-7fe5427e2000 rw-p 00000000 00:00 0                          [stack:7979]
7fe5427e2000-7fe5427e5000 ---p 00000000 00:00 0 
7fe5427e5000-7fe5428e3000 rw-p 00000000 00:00 0                          [stack:7978]
7fe5428e3000-7fe5428e6000 ---p 00000000 00:00 0 
7fe5428e6000-7fe5429e4000 rw-p 00000000 00:00 0                          [stack:7977]
7fe5429e4000-7fe5430c6000 r--p 00000000 08:01 20454393                   /usr/lib/locale/locale-archive
7fe5430c6000-7fe5430c9000 ---p 00000000 00:00 0 
7fe5430c9000-7fe5431c7000 rw-p 00000000 00:00 0                          [stack:7976]
7fe5431c7000-7fe5431ca000 ---p 00000000 00:00 0 
7fe5431ca000-7fe5432c8000 rw-p 00000000 00:00 0                          [stack:7975]
7fe5432c8000-7fe5432c9000 ---p 00000000 00:00 0 
7fe5432c9000-7fe54c000000 rw-p 00000000 00:00 0                          [stack:7974]
7fe54c000000-7fe54c021000 rw-p 00000000 00:00 0 
7fe54c021000-7fe550000000 ---p 00000000 00:00 0 
7fe550000000-7fe550021000 rw-p 00000000 00:00 0 
7fe550021000-7fe554000000 ---p 00000000 00:00 0 
7fe554000000-7fe554021000 rw-p 00000000 00:00 0 
7fe554021000-7fe558000000 ---p 00000000 00:00 0 
7fe558000000-7fe558021000 rw-p 00000000 00:00 0 
7fe558021000-7fe55c000000 ---p 00000000 00:00 0 
7fe55c064000-7fe55d000000 rw-p 00000000 00:00 0 
7fe55d000000-7fe55d420000 rwxp 00000000 00:00 0 
7fe55d420000-7fe560378000 rw-p 00000000 00:00 0 
7fe560378000-7fe564000000 ---p 00000000 00:00 0 
7fe56400f000-7fe5641bc000 rw-p 00000000 00:00 0 
7fe5641bc000-7fe56436d000 r--s 01d29000 08:01 20587021                   /usr/lib/jvm/java-7-openjdk-amd64/jre/lib/rt.jar
7fe56436d000-7fe5644ba000 rw-p 00000000 00:00 0 
7fe5644ba000-7fe5644bb000 ---p 00000000 00:00 0 
7fe5644bb000-7fe5645bb000 rw-p 00000000 00:00 0                          [stack:7973]
7fe5645bb000-7fe5645bc000 ---p 00000000 00:00 0 
7fe5645bc000-7fe5646bc000 rw-p 00000000 00:00 0                          [stack:7972]
7fe5646bc000-7fe5646bd000 ---p 00000000 00:00 0 
7fe5646bd000-7fe5647bd000 rw-p 00000000 00:00 0                          [stack:7971]
7fe5647bd000-7fe5647be000 ---p 00000000 00:00 0 
7fe5647be000-7fe5648c9000 rw-p 00000000 00:00 0                          [stack:7970]
7fe5648c9000-7fe564911000 rw-p 00000000 00:00 0 
7fe564911000-7fe5649f8000 rw-p 00000000 00:00 0 
7fe5649f8000-7fe564e67000 rw-p 00000000 00:00 0 
7fe564e67000-7fe564e72000 rw-p 00000000 00:00 0 
7fe564e72000-7fe564eba000 rw-p 00000000 00:00 0 
7fe564eba000-7fe564fa1000 rw-p 00000000 00:00 0 
7fe564fa1000-7fe56540f000 rw-p 00000000 00:00 0 
7fe56540f000-7fe5655cc000 rw-p 00000000 00:00 0 
7fe5655cc000-7fe5656ba000 rw-p 00000000 00:00 0 
7fe5656ba000-7fe5656bb000 rw-p 00000000 00:00 0 
7fe5656bb000-7fe5656c3000 r-xp 00000000 08:01 20587054                   /usr/lib/jvm/java-7-openjdk-amd64/jre/lib/amd64/libzip.so
7fe5656c3000-7fe5658c2000 ---p 00008000 08:01 20587054                   /usr/lib/jvm/java-7-openjdk-amd64/jre/lib/amd64/libzip.so
7fe5658c2000-7fe5658c3000 r--p 00007000 08:01 20587054                   /usr/lib/jvm/java-7-openjdk-amd64/jre/lib/amd64/libzip.so
7fe5658c3000-7fe5658c4000 rw-p 00008000 08:01 20587054                   /usr/lib/jvm/java-7-openjdk-amd64/jre/lib/amd64/libzip.so
7fe5658c4000-7fe5658d0000 r-xp 00000000 08:01 22024420                   /lib/x86_64-linux-gnu/libnss_files-2.21.so
7fe5658d0000-7fe565acf000 ---p 0000c000 08:01 22024420                   /lib/x86_64-linux-gnu/libnss_files-2.21.so
7fe565acf000-7fe565ad0000 r--p 0000b000 08:01 22024420                   /lib/x86_64-linux-gnu/libnss_files-2.21.so
7fe565ad0000-7fe565ad1000 rw-p 0000c000 08:01 22024420                   /lib/x86_64-linux-gnu/libnss_files-2.21.so
7fe565ad1000-7fe565adc000 r-xp 00000000 08:01 22024430                   /lib/x86_64-linux-gnu/libnss_nis-2.21.so
7fe565adc000-7fe565cdb000 ---p 0000b000 08:01 22024430                   /lib/x86_64-linux-gnu/libnss_nis-2.21.so
7fe565cdb000-7fe565cdc000 r--p 0000a000 08:01 22024430                   /lib/x86_64-linux-gnu/libnss_nis-2.21.so
7fe565cdc000-7fe565cdd000 rw-p 0000b000 08:01 22024430                   /lib/x86_64-linux-gnu/libnss_nis-2.21.so
7fe565cdd000-7fe565cf4000 r-xp 00000000 08:01 22024414                   /lib/x86_64-linux-gnu/libnsl-2.21.so
7fe565cf4000-7fe565ef3000 ---p 00017000 08:01 22024414                   /lib/x86_64-linux-gnu/libnsl-2.21.so
7fe565ef3000-7fe565ef4000 r--p 00016000 08:01 22024414                   /lib/x86_64-linux-gnu/libnsl-2.21.so
7fe565ef4000-7fe565ef5000 rw-p 00017000 08:01 22024414                   /lib/x86_64-linux-gnu/libnsl-2.21.so
7fe565ef5000-7fe565ef7000 rw-p 00000000 00:00 0 
7fe565ef7000-7fe565eff000 r-xp 00000000 08:01 22024416                   /lib/x86_64-linux-gnu/libnss_compat-2.21.so
7fe565eff000-7fe5660fe000 ---p 00008000 08:01 22024416                   /lib/x86_64-linux-gnu/libnss_compat-2.21.so
7fe5660fe000-7fe5660ff000 r--p 00007000 08:01 22024416                   /lib/x86_64-linux-gnu/libnss_compat-2.21.so
7fe5660ff000-7fe566100000 rw-p 00008000 08:01 22024416                   /lib/x86_64-linux-gnu/libnss_compat-2.21.so
7fe566100000-7fe56612d000 r-xp 00000000 08:01 20587091                   /usr/lib/jvm/java-7-openjdk-amd64/jre/lib/amd64/libjava.so
7fe56612d000-7fe56632c000 ---p 0002d000 08:01 20587091                   /usr/lib/jvm/java-7-openjdk-amd64/jre/lib/amd64/libjava.so
7fe56632c000-7fe56632d000 r--p 0002c000 08:01 20587091                   /usr/lib/jvm/java-7-openjdk-amd64/jre/lib/amd64/libjava.so
7fe56632d000-7fe56632f000 rw-p 0002d000 08:01 20587091                   /usr/lib/jvm/java-7-openjdk-amd64/jre/lib/amd64/libjava.so
7fe56632f000-7fe56633e000 r-xp 00000000 08:01 20587072                   /usr/lib/jvm/java-7-openjdk-amd64/jre/lib/amd64/libverify.so
7fe56633e000-7fe56653d000 ---p 0000f000 08:01 20587072                   /usr/lib/jvm/java-7-openjdk-amd64/jre/lib/amd64/libverify.so
7fe56653d000-7fe566540000 r--p 0000e000 08:01 20587072                   /usr/lib/jvm/java-7-openjdk-amd64/jre/lib/amd64/libverify.so
7fe566540000-7fe566541000 rw-p 00011000 08:01 20587072                   /usr/lib/jvm/java-7-openjdk-amd64/jre/lib/amd64/libverify.so
7fe566541000-7fe566548000 r-xp 00000000 08:01 22024475                   /lib/x86_64-linux-gnu/librt-2.21.so
7fe566548000-7fe566747000 ---p 00007000 08:01 22024475                   /lib/x86_64-linux-gnu/librt-2.21.so
7fe566747000-7fe566748000 r--p 00006000 08:01 22024475                   /lib/x86_64-linux-gnu/librt-2.21.so
7fe566748000-7fe566749000 rw-p 00007000 08:01 22024475                   /lib/x86_64-linux-gnu/librt-2.21.so
7fe566749000-7fe56675f000 r-xp 00000000 08:01 22024363                   /lib/x86_64-linux-gnu/libgcc_s.so.1
7fe56675f000-7fe56695e000 ---p 00016000 08:01 22024363                   /lib/x86_64-linux-gnu/libgcc_s.so.1
7fe56695e000-7fe56695f000 rw-p 00015000 08:01 22024363                   /lib/x86_64-linux-gnu/libgcc_s.so.1
7fe56695f000-7fe566a66000 r-xp 00000000 08:01 22024393                   /lib/x86_64-linux-gnu/libm-2.21.so
7fe566a66000-7fe566c65000 ---p 00107000 08:01 22024393                   /lib/x86_64-linux-gnu/libm-2.21.so
7fe566c65000-7fe566c66000 r--p 00106000 08:01 22024393                   /lib/x86_64-linux-gnu/libm-2.21.so
7fe566c66000-7fe566c67000 rw-p 00107000 08:01 22024393                   /lib/x86_64-linux-gnu/libm-2.21.so
7fe566c67000-7fe566d57000 r-xp 00000000 08:01 20456311                   /usr/lib/x86_64-linux-gnu/libstdc++.so.6.0.20
7fe566d57000-7fe566f57000 ---p 000f0000 08:01 20456311                   /usr/lib/x86_64-linux-gnu/libstdc++.so.6.0.20
7fe566f57000-7fe566f5f000 r--p 000f0000 08:01 20456311                   /usr/lib/x86_64-linux-gnu/libstdc++.so.6.0.20
7fe566f5f000-7fe566f61000 rw-p 000f8000 08:01 20456311                   /usr/lib/x86_64-linux-gnu/libstdc++.so.6.0.20
7fe566f61000-7fe566f76000 rw-p 00000000 00:00 0 
7fe566f76000-7fe567ace000 r-xp 00000000 08:01 20587060                   /usr/lib/jvm/java-7-openjdk-amd64/jre/lib/amd64/server/libjvm.so
7fe567ace000-7fe567ccd000 ---p 00b58000 08:01 20587060                   /usr/lib/jvm/java-7-openjdk-amd64/jre/lib/amd64/server/libjvm.so
7fe567ccd000-7fe567d6c000 r--p 00b57000 08:01 20587060                   /usr/lib/jvm/java-7-openjdk-amd64/jre/lib/amd64/server/libjvm.so
7fe567d6c000-7fe567d8f000 rw-p 00bf6000 08:01 20587060                   /usr/lib/jvm/java-7-openjdk-amd64/jre/lib/amd64/server/libjvm.so
7fe567d8f000-7fe567dbc000 rw-p 00000000 00:00 0 
7fe567dbc000-7fe567dd5000 r-xp 00000000 08:01 22024508                   /lib/x86_64-linux-gnu/libz.so.1.2.8
7fe567dd5000-7fe567fd5000 ---p 00019000 08:01 22024508                   /lib/x86_64-linux-gnu/libz.so.1.2.8
7fe567fd5000-7fe567fd6000 r--p 00019000 08:01 22024508                   /lib/x86_64-linux-gnu/libz.so.1.2.8
7fe567fd6000-7fe567fd7000 rw-p 0001a000 08:01 22024508                   /lib/x86_64-linux-gnu/libz.so.1.2.8
7fe567fd7000-7fe567fef000 r-xp 00000000 08:01 22024467                   /lib/x86_64-linux-gnu/libpthread-2.21.so
7fe567fef000-7fe5681ef000 ---p 00018000 08:01 22024467                   /lib/x86_64-linux-gnu/libpthread-2.21.so
7fe5681ef000-7fe5681f0000 r--p 00018000 08:01 22024467                   /lib/x86_64-linux-gnu/libpthread-2.21.so
7fe5681f0000-7fe5681f1000 rw-p 00019000 08:01 22024467                   /lib/x86_64-linux-gnu/libpthread-2.21.so
7fe5681f1000-7fe5681f5000 rw-p 00000000 00:00 0 
7fe5681f5000-7fe5681f8000 r-xp 00000000 08:01 22024351                   /lib/x86_64-linux-gnu/libdl-2.21.so
7fe5681f8000-7fe5683f7000 ---p 00003000 08:01 22024351                   /lib/x86_64-linux-gnu/libdl-2.21.so
7fe5683f7000-7fe5683f8000 r--p 00002000 08:01 22024351                   /lib/x86_64-linux-gnu/libdl-2.21.so
7fe5683f8000-7fe5683f9000 rw-p 00003000 08:01 22024351                   /lib/x86_64-linux-gnu/libdl-2.21.so
7fe5683f9000-7fe5685b9000 r-xp 00000000 08:01 22024334                   /lib/x86_64-linux-gnu/libc-2.21.so
7fe5685b9000-7fe5687b9000 ---p 001c0000 08:01 22024334                   /lib/x86_64-linux-gnu/libc-2.21.so
7fe5687b9000-7fe5687bd000 r--p 001c0000 08:01 22024334                   /lib/x86_64-linux-gnu/libc-2.21.so
7fe5687bd000-7fe5687bf000 rw-p 001c4000 08:01 22024334                   /lib/x86_64-linux-gnu/libc-2.21.so
7fe5687bf000-7fe5687c3000 rw-p 00000000 00:00 0 
7fe5687c3000-7fe5687d0000 r-xp 00000000 08:01 20587057                   /usr/lib/jvm/java-7-openjdk-amd64/jre/lib/amd64/jli/libjli.so
7fe5687d0000-7fe5689cf000 ---p 0000d000 08:01 20587057                   /usr/lib/jvm/java-7-openjdk-amd64/jre/lib/amd64/jli/libjli.so
7fe5689cf000-7fe5689d0000 r--p 0000c000 08:01 20587057                   /usr/lib/jvm/java-7-openjdk-amd64/jre/lib/amd64/jli/libjli.so
7fe5689d0000-7fe5689d1000 rw-p 0000d000 08:01 20587057                   /usr/lib/jvm/java-7-openjdk-amd64/jre/lib/amd64/jli/libjli.so
7fe5689d1000-7fe5689f5000 r-xp 00000000 08:01 22024306                   /lib/x86_64-linux-gnu/ld-2.21.so
7fe5689fe000-7fe568a0d000 r--s 000dd000 08:01 21636737                   /home/sharan/Android/Sdk/build-tools/21.1.2/lib/dx.jar
7fe568a0d000-7fe568a1e000 rw-p 00000000 00:00 0 
7fe568a1e000-7fe568acd000 rw-p 00000000 00:00 0 
7fe568acd000-7fe568ad0000 ---p 00000000 00:00 0 
7fe568ad0000-7fe568bd4000 rw-p 00000000 00:00 0                          [stack:7969]
7fe568bd4000-7fe568bd8000 r--s 00034000 08:01 20587040                   /usr/lib/jvm/java-7-openjdk-amd64/jre/lib/ext/sunjce_provider.jar
7fe568bd8000-7fe568bdc000 r--s 0003c000 08:01 20587041                   /usr/lib/jvm/java-7-openjdk-amd64/jre/lib/ext/sunpkcs11.jar
7fe568bdc000-7fe568bdf000 r--s 0000f000 08:01 20587042                   /usr/lib/jvm/java-7-openjdk-amd64/jre/lib/ext/icedtea-sound.jar
7fe568bdf000-7fe568be3000 r--s 00085000 08:01 20587038                   /usr/lib/jvm/java-7-openjdk-amd64/jre/lib/ext/localedata.jar
7fe568be3000-7fe568be5000 r--s 00012000 08:01 20587043                   /usr/lib/jvm/java-7-openjdk-amd64/jre/lib/ext/zipfs.jar
7fe568be5000-7fe568be7000 r--s 00006000 08:01 20971724                   /usr/share/java/java-atk-wrapper.jar
7fe568be7000-7fe568be8000 r--s 00002000 08:01 20587039                   /usr/lib/jvm/java-7-openjdk-amd64/jre/lib/ext/dnsns.jar
7fe568be8000-7fe568bf0000 rw-s 00000000 08:01 3016569                    /tmp/hsperfdata_sharan/7965
7fe568bf0000-7fe568bf1000 rw-p 00000000 00:00 0 
7fe568bf1000-7fe568bf2000 ---p 00000000 00:00 0 
7fe568bf2000-7fe568bf4000 rw-p 00000000 00:00 0 
7fe568bf4000-7fe568bf5000 r--p 00023000 08:01 22024306                   /lib/x86_64-linux-gnu/ld-2.21.so
7fe568bf5000-7fe568bf6000 rw-p 00024000 08:01 22024306                   /lib/x86_64-linux-gnu/ld-2.21.so
7fe568bf6000-7fe568bf7000 rw-p 00000000 00:00 0 
7ffefbb15000-7ffefbb36000 rw-p 00000000 00:00 0                          [stack]
7ffefbbdf000-7ffefbbe1000 r--p 00000000 00:00 0                          [vvar]
7ffefbbe1000-7ffefbbe3000 r-xp 00000000 00:00 0                          [vdso]
ffffffffff600000-ffffffffff601000 r-xp 00000000 00:00 0                  [vsyscall]

VM Arguments:
jvm_args: -Xmx4g -Dfile.encoding=UTF-8 -Duser.country=IN -Duser.language=en -Duser.variant 
java_command: com.android.dx.command.Main --dex --force-jumbo --multi-dex --main-dex-list /home/sharan/Dropbox/Muser/muser/build/intermediates/multi-dex/debug/maindexlist.txt --output /home/sharan/Dropbox/Muser/muser/build/intermediates/dex/debug /home/sharan/Dropbox/Muser/muser/build/intermediates/multi-dex/debug/allclasses.jar
Launcher Type: SUN_STANDARD

Environment Variables:
JAVA_HOME=/usr/lib/jvm/java-8-oracle
PATH=/usr/local/sbin:/usr/local/bin:/usr/sbin:/usr/bin:/sbin:/bin:/usr/games:/usr/local/games:/usr/lib/jvm/java-8-oracle/bin:/usr/lib/jvm/java-8-oracle/db/bin:/usr/lib/jvm/java-8-oracle/jre/bin
LD_LIBRARY_PATH=/opt/android-studio/bin:
SHELL=/bin/bash
DISPLAY=:0

Signal Handlers:
SIGSEGV: [libjvm.so+0x98ac50], sa_mask[0]=0x7ffbfeff, sa_flags=0x10000004
SIGBUS: [libjvm.so+0x98ac50], sa_mask[0]=0x7ffbfeff, sa_flags=0x10000004
SIGFPE: [libjvm.so+0x7f8ab0], sa_mask[0]=0x7ffbfeff, sa_flags=0x10000004
SIGPIPE: [libjvm.so+0x7f8ab0], sa_mask[0]=0x7ffbfeff, sa_flags=0x10000004
SIGXFSZ: [libjvm.so+0x7f8ab0], sa_mask[0]=0x7ffbfeff, sa_flags=0x10000004
SIGILL: [libjvm.so+0x7f8ab0], sa_mask[0]=0x7ffbfeff, sa_flags=0x10000004
SIGUSR1: SIG_DFL, sa_mask[0]=0x00000000, sa_flags=0x00000000
SIGUSR2: [libjvm.so+0x7f8930], sa_mask[0]=0x00000004, sa_flags=0x10000004
SIGHUP: [libjvm.so+0x7f8b30], sa_mask[0]=0x7ffbfeff, sa_flags=0x10000004
SIGINT: [libjvm.so+0x7f8b30], sa_mask[0]=0x7ffbfeff, sa_flags=0x10000004
SIGTERM: [libjvm.so+0x7f8b30], sa_mask[0]=0x7ffbfeff, sa_flags=0x10000004
SIGQUIT: [libjvm.so+0x7f8b30], sa_mask[0]=0x7ffbfeff, sa_flags=0x10000004
SIGTRAP: SIG_DFL, sa_mask[0]=0x00000000, sa_flags=0x00000000


---------------  S Y S T E M  ---------------

OS:Ubuntu 15.04 (vivid)
uname:Linux 3.19.0-26-generic #28-Ubuntu SMP Tue Aug 11 14:16:32 UTC 2015 x86_64
libc:glibc 2.21 NPTL 2.21 
rlimit: STACK 8192k, CORE 0k, NPROC 31366, NOFILE 65536, AS infinity
load average:3.78 2.97 2.00

/proc/meminfo:
MemTotal:        8052020 kB
MemFree:          142712 kB
MemAvailable:     162704 kB
Buffers:            3376 kB
Cached:          1036804 kB
SwapCached:            0 kB
Active:          6813132 kB
Inactive:         895304 kB
Active(anon):    6739564 kB
Inactive(anon):   819172 kB
Active(file):      73568 kB
Inactive(file):    76132 kB
Unevictable:          32 kB
Mlocked:              32 kB
SwapTotal:             0 kB
SwapFree:              0 kB
Dirty:             11936 kB
Writeback:             0 kB
AnonPages:       6668636 kB
Mapped:           423492 kB
Shmem:            890112 kB
Slab:              97716 kB
SReclaimable:      59220 kB
SUnreclaim:        38496 kB
KernelStack:       11776 kB
PageTables:        48620 kB
NFS_Unstable:          0 kB
Bounce:                0 kB
WritebackTmp:          0 kB
CommitLimit:     4026008 kB
Committed_AS:   14280288 kB
VmallocTotal:   34359738367 kB
VmallocUsed:      358860 kB
VmallocChunk:   34359320344 kB
HardwareCorrupted:     0 kB
AnonHugePages:   3713024 kB
CmaTotal:              0 kB
CmaFree:               0 kB
HugePages_Total:       0
HugePages_Free:        0
HugePages_Rsvd:        0
HugePages_Surp:        0
Hugepagesize:       2048 kB
DirectMap4k:      173116 kB
DirectMap2M:     8091648 kB
DirectMap1G:           0 kB


CPU:total 4 (2 cores per cpu, 2 threads per core) family 6 model 60 stepping 3, cmov, cx8, fxsr, mmx, sse, sse2, sse3, ssse3, sse4.1, sse4.2, popcnt, avx, avx2, aes, erms, ht, tsc, tscinvbit

/proc/cpuinfo:
processor	: 0
vendor_id	: GenuineIntel
cpu family	: 6
model		: 60
model name	: Intel(R) Core(TM) i3-4150 CPU @ 3.50GHz
stepping	: 3
microcode	: 0x12
cpu MHz		: 3500.273
cache size	: 3072 KB
physical id	: 0
siblings	: 4
core id		: 0
cpu cores	: 2
apicid		: 0
initial apicid	: 0
fpu		: yes
fpu_exception	: yes
cpuid level	: 13
wp		: yes
flags		: fpu vme de pse tsc msr pae mce cx8 apic sep mtrr pge mca cmov pat pse36 clflush dts acpi mmx fxsr sse sse2 ss ht tm pbe syscall nx pdpe1gb rdtscp lm constant_tsc arch_perfmon pebs bts rep_good nopl xtopology nonstop_tsc aperfmperf eagerfpu pni pclmulqdq dtes64 monitor ds_cpl vmx est tm2 ssse3 fma cx16 xtpr pdcm pcid sse4_1 sse4_2 movbe popcnt tsc_deadline_timer aes xsave avx f16c rdrand lahf_lm abm arat pln pts dtherm tpr_shadow vnmi flexpriority ept vpid fsgsbase tsc_adjust bmi1 avx2 smep bmi2 erms invpcid xsaveopt
bugs		:
bogomips	: 6983.43
clflush size	: 64
cache_alignment	: 64
address sizes	: 39 bits physical, 48 bits virtual
power management:

processor	: 1
vendor_id	: GenuineIntel
cpu family	: 6
model		: 60
model name	: Intel(R) Core(TM) i3-4150 CPU @ 3.50GHz
stepping	: 3
microcode	: 0x12
cpu MHz		: 3499.863
cache size	: 3072 KB
physical id	: 0
siblings	: 4
core id		: 1
cpu cores	: 2
apicid		: 2
initial apicid	: 2
fpu		: yes
fpu_exception	: yes
cpuid level	: 13
wp		: yes
flags		: fpu vme de pse tsc msr pae mce cx8 apic sep mtrr pge mca cmov pat pse36 clflush dts acpi mmx fxsr sse sse2 ss ht tm pbe syscall nx pdpe1gb rdtscp lm constant_tsc arch_perfmon pebs bts rep_good nopl xtopology nonstop_tsc aperfmperf eagerfpu pni pclmulqdq dtes64 monitor ds_cpl vmx est tm2 ssse3 fma cx16 xtpr pdcm pcid sse4_1 sse4_2 movbe popcnt tsc_deadline_timer aes xsave avx f16c rdrand lahf_lm abm arat pln pts dtherm tpr_shadow vnmi flexpriority ept vpid fsgsbase tsc_adjust bmi1 avx2 smep bmi2 erms invpcid xsaveopt
bugs		:
bogomips	: 6983.43
clflush size	: 64
cache_alignment	: 64
address sizes	: 39 bits physical, 48 bits virtual
power management:

processor	: 2
vendor_id	: GenuineIntel
cpu family	: 6
model		: 60
model name	: Intel(R) Core(TM) i3-4150 CPU @ 3.50GHz
stepping	: 3
microcode	: 0x12
cpu MHz		: 3500.957
cache size	: 3072 KB
physical id	: 0
siblings	: 4
core id		: 0
cpu cores	: 2
apicid		: 1
initial apicid	: 1
fpu		: yes
fpu_exception	: yes
cpuid level	: 13
wp		: yes
flags		: fpu vme de pse tsc msr pae mce cx8 apic sep mtrr pge mca cmov pat pse36 clflush dts acpi mmx fxsr sse sse2 ss ht tm pbe syscall nx pdpe1gb rdtscp lm constant_tsc arch_perfmon pebs bts rep_good nopl xtopology nonstop_tsc aperfmperf eagerfpu pni pclmulqdq dtes64 monitor ds_cpl vmx est tm2 ssse3 fma cx16 xtpr pdcm pcid sse4_1 sse4_2 movbe popcnt tsc_deadline_timer aes xsave avx f16c rdrand lahf_lm abm arat pln pts dtherm tpr_shadow vnmi flexpriority ept vpid fsgsbase tsc_adjust bmi1 avx2 smep bmi2 erms invpcid xsaveopt
bugs		:
bogomips	: 6983.43
clflush size	: 64
cache_alignment	: 64
address sizes	: 39 bits physical, 48 bits virtual
power management:

processor	: 3
vendor_id	: GenuineIntel
cpu family	: 6
model		: 60
model name	: Intel(R) Core(TM) i3-4150 CPU @ 3.50GHz
stepping	: 3
microcode	: 0x12
cpu MHz		: 3499.863
cache size	: 3072 KB
physical id	: 0
siblings	: 4
core id		: 1
cpu cores	: 2
apicid		: 3
initial apicid	: 3
fpu		: yes
fpu_exception	: yes
cpuid level	: 13
wp		: yes
flags		: fpu vme de pse tsc msr pae mce cx8 apic sep mtrr pge mca cmov pat pse36 clflush dts acpi mmx fxsr sse sse2 ss ht tm pbe syscall nx pdpe1gb rdtscp lm constant_tsc arch_perfmon pebs bts rep_good nopl xtopology nonstop_tsc aperfmperf eagerfpu pni pclmulqdq dtes64 monitor ds_cpl vmx est tm2 ssse3 fma cx16 xtpr pdcm pcid sse4_1 sse4_2 movbe popcnt tsc_deadline_timer aes xsave avx f16c rdrand lahf_lm abm arat pln pts dtherm tpr_shadow vnmi flexpriority ept vpid fsgsbase tsc_adjust bmi1 avx2 smep bmi2 erms invpcid xsaveopt
bugs		:
bogomips	: 6983.43
clflush size	: 64
cache_alignment	: 64
address sizes	: 39 bits physical, 48 bits virtual
power management:



Memory: 4k page, physical 8052020k(142712k free), swap 0k(0k free)

vm_info: OpenJDK 64-Bit Server VM (24.79-b02) for linux-amd64 JRE (1.7.0_79-b14), built on Jul 24 2015 05:24:39 by "buildd" with gcc 4.9.2

time: Tue Jan  5 16:21:20 2016
elapsed time: 20 seconds

