#
# There is insufficient memory for the Java Runtime Environment to continue.
# Native memory allocation (malloc) failed to allocate 244318208 bytes for committing reserved memory.
# Possible reasons:
#   The system is out of physical RAM or swap space
#   In 32 bit mode, the process size limit was hit
# Possible solutions:
#   Reduce memory load on the system
#   Increase physical memory or swap space
#   Check if swap backing store is full
#   Use 64 bit Java on a 64 bit OS
#   Decrease Java heap size (-Xmx/-Xms)
#   Decrease number of Java threads
#   Decrease Java thread stack sizes (-Xss)
#   Set larger code cache with -XX:ReservedCodeCacheSize=
# This output file may be truncated or incomplete.
#
#  Out of Memory Error (os_linux.cpp:2809), pid=7471, tid=140480222267136
#
# JRE version: OpenJDK Runtime Environment (7.0_79-b14) (build 1.7.0_79-b14)
# Java VM: OpenJDK 64-Bit Server VM (24.79-b02 mixed mode linux-amd64 compressed oops)
# Derivative: IcedTea 2.5.6
# Distribution: Ubuntu 15.04, package 7u79-2.5.6-0ubuntu1.15.04.1
# Failed to write core dump. Core dumps have been disabled. To enable core dumping, try "ulimit -c unlimited" before starting Java again
#

---------------  T H R E A D  ---------------

Current thread (0x00007fc420076000):  VMThread [stack: 0x00007fc419af0000,0x00007fc419bf1000] [id=7480]

Stack: [0x00007fc419af0000,0x00007fc419bf1000],  sp=0x00007fc419bef4c0,  free space=1021k
Native frames: (J=compiled Java code, j=interpreted, Vv=VM code, C=native code)
V  [libjvm.so+0x98a166]  VMError::report_and_die()+0x186
V  [libjvm.so+0x48f932]  report_vm_out_of_memory(char const*, int, unsigned long, char const*)+0x92
V  [libjvm.so+0x7fd56b]  os::pd_commit_memory(char*, unsigned long, unsigned long, bool)+0xeb
V  [libjvm.so+0x7f7c4e]  os::commit_memory(char*, unsigned long, unsigned long, bool)+0x2e
V  [libjvm.so+0x86a56b]  PSVirtualSpace::expand_by(unsigned long)+0x5b
V  [libjvm.so+0x858d5a]  PSOldGen::expand_by(unsigned long) [clone .part.29]+0x2a
V  [libjvm.so+0x858f10]  PSOldGen::expand(unsigned long) [clone .part.30]+0xc0
V  [libjvm.so+0x859ea8]  PSOldGen::resize(unsigned long)+0x198
V  [libjvm.so+0x861524]  PSParallelCompact::invoke_no_policy(bool) [clone .part.122]+0x994
V  [libjvm.so+0x867e85]  PSScavenge::invoke()+0x1a5
V  [libjvm.so+0x81fb73]  ParallelScavengeHeap::failed_mem_allocate(unsigned long)+0x63
V  [libjvm.so+0x98ba32]  VM_ParallelGCFailedAllocation::doit()+0x92
V  [libjvm.so+0x9902e7]  VM_Operation::evaluate()+0x47
V  [libjvm.so+0x98e8cb]  VMThread::evaluate_operation(VM_Operation*)+0xab
V  [libjvm.so+0x98ef76]  VMThread::loop()+0x1e6
V  [libjvm.so+0x98f441]  VMThread::run()+0x81
V  [libjvm.so+0x7fa492]  java_start(Thread*)+0xf2

VM_Operation (0x00007fc426e51f90): ParallelGCFailedAllocation, mode: safepoint, requested by thread 0x00007fc42000a000


---------------  P R O C E S S  ---------------

Java Threads: ( => current thread )
  0x00007fc4200af000 JavaThread "Service Thread" daemon [_thread_blocked, id=7486, stack(0x00007fc418e08000,0x00007fc418f09000)]
  0x00007fc4200ac800 JavaThread "C2 CompilerThread1" daemon [_thread_blocked, id=7485, stack(0x00007fc418f09000,0x00007fc41900a000)]
  0x00007fc4200a9800 JavaThread "C2 CompilerThread0" daemon [_thread_blocked, id=7484, stack(0x00007fc41900a000,0x00007fc41910b000)]
  0x00007fc4200a7800 JavaThread "Signal Dispatcher" daemon [_thread_blocked, id=7483, stack(0x00007fc41910b000,0x00007fc41920c000)]
  0x00007fc42007c800 JavaThread "Finalizer" daemon [_thread_blocked, id=7482, stack(0x00007fc4198ee000,0x00007fc4199ef000)]
  0x00007fc42007a800 JavaThread "Reference Handler" daemon [_thread_blocked, id=7481, stack(0x00007fc4199ef000,0x00007fc419af0000)]
  0x00007fc42000a000 JavaThread "main" [_thread_blocked, id=7475, stack(0x00007fc426d53000,0x00007fc426e54000)]

Other Threads:
=>0x00007fc420076000 VMThread [stack: 0x00007fc419af0000,0x00007fc419bf1000] [id=7480]
  0x00007fc4200ba000 WatcherThread [stack: 0x00007fc418d07000,0x00007fc418e08000] [id=7487]

VM state:at safepoint (normal execution)

VM Mutex/Monitor currently owned by a thread:  ([mutex/lock_event])
[0x00007fc4200062b0] ExpandHeap_lock - owner thread: 0x00007fc420076000
[0x00007fc420006930] Threads_lock - owner thread: 0x00007fc420076000
[0x00007fc420006e30] Heap_lock - owner thread: 0x00007fc42000a000

Heap
 PSYoungGen      total 741376K, used 71763K [0x00000007aaa80000, 0x00000007e1400000, 0x0000000800000000)
  eden space 601088K, 0% used [0x00000007aaa80000,0x00000007aaa80000,0x00000007cf580000)
  from space 140288K, 51% used [0x00000007d7e80000,0x00000007dc494e48,0x00000007e0780000)
  to   space 140288K, 0% used [0x00000007cf580000,0x00000007cf580000,0x00000007d7e80000)
 ParOldGen       total 457216K, used 456788K [0x0000000700000000, 0x000000071be80000, 0x00000007aaa80000)
  object space 457216K, 99% used [0x0000000700000000,0x000000071be15048,0x000000071be80000)
 PSPermGen       total 21504K, used 6313K [0x00000006f5a00000, 0x00000006f6f00000, 0x0000000700000000)
  object space 21504K, 29% used [0x00000006f5a00000,0x00000006f602a500,0x00000006f6f00000)

Card table byte_map: [0x00007fc41bf70000,0x00007fc41c7c4000] byte_map_base: 0x00007fc4187c3000

Polling page: 0x00007fc426e77000

Code Cache  [0x00007fc41c7c4000, 0x00007fc41cbd4000, 0x00007fc41f7c4000)
 total_blobs=1333 nmethods=1105 adapters=181 free_code_cache=45214Kb largest_free_block=46122112

Compilation events (10 events):
Event: 15.394 Thread 0x00007fc4200ac800 1144             java.util.HashMap::resize (62 bytes)
Event: 15.400 Thread 0x00007fc4200ac800 nmethod 1144 0x00007fc41c995a50 code [0x00007fc41c995be0, 0x00007fc41c996028]
Event: 15.587 Thread 0x00007fc4200a9800 1145             com.android.dx.util.Bits::bitCount (29 bytes)
Event: 15.589 Thread 0x00007fc4200a9800 nmethod 1145 0x00007fc41c937990 code [0x00007fc41c937ac0, 0x00007fc41c937b98]
Event: 15.592 Thread 0x00007fc4200ac800 1146             java.io.FilterInputStream::<init> (10 bytes)
Event: 15.592 Thread 0x00007fc4200ac800 nmethod 1146 0x00007fc41cb30b10 code [0x00007fc41cb30c40, 0x00007fc41cb30cf8]
Event: 15.680 Thread 0x00007fc4200a9800 1147             com.android.dx.cf.code.BytecodeArray::parseLookupswitch (175 bytes)
Event: 15.681 Thread 0x00007fc4200ac800 1148             java.util.ArrayList$SubList::get (23 bytes)
Event: 15.682 Thread 0x00007fc4200ac800 nmethod 1148 0x00007fc41c9375d0 code [0x00007fc41c937720, 0x00007fc41c937838]
Event: 15.700 Thread 0x00007fc4200a9800 nmethod 1147 0x00007fc41caab6d0 code [0x00007fc41caab940, 0x00007fc41caac8b0]

GC Heap History (10 events):
Event: 11.522 GC heap after
Heap after GC invocations=15 (full 2):
 PSYoungGen      total 493056K, used 77307K [0x00000007aaa80000, 0x00000007d6e00000, 0x0000000800000000)
  eden space 415744K, 0% used [0x00000007aaa80000,0x00000007aaa80000,0x00000007c4080000)
  from space 77312K, 99% used [0x00000007c4080000,0x00000007c8bfef38,0x00000007c8c00000)
  to   space 105984K, 0% used [0x00000007d0680000,0x00000007d0680000,0x00000007d6e00000)
 ParOldGen       total 271360K, used 236952K [0x0000000700000000, 0x0000000710900000, 0x00000007aaa80000)
  object space 271360K, 87% used [0x0000000700000000,0x000000070e766370,0x0000000710900000)
 PSPermGen       total 21504K, used 6251K [0x00000006f5a00000, 0x00000006f6f00000, 0x0000000700000000)
  object space 21504K, 29% used [0x00000006f5a00000,0x00000006f601af68,0x00000006f6f00000)
}
Event: 11.522 GC heap before
{Heap before GC invocations=16 (full 3):
 PSYoungGen      total 493056K, used 77307K [0x00000007aaa80000, 0x00000007d6e00000, 0x0000000800000000)
  eden space 415744K, 0% used [0x00000007aaa80000,0x00000007aaa80000,0x00000007c4080000)
  from space 77312K, 99% used [0x00000007c4080000,0x00000007c8bfef38,0x00000007c8c00000)
  to   space 105984K, 0% used [0x00000007d0680000,0x00000007d0680000,0x00000007d6e00000)
 ParOldGen       total 271360K, used 236952K [0x0000000700000000, 0x0000000710900000, 0x00000007aaa80000)
  object space 271360K, 87% used [0x0000000700000000,0x000000070e766370,0x0000000710900000)
 PSPermGen       total 21504K, used 6251K [0x00000006f5a00000, 0x00000006f6f00000, 0x0000000700000000)
  object space 21504K, 29% used [0x00000006f5a00000,0x00000006f601af68,0x00000006f6f00000)
Event: 12.557 GC heap after
Heap after GC invocations=16 (full 3):
 PSYoungGen      total 493056K, used 40837K [0x00000007aaa80000, 0x00000007d6e00000, 0x0000000800000000)
  eden space 415744K, 0% used [0x00000007aaa80000,0x00000007aaa80000,0x00000007c4080000)
  from space 77312K, 52% used [0x00000007c4080000,0x00000007c6861530,0x00000007c8c00000)
  to   space 105984K, 0% used [0x00000007d0680000,0x00000007d0680000,0x00000007d6e00000)
 ParOldGen       total 433152K, used 270885K [0x0000000700000000, 0x000000071a700000, 0x00000007aaa80000)
  object space 433152K, 62% used [0x0000000700000000,0x0000000710889560,0x000000071a700000)
 PSPermGen       total 21504K, used 6251K [0x00000006f5a00000, 0x00000006f6f00000, 0x0000000700000000)
  object space 21504K, 29% used [0x00000006f5a00000,0x00000006f601ae08,0x00000006f6f00000)
}
Event: 13.642 GC heap before
{Heap before GC invocations=17 (full 3):
 PSYoungGen      total 493056K, used 456581K [0x00000007aaa80000, 0x00000007d6e00000, 0x0000000800000000)
  eden space 415744K, 100% used [0x00000007aaa80000,0x00000007c4080000,0x00000007c4080000)
  from space 77312K, 52% used [0x00000007c4080000,0x00000007c6861530,0x00000007c8c00000)
  to   space 105984K, 0% used [0x00000007d0680000,0x00000007d0680000,0x00000007d6e00000)
 ParOldGen       total 433152K, used 270885K [0x0000000700000000, 0x000000071a700000, 0x00000007aaa80000)
  object space 433152K, 62% used [0x0000000700000000,0x0000000710889560,0x000000071a700000)
 PSPermGen       total 21504K, used 6301K [0x00000006f5a00000, 0x00000006f6f00000, 0x0000000700000000)
  object space 21504K, 29% used [0x00000006f5a00000,0x00000006f60274e0,0x00000006f6f00000)
Event: 13.870 GC heap after
Heap after GC invocations=17 (full 3):
 PSYoungGen      total 593920K, used 67790K [0x00000007aaa80000, 0x00000007d6580000, 0x0000000800000000)
  eden space 496640K, 0% used [0x00000007aaa80000,0x00000007aaa80000,0x00000007c8f80000)
  from space 97280K, 69% used [0x00000007d0680000,0x00000007d48b3b50,0x00000007d6580000)
  to   space 109568K, 0% used [0x00000007c8f80000,0x00000007c8f80000,0x00000007cfa80000)
 ParOldGen       total 433152K, used 312048K [0x0000000700000000, 0x000000071a700000, 0x00000007aaa80000)
  object space 433152K, 72% used [0x0000000700000000,0x00000007130bc1a8,0x000000071a700000)
 PSPermGen       total 21504K, used 6301K [0x00000006f5a00000, 0x00000006f6f00000, 0x0000000700000000)
  object space 21504K, 29% used [0x00000006f5a00000,0x00000006f60274e0,0x00000006f6f00000)
}
Event: 14.686 GC heap before
{Heap before GC invocations=18 (full 3):
 PSYoungGen      total 593920K, used 564430K [0x00000007aaa80000, 0x00000007d6580000, 0x0000000800000000)
  eden space 496640K, 100% used [0x00000007aaa80000,0x00000007c8f80000,0x00000007c8f80000)
  from space 97280K, 69% used [0x00000007d0680000,0x00000007d48b3b50,0x00000007d6580000)
  to   space 109568K, 0% used [0x00000007c8f80000,0x00000007c8f80000,0x00000007cfa80000)
 ParOldGen       total 433152K, used 312048K [0x0000000700000000, 0x000000071a700000, 0x00000007aaa80000)
  object space 433152K, 72% used [0x0000000700000000,0x00000007130bc1a8,0x000000071a700000)
 PSPermGen       total 21504K, used 6310K [0x00000006f5a00000, 0x00000006f6f00000, 0x0000000700000000)
  object space 21504K, 29% used [0x00000006f5a00000,0x00000006f6029918,0x00000006f6f00000)
Event: 14.857 GC heap after
Heap after GC invocations=18 (full 3):
 PSYoungGen      total 606208K, used 109541K [0x00000007aaa80000, 0x00000007e0780000, 0x0000000800000000)
  eden space 496640K, 0% used [0x00000007aaa80000,0x00000007aaa80000,0x00000007c8f80000)
  from space 109568K, 99% used [0x00000007c8f80000,0x00000007cfa79530,0x00000007cfa80000)
  to   space 140288K, 0% used [0x00000007d7e80000,0x00000007d7e80000,0x00000007e0780000)
 ParOldGen       total 433152K, used 346700K [0x0000000700000000, 0x000000071a700000, 0x00000007aaa80000)
  object space 433152K, 80% used [0x0000000700000000,0x00000007152930b8,0x000000071a700000)
 PSPermGen       total 21504K, used 6310K [0x00000006f5a00000, 0x00000006f6f00000, 0x0000000700000000)
  object space 21504K, 29% used [0x00000006f5a00000,0x00000006f6029918,0x00000006f6f00000)
}
Event: 15.703 GC heap before
{Heap before GC invocations=19 (full 3):
 PSYoungGen      total 606208K, used 606181K [0x00000007aaa80000, 0x00000007e0780000, 0x0000000800000000)
  eden space 496640K, 100% used [0x00000007aaa80000,0x00000007c8f80000,0x00000007c8f80000)
  from space 109568K, 99% used [0x00000007c8f80000,0x00000007cfa79530,0x00000007cfa80000)
  to   space 140288K, 0% used [0x00000007d7e80000,0x00000007d7e80000,0x00000007e0780000)
 ParOldGen       total 433152K, used 346700K [0x0000000700000000, 0x000000071a700000, 0x00000007aaa80000)
  object space 433152K, 80% used [0x0000000700000000,0x00000007152930b8,0x000000071a700000)
 PSPermGen       total 21504K, used 6313K [0x00000006f5a00000, 0x00000006f6f00000, 0x0000000700000000)
  object space 21504K, 29% used [0x00000006f5a00000,0x00000006f602a580,0x00000006f6f00000)
Event: 15.963 GC heap after
Heap after GC invocations=19 (full 3):
 PSYoungGen      total 741376K, used 76815K [0x00000007aaa80000, 0x00000007e1400000, 0x0000000800000000)
  eden space 601088K, 0% used [0x00000007aaa80000,0x00000007aaa80000,0x00000007cf580000)
  from space 140288K, 54% used [0x00000007d7e80000,0x00000007dc983f40,0x00000007e0780000)
  to   space 140288K, 0% used [0x00000007cf580000,0x00000007cf580000,0x00000007d7e80000)
 ParOldGen       total 457216K, used 456903K [0x0000000700000000, 0x000000071be80000, 0x00000007aaa80000)
  object space 457216K, 99% used [0x0000000700000000,0x000000071be31e78,0x000000071be80000)
 PSPermGen       total 21504K, used 6313K [0x00000006f5a00000, 0x00000006f6f00000, 0x0000000700000000)
  object space 21504K, 29% used [0x00000006f5a00000,0x00000006f602a580,0x00000006f6f00000)
}
Event: 15.963 GC heap before
{Heap before GC invocations=20 (full 4):
 PSYoungGen      total 741376K, used 76815K [0x00000007aaa80000, 0x00000007e1400000, 0x0000000800000000)
  eden space 601088K, 0% used [0x00000007aaa80000,0x00000007aaa80000,0x00000007cf580000)
  from space 140288K, 54% used [0x00000007d7e80000,0x00000007dc983f40,0x00000007e0780000)
  to   space 140288K, 0% used [0x00000007cf580000,0x00000007cf580000,0x00000007d7e80000)
 ParOldGen       total 457216K, used 456903K [0x0000000700000000, 0x000000071be80000, 0x00000007aaa80000)
  object space 457216K, 99% used [0x0000000700000000,0x000000071be31e78,0x000000071be80000)
 PSPermGen       total 21504K, used 6313K [0x00000006f5a00000, 0x00000006f6f00000, 0x0000000700000000)
  object space 21504K, 29% used [0x00000006f5a00000,0x00000006f602a580,0x00000006f6f00000)

Deoptimization events (10 events):
Event: 10.871 Thread 0x00007fc42000a000 Uncommon trap: reason=class_check action=maybe_recompile pc=0x00007fc41c988430 method=com.android.dx.ssa.SCCP.replaceConstants()V @ 182
Event: 10.873 Thread 0x00007fc42000a000 Uncommon trap: reason=class_check action=maybe_recompile pc=0x00007fc41c97dca4 method=com.android.dx.ssa.back.FirstFitLocalCombiningAllocator.findNextUnreservedRopReg(IILcom/android/dx/ssa/back/FirstFitLocalCombiningAllocator$Alignment;)I @ 60
Event: 10.975 Thread 0x00007fc42000a000 Uncommon trap: reason=unreached action=reinterpret pc=0x00007fc41c9a63d8 method=com.android.dx.rop.code.LocalItem.compareHandlesNulls(Lcom/android/dx/rop/cst/CstString;Lcom/android/dx/rop/cst/CstString;)I @ 14
Event: 10.975 Thread 0x00007fc42000a000 Uncommon trap: reason=unreached action=reinterpret pc=0x00007fc41cba7fc0 method=com.android.dx.rop.code.LocalItem.compareHandlesNulls(Lcom/android/dx/rop/cst/CstString;Lcom/android/dx/rop/cst/CstString;)I @ 14
Event: 12.669 Thread 0x00007fc42000a000 Uncommon trap: reason=predicate action=maybe_recompile pc=0x00007fc41c96f84c method=com.android.dx.ssa.DomFront.run()[Lcom/android/dx/ssa/DomFront$DomInfo; @ 175
Event: 12.669 Thread 0x00007fc42000a000 Uncommon trap: reason=unloaded action=reinterpret pc=0x00007fc41c95e6f8 method=com.android.dx.ssa.SetFactory.makeDomFrontSet(I)Lcom/android/dx/util/IntSet; @ 18
Event: 12.685 Thread 0x00007fc42000a000 Uncommon trap: reason=class_check action=maybe_recompile pc=0x00007fc41c8f435c method=com.android.dx.ssa.DomFront.calcDomFronts()V @ 101
Event: 12.688 Thread 0x00007fc42000a000 Uncommon trap: reason=class_check action=maybe_recompile pc=0x00007fc41c88a8b4 method=com.android.dx.ssa.SsaConverter.placePhiFunctions(Lcom/android/dx/ssa/SsaMethod;Lcom/android/dx/ssa/LocalVariableInfo;I)V @ 257
Event: 13.005 Thread 0x00007fc42000a000 Uncommon trap: reason=class_check action=maybe_recompile pc=0x00007fc41c988430 method=com.android.dx.ssa.SCCP.replaceConstants()V @ 182
Event: 15.301 Thread 0x00007fc42000a000 Uncommon trap: reason=class_check action=maybe_recompile pc=0x00007fc41c88a8b4 method=com.android.dx.ssa.SsaConverter.placePhiFunctions(Lcom/android/dx/ssa/SsaMethod;Lcom/android/dx/ssa/LocalVariableInfo;I)V @ 257

Internal exceptions (10 events):
Event: 8.159 Thread 0x00007fc42000a000 Implicit null exception at 0x00007fc41c92ab65 to 0x00007fc41c92ad51
Event: 8.159 Thread 0x00007fc42000a000 Implicit null exception at 0x00007fc41c937c46 to 0x00007fc41c938aed
Event: 8.161 Thread 0x00007fc42000a000 Implicit null exception at 0x00007fc41c844c31 to 0x00007fc41c844e01
Event: 8.161 Thread 0x00007fc42000a000 Implicit null exception at 0x00007fc41c84b775 to 0x00007fc41c84b8d5
Event: 8.312 Thread 0x00007fc42000a000 Threw 0x00000007b997bb00 at /build/openjdk-7-yI9zWD/openjdk-7-7u79-2.5.6/build/openjdk/hotspot/src/share/vm/prims/jvm.cpp:1284
Event: 10.672 Thread 0x00007fc42000a000 Implicit null exception at 0x00007fc41cbc0453 to 0x00007fc41cbc1bd5
Event: 10.975 Thread 0x00007fc42000a000 Implicit null exception at 0x00007fc41c9a58ea to 0x00007fc41c9a63ad
Event: 10.975 Thread 0x00007fc42000a000 Implicit null exception at 0x00007fc41cba7dd2 to 0x00007fc41cba7fad
Event: 12.670 Thread 0x00007fc42000a000 Threw 0x00000007acab0ee8 at /build/openjdk-7-yI9zWD/openjdk-7-7u79-2.5.6/build/openjdk/hotspot/src/share/vm/prims/jvm.cpp:1284
Event: 12.688 Thread 0x00007fc42000a000 Threw 0x00000007acaf6a90 at /build/openjdk-7-yI9zWD/openjdk-7-7u79-2.5.6/build/openjdk/hotspot/src/share/vm/prims/jvm.cpp:1284

Events (10 events):
Event: 14.158 Thread 0x00007fc4200a9800 flushing nmethod 0x00007fc41caab3d0
Event: 14.686 Executing VM operation: ParallelGCFailedAllocation
Event: 14.857 Executing VM operation: ParallelGCFailedAllocation done
Event: 14.958 Thread 0x00007fc4200a9800 flushing nmethod 0x00007fc41c867910
Event: 15.301 Thread 0x00007fc42000a000 Uncommon trap: trap_request=0xffffffde fr.pc=0x00007fc41c88a8b4
Event: 15.301 Thread 0x00007fc42000a000 DEOPT PACKING pc=0x00007fc41c88a8b4 sp=0x00007fc426e520c0
Event: 15.301 Thread 0x00007fc42000a000 DEOPT UNPACKING pc=0x00007fc41c7fd445 sp=0x00007fc426e52068 mode 2
Event: 15.700 Thread 0x00007fc4200a9800 flushing nmethod 0x00007fc41ca2b390
Event: 15.700 Thread 0x00007fc4200a9800 flushing nmethod 0x00007fc41ca7a0d0
Event: 15.703 Executing VM operation: ParallelGCFailedAllocation


Dynamic libraries:
00400000-00401000 r-xp 00000000 08:01 20712222                           /usr/lib/jvm/java-7-openjdk-amd64/jre/bin/java
00600000-00601000 r--p 00000000 08:01 20712222                           /usr/lib/jvm/java-7-openjdk-amd64/jre/bin/java
00601000-00602000 rw-p 00001000 08:01 20712222                           /usr/lib/jvm/java-7-openjdk-amd64/jre/bin/java
01bb6000-01bd7000 rw-p 00000000 00:00 0                                  [heap]
6f5a00000-6f6f00000 rw-p 00000000 00:00 0 
6f6f00000-700000000 rw-p 00000000 00:00 0 
700000000-71be80000 rw-p 00000000 00:00 0 
72a780000-7aaa80000 rw-p 00000000 00:00 0 
7aaa80000-7e1400000 rw-p 00000000 00:00 0 
7e1400000-800000000 rw-p 00000000 00:00 0 
7fc3d4000000-7fc3d4021000 rw-p 00000000 00:00 0 
7fc3d4021000-7fc3d8000000 ---p 00000000 00:00 0 
7fc3dc000000-7fc3ddc95000 rw-p 00000000 00:00 0 
7fc3ddc95000-7fc3e0000000 ---p 00000000 00:00 0 
7fc3e0000000-7fc3e0021000 rw-p 00000000 00:00 0 
7fc3e0021000-7fc3e4000000 ---p 00000000 00:00 0 
7fc3e4000000-7fc3e4021000 rw-p 00000000 00:00 0 
7fc3e4021000-7fc3e8000000 ---p 00000000 00:00 0 
7fc3e8000000-7fc3e9308000 rw-p 00000000 00:00 0 
7fc3e9308000-7fc3ec000000 ---p 00000000 00:00 0 
7fc3ec000000-7fc3ec021000 rw-p 00000000 00:00 0 
7fc3ec021000-7fc3f0000000 ---p 00000000 00:00 0 
7fc3f0000000-7fc3f0021000 rw-p 00000000 00:00 0 
7fc3f0021000-7fc3f4000000 ---p 00000000 00:00 0 
7fc3f4000000-7fc3f423f000 rw-p 00000000 00:00 0 
7fc3f423f000-7fc3f8000000 ---p 00000000 00:00 0 
7fc3fbad0000-7fc404000000 rw-p 00000000 00:00 0 
7fc404000000-7fc404021000 rw-p 00000000 00:00 0 
7fc404021000-7fc408000000 ---p 00000000 00:00 0 
7fc40b13b000-7fc40b43c000 rw-p 00000000 00:00 0 
7fc40b43c000-7fc40b4a8000 r-xp 00000000 08:01 22020192                   /lib/x86_64-linux-gnu/libpcre.so.3.13.1
7fc40b4a8000-7fc40b6a7000 ---p 0006c000 08:01 22020192                   /lib/x86_64-linux-gnu/libpcre.so.3.13.1
7fc40b6a7000-7fc40b6a8000 r--p 0006b000 08:01 22020192                   /lib/x86_64-linux-gnu/libpcre.so.3.13.1
7fc40b6a8000-7fc40b6a9000 rw-p 0006c000 08:01 22020192                   /lib/x86_64-linux-gnu/libpcre.so.3.13.1
7fc40b6a9000-7fc40b6b0000 r-xp 00000000 08:01 20455638                   /usr/lib/x86_64-linux-gnu/libffi.so.6.0.4
7fc40b6b0000-7fc40b8af000 ---p 00007000 08:01 20455638                   /usr/lib/x86_64-linux-gnu/libffi.so.6.0.4
7fc40b8af000-7fc40b8b0000 r--p 00006000 08:01 20455638                   /usr/lib/x86_64-linux-gnu/libffi.so.6.0.4
7fc40b8b0000-7fc40b8b1000 rw-p 00007000 08:01 20455638                   /usr/lib/x86_64-linux-gnu/libffi.so.6.0.4
7fc40b8b1000-7fc40b8c8000 r-xp 00000000 08:01 22024473                   /lib/x86_64-linux-gnu/libresolv-2.21.so
7fc40b8c8000-7fc40bac8000 ---p 00017000 08:01 22024473                   /lib/x86_64-linux-gnu/libresolv-2.21.so
7fc40bac8000-7fc40baca000 r--p 00017000 08:01 22024473                   /lib/x86_64-linux-gnu/libresolv-2.21.so
7fc40baca000-7fc40bacb000 rw-p 00019000 08:01 22024473                   /lib/x86_64-linux-gnu/libresolv-2.21.so
7fc40bacb000-7fc40bacd000 rw-p 00000000 00:00 0 
7fc40bacd000-7fc40baee000 r-xp 00000000 08:01 22024477                   /lib/x86_64-linux-gnu/libselinux.so.1
7fc40baee000-7fc40bced000 ---p 00021000 08:01 22024477                   /lib/x86_64-linux-gnu/libselinux.so.1
7fc40bced000-7fc40bcee000 r--p 00020000 08:01 22024477                   /lib/x86_64-linux-gnu/libselinux.so.1
7fc40bcee000-7fc40bcef000 rw-p 00021000 08:01 22024477                   /lib/x86_64-linux-gnu/libselinux.so.1
7fc40bcef000-7fc40bcf1000 rw-p 00000000 00:00 0 
7fc40bcf1000-7fc40bdfe000 r-xp 00000000 08:01 22024241                   /lib/x86_64-linux-gnu/libglib-2.0.so.0.4400.1
7fc40bdfe000-7fc40bffd000 ---p 0010d000 08:01 22024241                   /lib/x86_64-linux-gnu/libglib-2.0.so.0.4400.1
7fc40bffd000-7fc40bffe000 r--p 0010c000 08:01 22024241                   /lib/x86_64-linux-gnu/libglib-2.0.so.0.4400.1
7fc40bffe000-7fc40bfff000 rw-p 0010d000 08:01 22024241                   /lib/x86_64-linux-gnu/libglib-2.0.so.0.4400.1
7fc40bfff000-7fc40c000000 rw-p 00000000 00:00 0 
7fc40c000000-7fc40c021000 rw-p 00000000 00:00 0 
7fc40c021000-7fc410000000 ---p 00000000 00:00 0 
7fc410000000-7fc410021000 rw-p 00000000 00:00 0 
7fc410021000-7fc414000000 ---p 00000000 00:00 0 
7fc414000000-7fc414021000 rw-p 00000000 00:00 0 
7fc414021000-7fc418000000 ---p 00000000 00:00 0 
7fc41801b000-7fc41801e000 r-xp 00000000 08:01 20447655                   /usr/lib/x86_64-linux-gnu/libgmodule-2.0.so.0.4400.1
7fc41801e000-7fc41821d000 ---p 00003000 08:01 20447655                   /usr/lib/x86_64-linux-gnu/libgmodule-2.0.so.0.4400.1
7fc41821d000-7fc41821e000 r--p 00002000 08:01 20447655                   /usr/lib/x86_64-linux-gnu/libgmodule-2.0.so.0.4400.1
7fc41821e000-7fc41821f000 rw-p 00003000 08:01 20447655                   /usr/lib/x86_64-linux-gnu/libgmodule-2.0.so.0.4400.1
7fc41821f000-7fc41826f000 r-xp 00000000 08:01 20447615                   /usr/lib/x86_64-linux-gnu/libgobject-2.0.so.0.4400.1
7fc41826f000-7fc41846f000 ---p 00050000 08:01 20447615                   /usr/lib/x86_64-linux-gnu/libgobject-2.0.so.0.4400.1
7fc41846f000-7fc418470000 r--p 00050000 08:01 20447615                   /usr/lib/x86_64-linux-gnu/libgobject-2.0.so.0.4400.1
7fc418470000-7fc418471000 rw-p 00051000 08:01 20447615                   /usr/lib/x86_64-linux-gnu/libgobject-2.0.so.0.4400.1
7fc418471000-7fc4185e9000 r-xp 00000000 08:01 20447637                   /usr/lib/x86_64-linux-gnu/libgio-2.0.so.0.4400.1
7fc4185e9000-7fc4187e9000 ---p 00178000 08:01 20447637                   /usr/lib/x86_64-linux-gnu/libgio-2.0.so.0.4400.1
7fc4187e9000-7fc4187ed000 r--p 00178000 08:01 20447637                   /usr/lib/x86_64-linux-gnu/libgio-2.0.so.0.4400.1
7fc4187ed000-7fc4187ef000 rw-p 0017c000 08:01 20447637                   /usr/lib/x86_64-linux-gnu/libgio-2.0.so.0.4400.1
7fc4187ef000-7fc4187f1000 rw-p 00000000 00:00 0 
7fc418810000-7fc418827000 r-xp 00000000 08:01 20587083                   /usr/lib/jvm/java-7-openjdk-amd64/jre/lib/amd64/libnet.so
7fc418827000-7fc418a26000 ---p 00017000 08:01 20587083                   /usr/lib/jvm/java-7-openjdk-amd64/jre/lib/amd64/libnet.so
7fc418a26000-7fc418a27000 r--p 00016000 08:01 20587083                   /usr/lib/jvm/java-7-openjdk-amd64/jre/lib/amd64/libnet.so
7fc418a27000-7fc418a28000 rw-p 00017000 08:01 20587083                   /usr/lib/jvm/java-7-openjdk-amd64/jre/lib/amd64/libnet.so
7fc418a28000-7fc418a39000 r-xp 00000000 08:01 20587088                   /usr/lib/jvm/java-7-openjdk-amd64/jre/lib/amd64/libnio.so
7fc418a39000-7fc418c38000 ---p 00011000 08:01 20587088                   /usr/lib/jvm/java-7-openjdk-amd64/jre/lib/amd64/libnio.so
7fc418c38000-7fc418c39000 r--p 00010000 08:01 20587088                   /usr/lib/jvm/java-7-openjdk-amd64/jre/lib/amd64/libnio.so
7fc418c39000-7fc418c3a000 rw-p 00011000 08:01 20587088                   /usr/lib/jvm/java-7-openjdk-amd64/jre/lib/amd64/libnio.so
7fc418c3a000-7fc418d07000 r--s 0093b000 08:01 2229504                    /home/sharan/Dropbox/Muser/muser/build/intermediates/multi-dex/debug/allclasses.jar
7fc418d07000-7fc418d08000 ---p 00000000 00:00 0 
7fc418d08000-7fc418e08000 rw-p 00000000 00:00 0                          [stack:7487]
7fc418e08000-7fc418e0b000 ---p 00000000 00:00 0 
7fc418e0b000-7fc418f09000 rw-p 00000000 00:00 0                          [stack:7486]
7fc418f09000-7fc418f0c000 ---p 00000000 00:00 0 
7fc418f0c000-7fc41900a000 rw-p 00000000 00:00 0                          [stack:7485]
7fc41900a000-7fc41900d000 ---p 00000000 00:00 0 
7fc41900d000-7fc41910b000 rw-p 00000000 00:00 0                          [stack:7484]
7fc41910b000-7fc41910e000 ---p 00000000 00:00 0 
7fc41910e000-7fc41920c000 rw-p 00000000 00:00 0                          [stack:7483]
7fc41920c000-7fc4198ee000 r--p 00000000 08:01 20454393                   /usr/lib/locale/locale-archive
7fc4198ee000-7fc4198f1000 ---p 00000000 00:00 0 
7fc4198f1000-7fc4199ef000 rw-p 00000000 00:00 0                          [stack:7482]
7fc4199ef000-7fc4199f2000 ---p 00000000 00:00 0 
7fc4199f2000-7fc419af0000 rw-p 00000000 00:00 0                          [stack:7481]
7fc419af0000-7fc419af1000 ---p 00000000 00:00 0 
7fc419af1000-7fc41abee000 rw-p 00000000 00:00 0                          [stack:7480]
7fc41abee000-7fc41ad9f000 r--s 01d29000 08:01 20587021                   /usr/lib/jvm/java-7-openjdk-amd64/jre/lib/rt.jar
7fc41ad9f000-7fc41b717000 rw-p 00000000 00:00 0 
7fc41b717000-7fc41b718000 ---p 00000000 00:00 0 
7fc41b718000-7fc41b818000 rw-p 00000000 00:00 0                          [stack:7479]
7fc41b818000-7fc41b819000 ---p 00000000 00:00 0 
7fc41b819000-7fc41b919000 rw-p 00000000 00:00 0                          [stack:7478]
7fc41b919000-7fc41b91a000 ---p 00000000 00:00 0 
7fc41b91a000-7fc41bafa000 rw-p 00000000 00:00 0                          [stack:7477]
7fc41bafa000-7fc41bf70000 rw-p 00000000 00:00 0 
7fc41bf70000-7fc41bf7b000 rw-p 00000000 00:00 0 
7fc41bf7b000-7fc41bfc3000 rw-p 00000000 00:00 0 
7fc41bfc3000-7fc41c0a3000 rw-p 00000000 00:00 0 
7fc41c0a3000-7fc41c518000 rw-p 00000000 00:00 0 
7fc41c518000-7fc41c6cd000 rw-p 00000000 00:00 0 
7fc41c6cd000-7fc41c7c3000 rw-p 00000000 00:00 0 
7fc41c7c3000-7fc41c7c4000 rw-p 00000000 00:00 0 
7fc41c7c4000-7fc41cbd4000 rwxp 00000000 00:00 0 
7fc41cbd4000-7fc41f7c4000 rw-p 00000000 00:00 0 
7fc41f7c4000-7fc41f7cc000 r-xp 00000000 08:01 20587054                   /usr/lib/jvm/java-7-openjdk-amd64/jre/lib/amd64/libzip.so
7fc41f7cc000-7fc41f9cb000 ---p 00008000 08:01 20587054                   /usr/lib/jvm/java-7-openjdk-amd64/jre/lib/amd64/libzip.so
7fc41f9cb000-7fc41f9cc000 r--p 00007000 08:01 20587054                   /usr/lib/jvm/java-7-openjdk-amd64/jre/lib/amd64/libzip.so
7fc41f9cc000-7fc41f9cd000 rw-p 00008000 08:01 20587054                   /usr/lib/jvm/java-7-openjdk-amd64/jre/lib/amd64/libzip.so
7fc41f9cd000-7fc41f9d9000 r-xp 00000000 08:01 22024420                   /lib/x86_64-linux-gnu/libnss_files-2.21.so
7fc41f9d9000-7fc41fbd8000 ---p 0000c000 08:01 22024420                   /lib/x86_64-linux-gnu/libnss_files-2.21.so
7fc41fbd8000-7fc41fbd9000 r--p 0000b000 08:01 22024420                   /lib/x86_64-linux-gnu/libnss_files-2.21.so
7fc41fbd9000-7fc41fbda000 rw-p 0000c000 08:01 22024420                   /lib/x86_64-linux-gnu/libnss_files-2.21.so
7fc41fbda000-7fc41fbe5000 r-xp 00000000 08:01 22024430                   /lib/x86_64-linux-gnu/libnss_nis-2.21.so
7fc41fbe5000-7fc41fde4000 ---p 0000b000 08:01 22024430                   /lib/x86_64-linux-gnu/libnss_nis-2.21.so
7fc41fde4000-7fc41fde5000 r--p 0000a000 08:01 22024430                   /lib/x86_64-linux-gnu/libnss_nis-2.21.so
7fc41fde5000-7fc41fde6000 rw-p 0000b000 08:01 22024430                   /lib/x86_64-linux-gnu/libnss_nis-2.21.so
7fc41fde6000-7fc41fdfd000 r-xp 00000000 08:01 22024414                   /lib/x86_64-linux-gnu/libnsl-2.21.so
7fc41fdfd000-7fc41fffc000 ---p 00017000 08:01 22024414                   /lib/x86_64-linux-gnu/libnsl-2.21.so
7fc41fffc000-7fc41fffd000 r--p 00016000 08:01 22024414                   /lib/x86_64-linux-gnu/libnsl-2.21.so
7fc41fffd000-7fc41fffe000 rw-p 00017000 08:01 22024414                   /lib/x86_64-linux-gnu/libnsl-2.21.so
7fc41fffe000-7fc420000000 rw-p 00000000 00:00 0 
7fc420000000-7fc42036e000 rw-p 00000000 00:00 0 
7fc42036e000-7fc424000000 ---p 00000000 00:00 0 
7fc424001000-7fc424029000 rw-p 00000000 00:00 0 
7fc424029000-7fc42402a000 ---p 00000000 00:00 0 
7fc42402a000-7fc424135000 rw-p 00000000 00:00 0                          [stack:7476]
7fc424135000-7fc42417d000 rw-p 00000000 00:00 0 
7fc42417d000-7fc424185000 r-xp 00000000 08:01 22024416                   /lib/x86_64-linux-gnu/libnss_compat-2.21.so
7fc424185000-7fc424384000 ---p 00008000 08:01 22024416                   /lib/x86_64-linux-gnu/libnss_compat-2.21.so
7fc424384000-7fc424385000 r--p 00007000 08:01 22024416                   /lib/x86_64-linux-gnu/libnss_compat-2.21.so
7fc424385000-7fc424386000 rw-p 00008000 08:01 22024416                   /lib/x86_64-linux-gnu/libnss_compat-2.21.so
7fc424386000-7fc4243b3000 r-xp 00000000 08:01 20587091                   /usr/lib/jvm/java-7-openjdk-amd64/jre/lib/amd64/libjava.so
7fc4243b3000-7fc4245b2000 ---p 0002d000 08:01 20587091                   /usr/lib/jvm/java-7-openjdk-amd64/jre/lib/amd64/libjava.so
7fc4245b2000-7fc4245b3000 r--p 0002c000 08:01 20587091                   /usr/lib/jvm/java-7-openjdk-amd64/jre/lib/amd64/libjava.so
7fc4245b3000-7fc4245b5000 rw-p 0002d000 08:01 20587091                   /usr/lib/jvm/java-7-openjdk-amd64/jre/lib/amd64/libjava.so
7fc4245b5000-7fc4245c4000 r-xp 00000000 08:01 20587072                   /usr/lib/jvm/java-7-openjdk-amd64/jre/lib/amd64/libverify.so
7fc4245c4000-7fc4247c3000 ---p 0000f000 08:01 20587072                   /usr/lib/jvm/java-7-openjdk-amd64/jre/lib/amd64/libverify.so
7fc4247c3000-7fc4247c6000 r--p 0000e000 08:01 20587072                   /usr/lib/jvm/java-7-openjdk-amd64/jre/lib/amd64/libverify.so
7fc4247c6000-7fc4247c7000 rw-p 00011000 08:01 20587072                   /usr/lib/jvm/java-7-openjdk-amd64/jre/lib/amd64/libverify.so
7fc4247c7000-7fc4247ce000 r-xp 00000000 08:01 22024475                   /lib/x86_64-linux-gnu/librt-2.21.so
7fc4247ce000-7fc4249cd000 ---p 00007000 08:01 22024475                   /lib/x86_64-linux-gnu/librt-2.21.so
7fc4249cd000-7fc4249ce000 r--p 00006000 08:01 22024475                   /lib/x86_64-linux-gnu/librt-2.21.so
7fc4249ce000-7fc4249cf000 rw-p 00007000 08:01 22024475                   /lib/x86_64-linux-gnu/librt-2.21.so
7fc4249cf000-7fc4249e5000 r-xp 00000000 08:01 22024363                   /lib/x86_64-linux-gnu/libgcc_s.so.1
7fc4249e5000-7fc424be4000 ---p 00016000 08:01 22024363                   /lib/x86_64-linux-gnu/libgcc_s.so.1
7fc424be4000-7fc424be5000 rw-p 00015000 08:01 22024363                   /lib/x86_64-linux-gnu/libgcc_s.so.1
7fc424be5000-7fc424cec000 r-xp 00000000 08:01 22024393                   /lib/x86_64-linux-gnu/libm-2.21.so
7fc424cec000-7fc424eeb000 ---p 00107000 08:01 22024393                   /lib/x86_64-linux-gnu/libm-2.21.so
7fc424eeb000-7fc424eec000 r--p 00106000 08:01 22024393                   /lib/x86_64-linux-gnu/libm-2.21.so
7fc424eec000-7fc424eed000 rw-p 00107000 08:01 22024393                   /lib/x86_64-linux-gnu/libm-2.21.so
7fc424eed000-7fc424fdd000 r-xp 00000000 08:01 20456311                   /usr/lib/x86_64-linux-gnu/libstdc++.so.6.0.20
7fc424fdd000-7fc4251dd000 ---p 000f0000 08:01 20456311                   /usr/lib/x86_64-linux-gnu/libstdc++.so.6.0.20
7fc4251dd000-7fc4251e5000 r--p 000f0000 08:01 20456311                   /usr/lib/x86_64-linux-gnu/libstdc++.so.6.0.20
7fc4251e5000-7fc4251e7000 rw-p 000f8000 08:01 20456311                   /usr/lib/x86_64-linux-gnu/libstdc++.so.6.0.20
7fc4251e7000-7fc4251fc000 rw-p 00000000 00:00 0 
7fc4251fc000-7fc425d54000 r-xp 00000000 08:01 20587060                   /usr/lib/jvm/java-7-openjdk-amd64/jre/lib/amd64/server/libjvm.so
7fc425d54000-7fc425f53000 ---p 00b58000 08:01 20587060                   /usr/lib/jvm/java-7-openjdk-amd64/jre/lib/amd64/server/libjvm.so
7fc425f53000-7fc425ff2000 r--p 00b57000 08:01 20587060                   /usr/lib/jvm/java-7-openjdk-amd64/jre/lib/amd64/server/libjvm.so
7fc425ff2000-7fc426015000 rw-p 00bf6000 08:01 20587060                   /usr/lib/jvm/java-7-openjdk-amd64/jre/lib/amd64/server/libjvm.so
7fc426015000-7fc426042000 rw-p 00000000 00:00 0 
7fc426042000-7fc42605b000 r-xp 00000000 08:01 22024508                   /lib/x86_64-linux-gnu/libz.so.1.2.8
7fc42605b000-7fc42625b000 ---p 00019000 08:01 22024508                   /lib/x86_64-linux-gnu/libz.so.1.2.8
7fc42625b000-7fc42625c000 r--p 00019000 08:01 22024508                   /lib/x86_64-linux-gnu/libz.so.1.2.8
7fc42625c000-7fc42625d000 rw-p 0001a000 08:01 22024508                   /lib/x86_64-linux-gnu/libz.so.1.2.8
7fc42625d000-7fc426275000 r-xp 00000000 08:01 22024467                   /lib/x86_64-linux-gnu/libpthread-2.21.so
7fc426275000-7fc426475000 ---p 00018000 08:01 22024467                   /lib/x86_64-linux-gnu/libpthread-2.21.so
7fc426475000-7fc426476000 r--p 00018000 08:01 22024467                   /lib/x86_64-linux-gnu/libpthread-2.21.so
7fc426476000-7fc426477000 rw-p 00019000 08:01 22024467                   /lib/x86_64-linux-gnu/libpthread-2.21.so
7fc426477000-7fc42647b000 rw-p 00000000 00:00 0 
7fc42647b000-7fc42647e000 r-xp 00000000 08:01 22024351                   /lib/x86_64-linux-gnu/libdl-2.21.so
7fc42647e000-7fc42667d000 ---p 00003000 08:01 22024351                   /lib/x86_64-linux-gnu/libdl-2.21.so
7fc42667d000-7fc42667e000 r--p 00002000 08:01 22024351                   /lib/x86_64-linux-gnu/libdl-2.21.so
7fc42667e000-7fc42667f000 rw-p 00003000 08:01 22024351                   /lib/x86_64-linux-gnu/libdl-2.21.so
7fc42667f000-7fc42683f000 r-xp 00000000 08:01 22024334                   /lib/x86_64-linux-gnu/libc-2.21.so
7fc42683f000-7fc426a3f000 ---p 001c0000 08:01 22024334                   /lib/x86_64-linux-gnu/libc-2.21.so
7fc426a3f000-7fc426a43000 r--p 001c0000 08:01 22024334                   /lib/x86_64-linux-gnu/libc-2.21.so
7fc426a43000-7fc426a45000 rw-p 001c4000 08:01 22024334                   /lib/x86_64-linux-gnu/libc-2.21.so
7fc426a45000-7fc426a49000 rw-p 00000000 00:00 0 
7fc426a49000-7fc426a56000 r-xp 00000000 08:01 20587057                   /usr/lib/jvm/java-7-openjdk-amd64/jre/lib/amd64/jli/libjli.so
7fc426a56000-7fc426c55000 ---p 0000d000 08:01 20587057                   /usr/lib/jvm/java-7-openjdk-amd64/jre/lib/amd64/jli/libjli.so
7fc426c55000-7fc426c56000 r--p 0000c000 08:01 20587057                   /usr/lib/jvm/java-7-openjdk-amd64/jre/lib/amd64/jli/libjli.so
7fc426c56000-7fc426c57000 rw-p 0000d000 08:01 20587057                   /usr/lib/jvm/java-7-openjdk-amd64/jre/lib/amd64/jli/libjli.so
7fc426c57000-7fc426c7b000 r-xp 00000000 08:01 22024306                   /lib/x86_64-linux-gnu/ld-2.21.so
7fc426c84000-7fc426c93000 r--s 000dd000 08:01 21636737                   /home/sharan/Android/Sdk/build-tools/21.1.2/lib/dx.jar
7fc426c93000-7fc426ca4000 rw-p 00000000 00:00 0 
7fc426ca4000-7fc426d53000 rw-p 00000000 00:00 0 
7fc426d53000-7fc426d56000 ---p 00000000 00:00 0 
7fc426d56000-7fc426e5a000 rw-p 00000000 00:00 0                          [stack:7475]
7fc426e5a000-7fc426e5e000 r--s 00034000 08:01 20587040                   /usr/lib/jvm/java-7-openjdk-amd64/jre/lib/ext/sunjce_provider.jar
7fc426e5e000-7fc426e62000 r--s 0003c000 08:01 20587041                   /usr/lib/jvm/java-7-openjdk-amd64/jre/lib/ext/sunpkcs11.jar
7fc426e62000-7fc426e65000 r--s 0000f000 08:01 20587042                   /usr/lib/jvm/java-7-openjdk-amd64/jre/lib/ext/icedtea-sound.jar
7fc426e65000-7fc426e69000 r--s 00085000 08:01 20587038                   /usr/lib/jvm/java-7-openjdk-amd64/jre/lib/ext/localedata.jar
7fc426e69000-7fc426e6b000 r--s 00012000 08:01 20587043                   /usr/lib/jvm/java-7-openjdk-amd64/jre/lib/ext/zipfs.jar
7fc426e6b000-7fc426e6d000 r--s 00006000 08:01 20971724                   /usr/share/java/java-atk-wrapper.jar
7fc426e6d000-7fc426e6e000 r--s 00002000 08:01 20587039                   /usr/lib/jvm/java-7-openjdk-amd64/jre/lib/ext/dnsns.jar
7fc426e6e000-7fc426e76000 rw-s 00000000 08:01 3016565                    /tmp/hsperfdata_sharan/7471
7fc426e76000-7fc426e77000 rw-p 00000000 00:00 0 
7fc426e77000-7fc426e78000 ---p 00000000 00:00 0 
7fc426e78000-7fc426e7a000 rw-p 00000000 00:00 0 
7fc426e7a000-7fc426e7b000 r--p 00023000 08:01 22024306                   /lib/x86_64-linux-gnu/ld-2.21.so
7fc426e7b000-7fc426e7c000 rw-p 00024000 08:01 22024306                   /lib/x86_64-linux-gnu/ld-2.21.so
7fc426e7c000-7fc426e7d000 rw-p 00000000 00:00 0 
7ffc2b5ed000-7ffc2b60e000 rw-p 00000000 00:00 0                          [stack]
7ffc2b657000-7ffc2b659000 r--p 00000000 00:00 0                          [vvar]
7ffc2b659000-7ffc2b65b000 r-xp 00000000 00:00 0                          [vdso]
ffffffffff600000-ffffffffff601000 r-xp 00000000 00:00 0                  [vsyscall]

VM Arguments:
jvm_args: -Xmx4g -Dfile.encoding=UTF-8 -Duser.country=IN -Duser.language=en -Duser.variant 
java_command: com.android.dx.command.Main --dex --force-jumbo --multi-dex --main-dex-list /home/sharan/Dropbox/Muser/muser/build/intermediates/multi-dex/debug/maindexlist.txt --output /home/sharan/Dropbox/Muser/muser/build/intermediates/dex/debug /home/sharan/Dropbox/Muser/muser/build/intermediates/multi-dex/debug/allclasses.jar
Launcher Type: SUN_STANDARD

Environment Variables:
JAVA_HOME=/usr/lib/jvm/java-8-oracle
PATH=/usr/local/sbin:/usr/local/bin:/usr/sbin:/usr/bin:/sbin:/bin:/usr/games:/usr/local/games:/usr/lib/jvm/java-8-oracle/bin:/usr/lib/jvm/java-8-oracle/db/bin:/usr/lib/jvm/java-8-oracle/jre/bin
LD_LIBRARY_PATH=/opt/android-studio/bin:
SHELL=/bin/bash
DISPLAY=:0

Signal Handlers:
SIGSEGV: [libjvm.so+0x98ac50], sa_mask[0]=0x7ffbfeff, sa_flags=0x10000004
SIGBUS: [libjvm.so+0x98ac50], sa_mask[0]=0x7ffbfeff, sa_flags=0x10000004
SIGFPE: [libjvm.so+0x7f8ab0], sa_mask[0]=0x7ffbfeff, sa_flags=0x10000004
SIGPIPE: [libjvm.so+0x7f8ab0], sa_mask[0]=0x7ffbfeff, sa_flags=0x10000004
SIGXFSZ: [libjvm.so+0x7f8ab0], sa_mask[0]=0x7ffbfeff, sa_flags=0x10000004
SIGILL: [libjvm.so+0x7f8ab0], sa_mask[0]=0x7ffbfeff, sa_flags=0x10000004
SIGUSR1: SIG_DFL, sa_mask[0]=0x00000000, sa_flags=0x00000000
SIGUSR2: [libjvm.so+0x7f8930], sa_mask[0]=0x00000004, sa_flags=0x10000004
SIGHUP: [libjvm.so+0x7f8b30], sa_mask[0]=0x7ffbfeff, sa_flags=0x10000004
SIGINT: [libjvm.so+0x7f8b30], sa_mask[0]=0x7ffbfeff, sa_flags=0x10000004
SIGTERM: [libjvm.so+0x7f8b30], sa_mask[0]=0x7ffbfeff, sa_flags=0x10000004
SIGQUIT: [libjvm.so+0x7f8b30], sa_mask[0]=0x7ffbfeff, sa_flags=0x10000004
SIGTRAP: SIG_DFL, sa_mask[0]=0x00000000, sa_flags=0x00000000


---------------  S Y S T E M  ---------------

OS:Ubuntu 15.04 (vivid)
uname:Linux 3.19.0-26-generic #28-Ubuntu SMP Tue Aug 11 14:16:32 UTC 2015 x86_64
libc:glibc 2.21 NPTL 2.21 
rlimit: STACK 8192k, CORE 0k, NPROC 31366, NOFILE 65536, AS infinity
load average:3.17 2.06 1.73

/proc/meminfo:
MemTotal:        8052020 kB
MemFree:          166696 kB
MemAvailable:     146636 kB
Buffers:            2488 kB
Cached:          1008240 kB
SwapCached:            0 kB
Active:          6777804 kB
Inactive:         906028 kB
Active(anon):    6744060 kB
Inactive(anon):   869900 kB
Active(file):      33744 kB
Inactive(file):    36128 kB
Unevictable:          32 kB
Mlocked:              32 kB
SwapTotal:             0 kB
SwapFree:              0 kB
Dirty:               352 kB
Writeback:             0 kB
AnonPages:       6673660 kB
Mapped:           385544 kB
Shmem:            940412 kB
Slab:              97504 kB
SReclaimable:      58952 kB
SUnreclaim:        38552 kB
KernelStack:       12032 kB
PageTables:        49680 kB
NFS_Unstable:          0 kB
Bounce:                0 kB
WritebackTmp:          0 kB
CommitLimit:     4026008 kB
Committed_AS:   14732264 kB
VmallocTotal:   34359738367 kB
VmallocUsed:      358868 kB
VmallocChunk:   34359320344 kB
HardwareCorrupted:     0 kB
AnonHugePages:   3287040 kB
CmaTotal:              0 kB
CmaFree:               0 kB
HugePages_Total:       0
HugePages_Free:        0
HugePages_Rsvd:        0
HugePages_Surp:        0
Hugepagesize:       2048 kB
DirectMap4k:      166972 kB
DirectMap2M:     8097792 kB
DirectMap1G:           0 kB


CPU:total 4 (2 cores per cpu, 2 threads per core) family 6 model 60 stepping 3, cmov, cx8, fxsr, mmx, sse, sse2, sse3, ssse3, sse4.1, sse4.2, popcnt, avx, avx2, aes, erms, ht, tsc, tscinvbit

/proc/cpuinfo:
processor	: 0
vendor_id	: GenuineIntel
cpu family	: 6
model		: 60
model name	: Intel(R) Core(TM) i3-4150 CPU @ 3.50GHz
stepping	: 3
microcode	: 0x12
cpu MHz		: 3499.863
cache size	: 3072 KB
physical id	: 0
siblings	: 4
core id		: 0
cpu cores	: 2
apicid		: 0
initial apicid	: 0
fpu		: yes
fpu_exception	: yes
cpuid level	: 13
wp		: yes
flags		: fpu vme de pse tsc msr pae mce cx8 apic sep mtrr pge mca cmov pat pse36 clflush dts acpi mmx fxsr sse sse2 ss ht tm pbe syscall nx pdpe1gb rdtscp lm constant_tsc arch_perfmon pebs bts rep_good nopl xtopology nonstop_tsc aperfmperf eagerfpu pni pclmulqdq dtes64 monitor ds_cpl vmx est tm2 ssse3 fma cx16 xtpr pdcm pcid sse4_1 sse4_2 movbe popcnt tsc_deadline_timer aes xsave avx f16c rdrand lahf_lm abm arat pln pts dtherm tpr_shadow vnmi flexpriority ept vpid fsgsbase tsc_adjust bmi1 avx2 smep bmi2 erms invpcid xsaveopt
bugs		:
bogomips	: 6983.43
clflush size	: 64
cache_alignment	: 64
address sizes	: 39 bits physical, 48 bits virtual
power management:

processor	: 1
vendor_id	: GenuineIntel
cpu family	: 6
model		: 60
model name	: Intel(R) Core(TM) i3-4150 CPU @ 3.50GHz
stepping	: 3
microcode	: 0x12
cpu MHz		: 3499.863
cache size	: 3072 KB
physical id	: 0
siblings	: 4
core id		: 1
cpu cores	: 2
apicid		: 2
initial apicid	: 2
fpu		: yes
fpu_exception	: yes
cpuid level	: 13
wp		: yes
flags		: fpu vme de pse tsc msr pae mce cx8 apic sep mtrr pge mca cmov pat pse36 clflush dts acpi mmx fxsr sse sse2 ss ht tm pbe syscall nx pdpe1gb rdtscp lm constant_tsc arch_perfmon pebs bts rep_good nopl xtopology nonstop_tsc aperfmperf eagerfpu pni pclmulqdq dtes64 monitor ds_cpl vmx est tm2 ssse3 fma cx16 xtpr pdcm pcid sse4_1 sse4_2 movbe popcnt tsc_deadline_timer aes xsave avx f16c rdrand lahf_lm abm arat pln pts dtherm tpr_shadow vnmi flexpriority ept vpid fsgsbase tsc_adjust bmi1 avx2 smep bmi2 erms invpcid xsaveopt
bugs		:
bogomips	: 6983.43
clflush size	: 64
cache_alignment	: 64
address sizes	: 39 bits physical, 48 bits virtual
power management:

processor	: 2
vendor_id	: GenuineIntel
cpu family	: 6
model		: 60
model name	: Intel(R) Core(TM) i3-4150 CPU @ 3.50GHz
stepping	: 3
microcode	: 0x12
cpu MHz		: 3500.273
cache size	: 3072 KB
physical id	: 0
siblings	: 4
core id		: 0
cpu cores	: 2
apicid		: 1
initial apicid	: 1
fpu		: yes
fpu_exception	: yes
cpuid level	: 13
wp		: yes
flags		: fpu vme de pse tsc msr pae mce cx8 apic sep mtrr pge mca cmov pat pse36 clflush dts acpi mmx fxsr sse sse2 ss ht tm pbe syscall nx pdpe1gb rdtscp lm constant_tsc arch_perfmon pebs bts rep_good nopl xtopology nonstop_tsc aperfmperf eagerfpu pni pclmulqdq dtes64 monitor ds_cpl vmx est tm2 ssse3 fma cx16 xtpr pdcm pcid sse4_1 sse4_2 movbe popcnt tsc_deadline_timer aes xsave avx f16c rdrand lahf_lm abm arat pln pts dtherm tpr_shadow vnmi flexpriority ept vpid fsgsbase tsc_adjust bmi1 avx2 smep bmi2 erms invpcid xsaveopt
bugs		:
bogomips	: 6983.43
clflush size	: 64
cache_alignment	: 64
address sizes	: 39 bits physical, 48 bits virtual
power management:

processor	: 3
vendor_id	: GenuineIntel
cpu family	: 6
model		: 60
model name	: Intel(R) Core(TM) i3-4150 CPU @ 3.50GHz
stepping	: 3
microcode	: 0x12
cpu MHz		: 3500.000
cache size	: 3072 KB
physical id	: 0
siblings	: 4
core id		: 1
cpu cores	: 2
apicid		: 3
initial apicid	: 3
fpu		: yes
fpu_exception	: yes
cpuid level	: 13
wp		: yes
flags		: fpu vme de pse tsc msr pae mce cx8 apic sep mtrr pge mca cmov pat pse36 clflush dts acpi mmx fxsr sse sse2 ss ht tm pbe syscall nx pdpe1gb rdtscp lm constant_tsc arch_perfmon pebs bts rep_good nopl xtopology nonstop_tsc aperfmperf eagerfpu pni pclmulqdq dtes64 monitor ds_cpl vmx est tm2 ssse3 fma cx16 xtpr pdcm pcid sse4_1 sse4_2 movbe popcnt tsc_deadline_timer aes xsave avx f16c rdrand lahf_lm abm arat pln pts dtherm tpr_shadow vnmi flexpriority ept vpid fsgsbase tsc_adjust bmi1 avx2 smep bmi2 erms invpcid xsaveopt
bugs		:
bogomips	: 6983.43
clflush size	: 64
cache_alignment	: 64
address sizes	: 39 bits physical, 48 bits virtual
power management:



Memory: 4k page, physical 8052020k(166696k free), swap 0k(0k free)

vm_info: OpenJDK 64-Bit Server VM (24.79-b02) for linux-amd64 JRE (1.7.0_79-b14), built on Jul 24 2015 05:24:39 by "buildd" with gcc 4.9.2

time: Tue Jan  5 15:46:35 2016
elapsed time: 18 seconds

