#
# There is insufficient memory for the Java Runtime Environment to continue.
# Native memory allocation (malloc) failed to allocate 245366784 bytes for committing reserved memory.
# Possible reasons:
#   The system is out of physical RAM or swap space
#   In 32 bit mode, the process size limit was hit
# Possible solutions:
#   Reduce memory load on the system
#   Increase physical memory or swap space
#   Check if swap backing store is full
#   Use 64 bit Java on a 64 bit OS
#   Decrease Java heap size (-Xmx/-Xms)
#   Decrease number of Java threads
#   Decrease Java thread stack sizes (-Xss)
#   Set larger code cache with -XX:ReservedCodeCacheSize=
# This output file may be truncated or incomplete.
#
#  Out of Memory Error (os_linux.cpp:2809), pid=9712, tid=140209908102912
#
# JRE version: OpenJDK Runtime Environment (7.0_79-b14) (build 1.7.0_79-b14)
# Java VM: OpenJDK 64-Bit Server VM (24.79-b02 mixed mode linux-amd64 compressed oops)
# Derivative: IcedTea 2.5.6
# Distribution: Ubuntu 15.04, package 7u79-2.5.6-0ubuntu1.15.04.1
# Failed to write core dump. Core dumps have been disabled. To enable core dumping, try "ulimit -c unlimited" before starting Java again
#

---------------  T H R E A D  ---------------

Current thread (0x00007f853013e000):  VMThread [stack: 0x00007f8529b43000,0x00007f8529c44000] [id=9723]

Stack: [0x00007f8529b43000,0x00007f8529c44000],  sp=0x00007f8529c424c0,  free space=1021k
Native frames: (J=compiled Java code, j=interpreted, Vv=VM code, C=native code)
V  [libjvm.so+0x98a166]  VMError::report_and_die()+0x186
V  [libjvm.so+0x48f932]  report_vm_out_of_memory(char const*, int, unsigned long, char const*)+0x92
V  [libjvm.so+0x7fd56b]  os::pd_commit_memory(char*, unsigned long, unsigned long, bool)+0xeb
V  [libjvm.so+0x7f7c4e]  os::commit_memory(char*, unsigned long, unsigned long, bool)+0x2e
V  [libjvm.so+0x86a56b]  PSVirtualSpace::expand_by(unsigned long)+0x5b
V  [libjvm.so+0x858d5a]  PSOldGen::expand_by(unsigned long) [clone .part.29]+0x2a
V  [libjvm.so+0x858f10]  PSOldGen::expand(unsigned long) [clone .part.30]+0xc0
V  [libjvm.so+0x859ea8]  PSOldGen::resize(unsigned long)+0x198
V  [libjvm.so+0x861524]  PSParallelCompact::invoke_no_policy(bool) [clone .part.122]+0x994
V  [libjvm.so+0x867e85]  PSScavenge::invoke()+0x1a5
V  [libjvm.so+0x81fb73]  ParallelScavengeHeap::failed_mem_allocate(unsigned long)+0x63
V  [libjvm.so+0x98ba32]  VM_ParallelGCFailedAllocation::doit()+0x92
V  [libjvm.so+0x9902e7]  VM_Operation::evaluate()+0x47
V  [libjvm.so+0x98e8cb]  VMThread::evaluate_operation(VM_Operation*)+0xab
V  [libjvm.so+0x98ef76]  VMThread::loop()+0x1e6
V  [libjvm.so+0x98f441]  VMThread::run()+0x81
V  [libjvm.so+0x7fa492]  java_start(Thread*)+0xf2

VM_Operation (0x00007f853701fed0): ParallelGCFailedAllocation, mode: safepoint, requested by thread 0x00007f853000b000


---------------  P R O C E S S  ---------------

Java Threads: ( => current thread )
  0x00007f85301d2000 JavaThread "Service Thread" daemon [_thread_blocked, id=9729, stack(0x00007f85282f6000,0x00007f85283f7000)]
  0x00007f85301c8800 JavaThread "C2 CompilerThread1" daemon [_thread_blocked, id=9728, stack(0x00007f85283f7000,0x00007f85284f8000)]
  0x00007f85301c6800 JavaThread "C2 CompilerThread0" daemon [_thread_blocked, id=9727, stack(0x00007f85284f8000,0x00007f85285f9000)]
  0x00007f853016f800 JavaThread "Signal Dispatcher" daemon [_thread_blocked, id=9726, stack(0x00007f852915e000,0x00007f852925f000)]
  0x00007f8530144800 JavaThread "Finalizer" daemon [_thread_blocked, id=9725, stack(0x00007f8529941000,0x00007f8529a42000)]
  0x00007f8530142800 JavaThread "Reference Handler" daemon [_thread_blocked, id=9724, stack(0x00007f8529a42000,0x00007f8529b43000)]
  0x00007f853000b000 JavaThread "main" [_thread_blocked, id=9718, stack(0x00007f8536f21000,0x00007f8537022000)]

Other Threads:
=>0x00007f853013e000 VMThread [stack: 0x00007f8529b43000,0x00007f8529c44000] [id=9723]
  0x00007f85301e4800 WatcherThread [stack: 0x00007f85281f5000,0x00007f85282f6000] [id=9730]

VM state:at safepoint (normal execution)

VM Mutex/Monitor currently owned by a thread:  ([mutex/lock_event])
[0x00007f8530007310] ExpandHeap_lock - owner thread: 0x00007f853013e000
[0x00007f8530007990] Threads_lock - owner thread: 0x00007f853013e000
[0x00007f8530007e90] Heap_lock - owner thread: 0x00007f853000b000

Heap
 PSYoungGen      total 891392K, used 154089K [0x00000007aaa80000, 0x00000007f9d00000, 0x0000000800000000)
  eden space 638464K, 0% used [0x00000007aaa80000,0x00000007aaa80000,0x00000007d1a00000)
  from space 252928K, 60% used [0x00000007d1a00000,0x00000007db07a5e0,0x00000007e1100000)
  to   space 266240K, 0% used [0x00000007e9900000,0x00000007e9900000,0x00000007f9d00000)
 ParOldGen       total 515072K, used 514977K [0x0000000700000000, 0x000000071f700000, 0x00000007aaa80000)
  object space 515072K, 99% used [0x0000000700000000,0x000000071f6e86f0,0x000000071f700000)
 PSPermGen       total 21504K, used 6389K [0x00000006f5a00000, 0x00000006f6f00000, 0x0000000700000000)
  object space 21504K, 29% used [0x00000006f5a00000,0x00000006f603d758,0x00000006f6f00000)

Card table byte_map: [0x00007f852bf70000,0x00007f852c7c4000] byte_map_base: 0x00007f85287c3000

Polling page: 0x00007f8537045000

Code Cache  [0x00007f852c7c4000, 0x00007f852cba4000, 0x00007f852f7c4000)
 total_blobs=1336 nmethods=1106 adapters=183 free_code_cache=45335Kb largest_free_block=46287360

Compilation events (10 events):
Event: 21.896 Thread 0x00007f85301c8800 nmethod 1171 0x00007f852cb8d950 code [0x00007f852cb8db00, 0x00007f852cb8e2c8]
Event: 21.972 Thread 0x00007f85301c8800 1172             java.io.FilterInputStream::<init> (10 bytes)
Event: 21.972 Thread 0x00007f85301c8800 nmethod 1172 0x00007f852cb8d6d0 code [0x00007f852cb8d800, 0x00007f852cb8d8b8]
Event: 22.028 Thread 0x00007f85301c8800 1173             com.android.dx.cf.direct.DirectClassFile::makeTypeList (47 bytes)
Event: 22.030 Thread 0x00007f85301c8800 nmethod 1173 0x00007f852cb074d0 code [0x00007f852cb07620, 0x00007f852cb07788]
Event: 22.076 Thread 0x00007f85301c6800 nmethod 1169% 0x00007f852c9b9f10 code [0x00007f852c9ba580, 0x00007f852c9c03b0]
Event: 22.084 Thread 0x00007f85301c8800 1174             java.lang.String::toCharArray (25 bytes)
Event: 22.086 Thread 0x00007f85301c8800 nmethod 1174 0x00007f852c88cf90 code [0x00007f852c88d0e0, 0x00007f852c88d218]
Event: 22.206 Thread 0x00007f85301c6800 1175             java.nio.charset.CharsetEncoder::maxBytesPerChar (5 bytes)
Event: 22.206 Thread 0x00007f85301c6800 nmethod 1175 0x00007f852cb8d490 code [0x00007f852cb8d5c0, 0x00007f852cb8d618]

GC Heap History (10 events):
Event: 17.044 GC heap after
Heap after GC invocations=18 (full 3):
 PSYoungGen      total 598016K, used 48428K [0x00000007aaa80000, 0x00000007e1d80000, 0x0000000800000000)
  eden space 479232K, 0% used [0x00000007aaa80000,0x00000007aaa80000,0x00000007c7e80000)
  from space 118784K, 40% used [0x00000007c7e80000,0x00000007cadcb120,0x00000007cf280000)
  to   space 153088K, 0% used [0x00000007d8800000,0x00000007d8800000,0x00000007e1d80000)
 ParOldGen       total 450048K, used 287216K [0x0000000700000000, 0x000000071b780000, 0x00000007aaa80000)
  object space 450048K, 63% used [0x0000000700000000,0x000000071187c0e8,0x000000071b780000)
 PSPermGen       total 21504K, used 6220K [0x00000006f5a00000, 0x00000006f6f00000, 0x0000000700000000)
  object space 21504K, 28% used [0x00000006f5a00000,0x00000006f6013258,0x00000006f6f00000)
}
Event: 17.917 GC heap before
{Heap before GC invocations=19 (full 3):
 PSYoungGen      total 598016K, used 527660K [0x00000007aaa80000, 0x00000007e1d80000, 0x0000000800000000)
  eden space 479232K, 100% used [0x00000007aaa80000,0x00000007c7e80000,0x00000007c7e80000)
  from space 118784K, 40% used [0x00000007c7e80000,0x00000007cadcb120,0x00000007cf280000)
  to   space 153088K, 0% used [0x00000007d8800000,0x00000007d8800000,0x00000007e1d80000)
 ParOldGen       total 450048K, used 287216K [0x0000000700000000, 0x000000071b780000, 0x00000007aaa80000)
  object space 450048K, 63% used [0x0000000700000000,0x000000071187c0e8,0x000000071b780000)
 PSPermGen       total 21504K, used 6241K [0x00000006f5a00000, 0x00000006f6f00000, 0x0000000700000000)
  object space 21504K, 29% used [0x00000006f5a00000,0x00000006f6018758,0x00000006f6f00000)
Event: 18.151 GC heap after
Heap after GC invocations=19 (full 3):
 PSYoungGen      total 740864K, used 112057K [0x00000007aaa80000, 0x00000007e2f00000, 0x0000000800000000)
  eden space 587776K, 0% used [0x00000007aaa80000,0x00000007aaa80000,0x00000007ce880000)
  from space 153088K, 73% used [0x00000007d8800000,0x00000007df56e4c8,0x00000007e1d80000)
  to   space 163328K, 0% used [0x00000007ce880000,0x00000007ce880000,0x00000007d8800000)
 ParOldGen       total 450048K, used 304303K [0x0000000700000000, 0x000000071b780000, 0x00000007aaa80000)
  object space 450048K, 67% used [0x0000000700000000,0x000000071292bff8,0x000000071b780000)
 PSPermGen       total 21504K, used 6241K [0x00000006f5a00000, 0x00000006f6f00000, 0x0000000700000000)
  object space 21504K, 29% used [0x00000006f5a00000,0x00000006f6018758,0x00000006f6f00000)
}
Event: 19.420 GC heap before
{Heap before GC invocations=20 (full 3):
 PSYoungGen      total 740864K, used 699833K [0x00000007aaa80000, 0x00000007e2f00000, 0x0000000800000000)
  eden space 587776K, 100% used [0x00000007aaa80000,0x00000007ce880000,0x00000007ce880000)
  from space 153088K, 73% used [0x00000007d8800000,0x00000007df56e4c8,0x00000007e1d80000)
  to   space 163328K, 0% used [0x00000007ce880000,0x00000007ce880000,0x00000007d8800000)
 ParOldGen       total 450048K, used 304303K [0x0000000700000000, 0x000000071b780000, 0x00000007aaa80000)
  object space 450048K, 67% used [0x0000000700000000,0x000000071292bff8,0x000000071b780000)
 PSPermGen       total 21504K, used 6283K [0x00000006f5a00000, 0x00000006f6f00000, 0x0000000700000000)
  object space 21504K, 29% used [0x00000006f5a00000,0x00000006f6022ff0,0x00000006f6f00000)
Event: 19.657 GC heap after
Heap after GC invocations=20 (full 3):
 PSYoungGen      total 751104K, used 163309K [0x00000007aaa80000, 0x00000007ed780000, 0x0000000800000000)
  eden space 587776K, 0% used [0x00000007aaa80000,0x00000007aaa80000,0x00000007ce880000)
  from space 163328K, 99% used [0x00000007ce880000,0x00000007d87fb548,0x00000007d8800000)
  to   space 203264K, 0% used [0x00000007e1100000,0x00000007e1100000,0x00000007ed780000)
 ParOldGen       total 450048K, used 338777K [0x0000000700000000, 0x000000071b780000, 0x00000007aaa80000)
  object space 450048K, 75% used [0x0000000700000000,0x0000000714ad6520,0x000000071b780000)
 PSPermGen       total 21504K, used 6283K [0x00000006f5a00000, 0x00000006f6f00000, 0x0000000700000000)
  object space 21504K, 29% used [0x00000006f5a00000,0x00000006f6022ff0,0x00000006f6f00000)
}
Event: 20.794 GC heap before
{Heap before GC invocations=21 (full 3):
 PSYoungGen      total 751104K, used 751085K [0x00000007aaa80000, 0x00000007ed780000, 0x0000000800000000)
  eden space 587776K, 100% used [0x00000007aaa80000,0x00000007ce880000,0x00000007ce880000)
  from space 163328K, 99% used [0x00000007ce880000,0x00000007d87fb548,0x00000007d8800000)
  to   space 203264K, 0% used [0x00000007e1100000,0x00000007e1100000,0x00000007ed780000)
 ParOldGen       total 450048K, used 338777K [0x0000000700000000, 0x000000071b780000, 0x00000007aaa80000)
  object space 450048K, 75% used [0x0000000700000000,0x0000000714ad6520,0x000000071b780000)
 PSPermGen       total 21504K, used 6286K [0x00000006f5a00000, 0x00000006f6f00000, 0x0000000700000000)
  object space 21504K, 29% used [0x00000006f5a00000,0x00000006f60239d8,0x00000006f6f00000)
Event: 21.109 GC heap after
Heap after GC invocations=21 (full 3):
 PSYoungGen      total 841728K, used 203237K [0x00000007aaa80000, 0x00000007f4200000, 0x0000000800000000)
  eden space 638464K, 0% used [0x00000007aaa80000,0x00000007aaa80000,0x00000007d1a00000)
  from space 203264K, 99% used [0x00000007e1100000,0x00000007ed779590,0x00000007ed780000)
  to   space 252928K, 0% used [0x00000007d1a00000,0x00000007d1a00000,0x00000007e1100000)
 ParOldGen       total 450048K, used 380954K [0x0000000700000000, 0x000000071b780000, 0x00000007aaa80000)
  object space 450048K, 84% used [0x0000000700000000,0x0000000717406a38,0x000000071b780000)
 PSPermGen       total 21504K, used 6286K [0x00000006f5a00000, 0x00000006f6f00000, 0x0000000700000000)
  object space 21504K, 29% used [0x00000006f5a00000,0x00000006f60239d8,0x00000006f6f00000)
}
Event: 22.348 GC heap before
{Heap before GC invocations=22 (full 3):
 PSYoungGen      total 841728K, used 841701K [0x00000007aaa80000, 0x00000007f4200000, 0x0000000800000000)
  eden space 638464K, 100% used [0x00000007aaa80000,0x00000007d1a00000,0x00000007d1a00000)
  from space 203264K, 99% used [0x00000007e1100000,0x00000007ed779590,0x00000007ed780000)
  to   space 252928K, 0% used [0x00000007d1a00000,0x00000007d1a00000,0x00000007e1100000)
 ParOldGen       total 450048K, used 380954K [0x0000000700000000, 0x000000071b780000, 0x00000007aaa80000)
  object space 450048K, 84% used [0x0000000700000000,0x0000000717406a38,0x000000071b780000)
 PSPermGen       total 21504K, used 6390K [0x00000006f5a00000, 0x00000006f6f00000, 0x0000000700000000)
  object space 21504K, 29% used [0x00000006f5a00000,0x00000006f603d818,0x00000006f6f00000)
Event: 22.685 GC heap after
Heap after GC invocations=22 (full 3):
 PSYoungGen      total 891392K, used 172451K [0x00000007aaa80000, 0x00000007f9d00000, 0x0000000800000000)
  eden space 638464K, 0% used [0x00000007aaa80000,0x00000007aaa80000,0x00000007d1a00000)
  from space 252928K, 68% used [0x00000007d1a00000,0x00000007dc268dd0,0x00000007e1100000)
  to   space 266240K, 0% used [0x00000007e9900000,0x00000007e9900000,0x00000007f9d00000)
 ParOldGen       total 515072K, used 513904K [0x0000000700000000, 0x000000071f700000, 0x00000007aaa80000)
  object space 515072K, 99% used [0x0000000700000000,0x000000071f5dc130,0x000000071f700000)
 PSPermGen       total 21504K, used 6390K [0x00000006f5a00000, 0x00000006f6f00000, 0x0000000700000000)
  object space 21504K, 29% used [0x00000006f5a00000,0x00000006f603d818,0x00000006f6f00000)
}
Event: 22.685 GC heap before
{Heap before GC invocations=23 (full 4):
 PSYoungGen      total 891392K, used 172451K [0x00000007aaa80000, 0x00000007f9d00000, 0x0000000800000000)
  eden space 638464K, 0% used [0x00000007aaa80000,0x00000007aaa80000,0x00000007d1a00000)
  from space 252928K, 68% used [0x00000007d1a00000,0x00000007dc268dd0,0x00000007e1100000)
  to   space 266240K, 0% used [0x00000007e9900000,0x00000007e9900000,0x00000007f9d00000)
 ParOldGen       total 515072K, used 513904K [0x0000000700000000, 0x000000071f700000, 0x00000007aaa80000)
  object space 515072K, 99% used [0x0000000700000000,0x000000071f5dc130,0x000000071f700000)
 PSPermGen       total 21504K, used 6390K [0x00000006f5a00000, 0x00000006f6f00000, 0x0000000700000000)
  object space 21504K, 29% used [0x00000006f5a00000,0x00000006f603d818,0x00000006f6f00000)

Deoptimization events (10 events):
Event: 19.133 Thread 0x00007f853000b000 Uncommon trap: reason=class_check action=maybe_recompile pc=0x00007f852cb43cb4 method=com.android.dx.ssa.back.FirstFitLocalCombiningAllocator.findNextUnreservedRopReg(IILcom/android/dx/ssa/back/FirstFitLocalCombiningAllocator$Alignment;)I @ 60
Event: 19.133 Thread 0x00007f853000b000 Uncommon trap: reason=class_check action=maybe_recompile pc=0x00007f852cb7c238 method=com.android.dx.ssa.back.FirstFitLocalCombiningAllocator.findNextUnreservedRopReg(IILcom/android/dx/ssa/back/FirstFitLocalCombiningAllocator$Alignment;)I @ 60
Event: 19.133 Thread 0x00007f853000b000 Uncommon trap: reason=class_check action=maybe_recompile pc=0x00007f852c9465c0 method=com.android.dx.ssa.back.FirstFitLocalCombiningAllocator.findNextUnreservedRopReg(IILcom/android/dx/ssa/back/FirstFitLocalCombiningAllocator$Alignment;)I @ 60
Event: 20.332 Thread 0x00007f853000b000 Uncommon trap: reason=null_check action=make_not_entrant pc=0x00007f852ca0c8dc method=com.android.dx.rop.cst.CstString.equals(Ljava/lang/Object;)Z @ 1
Event: 20.338 Thread 0x00007f853000b000 Uncommon trap: reason=bimorphic action=maybe_recompile pc=0x00007f852cb17ad0 method=com.android.dx.cf.code.BytecodeArray.parseInstruction(ILcom/android/dx/cf/code/BytecodeArray$Visitor;)I @ 1867
Event: 20.339 Thread 0x00007f853000b000 Uncommon trap: reason=bimorphic action=maybe_recompile pc=0x00007f852cb17ad0 method=com.android.dx.cf.code.BytecodeArray.parseInstruction(ILcom/android/dx/cf/code/BytecodeArray$Visitor;)I @ 1867
Event: 20.697 Thread 0x00007f853000b000 Uncommon trap: reason=class_check action=maybe_recompile pc=0x00007f852ca8060c method=com.android.dx.ssa.back.FirstFitLocalCombiningAllocator.findNextUnreservedRopReg(IILcom/android/dx/ssa/back/FirstFitLocalCombiningAllocator$Alignment;)I @ 60
Event: 22.233 Thread 0x00007f853000b000 Uncommon trap: reason=unreached action=reinterpret pc=0x00007f852ca1aaa0 method=com.android.dx.cf.direct.StdAttributeFactory.parse0(Lcom/android/dx/cf/direct/DirectClassFile;ILjava/lang/String;IILcom/android/dx/cf/iface/ParseObserver;)Lcom/android/dx/cf/i
Event: 22.234 Thread 0x00007f853000b000 Uncommon trap: reason=unreached action=reinterpret pc=0x00007f852cacd588 method=com.android.dx.dex.cf.AttributeTranslator.translateInnerClasses(Lcom/android/dx/rop/cst/CstType;Lcom/android/dx/cf/iface/AttributeList;Z)Lcom/android/dx/rop/annotation/Annotat
Event: 22.267 Thread 0x00007f853000b000 Uncommon trap: reason=unloaded action=reinterpret pc=0x00007f852c94b634 method=com.android.dx.dex.cf.AttributeTranslator.getClassAnnotations(Lcom/android/dx/cf/direct/DirectClassFile;Lcom/android/dx/dex/cf/CfOptions;)Lcom/android/dx/rop/annotation/Annotat

Internal exceptions (10 events):
Event: 9.231 Thread 0x00007f853000b000 Threw 0x00000007b3911fb0 at /build/openjdk-7-yI9zWD/openjdk-7-7u79-2.5.6/build/openjdk/hotspot/src/share/vm/prims/jvm.cpp:1284
Event: 9.540 Thread 0x00007f853000b000 Threw 0x00000007b8d8b9e8 at /build/openjdk-7-yI9zWD/openjdk-7-7u79-2.5.6/build/openjdk/hotspot/src/share/vm/prims/jvm.cpp:1284
Event: 9.558 Thread 0x00007f853000b000 Implicit null exception at 0x00007f852ca0b0dd to 0x00007f852ca0b2cd
Event: 9.558 Thread 0x00007f853000b000 Implicit null exception at 0x00007f852c97eb69 to 0x00007f852c97ed3d
Event: 9.559 Thread 0x00007f853000b000 Implicit null exception at 0x00007f852c9690f5 to 0x00007f852c969255
Event: 10.736 Thread 0x00007f853000b000 Threw 0x00000007aacc3a30 at /build/openjdk-7-yI9zWD/openjdk-7-7u79-2.5.6/build/openjdk/hotspot/src/share/vm/prims/jvm.cpp:1284
Event: 10.751 Thread 0x00007f853000b000 Threw 0x00000007aada3d48 at /build/openjdk-7-yI9zWD/openjdk-7-7u79-2.5.6/build/openjdk/hotspot/src/share/vm/prims/jvm.cpp:1284
Event: 15.654 Thread 0x00007f853000b000 Implicit null exception at 0x00007f852c921d92 to 0x00007f852c921f6d
Event: 15.654 Thread 0x00007f853000b000 Implicit null exception at 0x00007f852c92f77e to 0x00007f852c92f93d
Event: 20.332 Thread 0x00007f853000b000 Implicit null exception at 0x00007f852ca0c7cc to 0x00007f852ca0c8ce

Events (10 events):
Event: 22.267 loading class 0x00007f84f01888a0
Event: 22.267 loading class 0x00007f84f01888a0 done
Event: 22.267 loading class 0x00007f8534046160
Event: 22.267 loading class 0x00007f84f018a0f0
Event: 22.267 loading class 0x00007f84f018a0f0 done
Event: 22.267 loading class 0x00007f8534046160 done
Event: 22.267 Thread 0x00007f853000b000 Uncommon trap: trap_request=0x00000013 fr.pc=0x00007f852c94b634
Event: 22.267 Thread 0x00007f853000b000 DEOPT PACKING pc=0x00007f852c94b634 sp=0x00007f85370202a0
Event: 22.267 Thread 0x00007f853000b000 DEOPT UNPACKING pc=0x00007f852c7fd445 sp=0x00007f85370201f8 mode 2
Event: 22.348 Executing VM operation: ParallelGCFailedAllocation


Dynamic libraries:
00400000-00401000 r-xp 00000000 08:01 20712222                           /usr/lib/jvm/java-7-openjdk-amd64/jre/bin/java
00600000-00601000 r--p 00000000 08:01 20712222                           /usr/lib/jvm/java-7-openjdk-amd64/jre/bin/java
00601000-00602000 rw-p 00001000 08:01 20712222                           /usr/lib/jvm/java-7-openjdk-amd64/jre/bin/java
02098000-020b9000 rw-p 00000000 00:00 0                                  [heap]
6f5a00000-6f6f00000 rw-p 00000000 00:00 0 
6f6f00000-700000000 rw-p 00000000 00:00 0 
700000000-71f700000 rw-p 00000000 00:00 0 
72e100000-7aaa80000 rw-p 00000000 00:00 0 
7aaa80000-7f9d00000 rw-p 00000000 00:00 0 
7f9d00000-800000000 rw-p 00000000 00:00 0 
7f84e4000000-7f84e4021000 rw-p 00000000 00:00 0 
7f84e4021000-7f84e8000000 ---p 00000000 00:00 0 
7f84e8000000-7f84e8021000 rw-p 00000000 00:00 0 
7f84e8021000-7f84ec000000 ---p 00000000 00:00 0 
7f84ec000000-7f84edea9000 rw-p 00000000 00:00 0 
7f84edea9000-7f84f0000000 ---p 00000000 00:00 0 
7f84f0000000-7f84f13ac000 rw-p 00000000 00:00 0 
7f84f13ac000-7f84f4000000 ---p 00000000 00:00 0 
7f84f4000000-7f84f4021000 rw-p 00000000 00:00 0 
7f84f4021000-7f84f8000000 ---p 00000000 00:00 0 
7f84f8000000-7f84f8021000 rw-p 00000000 00:00 0 
7f84f8021000-7f84fc000000 ---p 00000000 00:00 0 
7f84fc000000-7f84fc021000 rw-p 00000000 00:00 0 
7f84fc021000-7f8500000000 ---p 00000000 00:00 0 
7f8503ad0000-7f850c000000 rw-p 00000000 00:00 0 
7f850c000000-7f850c021000 rw-p 00000000 00:00 0 
7f850c021000-7f8510000000 ---p 00000000 00:00 0 
7f8510000000-7f851023f000 rw-p 00000000 00:00 0 
7f851023f000-7f8514000000 ---p 00000000 00:00 0 
7f8514000000-7f8514021000 rw-p 00000000 00:00 0 
7f8514021000-7f8518000000 ---p 00000000 00:00 0 
7f851c000000-7f851c021000 rw-p 00000000 00:00 0 
7f851c021000-7f8520000000 ---p 00000000 00:00 0 
7f852253b000-7f852283c000 rw-p 00000000 00:00 0 
7f852283c000-7f85228a8000 r-xp 00000000 08:01 22020192                   /lib/x86_64-linux-gnu/libpcre.so.3.13.1
7f85228a8000-7f8522aa7000 ---p 0006c000 08:01 22020192                   /lib/x86_64-linux-gnu/libpcre.so.3.13.1
7f8522aa7000-7f8522aa8000 r--p 0006b000 08:01 22020192                   /lib/x86_64-linux-gnu/libpcre.so.3.13.1
7f8522aa8000-7f8522aa9000 rw-p 0006c000 08:01 22020192                   /lib/x86_64-linux-gnu/libpcre.so.3.13.1
7f8522aa9000-7f8522ab0000 r-xp 00000000 08:01 20455638                   /usr/lib/x86_64-linux-gnu/libffi.so.6.0.4
7f8522ab0000-7f8522caf000 ---p 00007000 08:01 20455638                   /usr/lib/x86_64-linux-gnu/libffi.so.6.0.4
7f8522caf000-7f8522cb0000 r--p 00006000 08:01 20455638                   /usr/lib/x86_64-linux-gnu/libffi.so.6.0.4
7f8522cb0000-7f8522cb1000 rw-p 00007000 08:01 20455638                   /usr/lib/x86_64-linux-gnu/libffi.so.6.0.4
7f8522cb1000-7f8522cc8000 r-xp 00000000 08:01 22024473                   /lib/x86_64-linux-gnu/libresolv-2.21.so
7f8522cc8000-7f8522ec8000 ---p 00017000 08:01 22024473                   /lib/x86_64-linux-gnu/libresolv-2.21.so
7f8522ec8000-7f8522eca000 r--p 00017000 08:01 22024473                   /lib/x86_64-linux-gnu/libresolv-2.21.so
7f8522eca000-7f8522ecb000 rw-p 00019000 08:01 22024473                   /lib/x86_64-linux-gnu/libresolv-2.21.so
7f8522ecb000-7f8522ecd000 rw-p 00000000 00:00 0 
7f8522ecd000-7f8522eee000 r-xp 00000000 08:01 22024477                   /lib/x86_64-linux-gnu/libselinux.so.1
7f8522eee000-7f85230ed000 ---p 00021000 08:01 22024477                   /lib/x86_64-linux-gnu/libselinux.so.1
7f85230ed000-7f85230ee000 r--p 00020000 08:01 22024477                   /lib/x86_64-linux-gnu/libselinux.so.1
7f85230ee000-7f85230ef000 rw-p 00021000 08:01 22024477                   /lib/x86_64-linux-gnu/libselinux.so.1
7f85230ef000-7f85230f1000 rw-p 00000000 00:00 0 
7f85230f1000-7f85230f4000 r-xp 00000000 08:01 20447655                   /usr/lib/x86_64-linux-gnu/libgmodule-2.0.so.0.4400.1
7f85230f4000-7f85232f3000 ---p 00003000 08:01 20447655                   /usr/lib/x86_64-linux-gnu/libgmodule-2.0.so.0.4400.1
7f85232f3000-7f85232f4000 r--p 00002000 08:01 20447655                   /usr/lib/x86_64-linux-gnu/libgmodule-2.0.so.0.4400.1
7f85232f4000-7f85232f5000 rw-p 00003000 08:01 20447655                   /usr/lib/x86_64-linux-gnu/libgmodule-2.0.so.0.4400.1
7f85232f5000-7f8523402000 r-xp 00000000 08:01 22024241                   /lib/x86_64-linux-gnu/libglib-2.0.so.0.4400.1
7f8523402000-7f8523601000 ---p 0010d000 08:01 22024241                   /lib/x86_64-linux-gnu/libglib-2.0.so.0.4400.1
7f8523601000-7f8523602000 r--p 0010c000 08:01 22024241                   /lib/x86_64-linux-gnu/libglib-2.0.so.0.4400.1
7f8523602000-7f8523603000 rw-p 0010d000 08:01 22024241                   /lib/x86_64-linux-gnu/libglib-2.0.so.0.4400.1
7f8523603000-7f8523604000 rw-p 00000000 00:00 0 
7f8523604000-7f8523654000 r-xp 00000000 08:01 20447615                   /usr/lib/x86_64-linux-gnu/libgobject-2.0.so.0.4400.1
7f8523654000-7f8523854000 ---p 00050000 08:01 20447615                   /usr/lib/x86_64-linux-gnu/libgobject-2.0.so.0.4400.1
7f8523854000-7f8523855000 r--p 00050000 08:01 20447615                   /usr/lib/x86_64-linux-gnu/libgobject-2.0.so.0.4400.1
7f8523855000-7f8523856000 rw-p 00051000 08:01 20447615                   /usr/lib/x86_64-linux-gnu/libgobject-2.0.so.0.4400.1
7f8523856000-7f85239ce000 r-xp 00000000 08:01 20447637                   /usr/lib/x86_64-linux-gnu/libgio-2.0.so.0.4400.1
7f85239ce000-7f8523bce000 ---p 00178000 08:01 20447637                   /usr/lib/x86_64-linux-gnu/libgio-2.0.so.0.4400.1
7f8523bce000-7f8523bd2000 r--p 00178000 08:01 20447637                   /usr/lib/x86_64-linux-gnu/libgio-2.0.so.0.4400.1
7f8523bd2000-7f8523bd4000 rw-p 0017c000 08:01 20447637                   /usr/lib/x86_64-linux-gnu/libgio-2.0.so.0.4400.1
7f8523bd4000-7f8523bd6000 rw-p 00000000 00:00 0 
7f8523bd6000-7f8523bed000 r-xp 00000000 08:01 20587083                   /usr/lib/jvm/java-7-openjdk-amd64/jre/lib/amd64/libnet.so
7f8523bed000-7f8523dec000 ---p 00017000 08:01 20587083                   /usr/lib/jvm/java-7-openjdk-amd64/jre/lib/amd64/libnet.so
7f8523dec000-7f8523ded000 r--p 00016000 08:01 20587083                   /usr/lib/jvm/java-7-openjdk-amd64/jre/lib/amd64/libnet.so
7f8523ded000-7f8523dee000 rw-p 00017000 08:01 20587083                   /usr/lib/jvm/java-7-openjdk-amd64/jre/lib/amd64/libnet.so
7f8523dee000-7f8523dff000 r-xp 00000000 08:01 20587088                   /usr/lib/jvm/java-7-openjdk-amd64/jre/lib/amd64/libnio.so
7f8523dff000-7f8523ffe000 ---p 00011000 08:01 20587088                   /usr/lib/jvm/java-7-openjdk-amd64/jre/lib/amd64/libnio.so
7f8523ffe000-7f8523fff000 r--p 00010000 08:01 20587088                   /usr/lib/jvm/java-7-openjdk-amd64/jre/lib/amd64/libnio.so
7f8523fff000-7f8524000000 rw-p 00011000 08:01 20587088                   /usr/lib/jvm/java-7-openjdk-amd64/jre/lib/amd64/libnio.so
7f8524000000-7f8524021000 rw-p 00000000 00:00 0 
7f8524021000-7f8528000000 ---p 00000000 00:00 0 
7f8528129000-7f85281f5000 r--s 00939000 08:01 28970804                   /home/sharan/AndroidStudioProjects/Muser/muser/build/intermediates/multi-dex/debug/allclasses.jar
7f85281f5000-7f85281f6000 ---p 00000000 00:00 0 
7f85281f6000-7f85282f6000 rw-p 00000000 00:00 0                          [stack:9730]
7f85282f6000-7f85282f9000 ---p 00000000 00:00 0 
7f85282f9000-7f85283f7000 rw-p 00000000 00:00 0                          [stack:9729]
7f85283f7000-7f85283fa000 ---p 00000000 00:00 0 
7f85283fa000-7f85284f8000 rw-p 00000000 00:00 0                          [stack:9728]
7f85284f8000-7f85284fb000 ---p 00000000 00:00 0 
7f85284fb000-7f85285f9000 rw-p 00000000 00:00 0                          [stack:9727]
7f85285f9000-7f85285fe000 r-xp 00000000 08:01 20455330                   /usr/lib/x86_64-linux-gnu/libXdmcp.so.6.0.0
7f85285fe000-7f85287fd000 ---p 00005000 08:01 20455330                   /usr/lib/x86_64-linux-gnu/libXdmcp.so.6.0.0
7f85287fd000-7f85287fe000 r--p 00004000 08:01 20455330                   /usr/lib/x86_64-linux-gnu/libXdmcp.so.6.0.0
7f85287fe000-7f85287ff000 rw-p 00005000 08:01 20455330                   /usr/lib/x86_64-linux-gnu/libXdmcp.so.6.0.0
7f85287ff000-7f8528801000 r-xp 00000000 08:01 20455319                   /usr/lib/x86_64-linux-gnu/libXau.so.6.0.0
7f8528801000-7f8528a01000 ---p 00002000 08:01 20455319                   /usr/lib/x86_64-linux-gnu/libXau.so.6.0.0
7f8528a01000-7f8528a02000 r--p 00002000 08:01 20455319                   /usr/lib/x86_64-linux-gnu/libXau.so.6.0.0
7f8528a02000-7f8528a03000 rw-p 00003000 08:01 20455319                   /usr/lib/x86_64-linux-gnu/libXau.so.6.0.0
7f8528a03000-7f8528a20000 r-xp 00000000 08:01 20456517                   /usr/lib/x86_64-linux-gnu/libxcb.so.1.1.0
7f8528a20000-7f8528c20000 ---p 0001d000 08:01 20456517                   /usr/lib/x86_64-linux-gnu/libxcb.so.1.1.0
7f8528c20000-7f8528c21000 r--p 0001d000 08:01 20456517                   /usr/lib/x86_64-linux-gnu/libxcb.so.1.1.0
7f8528c21000-7f8528c22000 rw-p 0001e000 08:01 20456517                   /usr/lib/x86_64-linux-gnu/libxcb.so.1.1.0
7f8528c22000-7f8528d55000 r-xp 00000000 08:01 20455315                   /usr/lib/x86_64-linux-gnu/libX11.so.6.3.0
7f8528d55000-7f8528f55000 ---p 00133000 08:01 20455315                   /usr/lib/x86_64-linux-gnu/libX11.so.6.3.0
7f8528f55000-7f8528f56000 r--p 00133000 08:01 20455315                   /usr/lib/x86_64-linux-gnu/libX11.so.6.3.0
7f8528f56000-7f8528f5a000 rw-p 00134000 08:01 20455315                   /usr/lib/x86_64-linux-gnu/libX11.so.6.3.0
7f8528f5a000-7f8528f5b000 rw-p 00000000 00:00 0 
7f8528f5b000-7f8528f5d000 r-xp 00000000 08:01 20452766                   /usr/lib/jayatana/libjayatanaag.so
7f8528f5d000-7f852915c000 ---p 00002000 08:01 20452766                   /usr/lib/jayatana/libjayatanaag.so
7f852915c000-7f852915d000 r--p 00001000 08:01 20452766                   /usr/lib/jayatana/libjayatanaag.so
7f852915d000-7f852915e000 rw-p 00002000 08:01 20452766                   /usr/lib/jayatana/libjayatanaag.so
7f852915e000-7f8529161000 ---p 00000000 00:00 0 
7f8529161000-7f852925f000 rw-p 00000000 00:00 0                          [stack:9726]
7f852925f000-7f8529941000 r--p 00000000 08:01 20454393                   /usr/lib/locale/locale-archive
7f8529941000-7f8529944000 ---p 00000000 00:00 0 
7f8529944000-7f8529a42000 rw-p 00000000 00:00 0                          [stack:9725]
7f8529a42000-7f8529a45000 ---p 00000000 00:00 0 
7f8529a45000-7f8529b43000 rw-p 00000000 00:00 0                          [stack:9724]
7f8529b43000-7f8529b44000 ---p 00000000 00:00 0 
7f8529b44000-7f852ab9c000 rw-p 00000000 00:00 0                          [stack:9723]
7f852ab9c000-7f852ad4d000 r--s 01d29000 08:01 20587021                   /usr/lib/jvm/java-7-openjdk-amd64/jre/lib/rt.jar
7f852ad4d000-7f852b616000 rw-p 00000000 00:00 0 
7f852b616000-7f852b617000 ---p 00000000 00:00 0 
7f852b617000-7f852b717000 rw-p 00000000 00:00 0                          [stack:9722]
7f852b717000-7f852b718000 ---p 00000000 00:00 0 
7f852b718000-7f852b818000 rw-p 00000000 00:00 0                          [stack:9721]
7f852b818000-7f852b819000 ---p 00000000 00:00 0 
7f852b819000-7f852b919000 rw-p 00000000 00:00 0                          [stack:9720]
7f852b919000-7f852b91a000 ---p 00000000 00:00 0 
7f852b91a000-7f852bb16000 rw-p 00000000 00:00 0                          [stack:9719]
7f852bb16000-7f852bf70000 rw-p 00000000 00:00 0 
7f852bf70000-7f852bf7b000 rw-p 00000000 00:00 0 
7f852bf7b000-7f852bfc3000 rw-p 00000000 00:00 0 
7f852bfc3000-7f852c0bf000 rw-p 00000000 00:00 0 
7f852c0bf000-7f852c518000 rw-p 00000000 00:00 0 
7f852c518000-7f852c792000 rw-p 00000000 00:00 0 
7f852c792000-7f852c7c3000 rw-p 00000000 00:00 0 
7f852c7c3000-7f852c7c4000 rw-p 00000000 00:00 0 
7f852c7c4000-7f852cba4000 rwxp 00000000 00:00 0 
7f852cba4000-7f852f7c4000 rw-p 00000000 00:00 0 
7f852f7c4000-7f852f7cc000 r-xp 00000000 08:01 20587054                   /usr/lib/jvm/java-7-openjdk-amd64/jre/lib/amd64/libzip.so
7f852f7cc000-7f852f9cb000 ---p 00008000 08:01 20587054                   /usr/lib/jvm/java-7-openjdk-amd64/jre/lib/amd64/libzip.so
7f852f9cb000-7f852f9cc000 r--p 00007000 08:01 20587054                   /usr/lib/jvm/java-7-openjdk-amd64/jre/lib/amd64/libzip.so
7f852f9cc000-7f852f9cd000 rw-p 00008000 08:01 20587054                   /usr/lib/jvm/java-7-openjdk-amd64/jre/lib/amd64/libzip.so
7f852f9cd000-7f852f9d9000 r-xp 00000000 08:01 22024420                   /lib/x86_64-linux-gnu/libnss_files-2.21.so
7f852f9d9000-7f852fbd8000 ---p 0000c000 08:01 22024420                   /lib/x86_64-linux-gnu/libnss_files-2.21.so
7f852fbd8000-7f852fbd9000 r--p 0000b000 08:01 22024420                   /lib/x86_64-linux-gnu/libnss_files-2.21.so
7f852fbd9000-7f852fbda000 rw-p 0000c000 08:01 22024420                   /lib/x86_64-linux-gnu/libnss_files-2.21.so
7f852fbda000-7f852fbe5000 r-xp 00000000 08:01 22024430                   /lib/x86_64-linux-gnu/libnss_nis-2.21.so
7f852fbe5000-7f852fde4000 ---p 0000b000 08:01 22024430                   /lib/x86_64-linux-gnu/libnss_nis-2.21.so
7f852fde4000-7f852fde5000 r--p 0000a000 08:01 22024430                   /lib/x86_64-linux-gnu/libnss_nis-2.21.so
7f852fde5000-7f852fde6000 rw-p 0000b000 08:01 22024430                   /lib/x86_64-linux-gnu/libnss_nis-2.21.so
7f852fde6000-7f852fdfd000 r-xp 00000000 08:01 22024414                   /lib/x86_64-linux-gnu/libnsl-2.21.so
7f852fdfd000-7f852fffc000 ---p 00017000 08:01 22024414                   /lib/x86_64-linux-gnu/libnsl-2.21.so
7f852fffc000-7f852fffd000 r--p 00016000 08:01 22024414                   /lib/x86_64-linux-gnu/libnsl-2.21.so
7f852fffd000-7f852fffe000 rw-p 00017000 08:01 22024414                   /lib/x86_64-linux-gnu/libnsl-2.21.so
7f852fffe000-7f8530000000 rw-p 00000000 00:00 0 
7f8530000000-7f853045b000 rw-p 00000000 00:00 0 
7f853045b000-7f8534000000 ---p 00000000 00:00 0 
7f853403e000-7f85340f8000 rw-p 00000000 00:00 0 
7f85340f8000-7f8534140000 rw-p 00000000 00:00 0 
7f8534140000-7f8534148000 r-xp 00000000 08:01 22024416                   /lib/x86_64-linux-gnu/libnss_compat-2.21.so
7f8534148000-7f8534347000 ---p 00008000 08:01 22024416                   /lib/x86_64-linux-gnu/libnss_compat-2.21.so
7f8534347000-7f8534348000 r--p 00007000 08:01 22024416                   /lib/x86_64-linux-gnu/libnss_compat-2.21.so
7f8534348000-7f8534349000 rw-p 00008000 08:01 22024416                   /lib/x86_64-linux-gnu/libnss_compat-2.21.so
7f8534349000-7f8534353000 r-xp 00000000 08:01 20587084                   /usr/lib/jvm/java-7-openjdk-amd64/jre/lib/amd64/libinstrument.so
7f8534353000-7f8534552000 ---p 0000a000 08:01 20587084                   /usr/lib/jvm/java-7-openjdk-amd64/jre/lib/amd64/libinstrument.so
7f8534552000-7f8534553000 r--p 00009000 08:01 20587084                   /usr/lib/jvm/java-7-openjdk-amd64/jre/lib/amd64/libinstrument.so
7f8534553000-7f8534554000 rw-p 0000a000 08:01 20587084                   /usr/lib/jvm/java-7-openjdk-amd64/jre/lib/amd64/libinstrument.so
7f8534554000-7f8534581000 r-xp 00000000 08:01 20587091                   /usr/lib/jvm/java-7-openjdk-amd64/jre/lib/amd64/libjava.so
7f8534581000-7f8534780000 ---p 0002d000 08:01 20587091                   /usr/lib/jvm/java-7-openjdk-amd64/jre/lib/amd64/libjava.so
7f8534780000-7f8534781000 r--p 0002c000 08:01 20587091                   /usr/lib/jvm/java-7-openjdk-amd64/jre/lib/amd64/libjava.so
7f8534781000-7f8534783000 rw-p 0002d000 08:01 20587091                   /usr/lib/jvm/java-7-openjdk-amd64/jre/lib/amd64/libjava.so
7f8534783000-7f8534792000 r-xp 00000000 08:01 20587072                   /usr/lib/jvm/java-7-openjdk-amd64/jre/lib/amd64/libverify.so
7f8534792000-7f8534991000 ---p 0000f000 08:01 20587072                   /usr/lib/jvm/java-7-openjdk-amd64/jre/lib/amd64/libverify.so
7f8534991000-7f8534994000 r--p 0000e000 08:01 20587072                   /usr/lib/jvm/java-7-openjdk-amd64/jre/lib/amd64/libverify.so
7f8534994000-7f8534995000 rw-p 00011000 08:01 20587072                   /usr/lib/jvm/java-7-openjdk-amd64/jre/lib/amd64/libverify.so
7f8534995000-7f853499c000 r-xp 00000000 08:01 22024475                   /lib/x86_64-linux-gnu/librt-2.21.so
7f853499c000-7f8534b9b000 ---p 00007000 08:01 22024475                   /lib/x86_64-linux-gnu/librt-2.21.so
7f8534b9b000-7f8534b9c000 r--p 00006000 08:01 22024475                   /lib/x86_64-linux-gnu/librt-2.21.so
7f8534b9c000-7f8534b9d000 rw-p 00007000 08:01 22024475                   /lib/x86_64-linux-gnu/librt-2.21.so
7f8534b9d000-7f8534bb3000 r-xp 00000000 08:01 22024363                   /lib/x86_64-linux-gnu/libgcc_s.so.1
7f8534bb3000-7f8534db2000 ---p 00016000 08:01 22024363                   /lib/x86_64-linux-gnu/libgcc_s.so.1
7f8534db2000-7f8534db3000 rw-p 00015000 08:01 22024363                   /lib/x86_64-linux-gnu/libgcc_s.so.1
7f8534db3000-7f8534eba000 r-xp 00000000 08:01 22024393                   /lib/x86_64-linux-gnu/libm-2.21.so
7f8534eba000-7f85350b9000 ---p 00107000 08:01 22024393                   /lib/x86_64-linux-gnu/libm-2.21.so
7f85350b9000-7f85350ba000 r--p 00106000 08:01 22024393                   /lib/x86_64-linux-gnu/libm-2.21.so
7f85350ba000-7f85350bb000 rw-p 00107000 08:01 22024393                   /lib/x86_64-linux-gnu/libm-2.21.so
7f85350bb000-7f85351ab000 r-xp 00000000 08:01 20456311                   /usr/lib/x86_64-linux-gnu/libstdc++.so.6.0.20
7f85351ab000-7f85353ab000 ---p 000f0000 08:01 20456311                   /usr/lib/x86_64-linux-gnu/libstdc++.so.6.0.20
7f85353ab000-7f85353b3000 r--p 000f0000 08:01 20456311                   /usr/lib/x86_64-linux-gnu/libstdc++.so.6.0.20
7f85353b3000-7f85353b5000 rw-p 000f8000 08:01 20456311                   /usr/lib/x86_64-linux-gnu/libstdc++.so.6.0.20
7f85353b5000-7f85353ca000 rw-p 00000000 00:00 0 
7f85353ca000-7f8535f22000 r-xp 00000000 08:01 20587060                   /usr/lib/jvm/java-7-openjdk-amd64/jre/lib/amd64/server/libjvm.so
7f8535f22000-7f8536121000 ---p 00b58000 08:01 20587060                   /usr/lib/jvm/java-7-openjdk-amd64/jre/lib/amd64/server/libjvm.so
7f8536121000-7f85361c0000 r--p 00b57000 08:01 20587060                   /usr/lib/jvm/java-7-openjdk-amd64/jre/lib/amd64/server/libjvm.so
7f85361c0000-7f85361e3000 rw-p 00bf6000 08:01 20587060                   /usr/lib/jvm/java-7-openjdk-amd64/jre/lib/amd64/server/libjvm.so
7f85361e3000-7f8536210000 rw-p 00000000 00:00 0 
7f8536210000-7f8536229000 r-xp 00000000 08:01 22024508                   /lib/x86_64-linux-gnu/libz.so.1.2.8
7f8536229000-7f8536429000 ---p 00019000 08:01 22024508                   /lib/x86_64-linux-gnu/libz.so.1.2.8
7f8536429000-7f853642a000 r--p 00019000 08:01 22024508                   /lib/x86_64-linux-gnu/libz.so.1.2.8
7f853642a000-7f853642b000 rw-p 0001a000 08:01 22024508                   /lib/x86_64-linux-gnu/libz.so.1.2.8
7f853642b000-7f8536443000 r-xp 00000000 08:01 22024467                   /lib/x86_64-linux-gnu/libpthread-2.21.so
7f8536443000-7f8536643000 ---p 00018000 08:01 22024467                   /lib/x86_64-linux-gnu/libpthread-2.21.so
7f8536643000-7f8536644000 r--p 00018000 08:01 22024467                   /lib/x86_64-linux-gnu/libpthread-2.21.so
7f8536644000-7f8536645000 rw-p 00019000 08:01 22024467                   /lib/x86_64-linux-gnu/libpthread-2.21.so
7f8536645000-7f8536649000 rw-p 00000000 00:00 0 
7f8536649000-7f853664c000 r-xp 00000000 08:01 22024351                   /lib/x86_64-linux-gnu/libdl-2.21.so
7f853664c000-7f853684b000 ---p 00003000 08:01 22024351                   /lib/x86_64-linux-gnu/libdl-2.21.so
7f853684b000-7f853684c000 r--p 00002000 08:01 22024351                   /lib/x86_64-linux-gnu/libdl-2.21.so
7f853684c000-7f853684d000 rw-p 00003000 08:01 22024351                   /lib/x86_64-linux-gnu/libdl-2.21.so
7f853684d000-7f8536a0d000 r-xp 00000000 08:01 22024334                   /lib/x86_64-linux-gnu/libc-2.21.so
7f8536a0d000-7f8536c0d000 ---p 001c0000 08:01 22024334                   /lib/x86_64-linux-gnu/libc-2.21.so
7f8536c0d000-7f8536c11000 r--p 001c0000 08:01 22024334                   /lib/x86_64-linux-gnu/libc-2.21.so
7f8536c11000-7f8536c13000 rw-p 001c4000 08:01 22024334                   /lib/x86_64-linux-gnu/libc-2.21.so
7f8536c13000-7f8536c17000 rw-p 00000000 00:00 0 
7f8536c17000-7f8536c24000 r-xp 00000000 08:01 20587057                   /usr/lib/jvm/java-7-openjdk-amd64/jre/lib/amd64/jli/libjli.so
7f8536c24000-7f8536e23000 ---p 0000d000 08:01 20587057                   /usr/lib/jvm/java-7-openjdk-amd64/jre/lib/amd64/jli/libjli.so
7f8536e23000-7f8536e24000 r--p 0000c000 08:01 20587057                   /usr/lib/jvm/java-7-openjdk-amd64/jre/lib/amd64/jli/libjli.so
7f8536e24000-7f8536e25000 rw-p 0000d000 08:01 20587057                   /usr/lib/jvm/java-7-openjdk-amd64/jre/lib/amd64/jli/libjli.so
7f8536e25000-7f8536e49000 r-xp 00000000 08:01 22024306                   /lib/x86_64-linux-gnu/ld-2.21.so
7f8536e51000-7f8536e52000 rw-p 00000000 00:00 0 
7f8536e52000-7f8536e61000 r--s 000dd000 08:01 21636737                   /home/sharan/Android/Sdk/build-tools/21.1.2/lib/dx.jar
7f8536e61000-7f8536e71000 rw-p 00000000 00:00 0 
7f8536e71000-7f8536f21000 rw-p 00000000 00:00 0 
7f8536f21000-7f8536f24000 ---p 00000000 00:00 0 
7f8536f24000-7f8537027000 rw-p 00000000 00:00 0                          [stack:9718]
7f8537027000-7f8537028000 r--s 00000000 08:01 20979860                   /usr/share/java/jayatanaag.jar
7f8537028000-7f853702c000 r--s 00034000 08:01 20587040                   /usr/lib/jvm/java-7-openjdk-amd64/jre/lib/ext/sunjce_provider.jar
7f853702c000-7f8537030000 r--s 0003c000 08:01 20587041                   /usr/lib/jvm/java-7-openjdk-amd64/jre/lib/ext/sunpkcs11.jar
7f8537030000-7f8537033000 r--s 0000f000 08:01 20587042                   /usr/lib/jvm/java-7-openjdk-amd64/jre/lib/ext/icedtea-sound.jar
7f8537033000-7f8537037000 r--s 00085000 08:01 20587038                   /usr/lib/jvm/java-7-openjdk-amd64/jre/lib/ext/localedata.jar
7f8537037000-7f8537039000 r--s 00012000 08:01 20587043                   /usr/lib/jvm/java-7-openjdk-amd64/jre/lib/ext/zipfs.jar
7f8537039000-7f853703b000 r--s 00006000 08:01 20971724                   /usr/share/java/java-atk-wrapper.jar
7f853703b000-7f853703c000 r--s 00002000 08:01 20587039                   /usr/lib/jvm/java-7-openjdk-amd64/jre/lib/ext/dnsns.jar
7f853703c000-7f8537044000 rw-s 00000000 08:01 3016132                    /tmp/hsperfdata_sharan/9712
7f8537044000-7f8537045000 rw-p 00000000 00:00 0 
7f8537045000-7f8537046000 ---p 00000000 00:00 0 
7f8537046000-7f8537048000 rw-p 00000000 00:00 0 
7f8537048000-7f8537049000 r--p 00023000 08:01 22024306                   /lib/x86_64-linux-gnu/ld-2.21.so
7f8537049000-7f853704a000 rw-p 00024000 08:01 22024306                   /lib/x86_64-linux-gnu/ld-2.21.so
7f853704a000-7f853704b000 rw-p 00000000 00:00 0 
7ffc9ddd8000-7ffc9ddf9000 rw-p 00000000 00:00 0                          [stack]
7ffc9ddfa000-7ffc9ddfc000 r--p 00000000 00:00 0                          [vvar]
7ffc9ddfc000-7ffc9ddfe000 r-xp 00000000 00:00 0                          [vdso]
ffffffffff600000-ffffffffff601000 r-xp 00000000 00:00 0                  [vsyscall]

VM Arguments:
jvm_args: -javaagent:/usr/share/java/jayatanaag.jar -Xmx4g -Dfile.encoding=UTF-8 -Duser.country=IN -Duser.language=en -Duser.variant 
java_command: com.android.dx.command.Main --dex --force-jumbo --multi-dex --main-dex-list /home/sharan/AndroidStudioProjects/Muser/muser/build/intermediates/multi-dex/debug/maindexlist.txt --output /home/sharan/AndroidStudioProjects/Muser/muser/build/intermediates/dex/debug /home/sharan/AndroidStudioProjects/Muser/muser/build/intermediates/multi-dex/debug/allclasses.jar
Launcher Type: SUN_STANDARD

Environment Variables:
JAVA_HOME=/usr/lib/jvm/java-8-oracle
JAVA_TOOL_OPTIONS=-javaagent:/usr/share/java/jayatanaag.jar 
PATH=/usr/local/sbin:/usr/local/bin:/usr/sbin:/usr/bin:/sbin:/bin:/usr/games:/usr/local/games:/usr/lib/jvm/java-8-oracle/bin:/usr/lib/jvm/java-8-oracle/db/bin:/usr/lib/jvm/java-8-oracle/jre/bin
LD_LIBRARY_PATH=/opt/android-studio/bin:
SHELL=/bin/bash
DISPLAY=:0

Signal Handlers:
SIGSEGV: [libjvm.so+0x98ac50], sa_mask[0]=0x7ffbfeff, sa_flags=0x10000004
SIGBUS: [libjvm.so+0x98ac50], sa_mask[0]=0x7ffbfeff, sa_flags=0x10000004
SIGFPE: [libjvm.so+0x7f8ab0], sa_mask[0]=0x7ffbfeff, sa_flags=0x10000004
SIGPIPE: [libjvm.so+0x7f8ab0], sa_mask[0]=0x7ffbfeff, sa_flags=0x10000004
SIGXFSZ: [libjvm.so+0x7f8ab0], sa_mask[0]=0x7ffbfeff, sa_flags=0x10000004
SIGILL: [libjvm.so+0x7f8ab0], sa_mask[0]=0x7ffbfeff, sa_flags=0x10000004
SIGUSR1: SIG_DFL, sa_mask[0]=0x00000000, sa_flags=0x00000000
SIGUSR2: [libjvm.so+0x7f8930], sa_mask[0]=0x00000004, sa_flags=0x10000004
SIGHUP: [libjvm.so+0x7f8b30], sa_mask[0]=0x7ffbfeff, sa_flags=0x10000004
SIGINT: [libjvm.so+0x7f8b30], sa_mask[0]=0x7ffbfeff, sa_flags=0x10000004
SIGTERM: [libjvm.so+0x7f8b30], sa_mask[0]=0x7ffbfeff, sa_flags=0x10000004
SIGQUIT: [libjvm.so+0x7f8b30], sa_mask[0]=0x7ffbfeff, sa_flags=0x10000004
SIGTRAP: SIG_DFL, sa_mask[0]=0x00000000, sa_flags=0x00000000


---------------  S Y S T E M  ---------------

OS:Ubuntu 15.04 (vivid)
uname:Linux 3.19.0-26-generic #28-Ubuntu SMP Tue Aug 11 14:16:32 UTC 2015 x86_64
libc:glibc 2.21 NPTL 2.21 
rlimit: STACK 8192k, CORE 0k, NPROC 31366, NOFILE 65536, AS infinity
load average:2.84 2.10 1.73

/proc/meminfo:
MemTotal:        8052020 kB
MemFree:          133128 kB
MemAvailable:     155428 kB
Buffers:           36092 kB
Cached:          1496992 kB
SwapCached:            0 kB
Active:          6396176 kB
Inactive:        1335024 kB
Active(anon):    6309952 kB
Inactive(anon):  1254636 kB
Active(file):      86224 kB
Inactive(file):    80388 kB
Unevictable:          32 kB
Mlocked:              32 kB
SwapTotal:             0 kB
SwapFree:              0 kB
Dirty:               216 kB
Writeback:             0 kB
AnonPages:       6199344 kB
Mapped:           685456 kB
Shmem:           1365520 kB
Slab:              85120 kB
SReclaimable:      46924 kB
SUnreclaim:        38196 kB
KernelStack:       11312 kB
PageTables:        47544 kB
NFS_Unstable:          0 kB
Bounce:                0 kB
WritebackTmp:          0 kB
CommitLimit:     4026008 kB
Committed_AS:   13290924 kB
VmallocTotal:   34359738367 kB
VmallocUsed:      359932 kB
VmallocChunk:   34359286872 kB
HardwareCorrupted:     0 kB
AnonHugePages:   4462592 kB
CmaTotal:              0 kB
CmaFree:               0 kB
HugePages_Total:       0
HugePages_Free:        0
HugePages_Rsvd:        0
HugePages_Surp:        0
Hugepagesize:       2048 kB
DirectMap4k:      175164 kB
DirectMap2M:     7041024 kB
DirectMap1G:     1048576 kB


CPU:total 4 (2 cores per cpu, 2 threads per core) family 6 model 60 stepping 3, cmov, cx8, fxsr, mmx, sse, sse2, sse3, ssse3, sse4.1, sse4.2, popcnt, avx, avx2, aes, erms, ht, tsc, tscinvbit

/proc/cpuinfo:
processor	: 0
vendor_id	: GenuineIntel
cpu family	: 6
model		: 60
model name	: Intel(R) Core(TM) i3-4150 CPU @ 3.50GHz
stepping	: 3
microcode	: 0x12
cpu MHz		: 3499.863
cache size	: 3072 KB
physical id	: 0
siblings	: 4
core id		: 0
cpu cores	: 2
apicid		: 0
initial apicid	: 0
fpu		: yes
fpu_exception	: yes
cpuid level	: 13
wp		: yes
flags		: fpu vme de pse tsc msr pae mce cx8 apic sep mtrr pge mca cmov pat pse36 clflush dts acpi mmx fxsr sse sse2 ss ht tm pbe syscall nx pdpe1gb rdtscp lm constant_tsc arch_perfmon pebs bts rep_good nopl xtopology nonstop_tsc aperfmperf eagerfpu pni pclmulqdq dtes64 monitor ds_cpl vmx est tm2 ssse3 fma cx16 xtpr pdcm pcid sse4_1 sse4_2 movbe popcnt tsc_deadline_timer aes xsave avx f16c rdrand lahf_lm abm arat pln pts dtherm tpr_shadow vnmi flexpriority ept vpid fsgsbase tsc_adjust bmi1 avx2 smep bmi2 erms invpcid xsaveopt
bugs		:
bogomips	: 6983.79
clflush size	: 64
cache_alignment	: 64
address sizes	: 39 bits physical, 48 bits virtual
power management:

processor	: 1
vendor_id	: GenuineIntel
cpu family	: 6
model		: 60
model name	: Intel(R) Core(TM) i3-4150 CPU @ 3.50GHz
stepping	: 3
microcode	: 0x12
cpu MHz		: 3499.863
cache size	: 3072 KB
physical id	: 0
siblings	: 4
core id		: 1
cpu cores	: 2
apicid		: 2
initial apicid	: 2
fpu		: yes
fpu_exception	: yes
cpuid level	: 13
wp		: yes
flags		: fpu vme de pse tsc msr pae mce cx8 apic sep mtrr pge mca cmov pat pse36 clflush dts acpi mmx fxsr sse sse2 ss ht tm pbe syscall nx pdpe1gb rdtscp lm constant_tsc arch_perfmon pebs bts rep_good nopl xtopology nonstop_tsc aperfmperf eagerfpu pni pclmulqdq dtes64 monitor ds_cpl vmx est tm2 ssse3 fma cx16 xtpr pdcm pcid sse4_1 sse4_2 movbe popcnt tsc_deadline_timer aes xsave avx f16c rdrand lahf_lm abm arat pln pts dtherm tpr_shadow vnmi flexpriority ept vpid fsgsbase tsc_adjust bmi1 avx2 smep bmi2 erms invpcid xsaveopt
bugs		:
bogomips	: 6983.79
clflush size	: 64
cache_alignment	: 64
address sizes	: 39 bits physical, 48 bits virtual
power management:

processor	: 2
vendor_id	: GenuineIntel
cpu family	: 6
model		: 60
model name	: Intel(R) Core(TM) i3-4150 CPU @ 3.50GHz
stepping	: 3
microcode	: 0x12
cpu MHz		: 3500.000
cache size	: 3072 KB
physical id	: 0
siblings	: 4
core id		: 0
cpu cores	: 2
apicid		: 1
initial apicid	: 1
fpu		: yes
fpu_exception	: yes
cpuid level	: 13
wp		: yes
flags		: fpu vme de pse tsc msr pae mce cx8 apic sep mtrr pge mca cmov pat pse36 clflush dts acpi mmx fxsr sse sse2 ss ht tm pbe syscall nx pdpe1gb rdtscp lm constant_tsc arch_perfmon pebs bts rep_good nopl xtopology nonstop_tsc aperfmperf eagerfpu pni pclmulqdq dtes64 monitor ds_cpl vmx est tm2 ssse3 fma cx16 xtpr pdcm pcid sse4_1 sse4_2 movbe popcnt tsc_deadline_timer aes xsave avx f16c rdrand lahf_lm abm arat pln pts dtherm tpr_shadow vnmi flexpriority ept vpid fsgsbase tsc_adjust bmi1 avx2 smep bmi2 erms invpcid xsaveopt
bugs		:
bogomips	: 6983.79
clflush size	: 64
cache_alignment	: 64
address sizes	: 39 bits physical, 48 bits virtual
power management:

processor	: 3
vendor_id	: GenuineIntel
cpu family	: 6
model		: 60
model name	: Intel(R) Core(TM) i3-4150 CPU @ 3.50GHz
stepping	: 3
microcode	: 0x12
cpu MHz		: 3499.863
cache size	: 3072 KB
physical id	: 0
siblings	: 4
core id		: 1
cpu cores	: 2
apicid		: 3
initial apicid	: 3
fpu		: yes
fpu_exception	: yes
cpuid level	: 13
wp		: yes
flags		: fpu vme de pse tsc msr pae mce cx8 apic sep mtrr pge mca cmov pat pse36 clflush dts acpi mmx fxsr sse sse2 ss ht tm pbe syscall nx pdpe1gb rdtscp lm constant_tsc arch_perfmon pebs bts rep_good nopl xtopology nonstop_tsc aperfmperf eagerfpu pni pclmulqdq dtes64 monitor ds_cpl vmx est tm2 ssse3 fma cx16 xtpr pdcm pcid sse4_1 sse4_2 movbe popcnt tsc_deadline_timer aes xsave avx f16c rdrand lahf_lm abm arat pln pts dtherm tpr_shadow vnmi flexpriority ept vpid fsgsbase tsc_adjust bmi1 avx2 smep bmi2 erms invpcid xsaveopt
bugs		:
bogomips	: 6983.79
clflush size	: 64
cache_alignment	: 64
address sizes	: 39 bits physical, 48 bits virtual
power management:



Memory: 4k page, physical 8052020k(133128k free), swap 0k(0k free)

vm_info: OpenJDK 64-Bit Server VM (24.79-b02) for linux-amd64 JRE (1.7.0_79-b14), built on Jul 24 2015 05:24:39 by "buildd" with gcc 4.9.2

time: Tue Nov  3 14:34:02 2015
elapsed time: 25 seconds

