#
# There is insufficient memory for the Java Runtime Environment to continue.
# Native memory allocation (malloc) failed to allocate 249036800 bytes for committing reserved memory.
# Possible reasons:
#   The system is out of physical RAM or swap space
#   In 32 bit mode, the process size limit was hit
# Possible solutions:
#   Reduce memory load on the system
#   Increase physical memory or swap space
#   Check if swap backing store is full
#   Use 64 bit Java on a 64 bit OS
#   Decrease Java heap size (-Xmx/-Xms)
#   Decrease number of Java threads
#   Decrease Java thread stack sizes (-Xss)
#   Set larger code cache with -XX:ReservedCodeCacheSize=
# This output file may be truncated or incomplete.
#
#  Out of Memory Error (os_linux.cpp:2809), pid=11428, tid=140557355529984
#
# JRE version: OpenJDK Runtime Environment (7.0_79-b14) (build 1.7.0_79-b14)
# Java VM: OpenJDK 64-Bit Server VM (24.79-b02 mixed mode linux-amd64 compressed oops)
# Derivative: IcedTea 2.5.6
# Distribution: Ubuntu 15.04, package 7u79-2.5.6-0ubuntu1.15.04.1
# Failed to write core dump. Core dumps have been disabled. To enable core dumping, try "ulimit -c unlimited" before starting Java again
#

---------------  T H R E A D  ---------------

Current thread (0x00007fd62013e000):  VMThread [stack: 0x00007fd60f2f3000,0x00007fd60f3f4000] [id=11440]

Stack: [0x00007fd60f2f3000,0x00007fd60f3f4000],  sp=0x00007fd60f3f24c0,  free space=1021k
Native frames: (J=compiled Java code, j=interpreted, Vv=VM code, C=native code)
V  [libjvm.so+0x98a166]  VMError::report_and_die()+0x186
V  [libjvm.so+0x48f932]  report_vm_out_of_memory(char const*, int, unsigned long, char const*)+0x92
V  [libjvm.so+0x7fd56b]  os::pd_commit_memory(char*, unsigned long, unsigned long, bool)+0xeb
V  [libjvm.so+0x7f7c4e]  os::commit_memory(char*, unsigned long, unsigned long, bool)+0x2e
V  [libjvm.so+0x86a56b]  PSVirtualSpace::expand_by(unsigned long)+0x5b
V  [libjvm.so+0x858d5a]  PSOldGen::expand_by(unsigned long) [clone .part.29]+0x2a
V  [libjvm.so+0x858f10]  PSOldGen::expand(unsigned long) [clone .part.30]+0xc0
V  [libjvm.so+0x859ea8]  PSOldGen::resize(unsigned long)+0x198
V  [libjvm.so+0x861524]  PSParallelCompact::invoke_no_policy(bool) [clone .part.122]+0x994
V  [libjvm.so+0x867e85]  PSScavenge::invoke()+0x1a5
V  [libjvm.so+0x81fb73]  ParallelScavengeHeap::failed_mem_allocate(unsigned long)+0x63
V  [libjvm.so+0x98ba32]  VM_ParallelGCFailedAllocation::doit()+0x92
V  [libjvm.so+0x9902e7]  VM_Operation::evaluate()+0x47
V  [libjvm.so+0x98e8cb]  VMThread::evaluate_operation(VM_Operation*)+0xab
V  [libjvm.so+0x98ef76]  VMThread::loop()+0x1e6
V  [libjvm.so+0x98f441]  VMThread::run()+0x81
V  [libjvm.so+0x7fa492]  java_start(Thread*)+0xf2

VM_Operation (0x00007fd628887fa0): ParallelGCFailedAllocation, mode: safepoint, requested by thread 0x00007fd62000b000


---------------  P R O C E S S  ---------------

Java Threads: ( => current thread )
  0x00007fd6201d2000 JavaThread "Service Thread" daemon [_thread_blocked, id=11446, stack(0x00007fd60daa6000,0x00007fd60dba7000)]
  0x00007fd6201c8800 JavaThread "C2 CompilerThread1" daemon [_thread_blocked, id=11445, stack(0x00007fd60dba7000,0x00007fd60dca8000)]
  0x00007fd6201c6800 JavaThread "C2 CompilerThread0" daemon [_thread_blocked, id=11444, stack(0x00007fd60dca8000,0x00007fd60dda9000)]
  0x00007fd62016f800 JavaThread "Signal Dispatcher" daemon [_thread_blocked, id=11443, stack(0x00007fd60e90e000,0x00007fd60ea0f000)]
  0x00007fd620144800 JavaThread "Finalizer" daemon [_thread_blocked, id=11442, stack(0x00007fd60f0f1000,0x00007fd60f1f2000)]
  0x00007fd620142800 JavaThread "Reference Handler" daemon [_thread_blocked, id=11441, stack(0x00007fd60f1f2000,0x00007fd60f2f3000)]
  0x00007fd62000b000 JavaThread "main" [_thread_blocked, id=11435, stack(0x00007fd628789000,0x00007fd62888a000)]

Other Threads:
=>0x00007fd62013e000 VMThread [stack: 0x00007fd60f2f3000,0x00007fd60f3f4000] [id=11440]
  0x00007fd6201e4800 WatcherThread [stack: 0x00007fd60d9a5000,0x00007fd60daa6000] [id=11447]

VM state:at safepoint (normal execution)

VM Mutex/Monitor currently owned by a thread:  ([mutex/lock_event])
[0x00007fd620007310] ExpandHeap_lock - owner thread: 0x00007fd62013e000
[0x00007fd620007990] Threads_lock - owner thread: 0x00007fd62013e000
[0x00007fd620007e90] Heap_lock - owner thread: 0x00007fd62000b000

Heap
 PSYoungGen      total 801280K, used 77062K [0x00000007aaa80000, 0x00000007ea880000, 0x0000000800000000)
  eden space 591360K, 0% used [0x00000007aaa80000,0x00000007aaa80000,0x00000007cec00000)
  from space 209920K, 36% used [0x00000007dc280000,0x00000007e0dc1998,0x00000007e8f80000)
  to   space 219648K, 0% used [0x00000007cec00000,0x00000007cec00000,0x00000007dc280000)
 ParOldGen       total 462336K, used 462063K [0x0000000700000000, 0x000000071c380000, 0x00000007aaa80000)
  object space 462336K, 99% used [0x0000000700000000,0x000000071c33bef8,0x000000071c380000)
 PSPermGen       total 21504K, used 6286K [0x00000006f5a00000, 0x00000006f6f00000, 0x0000000700000000)
  object space 21504K, 29% used [0x00000006f5a00000,0x00000006f6023be8,0x00000006f6f00000)

Card table byte_map: [0x00007fd624918000,0x00007fd62516c000] byte_map_base: 0x00007fd62116b000

Polling page: 0x00007fd6288ad000

Code Cache  [0x00007fd61d000000, 0x00007fd61d420000, 0x00007fd620000000)
 total_blobs=1286 nmethods=1056 adapters=183 free_code_cache=45444Kb largest_free_block=46062976

Compilation events (10 events):
Event: 18.970 Thread 0x00007fd6201c6800 1119   !         java.util.zip.ZipFile$ZipFileInflaterInputStream::close (67 bytes)
Event: 18.978 Thread 0x00007fd6201c6800 nmethod 1119 0x00007fd61d2f57d0 code [0x00007fd61d2f5980, 0x00007fd61d2f6150]
Event: 18.978 Thread 0x00007fd6201c8800 1120             java.util.TreeMap$Values::size (8 bytes)
Event: 18.978 Thread 0x00007fd6201c8800 nmethod 1120 0x00007fd61d23c190 code [0x00007fd61d23c2c0, 0x00007fd61d23c338]
Event: 19.013 Thread 0x00007fd6201c6800 1121   !         java.util.zip.Inflater::ended (32 bytes)
Event: 19.015 Thread 0x00007fd6201c6800 nmethod 1121 0x00007fd61d195a90 code [0x00007fd61d195be0, 0x00007fd61d195e58]
Event: 19.038 Thread 0x00007fd6201c8800 1122             com.android.dx.util.BitIntSet$1::next (42 bytes)
Event: 19.039 Thread 0x00007fd6201c8800 nmethod 1122 0x00007fd61d286d10 code [0x00007fd61d286e60, 0x00007fd61d286f98]
Event: 19.281 Thread 0x00007fd6201c6800 1123             com.android.dx.rop.code.Rops::opGetStatic (97 bytes)
Event: 19.282 Thread 0x00007fd6201c6800 nmethod 1123 0x00007fd61d2f53d0 code [0x00007fd61d2f5540, 0x00007fd61d2f56a8]

GC Heap History (10 events):
Event: 14.522 GC heap after
Heap after GC invocations=17 (full 3):
 PSYoungGen      total 581120K, used 9239K [0x00000007aaa80000, 0x00000007d8080000, 0x0000000800000000)
  eden space 454656K, 0% used [0x00000007aaa80000,0x00000007aaa80000,0x00000007c6680000)
  from space 126464K, 7% used [0x00000007cea80000,0x00000007cf385d30,0x00000007d6600000)
  to   space 135168K, 0% used [0x00000007c6680000,0x00000007c6680000,0x00000007cea80000)
 ParOldGen       total 462336K, used 292047K [0x0000000700000000, 0x000000071c380000, 0x00000007aaa80000)
  object space 462336K, 63% used [0x0000000700000000,0x0000000711d33d10,0x000000071c380000)
 PSPermGen       total 21504K, used 6205K [0x00000006f5a00000, 0x00000006f6f00000, 0x0000000700000000)
  object space 21504K, 28% used [0x00000006f5a00000,0x00000006f600f568,0x00000006f6f00000)
}
Event: 15.828 GC heap before
{Heap before GC invocations=18 (full 3):
 PSYoungGen      total 581120K, used 463895K [0x00000007aaa80000, 0x00000007d8080000, 0x0000000800000000)
  eden space 454656K, 100% used [0x00000007aaa80000,0x00000007c6680000,0x00000007c6680000)
  from space 126464K, 7% used [0x00000007cea80000,0x00000007cf385d30,0x00000007d6600000)
  to   space 135168K, 0% used [0x00000007c6680000,0x00000007c6680000,0x00000007cea80000)
 ParOldGen       total 462336K, used 292047K [0x0000000700000000, 0x000000071c380000, 0x00000007aaa80000)
  object space 462336K, 63% used [0x0000000700000000,0x0000000711d33d10,0x000000071c380000)
 PSPermGen       total 21504K, used 6220K [0x00000006f5a00000, 0x00000006f6f00000, 0x0000000700000000)
  object space 21504K, 28% used [0x00000006f5a00000,0x00000006f60131e0,0x00000006f6f00000)
Event: 15.974 GC heap after
Heap after GC invocations=18 (full 3):
 PSYoungGen      total 589824K, used 74759K [0x00000007aaa80000, 0x00000007dc880000, 0x0000000800000000)
  eden space 454656K, 0% used [0x00000007aaa80000,0x00000007aaa80000,0x00000007c6680000)
  from space 135168K, 55% used [0x00000007c6680000,0x00000007caf81d60,0x00000007cea80000)
  to   space 135168K, 0% used [0x00000007d4480000,0x00000007d4480000,0x00000007dc880000)
 ParOldGen       total 462336K, used 292047K [0x0000000700000000, 0x000000071c380000, 0x00000007aaa80000)
  object space 462336K, 63% used [0x0000000700000000,0x0000000711d33d10,0x000000071c380000)
 PSPermGen       total 21504K, used 6220K [0x00000006f5a00000, 0x00000006f6f00000, 0x0000000700000000)
  object space 21504K, 28% used [0x00000006f5a00000,0x00000006f60131e0,0x00000006f6f00000)
}
Event: 17.120 GC heap before
{Heap before GC invocations=19 (full 3):
 PSYoungGen      total 589824K, used 529415K [0x00000007aaa80000, 0x00000007dc880000, 0x0000000800000000)
  eden space 454656K, 100% used [0x00000007aaa80000,0x00000007c6680000,0x00000007c6680000)
  from space 135168K, 55% used [0x00000007c6680000,0x00000007caf81d60,0x00000007cea80000)
  to   space 135168K, 0% used [0x00000007d4480000,0x00000007d4480000,0x00000007dc880000)
 ParOldGen       total 462336K, used 292047K [0x0000000700000000, 0x000000071c380000, 0x00000007aaa80000)
  object space 462336K, 63% used [0x0000000700000000,0x0000000711d33d10,0x000000071c380000)
 PSPermGen       total 21504K, used 6240K [0x00000006f5a00000, 0x00000006f6f00000, 0x0000000700000000)
  object space 21504K, 29% used [0x00000006f5a00000,0x00000006f6018010,0x00000006f6f00000)
Event: 17.305 GC heap after
Heap after GC invocations=19 (full 3):
 PSYoungGen      total 655872K, used 135137K [0x00000007aaa80000, 0x00000007e0180000, 0x0000000800000000)
  eden space 520704K, 0% used [0x00000007aaa80000,0x00000007aaa80000,0x00000007ca700000)
  from space 135168K, 99% used [0x00000007d4480000,0x00000007dc8784f8,0x00000007dc880000)
  to   space 161280K, 0% used [0x00000007ca700000,0x00000007ca700000,0x00000007d4480000)
 ParOldGen       total 462336K, used 304081K [0x0000000700000000, 0x000000071c380000, 0x00000007aaa80000)
  object space 462336K, 65% used [0x0000000700000000,0x00000007128f4688,0x000000071c380000)
 PSPermGen       total 21504K, used 6240K [0x00000006f5a00000, 0x00000006f6f00000, 0x0000000700000000)
  object space 21504K, 29% used [0x00000006f5a00000,0x00000006f6018010,0x00000006f6f00000)
}
Event: 18.516 GC heap before
{Heap before GC invocations=20 (full 3):
 PSYoungGen      total 655872K, used 655841K [0x00000007aaa80000, 0x00000007e0180000, 0x0000000800000000)
  eden space 520704K, 100% used [0x00000007aaa80000,0x00000007ca700000,0x00000007ca700000)
  from space 135168K, 99% used [0x00000007d4480000,0x00000007dc8784f8,0x00000007dc880000)
  to   space 161280K, 0% used [0x00000007ca700000,0x00000007ca700000,0x00000007d4480000)
 ParOldGen       total 462336K, used 304081K [0x0000000700000000, 0x000000071c380000, 0x00000007aaa80000)
  object space 462336K, 65% used [0x0000000700000000,0x00000007128f4688,0x000000071c380000)
 PSPermGen       total 21504K, used 6285K [0x00000006f5a00000, 0x00000006f6f00000, 0x0000000700000000)
  object space 21504K, 29% used [0x00000006f5a00000,0x00000006f6023790,0x00000006f6f00000)
Event: 18.740 GC heap after
Heap after GC invocations=20 (full 3):
 PSYoungGen      total 681984K, used 161262K [0x00000007aaa80000, 0x00000007e8f80000, 0x0000000800000000)
  eden space 520704K, 0% used [0x00000007aaa80000,0x00000007aaa80000,0x00000007ca700000)
  from space 161280K, 99% used [0x00000007ca700000,0x00000007d447b938,0x00000007d4480000)
  to   space 209920K, 0% used [0x00000007dc280000,0x00000007dc280000,0x00000007e8f80000)
 ParOldGen       total 462336K, used 363321K [0x0000000700000000, 0x000000071c380000, 0x00000007aaa80000)
  object space 462336K, 78% used [0x0000000700000000,0x00000007162ce5f8,0x000000071c380000)
 PSPermGen       total 21504K, used 6285K [0x00000006f5a00000, 0x00000006f6f00000, 0x0000000700000000)
  object space 21504K, 29% used [0x00000006f5a00000,0x00000006f6023790,0x00000006f6f00000)
}
Event: 20.031 GC heap before
{Heap before GC invocations=21 (full 3):
 PSYoungGen      total 681984K, used 681966K [0x00000007aaa80000, 0x00000007e8f80000, 0x0000000800000000)
  eden space 520704K, 100% used [0x00000007aaa80000,0x00000007ca700000,0x00000007ca700000)
  from space 161280K, 99% used [0x00000007ca700000,0x00000007d447b938,0x00000007d4480000)
  to   space 209920K, 0% used [0x00000007dc280000,0x00000007dc280000,0x00000007e8f80000)
 ParOldGen       total 462336K, used 363321K [0x0000000700000000, 0x000000071c380000, 0x00000007aaa80000)
  object space 462336K, 78% used [0x0000000700000000,0x00000007162ce5f8,0x000000071c380000)
 PSPermGen       total 21504K, used 6287K [0x00000006f5a00000, 0x00000006f6f00000, 0x0000000700000000)
  object space 21504K, 29% used [0x00000006f5a00000,0x00000006f6023ce8,0x00000006f6f00000)
Event: 20.325 GC heap after
Heap after GC invocations=21 (full 3):
 PSYoungGen      total 801280K, used 140431K [0x00000007aaa80000, 0x00000007ea880000, 0x0000000800000000)
  eden space 591360K, 0% used [0x00000007aaa80000,0x00000007aaa80000,0x00000007cec00000)
  from space 209920K, 66% used [0x00000007dc280000,0x00000007e4ba3f58,0x00000007e8f80000)
  to   space 219648K, 0% used [0x00000007cec00000,0x00000007cec00000,0x00000007dc280000)
 ParOldGen       total 462336K, used 456391K [0x0000000700000000, 0x000000071c380000, 0x00000007aaa80000)
  object space 462336K, 98% used [0x0000000700000000,0x000000071bdb1c60,0x000000071c380000)
 PSPermGen       total 21504K, used 6287K [0x00000006f5a00000, 0x00000006f6f00000, 0x0000000700000000)
  object space 21504K, 29% used [0x00000006f5a00000,0x00000006f6023ce8,0x00000006f6f00000)
}
Event: 20.325 GC heap before
{Heap before GC invocations=22 (full 4):
 PSYoungGen      total 801280K, used 140431K [0x00000007aaa80000, 0x00000007ea880000, 0x0000000800000000)
  eden space 591360K, 0% used [0x00000007aaa80000,0x00000007aaa80000,0x00000007cec00000)
  from space 209920K, 66% used [0x00000007dc280000,0x00000007e4ba3f58,0x00000007e8f80000)
  to   space 219648K, 0% used [0x00000007cec00000,0x00000007cec00000,0x00000007dc280000)
 ParOldGen       total 462336K, used 456391K [0x0000000700000000, 0x000000071c380000, 0x00000007aaa80000)
  object space 462336K, 98% used [0x0000000700000000,0x000000071bdb1c60,0x000000071c380000)
 PSPermGen       total 21504K, used 6287K [0x00000006f5a00000, 0x00000006f6f00000, 0x0000000700000000)
  object space 21504K, 29% used [0x00000006f5a00000,0x00000006f6023ce8,0x00000006f6f00000)

Deoptimization events (10 events):
Event: 16.559 Thread 0x00007fd62000b000 Uncommon trap: reason=class_check action=maybe_recompile pc=0x00007fd61d2f16e4 method=com.android.dx.ssa.SCCP.replaceConstants()V @ 182
Event: 17.481 Thread 0x00007fd62000b000 Uncommon trap: reason=class_check action=maybe_recompile pc=0x00007fd61d11d3d8 method=com.android.dx.ssa.DomFront.calcDomFronts()V @ 101
Event: 17.482 Thread 0x00007fd62000b000 Uncommon trap: reason=predicate action=maybe_recompile pc=0x00007fd61d40bd9c method=com.android.dx.ssa.SsaConverter.placePhiFunctions(Lcom/android/dx/ssa/SsaMethod;Lcom/android/dx/ssa/LocalVariableInfo;I)V @ 274
Event: 17.483 Thread 0x00007fd62000b000 Uncommon trap: reason=predicate action=maybe_recompile pc=0x00007fd61d39dff0 method=com.android.dx.ssa.SsaConverter.placePhiFunctions(Lcom/android/dx/ssa/SsaMethod;Lcom/android/dx/ssa/LocalVariableInfo;I)V @ 274
Event: 18.784 Thread 0x00007fd62000b000 Uncommon trap: reason=class_check action=maybe_recompile pc=0x00007fd61d3e9f00 method=com.android.dx.ssa.back.FirstFitLocalCombiningAllocator.findNextUnreservedRopReg(IILcom/android/dx/ssa/back/FirstFitLocalCombiningAllocator$Alignment;)I @ 60
Event: 18.784 Thread 0x00007fd62000b000 Uncommon trap: reason=class_check action=maybe_recompile pc=0x00007fd61d3d32f4 method=com.android.dx.ssa.back.FirstFitLocalCombiningAllocator.findNextUnreservedRopReg(IILcom/android/dx/ssa/back/FirstFitLocalCombiningAllocator$Alignment;)I @ 60
Event: 18.784 Thread 0x00007fd62000b000 Uncommon trap: reason=class_check action=maybe_recompile pc=0x00007fd61d3d32f4 method=com.android.dx.ssa.back.FirstFitLocalCombiningAllocator.findNextUnreservedRopReg(IILcom/android/dx/ssa/back/FirstFitLocalCombiningAllocator$Alignment;)I @ 60
Event: 18.784 Thread 0x00007fd62000b000 Uncommon trap: reason=class_check action=maybe_recompile pc=0x00007fd61d3d32f4 method=com.android.dx.ssa.back.FirstFitLocalCombiningAllocator.findNextUnreservedRopReg(IILcom/android/dx/ssa/back/FirstFitLocalCombiningAllocator$Alignment;)I @ 60
Event: 18.785 Thread 0x00007fd62000b000 Uncommon trap: reason=class_check action=maybe_recompile pc=0x00007fd61d3e9f00 method=com.android.dx.ssa.back.FirstFitLocalCombiningAllocator.findNextUnreservedRopReg(IILcom/android/dx/ssa/back/FirstFitLocalCombiningAllocator$Alignment;)I @ 60
Event: 18.785 Thread 0x00007fd62000b000 Uncommon trap: reason=class_check action=maybe_recompile pc=0x00007fd61d080cc0 method=com.android.dx.ssa.back.FirstFitLocalCombiningAllocator.findNextUnreservedRopReg(IILcom/android/dx/ssa/back/FirstFitLocalCombiningAllocator$Alignment;)I @ 60

Internal exceptions (10 events):
Event: 7.383 Thread 0x00007fd62000b000 Threw 0x00000007aeb15308 at /build/openjdk-7-yI9zWD/openjdk-7-7u79-2.5.6/build/openjdk/hotspot/src/share/vm/prims/jvm.cpp:1284
Event: 8.529 Thread 0x00007fd62000b000 Threw 0x00000007b38a7ed0 at /build/openjdk-7-yI9zWD/openjdk-7-7u79-2.5.6/build/openjdk/hotspot/src/share/vm/prims/jvm.cpp:1284
Event: 8.784 Thread 0x00007fd62000b000 Threw 0x00000007b8d70820 at /build/openjdk-7-yI9zWD/openjdk-7-7u79-2.5.6/build/openjdk/hotspot/src/share/vm/prims/jvm.cpp:1284
Event: 8.799 Thread 0x00007fd62000b000 Implicit null exception at 0x00007fd61d23cc9d to 0x00007fd61d23ce8d
Event: 8.800 Thread 0x00007fd62000b000 Implicit null exception at 0x00007fd61d1bf2e9 to 0x00007fd61d1bf4bd
Event: 8.801 Thread 0x00007fd62000b000 Implicit null exception at 0x00007fd61d1ab6b5 to 0x00007fd61d1ab815
Event: 10.022 Thread 0x00007fd62000b000 Threw 0x00000007ab3d2338 at /build/openjdk-7-yI9zWD/openjdk-7-7u79-2.5.6/build/openjdk/hotspot/src/share/vm/prims/jvm.cpp:1284
Event: 10.032 Thread 0x00007fd62000b000 Threw 0x00000007ab4b2650 at /build/openjdk-7-yI9zWD/openjdk-7-7u79-2.5.6/build/openjdk/hotspot/src/share/vm/prims/jvm.cpp:1284
Event: 16.063 Thread 0x00007fd62000b000 Implicit null exception at 0x00007fd61d2c2e12 to 0x00007fd61d2c2fed
Event: 16.063 Thread 0x00007fd62000b000 Implicit null exception at 0x00007fd61d14c7be to 0x00007fd61d14c97d

Events (10 events):
Event: 18.804 Thread 0x00007fd6201c6800 flushing nmethod 0x00007fd61d1b3010
Event: 18.804 Thread 0x00007fd6201c6800 flushing nmethod 0x00007fd61d1c1890
Event: 18.825 Thread 0x00007fd6201c6800 flushing nmethod 0x00007fd61d23c050
Event: 18.896 Thread 0x00007fd6201c8800 flushing nmethod 0x00007fd61d24e690
Event: 18.897 Thread 0x00007fd6201c8800 flushing nmethod 0x00007fd61d2b2e10
Event: 18.897 Thread 0x00007fd6201c8800 flushing nmethod 0x00007fd61d2b3610
Event: 18.897 Thread 0x00007fd6201c8800 flushing nmethod 0x00007fd61d2b3e10
Event: 18.929 Thread 0x00007fd6201c8800 flushing nmethod 0x00007fd61d3a2150
Event: 18.929 Thread 0x00007fd6201c8800 flushing nmethod 0x00007fd61d3d53d0
Event: 20.031 Executing VM operation: ParallelGCFailedAllocation


Dynamic libraries:
00400000-00401000 r-xp 00000000 08:01 20712222                           /usr/lib/jvm/java-7-openjdk-amd64/jre/bin/java
00600000-00601000 r--p 00000000 08:01 20712222                           /usr/lib/jvm/java-7-openjdk-amd64/jre/bin/java
00601000-00602000 rw-p 00001000 08:01 20712222                           /usr/lib/jvm/java-7-openjdk-amd64/jre/bin/java
02460000-02481000 rw-p 00000000 00:00 0                                  [heap]
6f5a00000-6f6f00000 rw-p 00000000 00:00 0 
6f6f00000-700000000 rw-p 00000000 00:00 0 
700000000-71c380000 rw-p 00000000 00:00 0 
72b100000-7aaa80000 rw-p 00000000 00:00 0 
7aaa80000-7ea880000 rw-p 00000000 00:00 0 
7ea880000-800000000 rw-p 00000000 00:00 0 
7fd5d8000000-7fd5d8021000 rw-p 00000000 00:00 0 
7fd5d8021000-7fd5dc000000 ---p 00000000 00:00 0 
7fd5e0000000-7fd5e1e42000 rw-p 00000000 00:00 0 
7fd5e1e42000-7fd5e4000000 ---p 00000000 00:00 0 
7fd5e4000000-7fd5e4021000 rw-p 00000000 00:00 0 
7fd5e4021000-7fd5e8000000 ---p 00000000 00:00 0 
7fd5e8000000-7fd5e8021000 rw-p 00000000 00:00 0 
7fd5e8021000-7fd5ec000000 ---p 00000000 00:00 0 
7fd5ec000000-7fd5ed302000 rw-p 00000000 00:00 0 
7fd5ed302000-7fd5f0000000 ---p 00000000 00:00 0 
7fd5f0000000-7fd5f0021000 rw-p 00000000 00:00 0 
7fd5f0021000-7fd5f4000000 ---p 00000000 00:00 0 
7fd5f4000000-7fd5f4021000 rw-p 00000000 00:00 0 
7fd5f4021000-7fd5f8000000 ---p 00000000 00:00 0 
7fd5f8000000-7fd5f823f000 rw-p 00000000 00:00 0 
7fd5f823f000-7fd5fc000000 ---p 00000000 00:00 0 
7fd5ff7cf000-7fd608000000 rw-p 00000000 00:00 0 
7fd608000000-7fd608022000 rw-p 00000000 00:00 0 
7fd608022000-7fd60c000000 ---p 00000000 00:00 0 
7fd60c1c2000-7fd60c22e000 r-xp 00000000 08:01 22020192                   /lib/x86_64-linux-gnu/libpcre.so.3.13.1
7fd60c22e000-7fd60c42d000 ---p 0006c000 08:01 22020192                   /lib/x86_64-linux-gnu/libpcre.so.3.13.1
7fd60c42d000-7fd60c42e000 r--p 0006b000 08:01 22020192                   /lib/x86_64-linux-gnu/libpcre.so.3.13.1
7fd60c42e000-7fd60c42f000 rw-p 0006c000 08:01 22020192                   /lib/x86_64-linux-gnu/libpcre.so.3.13.1
7fd60c42f000-7fd60c436000 r-xp 00000000 08:01 20455638                   /usr/lib/x86_64-linux-gnu/libffi.so.6.0.4
7fd60c436000-7fd60c635000 ---p 00007000 08:01 20455638                   /usr/lib/x86_64-linux-gnu/libffi.so.6.0.4
7fd60c635000-7fd60c636000 r--p 00006000 08:01 20455638                   /usr/lib/x86_64-linux-gnu/libffi.so.6.0.4
7fd60c636000-7fd60c637000 rw-p 00007000 08:01 20455638                   /usr/lib/x86_64-linux-gnu/libffi.so.6.0.4
7fd60c637000-7fd60c64e000 r-xp 00000000 08:01 22024473                   /lib/x86_64-linux-gnu/libresolv-2.21.so
7fd60c64e000-7fd60c84e000 ---p 00017000 08:01 22024473                   /lib/x86_64-linux-gnu/libresolv-2.21.so
7fd60c84e000-7fd60c850000 r--p 00017000 08:01 22024473                   /lib/x86_64-linux-gnu/libresolv-2.21.so
7fd60c850000-7fd60c851000 rw-p 00019000 08:01 22024473                   /lib/x86_64-linux-gnu/libresolv-2.21.so
7fd60c851000-7fd60c853000 rw-p 00000000 00:00 0 
7fd60c853000-7fd60c874000 r-xp 00000000 08:01 22024477                   /lib/x86_64-linux-gnu/libselinux.so.1
7fd60c874000-7fd60ca73000 ---p 00021000 08:01 22024477                   /lib/x86_64-linux-gnu/libselinux.so.1
7fd60ca73000-7fd60ca74000 r--p 00020000 08:01 22024477                   /lib/x86_64-linux-gnu/libselinux.so.1
7fd60ca74000-7fd60ca75000 rw-p 00021000 08:01 22024477                   /lib/x86_64-linux-gnu/libselinux.so.1
7fd60ca75000-7fd60ca77000 rw-p 00000000 00:00 0 
7fd60ca77000-7fd60ca7a000 r-xp 00000000 08:01 20447655                   /usr/lib/x86_64-linux-gnu/libgmodule-2.0.so.0.4400.1
7fd60ca7a000-7fd60cc79000 ---p 00003000 08:01 20447655                   /usr/lib/x86_64-linux-gnu/libgmodule-2.0.so.0.4400.1
7fd60cc79000-7fd60cc7a000 r--p 00002000 08:01 20447655                   /usr/lib/x86_64-linux-gnu/libgmodule-2.0.so.0.4400.1
7fd60cc7a000-7fd60cc7b000 rw-p 00003000 08:01 20447655                   /usr/lib/x86_64-linux-gnu/libgmodule-2.0.so.0.4400.1
7fd60cc7b000-7fd60cd88000 r-xp 00000000 08:01 22024241                   /lib/x86_64-linux-gnu/libglib-2.0.so.0.4400.1
7fd60cd88000-7fd60cf87000 ---p 0010d000 08:01 22024241                   /lib/x86_64-linux-gnu/libglib-2.0.so.0.4400.1
7fd60cf87000-7fd60cf88000 r--p 0010c000 08:01 22024241                   /lib/x86_64-linux-gnu/libglib-2.0.so.0.4400.1
7fd60cf88000-7fd60cf89000 rw-p 0010d000 08:01 22024241                   /lib/x86_64-linux-gnu/libglib-2.0.so.0.4400.1
7fd60cf89000-7fd60cf8a000 rw-p 00000000 00:00 0 
7fd60cf8a000-7fd60cfda000 r-xp 00000000 08:01 20447615                   /usr/lib/x86_64-linux-gnu/libgobject-2.0.so.0.4400.1
7fd60cfda000-7fd60d1da000 ---p 00050000 08:01 20447615                   /usr/lib/x86_64-linux-gnu/libgobject-2.0.so.0.4400.1
7fd60d1da000-7fd60d1db000 r--p 00050000 08:01 20447615                   /usr/lib/x86_64-linux-gnu/libgobject-2.0.so.0.4400.1
7fd60d1db000-7fd60d1dc000 rw-p 00051000 08:01 20447615                   /usr/lib/x86_64-linux-gnu/libgobject-2.0.so.0.4400.1
7fd60d1dc000-7fd60d354000 r-xp 00000000 08:01 20447637                   /usr/lib/x86_64-linux-gnu/libgio-2.0.so.0.4400.1
7fd60d354000-7fd60d554000 ---p 00178000 08:01 20447637                   /usr/lib/x86_64-linux-gnu/libgio-2.0.so.0.4400.1
7fd60d554000-7fd60d558000 r--p 00178000 08:01 20447637                   /usr/lib/x86_64-linux-gnu/libgio-2.0.so.0.4400.1
7fd60d558000-7fd60d55a000 rw-p 0017c000 08:01 20447637                   /usr/lib/x86_64-linux-gnu/libgio-2.0.so.0.4400.1
7fd60d55a000-7fd60d55c000 rw-p 00000000 00:00 0 
7fd60d57b000-7fd60d592000 r-xp 00000000 08:01 20587083                   /usr/lib/jvm/java-7-openjdk-amd64/jre/lib/amd64/libnet.so
7fd60d592000-7fd60d791000 ---p 00017000 08:01 20587083                   /usr/lib/jvm/java-7-openjdk-amd64/jre/lib/amd64/libnet.so
7fd60d791000-7fd60d792000 r--p 00016000 08:01 20587083                   /usr/lib/jvm/java-7-openjdk-amd64/jre/lib/amd64/libnet.so
7fd60d792000-7fd60d793000 rw-p 00017000 08:01 20587083                   /usr/lib/jvm/java-7-openjdk-amd64/jre/lib/amd64/libnet.so
7fd60d793000-7fd60d7a4000 r-xp 00000000 08:01 20587088                   /usr/lib/jvm/java-7-openjdk-amd64/jre/lib/amd64/libnio.so
7fd60d7a4000-7fd60d9a3000 ---p 00011000 08:01 20587088                   /usr/lib/jvm/java-7-openjdk-amd64/jre/lib/amd64/libnio.so
7fd60d9a3000-7fd60d9a4000 r--p 00010000 08:01 20587088                   /usr/lib/jvm/java-7-openjdk-amd64/jre/lib/amd64/libnio.so
7fd60d9a4000-7fd60d9a5000 rw-p 00011000 08:01 20587088                   /usr/lib/jvm/java-7-openjdk-amd64/jre/lib/amd64/libnio.so
7fd60d9a5000-7fd60d9a6000 ---p 00000000 00:00 0 
7fd60d9a6000-7fd60daa6000 rw-p 00000000 00:00 0                          [stack:11447]
7fd60daa6000-7fd60daa9000 ---p 00000000 00:00 0 
7fd60daa9000-7fd60dba7000 rw-p 00000000 00:00 0                          [stack:11446]
7fd60dba7000-7fd60dbaa000 ---p 00000000 00:00 0 
7fd60dbaa000-7fd60dca8000 rw-p 00000000 00:00 0                          [stack:11445]
7fd60dca8000-7fd60dcab000 ---p 00000000 00:00 0 
7fd60dcab000-7fd60dda9000 rw-p 00000000 00:00 0                          [stack:11444]
7fd60dda9000-7fd60ddae000 r-xp 00000000 08:01 20455330                   /usr/lib/x86_64-linux-gnu/libXdmcp.so.6.0.0
7fd60ddae000-7fd60dfad000 ---p 00005000 08:01 20455330                   /usr/lib/x86_64-linux-gnu/libXdmcp.so.6.0.0
7fd60dfad000-7fd60dfae000 r--p 00004000 08:01 20455330                   /usr/lib/x86_64-linux-gnu/libXdmcp.so.6.0.0
7fd60dfae000-7fd60dfaf000 rw-p 00005000 08:01 20455330                   /usr/lib/x86_64-linux-gnu/libXdmcp.so.6.0.0
7fd60dfaf000-7fd60dfb1000 r-xp 00000000 08:01 20455319                   /usr/lib/x86_64-linux-gnu/libXau.so.6.0.0
7fd60dfb1000-7fd60e1b1000 ---p 00002000 08:01 20455319                   /usr/lib/x86_64-linux-gnu/libXau.so.6.0.0
7fd60e1b1000-7fd60e1b2000 r--p 00002000 08:01 20455319                   /usr/lib/x86_64-linux-gnu/libXau.so.6.0.0
7fd60e1b2000-7fd60e1b3000 rw-p 00003000 08:01 20455319                   /usr/lib/x86_64-linux-gnu/libXau.so.6.0.0
7fd60e1b3000-7fd60e1d0000 r-xp 00000000 08:01 20456517                   /usr/lib/x86_64-linux-gnu/libxcb.so.1.1.0
7fd60e1d0000-7fd60e3d0000 ---p 0001d000 08:01 20456517                   /usr/lib/x86_64-linux-gnu/libxcb.so.1.1.0
7fd60e3d0000-7fd60e3d1000 r--p 0001d000 08:01 20456517                   /usr/lib/x86_64-linux-gnu/libxcb.so.1.1.0
7fd60e3d1000-7fd60e3d2000 rw-p 0001e000 08:01 20456517                   /usr/lib/x86_64-linux-gnu/libxcb.so.1.1.0
7fd60e3d2000-7fd60e505000 r-xp 00000000 08:01 20455315                   /usr/lib/x86_64-linux-gnu/libX11.so.6.3.0
7fd60e505000-7fd60e705000 ---p 00133000 08:01 20455315                   /usr/lib/x86_64-linux-gnu/libX11.so.6.3.0
7fd60e705000-7fd60e706000 r--p 00133000 08:01 20455315                   /usr/lib/x86_64-linux-gnu/libX11.so.6.3.0
7fd60e706000-7fd60e70a000 rw-p 00134000 08:01 20455315                   /usr/lib/x86_64-linux-gnu/libX11.so.6.3.0
7fd60e70a000-7fd60e70b000 rw-p 00000000 00:00 0 
7fd60e70b000-7fd60e70d000 r-xp 00000000 08:01 20452766                   /usr/lib/jayatana/libjayatanaag.so
7fd60e70d000-7fd60e90c000 ---p 00002000 08:01 20452766                   /usr/lib/jayatana/libjayatanaag.so
7fd60e90c000-7fd60e90d000 r--p 00001000 08:01 20452766                   /usr/lib/jayatana/libjayatanaag.so
7fd60e90d000-7fd60e90e000 rw-p 00002000 08:01 20452766                   /usr/lib/jayatana/libjayatanaag.so
7fd60e90e000-7fd60e911000 ---p 00000000 00:00 0 
7fd60e911000-7fd60ea0f000 rw-p 00000000 00:00 0                          [stack:11443]
7fd60ea0f000-7fd60f0f1000 r--p 00000000 08:01 20454393                   /usr/lib/locale/locale-archive
7fd60f0f1000-7fd60f0f4000 ---p 00000000 00:00 0 
7fd60f0f4000-7fd60f1f2000 rw-p 00000000 00:00 0                          [stack:11442]
7fd60f1f2000-7fd60f1f5000 ---p 00000000 00:00 0 
7fd60f1f5000-7fd60f2f3000 rw-p 00000000 00:00 0                          [stack:11441]
7fd60f2f3000-7fd60f2f4000 ---p 00000000 00:00 0 
7fd60f2f4000-7fd610000000 rw-p 00000000 00:00 0                          [stack:11440]
7fd610000000-7fd610021000 rw-p 00000000 00:00 0 
7fd610021000-7fd614000000 ---p 00000000 00:00 0 
7fd614000000-7fd614021000 rw-p 00000000 00:00 0 
7fd614021000-7fd618000000 ---p 00000000 00:00 0 
7fd618000000-7fd618021000 rw-p 00000000 00:00 0 
7fd618021000-7fd61c000000 ---p 00000000 00:00 0 
7fd61c011000-7fd61c0de000 r--s 00938000 08:01 29231421                   /home/sharan/AndroidStudioProjects/Muser/muser/build/intermediates/multi-dex/debug/allclasses.jar
7fd61c0de000-7fd61c42a000 rw-p 00000000 00:00 0 
7fd61c42a000-7fd61c5db000 r--s 01d29000 08:01 20587021                   /usr/lib/jvm/java-7-openjdk-amd64/jre/lib/rt.jar
7fd61c5db000-7fd61ceff000 rw-p 00000000 00:00 0 
7fd61ceff000-7fd61cf00000 ---p 00000000 00:00 0 
7fd61cf00000-7fd61d000000 rw-p 00000000 00:00 0                          [stack:11439]
7fd61d000000-7fd61d420000 rwxp 00000000 00:00 0 
7fd61d420000-7fd620404000 rw-p 00000000 00:00 0 
7fd620404000-7fd624000000 ---p 00000000 00:00 0 
7fd624018000-7fd62406c000 rw-p 00000000 00:00 0 
7fd62406c000-7fd62406d000 ---p 00000000 00:00 0 
7fd62406d000-7fd62416d000 rw-p 00000000 00:00 0                          [stack:11438]
7fd62416d000-7fd62416e000 ---p 00000000 00:00 0 
7fd62416e000-7fd62426e000 rw-p 00000000 00:00 0                          [stack:11437]
7fd62426e000-7fd62426f000 ---p 00000000 00:00 0 
7fd62426f000-7fd62437a000 rw-p 00000000 00:00 0                          [stack:11436]
7fd62437a000-7fd6243c2000 rw-p 00000000 00:00 0 
7fd6243c2000-7fd6244a4000 rw-p 00000000 00:00 0 
7fd6244a4000-7fd624918000 rw-p 00000000 00:00 0 
7fd624918000-7fd624923000 rw-p 00000000 00:00 0 
7fd624923000-7fd62496b000 rw-p 00000000 00:00 0 
7fd62496b000-7fd624a4d000 rw-p 00000000 00:00 0 
7fd624a4d000-7fd624ec0000 rw-p 00000000 00:00 0 
7fd624ec0000-7fd6250c0000 rw-p 00000000 00:00 0 
7fd6250c0000-7fd62516b000 rw-p 00000000 00:00 0 
7fd62516b000-7fd62516c000 rw-p 00000000 00:00 0 
7fd62516c000-7fd625174000 r-xp 00000000 08:01 20587054                   /usr/lib/jvm/java-7-openjdk-amd64/jre/lib/amd64/libzip.so
7fd625174000-7fd625373000 ---p 00008000 08:01 20587054                   /usr/lib/jvm/java-7-openjdk-amd64/jre/lib/amd64/libzip.so
7fd625373000-7fd625374000 r--p 00007000 08:01 20587054                   /usr/lib/jvm/java-7-openjdk-amd64/jre/lib/amd64/libzip.so
7fd625374000-7fd625375000 rw-p 00008000 08:01 20587054                   /usr/lib/jvm/java-7-openjdk-amd64/jre/lib/amd64/libzip.so
7fd625375000-7fd625381000 r-xp 00000000 08:01 22024420                   /lib/x86_64-linux-gnu/libnss_files-2.21.so
7fd625381000-7fd625580000 ---p 0000c000 08:01 22024420                   /lib/x86_64-linux-gnu/libnss_files-2.21.so
7fd625580000-7fd625581000 r--p 0000b000 08:01 22024420                   /lib/x86_64-linux-gnu/libnss_files-2.21.so
7fd625581000-7fd625582000 rw-p 0000c000 08:01 22024420                   /lib/x86_64-linux-gnu/libnss_files-2.21.so
7fd625582000-7fd62558d000 r-xp 00000000 08:01 22024430                   /lib/x86_64-linux-gnu/libnss_nis-2.21.so
7fd62558d000-7fd62578c000 ---p 0000b000 08:01 22024430                   /lib/x86_64-linux-gnu/libnss_nis-2.21.so
7fd62578c000-7fd62578d000 r--p 0000a000 08:01 22024430                   /lib/x86_64-linux-gnu/libnss_nis-2.21.so
7fd62578d000-7fd62578e000 rw-p 0000b000 08:01 22024430                   /lib/x86_64-linux-gnu/libnss_nis-2.21.so
7fd62578e000-7fd6257a5000 r-xp 00000000 08:01 22024414                   /lib/x86_64-linux-gnu/libnsl-2.21.so
7fd6257a5000-7fd6259a4000 ---p 00017000 08:01 22024414                   /lib/x86_64-linux-gnu/libnsl-2.21.so
7fd6259a4000-7fd6259a5000 r--p 00016000 08:01 22024414                   /lib/x86_64-linux-gnu/libnsl-2.21.so
7fd6259a5000-7fd6259a6000 rw-p 00017000 08:01 22024414                   /lib/x86_64-linux-gnu/libnsl-2.21.so
7fd6259a6000-7fd6259a8000 rw-p 00000000 00:00 0 
7fd6259a8000-7fd6259b0000 r-xp 00000000 08:01 22024416                   /lib/x86_64-linux-gnu/libnss_compat-2.21.so
7fd6259b0000-7fd625baf000 ---p 00008000 08:01 22024416                   /lib/x86_64-linux-gnu/libnss_compat-2.21.so
7fd625baf000-7fd625bb0000 r--p 00007000 08:01 22024416                   /lib/x86_64-linux-gnu/libnss_compat-2.21.so
7fd625bb0000-7fd625bb1000 rw-p 00008000 08:01 22024416                   /lib/x86_64-linux-gnu/libnss_compat-2.21.so
7fd625bb1000-7fd625bbb000 r-xp 00000000 08:01 20587084                   /usr/lib/jvm/java-7-openjdk-amd64/jre/lib/amd64/libinstrument.so
7fd625bbb000-7fd625dba000 ---p 0000a000 08:01 20587084                   /usr/lib/jvm/java-7-openjdk-amd64/jre/lib/amd64/libinstrument.so
7fd625dba000-7fd625dbb000 r--p 00009000 08:01 20587084                   /usr/lib/jvm/java-7-openjdk-amd64/jre/lib/amd64/libinstrument.so
7fd625dbb000-7fd625dbc000 rw-p 0000a000 08:01 20587084                   /usr/lib/jvm/java-7-openjdk-amd64/jre/lib/amd64/libinstrument.so
7fd625dbc000-7fd625de9000 r-xp 00000000 08:01 20587091                   /usr/lib/jvm/java-7-openjdk-amd64/jre/lib/amd64/libjava.so
7fd625de9000-7fd625fe8000 ---p 0002d000 08:01 20587091                   /usr/lib/jvm/java-7-openjdk-amd64/jre/lib/amd64/libjava.so
7fd625fe8000-7fd625fe9000 r--p 0002c000 08:01 20587091                   /usr/lib/jvm/java-7-openjdk-amd64/jre/lib/amd64/libjava.so
7fd625fe9000-7fd625feb000 rw-p 0002d000 08:01 20587091                   /usr/lib/jvm/java-7-openjdk-amd64/jre/lib/amd64/libjava.so
7fd625feb000-7fd625ffa000 r-xp 00000000 08:01 20587072                   /usr/lib/jvm/java-7-openjdk-amd64/jre/lib/amd64/libverify.so
7fd625ffa000-7fd6261f9000 ---p 0000f000 08:01 20587072                   /usr/lib/jvm/java-7-openjdk-amd64/jre/lib/amd64/libverify.so
7fd6261f9000-7fd6261fc000 r--p 0000e000 08:01 20587072                   /usr/lib/jvm/java-7-openjdk-amd64/jre/lib/amd64/libverify.so
7fd6261fc000-7fd6261fd000 rw-p 00011000 08:01 20587072                   /usr/lib/jvm/java-7-openjdk-amd64/jre/lib/amd64/libverify.so
7fd6261fd000-7fd626204000 r-xp 00000000 08:01 22024475                   /lib/x86_64-linux-gnu/librt-2.21.so
7fd626204000-7fd626403000 ---p 00007000 08:01 22024475                   /lib/x86_64-linux-gnu/librt-2.21.so
7fd626403000-7fd626404000 r--p 00006000 08:01 22024475                   /lib/x86_64-linux-gnu/librt-2.21.so
7fd626404000-7fd626405000 rw-p 00007000 08:01 22024475                   /lib/x86_64-linux-gnu/librt-2.21.so
7fd626405000-7fd62641b000 r-xp 00000000 08:01 22024363                   /lib/x86_64-linux-gnu/libgcc_s.so.1
7fd62641b000-7fd62661a000 ---p 00016000 08:01 22024363                   /lib/x86_64-linux-gnu/libgcc_s.so.1
7fd62661a000-7fd62661b000 rw-p 00015000 08:01 22024363                   /lib/x86_64-linux-gnu/libgcc_s.so.1
7fd62661b000-7fd626722000 r-xp 00000000 08:01 22024393                   /lib/x86_64-linux-gnu/libm-2.21.so
7fd626722000-7fd626921000 ---p 00107000 08:01 22024393                   /lib/x86_64-linux-gnu/libm-2.21.so
7fd626921000-7fd626922000 r--p 00106000 08:01 22024393                   /lib/x86_64-linux-gnu/libm-2.21.so
7fd626922000-7fd626923000 rw-p 00107000 08:01 22024393                   /lib/x86_64-linux-gnu/libm-2.21.so
7fd626923000-7fd626a13000 r-xp 00000000 08:01 20456311                   /usr/lib/x86_64-linux-gnu/libstdc++.so.6.0.20
7fd626a13000-7fd626c13000 ---p 000f0000 08:01 20456311                   /usr/lib/x86_64-linux-gnu/libstdc++.so.6.0.20
7fd626c13000-7fd626c1b000 r--p 000f0000 08:01 20456311                   /usr/lib/x86_64-linux-gnu/libstdc++.so.6.0.20
7fd626c1b000-7fd626c1d000 rw-p 000f8000 08:01 20456311                   /usr/lib/x86_64-linux-gnu/libstdc++.so.6.0.20
7fd626c1d000-7fd626c32000 rw-p 00000000 00:00 0 
7fd626c32000-7fd62778a000 r-xp 00000000 08:01 20587060                   /usr/lib/jvm/java-7-openjdk-amd64/jre/lib/amd64/server/libjvm.so
7fd62778a000-7fd627989000 ---p 00b58000 08:01 20587060                   /usr/lib/jvm/java-7-openjdk-amd64/jre/lib/amd64/server/libjvm.so
7fd627989000-7fd627a28000 r--p 00b57000 08:01 20587060                   /usr/lib/jvm/java-7-openjdk-amd64/jre/lib/amd64/server/libjvm.so
7fd627a28000-7fd627a4b000 rw-p 00bf6000 08:01 20587060                   /usr/lib/jvm/java-7-openjdk-amd64/jre/lib/amd64/server/libjvm.so
7fd627a4b000-7fd627a78000 rw-p 00000000 00:00 0 
7fd627a78000-7fd627a91000 r-xp 00000000 08:01 22024508                   /lib/x86_64-linux-gnu/libz.so.1.2.8
7fd627a91000-7fd627c91000 ---p 00019000 08:01 22024508                   /lib/x86_64-linux-gnu/libz.so.1.2.8
7fd627c91000-7fd627c92000 r--p 00019000 08:01 22024508                   /lib/x86_64-linux-gnu/libz.so.1.2.8
7fd627c92000-7fd627c93000 rw-p 0001a000 08:01 22024508                   /lib/x86_64-linux-gnu/libz.so.1.2.8
7fd627c93000-7fd627cab000 r-xp 00000000 08:01 22024467                   /lib/x86_64-linux-gnu/libpthread-2.21.so
7fd627cab000-7fd627eab000 ---p 00018000 08:01 22024467                   /lib/x86_64-linux-gnu/libpthread-2.21.so
7fd627eab000-7fd627eac000 r--p 00018000 08:01 22024467                   /lib/x86_64-linux-gnu/libpthread-2.21.so
7fd627eac000-7fd627ead000 rw-p 00019000 08:01 22024467                   /lib/x86_64-linux-gnu/libpthread-2.21.so
7fd627ead000-7fd627eb1000 rw-p 00000000 00:00 0 
7fd627eb1000-7fd627eb4000 r-xp 00000000 08:01 22024351                   /lib/x86_64-linux-gnu/libdl-2.21.so
7fd627eb4000-7fd6280b3000 ---p 00003000 08:01 22024351                   /lib/x86_64-linux-gnu/libdl-2.21.so
7fd6280b3000-7fd6280b4000 r--p 00002000 08:01 22024351                   /lib/x86_64-linux-gnu/libdl-2.21.so
7fd6280b4000-7fd6280b5000 rw-p 00003000 08:01 22024351                   /lib/x86_64-linux-gnu/libdl-2.21.so
7fd6280b5000-7fd628275000 r-xp 00000000 08:01 22024334                   /lib/x86_64-linux-gnu/libc-2.21.so
7fd628275000-7fd628475000 ---p 001c0000 08:01 22024334                   /lib/x86_64-linux-gnu/libc-2.21.so
7fd628475000-7fd628479000 r--p 001c0000 08:01 22024334                   /lib/x86_64-linux-gnu/libc-2.21.so
7fd628479000-7fd62847b000 rw-p 001c4000 08:01 22024334                   /lib/x86_64-linux-gnu/libc-2.21.so
7fd62847b000-7fd62847f000 rw-p 00000000 00:00 0 
7fd62847f000-7fd62848c000 r-xp 00000000 08:01 20587057                   /usr/lib/jvm/java-7-openjdk-amd64/jre/lib/amd64/jli/libjli.so
7fd62848c000-7fd62868b000 ---p 0000d000 08:01 20587057                   /usr/lib/jvm/java-7-openjdk-amd64/jre/lib/amd64/jli/libjli.so
7fd62868b000-7fd62868c000 r--p 0000c000 08:01 20587057                   /usr/lib/jvm/java-7-openjdk-amd64/jre/lib/amd64/jli/libjli.so
7fd62868c000-7fd62868d000 rw-p 0000d000 08:01 20587057                   /usr/lib/jvm/java-7-openjdk-amd64/jre/lib/amd64/jli/libjli.so
7fd62868d000-7fd6286b1000 r-xp 00000000 08:01 22024306                   /lib/x86_64-linux-gnu/ld-2.21.so
7fd6286b9000-7fd6286ba000 rw-p 00000000 00:00 0 
7fd6286ba000-7fd6286c9000 r--s 000dd000 08:01 21636737                   /home/sharan/Android/Sdk/build-tools/21.1.2/lib/dx.jar
7fd6286c9000-7fd6286da000 rw-p 00000000 00:00 0 
7fd6286da000-7fd628789000 rw-p 00000000 00:00 0 
7fd628789000-7fd62878c000 ---p 00000000 00:00 0 
7fd62878c000-7fd62888f000 rw-p 00000000 00:00 0                          [stack:11435]
7fd62888f000-7fd628890000 r--s 00000000 08:01 20979860                   /usr/share/java/jayatanaag.jar
7fd628890000-7fd628894000 r--s 00034000 08:01 20587040                   /usr/lib/jvm/java-7-openjdk-amd64/jre/lib/ext/sunjce_provider.jar
7fd628894000-7fd628898000 r--s 0003c000 08:01 20587041                   /usr/lib/jvm/java-7-openjdk-amd64/jre/lib/ext/sunpkcs11.jar
7fd628898000-7fd62889b000 r--s 0000f000 08:01 20587042                   /usr/lib/jvm/java-7-openjdk-amd64/jre/lib/ext/icedtea-sound.jar
7fd62889b000-7fd62889f000 r--s 00085000 08:01 20587038                   /usr/lib/jvm/java-7-openjdk-amd64/jre/lib/ext/localedata.jar
7fd62889f000-7fd6288a1000 r--s 00012000 08:01 20587043                   /usr/lib/jvm/java-7-openjdk-amd64/jre/lib/ext/zipfs.jar
7fd6288a1000-7fd6288a3000 r--s 00006000 08:01 20971724                   /usr/share/java/java-atk-wrapper.jar
7fd6288a3000-7fd6288a4000 r--s 00002000 08:01 20587039                   /usr/lib/jvm/java-7-openjdk-amd64/jre/lib/ext/dnsns.jar
7fd6288a4000-7fd6288ac000 rw-s 00000000 08:01 3016098                    /tmp/hsperfdata_sharan/11428
7fd6288ac000-7fd6288ad000 rw-p 00000000 00:00 0 
7fd6288ad000-7fd6288ae000 ---p 00000000 00:00 0 
7fd6288ae000-7fd6288b0000 rw-p 00000000 00:00 0 
7fd6288b0000-7fd6288b1000 r--p 00023000 08:01 22024306                   /lib/x86_64-linux-gnu/ld-2.21.so
7fd6288b1000-7fd6288b2000 rw-p 00024000 08:01 22024306                   /lib/x86_64-linux-gnu/ld-2.21.so
7fd6288b2000-7fd6288b3000 rw-p 00000000 00:00 0 
7ffdaf0cd000-7ffdaf0ee000 rw-p 00000000 00:00 0                          [stack]
7ffdaf1b6000-7ffdaf1b8000 r--p 00000000 00:00 0                          [vvar]
7ffdaf1b8000-7ffdaf1ba000 r-xp 00000000 00:00 0                          [vdso]
ffffffffff600000-ffffffffff601000 r-xp 00000000 00:00 0                  [vsyscall]

VM Arguments:
jvm_args: -javaagent:/usr/share/java/jayatanaag.jar -Xmx4g -Dfile.encoding=UTF-8 -Duser.country=IN -Duser.language=en -Duser.variant 
java_command: com.android.dx.command.Main --dex --force-jumbo --multi-dex --main-dex-list /home/sharan/AndroidStudioProjects/Muser/muser/build/intermediates/multi-dex/debug/maindexlist.txt --output /home/sharan/AndroidStudioProjects/Muser/muser/build/intermediates/dex/debug /home/sharan/AndroidStudioProjects/Muser/muser/build/intermediates/multi-dex/debug/allclasses.jar
Launcher Type: SUN_STANDARD

Environment Variables:
JAVA_HOME=/usr/lib/jvm/java-8-oracle
JAVA_TOOL_OPTIONS=-javaagent:/usr/share/java/jayatanaag.jar 
PATH=/usr/local/sbin:/usr/local/bin:/usr/sbin:/usr/bin:/sbin:/bin:/usr/games:/usr/local/games:/usr/lib/jvm/java-8-oracle/bin:/usr/lib/jvm/java-8-oracle/db/bin:/usr/lib/jvm/java-8-oracle/jre/bin
LD_LIBRARY_PATH=/opt/android-studio/bin:
SHELL=/bin/bash
DISPLAY=:0

Signal Handlers:
SIGSEGV: [libjvm.so+0x98ac50], sa_mask[0]=0x7ffbfeff, sa_flags=0x10000004
SIGBUS: [libjvm.so+0x98ac50], sa_mask[0]=0x7ffbfeff, sa_flags=0x10000004
SIGFPE: [libjvm.so+0x7f8ab0], sa_mask[0]=0x7ffbfeff, sa_flags=0x10000004
SIGPIPE: [libjvm.so+0x7f8ab0], sa_mask[0]=0x7ffbfeff, sa_flags=0x10000004
SIGXFSZ: [libjvm.so+0x7f8ab0], sa_mask[0]=0x7ffbfeff, sa_flags=0x10000004
SIGILL: [libjvm.so+0x7f8ab0], sa_mask[0]=0x7ffbfeff, sa_flags=0x10000004
SIGUSR1: SIG_DFL, sa_mask[0]=0x00000000, sa_flags=0x00000000
SIGUSR2: [libjvm.so+0x7f8930], sa_mask[0]=0x00000004, sa_flags=0x10000004
SIGHUP: [libjvm.so+0x7f8b30], sa_mask[0]=0x7ffbfeff, sa_flags=0x10000004
SIGINT: [libjvm.so+0x7f8b30], sa_mask[0]=0x7ffbfeff, sa_flags=0x10000004
SIGTERM: [libjvm.so+0x7f8b30], sa_mask[0]=0x7ffbfeff, sa_flags=0x10000004
SIGQUIT: [libjvm.so+0x7f8b30], sa_mask[0]=0x7ffbfeff, sa_flags=0x10000004
SIGTRAP: SIG_DFL, sa_mask[0]=0x00000000, sa_flags=0x00000000


---------------  S Y S T E M  ---------------

OS:Ubuntu 15.04 (vivid)
uname:Linux 3.19.0-26-generic #28-Ubuntu SMP Tue Aug 11 14:16:32 UTC 2015 x86_64
libc:glibc 2.21 NPTL 2.21 
rlimit: STACK 8192k, CORE 0k, NPROC 31366, NOFILE 65536, AS infinity
load average:2.85 2.32 2.00

/proc/meminfo:
MemTotal:        8052020 kB
MemFree:          144908 kB
MemAvailable:     130916 kB
Buffers:            1356 kB
Cached:          1166640 kB
SwapCached:            0 kB
Active:          6644956 kB
Inactive:        1068644 kB
Active(anon):    6597972 kB
Inactive(anon):  1018512 kB
Active(file):      46984 kB
Inactive(file):    50132 kB
Unevictable:          32 kB
Mlocked:              32 kB
SwapTotal:             0 kB
SwapFree:              0 kB
Dirty:                24 kB
Writeback:             0 kB
AnonPages:       6545752 kB
Mapped:           585240 kB
Shmem:           1070724 kB
Slab:              85208 kB
SReclaimable:      43836 kB
SUnreclaim:        41372 kB
KernelStack:       12624 kB
PageTables:        53792 kB
NFS_Unstable:          0 kB
Bounce:                0 kB
WritebackTmp:          0 kB
CommitLimit:     4026008 kB
Committed_AS:   16944888 kB
VmallocTotal:   34359738367 kB
VmallocUsed:      358960 kB
VmallocChunk:   34359295376 kB
HardwareCorrupted:     0 kB
AnonHugePages:   3815424 kB
CmaTotal:              0 kB
CmaFree:               0 kB
HugePages_Total:       0
HugePages_Free:        0
HugePages_Rsvd:        0
HugePages_Surp:        0
Hugepagesize:       2048 kB
DirectMap4k:      187452 kB
DirectMap2M:     8077312 kB
DirectMap1G:           0 kB


CPU:total 4 (2 cores per cpu, 2 threads per core) family 6 model 60 stepping 3, cmov, cx8, fxsr, mmx, sse, sse2, sse3, ssse3, sse4.1, sse4.2, popcnt, avx, avx2, aes, erms, ht, tsc, tscinvbit

/proc/cpuinfo:
processor	: 0
vendor_id	: GenuineIntel
cpu family	: 6
model		: 60
model name	: Intel(R) Core(TM) i3-4150 CPU @ 3.50GHz
stepping	: 3
microcode	: 0x12
cpu MHz		: 3500.000
cache size	: 3072 KB
physical id	: 0
siblings	: 4
core id		: 0
cpu cores	: 2
apicid		: 0
initial apicid	: 0
fpu		: yes
fpu_exception	: yes
cpuid level	: 13
wp		: yes
flags		: fpu vme de pse tsc msr pae mce cx8 apic sep mtrr pge mca cmov pat pse36 clflush dts acpi mmx fxsr sse sse2 ss ht tm pbe syscall nx pdpe1gb rdtscp lm constant_tsc arch_perfmon pebs bts rep_good nopl xtopology nonstop_tsc aperfmperf eagerfpu pni pclmulqdq dtes64 monitor ds_cpl vmx est tm2 ssse3 fma cx16 xtpr pdcm pcid sse4_1 sse4_2 movbe popcnt tsc_deadline_timer aes xsave avx f16c rdrand lahf_lm abm arat pln pts dtherm tpr_shadow vnmi flexpriority ept vpid fsgsbase tsc_adjust bmi1 avx2 smep bmi2 erms invpcid xsaveopt
bugs		:
bogomips	: 6983.81
clflush size	: 64
cache_alignment	: 64
address sizes	: 39 bits physical, 48 bits virtual
power management:

processor	: 1
vendor_id	: GenuineIntel
cpu family	: 6
model		: 60
model name	: Intel(R) Core(TM) i3-4150 CPU @ 3.50GHz
stepping	: 3
microcode	: 0x12
cpu MHz		: 3500.000
cache size	: 3072 KB
physical id	: 0
siblings	: 4
core id		: 1
cpu cores	: 2
apicid		: 2
initial apicid	: 2
fpu		: yes
fpu_exception	: yes
cpuid level	: 13
wp		: yes
flags		: fpu vme de pse tsc msr pae mce cx8 apic sep mtrr pge mca cmov pat pse36 clflush dts acpi mmx fxsr sse sse2 ss ht tm pbe syscall nx pdpe1gb rdtscp lm constant_tsc arch_perfmon pebs bts rep_good nopl xtopology nonstop_tsc aperfmperf eagerfpu pni pclmulqdq dtes64 monitor ds_cpl vmx est tm2 ssse3 fma cx16 xtpr pdcm pcid sse4_1 sse4_2 movbe popcnt tsc_deadline_timer aes xsave avx f16c rdrand lahf_lm abm arat pln pts dtherm tpr_shadow vnmi flexpriority ept vpid fsgsbase tsc_adjust bmi1 avx2 smep bmi2 erms invpcid xsaveopt
bugs		:
bogomips	: 6983.81
clflush size	: 64
cache_alignment	: 64
address sizes	: 39 bits physical, 48 bits virtual
power management:

processor	: 2
vendor_id	: GenuineIntel
cpu family	: 6
model		: 60
model name	: Intel(R) Core(TM) i3-4150 CPU @ 3.50GHz
stepping	: 3
microcode	: 0x12
cpu MHz		: 3500.000
cache size	: 3072 KB
physical id	: 0
siblings	: 4
core id		: 0
cpu cores	: 2
apicid		: 1
initial apicid	: 1
fpu		: yes
fpu_exception	: yes
cpuid level	: 13
wp		: yes
flags		: fpu vme de pse tsc msr pae mce cx8 apic sep mtrr pge mca cmov pat pse36 clflush dts acpi mmx fxsr sse sse2 ss ht tm pbe syscall nx pdpe1gb rdtscp lm constant_tsc arch_perfmon pebs bts rep_good nopl xtopology nonstop_tsc aperfmperf eagerfpu pni pclmulqdq dtes64 monitor ds_cpl vmx est tm2 ssse3 fma cx16 xtpr pdcm pcid sse4_1 sse4_2 movbe popcnt tsc_deadline_timer aes xsave avx f16c rdrand lahf_lm abm arat pln pts dtherm tpr_shadow vnmi flexpriority ept vpid fsgsbase tsc_adjust bmi1 avx2 smep bmi2 erms invpcid xsaveopt
bugs		:
bogomips	: 6983.81
clflush size	: 64
cache_alignment	: 64
address sizes	: 39 bits physical, 48 bits virtual
power management:

processor	: 3
vendor_id	: GenuineIntel
cpu family	: 6
model		: 60
model name	: Intel(R) Core(TM) i3-4150 CPU @ 3.50GHz
stepping	: 3
microcode	: 0x12
cpu MHz		: 3500.000
cache size	: 3072 KB
physical id	: 0
siblings	: 4
core id		: 1
cpu cores	: 2
apicid		: 3
initial apicid	: 3
fpu		: yes
fpu_exception	: yes
cpuid level	: 13
wp		: yes
flags		: fpu vme de pse tsc msr pae mce cx8 apic sep mtrr pge mca cmov pat pse36 clflush dts acpi mmx fxsr sse sse2 ss ht tm pbe syscall nx pdpe1gb rdtscp lm constant_tsc arch_perfmon pebs bts rep_good nopl xtopology nonstop_tsc aperfmperf eagerfpu pni pclmulqdq dtes64 monitor ds_cpl vmx est tm2 ssse3 fma cx16 xtpr pdcm pcid sse4_1 sse4_2 movbe popcnt tsc_deadline_timer aes xsave avx f16c rdrand lahf_lm abm arat pln pts dtherm tpr_shadow vnmi flexpriority ept vpid fsgsbase tsc_adjust bmi1 avx2 smep bmi2 erms invpcid xsaveopt
bugs		:
bogomips	: 6983.81
clflush size	: 64
cache_alignment	: 64
address sizes	: 39 bits physical, 48 bits virtual
power management:



Memory: 4k page, physical 8052020k(144908k free), swap 0k(0k free)

vm_info: OpenJDK 64-Bit Server VM (24.79-b02) for linux-amd64 JRE (1.7.0_79-b14), built on Jul 24 2015 05:24:39 by "buildd" with gcc 4.9.2

time: Wed Oct 21 12:51:48 2015
elapsed time: 23 seconds

