#
# There is insufficient memory for the Java Runtime Environment to continue.
# Native memory allocation (malloc) failed to allocate 175112192 bytes for committing reserved memory.
# Possible reasons:
#   The system is out of physical RAM or swap space
#   In 32 bit mode, the process size limit was hit
# Possible solutions:
#   Reduce memory load on the system
#   Increase physical memory or swap space
#   Check if swap backing store is full
#   Use 64 bit Java on a 64 bit OS
#   Decrease Java heap size (-Xmx/-Xms)
#   Decrease number of Java threads
#   Decrease Java thread stack sizes (-Xss)
#   Set larger code cache with -XX:ReservedCodeCacheSize=
# This output file may be truncated or incomplete.
#
#  Out of Memory Error (os_linux.cpp:2809), pid=23993, tid=140162155640576
#
# JRE version: OpenJDK Runtime Environment (7.0_79-b14) (build 1.7.0_79-b14)
# Java VM: OpenJDK 64-Bit Server VM (24.79-b02 mixed mode linux-amd64 compressed oops)
# Derivative: IcedTea 2.5.6
# Distribution: Ubuntu 15.04, package 7u79-2.5.6-0ubuntu1.15.04.1
# Failed to write core dump. Core dumps have been disabled. To enable core dumping, try "ulimit -c unlimited" before starting Java again
#

---------------  T H R E A D  ---------------

Current thread (0x00007f7a1c13e000):  VMThread [stack: 0x00007f7a0b6f7000,0x00007f7a0b7f8000] [id=24002]

Stack: [0x00007f7a0b6f7000,0x00007f7a0b7f8000],  sp=0x00007f7a0b7f64c0,  free space=1021k
Native frames: (J=compiled Java code, j=interpreted, Vv=VM code, C=native code)
V  [libjvm.so+0x98a166]  VMError::report_and_die()+0x186
V  [libjvm.so+0x48f932]  report_vm_out_of_memory(char const*, int, unsigned long, char const*)+0x92
V  [libjvm.so+0x7fd56b]  os::pd_commit_memory(char*, unsigned long, unsigned long, bool)+0xeb
V  [libjvm.so+0x7f7c4e]  os::commit_memory(char*, unsigned long, unsigned long, bool)+0x2e
V  [libjvm.so+0x86a56b]  PSVirtualSpace::expand_by(unsigned long)+0x5b
V  [libjvm.so+0x858d5a]  PSOldGen::expand_by(unsigned long) [clone .part.29]+0x2a
V  [libjvm.so+0x858f10]  PSOldGen::expand(unsigned long) [clone .part.30]+0xc0
V  [libjvm.so+0x859ea8]  PSOldGen::resize(unsigned long)+0x198
V  [libjvm.so+0x861524]  PSParallelCompact::invoke_no_policy(bool) [clone .part.122]+0x994
V  [libjvm.so+0x867e85]  PSScavenge::invoke()+0x1a5
V  [libjvm.so+0x81fb73]  ParallelScavengeHeap::failed_mem_allocate(unsigned long)+0x63
V  [libjvm.so+0x98ba32]  VM_ParallelGCFailedAllocation::doit()+0x92
V  [libjvm.so+0x9902e7]  VM_Operation::evaluate()+0x47
V  [libjvm.so+0x98e8cb]  VMThread::evaluate_operation(VM_Operation*)+0xab
V  [libjvm.so+0x98ef76]  VMThread::loop()+0x1e6
V  [libjvm.so+0x98f441]  VMThread::run()+0x81
V  [libjvm.so+0x7fa492]  java_start(Thread*)+0xf2

VM_Operation (0x00007f7a24d1af80): ParallelGCFailedAllocation, mode: safepoint, requested by thread 0x00007f7a1c00b000


---------------  P R O C E S S  ---------------

Java Threads: ( => current thread )
  0x00007f7a1c1d2000 JavaThread "Service Thread" daemon [_thread_blocked, id=24008, stack(0x00007f7a09eaa000,0x00007f7a09fab000)]
  0x00007f7a1c1c8800 JavaThread "C2 CompilerThread1" daemon [_thread_blocked, id=24007, stack(0x00007f7a09fab000,0x00007f7a0a0ac000)]
  0x00007f7a1c1c6800 JavaThread "C2 CompilerThread0" daemon [_thread_blocked, id=24006, stack(0x00007f7a0a0ac000,0x00007f7a0a1ad000)]
  0x00007f7a1c16f800 JavaThread "Signal Dispatcher" daemon [_thread_blocked, id=24005, stack(0x00007f7a0ad12000,0x00007f7a0ae13000)]
  0x00007f7a1c144800 JavaThread "Finalizer" daemon [_thread_blocked, id=24004, stack(0x00007f7a0b4f5000,0x00007f7a0b5f6000)]
  0x00007f7a1c142800 JavaThread "Reference Handler" daemon [_thread_blocked, id=24003, stack(0x00007f7a0b5f6000,0x00007f7a0b6f7000)]
  0x00007f7a1c00b000 JavaThread "main" [_thread_blocked, id=23995, stack(0x00007f7a24c1c000,0x00007f7a24d1d000)]

Other Threads:
=>0x00007f7a1c13e000 VMThread [stack: 0x00007f7a0b6f7000,0x00007f7a0b7f8000] [id=24002]
  0x00007f7a1c1dc800 WatcherThread [stack: 0x00007f7a09da9000,0x00007f7a09eaa000] [id=24009]

VM state:at safepoint (normal execution)

VM Mutex/Monitor currently owned by a thread:  ([mutex/lock_event])
[0x00007f7a1c007310] ExpandHeap_lock - owner thread: 0x00007f7a1c13e000
[0x00007f7a1c007990] Threads_lock - owner thread: 0x00007f7a1c13e000
[0x00007f7a1c007e90] Heap_lock - owner thread: 0x00007f7a1c00b000

Heap
 PSYoungGen      total 719360K, used 90066K [0x00000007aaa80000, 0x00000007ed880000, 0x0000000800000000)
  eden space 546304K, 0% used [0x00000007aaa80000,0x00000007aaa80000,0x00000007cc000000)
  from space 173056K, 52% used [0x00000007cc000000,0x00000007d17f4aa0,0x00000007d6900000)
  to   space 201216K, 0% used [0x00000007e1400000,0x00000007e1400000,0x00000007ed880000)
 ParOldGen       total 294400K, used 293900K [0x0000000700000000, 0x0000000711f80000, 0x00000007aaa80000)
  object space 294400K, 99% used [0x0000000700000000,0x0000000711f03330,0x0000000711f80000)
 PSPermGen       total 21504K, used 6234K [0x00000006f5a00000, 0x00000006f6f00000, 0x0000000700000000)
  object space 21504K, 28% used [0x00000006f5a00000,0x00000006f60169f8,0x00000006f6f00000)

Card table byte_map: [0x00007f7a20dab000,0x00007f7a215ff000] byte_map_base: 0x00007f7a1d5fe000

Polling page: 0x00007f7a24d40000

Code Cache  [0x00007f7a19000000, 0x00007f7a193e0000, 0x00007f7a1c000000)
 total_blobs=1233 nmethods=1003 adapters=183 free_code_cache=45533Kb largest_free_block=46308160

Compilation events (10 events):
Event: 18.859 Thread 0x00007f7a1c1c6800 1045             com.android.dx.cf.attrib.RawAttribute::byteLength (11 bytes)
Event: 18.860 Thread 0x00007f7a1c1c6800 nmethod 1045 0x00007f7a192341d0 code [0x00007f7a19234300, 0x00007f7a19234378]
Event: 18.886 Thread 0x00007f7a1c1c6800 1046             com.android.dx.rop.code.CstInsn::contentEquals (31 bytes)
Event: 18.887 Thread 0x00007f7a1c1c6800 nmethod 1046 0x00007f7a19325e90 code [0x00007f7a19325fe0, 0x00007f7a193260e8]
Event: 18.931 Thread 0x00007f7a1c1c6800 1047             com.android.dx.ssa.LiteralOpUpgrader$1::visitPhiInsn (1 bytes)
Event: 18.932 Thread 0x00007f7a1c1c6800 nmethod 1047 0x00007f7a19325c90 code [0x00007f7a19325dc0, 0x00007f7a19325e18]
Event: 18.933 Thread 0x00007f7a1c1c6800 1048             com.android.dx.ssa.back.FirstFitLocalCombiningAllocator$1::visitPhiInsn (6 bytes)
Event: 18.934 Thread 0x00007f7a1c1c6800 nmethod 1048 0x00007f7a19325a10 code [0x00007f7a19325b60, 0x00007f7a19325be8]
Event: 18.981 Thread 0x00007f7a1c1c6800 1049             com.android.dx.rop.annotation.NameValuePair::getName (5 bytes)
Event: 18.981 Thread 0x00007f7a1c1c6800 nmethod 1049 0x00007f7a19325810 code [0x00007f7a19325940, 0x00007f7a193259b8]

GC Heap History (10 events):
Event: 12.576 GC heap after
Heap after GC invocations=11 (full 2):
 PSYoungGen      total 539136K, used 59908K [0x00000007aaa80000, 0x00000007d5c80000, 0x0000000800000000)
  eden space 471040K, 0% used [0x00000007aaa80000,0x00000007aaa80000,0x00000007c7680000)
  from space 68096K, 87% used [0x00000007c7680000,0x00000007cb101070,0x00000007cb900000)
  to   space 107520K, 0% used [0x00000007cf380000,0x00000007cf380000,0x00000007d5c80000)
 ParOldGen       total 294400K, used 163673K [0x0000000700000000, 0x0000000711f80000, 0x00000007aaa80000)
  object space 294400K, 55% used [0x0000000700000000,0x0000000709fd6560,0x0000000711f80000)
 PSPermGen       total 21504K, used 6195K [0x00000006f5a00000, 0x00000006f6f00000, 0x0000000700000000)
  object space 21504K, 28% used [0x00000006f5a00000,0x00000006f600cff0,0x00000006f6f00000)
}
Event: 14.334 GC heap before
{Heap before GC invocations=12 (full 2):
 PSYoungGen      total 539136K, used 530948K [0x00000007aaa80000, 0x00000007d5c80000, 0x0000000800000000)
  eden space 471040K, 100% used [0x00000007aaa80000,0x00000007c7680000,0x00000007c7680000)
  from space 68096K, 87% used [0x00000007c7680000,0x00000007cb101070,0x00000007cb900000)
  to   space 107520K, 0% used [0x00000007cf380000,0x00000007cf380000,0x00000007d5c80000)
 ParOldGen       total 294400K, used 163673K [0x0000000700000000, 0x0000000711f80000, 0x00000007aaa80000)
  object space 294400K, 55% used [0x0000000700000000,0x0000000709fd6560,0x0000000711f80000)
 PSPermGen       total 21504K, used 6204K [0x00000006f5a00000, 0x00000006f6f00000, 0x0000000700000000)
  object space 21504K, 28% used [0x00000006f5a00000,0x00000006f600f0e0,0x00000006f6f00000)
Event: 14.492 GC heap after
Heap after GC invocations=12 (full 2):
 PSYoungGen      total 580608K, used 107015K [0x00000007aaa80000, 0x00000007dce80000, 0x0000000800000000)
  eden space 473088K, 0% used [0x00000007aaa80000,0x00000007aaa80000,0x00000007c7880000)
  from space 107520K, 99% used [0x00000007cf380000,0x00000007d5c01dd8,0x00000007d5c80000)
  to   space 125952K, 0% used [0x00000007c7880000,0x00000007c7880000,0x00000007cf380000)
 ParOldGen       total 294400K, used 188044K [0x0000000700000000, 0x0000000711f80000, 0x00000007aaa80000)
  object space 294400K, 63% used [0x0000000700000000,0x000000070b7a33b8,0x0000000711f80000)
 PSPermGen       total 21504K, used 6204K [0x00000006f5a00000, 0x00000006f6f00000, 0x0000000700000000)
  object space 21504K, 28% used [0x00000006f5a00000,0x00000006f600f0e0,0x00000006f6f00000)
}
Event: 15.905 GC heap before
{Heap before GC invocations=13 (full 2):
 PSYoungGen      total 580608K, used 580103K [0x00000007aaa80000, 0x00000007dce80000, 0x0000000800000000)
  eden space 473088K, 100% used [0x00000007aaa80000,0x00000007c7880000,0x00000007c7880000)
  from space 107520K, 99% used [0x00000007cf380000,0x00000007d5c01dd8,0x00000007d5c80000)
  to   space 125952K, 0% used [0x00000007c7880000,0x00000007c7880000,0x00000007cf380000)
 ParOldGen       total 294400K, used 188044K [0x0000000700000000, 0x0000000711f80000, 0x00000007aaa80000)
  object space 294400K, 63% used [0x0000000700000000,0x000000070b7a33b8,0x0000000711f80000)
 PSPermGen       total 21504K, used 6205K [0x00000006f5a00000, 0x00000006f6f00000, 0x0000000700000000)
  object space 21504K, 28% used [0x00000006f5a00000,0x00000006f600f740,0x00000006f6f00000)
Event: 16.035 GC heap after
Heap after GC invocations=13 (full 2):
 PSYoungGen      total 599040K, used 124087K [0x00000007aaa80000, 0x00000007df800000, 0x0000000800000000)
  eden space 473088K, 0% used [0x00000007aaa80000,0x00000007aaa80000,0x00000007c7880000)
  from space 125952K, 98% used [0x00000007c7880000,0x00000007cf1adff0,0x00000007cf380000)
  to   space 146432K, 0% used [0x00000007d6900000,0x00000007d6900000,0x00000007df800000)
 ParOldGen       total 294400K, used 188044K [0x0000000700000000, 0x0000000711f80000, 0x00000007aaa80000)
  object space 294400K, 63% used [0x0000000700000000,0x000000070b7a33b8,0x0000000711f80000)
 PSPermGen       total 21504K, used 6205K [0x00000006f5a00000, 0x00000006f6f00000, 0x0000000700000000)
  object space 21504K, 28% used [0x00000006f5a00000,0x00000006f600f740,0x00000006f6f00000)
}
Event: 17.277 GC heap before
{Heap before GC invocations=14 (full 2):
 PSYoungGen      total 599040K, used 597175K [0x00000007aaa80000, 0x00000007df800000, 0x0000000800000000)
  eden space 473088K, 100% used [0x00000007aaa80000,0x00000007c7880000,0x00000007c7880000)
  from space 125952K, 98% used [0x00000007c7880000,0x00000007cf1adff0,0x00000007cf380000)
  to   space 146432K, 0% used [0x00000007d6900000,0x00000007d6900000,0x00000007df800000)
 ParOldGen       total 294400K, used 188044K [0x0000000700000000, 0x0000000711f80000, 0x00000007aaa80000)
  object space 294400K, 63% used [0x0000000700000000,0x000000070b7a33b8,0x0000000711f80000)
 PSPermGen       total 21504K, used 6214K [0x00000006f5a00000, 0x00000006f6f00000, 0x0000000700000000)
  object space 21504K, 28% used [0x00000006f5a00000,0x00000006f6011a48,0x00000006f6f00000)
Event: 17.501 GC heap after
Heap after GC invocations=14 (full 2):
 PSYoungGen      total 692736K, used 146424K [0x00000007aaa80000, 0x00000007e3680000, 0x0000000800000000)
  eden space 546304K, 0% used [0x00000007aaa80000,0x00000007aaa80000,0x00000007cc000000)
  from space 146432K, 99% used [0x00000007d6900000,0x00000007df7fe298,0x00000007df800000)
  to   space 173056K, 0% used [0x00000007cc000000,0x00000007cc000000,0x00000007d6900000)
 ParOldGen       total 294400K, used 193073K [0x0000000700000000, 0x0000000711f80000, 0x00000007aaa80000)
  object space 294400K, 65% used [0x0000000700000000,0x000000070bc8c5a8,0x0000000711f80000)
 PSPermGen       total 21504K, used 6214K [0x00000006f5a00000, 0x00000006f6f00000, 0x0000000700000000)
  object space 21504K, 28% used [0x00000006f5a00000,0x00000006f6011a48,0x00000006f6f00000)
}
Event: 18.987 GC heap before
{Heap before GC invocations=15 (full 2):
 PSYoungGen      total 692736K, used 692728K [0x00000007aaa80000, 0x00000007e3680000, 0x0000000800000000)
  eden space 546304K, 100% used [0x00000007aaa80000,0x00000007cc000000,0x00000007cc000000)
  from space 146432K, 99% used [0x00000007d6900000,0x00000007df7fe298,0x00000007df800000)
  to   space 173056K, 0% used [0x00000007cc000000,0x00000007cc000000,0x00000007d6900000)
 ParOldGen       total 294400K, used 193073K [0x0000000700000000, 0x0000000711f80000, 0x00000007aaa80000)
  object space 294400K, 65% used [0x0000000700000000,0x000000070bc8c5a8,0x0000000711f80000)
 PSPermGen       total 21504K, used 6234K [0x00000006f5a00000, 0x00000006f6f00000, 0x0000000700000000)
  object space 21504K, 28% used [0x00000006f5a00000,0x00000006f6016b58,0x00000006f6f00000)
Event: 19.413 GC heap after
Heap after GC invocations=15 (full 2):
 PSYoungGen      total 719360K, used 169306K [0x00000007aaa80000, 0x00000007ed880000, 0x0000000800000000)
  eden space 546304K, 0% used [0x00000007aaa80000,0x00000007aaa80000,0x00000007cc000000)
  from space 173056K, 97% used [0x00000007cc000000,0x00000007d6556bc8,0x00000007d6900000)
  to   space 201216K, 0% used [0x00000007e1400000,0x00000007e1400000,0x00000007ed880000)
 ParOldGen       total 294400K, used 258219K [0x0000000700000000, 0x0000000711f80000, 0x00000007aaa80000)
  object space 294400K, 87% used [0x0000000700000000,0x000000070fc2afa0,0x0000000711f80000)
 PSPermGen       total 21504K, used 6234K [0x00000006f5a00000, 0x00000006f6f00000, 0x0000000700000000)
  object space 21504K, 28% used [0x00000006f5a00000,0x00000006f6016b58,0x00000006f6f00000)
}
Event: 19.413 GC heap before
{Heap before GC invocations=16 (full 3):
 PSYoungGen      total 719360K, used 169306K [0x00000007aaa80000, 0x00000007ed880000, 0x0000000800000000)
  eden space 546304K, 0% used [0x00000007aaa80000,0x00000007aaa80000,0x00000007cc000000)
  from space 173056K, 97% used [0x00000007cc000000,0x00000007d6556bc8,0x00000007d6900000)
  to   space 201216K, 0% used [0x00000007e1400000,0x00000007e1400000,0x00000007ed880000)
 ParOldGen       total 294400K, used 258219K [0x0000000700000000, 0x0000000711f80000, 0x00000007aaa80000)
  object space 294400K, 87% used [0x0000000700000000,0x000000070fc2afa0,0x0000000711f80000)
 PSPermGen       total 21504K, used 6234K [0x00000006f5a00000, 0x00000006f6f00000, 0x0000000700000000)
  object space 21504K, 28% used [0x00000006f5a00000,0x00000006f6016b58,0x00000006f6f00000)

Deoptimization events (10 events):
Event: 12.616 Thread 0x00007f7a1c00b000 Uncommon trap: reason=class_check action=maybe_recompile pc=0x00007f7a191f36a4 method=com.android.dx.ssa.back.InterferenceGraph.mergeInterferenceSet(ILcom/android/dx/util/IntSet;)V @ 20
Event: 12.616 Thread 0x00007f7a1c00b000 Uncommon trap: reason=class_check action=maybe_recompile pc=0x00007f7a19246bc0 method=com.android.dx.ssa.back.InterferenceGraph.mergeInterferenceSet(ILcom/android/dx/util/IntSet;)V @ 20
Event: 12.692 Thread 0x00007f7a1c00b000 Uncommon trap: reason=bimorphic action=maybe_recompile pc=0x00007f7a1931b200 method=com.android.dx.ssa.NormalSsaInsn.changeOneSource(ILcom/android/dx/rop/code/RegisterSpec;)V @ 113
Event: 12.979 Thread 0x00007f7a1c00b000 Uncommon trap: reason=class_check action=maybe_recompile pc=0x00007f7a190c0714 method=com.android.dx.ssa.SsaConverter.placePhiFunctions(Lcom/android/dx/ssa/SsaMethod;Lcom/android/dx/ssa/LocalVariableInfo;I)V @ 257
Event: 13.060 Thread 0x00007f7a1c00b000 Uncommon trap: reason=predicate action=maybe_recompile pc=0x00007f7a191a4e58 method=com.android.dx.ssa.back.InterferenceGraph.<init>(I)V @ 23
Event: 13.394 Thread 0x00007f7a1c00b000 Uncommon trap: reason=class_check action=maybe_recompile pc=0x00007f7a190c0714 method=com.android.dx.ssa.SsaConverter.placePhiFunctions(Lcom/android/dx/ssa/SsaMethod;Lcom/android/dx/ssa/LocalVariableInfo;I)V @ 257
Event: 13.787 Thread 0x00007f7a1c00b000 Uncommon trap: reason=class_check action=maybe_recompile pc=0x00007f7a190c0714 method=com.android.dx.ssa.SsaConverter.placePhiFunctions(Lcom/android/dx/ssa/SsaMethod;Lcom/android/dx/ssa/LocalVariableInfo;I)V @ 257
Event: 18.105 Thread 0x00007f7a1c00b000 Uncommon trap: reason=unreached action=reinterpret pc=0x00007f7a192c1340 method=com.android.dx.rop.code.LocalItem.compareHandlesNulls(Lcom/android/dx/rop/cst/CstString;Lcom/android/dx/rop/cst/CstString;)I @ 14
Event: 18.105 Thread 0x00007f7a1c00b000 Uncommon trap: reason=unreached action=reinterpret pc=0x00007f7a19161410 method=com.android.dx.rop.code.LocalItem.compareHandlesNulls(Lcom/android/dx/rop/cst/CstString;Lcom/android/dx/rop/cst/CstString;)I @ 14
Event: 18.545 Thread 0x00007f7a1c00b000 Uncommon trap: reason=class_check action=maybe_recompile pc=0x00007f7a19318da4 method=com.android.dx.ssa.SCCP.replaceConstants()V @ 182

Internal exceptions (10 events):
Event: 9.093 Thread 0x00007f7a1c00b000 Threw 0x00000007b1441750 at /build/openjdk-7-yI9zWD/openjdk-7-7u79-2.5.6/build/openjdk/hotspot/src/share/vm/prims/jvm.cpp:1284
Event: 10.483 Thread 0x00007f7a1c00b000 Threw 0x00000007b5966d58 at /build/openjdk-7-yI9zWD/openjdk-7-7u79-2.5.6/build/openjdk/hotspot/src/share/vm/prims/jvm.cpp:1284
Event: 10.840 Thread 0x00007f7a1c00b000 Implicit null exception at 0x00007f7a1923431d to 0x00007f7a1923450d
Event: 10.840 Thread 0x00007f7a1c00b000 Implicit null exception at 0x00007f7a191b37a9 to 0x00007f7a191b397d
Event: 10.842 Thread 0x00007f7a1c00b000 Implicit null exception at 0x00007f7a191ac6b5 to 0x00007f7a191ac815
Event: 11.160 Thread 0x00007f7a1c00b000 Threw 0x00000007bff085d8 at /build/openjdk-7-yI9zWD/openjdk-7-7u79-2.5.6/build/openjdk/hotspot/src/share/vm/prims/jvm.cpp:1284
Event: 11.170 Thread 0x00007f7a1c00b000 Threw 0x00000007bffe88f0 at /build/openjdk-7-yI9zWD/openjdk-7-7u79-2.5.6/build/openjdk/hotspot/src/share/vm/prims/jvm.cpp:1284
Event: 12.694 Thread 0x00007f7a1c00b000 Threw 0x00000007abc25d80 at /build/openjdk-7-yI9zWD/openjdk-7-7u79-2.5.6/build/openjdk/hotspot/src/share/vm/prims/jvm.cpp:1284
Event: 18.105 Thread 0x00007f7a1c00b000 Implicit null exception at 0x00007f7a192c1152 to 0x00007f7a192c132d
Event: 18.105 Thread 0x00007f7a1c00b000 Implicit null exception at 0x00007f7a1916123e to 0x00007f7a191613fd

Events (10 events):
Event: 18.105 Thread 0x00007f7a1c00b000 Uncommon trap: trap_request=0xffffffad fr.pc=0x00007f7a19161410
Event: 18.105 Thread 0x00007f7a1c00b000 DEOPT PACKING pc=0x00007f7a19161410 sp=0x00007f7a24d1af10
Event: 18.105 Thread 0x00007f7a1c00b000 DEOPT UNPACKING pc=0x00007f7a19039445 sp=0x00007f7a24d1ae80 mode 2
Event: 18.545 Thread 0x00007f7a1c00b000 Uncommon trap: trap_request=0xffffffde fr.pc=0x00007f7a19318da4
Event: 18.545 Thread 0x00007f7a1c00b000 DEOPT PACKING pc=0x00007f7a19318da4 sp=0x00007f7a24d1b0c0
Event: 18.545 Thread 0x00007f7a1c00b000 DEOPT UNPACKING pc=0x00007f7a19039445 sp=0x00007f7a24d1b038 mode 2
Event: 18.629 Thread 0x00007f7a1c1c6800 flushing nmethod 0x00007f7a191ac550
Event: 18.629 Thread 0x00007f7a1c1c6800 flushing nmethod 0x00007f7a191b34d0
Event: 18.645 Thread 0x00007f7a1c1c8800 flushing nmethod 0x00007f7a19234010
Event: 18.987 Executing VM operation: ParallelGCFailedAllocation


Dynamic libraries:
00400000-00401000 r-xp 00000000 08:01 20712222                           /usr/lib/jvm/java-7-openjdk-amd64/jre/bin/java
00600000-00601000 r--p 00000000 08:01 20712222                           /usr/lib/jvm/java-7-openjdk-amd64/jre/bin/java
00601000-00602000 rw-p 00001000 08:01 20712222                           /usr/lib/jvm/java-7-openjdk-amd64/jre/bin/java
02254000-02275000 rw-p 00000000 00:00 0                                  [heap]
6f5a00000-6f6f00000 rw-p 00000000 00:00 0 
6f6f00000-700000000 rw-p 00000000 00:00 0 
700000000-711f80000 rw-p 00000000 00:00 0 
71c680000-7aaa80000 rw-p 00000000 00:00 0 
7aaa80000-7ed880000 rw-p 00000000 00:00 0 
7ed880000-800000000 rw-p 00000000 00:00 0 
7f79d4000000-7f79d4021000 rw-p 00000000 00:00 0 
7f79d4021000-7f79d8000000 ---p 00000000 00:00 0 
7f79dc000000-7f79dd351000 rw-p 00000000 00:00 0 
7f79dd351000-7f79e0000000 ---p 00000000 00:00 0 
7f79e0000000-7f79e0021000 rw-p 00000000 00:00 0 
7f79e0021000-7f79e4000000 ---p 00000000 00:00 0 
7f79e4000000-7f79e4021000 rw-p 00000000 00:00 0 
7f79e4021000-7f79e8000000 ---p 00000000 00:00 0 
7f79e8000000-7f79e9bba000 rw-p 00000000 00:00 0 
7f79e9bba000-7f79ec000000 ---p 00000000 00:00 0 
7f79ec000000-7f79ec021000 rw-p 00000000 00:00 0 
7f79ec021000-7f79f0000000 ---p 00000000 00:00 0 
7f79f0000000-7f79f0021000 rw-p 00000000 00:00 0 
7f79f0021000-7f79f4000000 ---p 00000000 00:00 0 
7f79f4000000-7f79f423f000 rw-p 00000000 00:00 0 
7f79f423f000-7f79f8000000 ---p 00000000 00:00 0 
7f79fbad0000-7f7a04000000 rw-p 00000000 00:00 0 
7f7a04000000-7f7a04021000 rw-p 00000000 00:00 0 
7f7a04021000-7f7a08000000 ---p 00000000 00:00 0 
7f7a082e4000-7f7a085e5000 rw-p 00000000 00:00 0 
7f7a085e5000-7f7a08651000 r-xp 00000000 08:01 22020192                   /lib/x86_64-linux-gnu/libpcre.so.3.13.1
7f7a08651000-7f7a08850000 ---p 0006c000 08:01 22020192                   /lib/x86_64-linux-gnu/libpcre.so.3.13.1
7f7a08850000-7f7a08851000 r--p 0006b000 08:01 22020192                   /lib/x86_64-linux-gnu/libpcre.so.3.13.1
7f7a08851000-7f7a08852000 rw-p 0006c000 08:01 22020192                   /lib/x86_64-linux-gnu/libpcre.so.3.13.1
7f7a08852000-7f7a08859000 r-xp 00000000 08:01 20455638                   /usr/lib/x86_64-linux-gnu/libffi.so.6.0.4
7f7a08859000-7f7a08a58000 ---p 00007000 08:01 20455638                   /usr/lib/x86_64-linux-gnu/libffi.so.6.0.4
7f7a08a58000-7f7a08a59000 r--p 00006000 08:01 20455638                   /usr/lib/x86_64-linux-gnu/libffi.so.6.0.4
7f7a08a59000-7f7a08a5a000 rw-p 00007000 08:01 20455638                   /usr/lib/x86_64-linux-gnu/libffi.so.6.0.4
7f7a08a5a000-7f7a08a71000 r-xp 00000000 08:01 22024473                   /lib/x86_64-linux-gnu/libresolv-2.21.so
7f7a08a71000-7f7a08c71000 ---p 00017000 08:01 22024473                   /lib/x86_64-linux-gnu/libresolv-2.21.so
7f7a08c71000-7f7a08c73000 r--p 00017000 08:01 22024473                   /lib/x86_64-linux-gnu/libresolv-2.21.so
7f7a08c73000-7f7a08c74000 rw-p 00019000 08:01 22024473                   /lib/x86_64-linux-gnu/libresolv-2.21.so
7f7a08c74000-7f7a08c76000 rw-p 00000000 00:00 0 
7f7a08c76000-7f7a08c97000 r-xp 00000000 08:01 22024477                   /lib/x86_64-linux-gnu/libselinux.so.1
7f7a08c97000-7f7a08e96000 ---p 00021000 08:01 22024477                   /lib/x86_64-linux-gnu/libselinux.so.1
7f7a08e96000-7f7a08e97000 r--p 00020000 08:01 22024477                   /lib/x86_64-linux-gnu/libselinux.so.1
7f7a08e97000-7f7a08e98000 rw-p 00021000 08:01 22024477                   /lib/x86_64-linux-gnu/libselinux.so.1
7f7a08e98000-7f7a08e9a000 rw-p 00000000 00:00 0 
7f7a08e9a000-7f7a08e9d000 r-xp 00000000 08:01 20447655                   /usr/lib/x86_64-linux-gnu/libgmodule-2.0.so.0.4400.1
7f7a08e9d000-7f7a0909c000 ---p 00003000 08:01 20447655                   /usr/lib/x86_64-linux-gnu/libgmodule-2.0.so.0.4400.1
7f7a0909c000-7f7a0909d000 r--p 00002000 08:01 20447655                   /usr/lib/x86_64-linux-gnu/libgmodule-2.0.so.0.4400.1
7f7a0909d000-7f7a0909e000 rw-p 00003000 08:01 20447655                   /usr/lib/x86_64-linux-gnu/libgmodule-2.0.so.0.4400.1
7f7a0909e000-7f7a091ab000 r-xp 00000000 08:01 22024241                   /lib/x86_64-linux-gnu/libglib-2.0.so.0.4400.1
7f7a091ab000-7f7a093aa000 ---p 0010d000 08:01 22024241                   /lib/x86_64-linux-gnu/libglib-2.0.so.0.4400.1
7f7a093aa000-7f7a093ab000 r--p 0010c000 08:01 22024241                   /lib/x86_64-linux-gnu/libglib-2.0.so.0.4400.1
7f7a093ab000-7f7a093ac000 rw-p 0010d000 08:01 22024241                   /lib/x86_64-linux-gnu/libglib-2.0.so.0.4400.1
7f7a093ac000-7f7a093ad000 rw-p 00000000 00:00 0 
7f7a093ad000-7f7a093fd000 r-xp 00000000 08:01 20447615                   /usr/lib/x86_64-linux-gnu/libgobject-2.0.so.0.4400.1
7f7a093fd000-7f7a095fd000 ---p 00050000 08:01 20447615                   /usr/lib/x86_64-linux-gnu/libgobject-2.0.so.0.4400.1
7f7a095fd000-7f7a095fe000 r--p 00050000 08:01 20447615                   /usr/lib/x86_64-linux-gnu/libgobject-2.0.so.0.4400.1
7f7a095fe000-7f7a095ff000 rw-p 00051000 08:01 20447615                   /usr/lib/x86_64-linux-gnu/libgobject-2.0.so.0.4400.1
7f7a095ff000-7f7a09777000 r-xp 00000000 08:01 20447637                   /usr/lib/x86_64-linux-gnu/libgio-2.0.so.0.4400.1
7f7a09777000-7f7a09977000 ---p 00178000 08:01 20447637                   /usr/lib/x86_64-linux-gnu/libgio-2.0.so.0.4400.1
7f7a09977000-7f7a0997b000 r--p 00178000 08:01 20447637                   /usr/lib/x86_64-linux-gnu/libgio-2.0.so.0.4400.1
7f7a0997b000-7f7a0997d000 rw-p 0017c000 08:01 20447637                   /usr/lib/x86_64-linux-gnu/libgio-2.0.so.0.4400.1
7f7a0997d000-7f7a0997f000 rw-p 00000000 00:00 0 
7f7a0997f000-7f7a09996000 r-xp 00000000 08:01 20587083                   /usr/lib/jvm/java-7-openjdk-amd64/jre/lib/amd64/libnet.so
7f7a09996000-7f7a09b95000 ---p 00017000 08:01 20587083                   /usr/lib/jvm/java-7-openjdk-amd64/jre/lib/amd64/libnet.so
7f7a09b95000-7f7a09b96000 r--p 00016000 08:01 20587083                   /usr/lib/jvm/java-7-openjdk-amd64/jre/lib/amd64/libnet.so
7f7a09b96000-7f7a09b97000 rw-p 00017000 08:01 20587083                   /usr/lib/jvm/java-7-openjdk-amd64/jre/lib/amd64/libnet.so
7f7a09b97000-7f7a09ba8000 r-xp 00000000 08:01 20587088                   /usr/lib/jvm/java-7-openjdk-amd64/jre/lib/amd64/libnio.so
7f7a09ba8000-7f7a09da7000 ---p 00011000 08:01 20587088                   /usr/lib/jvm/java-7-openjdk-amd64/jre/lib/amd64/libnio.so
7f7a09da7000-7f7a09da8000 r--p 00010000 08:01 20587088                   /usr/lib/jvm/java-7-openjdk-amd64/jre/lib/amd64/libnio.so
7f7a09da8000-7f7a09da9000 rw-p 00011000 08:01 20587088                   /usr/lib/jvm/java-7-openjdk-amd64/jre/lib/amd64/libnio.so
7f7a09da9000-7f7a09daa000 ---p 00000000 00:00 0 
7f7a09daa000-7f7a09eaa000 rw-p 00000000 00:00 0                          [stack:24009]
7f7a09eaa000-7f7a09ead000 ---p 00000000 00:00 0 
7f7a09ead000-7f7a09fab000 rw-p 00000000 00:00 0                          [stack:24008]
7f7a09fab000-7f7a09fae000 ---p 00000000 00:00 0 
7f7a09fae000-7f7a0a0ac000 rw-p 00000000 00:00 0                          [stack:24007]
7f7a0a0ac000-7f7a0a0af000 ---p 00000000 00:00 0 
7f7a0a0af000-7f7a0a1ad000 rw-p 00000000 00:00 0                          [stack:24006]
7f7a0a1ad000-7f7a0a1b2000 r-xp 00000000 08:01 20455330                   /usr/lib/x86_64-linux-gnu/libXdmcp.so.6.0.0
7f7a0a1b2000-7f7a0a3b1000 ---p 00005000 08:01 20455330                   /usr/lib/x86_64-linux-gnu/libXdmcp.so.6.0.0
7f7a0a3b1000-7f7a0a3b2000 r--p 00004000 08:01 20455330                   /usr/lib/x86_64-linux-gnu/libXdmcp.so.6.0.0
7f7a0a3b2000-7f7a0a3b3000 rw-p 00005000 08:01 20455330                   /usr/lib/x86_64-linux-gnu/libXdmcp.so.6.0.0
7f7a0a3b3000-7f7a0a3b5000 r-xp 00000000 08:01 20455319                   /usr/lib/x86_64-linux-gnu/libXau.so.6.0.0
7f7a0a3b5000-7f7a0a5b5000 ---p 00002000 08:01 20455319                   /usr/lib/x86_64-linux-gnu/libXau.so.6.0.0
7f7a0a5b5000-7f7a0a5b6000 r--p 00002000 08:01 20455319                   /usr/lib/x86_64-linux-gnu/libXau.so.6.0.0
7f7a0a5b6000-7f7a0a5b7000 rw-p 00003000 08:01 20455319                   /usr/lib/x86_64-linux-gnu/libXau.so.6.0.0
7f7a0a5b7000-7f7a0a5d4000 r-xp 00000000 08:01 20456517                   /usr/lib/x86_64-linux-gnu/libxcb.so.1.1.0
7f7a0a5d4000-7f7a0a7d4000 ---p 0001d000 08:01 20456517                   /usr/lib/x86_64-linux-gnu/libxcb.so.1.1.0
7f7a0a7d4000-7f7a0a7d5000 r--p 0001d000 08:01 20456517                   /usr/lib/x86_64-linux-gnu/libxcb.so.1.1.0
7f7a0a7d5000-7f7a0a7d6000 rw-p 0001e000 08:01 20456517                   /usr/lib/x86_64-linux-gnu/libxcb.so.1.1.0
7f7a0a7d6000-7f7a0a909000 r-xp 00000000 08:01 20455315                   /usr/lib/x86_64-linux-gnu/libX11.so.6.3.0
7f7a0a909000-7f7a0ab09000 ---p 00133000 08:01 20455315                   /usr/lib/x86_64-linux-gnu/libX11.so.6.3.0
7f7a0ab09000-7f7a0ab0a000 r--p 00133000 08:01 20455315                   /usr/lib/x86_64-linux-gnu/libX11.so.6.3.0
7f7a0ab0a000-7f7a0ab0e000 rw-p 00134000 08:01 20455315                   /usr/lib/x86_64-linux-gnu/libX11.so.6.3.0
7f7a0ab0e000-7f7a0ab0f000 rw-p 00000000 00:00 0 
7f7a0ab0f000-7f7a0ab11000 r-xp 00000000 08:01 20452766                   /usr/lib/jayatana/libjayatanaag.so
7f7a0ab11000-7f7a0ad10000 ---p 00002000 08:01 20452766                   /usr/lib/jayatana/libjayatanaag.so
7f7a0ad10000-7f7a0ad11000 r--p 00001000 08:01 20452766                   /usr/lib/jayatana/libjayatanaag.so
7f7a0ad11000-7f7a0ad12000 rw-p 00002000 08:01 20452766                   /usr/lib/jayatana/libjayatanaag.so
7f7a0ad12000-7f7a0ad15000 ---p 00000000 00:00 0 
7f7a0ad15000-7f7a0ae13000 rw-p 00000000 00:00 0                          [stack:24005]
7f7a0ae13000-7f7a0b4f5000 r--p 00000000 08:01 20454393                   /usr/lib/locale/locale-archive
7f7a0b4f5000-7f7a0b4f8000 ---p 00000000 00:00 0 
7f7a0b4f8000-7f7a0b5f6000 rw-p 00000000 00:00 0                          [stack:24004]
7f7a0b5f6000-7f7a0b5f9000 ---p 00000000 00:00 0 
7f7a0b5f9000-7f7a0b6f7000 rw-p 00000000 00:00 0                          [stack:24003]
7f7a0b6f7000-7f7a0b6f8000 ---p 00000000 00:00 0 
7f7a0b6f8000-7f7a0c000000 rw-p 00000000 00:00 0                          [stack:24002]
7f7a0c000000-7f7a0c021000 rw-p 00000000 00:00 0 
7f7a0c021000-7f7a10000000 ---p 00000000 00:00 0 
7f7a10000000-7f7a10021000 rw-p 00000000 00:00 0 
7f7a10021000-7f7a14000000 ---p 00000000 00:00 0 
7f7a14000000-7f7a14021000 rw-p 00000000 00:00 0 
7f7a14021000-7f7a18000000 ---p 00000000 00:00 0 
7f7a180a6000-7f7a19000000 rw-p 00000000 00:00 0 
7f7a19000000-7f7a193e0000 rwxp 00000000 00:00 0 
7f7a193e0000-7f7a1c3a9000 rw-p 00000000 00:00 0 
7f7a1c3a9000-7f7a20000000 ---p 00000000 00:00 0 
7f7a20014000-7f7a200df000 r--s 0091c000 08:01 29231421                   /home/sharan/AndroidStudioProjects/Muser/muser/build/intermediates/multi-dex/debug/allclasses.jar
7f7a200df000-7f7a20128000 rw-p 00000000 00:00 0 
7f7a20128000-7f7a202d9000 r--s 01d29000 08:01 20587021                   /usr/lib/jvm/java-7-openjdk-amd64/jre/lib/rt.jar
7f7a202d9000-7f7a203fe000 rw-p 00000000 00:00 0 
7f7a203fe000-7f7a203ff000 ---p 00000000 00:00 0 
7f7a203ff000-7f7a204ff000 rw-p 00000000 00:00 0                          [stack:24001]
7f7a204ff000-7f7a20500000 ---p 00000000 00:00 0 
7f7a20500000-7f7a20600000 rw-p 00000000 00:00 0                          [stack:24000]
7f7a20600000-7f7a20601000 ---p 00000000 00:00 0 
7f7a20601000-7f7a20701000 rw-p 00000000 00:00 0                          [stack:23999]
7f7a20701000-7f7a20702000 ---p 00000000 00:00 0 
7f7a20702000-7f7a2080d000 rw-p 00000000 00:00 0                          [stack:23998]
7f7a2080d000-7f7a20855000 rw-p 00000000 00:00 0 
7f7a20855000-7f7a208e5000 rw-p 00000000 00:00 0 
7f7a208e5000-7f7a20dab000 rw-p 00000000 00:00 0 
7f7a20dab000-7f7a20db6000 rw-p 00000000 00:00 0 
7f7a20db6000-7f7a20dfe000 rw-p 00000000 00:00 0 
7f7a20dfe000-7f7a20e8e000 rw-p 00000000 00:00 0 
7f7a20e8e000-7f7a21353000 rw-p 00000000 00:00 0 
7f7a21353000-7f7a2156b000 rw-p 00000000 00:00 0 
7f7a2156b000-7f7a215fe000 rw-p 00000000 00:00 0 
7f7a215fe000-7f7a215ff000 rw-p 00000000 00:00 0 
7f7a215ff000-7f7a21607000 r-xp 00000000 08:01 20587054                   /usr/lib/jvm/java-7-openjdk-amd64/jre/lib/amd64/libzip.so
7f7a21607000-7f7a21806000 ---p 00008000 08:01 20587054                   /usr/lib/jvm/java-7-openjdk-amd64/jre/lib/amd64/libzip.so
7f7a21806000-7f7a21807000 r--p 00007000 08:01 20587054                   /usr/lib/jvm/java-7-openjdk-amd64/jre/lib/amd64/libzip.so
7f7a21807000-7f7a21808000 rw-p 00008000 08:01 20587054                   /usr/lib/jvm/java-7-openjdk-amd64/jre/lib/amd64/libzip.so
7f7a21808000-7f7a21814000 r-xp 00000000 08:01 22024420                   /lib/x86_64-linux-gnu/libnss_files-2.21.so
7f7a21814000-7f7a21a13000 ---p 0000c000 08:01 22024420                   /lib/x86_64-linux-gnu/libnss_files-2.21.so
7f7a21a13000-7f7a21a14000 r--p 0000b000 08:01 22024420                   /lib/x86_64-linux-gnu/libnss_files-2.21.so
7f7a21a14000-7f7a21a15000 rw-p 0000c000 08:01 22024420                   /lib/x86_64-linux-gnu/libnss_files-2.21.so
7f7a21a15000-7f7a21a20000 r-xp 00000000 08:01 22024430                   /lib/x86_64-linux-gnu/libnss_nis-2.21.so
7f7a21a20000-7f7a21c1f000 ---p 0000b000 08:01 22024430                   /lib/x86_64-linux-gnu/libnss_nis-2.21.so
7f7a21c1f000-7f7a21c20000 r--p 0000a000 08:01 22024430                   /lib/x86_64-linux-gnu/libnss_nis-2.21.so
7f7a21c20000-7f7a21c21000 rw-p 0000b000 08:01 22024430                   /lib/x86_64-linux-gnu/libnss_nis-2.21.so
7f7a21c21000-7f7a21c38000 r-xp 00000000 08:01 22024414                   /lib/x86_64-linux-gnu/libnsl-2.21.so
7f7a21c38000-7f7a21e37000 ---p 00017000 08:01 22024414                   /lib/x86_64-linux-gnu/libnsl-2.21.so
7f7a21e37000-7f7a21e38000 r--p 00016000 08:01 22024414                   /lib/x86_64-linux-gnu/libnsl-2.21.so
7f7a21e38000-7f7a21e39000 rw-p 00017000 08:01 22024414                   /lib/x86_64-linux-gnu/libnsl-2.21.so
7f7a21e39000-7f7a21e3b000 rw-p 00000000 00:00 0 
7f7a21e3b000-7f7a21e43000 r-xp 00000000 08:01 22024416                   /lib/x86_64-linux-gnu/libnss_compat-2.21.so
7f7a21e43000-7f7a22042000 ---p 00008000 08:01 22024416                   /lib/x86_64-linux-gnu/libnss_compat-2.21.so
7f7a22042000-7f7a22043000 r--p 00007000 08:01 22024416                   /lib/x86_64-linux-gnu/libnss_compat-2.21.so
7f7a22043000-7f7a22044000 rw-p 00008000 08:01 22024416                   /lib/x86_64-linux-gnu/libnss_compat-2.21.so
7f7a22044000-7f7a2204e000 r-xp 00000000 08:01 20587084                   /usr/lib/jvm/java-7-openjdk-amd64/jre/lib/amd64/libinstrument.so
7f7a2204e000-7f7a2224d000 ---p 0000a000 08:01 20587084                   /usr/lib/jvm/java-7-openjdk-amd64/jre/lib/amd64/libinstrument.so
7f7a2224d000-7f7a2224e000 r--p 00009000 08:01 20587084                   /usr/lib/jvm/java-7-openjdk-amd64/jre/lib/amd64/libinstrument.so
7f7a2224e000-7f7a2224f000 rw-p 0000a000 08:01 20587084                   /usr/lib/jvm/java-7-openjdk-amd64/jre/lib/amd64/libinstrument.so
7f7a2224f000-7f7a2227c000 r-xp 00000000 08:01 20587091                   /usr/lib/jvm/java-7-openjdk-amd64/jre/lib/amd64/libjava.so
7f7a2227c000-7f7a2247b000 ---p 0002d000 08:01 20587091                   /usr/lib/jvm/java-7-openjdk-amd64/jre/lib/amd64/libjava.so
7f7a2247b000-7f7a2247c000 r--p 0002c000 08:01 20587091                   /usr/lib/jvm/java-7-openjdk-amd64/jre/lib/amd64/libjava.so
7f7a2247c000-7f7a2247e000 rw-p 0002d000 08:01 20587091                   /usr/lib/jvm/java-7-openjdk-amd64/jre/lib/amd64/libjava.so
7f7a2247e000-7f7a2248d000 r-xp 00000000 08:01 20587072                   /usr/lib/jvm/java-7-openjdk-amd64/jre/lib/amd64/libverify.so
7f7a2248d000-7f7a2268c000 ---p 0000f000 08:01 20587072                   /usr/lib/jvm/java-7-openjdk-amd64/jre/lib/amd64/libverify.so
7f7a2268c000-7f7a2268f000 r--p 0000e000 08:01 20587072                   /usr/lib/jvm/java-7-openjdk-amd64/jre/lib/amd64/libverify.so
7f7a2268f000-7f7a22690000 rw-p 00011000 08:01 20587072                   /usr/lib/jvm/java-7-openjdk-amd64/jre/lib/amd64/libverify.so
7f7a22690000-7f7a22697000 r-xp 00000000 08:01 22024475                   /lib/x86_64-linux-gnu/librt-2.21.so
7f7a22697000-7f7a22896000 ---p 00007000 08:01 22024475                   /lib/x86_64-linux-gnu/librt-2.21.so
7f7a22896000-7f7a22897000 r--p 00006000 08:01 22024475                   /lib/x86_64-linux-gnu/librt-2.21.so
7f7a22897000-7f7a22898000 rw-p 00007000 08:01 22024475                   /lib/x86_64-linux-gnu/librt-2.21.so
7f7a22898000-7f7a228ae000 r-xp 00000000 08:01 22024363                   /lib/x86_64-linux-gnu/libgcc_s.so.1
7f7a228ae000-7f7a22aad000 ---p 00016000 08:01 22024363                   /lib/x86_64-linux-gnu/libgcc_s.so.1
7f7a22aad000-7f7a22aae000 rw-p 00015000 08:01 22024363                   /lib/x86_64-linux-gnu/libgcc_s.so.1
7f7a22aae000-7f7a22bb5000 r-xp 00000000 08:01 22024393                   /lib/x86_64-linux-gnu/libm-2.21.so
7f7a22bb5000-7f7a22db4000 ---p 00107000 08:01 22024393                   /lib/x86_64-linux-gnu/libm-2.21.so
7f7a22db4000-7f7a22db5000 r--p 00106000 08:01 22024393                   /lib/x86_64-linux-gnu/libm-2.21.so
7f7a22db5000-7f7a22db6000 rw-p 00107000 08:01 22024393                   /lib/x86_64-linux-gnu/libm-2.21.so
7f7a22db6000-7f7a22ea6000 r-xp 00000000 08:01 20456311                   /usr/lib/x86_64-linux-gnu/libstdc++.so.6.0.20
7f7a22ea6000-7f7a230a6000 ---p 000f0000 08:01 20456311                   /usr/lib/x86_64-linux-gnu/libstdc++.so.6.0.20
7f7a230a6000-7f7a230ae000 r--p 000f0000 08:01 20456311                   /usr/lib/x86_64-linux-gnu/libstdc++.so.6.0.20
7f7a230ae000-7f7a230b0000 rw-p 000f8000 08:01 20456311                   /usr/lib/x86_64-linux-gnu/libstdc++.so.6.0.20
7f7a230b0000-7f7a230c5000 rw-p 00000000 00:00 0 
7f7a230c5000-7f7a23c1d000 r-xp 00000000 08:01 20587060                   /usr/lib/jvm/java-7-openjdk-amd64/jre/lib/amd64/server/libjvm.so
7f7a23c1d000-7f7a23e1c000 ---p 00b58000 08:01 20587060                   /usr/lib/jvm/java-7-openjdk-amd64/jre/lib/amd64/server/libjvm.so
7f7a23e1c000-7f7a23ebb000 r--p 00b57000 08:01 20587060                   /usr/lib/jvm/java-7-openjdk-amd64/jre/lib/amd64/server/libjvm.so
7f7a23ebb000-7f7a23ede000 rw-p 00bf6000 08:01 20587060                   /usr/lib/jvm/java-7-openjdk-amd64/jre/lib/amd64/server/libjvm.so
7f7a23ede000-7f7a23f0b000 rw-p 00000000 00:00 0 
7f7a23f0b000-7f7a23f24000 r-xp 00000000 08:01 22024508                   /lib/x86_64-linux-gnu/libz.so.1.2.8
7f7a23f24000-7f7a24124000 ---p 00019000 08:01 22024508                   /lib/x86_64-linux-gnu/libz.so.1.2.8
7f7a24124000-7f7a24125000 r--p 00019000 08:01 22024508                   /lib/x86_64-linux-gnu/libz.so.1.2.8
7f7a24125000-7f7a24126000 rw-p 0001a000 08:01 22024508                   /lib/x86_64-linux-gnu/libz.so.1.2.8
7f7a24126000-7f7a2413e000 r-xp 00000000 08:01 22024467                   /lib/x86_64-linux-gnu/libpthread-2.21.so
7f7a2413e000-7f7a2433e000 ---p 00018000 08:01 22024467                   /lib/x86_64-linux-gnu/libpthread-2.21.so
7f7a2433e000-7f7a2433f000 r--p 00018000 08:01 22024467                   /lib/x86_64-linux-gnu/libpthread-2.21.so
7f7a2433f000-7f7a24340000 rw-p 00019000 08:01 22024467                   /lib/x86_64-linux-gnu/libpthread-2.21.so
7f7a24340000-7f7a24344000 rw-p 00000000 00:00 0 
7f7a24344000-7f7a24347000 r-xp 00000000 08:01 22024351                   /lib/x86_64-linux-gnu/libdl-2.21.so
7f7a24347000-7f7a24546000 ---p 00003000 08:01 22024351                   /lib/x86_64-linux-gnu/libdl-2.21.so
7f7a24546000-7f7a24547000 r--p 00002000 08:01 22024351                   /lib/x86_64-linux-gnu/libdl-2.21.so
7f7a24547000-7f7a24548000 rw-p 00003000 08:01 22024351                   /lib/x86_64-linux-gnu/libdl-2.21.so
7f7a24548000-7f7a24708000 r-xp 00000000 08:01 22024334                   /lib/x86_64-linux-gnu/libc-2.21.so
7f7a24708000-7f7a24908000 ---p 001c0000 08:01 22024334                   /lib/x86_64-linux-gnu/libc-2.21.so
7f7a24908000-7f7a2490c000 r--p 001c0000 08:01 22024334                   /lib/x86_64-linux-gnu/libc-2.21.so
7f7a2490c000-7f7a2490e000 rw-p 001c4000 08:01 22024334                   /lib/x86_64-linux-gnu/libc-2.21.so
7f7a2490e000-7f7a24912000 rw-p 00000000 00:00 0 
7f7a24912000-7f7a2491f000 r-xp 00000000 08:01 20587057                   /usr/lib/jvm/java-7-openjdk-amd64/jre/lib/amd64/jli/libjli.so
7f7a2491f000-7f7a24b1e000 ---p 0000d000 08:01 20587057                   /usr/lib/jvm/java-7-openjdk-amd64/jre/lib/amd64/jli/libjli.so
7f7a24b1e000-7f7a24b1f000 r--p 0000c000 08:01 20587057                   /usr/lib/jvm/java-7-openjdk-amd64/jre/lib/amd64/jli/libjli.so
7f7a24b1f000-7f7a24b20000 rw-p 0000d000 08:01 20587057                   /usr/lib/jvm/java-7-openjdk-amd64/jre/lib/amd64/jli/libjli.so
7f7a24b20000-7f7a24b44000 r-xp 00000000 08:01 22024306                   /lib/x86_64-linux-gnu/ld-2.21.so
7f7a24b4c000-7f7a24b4d000 rw-p 00000000 00:00 0 
7f7a24b4d000-7f7a24b5c000 r--s 000dd000 08:01 21636737                   /home/sharan/Android/Sdk/build-tools/21.1.2/lib/dx.jar
7f7a24b5c000-7f7a24b6c000 rw-p 00000000 00:00 0 
7f7a24b6c000-7f7a24c1c000 rw-p 00000000 00:00 0 
7f7a24c1c000-7f7a24c1f000 ---p 00000000 00:00 0 
7f7a24c1f000-7f7a24d22000 rw-p 00000000 00:00 0                          [stack:23995]
7f7a24d22000-7f7a24d23000 r--s 00000000 08:01 20979860                   /usr/share/java/jayatanaag.jar
7f7a24d23000-7f7a24d27000 r--s 00034000 08:01 20587040                   /usr/lib/jvm/java-7-openjdk-amd64/jre/lib/ext/sunjce_provider.jar
7f7a24d27000-7f7a24d2b000 r--s 0003c000 08:01 20587041                   /usr/lib/jvm/java-7-openjdk-amd64/jre/lib/ext/sunpkcs11.jar
7f7a24d2b000-7f7a24d2e000 r--s 0000f000 08:01 20587042                   /usr/lib/jvm/java-7-openjdk-amd64/jre/lib/ext/icedtea-sound.jar
7f7a24d2e000-7f7a24d32000 r--s 00085000 08:01 20587038                   /usr/lib/jvm/java-7-openjdk-amd64/jre/lib/ext/localedata.jar
7f7a24d32000-7f7a24d34000 r--s 00012000 08:01 20587043                   /usr/lib/jvm/java-7-openjdk-amd64/jre/lib/ext/zipfs.jar
7f7a24d34000-7f7a24d36000 r--s 00006000 08:01 20971724                   /usr/share/java/java-atk-wrapper.jar
7f7a24d36000-7f7a24d37000 r--s 00002000 08:01 20587039                   /usr/lib/jvm/java-7-openjdk-amd64/jre/lib/ext/dnsns.jar
7f7a24d37000-7f7a24d3f000 rw-s 00000000 08:01 3016721                    /tmp/hsperfdata_sharan/23993
7f7a24d3f000-7f7a24d40000 rw-p 00000000 00:00 0 
7f7a24d40000-7f7a24d41000 ---p 00000000 00:00 0 
7f7a24d41000-7f7a24d43000 rw-p 00000000 00:00 0 
7f7a24d43000-7f7a24d44000 r--p 00023000 08:01 22024306                   /lib/x86_64-linux-gnu/ld-2.21.so
7f7a24d44000-7f7a24d45000 rw-p 00024000 08:01 22024306                   /lib/x86_64-linux-gnu/ld-2.21.so
7f7a24d45000-7f7a24d46000 rw-p 00000000 00:00 0 
7ffc0eb90000-7ffc0ebb1000 rw-p 00000000 00:00 0                          [stack]
7ffc0ebec000-7ffc0ebee000 r--p 00000000 00:00 0                          [vvar]
7ffc0ebee000-7ffc0ebf0000 r-xp 00000000 00:00 0                          [vdso]
ffffffffff600000-ffffffffff601000 r-xp 00000000 00:00 0                  [vsyscall]

VM Arguments:
jvm_args: -javaagent:/usr/share/java/jayatanaag.jar -Xmx4g -Dfile.encoding=UTF-8 -Duser.country=IN -Duser.language=en -Duser.variant 
java_command: com.android.dx.command.Main --dex --force-jumbo --multi-dex --main-dex-list /home/sharan/AndroidStudioProjects/Muser/muser/build/intermediates/multi-dex/debug/maindexlist.txt --output /home/sharan/AndroidStudioProjects/Muser/muser/build/intermediates/dex/debug /home/sharan/AndroidStudioProjects/Muser/muser/build/intermediates/multi-dex/debug/allclasses.jar
Launcher Type: SUN_STANDARD

Environment Variables:
JAVA_HOME=/usr/lib/jvm/java-8-oracle
JAVA_TOOL_OPTIONS=-javaagent:/usr/share/java/jayatanaag.jar 
PATH=/usr/local/sbin:/usr/local/bin:/usr/sbin:/usr/bin:/sbin:/bin:/usr/games:/usr/local/games:/usr/lib/jvm/java-8-oracle/bin:/usr/lib/jvm/java-8-oracle/db/bin:/usr/lib/jvm/java-8-oracle/jre/bin
LD_LIBRARY_PATH=/opt/android-studio/bin:
SHELL=/bin/bash
DISPLAY=:0

Signal Handlers:
SIGSEGV: [libjvm.so+0x98ac50], sa_mask[0]=0x7ffbfeff, sa_flags=0x10000004
SIGBUS: [libjvm.so+0x98ac50], sa_mask[0]=0x7ffbfeff, sa_flags=0x10000004
SIGFPE: [libjvm.so+0x7f8ab0], sa_mask[0]=0x7ffbfeff, sa_flags=0x10000004
SIGPIPE: [libjvm.so+0x7f8ab0], sa_mask[0]=0x7ffbfeff, sa_flags=0x10000004
SIGXFSZ: [libjvm.so+0x7f8ab0], sa_mask[0]=0x7ffbfeff, sa_flags=0x10000004
SIGILL: [libjvm.so+0x7f8ab0], sa_mask[0]=0x7ffbfeff, sa_flags=0x10000004
SIGUSR1: SIG_DFL, sa_mask[0]=0x00000000, sa_flags=0x00000000
SIGUSR2: [libjvm.so+0x7f8930], sa_mask[0]=0x00000004, sa_flags=0x10000004
SIGHUP: [libjvm.so+0x7f8b30], sa_mask[0]=0x7ffbfeff, sa_flags=0x10000004
SIGINT: [libjvm.so+0x7f8b30], sa_mask[0]=0x7ffbfeff, sa_flags=0x10000004
SIGTERM: [libjvm.so+0x7f8b30], sa_mask[0]=0x7ffbfeff, sa_flags=0x10000004
SIGQUIT: [libjvm.so+0x7f8b30], sa_mask[0]=0x7ffbfeff, sa_flags=0x10000004
SIGTRAP: SIG_DFL, sa_mask[0]=0x00000000, sa_flags=0x00000000


---------------  S Y S T E M  ---------------

OS:Ubuntu 15.04 (vivid)
uname:Linux 3.19.0-26-generic #28-Ubuntu SMP Tue Aug 11 14:16:32 UTC 2015 x86_64
libc:glibc 2.21 NPTL 2.21 
rlimit: STACK 8192k, CORE 0k, NPROC 31366, NOFILE 65536, AS infinity
load average:6.11 7.61 4.98

/proc/meminfo:
MemTotal:        8052020 kB
MemFree:          125920 kB
MemAvailable:     127620 kB
Buffers:           16596 kB
Cached:          1117500 kB
SwapCached:            0 kB
Active:          6782856 kB
Inactive:         943152 kB
Active(anon):    6717680 kB
Inactive(anon):   888064 kB
Active(file):      65176 kB
Inactive(file):    55088 kB
Unevictable:          32 kB
Mlocked:              32 kB
SwapTotal:             0 kB
SwapFree:              0 kB
Dirty:               256 kB
Writeback:             0 kB
AnonPages:       6591984 kB
Mapped:           445220 kB
Shmem:           1013840 kB
Slab:              93240 kB
SReclaimable:      52080 kB
SUnreclaim:        41160 kB
KernelStack:       12240 kB
PageTables:        51492 kB
NFS_Unstable:          0 kB
Bounce:                0 kB
WritebackTmp:          0 kB
CommitLimit:     4026008 kB
Committed_AS:   16456868 kB
VmallocTotal:   34359738367 kB
VmallocUsed:      360012 kB
VmallocChunk:   34359293428 kB
HardwareCorrupted:     0 kB
AnonHugePages:   3262464 kB
CmaTotal:              0 kB
CmaFree:               0 kB
HugePages_Total:       0
HugePages_Free:        0
HugePages_Rsvd:        0
HugePages_Surp:        0
Hugepagesize:       2048 kB
DirectMap4k:      201788 kB
DirectMap2M:     8062976 kB
DirectMap1G:           0 kB


CPU:total 4 (2 cores per cpu, 2 threads per core) family 6 model 60 stepping 3, cmov, cx8, fxsr, mmx, sse, sse2, sse3, ssse3, sse4.1, sse4.2, popcnt, avx, avx2, aes, erms, ht, tsc, tscinvbit

/proc/cpuinfo:
processor	: 0
vendor_id	: GenuineIntel
cpu family	: 6
model		: 60
model name	: Intel(R) Core(TM) i3-4150 CPU @ 3.50GHz
stepping	: 3
microcode	: 0x12
cpu MHz		: 3499.863
cache size	: 3072 KB
physical id	: 0
siblings	: 4
core id		: 0
cpu cores	: 2
apicid		: 0
initial apicid	: 0
fpu		: yes
fpu_exception	: yes
cpuid level	: 13
wp		: yes
flags		: fpu vme de pse tsc msr pae mce cx8 apic sep mtrr pge mca cmov pat pse36 clflush dts acpi mmx fxsr sse sse2 ss ht tm pbe syscall nx pdpe1gb rdtscp lm constant_tsc arch_perfmon pebs bts rep_good nopl xtopology nonstop_tsc aperfmperf eagerfpu pni pclmulqdq dtes64 monitor ds_cpl vmx est tm2 ssse3 fma cx16 xtpr pdcm pcid sse4_1 sse4_2 movbe popcnt tsc_deadline_timer aes xsave avx f16c rdrand lahf_lm abm arat pln pts dtherm tpr_shadow vnmi flexpriority ept vpid fsgsbase tsc_adjust bmi1 avx2 smep bmi2 erms invpcid xsaveopt
bugs		:
bogomips	: 6983.79
clflush size	: 64
cache_alignment	: 64
address sizes	: 39 bits physical, 48 bits virtual
power management:

processor	: 1
vendor_id	: GenuineIntel
cpu family	: 6
model		: 60
model name	: Intel(R) Core(TM) i3-4150 CPU @ 3.50GHz
stepping	: 3
microcode	: 0x12
cpu MHz		: 3500.000
cache size	: 3072 KB
physical id	: 0
siblings	: 4
core id		: 1
cpu cores	: 2
apicid		: 2
initial apicid	: 2
fpu		: yes
fpu_exception	: yes
cpuid level	: 13
wp		: yes
flags		: fpu vme de pse tsc msr pae mce cx8 apic sep mtrr pge mca cmov pat pse36 clflush dts acpi mmx fxsr sse sse2 ss ht tm pbe syscall nx pdpe1gb rdtscp lm constant_tsc arch_perfmon pebs bts rep_good nopl xtopology nonstop_tsc aperfmperf eagerfpu pni pclmulqdq dtes64 monitor ds_cpl vmx est tm2 ssse3 fma cx16 xtpr pdcm pcid sse4_1 sse4_2 movbe popcnt tsc_deadline_timer aes xsave avx f16c rdrand lahf_lm abm arat pln pts dtherm tpr_shadow vnmi flexpriority ept vpid fsgsbase tsc_adjust bmi1 avx2 smep bmi2 erms invpcid xsaveopt
bugs		:
bogomips	: 6983.79
clflush size	: 64
cache_alignment	: 64
address sizes	: 39 bits physical, 48 bits virtual
power management:

processor	: 2
vendor_id	: GenuineIntel
cpu family	: 6
model		: 60
model name	: Intel(R) Core(TM) i3-4150 CPU @ 3.50GHz
stepping	: 3
microcode	: 0x12
cpu MHz		: 3500.000
cache size	: 3072 KB
physical id	: 0
siblings	: 4
core id		: 0
cpu cores	: 2
apicid		: 1
initial apicid	: 1
fpu		: yes
fpu_exception	: yes
cpuid level	: 13
wp		: yes
flags		: fpu vme de pse tsc msr pae mce cx8 apic sep mtrr pge mca cmov pat pse36 clflush dts acpi mmx fxsr sse sse2 ss ht tm pbe syscall nx pdpe1gb rdtscp lm constant_tsc arch_perfmon pebs bts rep_good nopl xtopology nonstop_tsc aperfmperf eagerfpu pni pclmulqdq dtes64 monitor ds_cpl vmx est tm2 ssse3 fma cx16 xtpr pdcm pcid sse4_1 sse4_2 movbe popcnt tsc_deadline_timer aes xsave avx f16c rdrand lahf_lm abm arat pln pts dtherm tpr_shadow vnmi flexpriority ept vpid fsgsbase tsc_adjust bmi1 avx2 smep bmi2 erms invpcid xsaveopt
bugs		:
bogomips	: 6983.79
clflush size	: 64
cache_alignment	: 64
address sizes	: 39 bits physical, 48 bits virtual
power management:

processor	: 3
vendor_id	: GenuineIntel
cpu family	: 6
model		: 60
model name	: Intel(R) Core(TM) i3-4150 CPU @ 3.50GHz
stepping	: 3
microcode	: 0x12
cpu MHz		: 3500.000
cache size	: 3072 KB
physical id	: 0
siblings	: 4
core id		: 1
cpu cores	: 2
apicid		: 3
initial apicid	: 3
fpu		: yes
fpu_exception	: yes
cpuid level	: 13
wp		: yes
flags		: fpu vme de pse tsc msr pae mce cx8 apic sep mtrr pge mca cmov pat pse36 clflush dts acpi mmx fxsr sse sse2 ss ht tm pbe syscall nx pdpe1gb rdtscp lm constant_tsc arch_perfmon pebs bts rep_good nopl xtopology nonstop_tsc aperfmperf eagerfpu pni pclmulqdq dtes64 monitor ds_cpl vmx est tm2 ssse3 fma cx16 xtpr pdcm pcid sse4_1 sse4_2 movbe popcnt tsc_deadline_timer aes xsave avx f16c rdrand lahf_lm abm arat pln pts dtherm tpr_shadow vnmi flexpriority ept vpid fsgsbase tsc_adjust bmi1 avx2 smep bmi2 erms invpcid xsaveopt
bugs		:
bogomips	: 6983.79
clflush size	: 64
cache_alignment	: 64
address sizes	: 39 bits physical, 48 bits virtual
power management:



Memory: 4k page, physical 8052020k(125920k free), swap 0k(0k free)

vm_info: OpenJDK 64-Bit Server VM (24.79-b02) for linux-amd64 JRE (1.7.0_79-b14), built on Jul 24 2015 05:24:39 by "buildd" with gcc 4.9.2

time: Tue Oct 20 17:07:09 2015
elapsed time: 22 seconds

