#
# There is insufficient memory for the Java Runtime Environment to continue.
# Native memory allocation (malloc) failed to allocate 235405312 bytes for committing reserved memory.
# Possible reasons:
#   The system is out of physical RAM or swap space
#   In 32 bit mode, the process size limit was hit
# Possible solutions:
#   Reduce memory load on the system
#   Increase physical memory or swap space
#   Check if swap backing store is full
#   Use 64 bit Java on a 64 bit OS
#   Decrease Java heap size (-Xmx/-Xms)
#   Decrease number of Java threads
#   Decrease Java thread stack sizes (-Xss)
#   Set larger code cache with -XX:ReservedCodeCacheSize=
# This output file may be truncated or incomplete.
#
#  Out of Memory Error (os_linux.cpp:2809), pid=11568, tid=139961988781824
#
# JRE version: OpenJDK Runtime Environment (7.0_79-b14) (build 1.7.0_79-b14)
# Java VM: OpenJDK 64-Bit Server VM (24.79-b02 mixed mode linux-amd64 compressed oops)
# Derivative: IcedTea 2.5.6
# Distribution: Ubuntu 15.04, package 7u79-2.5.6-0ubuntu1.15.04.1
# Failed to write core dump. Core dumps have been disabled. To enable core dumping, try "ulimit -c unlimited" before starting Java again
#

---------------  T H R E A D  ---------------

Current thread (0x00007f4b7413e000):  VMThread [stack: 0x00007f4b708f9000,0x00007f4b709fa000] [id=11578]

Stack: [0x00007f4b708f9000,0x00007f4b709fa000],  sp=0x00007f4b709f84c0,  free space=1021k
Native frames: (J=compiled Java code, j=interpreted, Vv=VM code, C=native code)
V  [libjvm.so+0x98a166]  VMError::report_and_die()+0x186
V  [libjvm.so+0x48f932]  report_vm_out_of_memory(char const*, int, unsigned long, char const*)+0x92
V  [libjvm.so+0x7fd56b]  os::pd_commit_memory(char*, unsigned long, unsigned long, bool)+0xeb
V  [libjvm.so+0x7f7c4e]  os::commit_memory(char*, unsigned long, unsigned long, bool)+0x2e
V  [libjvm.so+0x86a56b]  PSVirtualSpace::expand_by(unsigned long)+0x5b
V  [libjvm.so+0x858d5a]  PSOldGen::expand_by(unsigned long) [clone .part.29]+0x2a
V  [libjvm.so+0x858f10]  PSOldGen::expand(unsigned long) [clone .part.30]+0xc0
V  [libjvm.so+0x859ea8]  PSOldGen::resize(unsigned long)+0x198
V  [libjvm.so+0x861524]  PSParallelCompact::invoke_no_policy(bool) [clone .part.122]+0x994
V  [libjvm.so+0x867e85]  PSScavenge::invoke()+0x1a5
V  [libjvm.so+0x81fb73]  ParallelScavengeHeap::failed_mem_allocate(unsigned long)+0x63
V  [libjvm.so+0x98ba32]  VM_ParallelGCFailedAllocation::doit()+0x92
V  [libjvm.so+0x9902e7]  VM_Operation::evaluate()+0x47
V  [libjvm.so+0x98e8cb]  VMThread::evaluate_operation(VM_Operation*)+0xab
V  [libjvm.so+0x98ef76]  VMThread::loop()+0x1e6
V  [libjvm.so+0x98f441]  VMThread::run()+0x81
V  [libjvm.so+0x7fa492]  java_start(Thread*)+0xf2

VM_Operation (0x00007f4b7de6cf60): ParallelGCFailedAllocation, mode: safepoint, requested by thread 0x00007f4b7400b000


---------------  P R O C E S S  ---------------

Java Threads: ( => current thread )
  0x00007f4b741d2000 JavaThread "Service Thread" daemon [_thread_blocked, id=11584, stack(0x00007f4b56b67000,0x00007f4b56c68000)]
  0x00007f4b741c8800 JavaThread "C2 CompilerThread1" daemon [_thread_blocked, id=11583, stack(0x00007f4b56c68000,0x00007f4b56d69000)]
  0x00007f4b741c6800 JavaThread "C2 CompilerThread0" daemon [_thread_blocked, id=11582, stack(0x00007f4b56d69000,0x00007f4b56e6a000)]
  0x00007f4b7416f800 JavaThread "Signal Dispatcher" daemon [_thread_blocked, id=11581, stack(0x00007f4b579cf000,0x00007f4b57ad0000)]
  0x00007f4b74144800 JavaThread "Finalizer" daemon [_thread_blocked, id=11580, stack(0x00007f4b706f7000,0x00007f4b707f8000)]
  0x00007f4b74142800 JavaThread "Reference Handler" daemon [_thread_blocked, id=11579, stack(0x00007f4b707f8000,0x00007f4b708f9000)]
  0x00007f4b7400b000 JavaThread "main" [_thread_blocked, id=11573, stack(0x00007f4b7dd6e000,0x00007f4b7de6f000)]

Other Threads:
=>0x00007f4b7413e000 VMThread [stack: 0x00007f4b708f9000,0x00007f4b709fa000] [id=11578]
  0x00007f4b741dc800 WatcherThread [stack: 0x00007f4b56a66000,0x00007f4b56b67000] [id=11585]

VM state:at safepoint (normal execution)

VM Mutex/Monitor currently owned by a thread:  ([mutex/lock_event])
[0x00007f4b74007310] ExpandHeap_lock - owner thread: 0x00007f4b7413e000
[0x00007f4b74007990] Threads_lock - owner thread: 0x00007f4b7413e000
[0x00007f4b74007e90] Heap_lock - owner thread: 0x00007f4b7400b000

Heap
 PSYoungGen      total 824832K, used 73267K [0x00000007aaa80000, 0x00000007ec700000, 0x0000000800000000)
  eden space 615424K, 0% used [0x00000007aaa80000,0x00000007aaa80000,0x00000007d0380000)
  from space 209408K, 34% used [0x00000007dd400000,0x00000007e1b8ce48,0x00000007ea080000)
  to   space 213504K, 0% used [0x00000007d0380000,0x00000007d0380000,0x00000007dd400000)
 ParOldGen       total 460800K, used 460691K [0x0000000700000000, 0x000000071c200000, 0x00000007aaa80000)
  object space 460800K, 99% used [0x0000000700000000,0x000000071c1e4eb8,0x000000071c200000)
 PSPermGen       total 21504K, used 6279K [0x00000006f5a00000, 0x00000006f6f00000, 0x0000000700000000)
  object space 21504K, 29% used [0x00000006f5a00000,0x00000006f6021f48,0x00000006f6f00000)

Card table byte_map: [0x00007f4b79efd000,0x00007f4b7a751000] byte_map_base: 0x00007f4b76750000

Polling page: 0x00007f4b7de92000

Code Cache  [0x00007f4b71000000, 0x00007f4b71400000, 0x00007f4b74000000)
 total_blobs=1286 nmethods=1056 adapters=183 free_code_cache=45454Kb largest_free_block=46186304

Compilation events (10 events):
Event: 19.533 Thread 0x00007f4b741c6800 1113             java.lang.ref.Finalizer::register (10 bytes)
Event: 19.535 Thread 0x00007f4b741c6800 nmethod 1113 0x00007f4b71323150 code [0x00007f4b713232c0, 0x00007f4b71323678]
Event: 19.535 Thread 0x00007f4b741c6800 1114             java.lang.ref.Finalizer::<init> (23 bytes)
Event: 19.537 Thread 0x00007f4b741c6800 nmethod 1114 0x00007f4b710c0f90 code [0x00007f4b710c10e0, 0x00007f4b710c1438]
Event: 19.537 Thread 0x00007f4b741c6800 1115             java.lang.ref.FinalReference::<init> (7 bytes)
Event: 19.537 Thread 0x00007f4b741c6800 nmethod 1115 0x00007f4b710c0d10 code [0x00007f4b710c0e40, 0x00007f4b710c0ef8]
Event: 19.537 Thread 0x00007f4b741c6800 1116   !         java.lang.ref.Finalizer::add (41 bytes)
Event: 19.539 Thread 0x00007f4b741c6800 nmethod 1116 0x00007f4b712df190 code [0x00007f4b712df2e0, 0x00007f4b712df5b8]
Event: 19.595 Thread 0x00007f4b741c6800 1117   !         java.util.zip.Inflater::ended (32 bytes)
Event: 19.596 Thread 0x00007f4b741c6800 nmethod 1117 0x00007f4b712decd0 code [0x00007f4b712dee20, 0x00007f4b712df098]

GC Heap History (10 events):
Event: 15.311 GC heap after
Heap after GC invocations=17 (full 3):
 PSYoungGen      total 586240K, used 7340K [0x00000007aaa80000, 0x00000007d8480000, 0x0000000800000000)
  eden space 455680K, 0% used [0x00000007aaa80000,0x00000007aaa80000,0x00000007c6780000)
  from space 130560K, 5% used [0x00000007ced80000,0x00000007cf4ab308,0x00000007d6d00000)
  to   space 137216K, 0% used [0x00000007c6780000,0x00000007c6780000,0x00000007ced80000)
 ParOldGen       total 458240K, used 292284K [0x0000000700000000, 0x000000071bf80000, 0x00000007aaa80000)
  object space 458240K, 63% used [0x0000000700000000,0x0000000711d6f370,0x000000071bf80000)
 PSPermGen       total 21504K, used 6203K [0x00000006f5a00000, 0x00000006f6f00000, 0x0000000700000000)
  object space 21504K, 28% used [0x00000006f5a00000,0x00000006f600ef60,0x00000006f6f00000)
}
Event: 16.245 GC heap before
{Heap before GC invocations=18 (full 3):
 PSYoungGen      total 586240K, used 463020K [0x00000007aaa80000, 0x00000007d8480000, 0x0000000800000000)
  eden space 455680K, 100% used [0x00000007aaa80000,0x00000007c6780000,0x00000007c6780000)
  from space 130560K, 5% used [0x00000007ced80000,0x00000007cf4ab308,0x00000007d6d00000)
  to   space 137216K, 0% used [0x00000007c6780000,0x00000007c6780000,0x00000007ced80000)
 ParOldGen       total 458240K, used 292284K [0x0000000700000000, 0x000000071bf80000, 0x00000007aaa80000)
  object space 458240K, 63% used [0x0000000700000000,0x0000000711d6f370,0x000000071bf80000)
 PSPermGen       total 21504K, used 6218K [0x00000006f5a00000, 0x00000006f6f00000, 0x0000000700000000)
  object space 21504K, 28% used [0x00000006f5a00000,0x00000006f6012890,0x00000006f6f00000)
Event: 16.372 GC heap after
Heap after GC invocations=18 (full 3):
 PSYoungGen      total 592896K, used 71141K [0x00000007aaa80000, 0x00000007dcd80000, 0x0000000800000000)
  eden space 455680K, 0% used [0x00000007aaa80000,0x00000007aaa80000,0x00000007c6780000)
  from space 137216K, 51% used [0x00000007c6780000,0x00000007cacf9708,0x00000007ced80000)
  to   space 135680K, 0% used [0x00000007d4900000,0x00000007d4900000,0x00000007dcd80000)
 ParOldGen       total 458240K, used 292284K [0x0000000700000000, 0x000000071bf80000, 0x00000007aaa80000)
  object space 458240K, 63% used [0x0000000700000000,0x0000000711d6f370,0x000000071bf80000)
 PSPermGen       total 21504K, used 6218K [0x00000006f5a00000, 0x00000006f6f00000, 0x0000000700000000)
  object space 21504K, 28% used [0x00000006f5a00000,0x00000006f6012890,0x00000006f6f00000)
}
Event: 17.202 GC heap before
{Heap before GC invocations=19 (full 3):
 PSYoungGen      total 592896K, used 526821K [0x00000007aaa80000, 0x00000007dcd80000, 0x0000000800000000)
  eden space 455680K, 100% used [0x00000007aaa80000,0x00000007c6780000,0x00000007c6780000)
  from space 137216K, 51% used [0x00000007c6780000,0x00000007cacf9708,0x00000007ced80000)
  to   space 135680K, 0% used [0x00000007d4900000,0x00000007d4900000,0x00000007dcd80000)
 ParOldGen       total 458240K, used 292284K [0x0000000700000000, 0x000000071bf80000, 0x00000007aaa80000)
  object space 458240K, 63% used [0x0000000700000000,0x0000000711d6f370,0x000000071bf80000)
 PSPermGen       total 21504K, used 6236K [0x00000006f5a00000, 0x00000006f6f00000, 0x0000000700000000)
  object space 21504K, 29% used [0x00000006f5a00000,0x00000006f60173a0,0x00000006f6f00000)
Event: 17.422 GC heap after
Heap after GC invocations=19 (full 3):
 PSYoungGen      total 662016K, used 135674K [0x00000007aaa80000, 0x00000007e0e80000, 0x0000000800000000)
  eden space 526336K, 0% used [0x00000007aaa80000,0x00000007aaa80000,0x00000007cac80000)
  from space 135680K, 99% used [0x00000007d4900000,0x00000007dcd7e868,0x00000007dcd80000)
  to   space 160256K, 0% used [0x00000007cac80000,0x00000007cac80000,0x00000007d4900000)
 ParOldGen       total 458240K, used 300419K [0x0000000700000000, 0x000000071bf80000, 0x00000007aaa80000)
  object space 458240K, 65% used [0x0000000700000000,0x0000000712560c28,0x000000071bf80000)
 PSPermGen       total 21504K, used 6236K [0x00000006f5a00000, 0x00000006f6f00000, 0x0000000700000000)
  object space 21504K, 29% used [0x00000006f5a00000,0x00000006f60173a0,0x00000006f6f00000)
}
Event: 18.458 GC heap before
{Heap before GC invocations=20 (full 3):
 PSYoungGen      total 662016K, used 662010K [0x00000007aaa80000, 0x00000007e0e80000, 0x0000000800000000)
  eden space 526336K, 100% used [0x00000007aaa80000,0x00000007cac80000,0x00000007cac80000)
  from space 135680K, 99% used [0x00000007d4900000,0x00000007dcd7e868,0x00000007dcd80000)
  to   space 160256K, 0% used [0x00000007cac80000,0x00000007cac80000,0x00000007d4900000)
 ParOldGen       total 458240K, used 300419K [0x0000000700000000, 0x000000071bf80000, 0x00000007aaa80000)
  object space 458240K, 65% used [0x0000000700000000,0x0000000712560c28,0x000000071bf80000)
 PSPermGen       total 21504K, used 6277K [0x00000006f5a00000, 0x00000006f6f00000, 0x0000000700000000)
  object space 21504K, 29% used [0x00000006f5a00000,0x00000006f6021698,0x00000006f6f00000)
Event: 18.693 GC heap after
Heap after GC invocations=20 (full 3):
 PSYoungGen      total 686592K, used 160235K [0x00000007aaa80000, 0x00000007ea080000, 0x0000000800000000)
  eden space 526336K, 0% used [0x00000007aaa80000,0x00000007aaa80000,0x00000007cac80000)
  from space 160256K, 99% used [0x00000007cac80000,0x00000007d48faf40,0x00000007d4900000)
  to   space 209408K, 0% used [0x00000007dd400000,0x00000007dd400000,0x00000007ea080000)
 ParOldGen       total 458240K, used 362126K [0x0000000700000000, 0x000000071bf80000, 0x00000007aaa80000)
  object space 458240K, 79% used [0x0000000700000000,0x00000007161a3ba0,0x000000071bf80000)
 PSPermGen       total 21504K, used 6277K [0x00000006f5a00000, 0x00000006f6f00000, 0x0000000700000000)
  object space 21504K, 29% used [0x00000006f5a00000,0x00000006f6021698,0x00000006f6f00000)
}
Event: 19.690 GC heap before
{Heap before GC invocations=21 (full 3):
 PSYoungGen      total 686592K, used 686571K [0x00000007aaa80000, 0x00000007ea080000, 0x0000000800000000)
  eden space 526336K, 100% used [0x00000007aaa80000,0x00000007cac80000,0x00000007cac80000)
  from space 160256K, 99% used [0x00000007cac80000,0x00000007d48faf40,0x00000007d4900000)
  to   space 209408K, 0% used [0x00000007dd400000,0x00000007dd400000,0x00000007ea080000)
 ParOldGen       total 458240K, used 362126K [0x0000000700000000, 0x000000071bf80000, 0x00000007aaa80000)
  object space 458240K, 79% used [0x0000000700000000,0x00000007161a3ba0,0x000000071bf80000)
 PSPermGen       total 21504K, used 6280K [0x00000006f5a00000, 0x00000006f6f00000, 0x0000000700000000)
  object space 21504K, 29% used [0x00000006f5a00000,0x00000006f6022008,0x00000006f6f00000)
Event: 21.185 GC heap after
Heap after GC invocations=21 (full 3):
 PSYoungGen      total 824832K, used 125835K [0x00000007aaa80000, 0x00000007ec700000, 0x0000000800000000)
  eden space 615424K, 0% used [0x00000007aaa80000,0x00000007aaa80000,0x00000007d0380000)
  from space 209408K, 60% used [0x00000007dd400000,0x00000007e4ee2c40,0x00000007ea080000)
  to   space 213504K, 0% used [0x00000007d0380000,0x00000007d0380000,0x00000007dd400000)
 ParOldGen       total 460800K, used 459585K [0x0000000700000000, 0x000000071c200000, 0x00000007aaa80000)
  object space 460800K, 99% used [0x0000000700000000,0x000000071c0d0488,0x000000071c200000)
 PSPermGen       total 21504K, used 6280K [0x00000006f5a00000, 0x00000006f6f00000, 0x0000000700000000)
  object space 21504K, 29% used [0x00000006f5a00000,0x00000006f6022008,0x00000006f6f00000)
}
Event: 21.215 GC heap before
{Heap before GC invocations=22 (full 4):
 PSYoungGen      total 824832K, used 125835K [0x00000007aaa80000, 0x00000007ec700000, 0x0000000800000000)
  eden space 615424K, 0% used [0x00000007aaa80000,0x00000007aaa80000,0x00000007d0380000)
  from space 209408K, 60% used [0x00000007dd400000,0x00000007e4ee2c40,0x00000007ea080000)
  to   space 213504K, 0% used [0x00000007d0380000,0x00000007d0380000,0x00000007dd400000)
 ParOldGen       total 460800K, used 459585K [0x0000000700000000, 0x000000071c200000, 0x00000007aaa80000)
  object space 460800K, 99% used [0x0000000700000000,0x000000071c0d0488,0x000000071c200000)
 PSPermGen       total 21504K, used 6280K [0x00000006f5a00000, 0x00000006f6f00000, 0x0000000700000000)
  object space 21504K, 29% used [0x00000006f5a00000,0x00000006f6022008,0x00000006f6f00000)

Deoptimization events (10 events):
Event: 17.588 Thread 0x00007f4b7400b000 Uncommon trap: reason=class_check action=maybe_recompile pc=0x00007f4b71134070 method=com.android.dx.ssa.DomFront.calcDomFronts()V @ 101
Event: 17.590 Thread 0x00007f4b7400b000 Uncommon trap: reason=predicate action=maybe_recompile pc=0x00007f4b713ec05c method=com.android.dx.ssa.SsaConverter.placePhiFunctions(Lcom/android/dx/ssa/SsaMethod;Lcom/android/dx/ssa/LocalVariableInfo;I)V @ 274
Event: 17.590 Thread 0x00007f4b7400b000 Uncommon trap: reason=predicate action=maybe_recompile pc=0x00007f4b713cf954 method=com.android.dx.ssa.SsaConverter.placePhiFunctions(Lcom/android/dx/ssa/SsaMethod;Lcom/android/dx/ssa/LocalVariableInfo;I)V @ 274
Event: 18.732 Thread 0x00007f4b7400b000 Uncommon trap: reason=class_check action=maybe_recompile pc=0x00007f4b713ddc94 method=com.android.dx.ssa.back.FirstFitLocalCombiningAllocator.findNextUnreservedRopReg(IILcom/android/dx/ssa/back/FirstFitLocalCombiningAllocator$Alignment;)I @ 60
Event: 18.732 Thread 0x00007f4b7400b000 Uncommon trap: reason=class_check action=maybe_recompile pc=0x00007f4b712cd334 method=com.android.dx.ssa.back.FirstFitLocalCombiningAllocator.findNextUnreservedRopReg(IILcom/android/dx/ssa/back/FirstFitLocalCombiningAllocator$Alignment;)I @ 60
Event: 18.732 Thread 0x00007f4b7400b000 Uncommon trap: reason=class_check action=maybe_recompile pc=0x00007f4b712cd334 method=com.android.dx.ssa.back.FirstFitLocalCombiningAllocator.findNextUnreservedRopReg(IILcom/android/dx/ssa/back/FirstFitLocalCombiningAllocator$Alignment;)I @ 60
Event: 18.732 Thread 0x00007f4b7400b000 Uncommon trap: reason=class_check action=maybe_recompile pc=0x00007f4b712cd334 method=com.android.dx.ssa.back.FirstFitLocalCombiningAllocator.findNextUnreservedRopReg(IILcom/android/dx/ssa/back/FirstFitLocalCombiningAllocator$Alignment;)I @ 60
Event: 18.733 Thread 0x00007f4b7400b000 Uncommon trap: reason=class_check action=maybe_recompile pc=0x00007f4b713ddc94 method=com.android.dx.ssa.back.FirstFitLocalCombiningAllocator.findNextUnreservedRopReg(IILcom/android/dx/ssa/back/FirstFitLocalCombiningAllocator$Alignment;)I @ 60
Event: 18.733 Thread 0x00007f4b7400b000 Uncommon trap: reason=class_check action=maybe_recompile pc=0x00007f4b71280ac0 method=com.android.dx.ssa.back.FirstFitLocalCombiningAllocator.findNextUnreservedRopReg(IILcom/android/dx/ssa/back/FirstFitLocalCombiningAllocator$Alignment;)I @ 60
Event: 19.689 Thread 0x00007f4b7400b000 Uncommon trap: reason=null_check action=make_not_entrant pc=0x00007f4b710f865c method=com.android.dx.rop.cst.CstString.equals(Ljava/lang/Object;)Z @ 1

Internal exceptions (10 events):
Event: 9.803 Thread 0x00007f4b7400b000 Threw 0x00000007b36e9000 at /build/openjdk-7-yI9zWD/openjdk-7-7u79-2.5.6/build/openjdk/hotspot/src/share/vm/prims/jvm.cpp:1284
Event: 10.105 Thread 0x00007f4b7400b000 Threw 0x00000007b8b4aca8 at /build/openjdk-7-yI9zWD/openjdk-7-7u79-2.5.6/build/openjdk/hotspot/src/share/vm/prims/jvm.cpp:1284
Event: 10.123 Thread 0x00007f4b7400b000 Implicit null exception at 0x00007f4b710c185d to 0x00007f4b710c1a4d
Event: 10.123 Thread 0x00007f4b7400b000 Implicit null exception at 0x00007f4b711c1b69 to 0x00007f4b711c1d3d
Event: 10.124 Thread 0x00007f4b7400b000 Implicit null exception at 0x00007f4b711b9df5 to 0x00007f4b711b9f55
Event: 11.219 Thread 0x00007f4b7400b000 Threw 0x00000007ab20cfd0 at /build/openjdk-7-yI9zWD/openjdk-7-7u79-2.5.6/build/openjdk/hotspot/src/share/vm/prims/jvm.cpp:1284
Event: 11.229 Thread 0x00007f4b7400b000 Threw 0x00000007ab2ed2e8 at /build/openjdk-7-yI9zWD/openjdk-7-7u79-2.5.6/build/openjdk/hotspot/src/share/vm/prims/jvm.cpp:1284
Event: 16.453 Thread 0x00007f4b7400b000 Implicit null exception at 0x00007f4b71289ed2 to 0x00007f4b7128a0ad
Event: 16.453 Thread 0x00007f4b7400b000 Implicit null exception at 0x00007f4b712a943e to 0x00007f4b712a95fd
Event: 19.689 Thread 0x00007f4b7400b000 Implicit null exception at 0x00007f4b710f854c to 0x00007f4b710f864e

Events (10 events):
Event: 19.539 Thread 0x00007f4b741c6800 flushing nmethod 0x00007f4b71183ad0
Event: 19.596 Thread 0x00007f4b741c6800 flushing nmethod 0x00007f4b7119ef50
Event: 19.596 Thread 0x00007f4b741c6800 flushing nmethod 0x00007f4b711adcd0
Event: 19.596 Thread 0x00007f4b741c6800 flushing nmethod 0x00007f4b711afa50
Event: 19.596 Thread 0x00007f4b741c6800 flushing nmethod 0x00007f4b711b1bd0
Event: 19.596 Thread 0x00007f4b741c6800 flushing nmethod 0x00007f4b711bf410
Event: 19.689 Thread 0x00007f4b7400b000 Uncommon trap: trap_request=0xfffffff4 fr.pc=0x00007f4b710f865c
Event: 19.689 Thread 0x00007f4b7400b000 DEOPT PACKING pc=0x00007f4b710f865c sp=0x00007f4b7de6cf60
Event: 19.689 Thread 0x00007f4b7400b000 DEOPT UNPACKING pc=0x00007f4b71039445 sp=0x00007f4b7de6cf08 mode 2
Event: 19.690 Executing VM operation: ParallelGCFailedAllocation


Dynamic libraries:
00400000-00401000 r-xp 00000000 08:01 20712222                           /usr/lib/jvm/java-7-openjdk-amd64/jre/bin/java
00600000-00601000 r--p 00000000 08:01 20712222                           /usr/lib/jvm/java-7-openjdk-amd64/jre/bin/java
00601000-00602000 rw-p 00001000 08:01 20712222                           /usr/lib/jvm/java-7-openjdk-amd64/jre/bin/java
025bd000-025de000 rw-p 00000000 00:00 0                                  [heap]
6f5a00000-6f6f00000 rw-p 00000000 00:00 0 
6f6f00000-700000000 rw-p 00000000 00:00 0 
700000000-71c200000 rw-p 00000000 00:00 0 
72a280000-7aaa80000 rw-p 00000000 00:00 0 
7aaa80000-7ec700000 rw-p 00000000 00:00 0 
7ec700000-800000000 rw-p 00000000 00:00 0 
7f4b30000000-7f4b30021000 rw-p 00000000 00:00 0 
7f4b30021000-7f4b34000000 ---p 00000000 00:00 0 
7f4b38000000-7f4b391c2000 rw-p 00000000 00:00 0 
7f4b391c2000-7f4b3c000000 ---p 00000000 00:00 0 
7f4b3c000000-7f4b3c021000 rw-p 00000000 00:00 0 
7f4b3c021000-7f4b40000000 ---p 00000000 00:00 0 
7f4b40000000-7f4b40021000 rw-p 00000000 00:00 0 
7f4b40021000-7f4b44000000 ---p 00000000 00:00 0 
7f4b44000000-7f4b4627b000 rw-p 00000000 00:00 0 
7f4b4627b000-7f4b48000000 ---p 00000000 00:00 0 
7f4b48000000-7f4b48021000 rw-p 00000000 00:00 0 
7f4b48021000-7f4b4c000000 ---p 00000000 00:00 0 
7f4b4c000000-7f4b4c021000 rw-p 00000000 00:00 0 
7f4b4c021000-7f4b50000000 ---p 00000000 00:00 0 
7f4b50000000-7f4b50247000 rw-p 00000000 00:00 0 
7f4b50247000-7f4b54000000 ---p 00000000 00:00 0 
7f4b54f82000-7f4b55283000 rw-p 00000000 00:00 0 
7f4b55283000-7f4b552ef000 r-xp 00000000 08:01 22020192                   /lib/x86_64-linux-gnu/libpcre.so.3.13.1
7f4b552ef000-7f4b554ee000 ---p 0006c000 08:01 22020192                   /lib/x86_64-linux-gnu/libpcre.so.3.13.1
7f4b554ee000-7f4b554ef000 r--p 0006b000 08:01 22020192                   /lib/x86_64-linux-gnu/libpcre.so.3.13.1
7f4b554ef000-7f4b554f0000 rw-p 0006c000 08:01 22020192                   /lib/x86_64-linux-gnu/libpcre.so.3.13.1
7f4b554f0000-7f4b554f7000 r-xp 00000000 08:01 20455638                   /usr/lib/x86_64-linux-gnu/libffi.so.6.0.4
7f4b554f7000-7f4b556f6000 ---p 00007000 08:01 20455638                   /usr/lib/x86_64-linux-gnu/libffi.so.6.0.4
7f4b556f6000-7f4b556f7000 r--p 00006000 08:01 20455638                   /usr/lib/x86_64-linux-gnu/libffi.so.6.0.4
7f4b556f7000-7f4b556f8000 rw-p 00007000 08:01 20455638                   /usr/lib/x86_64-linux-gnu/libffi.so.6.0.4
7f4b556f8000-7f4b5570f000 r-xp 00000000 08:01 22024473                   /lib/x86_64-linux-gnu/libresolv-2.21.so
7f4b5570f000-7f4b5590f000 ---p 00017000 08:01 22024473                   /lib/x86_64-linux-gnu/libresolv-2.21.so
7f4b5590f000-7f4b55911000 r--p 00017000 08:01 22024473                   /lib/x86_64-linux-gnu/libresolv-2.21.so
7f4b55911000-7f4b55912000 rw-p 00019000 08:01 22024473                   /lib/x86_64-linux-gnu/libresolv-2.21.so
7f4b55912000-7f4b55914000 rw-p 00000000 00:00 0 
7f4b55914000-7f4b55935000 r-xp 00000000 08:01 22024477                   /lib/x86_64-linux-gnu/libselinux.so.1
7f4b55935000-7f4b55b34000 ---p 00021000 08:01 22024477                   /lib/x86_64-linux-gnu/libselinux.so.1
7f4b55b34000-7f4b55b35000 r--p 00020000 08:01 22024477                   /lib/x86_64-linux-gnu/libselinux.so.1
7f4b55b35000-7f4b55b36000 rw-p 00021000 08:01 22024477                   /lib/x86_64-linux-gnu/libselinux.so.1
7f4b55b36000-7f4b55b38000 rw-p 00000000 00:00 0 
7f4b55b38000-7f4b55b3b000 r-xp 00000000 08:01 20447655                   /usr/lib/x86_64-linux-gnu/libgmodule-2.0.so.0.4400.1
7f4b55b3b000-7f4b55d3a000 ---p 00003000 08:01 20447655                   /usr/lib/x86_64-linux-gnu/libgmodule-2.0.so.0.4400.1
7f4b55d3a000-7f4b55d3b000 r--p 00002000 08:01 20447655                   /usr/lib/x86_64-linux-gnu/libgmodule-2.0.so.0.4400.1
7f4b55d3b000-7f4b55d3c000 rw-p 00003000 08:01 20447655                   /usr/lib/x86_64-linux-gnu/libgmodule-2.0.so.0.4400.1
7f4b55d3c000-7f4b55e49000 r-xp 00000000 08:01 22024241                   /lib/x86_64-linux-gnu/libglib-2.0.so.0.4400.1
7f4b55e49000-7f4b56048000 ---p 0010d000 08:01 22024241                   /lib/x86_64-linux-gnu/libglib-2.0.so.0.4400.1
7f4b56048000-7f4b56049000 r--p 0010c000 08:01 22024241                   /lib/x86_64-linux-gnu/libglib-2.0.so.0.4400.1
7f4b56049000-7f4b5604a000 rw-p 0010d000 08:01 22024241                   /lib/x86_64-linux-gnu/libglib-2.0.so.0.4400.1
7f4b5604a000-7f4b5604b000 rw-p 00000000 00:00 0 
7f4b5604b000-7f4b5609b000 r-xp 00000000 08:01 20447615                   /usr/lib/x86_64-linux-gnu/libgobject-2.0.so.0.4400.1
7f4b5609b000-7f4b5629b000 ---p 00050000 08:01 20447615                   /usr/lib/x86_64-linux-gnu/libgobject-2.0.so.0.4400.1
7f4b5629b000-7f4b5629c000 r--p 00050000 08:01 20447615                   /usr/lib/x86_64-linux-gnu/libgobject-2.0.so.0.4400.1
7f4b5629c000-7f4b5629d000 rw-p 00051000 08:01 20447615                   /usr/lib/x86_64-linux-gnu/libgobject-2.0.so.0.4400.1
7f4b5629d000-7f4b56415000 r-xp 00000000 08:01 20447637                   /usr/lib/x86_64-linux-gnu/libgio-2.0.so.0.4400.1
7f4b56415000-7f4b56615000 ---p 00178000 08:01 20447637                   /usr/lib/x86_64-linux-gnu/libgio-2.0.so.0.4400.1
7f4b56615000-7f4b56619000 r--p 00178000 08:01 20447637                   /usr/lib/x86_64-linux-gnu/libgio-2.0.so.0.4400.1
7f4b56619000-7f4b5661b000 rw-p 0017c000 08:01 20447637                   /usr/lib/x86_64-linux-gnu/libgio-2.0.so.0.4400.1
7f4b5661b000-7f4b5661d000 rw-p 00000000 00:00 0 
7f4b5663c000-7f4b56653000 r-xp 00000000 08:01 20587083                   /usr/lib/jvm/java-7-openjdk-amd64/jre/lib/amd64/libnet.so
7f4b56653000-7f4b56852000 ---p 00017000 08:01 20587083                   /usr/lib/jvm/java-7-openjdk-amd64/jre/lib/amd64/libnet.so
7f4b56852000-7f4b56853000 r--p 00016000 08:01 20587083                   /usr/lib/jvm/java-7-openjdk-amd64/jre/lib/amd64/libnet.so
7f4b56853000-7f4b56854000 rw-p 00017000 08:01 20587083                   /usr/lib/jvm/java-7-openjdk-amd64/jre/lib/amd64/libnet.so
7f4b56854000-7f4b56865000 r-xp 00000000 08:01 20587088                   /usr/lib/jvm/java-7-openjdk-amd64/jre/lib/amd64/libnio.so
7f4b56865000-7f4b56a64000 ---p 00011000 08:01 20587088                   /usr/lib/jvm/java-7-openjdk-amd64/jre/lib/amd64/libnio.so
7f4b56a64000-7f4b56a65000 r--p 00010000 08:01 20587088                   /usr/lib/jvm/java-7-openjdk-amd64/jre/lib/amd64/libnio.so
7f4b56a65000-7f4b56a66000 rw-p 00011000 08:01 20587088                   /usr/lib/jvm/java-7-openjdk-amd64/jre/lib/amd64/libnio.so
7f4b56a66000-7f4b56a67000 ---p 00000000 00:00 0 
7f4b56a67000-7f4b56b67000 rw-p 00000000 00:00 0                          [stack:11585]
7f4b56b67000-7f4b56b6a000 ---p 00000000 00:00 0 
7f4b56b6a000-7f4b56c68000 rw-p 00000000 00:00 0                          [stack:11584]
7f4b56c68000-7f4b56c6b000 ---p 00000000 00:00 0 
7f4b56c6b000-7f4b56d69000 rw-p 00000000 00:00 0                          [stack:11583]
7f4b56d69000-7f4b56d6c000 ---p 00000000 00:00 0 
7f4b56d6c000-7f4b56e6a000 rw-p 00000000 00:00 0                          [stack:11582]
7f4b56e6a000-7f4b56e6f000 r-xp 00000000 08:01 20455330                   /usr/lib/x86_64-linux-gnu/libXdmcp.so.6.0.0
7f4b56e6f000-7f4b5706e000 ---p 00005000 08:01 20455330                   /usr/lib/x86_64-linux-gnu/libXdmcp.so.6.0.0
7f4b5706e000-7f4b5706f000 r--p 00004000 08:01 20455330                   /usr/lib/x86_64-linux-gnu/libXdmcp.so.6.0.0
7f4b5706f000-7f4b57070000 rw-p 00005000 08:01 20455330                   /usr/lib/x86_64-linux-gnu/libXdmcp.so.6.0.0
7f4b57070000-7f4b57072000 r-xp 00000000 08:01 20455319                   /usr/lib/x86_64-linux-gnu/libXau.so.6.0.0
7f4b57072000-7f4b57272000 ---p 00002000 08:01 20455319                   /usr/lib/x86_64-linux-gnu/libXau.so.6.0.0
7f4b57272000-7f4b57273000 r--p 00002000 08:01 20455319                   /usr/lib/x86_64-linux-gnu/libXau.so.6.0.0
7f4b57273000-7f4b57274000 rw-p 00003000 08:01 20455319                   /usr/lib/x86_64-linux-gnu/libXau.so.6.0.0
7f4b57274000-7f4b57291000 r-xp 00000000 08:01 20456517                   /usr/lib/x86_64-linux-gnu/libxcb.so.1.1.0
7f4b57291000-7f4b57491000 ---p 0001d000 08:01 20456517                   /usr/lib/x86_64-linux-gnu/libxcb.so.1.1.0
7f4b57491000-7f4b57492000 r--p 0001d000 08:01 20456517                   /usr/lib/x86_64-linux-gnu/libxcb.so.1.1.0
7f4b57492000-7f4b57493000 rw-p 0001e000 08:01 20456517                   /usr/lib/x86_64-linux-gnu/libxcb.so.1.1.0
7f4b57493000-7f4b575c6000 r-xp 00000000 08:01 20455315                   /usr/lib/x86_64-linux-gnu/libX11.so.6.3.0
7f4b575c6000-7f4b577c6000 ---p 00133000 08:01 20455315                   /usr/lib/x86_64-linux-gnu/libX11.so.6.3.0
7f4b577c6000-7f4b577c7000 r--p 00133000 08:01 20455315                   /usr/lib/x86_64-linux-gnu/libX11.so.6.3.0
7f4b577c7000-7f4b577cb000 rw-p 00134000 08:01 20455315                   /usr/lib/x86_64-linux-gnu/libX11.so.6.3.0
7f4b577cb000-7f4b577cc000 rw-p 00000000 00:00 0 
7f4b577cc000-7f4b577ce000 r-xp 00000000 08:01 20452766                   /usr/lib/jayatana/libjayatanaag.so
7f4b577ce000-7f4b579cd000 ---p 00002000 08:01 20452766                   /usr/lib/jayatana/libjayatanaag.so
7f4b579cd000-7f4b579ce000 r--p 00001000 08:01 20452766                   /usr/lib/jayatana/libjayatanaag.so
7f4b579ce000-7f4b579cf000 rw-p 00002000 08:01 20452766                   /usr/lib/jayatana/libjayatanaag.so
7f4b579cf000-7f4b579d2000 ---p 00000000 00:00 0 
7f4b579d2000-7f4b60000000 rw-p 00000000 00:00 0                          [stack:11581]
7f4b60000000-7f4b60021000 rw-p 00000000 00:00 0 
7f4b60021000-7f4b64000000 ---p 00000000 00:00 0 
7f4b64000000-7f4b64021000 rw-p 00000000 00:00 0 
7f4b64021000-7f4b68000000 ---p 00000000 00:00 0 
7f4b68000000-7f4b68021000 rw-p 00000000 00:00 0 
7f4b68021000-7f4b6c000000 ---p 00000000 00:00 0 
7f4b6c000000-7f4b6c021000 rw-p 00000000 00:00 0 
7f4b6c021000-7f4b70000000 ---p 00000000 00:00 0 
7f4b70015000-7f4b706f7000 r--p 00000000 08:01 20454393                   /usr/lib/locale/locale-archive
7f4b706f7000-7f4b706fa000 ---p 00000000 00:00 0 
7f4b706fa000-7f4b707f8000 rw-p 00000000 00:00 0                          [stack:11580]
7f4b707f8000-7f4b707fb000 ---p 00000000 00:00 0 
7f4b707fb000-7f4b708f9000 rw-p 00000000 00:00 0                          [stack:11579]
7f4b708f9000-7f4b708fa000 ---p 00000000 00:00 0 
7f4b708fa000-7f4b71000000 rw-p 00000000 00:00 0                          [stack:11578]
7f4b71000000-7f4b71400000 rwxp 00000000 00:00 0 
7f4b71400000-7f4b743f6000 rw-p 00000000 00:00 0 
7f4b743f6000-7f4b78000000 ---p 00000000 00:00 0 
7f4b78009000-7f4b780d5000 r--s 00939000 08:01 30016571                   /home/sharan/AndroidStudioProjects/Muser/muser/build/intermediates/multi-dex/debug/allclasses.jar
7f4b780d5000-7f4b78a27000 rw-p 00000000 00:00 0 
7f4b78a27000-7f4b78bd8000 r--s 01d29000 08:01 20587021                   /usr/lib/jvm/java-7-openjdk-amd64/jre/lib/rt.jar
7f4b78bd8000-7f4b79550000 rw-p 00000000 00:00 0 
7f4b79550000-7f4b79551000 ---p 00000000 00:00 0 
7f4b79551000-7f4b79651000 rw-p 00000000 00:00 0                          [stack:11577]
7f4b79651000-7f4b79652000 ---p 00000000 00:00 0 
7f4b79652000-7f4b79752000 rw-p 00000000 00:00 0                          [stack:11576]
7f4b79752000-7f4b79753000 ---p 00000000 00:00 0 
7f4b79753000-7f4b79853000 rw-p 00000000 00:00 0                          [stack:11575]
7f4b79853000-7f4b79854000 ---p 00000000 00:00 0 
7f4b79854000-7f4b7995f000 rw-p 00000000 00:00 0                          [stack:11574]
7f4b7995f000-7f4b799a7000 rw-p 00000000 00:00 0 
7f4b799a7000-7f4b79a88000 rw-p 00000000 00:00 0 
7f4b79a88000-7f4b79efd000 rw-p 00000000 00:00 0 
7f4b79efd000-7f4b79f08000 rw-p 00000000 00:00 0 
7f4b79f08000-7f4b79f50000 rw-p 00000000 00:00 0 
7f4b79f50000-7f4b7a031000 rw-p 00000000 00:00 0 
7f4b7a031000-7f4b7a4a5000 rw-p 00000000 00:00 0 
7f4b7a4a5000-7f4b7a6b4000 rw-p 00000000 00:00 0 
7f4b7a6b4000-7f4b7a750000 rw-p 00000000 00:00 0 
7f4b7a750000-7f4b7a751000 rw-p 00000000 00:00 0 
7f4b7a751000-7f4b7a759000 r-xp 00000000 08:01 20587054                   /usr/lib/jvm/java-7-openjdk-amd64/jre/lib/amd64/libzip.so
7f4b7a759000-7f4b7a958000 ---p 00008000 08:01 20587054                   /usr/lib/jvm/java-7-openjdk-amd64/jre/lib/amd64/libzip.so
7f4b7a958000-7f4b7a959000 r--p 00007000 08:01 20587054                   /usr/lib/jvm/java-7-openjdk-amd64/jre/lib/amd64/libzip.so
7f4b7a959000-7f4b7a95a000 rw-p 00008000 08:01 20587054                   /usr/lib/jvm/java-7-openjdk-amd64/jre/lib/amd64/libzip.so
7f4b7a95a000-7f4b7a966000 r-xp 00000000 08:01 22024420                   /lib/x86_64-linux-gnu/libnss_files-2.21.so
7f4b7a966000-7f4b7ab65000 ---p 0000c000 08:01 22024420                   /lib/x86_64-linux-gnu/libnss_files-2.21.so
7f4b7ab65000-7f4b7ab66000 r--p 0000b000 08:01 22024420                   /lib/x86_64-linux-gnu/libnss_files-2.21.so
7f4b7ab66000-7f4b7ab67000 rw-p 0000c000 08:01 22024420                   /lib/x86_64-linux-gnu/libnss_files-2.21.so
7f4b7ab67000-7f4b7ab72000 r-xp 00000000 08:01 22024430                   /lib/x86_64-linux-gnu/libnss_nis-2.21.so
7f4b7ab72000-7f4b7ad71000 ---p 0000b000 08:01 22024430                   /lib/x86_64-linux-gnu/libnss_nis-2.21.so
7f4b7ad71000-7f4b7ad72000 r--p 0000a000 08:01 22024430                   /lib/x86_64-linux-gnu/libnss_nis-2.21.so
7f4b7ad72000-7f4b7ad73000 rw-p 0000b000 08:01 22024430                   /lib/x86_64-linux-gnu/libnss_nis-2.21.so
7f4b7ad73000-7f4b7ad8a000 r-xp 00000000 08:01 22024414                   /lib/x86_64-linux-gnu/libnsl-2.21.so
7f4b7ad8a000-7f4b7af89000 ---p 00017000 08:01 22024414                   /lib/x86_64-linux-gnu/libnsl-2.21.so
7f4b7af89000-7f4b7af8a000 r--p 00016000 08:01 22024414                   /lib/x86_64-linux-gnu/libnsl-2.21.so
7f4b7af8a000-7f4b7af8b000 rw-p 00017000 08:01 22024414                   /lib/x86_64-linux-gnu/libnsl-2.21.so
7f4b7af8b000-7f4b7af8d000 rw-p 00000000 00:00 0 
7f4b7af8d000-7f4b7af95000 r-xp 00000000 08:01 22024416                   /lib/x86_64-linux-gnu/libnss_compat-2.21.so
7f4b7af95000-7f4b7b194000 ---p 00008000 08:01 22024416                   /lib/x86_64-linux-gnu/libnss_compat-2.21.so
7f4b7b194000-7f4b7b195000 r--p 00007000 08:01 22024416                   /lib/x86_64-linux-gnu/libnss_compat-2.21.so
7f4b7b195000-7f4b7b196000 rw-p 00008000 08:01 22024416                   /lib/x86_64-linux-gnu/libnss_compat-2.21.so
7f4b7b196000-7f4b7b1a0000 r-xp 00000000 08:01 20587084                   /usr/lib/jvm/java-7-openjdk-amd64/jre/lib/amd64/libinstrument.so
7f4b7b1a0000-7f4b7b39f000 ---p 0000a000 08:01 20587084                   /usr/lib/jvm/java-7-openjdk-amd64/jre/lib/amd64/libinstrument.so
7f4b7b39f000-7f4b7b3a0000 r--p 00009000 08:01 20587084                   /usr/lib/jvm/java-7-openjdk-amd64/jre/lib/amd64/libinstrument.so
7f4b7b3a0000-7f4b7b3a1000 rw-p 0000a000 08:01 20587084                   /usr/lib/jvm/java-7-openjdk-amd64/jre/lib/amd64/libinstrument.so
7f4b7b3a1000-7f4b7b3ce000 r-xp 00000000 08:01 20587091                   /usr/lib/jvm/java-7-openjdk-amd64/jre/lib/amd64/libjava.so
7f4b7b3ce000-7f4b7b5cd000 ---p 0002d000 08:01 20587091                   /usr/lib/jvm/java-7-openjdk-amd64/jre/lib/amd64/libjava.so
7f4b7b5cd000-7f4b7b5ce000 r--p 0002c000 08:01 20587091                   /usr/lib/jvm/java-7-openjdk-amd64/jre/lib/amd64/libjava.so
7f4b7b5ce000-7f4b7b5d0000 rw-p 0002d000 08:01 20587091                   /usr/lib/jvm/java-7-openjdk-amd64/jre/lib/amd64/libjava.so
7f4b7b5d0000-7f4b7b5df000 r-xp 00000000 08:01 20587072                   /usr/lib/jvm/java-7-openjdk-amd64/jre/lib/amd64/libverify.so
7f4b7b5df000-7f4b7b7de000 ---p 0000f000 08:01 20587072                   /usr/lib/jvm/java-7-openjdk-amd64/jre/lib/amd64/libverify.so
7f4b7b7de000-7f4b7b7e1000 r--p 0000e000 08:01 20587072                   /usr/lib/jvm/java-7-openjdk-amd64/jre/lib/amd64/libverify.so
7f4b7b7e1000-7f4b7b7e2000 rw-p 00011000 08:01 20587072                   /usr/lib/jvm/java-7-openjdk-amd64/jre/lib/amd64/libverify.so
7f4b7b7e2000-7f4b7b7e9000 r-xp 00000000 08:01 22024475                   /lib/x86_64-linux-gnu/librt-2.21.so
7f4b7b7e9000-7f4b7b9e8000 ---p 00007000 08:01 22024475                   /lib/x86_64-linux-gnu/librt-2.21.so
7f4b7b9e8000-7f4b7b9e9000 r--p 00006000 08:01 22024475                   /lib/x86_64-linux-gnu/librt-2.21.so
7f4b7b9e9000-7f4b7b9ea000 rw-p 00007000 08:01 22024475                   /lib/x86_64-linux-gnu/librt-2.21.so
7f4b7b9ea000-7f4b7ba00000 r-xp 00000000 08:01 22024363                   /lib/x86_64-linux-gnu/libgcc_s.so.1
7f4b7ba00000-7f4b7bbff000 ---p 00016000 08:01 22024363                   /lib/x86_64-linux-gnu/libgcc_s.so.1
7f4b7bbff000-7f4b7bc00000 rw-p 00015000 08:01 22024363                   /lib/x86_64-linux-gnu/libgcc_s.so.1
7f4b7bc00000-7f4b7bd07000 r-xp 00000000 08:01 22024393                   /lib/x86_64-linux-gnu/libm-2.21.so
7f4b7bd07000-7f4b7bf06000 ---p 00107000 08:01 22024393                   /lib/x86_64-linux-gnu/libm-2.21.so
7f4b7bf06000-7f4b7bf07000 r--p 00106000 08:01 22024393                   /lib/x86_64-linux-gnu/libm-2.21.so
7f4b7bf07000-7f4b7bf08000 rw-p 00107000 08:01 22024393                   /lib/x86_64-linux-gnu/libm-2.21.so
7f4b7bf08000-7f4b7bff8000 r-xp 00000000 08:01 20456311                   /usr/lib/x86_64-linux-gnu/libstdc++.so.6.0.20
7f4b7bff8000-7f4b7c1f8000 ---p 000f0000 08:01 20456311                   /usr/lib/x86_64-linux-gnu/libstdc++.so.6.0.20
7f4b7c1f8000-7f4b7c200000 r--p 000f0000 08:01 20456311                   /usr/lib/x86_64-linux-gnu/libstdc++.so.6.0.20
7f4b7c200000-7f4b7c202000 rw-p 000f8000 08:01 20456311                   /usr/lib/x86_64-linux-gnu/libstdc++.so.6.0.20
7f4b7c202000-7f4b7c217000 rw-p 00000000 00:00 0 
7f4b7c217000-7f4b7cd6f000 r-xp 00000000 08:01 20587060                   /usr/lib/jvm/java-7-openjdk-amd64/jre/lib/amd64/server/libjvm.so
7f4b7cd6f000-7f4b7cf6e000 ---p 00b58000 08:01 20587060                   /usr/lib/jvm/java-7-openjdk-amd64/jre/lib/amd64/server/libjvm.so
7f4b7cf6e000-7f4b7d00d000 r--p 00b57000 08:01 20587060                   /usr/lib/jvm/java-7-openjdk-amd64/jre/lib/amd64/server/libjvm.so
7f4b7d00d000-7f4b7d030000 rw-p 00bf6000 08:01 20587060                   /usr/lib/jvm/java-7-openjdk-amd64/jre/lib/amd64/server/libjvm.so
7f4b7d030000-7f4b7d05d000 rw-p 00000000 00:00 0 
7f4b7d05d000-7f4b7d076000 r-xp 00000000 08:01 22024508                   /lib/x86_64-linux-gnu/libz.so.1.2.8
7f4b7d076000-7f4b7d276000 ---p 00019000 08:01 22024508                   /lib/x86_64-linux-gnu/libz.so.1.2.8
7f4b7d276000-7f4b7d277000 r--p 00019000 08:01 22024508                   /lib/x86_64-linux-gnu/libz.so.1.2.8
7f4b7d277000-7f4b7d278000 rw-p 0001a000 08:01 22024508                   /lib/x86_64-linux-gnu/libz.so.1.2.8
7f4b7d278000-7f4b7d290000 r-xp 00000000 08:01 22024467                   /lib/x86_64-linux-gnu/libpthread-2.21.so
7f4b7d290000-7f4b7d490000 ---p 00018000 08:01 22024467                   /lib/x86_64-linux-gnu/libpthread-2.21.so
7f4b7d490000-7f4b7d491000 r--p 00018000 08:01 22024467                   /lib/x86_64-linux-gnu/libpthread-2.21.so
7f4b7d491000-7f4b7d492000 rw-p 00019000 08:01 22024467                   /lib/x86_64-linux-gnu/libpthread-2.21.so
7f4b7d492000-7f4b7d496000 rw-p 00000000 00:00 0 
7f4b7d496000-7f4b7d499000 r-xp 00000000 08:01 22024351                   /lib/x86_64-linux-gnu/libdl-2.21.so
7f4b7d499000-7f4b7d698000 ---p 00003000 08:01 22024351                   /lib/x86_64-linux-gnu/libdl-2.21.so
7f4b7d698000-7f4b7d699000 r--p 00002000 08:01 22024351                   /lib/x86_64-linux-gnu/libdl-2.21.so
7f4b7d699000-7f4b7d69a000 rw-p 00003000 08:01 22024351                   /lib/x86_64-linux-gnu/libdl-2.21.so
7f4b7d69a000-7f4b7d85a000 r-xp 00000000 08:01 22024334                   /lib/x86_64-linux-gnu/libc-2.21.so
7f4b7d85a000-7f4b7da5a000 ---p 001c0000 08:01 22024334                   /lib/x86_64-linux-gnu/libc-2.21.so
7f4b7da5a000-7f4b7da5e000 r--p 001c0000 08:01 22024334                   /lib/x86_64-linux-gnu/libc-2.21.so
7f4b7da5e000-7f4b7da60000 rw-p 001c4000 08:01 22024334                   /lib/x86_64-linux-gnu/libc-2.21.so
7f4b7da60000-7f4b7da64000 rw-p 00000000 00:00 0 
7f4b7da64000-7f4b7da71000 r-xp 00000000 08:01 20587057                   /usr/lib/jvm/java-7-openjdk-amd64/jre/lib/amd64/jli/libjli.so
7f4b7da71000-7f4b7dc70000 ---p 0000d000 08:01 20587057                   /usr/lib/jvm/java-7-openjdk-amd64/jre/lib/amd64/jli/libjli.so
7f4b7dc70000-7f4b7dc71000 r--p 0000c000 08:01 20587057                   /usr/lib/jvm/java-7-openjdk-amd64/jre/lib/amd64/jli/libjli.so
7f4b7dc71000-7f4b7dc72000 rw-p 0000d000 08:01 20587057                   /usr/lib/jvm/java-7-openjdk-amd64/jre/lib/amd64/jli/libjli.so
7f4b7dc72000-7f4b7dc96000 r-xp 00000000 08:01 22024306                   /lib/x86_64-linux-gnu/ld-2.21.so
7f4b7dc9e000-7f4b7dc9f000 rw-p 00000000 00:00 0 
7f4b7dc9f000-7f4b7dcae000 r--s 000dd000 08:01 21636737                   /home/sharan/Android/Sdk/build-tools/21.1.2/lib/dx.jar
7f4b7dcae000-7f4b7dcbe000 rw-p 00000000 00:00 0 
7f4b7dcbe000-7f4b7dd6e000 rw-p 00000000 00:00 0 
7f4b7dd6e000-7f4b7dd71000 ---p 00000000 00:00 0 
7f4b7dd71000-7f4b7de74000 rw-p 00000000 00:00 0                          [stack:11573]
7f4b7de74000-7f4b7de75000 r--s 00000000 08:01 20979860                   /usr/share/java/jayatanaag.jar
7f4b7de75000-7f4b7de79000 r--s 00034000 08:01 20587040                   /usr/lib/jvm/java-7-openjdk-amd64/jre/lib/ext/sunjce_provider.jar
7f4b7de79000-7f4b7de7d000 r--s 0003c000 08:01 20587041                   /usr/lib/jvm/java-7-openjdk-amd64/jre/lib/ext/sunpkcs11.jar
7f4b7de7d000-7f4b7de80000 r--s 0000f000 08:01 20587042                   /usr/lib/jvm/java-7-openjdk-amd64/jre/lib/ext/icedtea-sound.jar
7f4b7de80000-7f4b7de84000 r--s 00085000 08:01 20587038                   /usr/lib/jvm/java-7-openjdk-amd64/jre/lib/ext/localedata.jar
7f4b7de84000-7f4b7de86000 r--s 00012000 08:01 20587043                   /usr/lib/jvm/java-7-openjdk-amd64/jre/lib/ext/zipfs.jar
7f4b7de86000-7f4b7de88000 r--s 00006000 08:01 20971724                   /usr/share/java/java-atk-wrapper.jar
7f4b7de88000-7f4b7de89000 r--s 00002000 08:01 20587039                   /usr/lib/jvm/java-7-openjdk-amd64/jre/lib/ext/dnsns.jar
7f4b7de89000-7f4b7de91000 rw-s 00000000 08:01 3016143                    /tmp/hsperfdata_sharan/11568
7f4b7de91000-7f4b7de92000 rw-p 00000000 00:00 0 
7f4b7de92000-7f4b7de93000 ---p 00000000 00:00 0 
7f4b7de93000-7f4b7de95000 rw-p 00000000 00:00 0 
7f4b7de95000-7f4b7de96000 r--p 00023000 08:01 22024306                   /lib/x86_64-linux-gnu/ld-2.21.so
7f4b7de96000-7f4b7de97000 rw-p 00024000 08:01 22024306                   /lib/x86_64-linux-gnu/ld-2.21.so
7f4b7de97000-7f4b7de98000 rw-p 00000000 00:00 0 
7ffc9c724000-7ffc9c745000 rw-p 00000000 00:00 0                          [stack]
7ffc9c7c9000-7ffc9c7cb000 r--p 00000000 00:00 0                          [vvar]
7ffc9c7cb000-7ffc9c7cd000 r-xp 00000000 00:00 0                          [vdso]
ffffffffff600000-ffffffffff601000 r-xp 00000000 00:00 0                  [vsyscall]

VM Arguments:
jvm_args: -javaagent:/usr/share/java/jayatanaag.jar -Xmx4g -Dfile.encoding=UTF-8 -Duser.country=IN -Duser.language=en -Duser.variant 
java_command: com.android.dx.command.Main --dex --force-jumbo --multi-dex --main-dex-list /home/sharan/AndroidStudioProjects/Muser/muser/build/intermediates/multi-dex/debug/maindexlist.txt --output /home/sharan/AndroidStudioProjects/Muser/muser/build/intermediates/dex/debug /home/sharan/AndroidStudioProjects/Muser/muser/build/intermediates/multi-dex/debug/allclasses.jar
Launcher Type: SUN_STANDARD

Environment Variables:
JAVA_HOME=/usr/lib/jvm/java-8-oracle
JAVA_TOOL_OPTIONS=-javaagent:/usr/share/java/jayatanaag.jar 
PATH=/usr/local/sbin:/usr/local/bin:/usr/sbin:/usr/bin:/sbin:/bin:/usr/games:/usr/local/games:/usr/lib/jvm/java-8-oracle/bin:/usr/lib/jvm/java-8-oracle/db/bin:/usr/lib/jvm/java-8-oracle/jre/bin
LD_LIBRARY_PATH=/opt/android-studio/bin:
SHELL=/bin/bash
DISPLAY=:0

Signal Handlers:
SIGSEGV: [libjvm.so+0x98ac50], sa_mask[0]=0x7ffbfeff, sa_flags=0x10000004
SIGBUS: [libjvm.so+0x98ac50], sa_mask[0]=0x7ffbfeff, sa_flags=0x10000004
SIGFPE: [libjvm.so+0x7f8ab0], sa_mask[0]=0x7ffbfeff, sa_flags=0x10000004
SIGPIPE: [libjvm.so+0x7f8ab0], sa_mask[0]=0x7ffbfeff, sa_flags=0x10000004
SIGXFSZ: [libjvm.so+0x7f8ab0], sa_mask[0]=0x7ffbfeff, sa_flags=0x10000004
SIGILL: [libjvm.so+0x7f8ab0], sa_mask[0]=0x7ffbfeff, sa_flags=0x10000004
SIGUSR1: SIG_DFL, sa_mask[0]=0x00000000, sa_flags=0x00000000
SIGUSR2: [libjvm.so+0x7f8930], sa_mask[0]=0x00000004, sa_flags=0x10000004
SIGHUP: [libjvm.so+0x7f8b30], sa_mask[0]=0x7ffbfeff, sa_flags=0x10000004
SIGINT: [libjvm.so+0x7f8b30], sa_mask[0]=0x7ffbfeff, sa_flags=0x10000004
SIGTERM: [libjvm.so+0x7f8b30], sa_mask[0]=0x7ffbfeff, sa_flags=0x10000004
SIGQUIT: [libjvm.so+0x7f8b30], sa_mask[0]=0x7ffbfeff, sa_flags=0x10000004
SIGTRAP: SIG_DFL, sa_mask[0]=0x00000000, sa_flags=0x00000000


---------------  S Y S T E M  ---------------

OS:Ubuntu 15.04 (vivid)
uname:Linux 3.19.0-26-generic #28-Ubuntu SMP Tue Aug 11 14:16:32 UTC 2015 x86_64
libc:glibc 2.21 NPTL 2.21 
rlimit: STACK 8192k, CORE 0k, NPROC 31366, NOFILE 65536, AS infinity
load average:4.72 3.98 2.84

/proc/meminfo:
MemTotal:        8052020 kB
MemFree:          149124 kB
MemAvailable:     108096 kB
Buffers:             804 kB
Cached:          1449472 kB
SwapCached:            0 kB
Active:          6386868 kB
Inactive:        1320932 kB
Active(anon):    6368932 kB
Inactive(anon):  1299940 kB
Active(file):      17936 kB
Inactive(file):    20992 kB
Unevictable:          32 kB
Mlocked:              32 kB
SwapTotal:             0 kB
SwapFree:              0 kB
Dirty:                88 kB
Writeback:             0 kB
AnonPages:       6257740 kB
Mapped:           644036 kB
Shmem:           1411168 kB
Slab:              87952 kB
SReclaimable:      47956 kB
SUnreclaim:        39996 kB
KernelStack:       12576 kB
PageTables:        53120 kB
NFS_Unstable:          0 kB
Bounce:                0 kB
WritebackTmp:          0 kB
CommitLimit:     4026008 kB
Committed_AS:   13860312 kB
VmallocTotal:   34359738367 kB
VmallocUsed:      359932 kB
VmallocChunk:   34359286872 kB
HardwareCorrupted:     0 kB
AnonHugePages:   4630528 kB
CmaTotal:              0 kB
CmaFree:               0 kB
HugePages_Total:       0
HugePages_Free:        0
HugePages_Rsvd:        0
HugePages_Surp:        0
Hugepagesize:       2048 kB
DirectMap4k:      175164 kB
DirectMap2M:     7041024 kB
DirectMap1G:     1048576 kB


CPU:total 4 (2 cores per cpu, 2 threads per core) family 6 model 60 stepping 3, cmov, cx8, fxsr, mmx, sse, sse2, sse3, ssse3, sse4.1, sse4.2, popcnt, avx, avx2, aes, erms, ht, tsc, tscinvbit

/proc/cpuinfo:
processor	: 0
vendor_id	: GenuineIntel
cpu family	: 6
model		: 60
model name	: Intel(R) Core(TM) i3-4150 CPU @ 3.50GHz
stepping	: 3
microcode	: 0x12
cpu MHz		: 3500.000
cache size	: 3072 KB
physical id	: 0
siblings	: 4
core id		: 0
cpu cores	: 2
apicid		: 0
initial apicid	: 0
fpu		: yes
fpu_exception	: yes
cpuid level	: 13
wp		: yes
flags		: fpu vme de pse tsc msr pae mce cx8 apic sep mtrr pge mca cmov pat pse36 clflush dts acpi mmx fxsr sse sse2 ss ht tm pbe syscall nx pdpe1gb rdtscp lm constant_tsc arch_perfmon pebs bts rep_good nopl xtopology nonstop_tsc aperfmperf eagerfpu pni pclmulqdq dtes64 monitor ds_cpl vmx est tm2 ssse3 fma cx16 xtpr pdcm pcid sse4_1 sse4_2 movbe popcnt tsc_deadline_timer aes xsave avx f16c rdrand lahf_lm abm arat pln pts dtherm tpr_shadow vnmi flexpriority ept vpid fsgsbase tsc_adjust bmi1 avx2 smep bmi2 erms invpcid xsaveopt
bugs		:
bogomips	: 6983.79
clflush size	: 64
cache_alignment	: 64
address sizes	: 39 bits physical, 48 bits virtual
power management:

processor	: 1
vendor_id	: GenuineIntel
cpu family	: 6
model		: 60
model name	: Intel(R) Core(TM) i3-4150 CPU @ 3.50GHz
stepping	: 3
microcode	: 0x12
cpu MHz		: 3500.000
cache size	: 3072 KB
physical id	: 0
siblings	: 4
core id		: 1
cpu cores	: 2
apicid		: 2
initial apicid	: 2
fpu		: yes
fpu_exception	: yes
cpuid level	: 13
wp		: yes
flags		: fpu vme de pse tsc msr pae mce cx8 apic sep mtrr pge mca cmov pat pse36 clflush dts acpi mmx fxsr sse sse2 ss ht tm pbe syscall nx pdpe1gb rdtscp lm constant_tsc arch_perfmon pebs bts rep_good nopl xtopology nonstop_tsc aperfmperf eagerfpu pni pclmulqdq dtes64 monitor ds_cpl vmx est tm2 ssse3 fma cx16 xtpr pdcm pcid sse4_1 sse4_2 movbe popcnt tsc_deadline_timer aes xsave avx f16c rdrand lahf_lm abm arat pln pts dtherm tpr_shadow vnmi flexpriority ept vpid fsgsbase tsc_adjust bmi1 avx2 smep bmi2 erms invpcid xsaveopt
bugs		:
bogomips	: 6983.79
clflush size	: 64
cache_alignment	: 64
address sizes	: 39 bits physical, 48 bits virtual
power management:

processor	: 2
vendor_id	: GenuineIntel
cpu family	: 6
model		: 60
model name	: Intel(R) Core(TM) i3-4150 CPU @ 3.50GHz
stepping	: 3
microcode	: 0x12
cpu MHz		: 3499.863
cache size	: 3072 KB
physical id	: 0
siblings	: 4
core id		: 0
cpu cores	: 2
apicid		: 1
initial apicid	: 1
fpu		: yes
fpu_exception	: yes
cpuid level	: 13
wp		: yes
flags		: fpu vme de pse tsc msr pae mce cx8 apic sep mtrr pge mca cmov pat pse36 clflush dts acpi mmx fxsr sse sse2 ss ht tm pbe syscall nx pdpe1gb rdtscp lm constant_tsc arch_perfmon pebs bts rep_good nopl xtopology nonstop_tsc aperfmperf eagerfpu pni pclmulqdq dtes64 monitor ds_cpl vmx est tm2 ssse3 fma cx16 xtpr pdcm pcid sse4_1 sse4_2 movbe popcnt tsc_deadline_timer aes xsave avx f16c rdrand lahf_lm abm arat pln pts dtherm tpr_shadow vnmi flexpriority ept vpid fsgsbase tsc_adjust bmi1 avx2 smep bmi2 erms invpcid xsaveopt
bugs		:
bogomips	: 6983.79
clflush size	: 64
cache_alignment	: 64
address sizes	: 39 bits physical, 48 bits virtual
power management:

processor	: 3
vendor_id	: GenuineIntel
cpu family	: 6
model		: 60
model name	: Intel(R) Core(TM) i3-4150 CPU @ 3.50GHz
stepping	: 3
microcode	: 0x12
cpu MHz		: 3500.136
cache size	: 3072 KB
physical id	: 0
siblings	: 4
core id		: 1
cpu cores	: 2
apicid		: 3
initial apicid	: 3
fpu		: yes
fpu_exception	: yes
cpuid level	: 13
wp		: yes
flags		: fpu vme de pse tsc msr pae mce cx8 apic sep mtrr pge mca cmov pat pse36 clflush dts acpi mmx fxsr sse sse2 ss ht tm pbe syscall nx pdpe1gb rdtscp lm constant_tsc arch_perfmon pebs bts rep_good nopl xtopology nonstop_tsc aperfmperf eagerfpu pni pclmulqdq dtes64 monitor ds_cpl vmx est tm2 ssse3 fma cx16 xtpr pdcm pcid sse4_1 sse4_2 movbe popcnt tsc_deadline_timer aes xsave avx f16c rdrand lahf_lm abm arat pln pts dtherm tpr_shadow vnmi flexpriority ept vpid fsgsbase tsc_adjust bmi1 avx2 smep bmi2 erms invpcid xsaveopt
bugs		:
bogomips	: 6983.79
clflush size	: 64
cache_alignment	: 64
address sizes	: 39 bits physical, 48 bits virtual
power management:



Memory: 4k page, physical 8052020k(149124k free), swap 0k(0k free)

vm_info: OpenJDK 64-Bit Server VM (24.79-b02) for linux-amd64 JRE (1.7.0_79-b14), built on Jul 24 2015 05:24:39 by "buildd" with gcc 4.9.2

time: Tue Nov  3 15:03:54 2015
elapsed time: 24 seconds

