#
# There is insufficient memory for the Java Runtime Environment to continue.
# Native memory allocation (malloc) failed to allocate 83886080 bytes for committing reserved memory.
# Possible reasons:
#   The system is out of physical RAM or swap space
#   In 32 bit mode, the process size limit was hit
# Possible solutions:
#   Reduce memory load on the system
#   Increase physical memory or swap space
#   Check if swap backing store is full
#   Use 64 bit Java on a 64 bit OS
#   Decrease Java heap size (-Xmx/-Xms)
#   Decrease number of Java threads
#   Decrease Java thread stack sizes (-Xss)
#   Set larger code cache with -XX:ReservedCodeCacheSize=
# This output file may be truncated or incomplete.
#
#  Out of Memory Error (os_linux.cpp:2809), pid=7102, tid=139966512547584
#
# JRE version: OpenJDK Runtime Environment (7.0_79-b14) (build 1.7.0_79-b14)
# Java VM: OpenJDK 64-Bit Server VM (24.79-b02 mixed mode linux-amd64 compressed oops)
# Derivative: IcedTea 2.5.6
# Distribution: Ubuntu 15.04, package 7u79-2.5.6-0ubuntu1.15.04.1
# Failed to write core dump. Core dumps have been disabled. To enable core dumping, try "ulimit -c unlimited" before starting Java again
#

---------------  T H R E A D  ---------------

Current thread (0x00007f4c84076000):  VMThread [stack: 0x00007f4c7e32c000,0x00007f4c7e42d000] [id=7111]

Stack: [0x00007f4c7e32c000,0x00007f4c7e42d000],  sp=0x00007f4c7e42b4e0,  free space=1021k
Native frames: (J=compiled Java code, j=interpreted, Vv=VM code, C=native code)
V  [libjvm.so+0x98a166]  VMError::report_and_die()+0x186
V  [libjvm.so+0x48f932]  report_vm_out_of_memory(char const*, int, unsigned long, char const*)+0x92
V  [libjvm.so+0x7fd56b]  os::pd_commit_memory(char*, unsigned long, unsigned long, bool)+0xeb
V  [libjvm.so+0x7f7c4e]  os::commit_memory(char*, unsigned long, unsigned long, bool)+0x2e
V  [libjvm.so+0x86a56b]  PSVirtualSpace::expand_by(unsigned long)+0x5b
V  [libjvm.so+0x86b413]  PSYoungGen::resize_generation(unsigned long, unsigned long)+0xd3
V  [libjvm.so+0x86bb2b]  PSYoungGen::resize(unsigned long, unsigned long)+0x1b
V  [libjvm.so+0x867539]  PSScavenge::invoke_no_policy()+0xdc9
V  [libjvm.so+0x867d18]  PSScavenge::invoke()+0x38
V  [libjvm.so+0x81fb73]  ParallelScavengeHeap::failed_mem_allocate(unsigned long)+0x63
V  [libjvm.so+0x98ba32]  VM_ParallelGCFailedAllocation::doit()+0x92
V  [libjvm.so+0x9902e7]  VM_Operation::evaluate()+0x47
V  [libjvm.so+0x98e8cb]  VMThread::evaluate_operation(VM_Operation*)+0xab
V  [libjvm.so+0x98ef76]  VMThread::loop()+0x1e6
V  [libjvm.so+0x98f441]  VMThread::run()+0x81
V  [libjvm.so+0x7fa492]  java_start(Thread*)+0xf2

VM_Operation (0x00007f4c8b69f010): ParallelGCFailedAllocation, mode: safepoint, requested by thread 0x00007f4c8400a000


---------------  P R O C E S S  ---------------

Java Threads: ( => current thread )
  0x00007f4c840af000 JavaThread "Service Thread" daemon [_thread_blocked, id=7117, stack(0x00007f4c7d644000,0x00007f4c7d745000)]
  0x00007f4c840ac800 JavaThread "C2 CompilerThread1" daemon [_thread_blocked, id=7116, stack(0x00007f4c7d745000,0x00007f4c7d846000)]
  0x00007f4c840a9800 JavaThread "C2 CompilerThread0" daemon [_thread_blocked, id=7115, stack(0x00007f4c7d846000,0x00007f4c7d947000)]
  0x00007f4c840a7800 JavaThread "Signal Dispatcher" daemon [_thread_blocked, id=7114, stack(0x00007f4c7d947000,0x00007f4c7da48000)]
  0x00007f4c8407c800 JavaThread "Finalizer" daemon [_thread_blocked, id=7113, stack(0x00007f4c7e12a000,0x00007f4c7e22b000)]
  0x00007f4c8407a800 JavaThread "Reference Handler" daemon [_thread_blocked, id=7112, stack(0x00007f4c7e22b000,0x00007f4c7e32c000)]
  0x00007f4c8400a000 JavaThread "main" [_thread_blocked, id=7106, stack(0x00007f4c8b5a0000,0x00007f4c8b6a1000)]

Other Threads:
=>0x00007f4c84076000 VMThread [stack: 0x00007f4c7e32c000,0x00007f4c7e42d000] [id=7111]
  0x00007f4c840ba000 WatcherThread [stack: 0x00007f4c7d543000,0x00007f4c7d644000] [id=7118]

VM state:at safepoint (normal execution)

VM Mutex/Monitor currently owned by a thread:  ([mutex/lock_event])
[0x00007f4c84006930] Threads_lock - owner thread: 0x00007f4c84076000
[0x00007f4c84006e30] Heap_lock - owner thread: 0x00007f4c8400a000

Heap
 PSYoungGen      total 726528K, used 157637K [0x00000007aaa80000, 0x00000007eb600000, 0x0000000800000000)
  eden space 520704K, 0% used [0x00000007aaa80000,0x00000007aaa80000,0x00000007ca700000)
  from space 205824K, 76% used [0x00000007ded00000,0x00000007e86f17a0,0x00000007eb600000)
  to   space 166400K, 0% used [0x00000007ca700000,0x00000007ca700000,0x00000007d4980000)
 ParOldGen       total 460288K, used 411922K [0x0000000700000000, 0x000000071c180000, 0x00000007aaa80000)
  object space 460288K, 89% used [0x0000000700000000,0x0000000719244848,0x000000071c180000)
 PSPermGen       total 21504K, used 6312K [0x00000006f5a00000, 0x00000006f6f00000, 0x0000000700000000)
  object space 21504K, 29% used [0x00000006f5a00000,0x00000006f602a220,0x00000006f6f00000)

Card table byte_map: [0x00007f4c807ac000,0x00007f4c81000000] byte_map_base: 0x00007f4c7cfff000

Polling page: 0x00007f4c8b6c4000

Code Cache  [0x00007f4c81000000, 0x00007f4c81420000, 0x00007f4c84000000)
 total_blobs=1366 nmethods=1138 adapters=181 free_code_cache=45152Kb largest_free_block=46056832

Compilation events (10 events):
Event: 17.662 Thread 0x00007f4c840a9800 nmethod 1178 0x00007f4c81368510 code [0x00007f4c81368640, 0x00007f4c81368698]
Event: 17.688 Thread 0x00007f4c840a9800 1179             java.nio.charset.CharsetEncoder::reset (11 bytes)
Event: 17.688 Thread 0x00007f4c840a9800 nmethod 1179 0x00007f4c81368310 code [0x00007f4c81368440, 0x00007f4c81368498]
Event: 17.688 Thread 0x00007f4c840a9800 1180             java.nio.charset.CharsetEncoder::implReset (1 bytes)
Event: 17.688 Thread 0x00007f4c840a9800 nmethod 1180 0x00007f4c81368110 code [0x00007f4c81368240, 0x00007f4c81368298]
Event: 17.689 Thread 0x00007f4c840a9800 1181             java.util.zip.ZipCoder::getBytes (192 bytes)
Event: 17.700 Thread 0x00007f4c840a9800 nmethod 1181 0x00007f4c810db290 code [0x00007f4c810db4a0, 0x00007f4c810dbbe0]
Event: 17.700 Thread 0x00007f4c840a9800 1182             java.util.zip.ZipCoder::encoder (35 bytes)
Event: 17.701 Thread 0x00007f4c840a9800 nmethod 1182 0x00007f4c81362550 code [0x00007f4c813626c0, 0x00007f4c81362828]
Event: 17.765 Thread 0x00007f4c840ac800 nmethod 1175% 0x00007f4c81403750 code [0x00007f4c81403f00, 0x00007f4c81409f98]

GC Heap History (10 events):
Event: 11.230 GC heap after
Heap after GC invocations=12 (full 2):
 PSYoungGen      total 539648K, used 90964K [0x00000007aaa80000, 0x00000007d9600000, 0x0000000800000000)
  eden space 444928K, 0% used [0x00000007aaa80000,0x00000007aaa80000,0x00000007c5d00000)
  from space 94720K, 96% used [0x00000007cc780000,0x00000007d2055300,0x00000007d2400000)
  to   space 109056K, 0% used [0x00000007c5d00000,0x00000007c5d00000,0x00000007cc780000)
 ParOldGen       total 287744K, used 177163K [0x0000000700000000, 0x0000000711900000, 0x00000007aaa80000)
  object space 287744K, 61% used [0x0000000700000000,0x000000070ad02c78,0x0000000711900000)
 PSPermGen       total 21504K, used 6237K [0x00000006f5a00000, 0x00000006f6f00000, 0x0000000700000000)
  object space 21504K, 29% used [0x00000006f5a00000,0x00000006f6017680,0x00000006f6f00000)
}
Event: 12.383 GC heap before
{Heap before GC invocations=13 (full 2):
 PSYoungGen      total 539648K, used 535892K [0x00000007aaa80000, 0x00000007d9600000, 0x0000000800000000)
  eden space 444928K, 100% used [0x00000007aaa80000,0x00000007c5d00000,0x00000007c5d00000)
  from space 94720K, 96% used [0x00000007cc780000,0x00000007d2055300,0x00000007d2400000)
  to   space 109056K, 0% used [0x00000007c5d00000,0x00000007c5d00000,0x00000007cc780000)
 ParOldGen       total 287744K, used 177163K [0x0000000700000000, 0x0000000711900000, 0x00000007aaa80000)
  object space 287744K, 61% used [0x0000000700000000,0x000000070ad02c78,0x0000000711900000)
 PSPermGen       total 21504K, used 6296K [0x00000006f5a00000, 0x00000006f6f00000, 0x0000000700000000)
  object space 21504K, 29% used [0x00000006f5a00000,0x00000006f6026360,0x00000006f6f00000)
Event: 12.579 GC heap after
Heap after GC invocations=13 (full 2):
 PSYoungGen      total 553984K, used 109025K [0x00000007aaa80000, 0x00000007dd880000, 0x0000000800000000)
  eden space 444928K, 0% used [0x00000007aaa80000,0x00000007aaa80000,0x00000007c5d00000)
  from space 109056K, 99% used [0x00000007c5d00000,0x00000007cc7785a0,0x00000007cc780000)
  to   space 146432K, 0% used [0x00000007d4980000,0x00000007d4980000,0x00000007dd880000)
 ParOldGen       total 287744K, used 229884K [0x0000000700000000, 0x0000000711900000, 0x00000007aaa80000)
  object space 287744K, 79% used [0x0000000700000000,0x000000070e07f210,0x0000000711900000)
 PSPermGen       total 21504K, used 6296K [0x00000006f5a00000, 0x00000006f6f00000, 0x0000000700000000)
  object space 21504K, 29% used [0x00000006f5a00000,0x00000006f6026360,0x00000006f6f00000)
}
Event: 13.698 GC heap before
{Heap before GC invocations=14 (full 2):
 PSYoungGen      total 553984K, used 553953K [0x00000007aaa80000, 0x00000007dd880000, 0x0000000800000000)
  eden space 444928K, 100% used [0x00000007aaa80000,0x00000007c5d00000,0x00000007c5d00000)
  from space 109056K, 99% used [0x00000007c5d00000,0x00000007cc7785a0,0x00000007cc780000)
  to   space 146432K, 0% used [0x00000007d4980000,0x00000007d4980000,0x00000007dd880000)
 ParOldGen       total 287744K, used 229884K [0x0000000700000000, 0x0000000711900000, 0x00000007aaa80000)
  object space 287744K, 79% used [0x0000000700000000,0x000000070e07f210,0x0000000711900000)
 PSPermGen       total 21504K, used 6305K [0x00000006f5a00000, 0x00000006f6f00000, 0x0000000700000000)
  object space 21504K, 29% used [0x00000006f5a00000,0x00000006f6028678,0x00000006f6f00000)
Event: 14.191 GC heap after
Heap after GC invocations=14 (full 2):
 PSYoungGen      total 667136K, used 132204K [0x00000007aaa80000, 0x00000007e1a80000, 0x0000000800000000)
  eden space 520704K, 0% used [0x00000007aaa80000,0x00000007aaa80000,0x00000007ca700000)
  from space 146432K, 90% used [0x00000007d4980000,0x00000007dca9b3b0,0x00000007dd880000)
  to   space 166400K, 0% used [0x00000007ca700000,0x00000007ca700000,0x00000007d4980000)
 ParOldGen       total 287744K, used 281625K [0x0000000700000000, 0x0000000711900000, 0x00000007aaa80000)
  object space 287744K, 97% used [0x0000000700000000,0x0000000711306700,0x0000000711900000)
 PSPermGen       total 21504K, used 6305K [0x00000006f5a00000, 0x00000006f6f00000, 0x0000000700000000)
  object space 21504K, 29% used [0x00000006f5a00000,0x00000006f6028678,0x00000006f6f00000)
}
Event: 14.191 GC heap before
{Heap before GC invocations=15 (full 3):
 PSYoungGen      total 667136K, used 132204K [0x00000007aaa80000, 0x00000007e1a80000, 0x0000000800000000)
  eden space 520704K, 0% used [0x00000007aaa80000,0x00000007aaa80000,0x00000007ca700000)
  from space 146432K, 90% used [0x00000007d4980000,0x00000007dca9b3b0,0x00000007dd880000)
  to   space 166400K, 0% used [0x00000007ca700000,0x00000007ca700000,0x00000007d4980000)
 ParOldGen       total 287744K, used 281625K [0x0000000700000000, 0x0000000711900000, 0x00000007aaa80000)
  object space 287744K, 97% used [0x0000000700000000,0x0000000711306700,0x0000000711900000)
 PSPermGen       total 21504K, used 6305K [0x00000006f5a00000, 0x00000006f6f00000, 0x0000000700000000)
  object space 21504K, 29% used [0x00000006f5a00000,0x00000006f6028678,0x00000006f6f00000)
Event: 15.619 GC heap after
Heap after GC invocations=15 (full 3):
 PSYoungGen      total 667136K, used 118165K [0x00000007aaa80000, 0x00000007e1a80000, 0x0000000800000000)
  eden space 520704K, 0% used [0x00000007aaa80000,0x00000007aaa80000,0x00000007ca700000)
  from space 146432K, 80% used [0x00000007d4980000,0x00000007dbce5400,0x00000007dd880000)
  to   space 166400K, 0% used [0x00000007ca700000,0x00000007ca700000,0x00000007d4980000)
 ParOldGen       total 460288K, used 287419K [0x0000000700000000, 0x000000071c180000, 0x00000007aaa80000)
  object space 460288K, 62% used [0x0000000700000000,0x00000007118aec20,0x000000071c180000)
 PSPermGen       total 21504K, used 6305K [0x00000006f5a00000, 0x00000006f6f00000, 0x0000000700000000)
  object space 21504K, 29% used [0x00000006f5a00000,0x00000006f60284d8,0x00000006f6f00000)
}
Event: 16.551 GC heap before
{Heap before GC invocations=16 (full 3):
 PSYoungGen      total 667136K, used 638869K [0x00000007aaa80000, 0x00000007e1a80000, 0x0000000800000000)
  eden space 520704K, 100% used [0x00000007aaa80000,0x00000007ca700000,0x00000007ca700000)
  from space 146432K, 80% used [0x00000007d4980000,0x00000007dbce5400,0x00000007dd880000)
  to   space 166400K, 0% used [0x00000007ca700000,0x00000007ca700000,0x00000007d4980000)
 ParOldGen       total 460288K, used 287419K [0x0000000700000000, 0x000000071c180000, 0x00000007aaa80000)
  object space 460288K, 62% used [0x0000000700000000,0x00000007118aec20,0x000000071c180000)
 PSPermGen       total 21504K, used 6310K [0x00000006f5a00000, 0x00000006f6f00000, 0x0000000700000000)
  object space 21504K, 29% used [0x00000006f5a00000,0x00000006f6029a48,0x00000006f6f00000)
Event: 16.822 GC heap after
Heap after GC invocations=16 (full 3):
 PSYoungGen      total 687104K, used 166390K [0x00000007aaa80000, 0x00000007eb600000, 0x0000000800000000)
  eden space 520704K, 0% used [0x00000007aaa80000,0x00000007aaa80000,0x00000007ca700000)
  from space 166400K, 99% used [0x00000007ca700000,0x00000007d497db48,0x00000007d4980000)
  to   space 205824K, 0% used [0x00000007ded00000,0x00000007ded00000,0x00000007eb600000)
 ParOldGen       total 460288K, used 318284K [0x0000000700000000, 0x000000071c180000, 0x00000007aaa80000)
  object space 460288K, 69% used [0x0000000700000000,0x00000007136d31e8,0x000000071c180000)
 PSPermGen       total 21504K, used 6310K [0x00000006f5a00000, 0x00000006f6f00000, 0x0000000700000000)
  object space 21504K, 29% used [0x00000006f5a00000,0x00000006f6029a48,0x00000006f6f00000)
}
Event: 17.788 GC heap before
{Heap before GC invocations=17 (full 3):
 PSYoungGen      total 687104K, used 687094K [0x00000007aaa80000, 0x00000007eb600000, 0x0000000800000000)
  eden space 520704K, 100% used [0x00000007aaa80000,0x00000007ca700000,0x00000007ca700000)
  from space 166400K, 99% used [0x00000007ca700000,0x00000007d497db48,0x00000007d4980000)
  to   space 205824K, 0% used [0x00000007ded00000,0x00000007ded00000,0x00000007eb600000)
 ParOldGen       total 460288K, used 318284K [0x0000000700000000, 0x000000071c180000, 0x00000007aaa80000)
  object space 460288K, 69% used [0x0000000700000000,0x00000007136d31e8,0x000000071c180000)
 PSPermGen       total 21504K, used 6312K [0x00000006f5a00000, 0x00000006f6f00000, 0x0000000700000000)
  object space 21504K, 29% used [0x00000006f5a00000,0x00000006f602a220,0x00000006f6f00000)

Deoptimization events (10 events):
Event: 10.825 Thread 0x00007f4c8400a000 Uncommon trap: reason=null_check action=make_not_entrant pc=0x00007f4c813f4564 method=com.android.dx.cf.direct.StdAttributeFactory.enclosingMethod(Lcom/android/dx/cf/direct/DirectClassFile;IILcom/android/dx/cf/iface/ParseObserver;)Lcom/android/dx/cf/iface
Event: 11.275 Thread 0x00007f4c8400a000 Uncommon trap: reason=class_check action=maybe_recompile pc=0x00007f4c811d89f0 method=com.android.dx.ssa.SCCP.replaceConstants()V @ 182
Event: 11.398 Thread 0x00007f4c8400a000 Uncommon trap: reason=unreached action=reinterpret pc=0x00007f4c812dfc18 method=com.android.dx.rop.code.LocalItem.compareHandlesNulls(Lcom/android/dx/rop/cst/CstString;Lcom/android/dx/rop/cst/CstString;)I @ 14
Event: 11.398 Thread 0x00007f4c8400a000 Uncommon trap: reason=unreached action=reinterpret pc=0x00007f4c813de140 method=com.android.dx.rop.code.LocalItem.compareHandlesNulls(Lcom/android/dx/rop/cst/CstString;Lcom/android/dx/rop/cst/CstString;)I @ 14
Event: 12.053 Thread 0x00007f4c8400a000 Uncommon trap: reason=predicate action=maybe_recompile pc=0x00007f4c811bd60c method=com.android.dx.ssa.DomFront.run()[Lcom/android/dx/ssa/DomFront$DomInfo; @ 175
Event: 12.053 Thread 0x00007f4c8400a000 Uncommon trap: reason=unloaded action=reinterpret pc=0x00007f4c811befb8 method=com.android.dx.ssa.SetFactory.makeDomFrontSet(I)Lcom/android/dx/util/IntSet; @ 18
Event: 12.055 Thread 0x00007f4c8400a000 Uncommon trap: reason=class_check action=maybe_recompile pc=0x00007f4c8111bf1c method=com.android.dx.ssa.DomFront.calcDomFronts()V @ 101
Event: 12.058 Thread 0x00007f4c8400a000 Uncommon trap: reason=class_check action=maybe_recompile pc=0x00007f4c810c4534 method=com.android.dx.ssa.SsaConverter.placePhiFunctions(Lcom/android/dx/ssa/SsaMethod;Lcom/android/dx/ssa/LocalVariableInfo;I)V @ 257
Event: 12.584 Thread 0x00007f4c8400a000 Uncommon trap: reason=class_check action=maybe_recompile pc=0x00007f4c811d89f0 method=com.android.dx.ssa.SCCP.replaceConstants()V @ 182
Event: 16.929 Thread 0x00007f4c8400a000 Uncommon trap: reason=class_check action=maybe_recompile pc=0x00007f4c810c4534 method=com.android.dx.ssa.SsaConverter.placePhiFunctions(Lcom/android/dx/ssa/SsaMethod;Lcom/android/dx/ssa/LocalVariableInfo;I)V @ 257

Internal exceptions (10 events):
Event: 8.495 Thread 0x00007f4c8400a000 Implicit null exception at 0x00007f4c8128f0e5 to 0x00007f4c8128f2d1
Event: 8.495 Thread 0x00007f4c8400a000 Implicit null exception at 0x00007f4c8118a422 to 0x00007f4c8118b2e5
Event: 8.497 Thread 0x00007f4c8400a000 Implicit null exception at 0x00007f4c811eb3b1 to 0x00007f4c811eb581
Event: 8.497 Thread 0x00007f4c8400a000 Implicit null exception at 0x00007f4c811d6d75 to 0x00007f4c811d6ed5
Event: 8.773 Thread 0x00007f4c8400a000 Threw 0x00000007bd5cbde8 at /build/openjdk-7-yI9zWD/openjdk-7-7u79-2.5.6/build/openjdk/hotspot/src/share/vm/prims/jvm.cpp:1284
Event: 10.825 Thread 0x00007f4c8400a000 Implicit null exception at 0x00007f4c813f2dd3 to 0x00007f4c813f4555
Event: 11.398 Thread 0x00007f4c8400a000 Implicit null exception at 0x00007f4c812df12a to 0x00007f4c812dfbed
Event: 11.398 Thread 0x00007f4c8400a000 Implicit null exception at 0x00007f4c813ddf52 to 0x00007f4c813de12d
Event: 12.054 Thread 0x00007f4c8400a000 Threw 0x00000007bed1fb10 at /build/openjdk-7-yI9zWD/openjdk-7-7u79-2.5.6/build/openjdk/hotspot/src/share/vm/prims/jvm.cpp:1284
Event: 12.058 Thread 0x00007f4c8400a000 Threw 0x00000007bed656d0 at /build/openjdk-7-yI9zWD/openjdk-7-7u79-2.5.6/build/openjdk/hotspot/src/share/vm/prims/jvm.cpp:1284

Events (10 events):
Event: 15.638 Thread 0x00007f4c840ac800 flushing nmethod 0x00007f4c812ef310
Event: 16.551 Executing VM operation: ParallelGCFailedAllocation
Event: 16.823 Executing VM operation: ParallelGCFailedAllocation done
Event: 16.929 Thread 0x00007f4c8400a000 Uncommon trap: trap_request=0xffffffde fr.pc=0x00007f4c810c4534
Event: 16.929 Thread 0x00007f4c8400a000 DEOPT PACKING pc=0x00007f4c810c4534 sp=0x00007f4c8b69f0c0
Event: 16.929 Thread 0x00007f4c8400a000 DEOPT UNPACKING pc=0x00007f4c81039445 sp=0x00007f4c8b69f068 mode 2
Event: 17.688 Thread 0x00007f4c840a9800 flushing nmethod 0x00007f4c81228e10
Event: 17.700 Thread 0x00007f4c840a9800 flushing nmethod 0x00007f4c812c3c50
Event: 17.766 Thread 0x00007f4c840ac800 flushing nmethod 0x00007f4c813321d0
Event: 17.788 Executing VM operation: ParallelGCFailedAllocation


Dynamic libraries:
00400000-00401000 r-xp 00000000 08:01 20712222                           /usr/lib/jvm/java-7-openjdk-amd64/jre/bin/java
00600000-00601000 r--p 00000000 08:01 20712222                           /usr/lib/jvm/java-7-openjdk-amd64/jre/bin/java
00601000-00602000 rw-p 00001000 08:01 20712222                           /usr/lib/jvm/java-7-openjdk-amd64/jre/bin/java
00c66000-00c87000 rw-p 00000000 00:00 0                                  [heap]
6f5a00000-6f6f00000 rw-p 00000000 00:00 0 
6f6f00000-700000000 rw-p 00000000 00:00 0 
700000000-71c180000 rw-p 00000000 00:00 0 
71c180000-7aaa80000 rw-p 00000000 00:00 0 
7aaa80000-7eb600000 rw-p 00000000 00:00 0 
7f0600000-800000000 rw-p 00000000 00:00 0 
7f4c38000000-7f4c38021000 rw-p 00000000 00:00 0 
7f4c38021000-7f4c3c000000 ---p 00000000 00:00 0 
7f4c40000000-7f4c412a7000 rw-p 00000000 00:00 0 
7f4c412a7000-7f4c44000000 ---p 00000000 00:00 0 
7f4c44000000-7f4c44021000 rw-p 00000000 00:00 0 
7f4c44021000-7f4c48000000 ---p 00000000 00:00 0 
7f4c48000000-7f4c48021000 rw-p 00000000 00:00 0 
7f4c48021000-7f4c4c000000 ---p 00000000 00:00 0 
7f4c4c000000-7f4c4dc64000 rw-p 00000000 00:00 0 
7f4c4dc64000-7f4c50000000 ---p 00000000 00:00 0 
7f4c50000000-7f4c50021000 rw-p 00000000 00:00 0 
7f4c50021000-7f4c54000000 ---p 00000000 00:00 0 
7f4c54000000-7f4c54021000 rw-p 00000000 00:00 0 
7f4c54021000-7f4c58000000 ---p 00000000 00:00 0 
7f4c58000000-7f4c5823f000 rw-p 00000000 00:00 0 
7f4c5823f000-7f4c5c000000 ---p 00000000 00:00 0 
7f4c5fad0000-7f4c68000000 rw-p 00000000 00:00 0 
7f4c68000000-7f4c68021000 rw-p 00000000 00:00 0 
7f4c68021000-7f4c6c000000 ---p 00000000 00:00 0 
7f4c6c000000-7f4c6c021000 rw-p 00000000 00:00 0 
7f4c6c021000-7f4c70000000 ---p 00000000 00:00 0 
7f4c70000000-7f4c70021000 rw-p 00000000 00:00 0 
7f4c70021000-7f4c74000000 ---p 00000000 00:00 0 
7f4c7788a000-7f4c77b8b000 rw-p 00000000 00:00 0 
7f4c77b8b000-7f4c77bf7000 r-xp 00000000 08:01 22020192                   /lib/x86_64-linux-gnu/libpcre.so.3.13.1
7f4c77bf7000-7f4c77df6000 ---p 0006c000 08:01 22020192                   /lib/x86_64-linux-gnu/libpcre.so.3.13.1
7f4c77df6000-7f4c77df7000 r--p 0006b000 08:01 22020192                   /lib/x86_64-linux-gnu/libpcre.so.3.13.1
7f4c77df7000-7f4c77df8000 rw-p 0006c000 08:01 22020192                   /lib/x86_64-linux-gnu/libpcre.so.3.13.1
7f4c77df8000-7f4c77dff000 r-xp 00000000 08:01 20455638                   /usr/lib/x86_64-linux-gnu/libffi.so.6.0.4
7f4c77dff000-7f4c77ffe000 ---p 00007000 08:01 20455638                   /usr/lib/x86_64-linux-gnu/libffi.so.6.0.4
7f4c77ffe000-7f4c77fff000 r--p 00006000 08:01 20455638                   /usr/lib/x86_64-linux-gnu/libffi.so.6.0.4
7f4c77fff000-7f4c78000000 rw-p 00007000 08:01 20455638                   /usr/lib/x86_64-linux-gnu/libffi.so.6.0.4
7f4c78000000-7f4c78021000 rw-p 00000000 00:00 0 
7f4c78021000-7f4c7c000000 ---p 00000000 00:00 0 
7f4c7c108000-7f4c7c11f000 r-xp 00000000 08:01 22024473                   /lib/x86_64-linux-gnu/libresolv-2.21.so
7f4c7c11f000-7f4c7c31f000 ---p 00017000 08:01 22024473                   /lib/x86_64-linux-gnu/libresolv-2.21.so
7f4c7c31f000-7f4c7c321000 r--p 00017000 08:01 22024473                   /lib/x86_64-linux-gnu/libresolv-2.21.so
7f4c7c321000-7f4c7c322000 rw-p 00019000 08:01 22024473                   /lib/x86_64-linux-gnu/libresolv-2.21.so
7f4c7c322000-7f4c7c324000 rw-p 00000000 00:00 0 
7f4c7c324000-7f4c7c345000 r-xp 00000000 08:01 22024477                   /lib/x86_64-linux-gnu/libselinux.so.1
7f4c7c345000-7f4c7c544000 ---p 00021000 08:01 22024477                   /lib/x86_64-linux-gnu/libselinux.so.1
7f4c7c544000-7f4c7c545000 r--p 00020000 08:01 22024477                   /lib/x86_64-linux-gnu/libselinux.so.1
7f4c7c545000-7f4c7c546000 rw-p 00021000 08:01 22024477                   /lib/x86_64-linux-gnu/libselinux.so.1
7f4c7c546000-7f4c7c548000 rw-p 00000000 00:00 0 
7f4c7c548000-7f4c7c54b000 r-xp 00000000 08:01 20447655                   /usr/lib/x86_64-linux-gnu/libgmodule-2.0.so.0.4400.1
7f4c7c54b000-7f4c7c74a000 ---p 00003000 08:01 20447655                   /usr/lib/x86_64-linux-gnu/libgmodule-2.0.so.0.4400.1
7f4c7c74a000-7f4c7c74b000 r--p 00002000 08:01 20447655                   /usr/lib/x86_64-linux-gnu/libgmodule-2.0.so.0.4400.1
7f4c7c74b000-7f4c7c74c000 rw-p 00003000 08:01 20447655                   /usr/lib/x86_64-linux-gnu/libgmodule-2.0.so.0.4400.1
7f4c7c74c000-7f4c7c859000 r-xp 00000000 08:01 22024241                   /lib/x86_64-linux-gnu/libglib-2.0.so.0.4400.1
7f4c7c859000-7f4c7ca58000 ---p 0010d000 08:01 22024241                   /lib/x86_64-linux-gnu/libglib-2.0.so.0.4400.1
7f4c7ca58000-7f4c7ca59000 r--p 0010c000 08:01 22024241                   /lib/x86_64-linux-gnu/libglib-2.0.so.0.4400.1
7f4c7ca59000-7f4c7ca5a000 rw-p 0010d000 08:01 22024241                   /lib/x86_64-linux-gnu/libglib-2.0.so.0.4400.1
7f4c7ca5a000-7f4c7ca5b000 rw-p 00000000 00:00 0 
7f4c7ca5b000-7f4c7caab000 r-xp 00000000 08:01 20447615                   /usr/lib/x86_64-linux-gnu/libgobject-2.0.so.0.4400.1
7f4c7caab000-7f4c7ccab000 ---p 00050000 08:01 20447615                   /usr/lib/x86_64-linux-gnu/libgobject-2.0.so.0.4400.1
7f4c7ccab000-7f4c7ccac000 r--p 00050000 08:01 20447615                   /usr/lib/x86_64-linux-gnu/libgobject-2.0.so.0.4400.1
7f4c7ccac000-7f4c7ccad000 rw-p 00051000 08:01 20447615                   /usr/lib/x86_64-linux-gnu/libgobject-2.0.so.0.4400.1
7f4c7ccad000-7f4c7ce25000 r-xp 00000000 08:01 20447637                   /usr/lib/x86_64-linux-gnu/libgio-2.0.so.0.4400.1
7f4c7ce25000-7f4c7d025000 ---p 00178000 08:01 20447637                   /usr/lib/x86_64-linux-gnu/libgio-2.0.so.0.4400.1
7f4c7d025000-7f4c7d029000 r--p 00178000 08:01 20447637                   /usr/lib/x86_64-linux-gnu/libgio-2.0.so.0.4400.1
7f4c7d029000-7f4c7d02b000 rw-p 0017c000 08:01 20447637                   /usr/lib/x86_64-linux-gnu/libgio-2.0.so.0.4400.1
7f4c7d02b000-7f4c7d02d000 rw-p 00000000 00:00 0 
7f4c7d04c000-7f4c7d063000 r-xp 00000000 08:01 20587083                   /usr/lib/jvm/java-7-openjdk-amd64/jre/lib/amd64/libnet.so
7f4c7d063000-7f4c7d262000 ---p 00017000 08:01 20587083                   /usr/lib/jvm/java-7-openjdk-amd64/jre/lib/amd64/libnet.so
7f4c7d262000-7f4c7d263000 r--p 00016000 08:01 20587083                   /usr/lib/jvm/java-7-openjdk-amd64/jre/lib/amd64/libnet.so
7f4c7d263000-7f4c7d264000 rw-p 00017000 08:01 20587083                   /usr/lib/jvm/java-7-openjdk-amd64/jre/lib/amd64/libnet.so
7f4c7d264000-7f4c7d275000 r-xp 00000000 08:01 20587088                   /usr/lib/jvm/java-7-openjdk-amd64/jre/lib/amd64/libnio.so
7f4c7d275000-7f4c7d474000 ---p 00011000 08:01 20587088                   /usr/lib/jvm/java-7-openjdk-amd64/jre/lib/amd64/libnio.so
7f4c7d474000-7f4c7d475000 r--p 00010000 08:01 20587088                   /usr/lib/jvm/java-7-openjdk-amd64/jre/lib/amd64/libnio.so
7f4c7d475000-7f4c7d476000 rw-p 00011000 08:01 20587088                   /usr/lib/jvm/java-7-openjdk-amd64/jre/lib/amd64/libnio.so
7f4c7d476000-7f4c7d543000 r--s 0093b000 08:01 2229530                    /home/sharan/Dropbox/Muser/muser/build/intermediates/multi-dex/debug/allclasses.jar
7f4c7d543000-7f4c7d544000 ---p 00000000 00:00 0 
7f4c7d544000-7f4c7d644000 rw-p 00000000 00:00 0                          [stack:7118]
7f4c7d644000-7f4c7d647000 ---p 00000000 00:00 0 
7f4c7d647000-7f4c7d745000 rw-p 00000000 00:00 0                          [stack:7117]
7f4c7d745000-7f4c7d748000 ---p 00000000 00:00 0 
7f4c7d748000-7f4c7d846000 rw-p 00000000 00:00 0                          [stack:7116]
7f4c7d846000-7f4c7d849000 ---p 00000000 00:00 0 
7f4c7d849000-7f4c7d947000 rw-p 00000000 00:00 0                          [stack:7115]
7f4c7d947000-7f4c7d94a000 ---p 00000000 00:00 0 
7f4c7d94a000-7f4c7da48000 rw-p 00000000 00:00 0                          [stack:7114]
7f4c7da48000-7f4c7e12a000 r--p 00000000 08:01 20454393                   /usr/lib/locale/locale-archive
7f4c7e12a000-7f4c7e12d000 ---p 00000000 00:00 0 
7f4c7e12d000-7f4c7e22b000 rw-p 00000000 00:00 0                          [stack:7113]
7f4c7e22b000-7f4c7e22e000 ---p 00000000 00:00 0 
7f4c7e22e000-7f4c7e32c000 rw-p 00000000 00:00 0                          [stack:7112]
7f4c7e32c000-7f4c7e32d000 ---p 00000000 00:00 0 
7f4c7e32d000-7f4c7f42a000 rw-p 00000000 00:00 0                          [stack:7111]
7f4c7f42a000-7f4c7f5db000 r--s 01d29000 08:01 20587021                   /usr/lib/jvm/java-7-openjdk-amd64/jre/lib/rt.jar
7f4c7f5db000-7f4c7ff53000 rw-p 00000000 00:00 0 
7f4c7ff53000-7f4c7ff54000 ---p 00000000 00:00 0 
7f4c7ff54000-7f4c80054000 rw-p 00000000 00:00 0                          [stack:7110]
7f4c80054000-7f4c80055000 ---p 00000000 00:00 0 
7f4c80055000-7f4c80155000 rw-p 00000000 00:00 0                          [stack:7109]
7f4c80155000-7f4c80156000 ---p 00000000 00:00 0 
7f4c80156000-7f4c80337000 rw-p 00000000 00:00 0                          [stack:7108]
7f4c80337000-7f4c807ac000 rw-p 00000000 00:00 0 
7f4c807ac000-7f4c807b7000 rw-p 00000000 00:00 0 
7f4c807b7000-7f4c807ff000 rw-p 00000000 00:00 0 
7f4c807ff000-7f4c808e0000 rw-p 00000000 00:00 0 
7f4c808e0000-7f4c80d54000 rw-p 00000000 00:00 0 
7f4c80d54000-7f4c80f5a000 rw-p 00000000 00:00 0 
7f4c80f5a000-7f4c80fff000 rw-p 00000000 00:00 0 
7f4c80fff000-7f4c81000000 rw-p 00000000 00:00 0 
7f4c81000000-7f4c81420000 rwxp 00000000 00:00 0 
7f4c81420000-7f4c8438c000 rw-p 00000000 00:00 0 
7f4c8438c000-7f4c88000000 ---p 00000000 00:00 0 
7f4c88012000-7f4c8803a000 rw-p 00000000 00:00 0 
7f4c8803a000-7f4c8803b000 ---p 00000000 00:00 0 
7f4c8803b000-7f4c88146000 rw-p 00000000 00:00 0                          [stack:7107]
7f4c88146000-7f4c8818e000 rw-p 00000000 00:00 0 
7f4c8818e000-7f4c88196000 r-xp 00000000 08:01 20587054                   /usr/lib/jvm/java-7-openjdk-amd64/jre/lib/amd64/libzip.so
7f4c88196000-7f4c88395000 ---p 00008000 08:01 20587054                   /usr/lib/jvm/java-7-openjdk-amd64/jre/lib/amd64/libzip.so
7f4c88395000-7f4c88396000 r--p 00007000 08:01 20587054                   /usr/lib/jvm/java-7-openjdk-amd64/jre/lib/amd64/libzip.so
7f4c88396000-7f4c88397000 rw-p 00008000 08:01 20587054                   /usr/lib/jvm/java-7-openjdk-amd64/jre/lib/amd64/libzip.so
7f4c88397000-7f4c883a3000 r-xp 00000000 08:01 22024420                   /lib/x86_64-linux-gnu/libnss_files-2.21.so
7f4c883a3000-7f4c885a2000 ---p 0000c000 08:01 22024420                   /lib/x86_64-linux-gnu/libnss_files-2.21.so
7f4c885a2000-7f4c885a3000 r--p 0000b000 08:01 22024420                   /lib/x86_64-linux-gnu/libnss_files-2.21.so
7f4c885a3000-7f4c885a4000 rw-p 0000c000 08:01 22024420                   /lib/x86_64-linux-gnu/libnss_files-2.21.so
7f4c885a4000-7f4c885af000 r-xp 00000000 08:01 22024430                   /lib/x86_64-linux-gnu/libnss_nis-2.21.so
7f4c885af000-7f4c887ae000 ---p 0000b000 08:01 22024430                   /lib/x86_64-linux-gnu/libnss_nis-2.21.so
7f4c887ae000-7f4c887af000 r--p 0000a000 08:01 22024430                   /lib/x86_64-linux-gnu/libnss_nis-2.21.so
7f4c887af000-7f4c887b0000 rw-p 0000b000 08:01 22024430                   /lib/x86_64-linux-gnu/libnss_nis-2.21.so
7f4c887b0000-7f4c887c7000 r-xp 00000000 08:01 22024414                   /lib/x86_64-linux-gnu/libnsl-2.21.so
7f4c887c7000-7f4c889c6000 ---p 00017000 08:01 22024414                   /lib/x86_64-linux-gnu/libnsl-2.21.so
7f4c889c6000-7f4c889c7000 r--p 00016000 08:01 22024414                   /lib/x86_64-linux-gnu/libnsl-2.21.so
7f4c889c7000-7f4c889c8000 rw-p 00017000 08:01 22024414                   /lib/x86_64-linux-gnu/libnsl-2.21.so
7f4c889c8000-7f4c889ca000 rw-p 00000000 00:00 0 
7f4c889ca000-7f4c889d2000 r-xp 00000000 08:01 22024416                   /lib/x86_64-linux-gnu/libnss_compat-2.21.so
7f4c889d2000-7f4c88bd1000 ---p 00008000 08:01 22024416                   /lib/x86_64-linux-gnu/libnss_compat-2.21.so
7f4c88bd1000-7f4c88bd2000 r--p 00007000 08:01 22024416                   /lib/x86_64-linux-gnu/libnss_compat-2.21.so
7f4c88bd2000-7f4c88bd3000 rw-p 00008000 08:01 22024416                   /lib/x86_64-linux-gnu/libnss_compat-2.21.so
7f4c88bd3000-7f4c88c00000 r-xp 00000000 08:01 20587091                   /usr/lib/jvm/java-7-openjdk-amd64/jre/lib/amd64/libjava.so
7f4c88c00000-7f4c88dff000 ---p 0002d000 08:01 20587091                   /usr/lib/jvm/java-7-openjdk-amd64/jre/lib/amd64/libjava.so
7f4c88dff000-7f4c88e00000 r--p 0002c000 08:01 20587091                   /usr/lib/jvm/java-7-openjdk-amd64/jre/lib/amd64/libjava.so
7f4c88e00000-7f4c88e02000 rw-p 0002d000 08:01 20587091                   /usr/lib/jvm/java-7-openjdk-amd64/jre/lib/amd64/libjava.so
7f4c88e02000-7f4c88e11000 r-xp 00000000 08:01 20587072                   /usr/lib/jvm/java-7-openjdk-amd64/jre/lib/amd64/libverify.so
7f4c88e11000-7f4c89010000 ---p 0000f000 08:01 20587072                   /usr/lib/jvm/java-7-openjdk-amd64/jre/lib/amd64/libverify.so
7f4c89010000-7f4c89013000 r--p 0000e000 08:01 20587072                   /usr/lib/jvm/java-7-openjdk-amd64/jre/lib/amd64/libverify.so
7f4c89013000-7f4c89014000 rw-p 00011000 08:01 20587072                   /usr/lib/jvm/java-7-openjdk-amd64/jre/lib/amd64/libverify.so
7f4c89014000-7f4c8901b000 r-xp 00000000 08:01 22024475                   /lib/x86_64-linux-gnu/librt-2.21.so
7f4c8901b000-7f4c8921a000 ---p 00007000 08:01 22024475                   /lib/x86_64-linux-gnu/librt-2.21.so
7f4c8921a000-7f4c8921b000 r--p 00006000 08:01 22024475                   /lib/x86_64-linux-gnu/librt-2.21.so
7f4c8921b000-7f4c8921c000 rw-p 00007000 08:01 22024475                   /lib/x86_64-linux-gnu/librt-2.21.so
7f4c8921c000-7f4c89232000 r-xp 00000000 08:01 22024363                   /lib/x86_64-linux-gnu/libgcc_s.so.1
7f4c89232000-7f4c89431000 ---p 00016000 08:01 22024363                   /lib/x86_64-linux-gnu/libgcc_s.so.1
7f4c89431000-7f4c89432000 rw-p 00015000 08:01 22024363                   /lib/x86_64-linux-gnu/libgcc_s.so.1
7f4c89432000-7f4c89539000 r-xp 00000000 08:01 22024393                   /lib/x86_64-linux-gnu/libm-2.21.so
7f4c89539000-7f4c89738000 ---p 00107000 08:01 22024393                   /lib/x86_64-linux-gnu/libm-2.21.so
7f4c89738000-7f4c89739000 r--p 00106000 08:01 22024393                   /lib/x86_64-linux-gnu/libm-2.21.so
7f4c89739000-7f4c8973a000 rw-p 00107000 08:01 22024393                   /lib/x86_64-linux-gnu/libm-2.21.so
7f4c8973a000-7f4c8982a000 r-xp 00000000 08:01 20456311                   /usr/lib/x86_64-linux-gnu/libstdc++.so.6.0.20
7f4c8982a000-7f4c89a2a000 ---p 000f0000 08:01 20456311                   /usr/lib/x86_64-linux-gnu/libstdc++.so.6.0.20
7f4c89a2a000-7f4c89a32000 r--p 000f0000 08:01 20456311                   /usr/lib/x86_64-linux-gnu/libstdc++.so.6.0.20
7f4c89a32000-7f4c89a34000 rw-p 000f8000 08:01 20456311                   /usr/lib/x86_64-linux-gnu/libstdc++.so.6.0.20
7f4c89a34000-7f4c89a49000 rw-p 00000000 00:00 0 
7f4c89a49000-7f4c8a5a1000 r-xp 00000000 08:01 20587060                   /usr/lib/jvm/java-7-openjdk-amd64/jre/lib/amd64/server/libjvm.so
7f4c8a5a1000-7f4c8a7a0000 ---p 00b58000 08:01 20587060                   /usr/lib/jvm/java-7-openjdk-amd64/jre/lib/amd64/server/libjvm.so
7f4c8a7a0000-7f4c8a83f000 r--p 00b57000 08:01 20587060                   /usr/lib/jvm/java-7-openjdk-amd64/jre/lib/amd64/server/libjvm.so
7f4c8a83f000-7f4c8a862000 rw-p 00bf6000 08:01 20587060                   /usr/lib/jvm/java-7-openjdk-amd64/jre/lib/amd64/server/libjvm.so
7f4c8a862000-7f4c8a88f000 rw-p 00000000 00:00 0 
7f4c8a88f000-7f4c8a8a8000 r-xp 00000000 08:01 22024508                   /lib/x86_64-linux-gnu/libz.so.1.2.8
7f4c8a8a8000-7f4c8aaa8000 ---p 00019000 08:01 22024508                   /lib/x86_64-linux-gnu/libz.so.1.2.8
7f4c8aaa8000-7f4c8aaa9000 r--p 00019000 08:01 22024508                   /lib/x86_64-linux-gnu/libz.so.1.2.8
7f4c8aaa9000-7f4c8aaaa000 rw-p 0001a000 08:01 22024508                   /lib/x86_64-linux-gnu/libz.so.1.2.8
7f4c8aaaa000-7f4c8aac2000 r-xp 00000000 08:01 22024467                   /lib/x86_64-linux-gnu/libpthread-2.21.so
7f4c8aac2000-7f4c8acc2000 ---p 00018000 08:01 22024467                   /lib/x86_64-linux-gnu/libpthread-2.21.so
7f4c8acc2000-7f4c8acc3000 r--p 00018000 08:01 22024467                   /lib/x86_64-linux-gnu/libpthread-2.21.so
7f4c8acc3000-7f4c8acc4000 rw-p 00019000 08:01 22024467                   /lib/x86_64-linux-gnu/libpthread-2.21.so
7f4c8acc4000-7f4c8acc8000 rw-p 00000000 00:00 0 
7f4c8acc8000-7f4c8accb000 r-xp 00000000 08:01 22024351                   /lib/x86_64-linux-gnu/libdl-2.21.so
7f4c8accb000-7f4c8aeca000 ---p 00003000 08:01 22024351                   /lib/x86_64-linux-gnu/libdl-2.21.so
7f4c8aeca000-7f4c8aecb000 r--p 00002000 08:01 22024351                   /lib/x86_64-linux-gnu/libdl-2.21.so
7f4c8aecb000-7f4c8aecc000 rw-p 00003000 08:01 22024351                   /lib/x86_64-linux-gnu/libdl-2.21.so
7f4c8aecc000-7f4c8b08c000 r-xp 00000000 08:01 22024334                   /lib/x86_64-linux-gnu/libc-2.21.so
7f4c8b08c000-7f4c8b28c000 ---p 001c0000 08:01 22024334                   /lib/x86_64-linux-gnu/libc-2.21.so
7f4c8b28c000-7f4c8b290000 r--p 001c0000 08:01 22024334                   /lib/x86_64-linux-gnu/libc-2.21.so
7f4c8b290000-7f4c8b292000 rw-p 001c4000 08:01 22024334                   /lib/x86_64-linux-gnu/libc-2.21.so
7f4c8b292000-7f4c8b296000 rw-p 00000000 00:00 0 
7f4c8b296000-7f4c8b2a3000 r-xp 00000000 08:01 20587057                   /usr/lib/jvm/java-7-openjdk-amd64/jre/lib/amd64/jli/libjli.so
7f4c8b2a3000-7f4c8b4a2000 ---p 0000d000 08:01 20587057                   /usr/lib/jvm/java-7-openjdk-amd64/jre/lib/amd64/jli/libjli.so
7f4c8b4a2000-7f4c8b4a3000 r--p 0000c000 08:01 20587057                   /usr/lib/jvm/java-7-openjdk-amd64/jre/lib/amd64/jli/libjli.so
7f4c8b4a3000-7f4c8b4a4000 rw-p 0000d000 08:01 20587057                   /usr/lib/jvm/java-7-openjdk-amd64/jre/lib/amd64/jli/libjli.so
7f4c8b4a4000-7f4c8b4c8000 r-xp 00000000 08:01 22024306                   /lib/x86_64-linux-gnu/ld-2.21.so
7f4c8b4d1000-7f4c8b4e0000 r--s 000dd000 08:01 21636737                   /home/sharan/Android/Sdk/build-tools/21.1.2/lib/dx.jar
7f4c8b4e0000-7f4c8b4f1000 rw-p 00000000 00:00 0 
7f4c8b4f1000-7f4c8b5a0000 rw-p 00000000 00:00 0 
7f4c8b5a0000-7f4c8b5a3000 ---p 00000000 00:00 0 
7f4c8b5a3000-7f4c8b6a7000 rw-p 00000000 00:00 0                          [stack:7106]
7f4c8b6a7000-7f4c8b6ab000 r--s 00034000 08:01 20587040                   /usr/lib/jvm/java-7-openjdk-amd64/jre/lib/ext/sunjce_provider.jar
7f4c8b6ab000-7f4c8b6af000 r--s 0003c000 08:01 20587041                   /usr/lib/jvm/java-7-openjdk-amd64/jre/lib/ext/sunpkcs11.jar
7f4c8b6af000-7f4c8b6b2000 r--s 0000f000 08:01 20587042                   /usr/lib/jvm/java-7-openjdk-amd64/jre/lib/ext/icedtea-sound.jar
7f4c8b6b2000-7f4c8b6b6000 r--s 00085000 08:01 20587038                   /usr/lib/jvm/java-7-openjdk-amd64/jre/lib/ext/localedata.jar
7f4c8b6b6000-7f4c8b6b8000 r--s 00012000 08:01 20587043                   /usr/lib/jvm/java-7-openjdk-amd64/jre/lib/ext/zipfs.jar
7f4c8b6b8000-7f4c8b6ba000 r--s 00006000 08:01 20971724                   /usr/share/java/java-atk-wrapper.jar
7f4c8b6ba000-7f4c8b6bb000 r--s 00002000 08:01 20587039                   /usr/lib/jvm/java-7-openjdk-amd64/jre/lib/ext/dnsns.jar
7f4c8b6bb000-7f4c8b6c3000 rw-s 00000000 08:01 3014776                    /tmp/hsperfdata_sharan/7102
7f4c8b6c3000-7f4c8b6c4000 rw-p 00000000 00:00 0 
7f4c8b6c4000-7f4c8b6c5000 ---p 00000000 00:00 0 
7f4c8b6c5000-7f4c8b6c7000 rw-p 00000000 00:00 0 
7f4c8b6c7000-7f4c8b6c8000 r--p 00023000 08:01 22024306                   /lib/x86_64-linux-gnu/ld-2.21.so
7f4c8b6c8000-7f4c8b6c9000 rw-p 00024000 08:01 22024306                   /lib/x86_64-linux-gnu/ld-2.21.so
7f4c8b6c9000-7f4c8b6ca000 rw-p 00000000 00:00 0 
7ffc6a0ac000-7ffc6a0cd000 rw-p 00000000 00:00 0                          [stack]
7ffc6a156000-7ffc6a158000 r--p 00000000 00:00 0                          [vvar]
7ffc6a158000-7ffc6a15a000 r-xp 00000000 00:00 0                          [vdso]
ffffffffff600000-ffffffffff601000 r-xp 00000000 00:00 0                  [vsyscall]

VM Arguments:
jvm_args: -Xmx4g -Dfile.encoding=UTF-8 -Duser.country=IN -Duser.language=en -Duser.variant 
java_command: com.android.dx.command.Main --dex --force-jumbo --multi-dex --main-dex-list /home/sharan/Dropbox/Muser/muser/build/intermediates/multi-dex/debug/maindexlist.txt --output /home/sharan/Dropbox/Muser/muser/build/intermediates/dex/debug /home/sharan/Dropbox/Muser/muser/build/intermediates/multi-dex/debug/allclasses.jar
Launcher Type: SUN_STANDARD

Environment Variables:
JAVA_HOME=/usr/lib/jvm/java-8-oracle
PATH=/usr/local/sbin:/usr/local/bin:/usr/sbin:/usr/bin:/sbin:/bin:/usr/games:/usr/local/games:/usr/lib/jvm/java-8-oracle/bin:/usr/lib/jvm/java-8-oracle/db/bin:/usr/lib/jvm/java-8-oracle/jre/bin
LD_LIBRARY_PATH=/opt/android-studio/bin:
SHELL=/bin/bash
DISPLAY=:0

Signal Handlers:
SIGSEGV: [libjvm.so+0x98ac50], sa_mask[0]=0x7ffbfeff, sa_flags=0x10000004
SIGBUS: [libjvm.so+0x98ac50], sa_mask[0]=0x7ffbfeff, sa_flags=0x10000004
SIGFPE: [libjvm.so+0x7f8ab0], sa_mask[0]=0x7ffbfeff, sa_flags=0x10000004
SIGPIPE: [libjvm.so+0x7f8ab0], sa_mask[0]=0x7ffbfeff, sa_flags=0x10000004
SIGXFSZ: [libjvm.so+0x7f8ab0], sa_mask[0]=0x7ffbfeff, sa_flags=0x10000004
SIGILL: [libjvm.so+0x7f8ab0], sa_mask[0]=0x7ffbfeff, sa_flags=0x10000004
SIGUSR1: SIG_DFL, sa_mask[0]=0x00000000, sa_flags=0x00000000
SIGUSR2: [libjvm.so+0x7f8930], sa_mask[0]=0x00000004, sa_flags=0x10000004
SIGHUP: [libjvm.so+0x7f8b30], sa_mask[0]=0x7ffbfeff, sa_flags=0x10000004
SIGINT: [libjvm.so+0x7f8b30], sa_mask[0]=0x7ffbfeff, sa_flags=0x10000004
SIGTERM: [libjvm.so+0x7f8b30], sa_mask[0]=0x7ffbfeff, sa_flags=0x10000004
SIGQUIT: [libjvm.so+0x7f8b30], sa_mask[0]=0x7ffbfeff, sa_flags=0x10000004
SIGTRAP: SIG_DFL, sa_mask[0]=0x00000000, sa_flags=0x00000000


---------------  S Y S T E M  ---------------

OS:Ubuntu 15.04 (vivid)
uname:Linux 3.19.0-26-generic #28-Ubuntu SMP Tue Aug 11 14:16:32 UTC 2015 x86_64
libc:glibc 2.21 NPTL 2.21 
rlimit: STACK 8192k, CORE 0k, NPROC 31366, NOFILE 65536, AS infinity
load average:2.88 1.86 1.63

/proc/meminfo:
MemTotal:        8052020 kB
MemFree:          141752 kB
MemAvailable:     129228 kB
Buffers:            2236 kB
Cached:          1137816 kB
SwapCached:            0 kB
Active:          6667988 kB
Inactive:        1054840 kB
Active(anon):    6636608 kB
Inactive(anon):   990152 kB
Active(file):      31380 kB
Inactive(file):    64688 kB
Unevictable:          32 kB
Mlocked:              32 kB
SwapTotal:             0 kB
SwapFree:              0 kB
Dirty:               348 kB
Writeback:             0 kB
AnonPages:       6583284 kB
Mapped:           430180 kB
Shmem:           1043508 kB
Slab:              85448 kB
SReclaimable:      47824 kB
SUnreclaim:        37624 kB
KernelStack:       11616 kB
PageTables:        47716 kB
NFS_Unstable:          0 kB
Bounce:                0 kB
WritebackTmp:          0 kB
CommitLimit:     4026008 kB
Committed_AS:   14139352 kB
VmallocTotal:   34359738367 kB
VmallocUsed:      358880 kB
VmallocChunk:   34359320940 kB
HardwareCorrupted:     0 kB
AnonHugePages:   4124672 kB
CmaTotal:              0 kB
CmaFree:               0 kB
HugePages_Total:       0
HugePages_Free:        0
HugePages_Rsvd:        0
HugePages_Surp:        0
Hugepagesize:       2048 kB
DirectMap4k:      148540 kB
DirectMap2M:     6019072 kB
DirectMap1G:     2097152 kB


CPU:total 4 (2 cores per cpu, 2 threads per core) family 6 model 60 stepping 3, cmov, cx8, fxsr, mmx, sse, sse2, sse3, ssse3, sse4.1, sse4.2, popcnt, avx, avx2, aes, erms, ht, tsc, tscinvbit

/proc/cpuinfo:
processor	: 0
vendor_id	: GenuineIntel
cpu family	: 6
model		: 60
model name	: Intel(R) Core(TM) i3-4150 CPU @ 3.50GHz
stepping	: 3
microcode	: 0x12
cpu MHz		: 2191.464
cache size	: 3072 KB
physical id	: 0
siblings	: 4
core id		: 0
cpu cores	: 2
apicid		: 0
initial apicid	: 0
fpu		: yes
fpu_exception	: yes
cpuid level	: 13
wp		: yes
flags		: fpu vme de pse tsc msr pae mce cx8 apic sep mtrr pge mca cmov pat pse36 clflush dts acpi mmx fxsr sse sse2 ss ht tm pbe syscall nx pdpe1gb rdtscp lm constant_tsc arch_perfmon pebs bts rep_good nopl xtopology nonstop_tsc aperfmperf eagerfpu pni pclmulqdq dtes64 monitor ds_cpl vmx est tm2 ssse3 fma cx16 xtpr pdcm pcid sse4_1 sse4_2 movbe popcnt tsc_deadline_timer aes xsave avx f16c rdrand lahf_lm abm arat pln pts dtherm tpr_shadow vnmi flexpriority ept vpid fsgsbase tsc_adjust bmi1 avx2 smep bmi2 erms invpcid xsaveopt
bugs		:
bogomips	: 6983.77
clflush size	: 64
cache_alignment	: 64
address sizes	: 39 bits physical, 48 bits virtual
power management:

processor	: 1
vendor_id	: GenuineIntel
cpu family	: 6
model		: 60
model name	: Intel(R) Core(TM) i3-4150 CPU @ 3.50GHz
stepping	: 3
microcode	: 0x12
cpu MHz		: 2372.753
cache size	: 3072 KB
physical id	: 0
siblings	: 4
core id		: 1
cpu cores	: 2
apicid		: 2
initial apicid	: 2
fpu		: yes
fpu_exception	: yes
cpuid level	: 13
wp		: yes
flags		: fpu vme de pse tsc msr pae mce cx8 apic sep mtrr pge mca cmov pat pse36 clflush dts acpi mmx fxsr sse sse2 ss ht tm pbe syscall nx pdpe1gb rdtscp lm constant_tsc arch_perfmon pebs bts rep_good nopl xtopology nonstop_tsc aperfmperf eagerfpu pni pclmulqdq dtes64 monitor ds_cpl vmx est tm2 ssse3 fma cx16 xtpr pdcm pcid sse4_1 sse4_2 movbe popcnt tsc_deadline_timer aes xsave avx f16c rdrand lahf_lm abm arat pln pts dtherm tpr_shadow vnmi flexpriority ept vpid fsgsbase tsc_adjust bmi1 avx2 smep bmi2 erms invpcid xsaveopt
bugs		:
bogomips	: 6983.77
clflush size	: 64
cache_alignment	: 64
address sizes	: 39 bits physical, 48 bits virtual
power management:

processor	: 2
vendor_id	: GenuineIntel
cpu family	: 6
model		: 60
model name	: Intel(R) Core(TM) i3-4150 CPU @ 3.50GHz
stepping	: 3
microcode	: 0x12
cpu MHz		: 1699.960
cache size	: 3072 KB
physical id	: 0
siblings	: 4
core id		: 0
cpu cores	: 2
apicid		: 1
initial apicid	: 1
fpu		: yes
fpu_exception	: yes
cpuid level	: 13
wp		: yes
flags		: fpu vme de pse tsc msr pae mce cx8 apic sep mtrr pge mca cmov pat pse36 clflush dts acpi mmx fxsr sse sse2 ss ht tm pbe syscall nx pdpe1gb rdtscp lm constant_tsc arch_perfmon pebs bts rep_good nopl xtopology nonstop_tsc aperfmperf eagerfpu pni pclmulqdq dtes64 monitor ds_cpl vmx est tm2 ssse3 fma cx16 xtpr pdcm pcid sse4_1 sse4_2 movbe popcnt tsc_deadline_timer aes xsave avx f16c rdrand lahf_lm abm arat pln pts dtherm tpr_shadow vnmi flexpriority ept vpid fsgsbase tsc_adjust bmi1 avx2 smep bmi2 erms invpcid xsaveopt
bugs		:
bogomips	: 6983.77
clflush size	: 64
cache_alignment	: 64
address sizes	: 39 bits physical, 48 bits virtual
power management:

processor	: 3
vendor_id	: GenuineIntel
cpu family	: 6
model		: 60
model name	: Intel(R) Core(TM) i3-4150 CPU @ 3.50GHz
stepping	: 3
microcode	: 0x12
cpu MHz		: 3101.054
cache size	: 3072 KB
physical id	: 0
siblings	: 4
core id		: 1
cpu cores	: 2
apicid		: 3
initial apicid	: 3
fpu		: yes
fpu_exception	: yes
cpuid level	: 13
wp		: yes
flags		: fpu vme de pse tsc msr pae mce cx8 apic sep mtrr pge mca cmov pat pse36 clflush dts acpi mmx fxsr sse sse2 ss ht tm pbe syscall nx pdpe1gb rdtscp lm constant_tsc arch_perfmon pebs bts rep_good nopl xtopology nonstop_tsc aperfmperf eagerfpu pni pclmulqdq dtes64 monitor ds_cpl vmx est tm2 ssse3 fma cx16 xtpr pdcm pcid sse4_1 sse4_2 movbe popcnt tsc_deadline_timer aes xsave avx f16c rdrand lahf_lm abm arat pln pts dtherm tpr_shadow vnmi flexpriority ept vpid fsgsbase tsc_adjust bmi1 avx2 smep bmi2 erms invpcid xsaveopt
bugs		:
bogomips	: 6983.77
clflush size	: 64
cache_alignment	: 64
address sizes	: 39 bits physical, 48 bits virtual
power management:



Memory: 4k page, physical 8052020k(141752k free), swap 0k(0k free)

vm_info: OpenJDK 64-Bit Server VM (24.79-b02) for linux-amd64 JRE (1.7.0_79-b14), built on Jul 24 2015 05:24:39 by "buildd" with gcc 4.9.2

time: Mon Jan  4 18:18:18 2016
elapsed time: 24 seconds

