#
# There is insufficient memory for the Java Runtime Environment to continue.
# Native memory allocation (malloc) failed to allocate 232259584 bytes for committing reserved memory.
# Possible reasons:
#   The system is out of physical RAM or swap space
#   In 32 bit mode, the process size limit was hit
# Possible solutions:
#   Reduce memory load on the system
#   Increase physical memory or swap space
#   Check if swap backing store is full
#   Use 64 bit Java on a 64 bit OS
#   Decrease Java heap size (-Xmx/-Xms)
#   Decrease number of Java threads
#   Decrease Java thread stack sizes (-Xss)
#   Set larger code cache with -XX:ReservedCodeCacheSize=
# This output file may be truncated or incomplete.
#
#  Out of Memory Error (os_linux.cpp:2809), pid=11494, tid=140190050678528
#
# JRE version: OpenJDK Runtime Environment (7.0_79-b14) (build 1.7.0_79-b14)
# Java VM: OpenJDK 64-Bit Server VM (24.79-b02 mixed mode linux-amd64 compressed oops)
# Derivative: IcedTea 2.5.6
# Distribution: Ubuntu 15.04, package 7u79-2.5.6-0ubuntu1.15.04.1
# Failed to write core dump. Core dumps have been disabled. To enable core dumping, try "ulimit -c unlimited" before starting Java again
#

---------------  T H R E A D  ---------------

Current thread (0x00007f809013e000):  VMThread [stack: 0x00007f808a1bf000,0x00007f808a2c0000] [id=11507]

Stack: [0x00007f808a1bf000,0x00007f808a2c0000],  sp=0x00007f808a2be4c0,  free space=1021k
Native frames: (J=compiled Java code, j=interpreted, Vv=VM code, C=native code)
V  [libjvm.so+0x98a166]  VMError::report_and_die()+0x186
V  [libjvm.so+0x48f932]  report_vm_out_of_memory(char const*, int, unsigned long, char const*)+0x92
V  [libjvm.so+0x7fd56b]  os::pd_commit_memory(char*, unsigned long, unsigned long, bool)+0xeb
V  [libjvm.so+0x7f7c4e]  os::commit_memory(char*, unsigned long, unsigned long, bool)+0x2e
V  [libjvm.so+0x86a56b]  PSVirtualSpace::expand_by(unsigned long)+0x5b
V  [libjvm.so+0x858d5a]  PSOldGen::expand_by(unsigned long) [clone .part.29]+0x2a
V  [libjvm.so+0x858f10]  PSOldGen::expand(unsigned long) [clone .part.30]+0xc0
V  [libjvm.so+0x859ea8]  PSOldGen::resize(unsigned long)+0x198
V  [libjvm.so+0x861524]  PSParallelCompact::invoke_no_policy(bool) [clone .part.122]+0x994
V  [libjvm.so+0x867e85]  PSScavenge::invoke()+0x1a5
V  [libjvm.so+0x81fb73]  ParallelScavengeHeap::failed_mem_allocate(unsigned long)+0x63
V  [libjvm.so+0x98ba32]  VM_ParallelGCFailedAllocation::doit()+0x92
V  [libjvm.so+0x9902e7]  VM_Operation::evaluate()+0x47
V  [libjvm.so+0x98e8cb]  VMThread::evaluate_operation(VM_Operation*)+0xab
V  [libjvm.so+0x98ef76]  VMThread::loop()+0x1e6
V  [libjvm.so+0x98f441]  VMThread::run()+0x81
V  [libjvm.so+0x7fa492]  java_start(Thread*)+0xf2

VM_Operation (0x00007f8097665da0): ParallelGCFailedAllocation, mode: safepoint, requested by thread 0x00007f809000b000


---------------  P R O C E S S  ---------------

Java Threads: ( => current thread )
  0x00007f80901d2000 JavaThread "Service Thread" daemon [_thread_blocked, id=11515, stack(0x00007f8088953000,0x00007f8088a54000)]
  0x00007f80901c8800 JavaThread "C2 CompilerThread1" daemon [_thread_blocked, id=11514, stack(0x00007f8088a54000,0x00007f8088b55000)]
  0x00007f80901c6800 JavaThread "C2 CompilerThread0" daemon [_thread_blocked, id=11513, stack(0x00007f8088b55000,0x00007f8088c56000)]
  0x00007f809016f800 JavaThread "Signal Dispatcher" daemon [_thread_blocked, id=11510, stack(0x00007f80897da000,0x00007f80898db000)]
  0x00007f8090144800 JavaThread "Finalizer" daemon [_thread_blocked, id=11509, stack(0x00007f8089fbd000,0x00007f808a0be000)]
  0x00007f8090142800 JavaThread "Reference Handler" daemon [_thread_blocked, id=11508, stack(0x00007f808a0be000,0x00007f808a1bf000)]
  0x00007f809000b000 JavaThread "main" [_thread_blocked, id=11499, stack(0x00007f8097567000,0x00007f8097668000)]

Other Threads:
=>0x00007f809013e000 VMThread [stack: 0x00007f808a1bf000,0x00007f808a2c0000] [id=11507]
  0x00007f80901dc800 WatcherThread [stack: 0x00007f8088852000,0x00007f8088953000] [id=11516]

VM state:at safepoint (normal execution)

VM Mutex/Monitor currently owned by a thread:  ([mutex/lock_event])
[0x00007f8090007310] ExpandHeap_lock - owner thread: 0x00007f809013e000
[0x00007f8090007990] Threads_lock - owner thread: 0x00007f809013e000
[0x00007f8090007e90] Heap_lock - owner thread: 0x00007f809000b000

Heap
 PSYoungGen      total 822784K, used 76350K [0x00000007aaa80000, 0x00000007ed200000, 0x0000000800000000)
  eden space 617472K, 0% used [0x00000007aaa80000,0x00000007aaa80000,0x00000007d0580000)
  from space 205312K, 37% used [0x00000007dd600000,0x00000007e208f8f8,0x00000007e9e80000)
  to   space 213504K, 0% used [0x00000007d0580000,0x00000007d0580000,0x00000007dd600000)
 ParOldGen       total 461824K, used 461692K [0x0000000700000000, 0x000000071c300000, 0x00000007aaa80000)
  object space 461824K, 99% used [0x0000000700000000,0x000000071c2df250,0x000000071c300000)
 PSPermGen       total 21504K, used 6279K [0x00000006f5a00000, 0x00000006f6f00000, 0x0000000700000000)
  object space 21504K, 29% used [0x00000006f5a00000,0x00000006f6021de0,0x00000006f6f00000)

Card table byte_map: [0x00007f808c5a3000,0x00007f808cdf7000] byte_map_base: 0x00007f8088df6000

Polling page: 0x00007f809768b000

Code Cache  [0x00007f808cdf7000, 0x00007f808d1f7000, 0x00007f808fdf7000)
 total_blobs=1282 nmethods=1052 adapters=183 free_code_cache=45419Kb largest_free_block=46148480

Compilation events (10 events):
Event: 22.213 Thread 0x00007f80901c6800 nmethod 1110 0x00007f808ceb4f50 code [0x00007f808ceb50c0, 0x00007f808ceb5228]
Event: 22.883 Thread 0x00007f80901c8800 1111             java.lang.ref.Finalizer::register (10 bytes)
Event: 22.885 Thread 0x00007f80901c8800 nmethod 1111 0x00007f808cebd850 code [0x00007f808cebd9c0, 0x00007f808cebdd78]
Event: 22.885 Thread 0x00007f80901c8800 1112             java.lang.ref.Finalizer::<init> (23 bytes)
Event: 22.887 Thread 0x00007f80901c8800 nmethod 1112 0x00007f808cfa4590 code [0x00007f808cfa46e0, 0x00007f808cfa4a38]
Event: 22.887 Thread 0x00007f80901c6800 1113             java.lang.ref.FinalReference::<init> (7 bytes)
Event: 22.887 Thread 0x00007f80901c8800 1114   !         java.lang.ref.Finalizer::add (41 bytes)
Event: 22.887 Thread 0x00007f80901c6800 nmethod 1113 0x00007f808cebd5d0 code [0x00007f808cebd700, 0x00007f808cebd7b8]
Event: 22.888 Thread 0x00007f80901c8800 nmethod 1114 0x00007f808cfa4090 code [0x00007f808cfa41e0, 0x00007f808cfa44b8]
Event: 23.153 Thread 0x00007f80901c6800 1115   !         com.android.dx.cf.code.BytecodeArray::parseInstruction (2764 bytes)

GC Heap History (10 events):
Event: 17.302 GC heap after
Heap after GC invocations=17 (full 3):
 PSYoungGen      total 587264K, used 6431K [0x00000007aaa80000, 0x00000007d7d00000, 0x0000000800000000)
  eden space 460800K, 0% used [0x00000007aaa80000,0x00000007aaa80000,0x00000007c6c80000)
  from space 126464K, 5% used [0x00000007cee00000,0x00000007cf447fb0,0x00000007d6980000)
  to   space 132608K, 0% used [0x00000007c6c80000,0x00000007c6c80000,0x00000007cee00000)
 ParOldGen       total 461824K, used 293219K [0x0000000700000000, 0x000000071c300000, 0x00000007aaa80000)
  object space 461824K, 63% used [0x0000000700000000,0x0000000711e58f08,0x000000071c300000)
 PSPermGen       total 21504K, used 6204K [0x00000006f5a00000, 0x00000006f6f00000, 0x0000000700000000)
  object space 21504K, 28% used [0x00000006f5a00000,0x00000006f600f040,0x00000006f6f00000)
}
Event: 18.433 GC heap before
{Heap before GC invocations=18 (full 3):
 PSYoungGen      total 587264K, used 467231K [0x00000007aaa80000, 0x00000007d7d00000, 0x0000000800000000)
  eden space 460800K, 100% used [0x00000007aaa80000,0x00000007c6c80000,0x00000007c6c80000)
  from space 126464K, 5% used [0x00000007cee00000,0x00000007cf447fb0,0x00000007d6980000)
  to   space 132608K, 0% used [0x00000007c6c80000,0x00000007c6c80000,0x00000007cee00000)
 ParOldGen       total 461824K, used 293219K [0x0000000700000000, 0x000000071c300000, 0x00000007aaa80000)
  object space 461824K, 63% used [0x0000000700000000,0x0000000711e58f08,0x000000071c300000)
 PSPermGen       total 21504K, used 6217K [0x00000006f5a00000, 0x00000006f6f00000, 0x0000000700000000)
  object space 21504K, 28% used [0x00000006f5a00000,0x00000006f6012750,0x00000006f6f00000)
Event: 18.564 GC heap after
Heap after GC invocations=18 (full 3):
 PSYoungGen      total 593408K, used 70912K [0x00000007aaa80000, 0x00000007dcd80000, 0x0000000800000000)
  eden space 460800K, 0% used [0x00000007aaa80000,0x00000007aaa80000,0x00000007c6c80000)
  from space 132608K, 53% used [0x00000007c6c80000,0x00000007cb1c0140,0x00000007cee00000)
  to   space 131584K, 0% used [0x00000007d4d00000,0x00000007d4d00000,0x00000007dcd80000)
 ParOldGen       total 461824K, used 293219K [0x0000000700000000, 0x000000071c300000, 0x00000007aaa80000)
  object space 461824K, 63% used [0x0000000700000000,0x0000000711e58f08,0x000000071c300000)
 PSPermGen       total 21504K, used 6217K [0x00000006f5a00000, 0x00000006f6f00000, 0x0000000700000000)
  object space 21504K, 28% used [0x00000006f5a00000,0x00000006f6012750,0x00000006f6f00000)
}
Event: 19.656 GC heap before
{Heap before GC invocations=19 (full 3):
 PSYoungGen      total 593408K, used 531712K [0x00000007aaa80000, 0x00000007dcd80000, 0x0000000800000000)
  eden space 460800K, 100% used [0x00000007aaa80000,0x00000007c6c80000,0x00000007c6c80000)
  from space 132608K, 53% used [0x00000007c6c80000,0x00000007cb1c0140,0x00000007cee00000)
  to   space 131584K, 0% used [0x00000007d4d00000,0x00000007d4d00000,0x00000007dcd80000)
 ParOldGen       total 461824K, used 293219K [0x0000000700000000, 0x000000071c300000, 0x00000007aaa80000)
  object space 461824K, 63% used [0x0000000700000000,0x0000000711e58f08,0x000000071c300000)
 PSPermGen       total 21504K, used 6236K [0x00000006f5a00000, 0x00000006f6f00000, 0x0000000700000000)
  object space 21504K, 29% used [0x00000006f5a00000,0x00000006f6017320,0x00000006f6f00000)
Event: 19.899 GC heap after
Heap after GC invocations=19 (full 3):
 PSYoungGen      total 664576K, used 131552K [0x00000007aaa80000, 0x00000007e0e00000, 0x0000000800000000)
  eden space 532992K, 0% used [0x00000007aaa80000,0x00000007aaa80000,0x00000007cb300000)
  from space 131584K, 99% used [0x00000007d4d00000,0x00000007dcd783b8,0x00000007dcd80000)
  to   space 157696K, 0% used [0x00000007cb300000,0x00000007cb300000,0x00000007d4d00000)
 ParOldGen       total 461824K, used 306201K [0x0000000700000000, 0x000000071c300000, 0x00000007aaa80000)
  object space 461824K, 66% used [0x0000000700000000,0x0000000712b06550,0x000000071c300000)
 PSPermGen       total 21504K, used 6236K [0x00000006f5a00000, 0x00000006f6f00000, 0x0000000700000000)
  object space 21504K, 29% used [0x00000006f5a00000,0x00000006f6017320,0x00000006f6f00000)
}
Event: 21.235 GC heap before
{Heap before GC invocations=20 (full 3):
 PSYoungGen      total 664576K, used 664544K [0x00000007aaa80000, 0x00000007e0e00000, 0x0000000800000000)
  eden space 532992K, 100% used [0x00000007aaa80000,0x00000007cb300000,0x00000007cb300000)
  from space 131584K, 99% used [0x00000007d4d00000,0x00000007dcd783b8,0x00000007dcd80000)
  to   space 157696K, 0% used [0x00000007cb300000,0x00000007cb300000,0x00000007d4d00000)
 ParOldGen       total 461824K, used 306201K [0x0000000700000000, 0x000000071c300000, 0x00000007aaa80000)
  object space 461824K, 66% used [0x0000000700000000,0x0000000712b06550,0x000000071c300000)
 PSPermGen       total 21504K, used 6277K [0x00000006f5a00000, 0x00000006f6f00000, 0x0000000700000000)
  object space 21504K, 29% used [0x00000006f5a00000,0x00000006f60217e8,0x00000006f6f00000)
Event: 21.517 GC heap after
Heap after GC invocations=20 (full 3):
 PSYoungGen      total 690688K, used 157686K [0x00000007aaa80000, 0x00000007e9e80000, 0x0000000800000000)
  eden space 532992K, 0% used [0x00000007aaa80000,0x00000007aaa80000,0x00000007cb300000)
  from space 157696K, 99% used [0x00000007cb300000,0x00000007d4cfd8c8,0x00000007d4d00000)
  to   space 205312K, 0% used [0x00000007dd600000,0x00000007dd600000,0x00000007e9e80000)
 ParOldGen       total 461824K, used 364654K [0x0000000700000000, 0x000000071c300000, 0x00000007aaa80000)
  object space 461824K, 78% used [0x0000000700000000,0x000000071641b930,0x000000071c300000)
 PSPermGen       total 21504K, used 6277K [0x00000006f5a00000, 0x00000006f6f00000, 0x0000000700000000)
  object space 21504K, 29% used [0x00000006f5a00000,0x00000006f60217e8,0x00000006f6f00000)
}
Event: 23.183 GC heap before
{Heap before GC invocations=21 (full 3):
 PSYoungGen      total 690688K, used 690678K [0x00000007aaa80000, 0x00000007e9e80000, 0x0000000800000000)
  eden space 532992K, 100% used [0x00000007aaa80000,0x00000007cb300000,0x00000007cb300000)
  from space 157696K, 99% used [0x00000007cb300000,0x00000007d4cfd8c8,0x00000007d4d00000)
  to   space 205312K, 0% used [0x00000007dd600000,0x00000007dd600000,0x00000007e9e80000)
 ParOldGen       total 461824K, used 364654K [0x0000000700000000, 0x000000071c300000, 0x00000007aaa80000)
  object space 461824K, 78% used [0x0000000700000000,0x000000071641b930,0x000000071c300000)
 PSPermGen       total 21504K, used 6279K [0x00000006f5a00000, 0x00000006f6f00000, 0x0000000700000000)
  object space 21504K, 29% used [0x00000006f5a00000,0x00000006f6021ea0,0x00000006f6f00000)
Event: 26.950 GC heap after
Heap after GC invocations=21 (full 3):
 PSYoungGen      total 822784K, used 135045K [0x00000007aaa80000, 0x00000007ed200000, 0x0000000800000000)
  eden space 617472K, 0% used [0x00000007aaa80000,0x00000007aaa80000,0x00000007d0580000)
  from space 205312K, 65% used [0x00000007dd600000,0x00000007e59e1608,0x00000007e9e80000)
  to   space 213504K, 0% used [0x00000007d0580000,0x00000007d0580000,0x00000007dd600000)
 ParOldGen       total 461824K, used 454173K [0x0000000700000000, 0x000000071c300000, 0x00000007aaa80000)
  object space 461824K, 98% used [0x0000000700000000,0x000000071bb87560,0x000000071c300000)
 PSPermGen       total 21504K, used 6279K [0x00000006f5a00000, 0x00000006f6f00000, 0x0000000700000000)
  object space 21504K, 29% used [0x00000006f5a00000,0x00000006f6021ea0,0x00000006f6f00000)
}
Event: 30.345 GC heap before
{Heap before GC invocations=22 (full 4):
 PSYoungGen      total 822784K, used 135045K [0x00000007aaa80000, 0x00000007ed200000, 0x0000000800000000)
  eden space 617472K, 0% used [0x00000007aaa80000,0x00000007aaa80000,0x00000007d0580000)
  from space 205312K, 65% used [0x00000007dd600000,0x00000007e59e1608,0x00000007e9e80000)
  to   space 213504K, 0% used [0x00000007d0580000,0x00000007d0580000,0x00000007dd600000)
 ParOldGen       total 461824K, used 454173K [0x0000000700000000, 0x000000071c300000, 0x00000007aaa80000)
  object space 461824K, 98% used [0x0000000700000000,0x000000071bb87560,0x000000071c300000)
 PSPermGen       total 21504K, used 6279K [0x00000006f5a00000, 0x00000006f6f00000, 0x0000000700000000)
  object space 21504K, 29% used [0x00000006f5a00000,0x00000006f6021ea0,0x00000006f6f00000)

Deoptimization events (10 events):
Event: 20.093 Thread 0x00007f809000b000 Uncommon trap: reason=predicate action=maybe_recompile pc=0x00007f808d1a4d70 method=com.android.dx.ssa.SsaConverter.placePhiFunctions(Lcom/android/dx/ssa/SsaMethod;Lcom/android/dx/ssa/LocalVariableInfo;I)V @ 274
Event: 21.523 Thread 0x00007f809000b000 Uncommon trap: reason=class_check action=maybe_recompile pc=0x00007f808d1d3580 method=com.android.dx.ssa.back.FirstFitLocalCombiningAllocator.findNextUnreservedRopReg(IILcom/android/dx/ssa/back/FirstFitLocalCombiningAllocator$Alignment;)I @ 60
Event: 21.523 Thread 0x00007f809000b000 Uncommon trap: reason=class_check action=maybe_recompile pc=0x00007f808d1a26b4 method=com.android.dx.ssa.back.FirstFitLocalCombiningAllocator.findNextUnreservedRopReg(IILcom/android/dx/ssa/back/FirstFitLocalCombiningAllocator$Alignment;)I @ 60
Event: 21.523 Thread 0x00007f809000b000 Uncommon trap: reason=class_check action=maybe_recompile pc=0x00007f808d1a26b4 method=com.android.dx.ssa.back.FirstFitLocalCombiningAllocator.findNextUnreservedRopReg(IILcom/android/dx/ssa/back/FirstFitLocalCombiningAllocator$Alignment;)I @ 60
Event: 21.523 Thread 0x00007f809000b000 Uncommon trap: reason=class_check action=maybe_recompile pc=0x00007f808d1a26b4 method=com.android.dx.ssa.back.FirstFitLocalCombiningAllocator.findNextUnreservedRopReg(IILcom/android/dx/ssa/back/FirstFitLocalCombiningAllocator$Alignment;)I @ 60
Event: 21.524 Thread 0x00007f809000b000 Uncommon trap: reason=class_check action=maybe_recompile pc=0x00007f808d1d3580 method=com.android.dx.ssa.back.FirstFitLocalCombiningAllocator.findNextUnreservedRopReg(IILcom/android/dx/ssa/back/FirstFitLocalCombiningAllocator$Alignment;)I @ 60
Event: 21.524 Thread 0x00007f809000b000 Uncommon trap: reason=class_check action=maybe_recompile pc=0x00007f808ced4700 method=com.android.dx.ssa.back.FirstFitLocalCombiningAllocator.findNextUnreservedRopReg(IILcom/android/dx/ssa/back/FirstFitLocalCombiningAllocator$Alignment;)I @ 60
Event: 23.096 Thread 0x00007f809000b000 Uncommon trap: reason=null_check action=make_not_entrant pc=0x00007f808d0501dc method=com.android.dx.rop.cst.CstString.equals(Ljava/lang/Object;)Z @ 1
Event: 23.134 Thread 0x00007f809000b000 Uncommon trap: reason=bimorphic action=maybe_recompile pc=0x00007f808d151f04 method=com.android.dx.cf.code.BytecodeArray.parseInstruction(ILcom/android/dx/cf/code/BytecodeArray$Visitor;)I @ 1867
Event: 23.135 Thread 0x00007f809000b000 Uncommon trap: reason=bimorphic action=maybe_recompile pc=0x00007f808d151f04 method=com.android.dx.cf.code.BytecodeArray.parseInstruction(ILcom/android/dx/cf/code/BytecodeArray$Visitor;)I @ 1867

Internal exceptions (10 events):
Event: 11.312 Thread 0x00007f809000b000 Threw 0x00000007b37d2078 at /build/openjdk-7-yI9zWD/openjdk-7-7u79-2.5.6/build/openjdk/hotspot/src/share/vm/prims/jvm.cpp:1284
Event: 11.601 Thread 0x00007f809000b000 Threw 0x00000007b8c34420 at /build/openjdk-7-yI9zWD/openjdk-7-7u79-2.5.6/build/openjdk/hotspot/src/share/vm/prims/jvm.cpp:1284
Event: 11.621 Thread 0x00007f809000b000 Implicit null exception at 0x00007f808cebc89d to 0x00007f808cebca8d
Event: 11.621 Thread 0x00007f809000b000 Implicit null exception at 0x00007f808cfb7869 to 0x00007f808cfb7a3d
Event: 11.622 Thread 0x00007f809000b000 Implicit null exception at 0x00007f808cfa2035 to 0x00007f808cfa2195
Event: 12.750 Thread 0x00007f809000b000 Threw 0x00000007ab462030 at /build/openjdk-7-yI9zWD/openjdk-7-7u79-2.5.6/build/openjdk/hotspot/src/share/vm/prims/jvm.cpp:1284
Event: 12.761 Thread 0x00007f809000b000 Threw 0x00000007ab542348 at /build/openjdk-7-yI9zWD/openjdk-7-7u79-2.5.6/build/openjdk/hotspot/src/share/vm/prims/jvm.cpp:1284
Event: 18.675 Thread 0x00007f809000b000 Implicit null exception at 0x00007f808cf5c552 to 0x00007f808cf5c72d
Event: 18.675 Thread 0x00007f809000b000 Implicit null exception at 0x00007f808cf5cd3e to 0x00007f808cf5cefd
Event: 23.096 Thread 0x00007f809000b000 Implicit null exception at 0x00007f808d0500cc to 0x00007f808d0501ce

Events (10 events):
Event: 23.096 Thread 0x00007f809000b000 Uncommon trap: trap_request=0xfffffff4 fr.pc=0x00007f808d0501dc
Event: 23.096 Thread 0x00007f809000b000 DEOPT PACKING pc=0x00007f808d0501dc sp=0x00007f8097665f50
Event: 23.126 Thread 0x00007f809000b000 DEOPT UNPACKING pc=0x00007f808ce30445 sp=0x00007f8097665ef8 mode 2
Event: 23.134 Thread 0x00007f809000b000 Uncommon trap: trap_request=0xffffffc6 fr.pc=0x00007f808d151f04
Event: 23.134 Thread 0x00007f809000b000 DEOPT PACKING pc=0x00007f808d151f04 sp=0x00007f8097665ef0
Event: 23.134 Thread 0x00007f809000b000 DEOPT UNPACKING pc=0x00007f808ce30445 sp=0x00007f8097665eb0 mode 2
Event: 23.135 Thread 0x00007f809000b000 Uncommon trap: trap_request=0xffffffc6 fr.pc=0x00007f808d151f04
Event: 23.135 Thread 0x00007f809000b000 DEOPT PACKING pc=0x00007f808d151f04 sp=0x00007f8097665e10
Event: 23.135 Thread 0x00007f809000b000 DEOPT UNPACKING pc=0x00007f808ce30445 sp=0x00007f8097665dd0 mode 2
Event: 23.183 Executing VM operation: ParallelGCFailedAllocation


Dynamic libraries:
00400000-00401000 r-xp 00000000 08:01 20712222                           /usr/lib/jvm/java-7-openjdk-amd64/jre/bin/java
00600000-00601000 r--p 00000000 08:01 20712222                           /usr/lib/jvm/java-7-openjdk-amd64/jre/bin/java
00601000-00602000 rw-p 00001000 08:01 20712222                           /usr/lib/jvm/java-7-openjdk-amd64/jre/bin/java
009e5000-00a06000 rw-p 00000000 00:00 0                                  [heap]
6f5a00000-6f6f00000 rw-p 00000000 00:00 0 
6f6f00000-700000000 rw-p 00000000 00:00 0 
700000000-71c300000 rw-p 00000000 00:00 0 
72a080000-7aaa80000 rw-p 00000000 00:00 0 
7aaa80000-7ed200000 rw-p 00000000 00:00 0 
7ed200000-800000000 rw-p 00000000 00:00 0 
7f8044000000-7f8044021000 rw-p 00000000 00:00 0 
7f8044021000-7f8048000000 ---p 00000000 00:00 0 
7f8048000000-7f8048021000 rw-p 00000000 00:00 0 
7f8048021000-7f804c000000 ---p 00000000 00:00 0 
7f804c000000-7f804db0e000 rw-p 00000000 00:00 0 
7f804db0e000-7f8050000000 ---p 00000000 00:00 0 
7f8050000000-7f8051306000 rw-p 00000000 00:00 0 
7f8051306000-7f8054000000 ---p 00000000 00:00 0 
7f8054000000-7f8054021000 rw-p 00000000 00:00 0 
7f8054021000-7f8058000000 ---p 00000000 00:00 0 
7f8058000000-7f8058021000 rw-p 00000000 00:00 0 
7f8058021000-7f805c000000 ---p 00000000 00:00 0 
7f805c000000-7f805c021000 rw-p 00000000 00:00 0 
7f805c021000-7f8060000000 ---p 00000000 00:00 0 
7f8063ad0000-7f806c000000 rw-p 00000000 00:00 0 
7f806c000000-7f806c021000 rw-p 00000000 00:00 0 
7f806c021000-7f8070000000 ---p 00000000 00:00 0 
7f8070000000-7f8070247000 rw-p 00000000 00:00 0 
7f8070247000-7f8074000000 ---p 00000000 00:00 0 
7f8074000000-7f8074021000 rw-p 00000000 00:00 0 
7f8074021000-7f8078000000 ---p 00000000 00:00 0 
7f807c000000-7f807c021000 rw-p 00000000 00:00 0 
7f807c021000-7f8080000000 ---p 00000000 00:00 0 
7f8082bb7000-7f8082eb8000 rw-p 00000000 00:00 0 
7f8082eb8000-7f8082f24000 r-xp 00000000 08:01 22020192                   /lib/x86_64-linux-gnu/libpcre.so.3.13.1
7f8082f24000-7f8083123000 ---p 0006c000 08:01 22020192                   /lib/x86_64-linux-gnu/libpcre.so.3.13.1
7f8083123000-7f8083124000 r--p 0006b000 08:01 22020192                   /lib/x86_64-linux-gnu/libpcre.so.3.13.1
7f8083124000-7f8083125000 rw-p 0006c000 08:01 22020192                   /lib/x86_64-linux-gnu/libpcre.so.3.13.1
7f8083125000-7f808312c000 r-xp 00000000 08:01 20455638                   /usr/lib/x86_64-linux-gnu/libffi.so.6.0.4
7f808312c000-7f808332b000 ---p 00007000 08:01 20455638                   /usr/lib/x86_64-linux-gnu/libffi.so.6.0.4
7f808332b000-7f808332c000 r--p 00006000 08:01 20455638                   /usr/lib/x86_64-linux-gnu/libffi.so.6.0.4
7f808332c000-7f808332d000 rw-p 00007000 08:01 20455638                   /usr/lib/x86_64-linux-gnu/libffi.so.6.0.4
7f808332d000-7f8083344000 r-xp 00000000 08:01 22024473                   /lib/x86_64-linux-gnu/libresolv-2.21.so
7f8083344000-7f8083544000 ---p 00017000 08:01 22024473                   /lib/x86_64-linux-gnu/libresolv-2.21.so
7f8083544000-7f8083546000 r--p 00017000 08:01 22024473                   /lib/x86_64-linux-gnu/libresolv-2.21.so
7f8083546000-7f8083547000 rw-p 00019000 08:01 22024473                   /lib/x86_64-linux-gnu/libresolv-2.21.so
7f8083547000-7f8083549000 rw-p 00000000 00:00 0 
7f8083549000-7f808356a000 r-xp 00000000 08:01 22024477                   /lib/x86_64-linux-gnu/libselinux.so.1
7f808356a000-7f8083769000 ---p 00021000 08:01 22024477                   /lib/x86_64-linux-gnu/libselinux.so.1
7f8083769000-7f808376a000 r--p 00020000 08:01 22024477                   /lib/x86_64-linux-gnu/libselinux.so.1
7f808376a000-7f808376b000 rw-p 00021000 08:01 22024477                   /lib/x86_64-linux-gnu/libselinux.so.1
7f808376b000-7f808376d000 rw-p 00000000 00:00 0 
7f808376d000-7f8083770000 r-xp 00000000 08:01 20447655                   /usr/lib/x86_64-linux-gnu/libgmodule-2.0.so.0.4400.1
7f8083770000-7f808396f000 ---p 00003000 08:01 20447655                   /usr/lib/x86_64-linux-gnu/libgmodule-2.0.so.0.4400.1
7f808396f000-7f8083970000 r--p 00002000 08:01 20447655                   /usr/lib/x86_64-linux-gnu/libgmodule-2.0.so.0.4400.1
7f8083970000-7f8083971000 rw-p 00003000 08:01 20447655                   /usr/lib/x86_64-linux-gnu/libgmodule-2.0.so.0.4400.1
7f8083971000-7f8083a7e000 r-xp 00000000 08:01 22024241                   /lib/x86_64-linux-gnu/libglib-2.0.so.0.4400.1
7f8083a7e000-7f8083c7d000 ---p 0010d000 08:01 22024241                   /lib/x86_64-linux-gnu/libglib-2.0.so.0.4400.1
7f8083c7d000-7f8083c7e000 r--p 0010c000 08:01 22024241                   /lib/x86_64-linux-gnu/libglib-2.0.so.0.4400.1
7f8083c7e000-7f8083c7f000 rw-p 0010d000 08:01 22024241                   /lib/x86_64-linux-gnu/libglib-2.0.so.0.4400.1
7f8083c7f000-7f8083c80000 rw-p 00000000 00:00 0 
7f8083c80000-7f8083df8000 r-xp 00000000 08:01 20447637                   /usr/lib/x86_64-linux-gnu/libgio-2.0.so.0.4400.1
7f8083df8000-7f8083ff8000 ---p 00178000 08:01 20447637                   /usr/lib/x86_64-linux-gnu/libgio-2.0.so.0.4400.1
7f8083ff8000-7f8083ffc000 r--p 00178000 08:01 20447637                   /usr/lib/x86_64-linux-gnu/libgio-2.0.so.0.4400.1
7f8083ffc000-7f8083ffe000 rw-p 0017c000 08:01 20447637                   /usr/lib/x86_64-linux-gnu/libgio-2.0.so.0.4400.1
7f8083ffe000-7f8084000000 rw-p 00000000 00:00 0 
7f8084000000-7f8084021000 rw-p 00000000 00:00 0 
7f8084021000-7f8088000000 ---p 00000000 00:00 0 
7f808810a000-7f808815a000 r-xp 00000000 08:01 20447615                   /usr/lib/x86_64-linux-gnu/libgobject-2.0.so.0.4400.1
7f808815a000-7f808835a000 ---p 00050000 08:01 20447615                   /usr/lib/x86_64-linux-gnu/libgobject-2.0.so.0.4400.1
7f808835a000-7f808835b000 r--p 00050000 08:01 20447615                   /usr/lib/x86_64-linux-gnu/libgobject-2.0.so.0.4400.1
7f808835b000-7f808835c000 rw-p 00051000 08:01 20447615                   /usr/lib/x86_64-linux-gnu/libgobject-2.0.so.0.4400.1
7f808835c000-7f8088373000 r-xp 00000000 08:01 20587083                   /usr/lib/jvm/java-7-openjdk-amd64/jre/lib/amd64/libnet.so
7f8088373000-7f8088572000 ---p 00017000 08:01 20587083                   /usr/lib/jvm/java-7-openjdk-amd64/jre/lib/amd64/libnet.so
7f8088572000-7f8088573000 r--p 00016000 08:01 20587083                   /usr/lib/jvm/java-7-openjdk-amd64/jre/lib/amd64/libnet.so
7f8088573000-7f8088574000 rw-p 00017000 08:01 20587083                   /usr/lib/jvm/java-7-openjdk-amd64/jre/lib/amd64/libnet.so
7f8088574000-7f8088585000 r-xp 00000000 08:01 20587088                   /usr/lib/jvm/java-7-openjdk-amd64/jre/lib/amd64/libnio.so
7f8088585000-7f8088784000 ---p 00011000 08:01 20587088                   /usr/lib/jvm/java-7-openjdk-amd64/jre/lib/amd64/libnio.so
7f8088784000-7f8088785000 r--p 00010000 08:01 20587088                   /usr/lib/jvm/java-7-openjdk-amd64/jre/lib/amd64/libnio.so
7f8088785000-7f8088786000 rw-p 00011000 08:01 20587088                   /usr/lib/jvm/java-7-openjdk-amd64/jre/lib/amd64/libnio.so
7f8088786000-7f8088852000 r--s 00939000 08:01 30016571                   /home/sharan/AndroidStudioProjects/Muser/muser/build/intermediates/multi-dex/debug/allclasses.jar
7f8088852000-7f8088853000 ---p 00000000 00:00 0 
7f8088853000-7f8088953000 rw-p 00000000 00:00 0                          [stack:11516]
7f8088953000-7f8088956000 ---p 00000000 00:00 0 
7f8088956000-7f8088a54000 rw-p 00000000 00:00 0                          [stack:11515]
7f8088a54000-7f8088a57000 ---p 00000000 00:00 0 
7f8088a57000-7f8088b55000 rw-p 00000000 00:00 0                          [stack:11514]
7f8088b55000-7f8088b58000 ---p 00000000 00:00 0 
7f8088b58000-7f8088c56000 rw-p 00000000 00:00 0                          [stack:11513]
7f8088c56000-7f8088c5b000 r-xp 00000000 08:01 20455330                   /usr/lib/x86_64-linux-gnu/libXdmcp.so.6.0.0
7f8088c5b000-7f8088e5a000 ---p 00005000 08:01 20455330                   /usr/lib/x86_64-linux-gnu/libXdmcp.so.6.0.0
7f8088e5a000-7f8088e5b000 r--p 00004000 08:01 20455330                   /usr/lib/x86_64-linux-gnu/libXdmcp.so.6.0.0
7f8088e5b000-7f8088e5c000 rw-p 00005000 08:01 20455330                   /usr/lib/x86_64-linux-gnu/libXdmcp.so.6.0.0
7f8088e5c000-7f8088e5e000 r-xp 00000000 08:01 20455319                   /usr/lib/x86_64-linux-gnu/libXau.so.6.0.0
7f8088e5e000-7f808905e000 ---p 00002000 08:01 20455319                   /usr/lib/x86_64-linux-gnu/libXau.so.6.0.0
7f808905e000-7f808905f000 r--p 00002000 08:01 20455319                   /usr/lib/x86_64-linux-gnu/libXau.so.6.0.0
7f808905f000-7f8089060000 rw-p 00003000 08:01 20455319                   /usr/lib/x86_64-linux-gnu/libXau.so.6.0.0
7f8089060000-7f808907d000 r-xp 00000000 08:01 20456517                   /usr/lib/x86_64-linux-gnu/libxcb.so.1.1.0
7f808907d000-7f808927d000 ---p 0001d000 08:01 20456517                   /usr/lib/x86_64-linux-gnu/libxcb.so.1.1.0
7f808927d000-7f808927e000 r--p 0001d000 08:01 20456517                   /usr/lib/x86_64-linux-gnu/libxcb.so.1.1.0
7f808927e000-7f808927f000 rw-p 0001e000 08:01 20456517                   /usr/lib/x86_64-linux-gnu/libxcb.so.1.1.0
7f808927f000-7f80893b2000 r-xp 00000000 08:01 20455315                   /usr/lib/x86_64-linux-gnu/libX11.so.6.3.0
7f80893b2000-7f80895b2000 ---p 00133000 08:01 20455315                   /usr/lib/x86_64-linux-gnu/libX11.so.6.3.0
7f80895b2000-7f80895b3000 r--p 00133000 08:01 20455315                   /usr/lib/x86_64-linux-gnu/libX11.so.6.3.0
7f80895b3000-7f80895b7000 rw-p 00134000 08:01 20455315                   /usr/lib/x86_64-linux-gnu/libX11.so.6.3.0
7f80895b7000-7f80895b8000 rw-p 00000000 00:00 0 
7f80895d7000-7f80895d9000 r-xp 00000000 08:01 20452766                   /usr/lib/jayatana/libjayatanaag.so
7f80895d9000-7f80897d8000 ---p 00002000 08:01 20452766                   /usr/lib/jayatana/libjayatanaag.so
7f80897d8000-7f80897d9000 r--p 00001000 08:01 20452766                   /usr/lib/jayatana/libjayatanaag.so
7f80897d9000-7f80897da000 rw-p 00002000 08:01 20452766                   /usr/lib/jayatana/libjayatanaag.so
7f80897da000-7f80897dd000 ---p 00000000 00:00 0 
7f80897dd000-7f80898db000 rw-p 00000000 00:00 0                          [stack:11510]
7f80898db000-7f8089fbd000 r--p 00000000 08:01 20454393                   /usr/lib/locale/locale-archive
7f8089fbd000-7f8089fc0000 ---p 00000000 00:00 0 
7f8089fc0000-7f808a0be000 rw-p 00000000 00:00 0                          [stack:11509]
7f808a0be000-7f808a0c1000 ---p 00000000 00:00 0 
7f808a0c1000-7f808a1bf000 rw-p 00000000 00:00 0                          [stack:11508]
7f808a1bf000-7f808a1c0000 ---p 00000000 00:00 0 
7f808a1c0000-7f808b1cf000 rw-p 00000000 00:00 0                          [stack:11507]
7f808b1cf000-7f808b380000 r--s 01d29000 08:01 20587021                   /usr/lib/jvm/java-7-openjdk-amd64/jre/lib/rt.jar
7f808b380000-7f808bc49000 rw-p 00000000 00:00 0 
7f808bc49000-7f808bc4a000 ---p 00000000 00:00 0 
7f808bc4a000-7f808bd4a000 rw-p 00000000 00:00 0                          [stack:11506]
7f808bd4a000-7f808bd4b000 ---p 00000000 00:00 0 
7f808bd4b000-7f808be4b000 rw-p 00000000 00:00 0                          [stack:11505]
7f808be4b000-7f808be4c000 ---p 00000000 00:00 0 
7f808be4c000-7f808bf4c000 rw-p 00000000 00:00 0                          [stack:11504]
7f808bf4c000-7f808bf4d000 ---p 00000000 00:00 0 
7f808bf4d000-7f808c12f000 rw-p 00000000 00:00 0                          [stack:11503]
7f808c12f000-7f808c5a3000 rw-p 00000000 00:00 0 
7f808c5a3000-7f808c5ae000 rw-p 00000000 00:00 0 
7f808c5ae000-7f808c5f6000 rw-p 00000000 00:00 0 
7f808c5f6000-7f808c6d8000 rw-p 00000000 00:00 0 
7f808c6d8000-7f808cb4b000 rw-p 00000000 00:00 0 
7f808cb4b000-7f808cd5f000 rw-p 00000000 00:00 0 
7f808cd5f000-7f808cdf6000 rw-p 00000000 00:00 0 
7f808cdf6000-7f808cdf7000 rw-p 00000000 00:00 0 
7f808cdf7000-7f808d1f7000 rwxp 00000000 00:00 0 
7f808d1f7000-7f808fdf7000 rw-p 00000000 00:00 0 
7f808fdf7000-7f808fdff000 r-xp 00000000 08:01 20587054                   /usr/lib/jvm/java-7-openjdk-amd64/jre/lib/amd64/libzip.so
7f808fdff000-7f808fffe000 ---p 00008000 08:01 20587054                   /usr/lib/jvm/java-7-openjdk-amd64/jre/lib/amd64/libzip.so
7f808fffe000-7f808ffff000 r--p 00007000 08:01 20587054                   /usr/lib/jvm/java-7-openjdk-amd64/jre/lib/amd64/libzip.so
7f808ffff000-7f8090000000 rw-p 00008000 08:01 20587054                   /usr/lib/jvm/java-7-openjdk-amd64/jre/lib/amd64/libzip.so
7f8090000000-7f80903f3000 rw-p 00000000 00:00 0 
7f80903f3000-7f8094000000 ---p 00000000 00:00 0 
7f8094008000-7f809410b000 rw-p 00000000 00:00 0 
7f809410b000-7f8094153000 rw-p 00000000 00:00 0 
7f8094153000-7f809415f000 r-xp 00000000 08:01 22024420                   /lib/x86_64-linux-gnu/libnss_files-2.21.so
7f809415f000-7f809435e000 ---p 0000c000 08:01 22024420                   /lib/x86_64-linux-gnu/libnss_files-2.21.so
7f809435e000-7f809435f000 r--p 0000b000 08:01 22024420                   /lib/x86_64-linux-gnu/libnss_files-2.21.so
7f809435f000-7f8094360000 rw-p 0000c000 08:01 22024420                   /lib/x86_64-linux-gnu/libnss_files-2.21.so
7f8094360000-7f809436b000 r-xp 00000000 08:01 22024430                   /lib/x86_64-linux-gnu/libnss_nis-2.21.so
7f809436b000-7f809456a000 ---p 0000b000 08:01 22024430                   /lib/x86_64-linux-gnu/libnss_nis-2.21.so
7f809456a000-7f809456b000 r--p 0000a000 08:01 22024430                   /lib/x86_64-linux-gnu/libnss_nis-2.21.so
7f809456b000-7f809456c000 rw-p 0000b000 08:01 22024430                   /lib/x86_64-linux-gnu/libnss_nis-2.21.so
7f809456c000-7f8094583000 r-xp 00000000 08:01 22024414                   /lib/x86_64-linux-gnu/libnsl-2.21.so
7f8094583000-7f8094782000 ---p 00017000 08:01 22024414                   /lib/x86_64-linux-gnu/libnsl-2.21.so
7f8094782000-7f8094783000 r--p 00016000 08:01 22024414                   /lib/x86_64-linux-gnu/libnsl-2.21.so
7f8094783000-7f8094784000 rw-p 00017000 08:01 22024414                   /lib/x86_64-linux-gnu/libnsl-2.21.so
7f8094784000-7f8094786000 rw-p 00000000 00:00 0 
7f8094786000-7f809478e000 r-xp 00000000 08:01 22024416                   /lib/x86_64-linux-gnu/libnss_compat-2.21.so
7f809478e000-7f809498d000 ---p 00008000 08:01 22024416                   /lib/x86_64-linux-gnu/libnss_compat-2.21.so
7f809498d000-7f809498e000 r--p 00007000 08:01 22024416                   /lib/x86_64-linux-gnu/libnss_compat-2.21.so
7f809498e000-7f809498f000 rw-p 00008000 08:01 22024416                   /lib/x86_64-linux-gnu/libnss_compat-2.21.so
7f809498f000-7f8094999000 r-xp 00000000 08:01 20587084                   /usr/lib/jvm/java-7-openjdk-amd64/jre/lib/amd64/libinstrument.so
7f8094999000-7f8094b98000 ---p 0000a000 08:01 20587084                   /usr/lib/jvm/java-7-openjdk-amd64/jre/lib/amd64/libinstrument.so
7f8094b98000-7f8094b99000 r--p 00009000 08:01 20587084                   /usr/lib/jvm/java-7-openjdk-amd64/jre/lib/amd64/libinstrument.so
7f8094b99000-7f8094b9a000 rw-p 0000a000 08:01 20587084                   /usr/lib/jvm/java-7-openjdk-amd64/jre/lib/amd64/libinstrument.so
7f8094b9a000-7f8094bc7000 r-xp 00000000 08:01 20587091                   /usr/lib/jvm/java-7-openjdk-amd64/jre/lib/amd64/libjava.so
7f8094bc7000-7f8094dc6000 ---p 0002d000 08:01 20587091                   /usr/lib/jvm/java-7-openjdk-amd64/jre/lib/amd64/libjava.so
7f8094dc6000-7f8094dc7000 r--p 0002c000 08:01 20587091                   /usr/lib/jvm/java-7-openjdk-amd64/jre/lib/amd64/libjava.so
7f8094dc7000-7f8094dc9000 rw-p 0002d000 08:01 20587091                   /usr/lib/jvm/java-7-openjdk-amd64/jre/lib/amd64/libjava.so
7f8094dc9000-7f8094dd8000 r-xp 00000000 08:01 20587072                   /usr/lib/jvm/java-7-openjdk-amd64/jre/lib/amd64/libverify.so
7f8094dd8000-7f8094fd7000 ---p 0000f000 08:01 20587072                   /usr/lib/jvm/java-7-openjdk-amd64/jre/lib/amd64/libverify.so
7f8094fd7000-7f8094fda000 r--p 0000e000 08:01 20587072                   /usr/lib/jvm/java-7-openjdk-amd64/jre/lib/amd64/libverify.so
7f8094fda000-7f8094fdb000 rw-p 00011000 08:01 20587072                   /usr/lib/jvm/java-7-openjdk-amd64/jre/lib/amd64/libverify.so
7f8094fdb000-7f8094fe2000 r-xp 00000000 08:01 22024475                   /lib/x86_64-linux-gnu/librt-2.21.so
7f8094fe2000-7f80951e1000 ---p 00007000 08:01 22024475                   /lib/x86_64-linux-gnu/librt-2.21.so
7f80951e1000-7f80951e2000 r--p 00006000 08:01 22024475                   /lib/x86_64-linux-gnu/librt-2.21.so
7f80951e2000-7f80951e3000 rw-p 00007000 08:01 22024475                   /lib/x86_64-linux-gnu/librt-2.21.so
7f80951e3000-7f80951f9000 r-xp 00000000 08:01 22024363                   /lib/x86_64-linux-gnu/libgcc_s.so.1
7f80951f9000-7f80953f8000 ---p 00016000 08:01 22024363                   /lib/x86_64-linux-gnu/libgcc_s.so.1
7f80953f8000-7f80953f9000 rw-p 00015000 08:01 22024363                   /lib/x86_64-linux-gnu/libgcc_s.so.1
7f80953f9000-7f8095500000 r-xp 00000000 08:01 22024393                   /lib/x86_64-linux-gnu/libm-2.21.so
7f8095500000-7f80956ff000 ---p 00107000 08:01 22024393                   /lib/x86_64-linux-gnu/libm-2.21.so
7f80956ff000-7f8095700000 r--p 00106000 08:01 22024393                   /lib/x86_64-linux-gnu/libm-2.21.so
7f8095700000-7f8095701000 rw-p 00107000 08:01 22024393                   /lib/x86_64-linux-gnu/libm-2.21.so
7f8095701000-7f80957f1000 r-xp 00000000 08:01 20456311                   /usr/lib/x86_64-linux-gnu/libstdc++.so.6.0.20
7f80957f1000-7f80959f1000 ---p 000f0000 08:01 20456311                   /usr/lib/x86_64-linux-gnu/libstdc++.so.6.0.20
7f80959f1000-7f80959f9000 r--p 000f0000 08:01 20456311                   /usr/lib/x86_64-linux-gnu/libstdc++.so.6.0.20
7f80959f9000-7f80959fb000 rw-p 000f8000 08:01 20456311                   /usr/lib/x86_64-linux-gnu/libstdc++.so.6.0.20
7f80959fb000-7f8095a10000 rw-p 00000000 00:00 0 
7f8095a10000-7f8096568000 r-xp 00000000 08:01 20587060                   /usr/lib/jvm/java-7-openjdk-amd64/jre/lib/amd64/server/libjvm.so
7f8096568000-7f8096767000 ---p 00b58000 08:01 20587060                   /usr/lib/jvm/java-7-openjdk-amd64/jre/lib/amd64/server/libjvm.so
7f8096767000-7f8096806000 r--p 00b57000 08:01 20587060                   /usr/lib/jvm/java-7-openjdk-amd64/jre/lib/amd64/server/libjvm.so
7f8096806000-7f8096829000 rw-p 00bf6000 08:01 20587060                   /usr/lib/jvm/java-7-openjdk-amd64/jre/lib/amd64/server/libjvm.so
7f8096829000-7f8096856000 rw-p 00000000 00:00 0 
7f8096856000-7f809686f000 r-xp 00000000 08:01 22024508                   /lib/x86_64-linux-gnu/libz.so.1.2.8
7f809686f000-7f8096a6f000 ---p 00019000 08:01 22024508                   /lib/x86_64-linux-gnu/libz.so.1.2.8
7f8096a6f000-7f8096a70000 r--p 00019000 08:01 22024508                   /lib/x86_64-linux-gnu/libz.so.1.2.8
7f8096a70000-7f8096a71000 rw-p 0001a000 08:01 22024508                   /lib/x86_64-linux-gnu/libz.so.1.2.8
7f8096a71000-7f8096a89000 r-xp 00000000 08:01 22024467                   /lib/x86_64-linux-gnu/libpthread-2.21.so
7f8096a89000-7f8096c89000 ---p 00018000 08:01 22024467                   /lib/x86_64-linux-gnu/libpthread-2.21.so
7f8096c89000-7f8096c8a000 r--p 00018000 08:01 22024467                   /lib/x86_64-linux-gnu/libpthread-2.21.so
7f8096c8a000-7f8096c8b000 rw-p 00019000 08:01 22024467                   /lib/x86_64-linux-gnu/libpthread-2.21.so
7f8096c8b000-7f8096c8f000 rw-p 00000000 00:00 0 
7f8096c8f000-7f8096c92000 r-xp 00000000 08:01 22024351                   /lib/x86_64-linux-gnu/libdl-2.21.so
7f8096c92000-7f8096e91000 ---p 00003000 08:01 22024351                   /lib/x86_64-linux-gnu/libdl-2.21.so
7f8096e91000-7f8096e92000 r--p 00002000 08:01 22024351                   /lib/x86_64-linux-gnu/libdl-2.21.so
7f8096e92000-7f8096e93000 rw-p 00003000 08:01 22024351                   /lib/x86_64-linux-gnu/libdl-2.21.so
7f8096e93000-7f8097053000 r-xp 00000000 08:01 22024334                   /lib/x86_64-linux-gnu/libc-2.21.so
7f8097053000-7f8097253000 ---p 001c0000 08:01 22024334                   /lib/x86_64-linux-gnu/libc-2.21.so
7f8097253000-7f8097257000 r--p 001c0000 08:01 22024334                   /lib/x86_64-linux-gnu/libc-2.21.so
7f8097257000-7f8097259000 rw-p 001c4000 08:01 22024334                   /lib/x86_64-linux-gnu/libc-2.21.so
7f8097259000-7f809725d000 rw-p 00000000 00:00 0 
7f809725d000-7f809726a000 r-xp 00000000 08:01 20587057                   /usr/lib/jvm/java-7-openjdk-amd64/jre/lib/amd64/jli/libjli.so
7f809726a000-7f8097469000 ---p 0000d000 08:01 20587057                   /usr/lib/jvm/java-7-openjdk-amd64/jre/lib/amd64/jli/libjli.so
7f8097469000-7f809746a000 r--p 0000c000 08:01 20587057                   /usr/lib/jvm/java-7-openjdk-amd64/jre/lib/amd64/jli/libjli.so
7f809746a000-7f809746b000 rw-p 0000d000 08:01 20587057                   /usr/lib/jvm/java-7-openjdk-amd64/jre/lib/amd64/jli/libjli.so
7f809746b000-7f809748f000 r-xp 00000000 08:01 22024306                   /lib/x86_64-linux-gnu/ld-2.21.so
7f8097497000-7f8097498000 rw-p 00000000 00:00 0 
7f8097498000-7f80974a7000 r--s 000dd000 08:01 21636737                   /home/sharan/Android/Sdk/build-tools/21.1.2/lib/dx.jar
7f80974a7000-7f80974b7000 rw-p 00000000 00:00 0 
7f80974b7000-7f8097567000 rw-p 00000000 00:00 0 
7f8097567000-7f809756a000 ---p 00000000 00:00 0 
7f809756a000-7f809766d000 rw-p 00000000 00:00 0                          [stack:11499]
7f809766d000-7f809766e000 r--s 00000000 08:01 20979860                   /usr/share/java/jayatanaag.jar
7f809766e000-7f8097672000 r--s 00034000 08:01 20587040                   /usr/lib/jvm/java-7-openjdk-amd64/jre/lib/ext/sunjce_provider.jar
7f8097672000-7f8097676000 r--s 0003c000 08:01 20587041                   /usr/lib/jvm/java-7-openjdk-amd64/jre/lib/ext/sunpkcs11.jar
7f8097676000-7f8097679000 r--s 0000f000 08:01 20587042                   /usr/lib/jvm/java-7-openjdk-amd64/jre/lib/ext/icedtea-sound.jar
7f8097679000-7f809767d000 r--s 00085000 08:01 20587038                   /usr/lib/jvm/java-7-openjdk-amd64/jre/lib/ext/localedata.jar
7f809767d000-7f809767f000 r--s 00012000 08:01 20587043                   /usr/lib/jvm/java-7-openjdk-amd64/jre/lib/ext/zipfs.jar
7f809767f000-7f8097681000 r--s 00006000 08:01 20971724                   /usr/share/java/java-atk-wrapper.jar
7f8097681000-7f8097682000 r--s 00002000 08:01 20587039                   /usr/lib/jvm/java-7-openjdk-amd64/jre/lib/ext/dnsns.jar
7f8097682000-7f809768a000 rw-s 00000000 08:01 3016142                    /tmp/hsperfdata_sharan/11494
7f809768a000-7f809768b000 rw-p 00000000 00:00 0 
7f809768b000-7f809768c000 ---p 00000000 00:00 0 
7f809768c000-7f809768e000 rw-p 00000000 00:00 0 
7f809768e000-7f809768f000 r--p 00023000 08:01 22024306                   /lib/x86_64-linux-gnu/ld-2.21.so
7f809768f000-7f8097690000 rw-p 00024000 08:01 22024306                   /lib/x86_64-linux-gnu/ld-2.21.so
7f8097690000-7f8097691000 rw-p 00000000 00:00 0 
7ffe42a4a000-7ffe42a6b000 rw-p 00000000 00:00 0                          [stack]
7ffe42bbd000-7ffe42bbf000 r--p 00000000 00:00 0                          [vvar]
7ffe42bbf000-7ffe42bc1000 r-xp 00000000 00:00 0                          [vdso]
ffffffffff600000-ffffffffff601000 r-xp 00000000 00:00 0                  [vsyscall]

VM Arguments:
jvm_args: -javaagent:/usr/share/java/jayatanaag.jar -Xmx4g -Dfile.encoding=UTF-8 -Duser.country=IN -Duser.language=en -Duser.variant 
java_command: com.android.dx.command.Main --dex --force-jumbo --multi-dex --main-dex-list /home/sharan/AndroidStudioProjects/Muser/muser/build/intermediates/multi-dex/debug/maindexlist.txt --output /home/sharan/AndroidStudioProjects/Muser/muser/build/intermediates/dex/debug /home/sharan/AndroidStudioProjects/Muser/muser/build/intermediates/multi-dex/debug/allclasses.jar
Launcher Type: SUN_STANDARD

Environment Variables:
JAVA_HOME=/usr/lib/jvm/java-8-oracle
JAVA_TOOL_OPTIONS=-javaagent:/usr/share/java/jayatanaag.jar 
PATH=/usr/local/sbin:/usr/local/bin:/usr/sbin:/usr/bin:/sbin:/bin:/usr/games:/usr/local/games:/usr/lib/jvm/java-8-oracle/bin:/usr/lib/jvm/java-8-oracle/db/bin:/usr/lib/jvm/java-8-oracle/jre/bin
LD_LIBRARY_PATH=/opt/android-studio/bin:
SHELL=/bin/bash
DISPLAY=:0

Signal Handlers:
SIGSEGV: [libjvm.so+0x98ac50], sa_mask[0]=0x7ffbfeff, sa_flags=0x10000004
SIGBUS: [libjvm.so+0x98ac50], sa_mask[0]=0x7ffbfeff, sa_flags=0x10000004
SIGFPE: [libjvm.so+0x7f8ab0], sa_mask[0]=0x7ffbfeff, sa_flags=0x10000004
SIGPIPE: [libjvm.so+0x7f8ab0], sa_mask[0]=0x7ffbfeff, sa_flags=0x10000004
SIGXFSZ: [libjvm.so+0x7f8ab0], sa_mask[0]=0x7ffbfeff, sa_flags=0x10000004
SIGILL: [libjvm.so+0x7f8ab0], sa_mask[0]=0x7ffbfeff, sa_flags=0x10000004
SIGUSR1: SIG_DFL, sa_mask[0]=0x00000000, sa_flags=0x00000000
SIGUSR2: [libjvm.so+0x7f8930], sa_mask[0]=0x00000004, sa_flags=0x10000004
SIGHUP: [libjvm.so+0x7f8b30], sa_mask[0]=0x7ffbfeff, sa_flags=0x10000004
SIGINT: [libjvm.so+0x7f8b30], sa_mask[0]=0x7ffbfeff, sa_flags=0x10000004
SIGTERM: [libjvm.so+0x7f8b30], sa_mask[0]=0x7ffbfeff, sa_flags=0x10000004
SIGQUIT: [libjvm.so+0x7f8b30], sa_mask[0]=0x7ffbfeff, sa_flags=0x10000004
SIGTRAP: SIG_DFL, sa_mask[0]=0x00000000, sa_flags=0x00000000


---------------  S Y S T E M  ---------------

OS:Ubuntu 15.04 (vivid)
uname:Linux 3.19.0-26-generic #28-Ubuntu SMP Tue Aug 11 14:16:32 UTC 2015 x86_64
libc:glibc 2.21 NPTL 2.21 
rlimit: STACK 8192k, CORE 0k, NPROC 31366, NOFILE 65536, AS infinity
load average:10.49 4.19 2.76

/proc/meminfo:
MemTotal:        8052020 kB
MemFree:          125240 kB
MemAvailable:     104740 kB
Buffers:             596 kB
Cached:          1486636 kB
SwapCached:            0 kB
Active:          6392296 kB
Inactive:        1338616 kB
Active(anon):    6350500 kB
Inactive(anon):  1300184 kB
Active(file):      41796 kB
Inactive(file):    38432 kB
Unevictable:          32 kB
Mlocked:              32 kB
SwapTotal:             0 kB
SwapFree:              0 kB
Dirty:               396 kB
Writeback:             0 kB
AnonPages:       6244316 kB
Mapped:           674300 kB
Shmem:           1406400 kB
Slab:              87904 kB
SReclaimable:      47712 kB
SUnreclaim:        40192 kB
KernelStack:       12624 kB
PageTables:        53520 kB
NFS_Unstable:          0 kB
Bounce:                0 kB
WritebackTmp:          0 kB
CommitLimit:     4026008 kB
Committed_AS:   14007796 kB
VmallocTotal:   34359738367 kB
VmallocUsed:      359944 kB
VmallocChunk:   34359286872 kB
HardwareCorrupted:     0 kB
AnonHugePages:   4530176 kB
CmaTotal:              0 kB
CmaFree:               0 kB
HugePages_Total:       0
HugePages_Free:        0
HugePages_Rsvd:        0
HugePages_Surp:        0
Hugepagesize:       2048 kB
DirectMap4k:      175164 kB
DirectMap2M:     7041024 kB
DirectMap1G:     1048576 kB


CPU:total 4 (2 cores per cpu, 2 threads per core) family 6 model 60 stepping 3, cmov, cx8, fxsr, mmx, sse, sse2, sse3, ssse3, sse4.1, sse4.2, popcnt, avx, avx2, aes, erms, ht, tsc, tscinvbit

/proc/cpuinfo:
processor	: 0
vendor_id	: GenuineIntel
cpu family	: 6
model		: 60
model name	: Intel(R) Core(TM) i3-4150 CPU @ 3.50GHz
stepping	: 3
microcode	: 0x12
cpu MHz		: 3499.863
cache size	: 3072 KB
physical id	: 0
siblings	: 4
core id		: 0
cpu cores	: 2
apicid		: 0
initial apicid	: 0
fpu		: yes
fpu_exception	: yes
cpuid level	: 13
wp		: yes
flags		: fpu vme de pse tsc msr pae mce cx8 apic sep mtrr pge mca cmov pat pse36 clflush dts acpi mmx fxsr sse sse2 ss ht tm pbe syscall nx pdpe1gb rdtscp lm constant_tsc arch_perfmon pebs bts rep_good nopl xtopology nonstop_tsc aperfmperf eagerfpu pni pclmulqdq dtes64 monitor ds_cpl vmx est tm2 ssse3 fma cx16 xtpr pdcm pcid sse4_1 sse4_2 movbe popcnt tsc_deadline_timer aes xsave avx f16c rdrand lahf_lm abm arat pln pts dtherm tpr_shadow vnmi flexpriority ept vpid fsgsbase tsc_adjust bmi1 avx2 smep bmi2 erms invpcid xsaveopt
bugs		:
bogomips	: 6983.79
clflush size	: 64
cache_alignment	: 64
address sizes	: 39 bits physical, 48 bits virtual
power management:

processor	: 1
vendor_id	: GenuineIntel
cpu family	: 6
model		: 60
model name	: Intel(R) Core(TM) i3-4150 CPU @ 3.50GHz
stepping	: 3
microcode	: 0x12
cpu MHz		: 3500.000
cache size	: 3072 KB
physical id	: 0
siblings	: 4
core id		: 1
cpu cores	: 2
apicid		: 2
initial apicid	: 2
fpu		: yes
fpu_exception	: yes
cpuid level	: 13
wp		: yes
flags		: fpu vme de pse tsc msr pae mce cx8 apic sep mtrr pge mca cmov pat pse36 clflush dts acpi mmx fxsr sse sse2 ss ht tm pbe syscall nx pdpe1gb rdtscp lm constant_tsc arch_perfmon pebs bts rep_good nopl xtopology nonstop_tsc aperfmperf eagerfpu pni pclmulqdq dtes64 monitor ds_cpl vmx est tm2 ssse3 fma cx16 xtpr pdcm pcid sse4_1 sse4_2 movbe popcnt tsc_deadline_timer aes xsave avx f16c rdrand lahf_lm abm arat pln pts dtherm tpr_shadow vnmi flexpriority ept vpid fsgsbase tsc_adjust bmi1 avx2 smep bmi2 erms invpcid xsaveopt
bugs		:
bogomips	: 6983.79
clflush size	: 64
cache_alignment	: 64
address sizes	: 39 bits physical, 48 bits virtual
power management:

processor	: 2
vendor_id	: GenuineIntel
cpu family	: 6
model		: 60
model name	: Intel(R) Core(TM) i3-4150 CPU @ 3.50GHz
stepping	: 3
microcode	: 0x12
cpu MHz		: 3500.000
cache size	: 3072 KB
physical id	: 0
siblings	: 4
core id		: 0
cpu cores	: 2
apicid		: 1
initial apicid	: 1
fpu		: yes
fpu_exception	: yes
cpuid level	: 13
wp		: yes
flags		: fpu vme de pse tsc msr pae mce cx8 apic sep mtrr pge mca cmov pat pse36 clflush dts acpi mmx fxsr sse sse2 ss ht tm pbe syscall nx pdpe1gb rdtscp lm constant_tsc arch_perfmon pebs bts rep_good nopl xtopology nonstop_tsc aperfmperf eagerfpu pni pclmulqdq dtes64 monitor ds_cpl vmx est tm2 ssse3 fma cx16 xtpr pdcm pcid sse4_1 sse4_2 movbe popcnt tsc_deadline_timer aes xsave avx f16c rdrand lahf_lm abm arat pln pts dtherm tpr_shadow vnmi flexpriority ept vpid fsgsbase tsc_adjust bmi1 avx2 smep bmi2 erms invpcid xsaveopt
bugs		:
bogomips	: 6983.79
clflush size	: 64
cache_alignment	: 64
address sizes	: 39 bits physical, 48 bits virtual
power management:

processor	: 3
vendor_id	: GenuineIntel
cpu family	: 6
model		: 60
model name	: Intel(R) Core(TM) i3-4150 CPU @ 3.50GHz
stepping	: 3
microcode	: 0x12
cpu MHz		: 3500.000
cache size	: 3072 KB
physical id	: 0
siblings	: 4
core id		: 1
cpu cores	: 2
apicid		: 3
initial apicid	: 3
fpu		: yes
fpu_exception	: yes
cpuid level	: 13
wp		: yes
flags		: fpu vme de pse tsc msr pae mce cx8 apic sep mtrr pge mca cmov pat pse36 clflush dts acpi mmx fxsr sse sse2 ss ht tm pbe syscall nx pdpe1gb rdtscp lm constant_tsc arch_perfmon pebs bts rep_good nopl xtopology nonstop_tsc aperfmperf eagerfpu pni pclmulqdq dtes64 monitor ds_cpl vmx est tm2 ssse3 fma cx16 xtpr pdcm pcid sse4_1 sse4_2 movbe popcnt tsc_deadline_timer aes xsave avx f16c rdrand lahf_lm abm arat pln pts dtherm tpr_shadow vnmi flexpriority ept vpid fsgsbase tsc_adjust bmi1 avx2 smep bmi2 erms invpcid xsaveopt
bugs		:
bogomips	: 6983.79
clflush size	: 64
cache_alignment	: 64
address sizes	: 39 bits physical, 48 bits virtual
power management:



Memory: 4k page, physical 8052020k(125240k free), swap 0k(0k free)

vm_info: OpenJDK 64-Bit Server VM (24.79-b02) for linux-amd64 JRE (1.7.0_79-b14), built on Jul 24 2015 05:24:39 by "buildd" with gcc 4.9.2

time: Tue Nov  3 15:02:13 2015
elapsed time: 50 seconds

