#
# There is insufficient memory for the Java Runtime Environment to continue.
# Native memory allocation (malloc) failed to allocate 243793920 bytes for committing reserved memory.
# Possible reasons:
#   The system is out of physical RAM or swap space
#   In 32 bit mode, the process size limit was hit
# Possible solutions:
#   Reduce memory load on the system
#   Increase physical memory or swap space
#   Check if swap backing store is full
#   Use 64 bit Java on a 64 bit OS
#   Decrease Java heap size (-Xmx/-Xms)
#   Decrease number of Java threads
#   Decrease Java thread stack sizes (-Xss)
#   Set larger code cache with -XX:ReservedCodeCacheSize=
# This output file may be truncated or incomplete.
#
#  Out of Memory Error (os_linux.cpp:2809), pid=15668, tid=140275634624256
#
# JRE version: OpenJDK Runtime Environment (7.0_79-b14) (build 1.7.0_79-b14)
# Java VM: OpenJDK 64-Bit Server VM (24.79-b02 mixed mode linux-amd64 compressed oops)
# Derivative: IcedTea 2.5.6
# Distribution: Ubuntu 15.04, package 7u79-2.5.6-0ubuntu1.15.04.1
# Failed to write core dump. Core dumps have been disabled. To enable core dumping, try "ulimit -c unlimited" before starting Java again
#

---------------  T H R E A D  ---------------

Current thread (0x00007f9480076000):  VMThread [stack: 0x00007f94774f5000,0x00007f94775f6000] [id=15677]

Stack: [0x00007f94774f5000,0x00007f94775f6000],  sp=0x00007f94775f44c0,  free space=1021k
Native frames: (J=compiled Java code, j=interpreted, Vv=VM code, C=native code)
V  [libjvm.so+0x98a166]  VMError::report_and_die()+0x186
V  [libjvm.so+0x48f932]  report_vm_out_of_memory(char const*, int, unsigned long, char const*)+0x92
V  [libjvm.so+0x7fd56b]  os::pd_commit_memory(char*, unsigned long, unsigned long, bool)+0xeb
V  [libjvm.so+0x7f7c4e]  os::commit_memory(char*, unsigned long, unsigned long, bool)+0x2e
V  [libjvm.so+0x86a56b]  PSVirtualSpace::expand_by(unsigned long)+0x5b
V  [libjvm.so+0x858d5a]  PSOldGen::expand_by(unsigned long) [clone .part.29]+0x2a
V  [libjvm.so+0x858f10]  PSOldGen::expand(unsigned long) [clone .part.30]+0xc0
V  [libjvm.so+0x859ea8]  PSOldGen::resize(unsigned long)+0x198
V  [libjvm.so+0x861524]  PSParallelCompact::invoke_no_policy(bool) [clone .part.122]+0x994
V  [libjvm.so+0x867e85]  PSScavenge::invoke()+0x1a5
V  [libjvm.so+0x81fb73]  ParallelScavengeHeap::failed_mem_allocate(unsigned long)+0x63
V  [libjvm.so+0x98ba32]  VM_ParallelGCFailedAllocation::doit()+0x92
V  [libjvm.so+0x9902e7]  VM_Operation::evaluate()+0x47
V  [libjvm.so+0x98e8cb]  VMThread::evaluate_operation(VM_Operation*)+0xab
V  [libjvm.so+0x98ef76]  VMThread::loop()+0x1e6
V  [libjvm.so+0x98f441]  VMThread::run()+0x81
V  [libjvm.so+0x7fa492]  java_start(Thread*)+0xf2

VM_Operation (0x00007f9488994eb0): ParallelGCFailedAllocation, mode: safepoint, requested by thread 0x00007f948000a000


---------------  P R O C E S S  ---------------

Java Threads: ( => current thread )
  0x00007f94800af000 JavaThread "Service Thread" daemon [_thread_blocked, id=15683, stack(0x00007f947680d000,0x00007f947690e000)]
  0x00007f94800ac800 JavaThread "C2 CompilerThread1" daemon [_thread_blocked, id=15682, stack(0x00007f947690e000,0x00007f9476a0f000)]
  0x00007f94800a9800 JavaThread "C2 CompilerThread0" daemon [_thread_blocked, id=15681, stack(0x00007f9476a0f000,0x00007f9476b10000)]
  0x00007f94800a7800 JavaThread "Signal Dispatcher" daemon [_thread_blocked, id=15680, stack(0x00007f9476b10000,0x00007f9476c11000)]
  0x00007f948007c800 JavaThread "Finalizer" daemon [_thread_blocked, id=15679, stack(0x00007f94772f3000,0x00007f94773f4000)]
  0x00007f948007a800 JavaThread "Reference Handler" daemon [_thread_blocked, id=15678, stack(0x00007f94773f4000,0x00007f94774f5000)]
  0x00007f948000a000 JavaThread "main" [_thread_blocked, id=15672, stack(0x00007f9488896000,0x00007f9488997000)]

Other Threads:
=>0x00007f9480076000 VMThread [stack: 0x00007f94774f5000,0x00007f94775f6000] [id=15677]
  0x00007f94800ba000 WatcherThread [stack: 0x00007f947670c000,0x00007f947680d000] [id=15684]

VM state:at safepoint (normal execution)

VM Mutex/Monitor currently owned by a thread:  ([mutex/lock_event])
[0x00007f94800062b0] ExpandHeap_lock - owner thread: 0x00007f9480076000
[0x00007f9480006930] Threads_lock - owner thread: 0x00007f9480076000
[0x00007f9480006e30] Heap_lock - owner thread: 0x00007f948000a000

Heap
 PSYoungGen      total 871936K, used 110468K [0x00000007aaa80000, 0x00000007f1100000, 0x0000000800000000)
  eden space 667648K, 0% used [0x00000007aaa80000,0x00000007aaa80000,0x00000007d3680000)
  from space 204288K, 54% used [0x00000007e1200000,0x00000007e7de1370,0x00000007ed980000)
  to   space 224768K, 0% used [0x00000007d3680000,0x00000007d3680000,0x00000007e1200000)
 ParOldGen       total 472064K, used 471754K [0x0000000700000000, 0x000000071cd00000, 0x00000007aaa80000)
  object space 472064K, 99% used [0x0000000700000000,0x000000071ccb2aa8,0x000000071cd00000)
 PSPermGen       total 21504K, used 6316K [0x00000006f5a00000, 0x00000006f6f00000, 0x0000000700000000)
  object space 21504K, 29% used [0x00000006f5a00000,0x00000006f602b0a8,0x00000006f6f00000)

Card table byte_map: [0x00007f9484c30000,0x00007f9485484000] byte_map_base: 0x00007f9481483000

Polling page: 0x00007f94889ba000

Code Cache  [0x00007f947d000000, 0x00007f947d430000, 0x00007f9480000000)
 total_blobs=1373 nmethods=1145 adapters=181 free_code_cache=45115Kb largest_free_block=45984512

Compilation events (10 events):
Event: 16.920 Thread 0x00007f94800a9800 nmethod 1184 0x00007f947d3906d0 code [0x00007f947d390800, 0x00007f947d390858]
Event: 16.921 Thread 0x00007f94800a9800 1185             java.util.zip.ZipCoder::getBytes (192 bytes)
Event: 16.928 Thread 0x00007f94800a9800 nmethod 1185 0x00007f947d391510 code [0x00007f947d391720, 0x00007f947d391e60]
Event: 16.929 Thread 0x00007f94800a9800 1186             java.util.zip.ZipCoder::encoder (35 bytes)
Event: 16.930 Thread 0x00007f94800a9800 nmethod 1186 0x00007f947d391090 code [0x00007f947d391200, 0x00007f947d391368]
Event: 16.995 Thread 0x00007f94800a9800 1188             com.android.dx.command.dexer.Main$Arguments::access$700 (5 bytes)
Event: 16.996 Thread 0x00007f94800a9800 nmethod 1188 0x00007f947d1e6c90 code [0x00007f947d1e6dc0, 0x00007f947d1e6e18]
Event: 16.996 Thread 0x00007f94800ac800 nmethod 1181% 0x00007f947d361a90 code [0x00007f947d362240, 0x00007f947d3682b8]
Event: 17.099 Thread 0x00007f94800a9800 1189             com.android.dx.dex.file.DexFile::getFieldIds (5 bytes)
Event: 17.100 Thread 0x00007f94800a9800 nmethod 1189 0x00007f947d390e10 code [0x00007f947d390f40, 0x00007f947d390fb8]

GC Heap History (10 events):
Event: 12.173 GC heap after
Heap after GC invocations=13 (full 2):
 PSYoungGen      total 566272K, used 108538K [0x00000007aaa80000, 0x00000007df300000, 0x0000000800000000)
  eden space 457728K, 0% used [0x00000007aaa80000,0x00000007aaa80000,0x00000007c6980000)
  from space 108544K, 99% used [0x00000007c6980000,0x00000007cd37ead8,0x00000007cd380000)
  to   space 145920K, 0% used [0x00000007d6480000,0x00000007d6480000,0x00000007df300000)
 ParOldGen       total 286208K, used 234500K [0x0000000700000000, 0x0000000711780000, 0x00000007aaa80000)
  object space 286208K, 81% used [0x0000000700000000,0x000000070e501198,0x0000000711780000)
 PSPermGen       total 21504K, used 6301K [0x00000006f5a00000, 0x00000006f6f00000, 0x0000000700000000)
  object space 21504K, 29% used [0x00000006f5a00000,0x00000006f6027470,0x00000006f6f00000)
}
Event: 12.980 GC heap before
{Heap before GC invocations=14 (full 2):
 PSYoungGen      total 566272K, used 566266K [0x00000007aaa80000, 0x00000007df300000, 0x0000000800000000)
  eden space 457728K, 100% used [0x00000007aaa80000,0x00000007c6980000,0x00000007c6980000)
  from space 108544K, 99% used [0x00000007c6980000,0x00000007cd37ead8,0x00000007cd380000)
  to   space 145920K, 0% used [0x00000007d6480000,0x00000007d6480000,0x00000007df300000)
 ParOldGen       total 286208K, used 234500K [0x0000000700000000, 0x0000000711780000, 0x00000007aaa80000)
  object space 286208K, 81% used [0x0000000700000000,0x000000070e501198,0x0000000711780000)
 PSPermGen       total 21504K, used 6311K [0x00000006f5a00000, 0x00000006f6f00000, 0x0000000700000000)
  object space 21504K, 29% used [0x00000006f5a00000,0x00000006f6029f40,0x00000006f6f00000)
Event: 13.255 GC heap after
Heap after GC invocations=14 (full 2):
 PSYoungGen      total 698880K, used 121283K [0x00000007aaa80000, 0x00000007e2300000, 0x0000000800000000)
  eden space 552960K, 0% used [0x00000007aaa80000,0x00000007aaa80000,0x00000007cc680000)
  from space 145920K, 83% used [0x00000007d6480000,0x00000007ddaf0e18,0x00000007df300000)
  to   space 161792K, 0% used [0x00000007cc680000,0x00000007cc680000,0x00000007d6480000)
 ParOldGen       total 298496K, used 298348K [0x0000000700000000, 0x0000000712380000, 0x00000007aaa80000)
  object space 298496K, 99% used [0x0000000700000000,0x000000071235b338,0x0000000712380000)
 PSPermGen       total 21504K, used 6311K [0x00000006f5a00000, 0x00000006f6f00000, 0x0000000700000000)
  object space 21504K, 29% used [0x00000006f5a00000,0x00000006f6029f40,0x00000006f6f00000)
}
Event: 13.255 GC heap before
{Heap before GC invocations=15 (full 3):
 PSYoungGen      total 698880K, used 121283K [0x00000007aaa80000, 0x00000007e2300000, 0x0000000800000000)
  eden space 552960K, 0% used [0x00000007aaa80000,0x00000007aaa80000,0x00000007cc680000)
  from space 145920K, 83% used [0x00000007d6480000,0x00000007ddaf0e18,0x00000007df300000)
  to   space 161792K, 0% used [0x00000007cc680000,0x00000007cc680000,0x00000007d6480000)
 ParOldGen       total 298496K, used 298348K [0x0000000700000000, 0x0000000712380000, 0x00000007aaa80000)
  object space 298496K, 99% used [0x0000000700000000,0x000000071235b338,0x0000000712380000)
 PSPermGen       total 21504K, used 6311K [0x00000006f5a00000, 0x00000006f6f00000, 0x0000000700000000)
  object space 21504K, 29% used [0x00000006f5a00000,0x00000006f6029f40,0x00000006f6f00000)
Event: 14.573 GC heap after
Heap after GC invocations=15 (full 3):
 PSYoungGen      total 698880K, used 113022K [0x00000007aaa80000, 0x00000007e2300000, 0x0000000800000000)
  eden space 552960K, 0% used [0x00000007aaa80000,0x00000007aaa80000,0x00000007cc680000)
  from space 145920K, 77% used [0x00000007d6480000,0x00000007dd2dfa98,0x00000007df300000)
  to   space 161792K, 0% used [0x00000007cc680000,0x00000007cc680000,0x00000007d6480000)
 ParOldGen       total 472064K, used 298231K [0x0000000700000000, 0x000000071cd00000, 0x00000007aaa80000)
  object space 472064K, 63% used [0x0000000700000000,0x000000071233dd30,0x000000071cd00000)
 PSPermGen       total 21504K, used 6311K [0x00000006f5a00000, 0x00000006f6f00000, 0x0000000700000000)
  object space 21504K, 29% used [0x00000006f5a00000,0x00000006f6029e00,0x00000006f6f00000)
}
Event: 15.860 GC heap before
{Heap before GC invocations=16 (full 3):
 PSYoungGen      total 698880K, used 665982K [0x00000007aaa80000, 0x00000007e2300000, 0x0000000800000000)
  eden space 552960K, 100% used [0x00000007aaa80000,0x00000007cc680000,0x00000007cc680000)
  from space 145920K, 77% used [0x00000007d6480000,0x00000007dd2dfa98,0x00000007df300000)
  to   space 161792K, 0% used [0x00000007cc680000,0x00000007cc680000,0x00000007d6480000)
 ParOldGen       total 472064K, used 298231K [0x0000000700000000, 0x000000071cd00000, 0x00000007aaa80000)
  object space 472064K, 63% used [0x0000000700000000,0x000000071233dd30,0x000000071cd00000)
 PSPermGen       total 21504K, used 6314K [0x00000006f5a00000, 0x00000006f6f00000, 0x0000000700000000)
  object space 21504K, 29% used [0x00000006f5a00000,0x00000006f602a8f0,0x00000006f6f00000)
Event: 16.158 GC heap after
Heap after GC invocations=16 (full 3):
 PSYoungGen      total 714752K, used 161775K [0x00000007aaa80000, 0x00000007ed980000, 0x0000000800000000)
  eden space 552960K, 0% used [0x00000007aaa80000,0x00000007aaa80000,0x00000007cc680000)
  from space 161792K, 99% used [0x00000007cc680000,0x00000007d647bf20,0x00000007d6480000)
  to   space 204288K, 0% used [0x00000007e1200000,0x00000007e1200000,0x00000007ed980000)
 ParOldGen       total 472064K, used 339613K [0x0000000700000000, 0x000000071cd00000, 0x00000007aaa80000)
  object space 472064K, 71% used [0x0000000700000000,0x0000000714ba77f8,0x000000071cd00000)
 PSPermGen       total 21504K, used 6314K [0x00000006f5a00000, 0x00000006f6f00000, 0x0000000700000000)
  object space 21504K, 29% used [0x00000006f5a00000,0x00000006f602a8f0,0x00000006f6f00000)
}
Event: 17.190 GC heap before
{Heap before GC invocations=17 (full 3):
 PSYoungGen      total 714752K, used 714735K [0x00000007aaa80000, 0x00000007ed980000, 0x0000000800000000)
  eden space 552960K, 100% used [0x00000007aaa80000,0x00000007cc680000,0x00000007cc680000)
  from space 161792K, 99% used [0x00000007cc680000,0x00000007d647bf20,0x00000007d6480000)
  to   space 204288K, 0% used [0x00000007e1200000,0x00000007e1200000,0x00000007ed980000)
 ParOldGen       total 472064K, used 339613K [0x0000000700000000, 0x000000071cd00000, 0x00000007aaa80000)
  object space 472064K, 71% used [0x0000000700000000,0x0000000714ba77f8,0x000000071cd00000)
 PSPermGen       total 21504K, used 6316K [0x00000006f5a00000, 0x00000006f6f00000, 0x0000000700000000)
  object space 21504K, 29% used [0x00000006f5a00000,0x00000006f602b0c8,0x00000006f6f00000)
Event: 17.544 GC heap after
Heap after GC invocations=17 (full 3):
 PSYoungGen      total 871936K, used 164341K [0x00000007aaa80000, 0x00000007f1100000, 0x0000000800000000)
  eden space 667648K, 0% used [0x00000007aaa80000,0x00000007aaa80000,0x00000007d3680000)
  from space 204288K, 80% used [0x00000007e1200000,0x00000007eb27d518,0x00000007ed980000)
  to   space 224768K, 0% used [0x00000007d3680000,0x00000007d3680000,0x00000007e1200000)
 ParOldGen       total 472064K, used 428916K [0x0000000700000000, 0x000000071cd00000, 0x00000007aaa80000)
  object space 472064K, 90% used [0x0000000700000000,0x000000071a2dd248,0x000000071cd00000)
 PSPermGen       total 21504K, used 6316K [0x00000006f5a00000, 0x00000006f6f00000, 0x0000000700000000)
  object space 21504K, 29% used [0x00000006f5a00000,0x00000006f602b0c8,0x00000006f6f00000)
}
Event: 17.544 GC heap before
{Heap before GC invocations=18 (full 4):
 PSYoungGen      total 871936K, used 164341K [0x00000007aaa80000, 0x00000007f1100000, 0x0000000800000000)
  eden space 667648K, 0% used [0x00000007aaa80000,0x00000007aaa80000,0x00000007d3680000)
  from space 204288K, 80% used [0x00000007e1200000,0x00000007eb27d518,0x00000007ed980000)
  to   space 224768K, 0% used [0x00000007d3680000,0x00000007d3680000,0x00000007e1200000)
 ParOldGen       total 472064K, used 428916K [0x0000000700000000, 0x000000071cd00000, 0x00000007aaa80000)
  object space 472064K, 90% used [0x0000000700000000,0x000000071a2dd248,0x000000071cd00000)
 PSPermGen       total 21504K, used 6316K [0x00000006f5a00000, 0x00000006f6f00000, 0x0000000700000000)
  object space 21504K, 29% used [0x00000006f5a00000,0x00000006f602b0c8,0x00000006f6f00000)

Deoptimization events (10 events):
Event: 10.951 Thread 0x00007f948000a000 Uncommon trap: reason=class_check action=maybe_recompile pc=0x00007f947d1da020 method=com.android.dx.ssa.SCCP.replaceConstants()V @ 182
Event: 11.067 Thread 0x00007f948000a000 Uncommon trap: reason=unreached action=reinterpret pc=0x00007f947d3a8a58 method=com.android.dx.rop.code.LocalItem.compareHandlesNulls(Lcom/android/dx/rop/cst/CstString;Lcom/android/dx/rop/cst/CstString;)I @ 14
Event: 11.067 Thread 0x00007f948000a000 Uncommon trap: reason=unreached action=reinterpret pc=0x00007f947d408900 method=com.android.dx.rop.code.LocalItem.compareHandlesNulls(Lcom/android/dx/rop/cst/CstString;Lcom/android/dx/rop/cst/CstString;)I @ 14
Event: 11.689 Thread 0x00007f948000a000 Uncommon trap: reason=predicate action=maybe_recompile pc=0x00007f947d1bdacc method=com.android.dx.ssa.DomFront.run()[Lcom/android/dx/ssa/DomFront$DomInfo; @ 175
Event: 11.689 Thread 0x00007f948000a000 Uncommon trap: reason=unloaded action=reinterpret pc=0x00007f947d1a6d78 method=com.android.dx.ssa.SetFactory.makeDomFrontSet(I)Lcom/android/dx/util/IntSet; @ 18
Event: 11.690 Thread 0x00007f948000a000 Uncommon trap: reason=unloaded action=reinterpret pc=0x00007f947d0cda78 method=com.android.dx.ssa.SetFactory.makeDomFrontSet(I)Lcom/android/dx/util/IntSet; @ 18
Event: 11.690 Thread 0x00007f948000a000 Uncommon trap: reason=class_check action=maybe_recompile pc=0x00007f947d10cf18 method=com.android.dx.ssa.DomFront.calcDomFronts()V @ 101
Event: 11.693 Thread 0x00007f948000a000 Uncommon trap: reason=class_check action=maybe_recompile pc=0x00007f947d0c7e74 method=com.android.dx.ssa.SsaConverter.placePhiFunctions(Lcom/android/dx/ssa/SsaMethod;Lcom/android/dx/ssa/LocalVariableInfo;I)V @ 257
Event: 11.947 Thread 0x00007f948000a000 Uncommon trap: reason=class_check action=maybe_recompile pc=0x00007f947d1da020 method=com.android.dx.ssa.SCCP.replaceConstants()V @ 182
Event: 15.838 Thread 0x00007f948000a000 Uncommon trap: reason=class_check action=maybe_recompile pc=0x00007f947d0c7e74 method=com.android.dx.ssa.SsaConverter.placePhiFunctions(Lcom/android/dx/ssa/SsaMethod;Lcom/android/dx/ssa/LocalVariableInfo;I)V @ 257

Internal exceptions (10 events):
Event: 8.004 Thread 0x00007f948000a000 Implicit null exception at 0x00007f947d16fe65 to 0x00007f947d170051
Event: 8.004 Thread 0x00007f948000a000 Implicit null exception at 0x00007f947d187722 to 0x00007f947d1885e5
Event: 8.005 Thread 0x00007f948000a000 Implicit null exception at 0x00007f947d1d0831 to 0x00007f947d1d0a01
Event: 8.005 Thread 0x00007f948000a000 Implicit null exception at 0x00007f947d1cfbb5 to 0x00007f947d1cfd15
Event: 8.255 Thread 0x00007f948000a000 Threw 0x00000007bd4bac00 at /build/openjdk-7-yI9zWD/openjdk-7-7u79-2.5.6/build/openjdk/hotspot/src/share/vm/prims/jvm.cpp:1284
Event: 10.393 Thread 0x00007f948000a000 Implicit null exception at 0x00007f947d414a4b to 0x00007f947d416315
Event: 11.067 Thread 0x00007f948000a000 Implicit null exception at 0x00007f947d3a7f6a to 0x00007f947d3a8a2d
Event: 11.067 Thread 0x00007f948000a000 Implicit null exception at 0x00007f947d408712 to 0x00007f947d4088ed
Event: 11.689 Thread 0x00007f948000a000 Threw 0x00000007be2c5b38 at /build/openjdk-7-yI9zWD/openjdk-7-7u79-2.5.6/build/openjdk/hotspot/src/share/vm/prims/jvm.cpp:1284
Event: 11.693 Thread 0x00007f948000a000 Threw 0x00000007be30b6e0 at /build/openjdk-7-yI9zWD/openjdk-7-7u79-2.5.6/build/openjdk/hotspot/src/share/vm/prims/jvm.cpp:1284

Events (10 events):
Event: 15.838 Thread 0x00007f948000a000 Uncommon trap: trap_request=0xffffffde fr.pc=0x00007f947d0c7e74
Event: 15.838 Thread 0x00007f948000a000 DEOPT PACKING pc=0x00007f947d0c7e74 sp=0x00007f94889950c0
Event: 15.838 Thread 0x00007f948000a000 DEOPT UNPACKING pc=0x00007f947d039445 sp=0x00007f9488995068 mode 2
Event: 15.860 Executing VM operation: ParallelGCFailedAllocation
Event: 16.158 Executing VM operation: ParallelGCFailedAllocation done
Event: 16.920 Thread 0x00007f94800a9800 flushing nmethod 0x00007f947d1e6c90
Event: 16.929 Thread 0x00007f94800a9800 flushing nmethod 0x00007f947d21b650
Event: 16.997 Thread 0x00007f94800ac800 flushing nmethod 0x00007f947d2f9a50
Event: 17.100 Thread 0x00007f94800a9800 flushing nmethod 0x00007f947d343e90
Event: 17.190 Executing VM operation: ParallelGCFailedAllocation


Dynamic libraries:
00400000-00401000 r-xp 00000000 08:01 20712222                           /usr/lib/jvm/java-7-openjdk-amd64/jre/bin/java
00600000-00601000 r--p 00000000 08:01 20712222                           /usr/lib/jvm/java-7-openjdk-amd64/jre/bin/java
00601000-00602000 rw-p 00001000 08:01 20712222                           /usr/lib/jvm/java-7-openjdk-amd64/jre/bin/java
0126e000-0128f000 rw-p 00000000 00:00 0                                  [heap]
6f5a00000-6f6f00000 rw-p 00000000 00:00 0 
6f6f00000-700000000 rw-p 00000000 00:00 0 
700000000-71cd00000 rw-p 00000000 00:00 0 
72b580000-7aaa80000 rw-p 00000000 00:00 0 
7aaa80000-7f1100000 rw-p 00000000 00:00 0 
7f1100000-800000000 rw-p 00000000 00:00 0 
7f9438000000-7f9438021000 rw-p 00000000 00:00 0 
7f9438021000-7f943c000000 ---p 00000000 00:00 0 
7f9440000000-7f944162d000 rw-p 00000000 00:00 0 
7f944162d000-7f9444000000 ---p 00000000 00:00 0 
7f9444000000-7f9444021000 rw-p 00000000 00:00 0 
7f9444021000-7f9448000000 ---p 00000000 00:00 0 
7f9448000000-7f9448021000 rw-p 00000000 00:00 0 
7f9448021000-7f944c000000 ---p 00000000 00:00 0 
7f944c000000-7f944daad000 rw-p 00000000 00:00 0 
7f944daad000-7f9450000000 ---p 00000000 00:00 0 
7f9450000000-7f9450021000 rw-p 00000000 00:00 0 
7f9450021000-7f9454000000 ---p 00000000 00:00 0 
7f9454000000-7f9454021000 rw-p 00000000 00:00 0 
7f9454021000-7f9458000000 ---p 00000000 00:00 0 
7f9458000000-7f9458240000 rw-p 00000000 00:00 0 
7f9458240000-7f945c000000 ---p 00000000 00:00 0 
7f945fad0000-7f9468000000 rw-p 00000000 00:00 0 
7f9468000000-7f9468021000 rw-p 00000000 00:00 0 
7f9468021000-7f946c000000 ---p 00000000 00:00 0 
7f946c000000-7f946c021000 rw-p 00000000 00:00 0 
7f946c021000-7f9470000000 ---p 00000000 00:00 0 
7f9470000000-7f9470021000 rw-p 00000000 00:00 0 
7f9470021000-7f9474000000 ---p 00000000 00:00 0 
7f9474c47000-7f9474f48000 rw-p 00000000 00:00 0 
7f9474f48000-7f9474fb4000 r-xp 00000000 08:01 22020192                   /lib/x86_64-linux-gnu/libpcre.so.3.13.1
7f9474fb4000-7f94751b3000 ---p 0006c000 08:01 22020192                   /lib/x86_64-linux-gnu/libpcre.so.3.13.1
7f94751b3000-7f94751b4000 r--p 0006b000 08:01 22020192                   /lib/x86_64-linux-gnu/libpcre.so.3.13.1
7f94751b4000-7f94751b5000 rw-p 0006c000 08:01 22020192                   /lib/x86_64-linux-gnu/libpcre.so.3.13.1
7f94751b5000-7f94751bc000 r-xp 00000000 08:01 20455638                   /usr/lib/x86_64-linux-gnu/libffi.so.6.0.4
7f94751bc000-7f94753bb000 ---p 00007000 08:01 20455638                   /usr/lib/x86_64-linux-gnu/libffi.so.6.0.4
7f94753bb000-7f94753bc000 r--p 00006000 08:01 20455638                   /usr/lib/x86_64-linux-gnu/libffi.so.6.0.4
7f94753bc000-7f94753bd000 rw-p 00007000 08:01 20455638                   /usr/lib/x86_64-linux-gnu/libffi.so.6.0.4
7f94753bd000-7f94753d4000 r-xp 00000000 08:01 22024473                   /lib/x86_64-linux-gnu/libresolv-2.21.so
7f94753d4000-7f94755d4000 ---p 00017000 08:01 22024473                   /lib/x86_64-linux-gnu/libresolv-2.21.so
7f94755d4000-7f94755d6000 r--p 00017000 08:01 22024473                   /lib/x86_64-linux-gnu/libresolv-2.21.so
7f94755d6000-7f94755d7000 rw-p 00019000 08:01 22024473                   /lib/x86_64-linux-gnu/libresolv-2.21.so
7f94755d7000-7f94755d9000 rw-p 00000000 00:00 0 
7f94755d9000-7f94755fa000 r-xp 00000000 08:01 22024477                   /lib/x86_64-linux-gnu/libselinux.so.1
7f94755fa000-7f94757f9000 ---p 00021000 08:01 22024477                   /lib/x86_64-linux-gnu/libselinux.so.1
7f94757f9000-7f94757fa000 r--p 00020000 08:01 22024477                   /lib/x86_64-linux-gnu/libselinux.so.1
7f94757fa000-7f94757fb000 rw-p 00021000 08:01 22024477                   /lib/x86_64-linux-gnu/libselinux.so.1
7f94757fb000-7f94757fd000 rw-p 00000000 00:00 0 
7f94757fd000-7f9475800000 r-xp 00000000 08:01 20447655                   /usr/lib/x86_64-linux-gnu/libgmodule-2.0.so.0.4400.1
7f9475800000-7f94759ff000 ---p 00003000 08:01 20447655                   /usr/lib/x86_64-linux-gnu/libgmodule-2.0.so.0.4400.1
7f94759ff000-7f9475a00000 r--p 00002000 08:01 20447655                   /usr/lib/x86_64-linux-gnu/libgmodule-2.0.so.0.4400.1
7f9475a00000-7f9475a01000 rw-p 00003000 08:01 20447655                   /usr/lib/x86_64-linux-gnu/libgmodule-2.0.so.0.4400.1
7f9475a01000-7f9475b0e000 r-xp 00000000 08:01 22024241                   /lib/x86_64-linux-gnu/libglib-2.0.so.0.4400.1
7f9475b0e000-7f9475d0d000 ---p 0010d000 08:01 22024241                   /lib/x86_64-linux-gnu/libglib-2.0.so.0.4400.1
7f9475d0d000-7f9475d0e000 r--p 0010c000 08:01 22024241                   /lib/x86_64-linux-gnu/libglib-2.0.so.0.4400.1
7f9475d0e000-7f9475d0f000 rw-p 0010d000 08:01 22024241                   /lib/x86_64-linux-gnu/libglib-2.0.so.0.4400.1
7f9475d0f000-7f9475d10000 rw-p 00000000 00:00 0 
7f9475d10000-7f9475d60000 r-xp 00000000 08:01 20447615                   /usr/lib/x86_64-linux-gnu/libgobject-2.0.so.0.4400.1
7f9475d60000-7f9475f60000 ---p 00050000 08:01 20447615                   /usr/lib/x86_64-linux-gnu/libgobject-2.0.so.0.4400.1
7f9475f60000-7f9475f61000 r--p 00050000 08:01 20447615                   /usr/lib/x86_64-linux-gnu/libgobject-2.0.so.0.4400.1
7f9475f61000-7f9475f62000 rw-p 00051000 08:01 20447615                   /usr/lib/x86_64-linux-gnu/libgobject-2.0.so.0.4400.1
7f9475f62000-7f94760da000 r-xp 00000000 08:01 20447637                   /usr/lib/x86_64-linux-gnu/libgio-2.0.so.0.4400.1
7f94760da000-7f94762da000 ---p 00178000 08:01 20447637                   /usr/lib/x86_64-linux-gnu/libgio-2.0.so.0.4400.1
7f94762da000-7f94762de000 r--p 00178000 08:01 20447637                   /usr/lib/x86_64-linux-gnu/libgio-2.0.so.0.4400.1
7f94762de000-7f94762e0000 rw-p 0017c000 08:01 20447637                   /usr/lib/x86_64-linux-gnu/libgio-2.0.so.0.4400.1
7f94762e0000-7f94762e2000 rw-p 00000000 00:00 0 
7f94762e2000-7f94762f9000 r-xp 00000000 08:01 20587083                   /usr/lib/jvm/java-7-openjdk-amd64/jre/lib/amd64/libnet.so
7f94762f9000-7f94764f8000 ---p 00017000 08:01 20587083                   /usr/lib/jvm/java-7-openjdk-amd64/jre/lib/amd64/libnet.so
7f94764f8000-7f94764f9000 r--p 00016000 08:01 20587083                   /usr/lib/jvm/java-7-openjdk-amd64/jre/lib/amd64/libnet.so
7f94764f9000-7f94764fa000 rw-p 00017000 08:01 20587083                   /usr/lib/jvm/java-7-openjdk-amd64/jre/lib/amd64/libnet.so
7f94764fa000-7f947650b000 r-xp 00000000 08:01 20587088                   /usr/lib/jvm/java-7-openjdk-amd64/jre/lib/amd64/libnio.so
7f947650b000-7f947670a000 ---p 00011000 08:01 20587088                   /usr/lib/jvm/java-7-openjdk-amd64/jre/lib/amd64/libnio.so
7f947670a000-7f947670b000 r--p 00010000 08:01 20587088                   /usr/lib/jvm/java-7-openjdk-amd64/jre/lib/amd64/libnio.so
7f947670b000-7f947670c000 rw-p 00011000 08:01 20587088                   /usr/lib/jvm/java-7-openjdk-amd64/jre/lib/amd64/libnio.so
7f947670c000-7f947670d000 ---p 00000000 00:00 0 
7f947670d000-7f947680d000 rw-p 00000000 00:00 0                          [stack:15684]
7f947680d000-7f9476810000 ---p 00000000 00:00 0 
7f9476810000-7f947690e000 rw-p 00000000 00:00 0                          [stack:15683]
7f947690e000-7f9476911000 ---p 00000000 00:00 0 
7f9476911000-7f9476a0f000 rw-p 00000000 00:00 0                          [stack:15682]
7f9476a0f000-7f9476a12000 ---p 00000000 00:00 0 
7f9476a12000-7f9476b10000 rw-p 00000000 00:00 0                          [stack:15681]
7f9476b10000-7f9476b13000 ---p 00000000 00:00 0 
7f9476b13000-7f9476c11000 rw-p 00000000 00:00 0                          [stack:15680]
7f9476c11000-7f94772f3000 r--p 00000000 08:01 20454393                   /usr/lib/locale/locale-archive
7f94772f3000-7f94772f6000 ---p 00000000 00:00 0 
7f94772f6000-7f94773f4000 rw-p 00000000 00:00 0                          [stack:15679]
7f94773f4000-7f94773f7000 ---p 00000000 00:00 0 
7f94773f7000-7f94774f5000 rw-p 00000000 00:00 0                          [stack:15678]
7f94774f5000-7f94774f6000 ---p 00000000 00:00 0 
7f94774f6000-7f9478000000 rw-p 00000000 00:00 0                          [stack:15677]
7f9478000000-7f9478021000 rw-p 00000000 00:00 0 
7f9478021000-7f947c000000 ---p 00000000 00:00 0 
7f947c02a000-7f947c0f7000 r--s 0093b000 08:01 2229504                    /home/sharan/Dropbox/Muser/muser/build/intermediates/multi-dex/debug/allclasses.jar
7f947c0f7000-7f947c5fc000 rw-p 00000000 00:00 0 
7f947c5fc000-7f947c7ad000 r--s 01d29000 08:01 20587021                   /usr/lib/jvm/java-7-openjdk-amd64/jre/lib/rt.jar
7f947c7ad000-7f947d000000 rw-p 00000000 00:00 0 
7f947d000000-7f947d430000 rwxp 00000000 00:00 0 
7f947d430000-7f948039e000 rw-p 00000000 00:00 0 
7f948039e000-7f9484000000 ---p 00000000 00:00 0 
7f9484048000-7f9484283000 rw-p 00000000 00:00 0 
7f9484283000-7f9484284000 ---p 00000000 00:00 0 
7f9484284000-7f9484384000 rw-p 00000000 00:00 0                          [stack:15676]
7f9484384000-7f9484385000 ---p 00000000 00:00 0 
7f9484385000-7f9484485000 rw-p 00000000 00:00 0                          [stack:15675]
7f9484485000-7f9484486000 ---p 00000000 00:00 0 
7f9484486000-7f9484586000 rw-p 00000000 00:00 0                          [stack:15674]
7f9484586000-7f9484587000 ---p 00000000 00:00 0 
7f9484587000-7f9484692000 rw-p 00000000 00:00 0                          [stack:15673]
7f9484692000-7f94846da000 rw-p 00000000 00:00 0 
7f94846da000-7f94847c1000 rw-p 00000000 00:00 0 
7f94847c1000-7f9484c30000 rw-p 00000000 00:00 0 
7f9484c30000-7f9484c3b000 rw-p 00000000 00:00 0 
7f9484c3b000-7f9484c83000 rw-p 00000000 00:00 0 
7f9484c83000-7f9484d6a000 rw-p 00000000 00:00 0 
7f9484d6a000-7f94851d8000 rw-p 00000000 00:00 0 
7f94851d8000-7f948540c000 rw-p 00000000 00:00 0 
7f948540c000-7f9485483000 rw-p 00000000 00:00 0 
7f9485483000-7f9485484000 rw-p 00000000 00:00 0 
7f9485484000-7f948548c000 r-xp 00000000 08:01 20587054                   /usr/lib/jvm/java-7-openjdk-amd64/jre/lib/amd64/libzip.so
7f948548c000-7f948568b000 ---p 00008000 08:01 20587054                   /usr/lib/jvm/java-7-openjdk-amd64/jre/lib/amd64/libzip.so
7f948568b000-7f948568c000 r--p 00007000 08:01 20587054                   /usr/lib/jvm/java-7-openjdk-amd64/jre/lib/amd64/libzip.so
7f948568c000-7f948568d000 rw-p 00008000 08:01 20587054                   /usr/lib/jvm/java-7-openjdk-amd64/jre/lib/amd64/libzip.so
7f948568d000-7f9485699000 r-xp 00000000 08:01 22024420                   /lib/x86_64-linux-gnu/libnss_files-2.21.so
7f9485699000-7f9485898000 ---p 0000c000 08:01 22024420                   /lib/x86_64-linux-gnu/libnss_files-2.21.so
7f9485898000-7f9485899000 r--p 0000b000 08:01 22024420                   /lib/x86_64-linux-gnu/libnss_files-2.21.so
7f9485899000-7f948589a000 rw-p 0000c000 08:01 22024420                   /lib/x86_64-linux-gnu/libnss_files-2.21.so
7f948589a000-7f94858a5000 r-xp 00000000 08:01 22024430                   /lib/x86_64-linux-gnu/libnss_nis-2.21.so
7f94858a5000-7f9485aa4000 ---p 0000b000 08:01 22024430                   /lib/x86_64-linux-gnu/libnss_nis-2.21.so
7f9485aa4000-7f9485aa5000 r--p 0000a000 08:01 22024430                   /lib/x86_64-linux-gnu/libnss_nis-2.21.so
7f9485aa5000-7f9485aa6000 rw-p 0000b000 08:01 22024430                   /lib/x86_64-linux-gnu/libnss_nis-2.21.so
7f9485aa6000-7f9485abd000 r-xp 00000000 08:01 22024414                   /lib/x86_64-linux-gnu/libnsl-2.21.so
7f9485abd000-7f9485cbc000 ---p 00017000 08:01 22024414                   /lib/x86_64-linux-gnu/libnsl-2.21.so
7f9485cbc000-7f9485cbd000 r--p 00016000 08:01 22024414                   /lib/x86_64-linux-gnu/libnsl-2.21.so
7f9485cbd000-7f9485cbe000 rw-p 00017000 08:01 22024414                   /lib/x86_64-linux-gnu/libnsl-2.21.so
7f9485cbe000-7f9485cc0000 rw-p 00000000 00:00 0 
7f9485cc0000-7f9485cc8000 r-xp 00000000 08:01 22024416                   /lib/x86_64-linux-gnu/libnss_compat-2.21.so
7f9485cc8000-7f9485ec7000 ---p 00008000 08:01 22024416                   /lib/x86_64-linux-gnu/libnss_compat-2.21.so
7f9485ec7000-7f9485ec8000 r--p 00007000 08:01 22024416                   /lib/x86_64-linux-gnu/libnss_compat-2.21.so
7f9485ec8000-7f9485ec9000 rw-p 00008000 08:01 22024416                   /lib/x86_64-linux-gnu/libnss_compat-2.21.so
7f9485ec9000-7f9485ef6000 r-xp 00000000 08:01 20587091                   /usr/lib/jvm/java-7-openjdk-amd64/jre/lib/amd64/libjava.so
7f9485ef6000-7f94860f5000 ---p 0002d000 08:01 20587091                   /usr/lib/jvm/java-7-openjdk-amd64/jre/lib/amd64/libjava.so
7f94860f5000-7f94860f6000 r--p 0002c000 08:01 20587091                   /usr/lib/jvm/java-7-openjdk-amd64/jre/lib/amd64/libjava.so
7f94860f6000-7f94860f8000 rw-p 0002d000 08:01 20587091                   /usr/lib/jvm/java-7-openjdk-amd64/jre/lib/amd64/libjava.so
7f94860f8000-7f9486107000 r-xp 00000000 08:01 20587072                   /usr/lib/jvm/java-7-openjdk-amd64/jre/lib/amd64/libverify.so
7f9486107000-7f9486306000 ---p 0000f000 08:01 20587072                   /usr/lib/jvm/java-7-openjdk-amd64/jre/lib/amd64/libverify.so
7f9486306000-7f9486309000 r--p 0000e000 08:01 20587072                   /usr/lib/jvm/java-7-openjdk-amd64/jre/lib/amd64/libverify.so
7f9486309000-7f948630a000 rw-p 00011000 08:01 20587072                   /usr/lib/jvm/java-7-openjdk-amd64/jre/lib/amd64/libverify.so
7f948630a000-7f9486311000 r-xp 00000000 08:01 22024475                   /lib/x86_64-linux-gnu/librt-2.21.so
7f9486311000-7f9486510000 ---p 00007000 08:01 22024475                   /lib/x86_64-linux-gnu/librt-2.21.so
7f9486510000-7f9486511000 r--p 00006000 08:01 22024475                   /lib/x86_64-linux-gnu/librt-2.21.so
7f9486511000-7f9486512000 rw-p 00007000 08:01 22024475                   /lib/x86_64-linux-gnu/librt-2.21.so
7f9486512000-7f9486528000 r-xp 00000000 08:01 22024363                   /lib/x86_64-linux-gnu/libgcc_s.so.1
7f9486528000-7f9486727000 ---p 00016000 08:01 22024363                   /lib/x86_64-linux-gnu/libgcc_s.so.1
7f9486727000-7f9486728000 rw-p 00015000 08:01 22024363                   /lib/x86_64-linux-gnu/libgcc_s.so.1
7f9486728000-7f948682f000 r-xp 00000000 08:01 22024393                   /lib/x86_64-linux-gnu/libm-2.21.so
7f948682f000-7f9486a2e000 ---p 00107000 08:01 22024393                   /lib/x86_64-linux-gnu/libm-2.21.so
7f9486a2e000-7f9486a2f000 r--p 00106000 08:01 22024393                   /lib/x86_64-linux-gnu/libm-2.21.so
7f9486a2f000-7f9486a30000 rw-p 00107000 08:01 22024393                   /lib/x86_64-linux-gnu/libm-2.21.so
7f9486a30000-7f9486b20000 r-xp 00000000 08:01 20456311                   /usr/lib/x86_64-linux-gnu/libstdc++.so.6.0.20
7f9486b20000-7f9486d20000 ---p 000f0000 08:01 20456311                   /usr/lib/x86_64-linux-gnu/libstdc++.so.6.0.20
7f9486d20000-7f9486d28000 r--p 000f0000 08:01 20456311                   /usr/lib/x86_64-linux-gnu/libstdc++.so.6.0.20
7f9486d28000-7f9486d2a000 rw-p 000f8000 08:01 20456311                   /usr/lib/x86_64-linux-gnu/libstdc++.so.6.0.20
7f9486d2a000-7f9486d3f000 rw-p 00000000 00:00 0 
7f9486d3f000-7f9487897000 r-xp 00000000 08:01 20587060                   /usr/lib/jvm/java-7-openjdk-amd64/jre/lib/amd64/server/libjvm.so
7f9487897000-7f9487a96000 ---p 00b58000 08:01 20587060                   /usr/lib/jvm/java-7-openjdk-amd64/jre/lib/amd64/server/libjvm.so
7f9487a96000-7f9487b35000 r--p 00b57000 08:01 20587060                   /usr/lib/jvm/java-7-openjdk-amd64/jre/lib/amd64/server/libjvm.so
7f9487b35000-7f9487b58000 rw-p 00bf6000 08:01 20587060                   /usr/lib/jvm/java-7-openjdk-amd64/jre/lib/amd64/server/libjvm.so
7f9487b58000-7f9487b85000 rw-p 00000000 00:00 0 
7f9487b85000-7f9487b9e000 r-xp 00000000 08:01 22024508                   /lib/x86_64-linux-gnu/libz.so.1.2.8
7f9487b9e000-7f9487d9e000 ---p 00019000 08:01 22024508                   /lib/x86_64-linux-gnu/libz.so.1.2.8
7f9487d9e000-7f9487d9f000 r--p 00019000 08:01 22024508                   /lib/x86_64-linux-gnu/libz.so.1.2.8
7f9487d9f000-7f9487da0000 rw-p 0001a000 08:01 22024508                   /lib/x86_64-linux-gnu/libz.so.1.2.8
7f9487da0000-7f9487db8000 r-xp 00000000 08:01 22024467                   /lib/x86_64-linux-gnu/libpthread-2.21.so
7f9487db8000-7f9487fb8000 ---p 00018000 08:01 22024467                   /lib/x86_64-linux-gnu/libpthread-2.21.so
7f9487fb8000-7f9487fb9000 r--p 00018000 08:01 22024467                   /lib/x86_64-linux-gnu/libpthread-2.21.so
7f9487fb9000-7f9487fba000 rw-p 00019000 08:01 22024467                   /lib/x86_64-linux-gnu/libpthread-2.21.so
7f9487fba000-7f9487fbe000 rw-p 00000000 00:00 0 
7f9487fbe000-7f9487fc1000 r-xp 00000000 08:01 22024351                   /lib/x86_64-linux-gnu/libdl-2.21.so
7f9487fc1000-7f94881c0000 ---p 00003000 08:01 22024351                   /lib/x86_64-linux-gnu/libdl-2.21.so
7f94881c0000-7f94881c1000 r--p 00002000 08:01 22024351                   /lib/x86_64-linux-gnu/libdl-2.21.so
7f94881c1000-7f94881c2000 rw-p 00003000 08:01 22024351                   /lib/x86_64-linux-gnu/libdl-2.21.so
7f94881c2000-7f9488382000 r-xp 00000000 08:01 22024334                   /lib/x86_64-linux-gnu/libc-2.21.so
7f9488382000-7f9488582000 ---p 001c0000 08:01 22024334                   /lib/x86_64-linux-gnu/libc-2.21.so
7f9488582000-7f9488586000 r--p 001c0000 08:01 22024334                   /lib/x86_64-linux-gnu/libc-2.21.so
7f9488586000-7f9488588000 rw-p 001c4000 08:01 22024334                   /lib/x86_64-linux-gnu/libc-2.21.so
7f9488588000-7f948858c000 rw-p 00000000 00:00 0 
7f948858c000-7f9488599000 r-xp 00000000 08:01 20587057                   /usr/lib/jvm/java-7-openjdk-amd64/jre/lib/amd64/jli/libjli.so
7f9488599000-7f9488798000 ---p 0000d000 08:01 20587057                   /usr/lib/jvm/java-7-openjdk-amd64/jre/lib/amd64/jli/libjli.so
7f9488798000-7f9488799000 r--p 0000c000 08:01 20587057                   /usr/lib/jvm/java-7-openjdk-amd64/jre/lib/amd64/jli/libjli.so
7f9488799000-7f948879a000 rw-p 0000d000 08:01 20587057                   /usr/lib/jvm/java-7-openjdk-amd64/jre/lib/amd64/jli/libjli.so
7f948879a000-7f94887be000 r-xp 00000000 08:01 22024306                   /lib/x86_64-linux-gnu/ld-2.21.so
7f94887c7000-7f94887d6000 r--s 000dd000 08:01 21636737                   /home/sharan/Android/Sdk/build-tools/21.1.2/lib/dx.jar
7f94887d6000-7f94887e7000 rw-p 00000000 00:00 0 
7f94887e7000-7f9488896000 rw-p 00000000 00:00 0 
7f9488896000-7f9488899000 ---p 00000000 00:00 0 
7f9488899000-7f948899d000 rw-p 00000000 00:00 0                          [stack:15672]
7f948899d000-7f94889a1000 r--s 00034000 08:01 20587040                   /usr/lib/jvm/java-7-openjdk-amd64/jre/lib/ext/sunjce_provider.jar
7f94889a1000-7f94889a5000 r--s 0003c000 08:01 20587041                   /usr/lib/jvm/java-7-openjdk-amd64/jre/lib/ext/sunpkcs11.jar
7f94889a5000-7f94889a8000 r--s 0000f000 08:01 20587042                   /usr/lib/jvm/java-7-openjdk-amd64/jre/lib/ext/icedtea-sound.jar
7f94889a8000-7f94889ac000 r--s 00085000 08:01 20587038                   /usr/lib/jvm/java-7-openjdk-amd64/jre/lib/ext/localedata.jar
7f94889ac000-7f94889ae000 r--s 00012000 08:01 20587043                   /usr/lib/jvm/java-7-openjdk-amd64/jre/lib/ext/zipfs.jar
7f94889ae000-7f94889b0000 r--s 00006000 08:01 20971724                   /usr/share/java/java-atk-wrapper.jar
7f94889b0000-7f94889b1000 r--s 00002000 08:01 20587039                   /usr/lib/jvm/java-7-openjdk-amd64/jre/lib/ext/dnsns.jar
7f94889b1000-7f94889b9000 rw-s 00000000 08:01 3014699                    /tmp/hsperfdata_sharan/15668
7f94889b9000-7f94889ba000 rw-p 00000000 00:00 0 
7f94889ba000-7f94889bb000 ---p 00000000 00:00 0 
7f94889bb000-7f94889bd000 rw-p 00000000 00:00 0 
7f94889bd000-7f94889be000 r--p 00023000 08:01 22024306                   /lib/x86_64-linux-gnu/ld-2.21.so
7f94889be000-7f94889bf000 rw-p 00024000 08:01 22024306                   /lib/x86_64-linux-gnu/ld-2.21.so
7f94889bf000-7f94889c0000 rw-p 00000000 00:00 0 
7ffe8d925000-7ffe8d946000 rw-p 00000000 00:00 0                          [stack]
7ffe8d969000-7ffe8d96b000 r--p 00000000 00:00 0                          [vvar]
7ffe8d96b000-7ffe8d96d000 r-xp 00000000 00:00 0                          [vdso]
ffffffffff600000-ffffffffff601000 r-xp 00000000 00:00 0                  [vsyscall]

VM Arguments:
jvm_args: -Xmx4g -Dfile.encoding=UTF-8 -Duser.country=IN -Duser.language=en -Duser.variant 
java_command: com.android.dx.command.Main --dex --force-jumbo --multi-dex --main-dex-list /home/sharan/Dropbox/Muser/muser/build/intermediates/multi-dex/debug/maindexlist.txt --output /home/sharan/Dropbox/Muser/muser/build/intermediates/dex/debug /home/sharan/Dropbox/Muser/muser/build/intermediates/multi-dex/debug/allclasses.jar
Launcher Type: SUN_STANDARD

Environment Variables:
JAVA_HOME=/usr/lib/jvm/java-8-oracle
PATH=/usr/local/sbin:/usr/local/bin:/usr/sbin:/usr/bin:/sbin:/bin:/usr/games:/usr/local/games:/usr/lib/jvm/java-8-oracle/bin:/usr/lib/jvm/java-8-oracle/db/bin:/usr/lib/jvm/java-8-oracle/jre/bin
LD_LIBRARY_PATH=/opt/android-studio/bin:
SHELL=/bin/bash
DISPLAY=:0

Signal Handlers:
SIGSEGV: [libjvm.so+0x98ac50], sa_mask[0]=0x7ffbfeff, sa_flags=0x10000004
SIGBUS: [libjvm.so+0x98ac50], sa_mask[0]=0x7ffbfeff, sa_flags=0x10000004
SIGFPE: [libjvm.so+0x7f8ab0], sa_mask[0]=0x7ffbfeff, sa_flags=0x10000004
SIGPIPE: [libjvm.so+0x7f8ab0], sa_mask[0]=0x7ffbfeff, sa_flags=0x10000004
SIGXFSZ: [libjvm.so+0x7f8ab0], sa_mask[0]=0x7ffbfeff, sa_flags=0x10000004
SIGILL: [libjvm.so+0x7f8ab0], sa_mask[0]=0x7ffbfeff, sa_flags=0x10000004
SIGUSR1: SIG_DFL, sa_mask[0]=0x00000000, sa_flags=0x00000000
SIGUSR2: [libjvm.so+0x7f8930], sa_mask[0]=0x00000004, sa_flags=0x10000004
SIGHUP: [libjvm.so+0x7f8b30], sa_mask[0]=0x7ffbfeff, sa_flags=0x10000004
SIGINT: [libjvm.so+0x7f8b30], sa_mask[0]=0x7ffbfeff, sa_flags=0x10000004
SIGTERM: [libjvm.so+0x7f8b30], sa_mask[0]=0x7ffbfeff, sa_flags=0x10000004
SIGQUIT: [libjvm.so+0x7f8b30], sa_mask[0]=0x7ffbfeff, sa_flags=0x10000004
SIGTRAP: SIG_DFL, sa_mask[0]=0x00000000, sa_flags=0x00000000


---------------  S Y S T E M  ---------------

OS:Ubuntu 15.04 (vivid)
uname:Linux 3.19.0-26-generic #28-Ubuntu SMP Tue Aug 11 14:16:32 UTC 2015 x86_64
libc:glibc 2.21 NPTL 2.21 
rlimit: STACK 8192k, CORE 0k, NPROC 31366, NOFILE 65536, AS infinity
load average:3.02 2.88 2.24

/proc/meminfo:
MemTotal:        8052020 kB
MemFree:          148932 kB
MemAvailable:     149704 kB
Buffers:           23736 kB
Cached:          1442996 kB
SwapCached:            0 kB
Active:          6358580 kB
Inactive:        1341404 kB
Active(anon):    6307468 kB
Inactive(anon):  1283068 kB
Active(file):      51112 kB
Inactive(file):    58336 kB
Unevictable:          32 kB
Mlocked:              32 kB
SwapTotal:             0 kB
SwapFree:              0 kB
Dirty:             11872 kB
Writeback:             0 kB
AnonPages:       6234220 kB
Mapped:           570472 kB
Shmem:           1356468 kB
Slab:             100204 kB
SReclaimable:      61036 kB
SUnreclaim:        39168 kB
KernelStack:       11696 kB
PageTables:        48732 kB
NFS_Unstable:          0 kB
Bounce:                0 kB
WritebackTmp:          0 kB
CommitLimit:     4026008 kB
Committed_AS:   14553844 kB
VmallocTotal:   34359738367 kB
VmallocUsed:      358860 kB
VmallocChunk:   34359320344 kB
HardwareCorrupted:     0 kB
AnonHugePages:   3434496 kB
CmaTotal:              0 kB
CmaFree:               0 kB
HugePages_Total:       0
HugePages_Free:        0
HugePages_Rsvd:        0
HugePages_Surp:        0
Hugepagesize:       2048 kB
DirectMap4k:      177212 kB
DirectMap2M:     8087552 kB
DirectMap1G:           0 kB


CPU:total 4 (2 cores per cpu, 2 threads per core) family 6 model 60 stepping 3, cmov, cx8, fxsr, mmx, sse, sse2, sse3, ssse3, sse4.1, sse4.2, popcnt, avx, avx2, aes, erms, ht, tsc, tscinvbit

/proc/cpuinfo:
processor	: 0
vendor_id	: GenuineIntel
cpu family	: 6
model		: 60
model name	: Intel(R) Core(TM) i3-4150 CPU @ 3.50GHz
stepping	: 3
microcode	: 0x12
cpu MHz		: 3500.000
cache size	: 3072 KB
physical id	: 0
siblings	: 4
core id		: 0
cpu cores	: 2
apicid		: 0
initial apicid	: 0
fpu		: yes
fpu_exception	: yes
cpuid level	: 13
wp		: yes
flags		: fpu vme de pse tsc msr pae mce cx8 apic sep mtrr pge mca cmov pat pse36 clflush dts acpi mmx fxsr sse sse2 ss ht tm pbe syscall nx pdpe1gb rdtscp lm constant_tsc arch_perfmon pebs bts rep_good nopl xtopology nonstop_tsc aperfmperf eagerfpu pni pclmulqdq dtes64 monitor ds_cpl vmx est tm2 ssse3 fma cx16 xtpr pdcm pcid sse4_1 sse4_2 movbe popcnt tsc_deadline_timer aes xsave avx f16c rdrand lahf_lm abm arat pln pts dtherm tpr_shadow vnmi flexpriority ept vpid fsgsbase tsc_adjust bmi1 avx2 smep bmi2 erms invpcid xsaveopt
bugs		:
bogomips	: 6983.43
clflush size	: 64
cache_alignment	: 64
address sizes	: 39 bits physical, 48 bits virtual
power management:

processor	: 1
vendor_id	: GenuineIntel
cpu family	: 6
model		: 60
model name	: Intel(R) Core(TM) i3-4150 CPU @ 3.50GHz
stepping	: 3
microcode	: 0x12
cpu MHz		: 3499.863
cache size	: 3072 KB
physical id	: 0
siblings	: 4
core id		: 1
cpu cores	: 2
apicid		: 2
initial apicid	: 2
fpu		: yes
fpu_exception	: yes
cpuid level	: 13
wp		: yes
flags		: fpu vme de pse tsc msr pae mce cx8 apic sep mtrr pge mca cmov pat pse36 clflush dts acpi mmx fxsr sse sse2 ss ht tm pbe syscall nx pdpe1gb rdtscp lm constant_tsc arch_perfmon pebs bts rep_good nopl xtopology nonstop_tsc aperfmperf eagerfpu pni pclmulqdq dtes64 monitor ds_cpl vmx est tm2 ssse3 fma cx16 xtpr pdcm pcid sse4_1 sse4_2 movbe popcnt tsc_deadline_timer aes xsave avx f16c rdrand lahf_lm abm arat pln pts dtherm tpr_shadow vnmi flexpriority ept vpid fsgsbase tsc_adjust bmi1 avx2 smep bmi2 erms invpcid xsaveopt
bugs		:
bogomips	: 6983.43
clflush size	: 64
cache_alignment	: 64
address sizes	: 39 bits physical, 48 bits virtual
power management:

processor	: 2
vendor_id	: GenuineIntel
cpu family	: 6
model		: 60
model name	: Intel(R) Core(TM) i3-4150 CPU @ 3.50GHz
stepping	: 3
microcode	: 0x12
cpu MHz		: 3500.000
cache size	: 3072 KB
physical id	: 0
siblings	: 4
core id		: 0
cpu cores	: 2
apicid		: 1
initial apicid	: 1
fpu		: yes
fpu_exception	: yes
cpuid level	: 13
wp		: yes
flags		: fpu vme de pse tsc msr pae mce cx8 apic sep mtrr pge mca cmov pat pse36 clflush dts acpi mmx fxsr sse sse2 ss ht tm pbe syscall nx pdpe1gb rdtscp lm constant_tsc arch_perfmon pebs bts rep_good nopl xtopology nonstop_tsc aperfmperf eagerfpu pni pclmulqdq dtes64 monitor ds_cpl vmx est tm2 ssse3 fma cx16 xtpr pdcm pcid sse4_1 sse4_2 movbe popcnt tsc_deadline_timer aes xsave avx f16c rdrand lahf_lm abm arat pln pts dtherm tpr_shadow vnmi flexpriority ept vpid fsgsbase tsc_adjust bmi1 avx2 smep bmi2 erms invpcid xsaveopt
bugs		:
bogomips	: 6983.43
clflush size	: 64
cache_alignment	: 64
address sizes	: 39 bits physical, 48 bits virtual
power management:

processor	: 3
vendor_id	: GenuineIntel
cpu family	: 6
model		: 60
model name	: Intel(R) Core(TM) i3-4150 CPU @ 3.50GHz
stepping	: 3
microcode	: 0x12
cpu MHz		: 3499.863
cache size	: 3072 KB
physical id	: 0
siblings	: 4
core id		: 1
cpu cores	: 2
apicid		: 3
initial apicid	: 3
fpu		: yes
fpu_exception	: yes
cpuid level	: 13
wp		: yes
flags		: fpu vme de pse tsc msr pae mce cx8 apic sep mtrr pge mca cmov pat pse36 clflush dts acpi mmx fxsr sse sse2 ss ht tm pbe syscall nx pdpe1gb rdtscp lm constant_tsc arch_perfmon pebs bts rep_good nopl xtopology nonstop_tsc aperfmperf eagerfpu pni pclmulqdq dtes64 monitor ds_cpl vmx est tm2 ssse3 fma cx16 xtpr pdcm pcid sse4_1 sse4_2 movbe popcnt tsc_deadline_timer aes xsave avx f16c rdrand lahf_lm abm arat pln pts dtherm tpr_shadow vnmi flexpriority ept vpid fsgsbase tsc_adjust bmi1 avx2 smep bmi2 erms invpcid xsaveopt
bugs		:
bogomips	: 6983.43
clflush size	: 64
cache_alignment	: 64
address sizes	: 39 bits physical, 48 bits virtual
power management:



Memory: 4k page, physical 8052020k(148932k free), swap 0k(0k free)

vm_info: OpenJDK 64-Bit Server VM (24.79-b02) for linux-amd64 JRE (1.7.0_79-b14), built on Jul 24 2015 05:24:39 by "buildd" with gcc 4.9.2

time: Tue Jan  5 18:54:12 2016
elapsed time: 23 seconds

