#
# There is insufficient memory for the Java Runtime Environment to continue.
# Native memory allocation (malloc) failed to allocate 208666624 bytes for committing reserved memory.
# Possible reasons:
#   The system is out of physical RAM or swap space
#   In 32 bit mode, the process size limit was hit
# Possible solutions:
#   Reduce memory load on the system
#   Increase physical memory or swap space
#   Check if swap backing store is full
#   Use 64 bit Java on a 64 bit OS
#   Decrease Java heap size (-Xmx/-Xms)
#   Decrease number of Java threads
#   Decrease Java thread stack sizes (-Xss)
#   Set larger code cache with -XX:ReservedCodeCacheSize=
# This output file may be truncated or incomplete.
#
#  Out of Memory Error (os_linux.cpp:2809), pid=16348, tid=140319467239168
#
# JRE version: OpenJDK Runtime Environment (7.0_79-b14) (build 1.7.0_79-b14)
# Java VM: OpenJDK 64-Bit Server VM (24.79-b02 mixed mode linux-amd64 compressed oops)
# Derivative: IcedTea 2.5.6
# Distribution: Ubuntu 15.04, package 7u79-2.5.6-0ubuntu1.15.04.1
# Failed to write core dump. Core dumps have been disabled. To enable core dumping, try "ulimit -c unlimited" before starting Java again
#

---------------  T H R E A D  ---------------

Current thread (0x00007f9ebc076000):  VMThread [stack: 0x00007f9eabeff000,0x00007f9eac000000] [id=16358]

Stack: [0x00007f9eabeff000,0x00007f9eac000000],  sp=0x00007f9eabffe4c0,  free space=1021k
Native frames: (J=compiled Java code, j=interpreted, Vv=VM code, C=native code)
V  [libjvm.so+0x98a166]  VMError::report_and_die()+0x186
V  [libjvm.so+0x48f932]  report_vm_out_of_memory(char const*, int, unsigned long, char const*)+0x92
V  [libjvm.so+0x7fd56b]  os::pd_commit_memory(char*, unsigned long, unsigned long, bool)+0xeb
V  [libjvm.so+0x7f7c4e]  os::commit_memory(char*, unsigned long, unsigned long, bool)+0x2e
V  [libjvm.so+0x86a56b]  PSVirtualSpace::expand_by(unsigned long)+0x5b
V  [libjvm.so+0x858d5a]  PSOldGen::expand_by(unsigned long) [clone .part.29]+0x2a
V  [libjvm.so+0x858f10]  PSOldGen::expand(unsigned long) [clone .part.30]+0xc0
V  [libjvm.so+0x859ea8]  PSOldGen::resize(unsigned long)+0x198
V  [libjvm.so+0x861524]  PSParallelCompact::invoke_no_policy(bool) [clone .part.122]+0x994
V  [libjvm.so+0x867e85]  PSScavenge::invoke()+0x1a5
V  [libjvm.so+0x81fb73]  ParallelScavengeHeap::failed_mem_allocate(unsigned long)+0x63
V  [libjvm.so+0x98ba32]  VM_ParallelGCFailedAllocation::doit()+0x92
V  [libjvm.so+0x9902e7]  VM_Operation::evaluate()+0x47
V  [libjvm.so+0x98e8cb]  VMThread::evaluate_operation(VM_Operation*)+0xab
V  [libjvm.so+0x98ef76]  VMThread::loop()+0x1e6
V  [libjvm.so+0x98f441]  VMThread::run()+0x81
V  [libjvm.so+0x7fa492]  java_start(Thread*)+0xf2

VM_Operation (0x00007f9ec52a2f80): ParallelGCFailedAllocation, mode: safepoint, requested by thread 0x00007f9ebc00a000


---------------  P R O C E S S  ---------------

Java Threads: ( => current thread )
  0x00007f9ebc0af000 JavaThread "Service Thread" daemon [_thread_blocked, id=16364, stack(0x00007f9eab217000,0x00007f9eab318000)]
  0x00007f9ebc0ac800 JavaThread "C2 CompilerThread1" daemon [_thread_blocked, id=16363, stack(0x00007f9eab318000,0x00007f9eab419000)]
  0x00007f9ebc0a9800 JavaThread "C2 CompilerThread0" daemon [_thread_blocked, id=16362, stack(0x00007f9eab419000,0x00007f9eab51a000)]
  0x00007f9ebc0a7800 JavaThread "Signal Dispatcher" daemon [_thread_blocked, id=16361, stack(0x00007f9eab51a000,0x00007f9eab61b000)]
  0x00007f9ebc07c800 JavaThread "Finalizer" daemon [_thread_blocked, id=16360, stack(0x00007f9eabcfd000,0x00007f9eabdfe000)]
  0x00007f9ebc07a800 JavaThread "Reference Handler" daemon [_thread_blocked, id=16359, stack(0x00007f9eabdfe000,0x00007f9eabeff000)]
  0x00007f9ebc00a000 JavaThread "main" [_thread_blocked, id=16353, stack(0x00007f9ec51a4000,0x00007f9ec52a5000)]

Other Threads:
=>0x00007f9ebc076000 VMThread [stack: 0x00007f9eabeff000,0x00007f9eac000000] [id=16358]
  0x00007f9ebc0ba000 WatcherThread [stack: 0x00007f9eab116000,0x00007f9eab217000] [id=16365]

VM state:at safepoint (normal execution)

VM Mutex/Monitor currently owned by a thread:  ([mutex/lock_event])
[0x00007f9ebc0062b0] ExpandHeap_lock - owner thread: 0x00007f9ebc076000
[0x00007f9ebc006930] Threads_lock - owner thread: 0x00007f9ebc076000
[0x00007f9ebc006e30] Heap_lock - owner thread: 0x00007f9ebc00a000

Heap
 PSYoungGen      total 648704K, used 55025K [0x00000007aaa80000, 0x00000007e5f80000, 0x0000000800000000)
  eden space 533504K, 0% used [0x00000007aaa80000,0x00000007aaa80000,0x00000007cb380000)
  from space 115200K, 47% used [0x00000007cb380000,0x00000007ce93c6f8,0x00000007d2400000)
  to   space 148992K, 0% used [0x00000007dce00000,0x00000007dce00000,0x00000007e5f80000)
 ParOldGen       total 412160K, used 411990K [0x0000000700000000, 0x0000000719280000, 0x00000007aaa80000)
  object space 412160K, 99% used [0x0000000700000000,0x0000000719255810,0x0000000719280000)
 PSPermGen       total 21504K, used 6312K [0x00000006f5a00000, 0x00000006f6f00000, 0x0000000700000000)
  object space 21504K, 29% used [0x00000006f5a00000,0x00000006f602a020,0x00000006f6f00000)

Card table byte_map: [0x00007f9ec153e000,0x00007f9ec1d92000] byte_map_base: 0x00007f9ebdd91000

Polling page: 0x00007f9ec52c8000

Code Cache  [0x00007f9eb9000000, 0x00007f9eb93e0000, 0x00007f9ebc000000)
 total_blobs=1326 nmethods=1098 adapters=181 free_code_cache=45251Kb largest_free_block=46287232

Compilation events (10 events):
Event: 15.554 Thread 0x00007f9ebc0ac800 nmethod 1139 0x00007f9eb93d5690 code [0x00007f9eb93d57e0, 0x00007f9eb93d5868]
Event: 15.554 Thread 0x00007f9ebc0ac800 1140             com.android.dx.cf.direct.DirectClassFile::getMagic0 (9 bytes)
Event: 15.555 Thread 0x00007f9ebc0a9800 nmethod 1122 0x00007f9eb93d7250 code [0x00007f9eb93d7400, 0x00007f9eb93d7a48]
Event: 15.555 Thread 0x00007f9ebc0ac800 nmethod 1140 0x00007f9eb93d6e10 code [0x00007f9eb93d6f60, 0x00007f9eb93d7098]
Event: 15.698 Thread 0x00007f9ebc0a9800 1141             com.android.dx.rop.type.Type::isArray (19 bytes)
Event: 15.699 Thread 0x00007f9ebc0a9800 nmethod 1141 0x00007f9eb93d8350 code [0x00007f9eb93d84a0, 0x00007f9eb93d8578]
Event: 15.762 Thread 0x00007f9ebc0ac800 1142             com.android.dx.cf.direct.DirectClassFile::makeTypeList (47 bytes)
Event: 15.763 Thread 0x00007f9ebc0ac800 nmethod 1142 0x00007f9eb93d3250 code [0x00007f9eb93d33a0, 0x00007f9eb93d3508]
Event: 15.822 Thread 0x00007f9ebc0a9800 1143             com.android.dx.cf.code.SwitchList::add (35 bytes)
Event: 15.829 Thread 0x00007f9ebc0a9800 nmethod 1143 0x00007f9eb93d8a50 code [0x00007f9eb93d8be0, 0x00007f9eb93d9378]

GC Heap History (10 events):
Event: 11.720 GC heap after
Heap after GC invocations=14 (full 2):
 PSYoungGen      total 510464K, used 55148K [0x00000007aaa80000, 0x00000007cfb00000, 0x0000000800000000)
  eden space 436736K, 0% used [0x00000007aaa80000,0x00000007aaa80000,0x00000007c5500000)
  from space 73728K, 74% used [0x00000007ca200000,0x00000007cd7db048,0x00000007cea00000)
  to   space 78848K, 0% used [0x00000007c5500000,0x00000007c5500000,0x00000007ca200000)
 ParOldGen       total 258560K, used 195572K [0x0000000700000000, 0x000000070fc80000, 0x00000007aaa80000)
  object space 258560K, 75% used [0x0000000700000000,0x000000070befd218,0x000000070fc80000)
 PSPermGen       total 21504K, used 6236K [0x00000006f5a00000, 0x00000006f6f00000, 0x0000000700000000)
  object space 21504K, 29% used [0x00000006f5a00000,0x00000006f6017140,0x00000006f6f00000)
}
Event: 12.705 GC heap before
{Heap before GC invocations=15 (full 2):
 PSYoungGen      total 510464K, used 491884K [0x00000007aaa80000, 0x00000007cfb00000, 0x0000000800000000)
  eden space 436736K, 100% used [0x00000007aaa80000,0x00000007c5500000,0x00000007c5500000)
  from space 73728K, 74% used [0x00000007ca200000,0x00000007cd7db048,0x00000007cea00000)
  to   space 78848K, 0% used [0x00000007c5500000,0x00000007c5500000,0x00000007ca200000)
 ParOldGen       total 258560K, used 195572K [0x0000000700000000, 0x000000070fc80000, 0x00000007aaa80000)
  object space 258560K, 75% used [0x0000000700000000,0x000000070befd218,0x000000070fc80000)
 PSPermGen       total 21504K, used 6260K [0x00000006f5a00000, 0x00000006f6f00000, 0x0000000700000000)
  object space 21504K, 29% used [0x00000006f5a00000,0x00000006f601d0a0,0x00000006f6f00000)
Event: 12.877 GC heap after
Heap after GC invocations=15 (full 2):
 PSYoungGen      total 515584K, used 78838K [0x00000007aaa80000, 0x00000007d9700000, 0x0000000800000000)
  eden space 436736K, 0% used [0x00000007aaa80000,0x00000007aaa80000,0x00000007c5500000)
  from space 78848K, 99% used [0x00000007c5500000,0x00000007ca1fd908,0x00000007ca200000)
  to   space 110080K, 0% used [0x00000007d2b80000,0x00000007d2b80000,0x00000007d9700000)
 ParOldGen       total 258560K, used 246375K [0x0000000700000000, 0x000000070fc80000, 0x00000007aaa80000)
  object space 258560K, 95% used [0x0000000700000000,0x000000070f099de8,0x000000070fc80000)
 PSPermGen       total 21504K, used 6260K [0x00000006f5a00000, 0x00000006f6f00000, 0x0000000700000000)
  object space 21504K, 29% used [0x00000006f5a00000,0x00000006f601d0a0,0x00000006f6f00000)
}
Event: 12.877 GC heap before
{Heap before GC invocations=16 (full 3):
 PSYoungGen      total 515584K, used 78838K [0x00000007aaa80000, 0x00000007d9700000, 0x0000000800000000)
  eden space 436736K, 0% used [0x00000007aaa80000,0x00000007aaa80000,0x00000007c5500000)
  from space 78848K, 99% used [0x00000007c5500000,0x00000007ca1fd908,0x00000007ca200000)
  to   space 110080K, 0% used [0x00000007d2b80000,0x00000007d2b80000,0x00000007d9700000)
 ParOldGen       total 258560K, used 246375K [0x0000000700000000, 0x000000070fc80000, 0x00000007aaa80000)
  object space 258560K, 95% used [0x0000000700000000,0x000000070f099de8,0x000000070fc80000)
 PSPermGen       total 21504K, used 6260K [0x00000006f5a00000, 0x00000006f6f00000, 0x0000000700000000)
  object space 21504K, 29% used [0x00000006f5a00000,0x00000006f601d0a0,0x00000006f6f00000)
Event: 13.891 GC heap after
Heap after GC invocations=16 (full 3):
 PSYoungGen      total 515584K, used 64327K [0x00000007aaa80000, 0x00000007d9700000, 0x0000000800000000)
  eden space 436736K, 0% used [0x00000007aaa80000,0x00000007aaa80000,0x00000007c5500000)
  from space 78848K, 81% used [0x00000007c5500000,0x00000007c93d1f70,0x00000007ca200000)
  to   space 110080K, 0% used [0x00000007d2b80000,0x00000007d2b80000,0x00000007d9700000)
 ParOldGen       total 412160K, used 258168K [0x0000000700000000, 0x0000000719280000, 0x00000007aaa80000)
  object space 412160K, 62% used [0x0000000700000000,0x000000070fc1e210,0x0000000719280000)
 PSPermGen       total 21504K, used 6259K [0x00000006f5a00000, 0x00000006f6f00000, 0x0000000700000000)
  object space 21504K, 29% used [0x00000006f5a00000,0x00000006f601cfc0,0x00000006f6f00000)
}
Event: 14.689 GC heap before
{Heap before GC invocations=17 (full 3):
 PSYoungGen      total 515584K, used 501063K [0x00000007aaa80000, 0x00000007d9700000, 0x0000000800000000)
  eden space 436736K, 100% used [0x00000007aaa80000,0x00000007c5500000,0x00000007c5500000)
  from space 78848K, 81% used [0x00000007c5500000,0x00000007c93d1f70,0x00000007ca200000)
  to   space 110080K, 0% used [0x00000007d2b80000,0x00000007d2b80000,0x00000007d9700000)
 ParOldGen       total 412160K, used 258168K [0x0000000700000000, 0x0000000719280000, 0x00000007aaa80000)
  object space 412160K, 62% used [0x0000000700000000,0x000000070fc1e210,0x0000000719280000)
 PSPermGen       total 21504K, used 6302K [0x00000006f5a00000, 0x00000006f6f00000, 0x0000000700000000)
  object space 21504K, 29% used [0x00000006f5a00000,0x00000006f6027958,0x00000006f6f00000)
Event: 14.960 GC heap after
Heap after GC invocations=17 (full 3):
 PSYoungGen      total 641024K, used 74680K [0x00000007aaa80000, 0x00000007d9480000, 0x0000000800000000)
  eden space 533504K, 0% used [0x00000007aaa80000,0x00000007aaa80000,0x00000007cb380000)
  from space 107520K, 69% used [0x00000007d2b80000,0x00000007d746e380,0x00000007d9480000)
  to   space 115200K, 0% used [0x00000007cb380000,0x00000007cb380000,0x00000007d2400000)
 ParOldGen       total 412160K, used 323033K [0x0000000700000000, 0x0000000719280000, 0x00000007aaa80000)
  object space 412160K, 78% used [0x0000000700000000,0x0000000713b76490,0x0000000719280000)
 PSPermGen       total 21504K, used 6302K [0x00000006f5a00000, 0x00000006f6f00000, 0x0000000700000000)
  object space 21504K, 29% used [0x00000006f5a00000,0x00000006f6027958,0x00000006f6f00000)
}
Event: 15.861 GC heap before
{Heap before GC invocations=18 (full 3):
 PSYoungGen      total 641024K, used 608184K [0x00000007aaa80000, 0x00000007d9480000, 0x0000000800000000)
  eden space 533504K, 100% used [0x00000007aaa80000,0x00000007cb380000,0x00000007cb380000)
  from space 107520K, 69% used [0x00000007d2b80000,0x00000007d746e380,0x00000007d9480000)
  to   space 115200K, 0% used [0x00000007cb380000,0x00000007cb380000,0x00000007d2400000)
 ParOldGen       total 412160K, used 323033K [0x0000000700000000, 0x0000000719280000, 0x00000007aaa80000)
  object space 412160K, 78% used [0x0000000700000000,0x0000000713b76490,0x0000000719280000)
 PSPermGen       total 21504K, used 6312K [0x00000006f5a00000, 0x00000006f6f00000, 0x0000000700000000)
  object space 21504K, 29% used [0x00000006f5a00000,0x00000006f602a080,0x00000006f6f00000)
Event: 16.223 GC heap after
Heap after GC invocations=18 (full 3):
 PSYoungGen      total 648704K, used 115169K [0x00000007aaa80000, 0x00000007e5f80000, 0x0000000800000000)
  eden space 533504K, 0% used [0x00000007aaa80000,0x00000007aaa80000,0x00000007cb380000)
  from space 115200K, 99% used [0x00000007cb380000,0x00000007d23f8730,0x00000007d2400000)
  to   space 148992K, 0% used [0x00000007dce00000,0x00000007dce00000,0x00000007e5f80000)
 ParOldGen       total 412160K, used 363392K [0x0000000700000000, 0x0000000719280000, 0x00000007aaa80000)
  object space 412160K, 88% used [0x0000000700000000,0x00000007162e03a0,0x0000000719280000)
 PSPermGen       total 21504K, used 6312K [0x00000006f5a00000, 0x00000006f6f00000, 0x0000000700000000)
  object space 21504K, 29% used [0x00000006f5a00000,0x00000006f602a080,0x00000006f6f00000)
}
Event: 16.223 GC heap before
{Heap before GC invocations=19 (full 4):
 PSYoungGen      total 648704K, used 115169K [0x00000007aaa80000, 0x00000007e5f80000, 0x0000000800000000)
  eden space 533504K, 0% used [0x00000007aaa80000,0x00000007aaa80000,0x00000007cb380000)
  from space 115200K, 99% used [0x00000007cb380000,0x00000007d23f8730,0x00000007d2400000)
  to   space 148992K, 0% used [0x00000007dce00000,0x00000007dce00000,0x00000007e5f80000)
 ParOldGen       total 412160K, used 363392K [0x0000000700000000, 0x0000000719280000, 0x00000007aaa80000)
  object space 412160K, 88% used [0x0000000700000000,0x00000007162e03a0,0x0000000719280000)
 PSPermGen       total 21504K, used 6312K [0x00000006f5a00000, 0x00000006f6f00000, 0x0000000700000000)
  object space 21504K, 29% used [0x00000006f5a00000,0x00000006f602a080,0x00000006f6f00000)

Deoptimization events (10 events):
Event: 11.387 Thread 0x00007f9ebc00a000 Uncommon trap: reason=class_check action=maybe_recompile pc=0x00007f9eb91bde4c method=com.android.dx.ssa.back.FirstFitLocalCombiningAllocator.findNextUnreservedRopReg(IILcom/android/dx/ssa/back/FirstFitLocalCombiningAllocator$Alignment;)I @ 60
Event: 11.725 Thread 0x00007f9ebc00a000 Uncommon trap: reason=null_check action=make_not_entrant pc=0x00007f9eb93089e4 method=com.android.dx.cf.direct.StdAttributeFactory.enclosingMethod(Lcom/android/dx/cf/direct/DirectClassFile;IILcom/android/dx/cf/iface/ParseObserver;)Lcom/android/dx/cf/iface
Event: 11.932 Thread 0x00007f9ebc00a000 Uncommon trap: reason=class_check action=maybe_recompile pc=0x00007f9eb91ce4e4 method=com.android.dx.ssa.SCCP.replaceConstants()V @ 182
Event: 12.030 Thread 0x00007f9ebc00a000 Uncommon trap: reason=unreached action=reinterpret pc=0x00007f9eb92c26c0 method=com.android.dx.rop.code.LocalItem.compareHandlesNulls(Lcom/android/dx/rop/cst/CstString;Lcom/android/dx/rop/cst/CstString;)I @ 14
Event: 12.030 Thread 0x00007f9ebc00a000 Uncommon trap: reason=unreached action=reinterpret pc=0x00007f9eb9340fc0 method=com.android.dx.rop.code.LocalItem.compareHandlesNulls(Lcom/android/dx/rop/cst/CstString;Lcom/android/dx/rop/cst/CstString;)I @ 14
Event: 12.669 Thread 0x00007f9ebc00a000 Uncommon trap: reason=predicate action=maybe_recompile pc=0x00007f9eb91ac274 method=com.android.dx.ssa.DomFront.run()[Lcom/android/dx/ssa/DomFront$DomInfo; @ 175
Event: 12.669 Thread 0x00007f9ebc00a000 Uncommon trap: reason=unloaded action=reinterpret pc=0x00007f9eb9186f78 method=com.android.dx.ssa.SetFactory.makeDomFrontSet(I)Lcom/android/dx/util/IntSet; @ 18
Event: 12.670 Thread 0x00007f9ebc00a000 Uncommon trap: reason=class_check action=maybe_recompile pc=0x00007f9eb9122a7c method=com.android.dx.ssa.DomFront.calcDomFronts()V @ 101
Event: 12.673 Thread 0x00007f9ebc00a000 Uncommon trap: reason=class_check action=maybe_recompile pc=0x00007f9eb90c63f4 method=com.android.dx.ssa.SsaConverter.placePhiFunctions(Lcom/android/dx/ssa/SsaMethod;Lcom/android/dx/ssa/LocalVariableInfo;I)V @ 257
Event: 14.117 Thread 0x00007f9ebc00a000 Uncommon trap: reason=class_check action=maybe_recompile pc=0x00007f9eb91ce4e4 method=com.android.dx.ssa.SCCP.replaceConstants()V @ 182

Internal exceptions (10 events):
Event: 9.120 Thread 0x00007f9ebc00a000 Implicit null exception at 0x00007f9eb91533a5 to 0x00007f9eb9153591
Event: 9.120 Thread 0x00007f9ebc00a000 Implicit null exception at 0x00007f9eb916b21a to 0x00007f9eb916bc6d
Event: 9.121 Thread 0x00007f9ebc00a000 Implicit null exception at 0x00007f9eb91c4bb1 to 0x00007f9eb91c4d81
Event: 9.122 Thread 0x00007f9ebc00a000 Implicit null exception at 0x00007f9eb91c7a75 to 0x00007f9eb91c7bd5
Event: 9.387 Thread 0x00007f9ebc00a000 Threw 0x00000007bab27310 at /build/openjdk-7-yI9zWD/openjdk-7-7u79-2.5.6/build/openjdk/hotspot/src/share/vm/prims/jvm.cpp:1284
Event: 11.725 Thread 0x00007f9ebc00a000 Implicit null exception at 0x00007f9eb9307253 to 0x00007f9eb93089d5
Event: 12.030 Thread 0x00007f9ebc00a000 Implicit null exception at 0x00007f9eb92c1b96 to 0x00007f9eb92c2695
Event: 12.030 Thread 0x00007f9ebc00a000 Implicit null exception at 0x00007f9eb9340dd2 to 0x00007f9eb9340fad
Event: 12.669 Thread 0x00007f9ebc00a000 Threw 0x00000007c4e562c8 at /build/openjdk-7-yI9zWD/openjdk-7-7u79-2.5.6/build/openjdk/hotspot/src/share/vm/prims/jvm.cpp:1284
Event: 12.673 Thread 0x00007f9ebc00a000 Threw 0x00000007c4e9be70 at /build/openjdk-7-yI9zWD/openjdk-7-7u79-2.5.6/build/openjdk/hotspot/src/share/vm/prims/jvm.cpp:1284

Events (10 events):
Event: 13.967 Thread 0x00007f9ebc0ac800 flushing nmethod 0x00007f9eb91c48d0
Event: 14.003 Thread 0x00007f9ebc0a9800 flushing nmethod 0x00007f9eb91c7910
Event: 14.037 Thread 0x00007f9ebc0a9800 flushing nmethod 0x00007f9eb92d0c50
Event: 14.043 Thread 0x00007f9ebc0ac800 flushing nmethod 0x00007f9eb9336b90
Event: 14.117 Thread 0x00007f9ebc00a000 Uncommon trap: trap_request=0xffffffde fr.pc=0x00007f9eb91ce4e4
Event: 14.117 Thread 0x00007f9ebc00a000 DEOPT PACKING pc=0x00007f9eb91ce4e4 sp=0x00007f9ec52a3090
Event: 14.117 Thread 0x00007f9ebc00a000 DEOPT UNPACKING pc=0x00007f9eb9039445 sp=0x00007f9ec52a3008 mode 2
Event: 14.689 Executing VM operation: ParallelGCFailedAllocation
Event: 14.960 Executing VM operation: ParallelGCFailedAllocation done
Event: 15.860 Executing VM operation: ParallelGCFailedAllocation


Dynamic libraries:
00400000-00401000 r-xp 00000000 08:01 20712222                           /usr/lib/jvm/java-7-openjdk-amd64/jre/bin/java
00600000-00601000 r--p 00000000 08:01 20712222                           /usr/lib/jvm/java-7-openjdk-amd64/jre/bin/java
00601000-00602000 rw-p 00001000 08:01 20712222                           /usr/lib/jvm/java-7-openjdk-amd64/jre/bin/java
025eb000-0260c000 rw-p 00000000 00:00 0                                  [heap]
6f5a00000-6f6f00000 rw-p 00000000 00:00 0 
6f6f00000-700000000 rw-p 00000000 00:00 0 
700000000-719280000 rw-p 00000000 00:00 0 
725980000-7aaa80000 rw-p 00000000 00:00 0 
7aaa80000-7e5f80000 rw-p 00000000 00:00 0 
7e5f80000-800000000 rw-p 00000000 00:00 0 
7f9e78000000-7f9e78021000 rw-p 00000000 00:00 0 
7f9e78021000-7f9e7c000000 ---p 00000000 00:00 0 
7f9e7c000000-7f9e7d96d000 rw-p 00000000 00:00 0 
7f9e7d96d000-7f9e80000000 ---p 00000000 00:00 0 
7f9e80000000-7f9e80021000 rw-p 00000000 00:00 0 
7f9e80021000-7f9e84000000 ---p 00000000 00:00 0 
7f9e84000000-7f9e84021000 rw-p 00000000 00:00 0 
7f9e84021000-7f9e88000000 ---p 00000000 00:00 0 
7f9e88000000-7f9e895c2000 rw-p 00000000 00:00 0 
7f9e895c2000-7f9e8c000000 ---p 00000000 00:00 0 
7f9e8c000000-7f9e8c021000 rw-p 00000000 00:00 0 
7f9e8c021000-7f9e90000000 ---p 00000000 00:00 0 
7f9e90000000-7f9e90021000 rw-p 00000000 00:00 0 
7f9e90021000-7f9e94000000 ---p 00000000 00:00 0 
7f9e94000000-7f9e9423f000 rw-p 00000000 00:00 0 
7f9e9423f000-7f9e98000000 ---p 00000000 00:00 0 
7f9e9bad0000-7f9ea4000000 rw-p 00000000 00:00 0 
7f9ea4000000-7f9ea4021000 rw-p 00000000 00:00 0 
7f9ea4021000-7f9ea8000000 ---p 00000000 00:00 0 
7f9ea9584000-7f9ea9885000 rw-p 00000000 00:00 0 
7f9ea9885000-7f9ea98f1000 r-xp 00000000 08:01 22020192                   /lib/x86_64-linux-gnu/libpcre.so.3.13.1
7f9ea98f1000-7f9ea9af0000 ---p 0006c000 08:01 22020192                   /lib/x86_64-linux-gnu/libpcre.so.3.13.1
7f9ea9af0000-7f9ea9af1000 r--p 0006b000 08:01 22020192                   /lib/x86_64-linux-gnu/libpcre.so.3.13.1
7f9ea9af1000-7f9ea9af2000 rw-p 0006c000 08:01 22020192                   /lib/x86_64-linux-gnu/libpcre.so.3.13.1
7f9ea9af2000-7f9ea9af9000 r-xp 00000000 08:01 20455638                   /usr/lib/x86_64-linux-gnu/libffi.so.6.0.4
7f9ea9af9000-7f9ea9cf8000 ---p 00007000 08:01 20455638                   /usr/lib/x86_64-linux-gnu/libffi.so.6.0.4
7f9ea9cf8000-7f9ea9cf9000 r--p 00006000 08:01 20455638                   /usr/lib/x86_64-linux-gnu/libffi.so.6.0.4
7f9ea9cf9000-7f9ea9cfa000 rw-p 00007000 08:01 20455638                   /usr/lib/x86_64-linux-gnu/libffi.so.6.0.4
7f9ea9cfa000-7f9ea9d11000 r-xp 00000000 08:01 22024473                   /lib/x86_64-linux-gnu/libresolv-2.21.so
7f9ea9d11000-7f9ea9f11000 ---p 00017000 08:01 22024473                   /lib/x86_64-linux-gnu/libresolv-2.21.so
7f9ea9f11000-7f9ea9f13000 r--p 00017000 08:01 22024473                   /lib/x86_64-linux-gnu/libresolv-2.21.so
7f9ea9f13000-7f9ea9f14000 rw-p 00019000 08:01 22024473                   /lib/x86_64-linux-gnu/libresolv-2.21.so
7f9ea9f14000-7f9ea9f16000 rw-p 00000000 00:00 0 
7f9ea9f16000-7f9ea9f37000 r-xp 00000000 08:01 22024477                   /lib/x86_64-linux-gnu/libselinux.so.1
7f9ea9f37000-7f9eaa136000 ---p 00021000 08:01 22024477                   /lib/x86_64-linux-gnu/libselinux.so.1
7f9eaa136000-7f9eaa137000 r--p 00020000 08:01 22024477                   /lib/x86_64-linux-gnu/libselinux.so.1
7f9eaa137000-7f9eaa138000 rw-p 00021000 08:01 22024477                   /lib/x86_64-linux-gnu/libselinux.so.1
7f9eaa138000-7f9eaa13a000 rw-p 00000000 00:00 0 
7f9eaa13a000-7f9eaa13d000 r-xp 00000000 08:01 20447655                   /usr/lib/x86_64-linux-gnu/libgmodule-2.0.so.0.4400.1
7f9eaa13d000-7f9eaa33c000 ---p 00003000 08:01 20447655                   /usr/lib/x86_64-linux-gnu/libgmodule-2.0.so.0.4400.1
7f9eaa33c000-7f9eaa33d000 r--p 00002000 08:01 20447655                   /usr/lib/x86_64-linux-gnu/libgmodule-2.0.so.0.4400.1
7f9eaa33d000-7f9eaa33e000 rw-p 00003000 08:01 20447655                   /usr/lib/x86_64-linux-gnu/libgmodule-2.0.so.0.4400.1
7f9eaa33e000-7f9eaa44b000 r-xp 00000000 08:01 22024241                   /lib/x86_64-linux-gnu/libglib-2.0.so.0.4400.1
7f9eaa44b000-7f9eaa64a000 ---p 0010d000 08:01 22024241                   /lib/x86_64-linux-gnu/libglib-2.0.so.0.4400.1
7f9eaa64a000-7f9eaa64b000 r--p 0010c000 08:01 22024241                   /lib/x86_64-linux-gnu/libglib-2.0.so.0.4400.1
7f9eaa64b000-7f9eaa64c000 rw-p 0010d000 08:01 22024241                   /lib/x86_64-linux-gnu/libglib-2.0.so.0.4400.1
7f9eaa64c000-7f9eaa64d000 rw-p 00000000 00:00 0 
7f9eaa64d000-7f9eaa69d000 r-xp 00000000 08:01 20447615                   /usr/lib/x86_64-linux-gnu/libgobject-2.0.so.0.4400.1
7f9eaa69d000-7f9eaa89d000 ---p 00050000 08:01 20447615                   /usr/lib/x86_64-linux-gnu/libgobject-2.0.so.0.4400.1
7f9eaa89d000-7f9eaa89e000 r--p 00050000 08:01 20447615                   /usr/lib/x86_64-linux-gnu/libgobject-2.0.so.0.4400.1
7f9eaa89e000-7f9eaa89f000 rw-p 00051000 08:01 20447615                   /usr/lib/x86_64-linux-gnu/libgobject-2.0.so.0.4400.1
7f9eaa89f000-7f9eaaa17000 r-xp 00000000 08:01 20447637                   /usr/lib/x86_64-linux-gnu/libgio-2.0.so.0.4400.1
7f9eaaa17000-7f9eaac17000 ---p 00178000 08:01 20447637                   /usr/lib/x86_64-linux-gnu/libgio-2.0.so.0.4400.1
7f9eaac17000-7f9eaac1b000 r--p 00178000 08:01 20447637                   /usr/lib/x86_64-linux-gnu/libgio-2.0.so.0.4400.1
7f9eaac1b000-7f9eaac1d000 rw-p 0017c000 08:01 20447637                   /usr/lib/x86_64-linux-gnu/libgio-2.0.so.0.4400.1
7f9eaac1d000-7f9eaac1f000 rw-p 00000000 00:00 0 
7f9eaac1f000-7f9eaac36000 r-xp 00000000 08:01 20587083                   /usr/lib/jvm/java-7-openjdk-amd64/jre/lib/amd64/libnet.so
7f9eaac36000-7f9eaae35000 ---p 00017000 08:01 20587083                   /usr/lib/jvm/java-7-openjdk-amd64/jre/lib/amd64/libnet.so
7f9eaae35000-7f9eaae36000 r--p 00016000 08:01 20587083                   /usr/lib/jvm/java-7-openjdk-amd64/jre/lib/amd64/libnet.so
7f9eaae36000-7f9eaae37000 rw-p 00017000 08:01 20587083                   /usr/lib/jvm/java-7-openjdk-amd64/jre/lib/amd64/libnet.so
7f9eaae37000-7f9eaae48000 r-xp 00000000 08:01 20587088                   /usr/lib/jvm/java-7-openjdk-amd64/jre/lib/amd64/libnio.so
7f9eaae48000-7f9eab047000 ---p 00011000 08:01 20587088                   /usr/lib/jvm/java-7-openjdk-amd64/jre/lib/amd64/libnio.so
7f9eab047000-7f9eab048000 r--p 00010000 08:01 20587088                   /usr/lib/jvm/java-7-openjdk-amd64/jre/lib/amd64/libnio.so
7f9eab048000-7f9eab049000 rw-p 00011000 08:01 20587088                   /usr/lib/jvm/java-7-openjdk-amd64/jre/lib/amd64/libnio.so
7f9eab049000-7f9eab116000 r--s 0093b000 08:01 2229504                    /home/sharan/Dropbox/Muser/muser/build/intermediates/multi-dex/debug/allclasses.jar
7f9eab116000-7f9eab117000 ---p 00000000 00:00 0 
7f9eab117000-7f9eab217000 rw-p 00000000 00:00 0                          [stack:16365]
7f9eab217000-7f9eab21a000 ---p 00000000 00:00 0 
7f9eab21a000-7f9eab318000 rw-p 00000000 00:00 0                          [stack:16364]
7f9eab318000-7f9eab31b000 ---p 00000000 00:00 0 
7f9eab31b000-7f9eab419000 rw-p 00000000 00:00 0                          [stack:16363]
7f9eab419000-7f9eab41c000 ---p 00000000 00:00 0 
7f9eab41c000-7f9eab51a000 rw-p 00000000 00:00 0                          [stack:16362]
7f9eab51a000-7f9eab51d000 ---p 00000000 00:00 0 
7f9eab51d000-7f9eab61b000 rw-p 00000000 00:00 0                          [stack:16361]
7f9eab61b000-7f9eabcfd000 r--p 00000000 08:01 20454393                   /usr/lib/locale/locale-archive
7f9eabcfd000-7f9eabd00000 ---p 00000000 00:00 0 
7f9eabd00000-7f9eabdfe000 rw-p 00000000 00:00 0                          [stack:16360]
7f9eabdfe000-7f9eabe01000 ---p 00000000 00:00 0 
7f9eabe01000-7f9eabeff000 rw-p 00000000 00:00 0                          [stack:16359]
7f9eabeff000-7f9eabf00000 ---p 00000000 00:00 0 
7f9eabf00000-7f9eac000000 rw-p 00000000 00:00 0                          [stack:16358]
7f9eac000000-7f9eac021000 rw-p 00000000 00:00 0 
7f9eac021000-7f9eb0000000 ---p 00000000 00:00 0 
7f9eb0000000-7f9eb0021000 rw-p 00000000 00:00 0 
7f9eb0021000-7f9eb4000000 ---p 00000000 00:00 0 
7f9eb4000000-7f9eb4021000 rw-p 00000000 00:00 0 
7f9eb4021000-7f9eb8000000 ---p 00000000 00:00 0 
7f9eb8024000-7f9eb9000000 rw-p 00000000 00:00 0 
7f9eb9000000-7f9eb93e0000 rwxp 00000000 00:00 0 
7f9eb93e0000-7f9ebc34d000 rw-p 00000000 00:00 0 
7f9ebc34d000-7f9ec0000000 ---p 00000000 00:00 0 
7f9ec001f000-7f9ec0040000 rw-p 00000000 00:00 0 
7f9ec0040000-7f9ec01f1000 r--s 01d29000 08:01 20587021                   /usr/lib/jvm/java-7-openjdk-amd64/jre/lib/rt.jar
7f9ec01f1000-7f9ec0b91000 rw-p 00000000 00:00 0 
7f9ec0b91000-7f9ec0b92000 ---p 00000000 00:00 0 
7f9ec0b92000-7f9ec0c92000 rw-p 00000000 00:00 0                          [stack:16357]
7f9ec0c92000-7f9ec0c93000 ---p 00000000 00:00 0 
7f9ec0c93000-7f9ec0d93000 rw-p 00000000 00:00 0                          [stack:16356]
7f9ec0d93000-7f9ec0d94000 ---p 00000000 00:00 0 
7f9ec0d94000-7f9ec0e94000 rw-p 00000000 00:00 0                          [stack:16355]
7f9ec0e94000-7f9ec0e95000 ---p 00000000 00:00 0 
7f9ec0e95000-7f9ec0fa0000 rw-p 00000000 00:00 0                          [stack:16354]
7f9ec0fa0000-7f9ec0fe8000 rw-p 00000000 00:00 0 
7f9ec0fe8000-7f9ec10b2000 rw-p 00000000 00:00 0 
7f9ec10b2000-7f9ec153e000 rw-p 00000000 00:00 0 
7f9ec153e000-7f9ec1549000 rw-p 00000000 00:00 0 
7f9ec1549000-7f9ec1591000 rw-p 00000000 00:00 0 
7f9ec1591000-7f9ec165b000 rw-p 00000000 00:00 0 
7f9ec165b000-7f9ec1ae6000 rw-p 00000000 00:00 0 
7f9ec1ae6000-7f9ec1cc1000 rw-p 00000000 00:00 0 
7f9ec1cc1000-7f9ec1d91000 rw-p 00000000 00:00 0 
7f9ec1d91000-7f9ec1d92000 rw-p 00000000 00:00 0 
7f9ec1d92000-7f9ec1d9a000 r-xp 00000000 08:01 20587054                   /usr/lib/jvm/java-7-openjdk-amd64/jre/lib/amd64/libzip.so
7f9ec1d9a000-7f9ec1f99000 ---p 00008000 08:01 20587054                   /usr/lib/jvm/java-7-openjdk-amd64/jre/lib/amd64/libzip.so
7f9ec1f99000-7f9ec1f9a000 r--p 00007000 08:01 20587054                   /usr/lib/jvm/java-7-openjdk-amd64/jre/lib/amd64/libzip.so
7f9ec1f9a000-7f9ec1f9b000 rw-p 00008000 08:01 20587054                   /usr/lib/jvm/java-7-openjdk-amd64/jre/lib/amd64/libzip.so
7f9ec1f9b000-7f9ec1fa7000 r-xp 00000000 08:01 22024420                   /lib/x86_64-linux-gnu/libnss_files-2.21.so
7f9ec1fa7000-7f9ec21a6000 ---p 0000c000 08:01 22024420                   /lib/x86_64-linux-gnu/libnss_files-2.21.so
7f9ec21a6000-7f9ec21a7000 r--p 0000b000 08:01 22024420                   /lib/x86_64-linux-gnu/libnss_files-2.21.so
7f9ec21a7000-7f9ec21a8000 rw-p 0000c000 08:01 22024420                   /lib/x86_64-linux-gnu/libnss_files-2.21.so
7f9ec21a8000-7f9ec21b3000 r-xp 00000000 08:01 22024430                   /lib/x86_64-linux-gnu/libnss_nis-2.21.so
7f9ec21b3000-7f9ec23b2000 ---p 0000b000 08:01 22024430                   /lib/x86_64-linux-gnu/libnss_nis-2.21.so
7f9ec23b2000-7f9ec23b3000 r--p 0000a000 08:01 22024430                   /lib/x86_64-linux-gnu/libnss_nis-2.21.so
7f9ec23b3000-7f9ec23b4000 rw-p 0000b000 08:01 22024430                   /lib/x86_64-linux-gnu/libnss_nis-2.21.so
7f9ec23b4000-7f9ec23cb000 r-xp 00000000 08:01 22024414                   /lib/x86_64-linux-gnu/libnsl-2.21.so
7f9ec23cb000-7f9ec25ca000 ---p 00017000 08:01 22024414                   /lib/x86_64-linux-gnu/libnsl-2.21.so
7f9ec25ca000-7f9ec25cb000 r--p 00016000 08:01 22024414                   /lib/x86_64-linux-gnu/libnsl-2.21.so
7f9ec25cb000-7f9ec25cc000 rw-p 00017000 08:01 22024414                   /lib/x86_64-linux-gnu/libnsl-2.21.so
7f9ec25cc000-7f9ec25ce000 rw-p 00000000 00:00 0 
7f9ec25ce000-7f9ec25d6000 r-xp 00000000 08:01 22024416                   /lib/x86_64-linux-gnu/libnss_compat-2.21.so
7f9ec25d6000-7f9ec27d5000 ---p 00008000 08:01 22024416                   /lib/x86_64-linux-gnu/libnss_compat-2.21.so
7f9ec27d5000-7f9ec27d6000 r--p 00007000 08:01 22024416                   /lib/x86_64-linux-gnu/libnss_compat-2.21.so
7f9ec27d6000-7f9ec27d7000 rw-p 00008000 08:01 22024416                   /lib/x86_64-linux-gnu/libnss_compat-2.21.so
7f9ec27d7000-7f9ec2804000 r-xp 00000000 08:01 20587091                   /usr/lib/jvm/java-7-openjdk-amd64/jre/lib/amd64/libjava.so
7f9ec2804000-7f9ec2a03000 ---p 0002d000 08:01 20587091                   /usr/lib/jvm/java-7-openjdk-amd64/jre/lib/amd64/libjava.so
7f9ec2a03000-7f9ec2a04000 r--p 0002c000 08:01 20587091                   /usr/lib/jvm/java-7-openjdk-amd64/jre/lib/amd64/libjava.so
7f9ec2a04000-7f9ec2a06000 rw-p 0002d000 08:01 20587091                   /usr/lib/jvm/java-7-openjdk-amd64/jre/lib/amd64/libjava.so
7f9ec2a06000-7f9ec2a15000 r-xp 00000000 08:01 20587072                   /usr/lib/jvm/java-7-openjdk-amd64/jre/lib/amd64/libverify.so
7f9ec2a15000-7f9ec2c14000 ---p 0000f000 08:01 20587072                   /usr/lib/jvm/java-7-openjdk-amd64/jre/lib/amd64/libverify.so
7f9ec2c14000-7f9ec2c17000 r--p 0000e000 08:01 20587072                   /usr/lib/jvm/java-7-openjdk-amd64/jre/lib/amd64/libverify.so
7f9ec2c17000-7f9ec2c18000 rw-p 00011000 08:01 20587072                   /usr/lib/jvm/java-7-openjdk-amd64/jre/lib/amd64/libverify.so
7f9ec2c18000-7f9ec2c1f000 r-xp 00000000 08:01 22024475                   /lib/x86_64-linux-gnu/librt-2.21.so
7f9ec2c1f000-7f9ec2e1e000 ---p 00007000 08:01 22024475                   /lib/x86_64-linux-gnu/librt-2.21.so
7f9ec2e1e000-7f9ec2e1f000 r--p 00006000 08:01 22024475                   /lib/x86_64-linux-gnu/librt-2.21.so
7f9ec2e1f000-7f9ec2e20000 rw-p 00007000 08:01 22024475                   /lib/x86_64-linux-gnu/librt-2.21.so
7f9ec2e20000-7f9ec2e36000 r-xp 00000000 08:01 22024363                   /lib/x86_64-linux-gnu/libgcc_s.so.1
7f9ec2e36000-7f9ec3035000 ---p 00016000 08:01 22024363                   /lib/x86_64-linux-gnu/libgcc_s.so.1
7f9ec3035000-7f9ec3036000 rw-p 00015000 08:01 22024363                   /lib/x86_64-linux-gnu/libgcc_s.so.1
7f9ec3036000-7f9ec313d000 r-xp 00000000 08:01 22024393                   /lib/x86_64-linux-gnu/libm-2.21.so
7f9ec313d000-7f9ec333c000 ---p 00107000 08:01 22024393                   /lib/x86_64-linux-gnu/libm-2.21.so
7f9ec333c000-7f9ec333d000 r--p 00106000 08:01 22024393                   /lib/x86_64-linux-gnu/libm-2.21.so
7f9ec333d000-7f9ec333e000 rw-p 00107000 08:01 22024393                   /lib/x86_64-linux-gnu/libm-2.21.so
7f9ec333e000-7f9ec342e000 r-xp 00000000 08:01 20456311                   /usr/lib/x86_64-linux-gnu/libstdc++.so.6.0.20
7f9ec342e000-7f9ec362e000 ---p 000f0000 08:01 20456311                   /usr/lib/x86_64-linux-gnu/libstdc++.so.6.0.20
7f9ec362e000-7f9ec3636000 r--p 000f0000 08:01 20456311                   /usr/lib/x86_64-linux-gnu/libstdc++.so.6.0.20
7f9ec3636000-7f9ec3638000 rw-p 000f8000 08:01 20456311                   /usr/lib/x86_64-linux-gnu/libstdc++.so.6.0.20
7f9ec3638000-7f9ec364d000 rw-p 00000000 00:00 0 
7f9ec364d000-7f9ec41a5000 r-xp 00000000 08:01 20587060                   /usr/lib/jvm/java-7-openjdk-amd64/jre/lib/amd64/server/libjvm.so
7f9ec41a5000-7f9ec43a4000 ---p 00b58000 08:01 20587060                   /usr/lib/jvm/java-7-openjdk-amd64/jre/lib/amd64/server/libjvm.so
7f9ec43a4000-7f9ec4443000 r--p 00b57000 08:01 20587060                   /usr/lib/jvm/java-7-openjdk-amd64/jre/lib/amd64/server/libjvm.so
7f9ec4443000-7f9ec4466000 rw-p 00bf6000 08:01 20587060                   /usr/lib/jvm/java-7-openjdk-amd64/jre/lib/amd64/server/libjvm.so
7f9ec4466000-7f9ec4493000 rw-p 00000000 00:00 0 
7f9ec4493000-7f9ec44ac000 r-xp 00000000 08:01 22024508                   /lib/x86_64-linux-gnu/libz.so.1.2.8
7f9ec44ac000-7f9ec46ac000 ---p 00019000 08:01 22024508                   /lib/x86_64-linux-gnu/libz.so.1.2.8
7f9ec46ac000-7f9ec46ad000 r--p 00019000 08:01 22024508                   /lib/x86_64-linux-gnu/libz.so.1.2.8
7f9ec46ad000-7f9ec46ae000 rw-p 0001a000 08:01 22024508                   /lib/x86_64-linux-gnu/libz.so.1.2.8
7f9ec46ae000-7f9ec46c6000 r-xp 00000000 08:01 22024467                   /lib/x86_64-linux-gnu/libpthread-2.21.so
7f9ec46c6000-7f9ec48c6000 ---p 00018000 08:01 22024467                   /lib/x86_64-linux-gnu/libpthread-2.21.so
7f9ec48c6000-7f9ec48c7000 r--p 00018000 08:01 22024467                   /lib/x86_64-linux-gnu/libpthread-2.21.so
7f9ec48c7000-7f9ec48c8000 rw-p 00019000 08:01 22024467                   /lib/x86_64-linux-gnu/libpthread-2.21.so
7f9ec48c8000-7f9ec48cc000 rw-p 00000000 00:00 0 
7f9ec48cc000-7f9ec48cf000 r-xp 00000000 08:01 22024351                   /lib/x86_64-linux-gnu/libdl-2.21.so
7f9ec48cf000-7f9ec4ace000 ---p 00003000 08:01 22024351                   /lib/x86_64-linux-gnu/libdl-2.21.so
7f9ec4ace000-7f9ec4acf000 r--p 00002000 08:01 22024351                   /lib/x86_64-linux-gnu/libdl-2.21.so
7f9ec4acf000-7f9ec4ad0000 rw-p 00003000 08:01 22024351                   /lib/x86_64-linux-gnu/libdl-2.21.so
7f9ec4ad0000-7f9ec4c90000 r-xp 00000000 08:01 22024334                   /lib/x86_64-linux-gnu/libc-2.21.so
7f9ec4c90000-7f9ec4e90000 ---p 001c0000 08:01 22024334                   /lib/x86_64-linux-gnu/libc-2.21.so
7f9ec4e90000-7f9ec4e94000 r--p 001c0000 08:01 22024334                   /lib/x86_64-linux-gnu/libc-2.21.so
7f9ec4e94000-7f9ec4e96000 rw-p 001c4000 08:01 22024334                   /lib/x86_64-linux-gnu/libc-2.21.so
7f9ec4e96000-7f9ec4e9a000 rw-p 00000000 00:00 0 
7f9ec4e9a000-7f9ec4ea7000 r-xp 00000000 08:01 20587057                   /usr/lib/jvm/java-7-openjdk-amd64/jre/lib/amd64/jli/libjli.so
7f9ec4ea7000-7f9ec50a6000 ---p 0000d000 08:01 20587057                   /usr/lib/jvm/java-7-openjdk-amd64/jre/lib/amd64/jli/libjli.so
7f9ec50a6000-7f9ec50a7000 r--p 0000c000 08:01 20587057                   /usr/lib/jvm/java-7-openjdk-amd64/jre/lib/amd64/jli/libjli.so
7f9ec50a7000-7f9ec50a8000 rw-p 0000d000 08:01 20587057                   /usr/lib/jvm/java-7-openjdk-amd64/jre/lib/amd64/jli/libjli.so
7f9ec50a8000-7f9ec50cc000 r-xp 00000000 08:01 22024306                   /lib/x86_64-linux-gnu/ld-2.21.so
7f9ec50d5000-7f9ec50e4000 r--s 000dd000 08:01 21636737                   /home/sharan/Android/Sdk/build-tools/21.1.2/lib/dx.jar
7f9ec50e4000-7f9ec50f4000 rw-p 00000000 00:00 0 
7f9ec50f4000-7f9ec51a4000 rw-p 00000000 00:00 0 
7f9ec51a4000-7f9ec51a7000 ---p 00000000 00:00 0 
7f9ec51a7000-7f9ec52ab000 rw-p 00000000 00:00 0                          [stack:16353]
7f9ec52ab000-7f9ec52af000 r--s 00034000 08:01 20587040                   /usr/lib/jvm/java-7-openjdk-amd64/jre/lib/ext/sunjce_provider.jar
7f9ec52af000-7f9ec52b3000 r--s 0003c000 08:01 20587041                   /usr/lib/jvm/java-7-openjdk-amd64/jre/lib/ext/sunpkcs11.jar
7f9ec52b3000-7f9ec52b6000 r--s 0000f000 08:01 20587042                   /usr/lib/jvm/java-7-openjdk-amd64/jre/lib/ext/icedtea-sound.jar
7f9ec52b6000-7f9ec52ba000 r--s 00085000 08:01 20587038                   /usr/lib/jvm/java-7-openjdk-amd64/jre/lib/ext/localedata.jar
7f9ec52ba000-7f9ec52bc000 r--s 00012000 08:01 20587043                   /usr/lib/jvm/java-7-openjdk-amd64/jre/lib/ext/zipfs.jar
7f9ec52bc000-7f9ec52be000 r--s 00006000 08:01 20971724                   /usr/share/java/java-atk-wrapper.jar
7f9ec52be000-7f9ec52bf000 r--s 00002000 08:01 20587039                   /usr/lib/jvm/java-7-openjdk-amd64/jre/lib/ext/dnsns.jar
7f9ec52bf000-7f9ec52c7000 rw-s 00000000 08:01 3014788                    /tmp/hsperfdata_sharan/16348
7f9ec52c7000-7f9ec52c8000 rw-p 00000000 00:00 0 
7f9ec52c8000-7f9ec52c9000 ---p 00000000 00:00 0 
7f9ec52c9000-7f9ec52cb000 rw-p 00000000 00:00 0 
7f9ec52cb000-7f9ec52cc000 r--p 00023000 08:01 22024306                   /lib/x86_64-linux-gnu/ld-2.21.so
7f9ec52cc000-7f9ec52cd000 rw-p 00024000 08:01 22024306                   /lib/x86_64-linux-gnu/ld-2.21.so
7f9ec52cd000-7f9ec52ce000 rw-p 00000000 00:00 0 
7ffe92156000-7ffe92177000 rw-p 00000000 00:00 0                          [stack]
7ffe9217e000-7ffe92180000 r--p 00000000 00:00 0                          [vvar]
7ffe92180000-7ffe92182000 r-xp 00000000 00:00 0                          [vdso]
ffffffffff600000-ffffffffff601000 r-xp 00000000 00:00 0                  [vsyscall]

VM Arguments:
jvm_args: -Xmx4g -Dfile.encoding=UTF-8 -Duser.country=IN -Duser.language=en -Duser.variant 
java_command: com.android.dx.command.Main --dex --force-jumbo --multi-dex --main-dex-list /home/sharan/Dropbox/Muser/muser/build/intermediates/multi-dex/debug/maindexlist.txt --output /home/sharan/Dropbox/Muser/muser/build/intermediates/dex/debug /home/sharan/Dropbox/Muser/muser/build/intermediates/multi-dex/debug/allclasses.jar
Launcher Type: SUN_STANDARD

Environment Variables:
JAVA_HOME=/usr/lib/jvm/java-8-oracle
PATH=/usr/local/sbin:/usr/local/bin:/usr/sbin:/usr/bin:/sbin:/bin:/usr/games:/usr/local/games:/usr/lib/jvm/java-8-oracle/bin:/usr/lib/jvm/java-8-oracle/db/bin:/usr/lib/jvm/java-8-oracle/jre/bin
LD_LIBRARY_PATH=/opt/android-studio/bin:
SHELL=/bin/bash
DISPLAY=:0

Signal Handlers:
SIGSEGV: [libjvm.so+0x98ac50], sa_mask[0]=0x7ffbfeff, sa_flags=0x10000004
SIGBUS: [libjvm.so+0x98ac50], sa_mask[0]=0x7ffbfeff, sa_flags=0x10000004
SIGFPE: [libjvm.so+0x7f8ab0], sa_mask[0]=0x7ffbfeff, sa_flags=0x10000004
SIGPIPE: [libjvm.so+0x7f8ab0], sa_mask[0]=0x7ffbfeff, sa_flags=0x10000004
SIGXFSZ: [libjvm.so+0x7f8ab0], sa_mask[0]=0x7ffbfeff, sa_flags=0x10000004
SIGILL: [libjvm.so+0x7f8ab0], sa_mask[0]=0x7ffbfeff, sa_flags=0x10000004
SIGUSR1: SIG_DFL, sa_mask[0]=0x00000000, sa_flags=0x00000000
SIGUSR2: [libjvm.so+0x7f8930], sa_mask[0]=0x00000004, sa_flags=0x10000004
SIGHUP: [libjvm.so+0x7f8b30], sa_mask[0]=0x7ffbfeff, sa_flags=0x10000004
SIGINT: [libjvm.so+0x7f8b30], sa_mask[0]=0x7ffbfeff, sa_flags=0x10000004
SIGTERM: [libjvm.so+0x7f8b30], sa_mask[0]=0x7ffbfeff, sa_flags=0x10000004
SIGQUIT: [libjvm.so+0x7f8b30], sa_mask[0]=0x7ffbfeff, sa_flags=0x10000004
SIGTRAP: SIG_DFL, sa_mask[0]=0x00000000, sa_flags=0x00000000


---------------  S Y S T E M  ---------------

OS:Ubuntu 15.04 (vivid)
uname:Linux 3.19.0-26-generic #28-Ubuntu SMP Tue Aug 11 14:16:32 UTC 2015 x86_64
libc:glibc 2.21 NPTL 2.21 
rlimit: STACK 8192k, CORE 0k, NPROC 31366, NOFILE 65536, AS infinity
load average:3.83 3.89 3.36

/proc/meminfo:
MemTotal:        8052020 kB
MemFree:          123472 kB
MemAvailable:     130924 kB
Buffers:            1548 kB
Cached:          1547600 kB
SwapCached:            0 kB
Active:          6309932 kB
Inactive:        1414396 kB
Active(anon):    6248552 kB
Inactive(anon):  1351156 kB
Active(file):      61380 kB
Inactive(file):    63240 kB
Unevictable:          32 kB
Mlocked:              32 kB
SwapTotal:             0 kB
SwapFree:              0 kB
Dirty:             13452 kB
Writeback:             0 kB
AnonPages:       6175672 kB
Mapped:           691144 kB
Shmem:           1424224 kB
Slab:              99712 kB
SReclaimable:      59220 kB
SUnreclaim:        40492 kB
KernelStack:       12368 kB
PageTables:        50728 kB
NFS_Unstable:          0 kB
Bounce:                0 kB
WritebackTmp:          0 kB
CommitLimit:     4026008 kB
Committed_AS:   15399400 kB
VmallocTotal:   34359738367 kB
VmallocUsed:      358908 kB
VmallocChunk:   34359320344 kB
HardwareCorrupted:     0 kB
AnonHugePages:   3299328 kB
CmaTotal:              0 kB
CmaFree:               0 kB
HugePages_Total:       0
HugePages_Free:        0
HugePages_Rsvd:        0
HugePages_Surp:        0
Hugepagesize:       2048 kB
DirectMap4k:      177212 kB
DirectMap2M:     8087552 kB
DirectMap1G:           0 kB


CPU:total 4 (2 cores per cpu, 2 threads per core) family 6 model 60 stepping 3, cmov, cx8, fxsr, mmx, sse, sse2, sse3, ssse3, sse4.1, sse4.2, popcnt, avx, avx2, aes, erms, ht, tsc, tscinvbit

/proc/cpuinfo:
processor	: 0
vendor_id	: GenuineIntel
cpu family	: 6
model		: 60
model name	: Intel(R) Core(TM) i3-4150 CPU @ 3.50GHz
stepping	: 3
microcode	: 0x12
cpu MHz		: 3500.000
cache size	: 3072 KB
physical id	: 0
siblings	: 4
core id		: 0
cpu cores	: 2
apicid		: 0
initial apicid	: 0
fpu		: yes
fpu_exception	: yes
cpuid level	: 13
wp		: yes
flags		: fpu vme de pse tsc msr pae mce cx8 apic sep mtrr pge mca cmov pat pse36 clflush dts acpi mmx fxsr sse sse2 ss ht tm pbe syscall nx pdpe1gb rdtscp lm constant_tsc arch_perfmon pebs bts rep_good nopl xtopology nonstop_tsc aperfmperf eagerfpu pni pclmulqdq dtes64 monitor ds_cpl vmx est tm2 ssse3 fma cx16 xtpr pdcm pcid sse4_1 sse4_2 movbe popcnt tsc_deadline_timer aes xsave avx f16c rdrand lahf_lm abm arat pln pts dtherm tpr_shadow vnmi flexpriority ept vpid fsgsbase tsc_adjust bmi1 avx2 smep bmi2 erms invpcid xsaveopt
bugs		:
bogomips	: 6983.43
clflush size	: 64
cache_alignment	: 64
address sizes	: 39 bits physical, 48 bits virtual
power management:

processor	: 1
vendor_id	: GenuineIntel
cpu family	: 6
model		: 60
model name	: Intel(R) Core(TM) i3-4150 CPU @ 3.50GHz
stepping	: 3
microcode	: 0x12
cpu MHz		: 3499.863
cache size	: 3072 KB
physical id	: 0
siblings	: 4
core id		: 1
cpu cores	: 2
apicid		: 2
initial apicid	: 2
fpu		: yes
fpu_exception	: yes
cpuid level	: 13
wp		: yes
flags		: fpu vme de pse tsc msr pae mce cx8 apic sep mtrr pge mca cmov pat pse36 clflush dts acpi mmx fxsr sse sse2 ss ht tm pbe syscall nx pdpe1gb rdtscp lm constant_tsc arch_perfmon pebs bts rep_good nopl xtopology nonstop_tsc aperfmperf eagerfpu pni pclmulqdq dtes64 monitor ds_cpl vmx est tm2 ssse3 fma cx16 xtpr pdcm pcid sse4_1 sse4_2 movbe popcnt tsc_deadline_timer aes xsave avx f16c rdrand lahf_lm abm arat pln pts dtherm tpr_shadow vnmi flexpriority ept vpid fsgsbase tsc_adjust bmi1 avx2 smep bmi2 erms invpcid xsaveopt
bugs		:
bogomips	: 6983.43
clflush size	: 64
cache_alignment	: 64
address sizes	: 39 bits physical, 48 bits virtual
power management:

processor	: 2
vendor_id	: GenuineIntel
cpu family	: 6
model		: 60
model name	: Intel(R) Core(TM) i3-4150 CPU @ 3.50GHz
stepping	: 3
microcode	: 0x12
cpu MHz		: 3500.410
cache size	: 3072 KB
physical id	: 0
siblings	: 4
core id		: 0
cpu cores	: 2
apicid		: 1
initial apicid	: 1
fpu		: yes
fpu_exception	: yes
cpuid level	: 13
wp		: yes
flags		: fpu vme de pse tsc msr pae mce cx8 apic sep mtrr pge mca cmov pat pse36 clflush dts acpi mmx fxsr sse sse2 ss ht tm pbe syscall nx pdpe1gb rdtscp lm constant_tsc arch_perfmon pebs bts rep_good nopl xtopology nonstop_tsc aperfmperf eagerfpu pni pclmulqdq dtes64 monitor ds_cpl vmx est tm2 ssse3 fma cx16 xtpr pdcm pcid sse4_1 sse4_2 movbe popcnt tsc_deadline_timer aes xsave avx f16c rdrand lahf_lm abm arat pln pts dtherm tpr_shadow vnmi flexpriority ept vpid fsgsbase tsc_adjust bmi1 avx2 smep bmi2 erms invpcid xsaveopt
bugs		:
bogomips	: 6983.43
clflush size	: 64
cache_alignment	: 64
address sizes	: 39 bits physical, 48 bits virtual
power management:

processor	: 3
vendor_id	: GenuineIntel
cpu family	: 6
model		: 60
model name	: Intel(R) Core(TM) i3-4150 CPU @ 3.50GHz
stepping	: 3
microcode	: 0x12
cpu MHz		: 3499.863
cache size	: 3072 KB
physical id	: 0
siblings	: 4
core id		: 1
cpu cores	: 2
apicid		: 3
initial apicid	: 3
fpu		: yes
fpu_exception	: yes
cpuid level	: 13
wp		: yes
flags		: fpu vme de pse tsc msr pae mce cx8 apic sep mtrr pge mca cmov pat pse36 clflush dts acpi mmx fxsr sse sse2 ss ht tm pbe syscall nx pdpe1gb rdtscp lm constant_tsc arch_perfmon pebs bts rep_good nopl xtopology nonstop_tsc aperfmperf eagerfpu pni pclmulqdq dtes64 monitor ds_cpl vmx est tm2 ssse3 fma cx16 xtpr pdcm pcid sse4_1 sse4_2 movbe popcnt tsc_deadline_timer aes xsave avx f16c rdrand lahf_lm abm arat pln pts dtherm tpr_shadow vnmi flexpriority ept vpid fsgsbase tsc_adjust bmi1 avx2 smep bmi2 erms invpcid xsaveopt
bugs		:
bogomips	: 6983.43
clflush size	: 64
cache_alignment	: 64
address sizes	: 39 bits physical, 48 bits virtual
power management:



Memory: 4k page, physical 8052020k(123472k free), swap 0k(0k free)

vm_info: OpenJDK 64-Bit Server VM (24.79-b02) for linux-amd64 JRE (1.7.0_79-b14), built on Jul 24 2015 05:24:39 by "buildd" with gcc 4.9.2

time: Tue Jan  5 19:06:16 2016
elapsed time: 18 seconds

