#
# There is insufficient memory for the Java Runtime Environment to continue.
# Native memory allocation (malloc) failed to allocate 294649856 bytes for committing reserved memory.
# Possible reasons:
#   The system is out of physical RAM or swap space
#   In 32 bit mode, the process size limit was hit
# Possible solutions:
#   Reduce memory load on the system
#   Increase physical memory or swap space
#   Check if swap backing store is full
#   Use 64 bit Java on a 64 bit OS
#   Decrease Java heap size (-Xmx/-Xms)
#   Decrease number of Java threads
#   Decrease Java thread stack sizes (-Xss)
#   Set larger code cache with -XX:ReservedCodeCacheSize=
# This output file may be truncated or incomplete.
#
#  Out of Memory Error (os_linux.cpp:2809), pid=4530, tid=140471720740608
#
# JRE version: OpenJDK Runtime Environment (7.0_79-b14) (build 1.7.0_79-b14)
# Java VM: OpenJDK 64-Bit Server VM (24.79-b02 mixed mode linux-amd64 compressed oops)
# Derivative: IcedTea 2.5.6
# Distribution: Ubuntu 15.04, package 7u79-2.5.6-0ubuntu1.15.04.1
# Failed to write core dump. Core dumps have been disabled. To enable core dumping, try "ulimit -c unlimited" before starting Java again
#

---------------  T H R E A D  ---------------

Current thread (0x00007fc22813e000):  VMThread [stack: 0x00007fc21ef40000,0x00007fc21f041000] [id=4540]

Stack: [0x00007fc21ef40000,0x00007fc21f041000],  sp=0x00007fc21f03f4c0,  free space=1021k
Native frames: (J=compiled Java code, j=interpreted, Vv=VM code, C=native code)
V  [libjvm.so+0x98a166]  VMError::report_and_die()+0x186
V  [libjvm.so+0x48f932]  report_vm_out_of_memory(char const*, int, unsigned long, char const*)+0x92
V  [libjvm.so+0x7fd56b]  os::pd_commit_memory(char*, unsigned long, unsigned long, bool)+0xeb
V  [libjvm.so+0x7f7c4e]  os::commit_memory(char*, unsigned long, unsigned long, bool)+0x2e
V  [libjvm.so+0x86a56b]  PSVirtualSpace::expand_by(unsigned long)+0x5b
V  [libjvm.so+0x858d5a]  PSOldGen::expand_by(unsigned long) [clone .part.29]+0x2a
V  [libjvm.so+0x858f10]  PSOldGen::expand(unsigned long) [clone .part.30]+0xc0
V  [libjvm.so+0x859ea8]  PSOldGen::resize(unsigned long)+0x198
V  [libjvm.so+0x861524]  PSParallelCompact::invoke_no_policy(bool) [clone .part.122]+0x994
V  [libjvm.so+0x867e85]  PSScavenge::invoke()+0x1a5
V  [libjvm.so+0x81fb73]  ParallelScavengeHeap::failed_mem_allocate(unsigned long)+0x63
V  [libjvm.so+0x98ba32]  VM_ParallelGCFailedAllocation::doit()+0x92
V  [libjvm.so+0x9902e7]  VM_Operation::evaluate()+0x47
V  [libjvm.so+0x98e8cb]  VMThread::evaluate_operation(VM_Operation*)+0xab
V  [libjvm.so+0x98ef76]  VMThread::loop()+0x1e6
V  [libjvm.so+0x98f441]  VMThread::run()+0x81
V  [libjvm.so+0x7fa492]  java_start(Thread*)+0xf2

VM_Operation (0x00007fc23041f020): ParallelGCFailedAllocation, mode: safepoint, requested by thread 0x00007fc22800b000


---------------  P R O C E S S  ---------------

Java Threads: ( => current thread )
  0x00007fc2281d2000 JavaThread "Service Thread" daemon [_thread_blocked, id=4546, stack(0x00007fc21d6f3000,0x00007fc21d7f4000)]
  0x00007fc2281c8800 JavaThread "C2 CompilerThread1" daemon [_thread_blocked, id=4545, stack(0x00007fc21d7f4000,0x00007fc21d8f5000)]
  0x00007fc2281c6800 JavaThread "C2 CompilerThread0" daemon [_thread_blocked, id=4544, stack(0x00007fc21d8f5000,0x00007fc21d9f6000)]
  0x00007fc22816f800 JavaThread "Signal Dispatcher" daemon [_thread_blocked, id=4543, stack(0x00007fc21e55b000,0x00007fc21e65c000)]
  0x00007fc228144800 JavaThread "Finalizer" daemon [_thread_blocked, id=4542, stack(0x00007fc21ed3e000,0x00007fc21ee3f000)]
  0x00007fc228142800 JavaThread "Reference Handler" daemon [_thread_blocked, id=4541, stack(0x00007fc21ee3f000,0x00007fc21ef40000)]
  0x00007fc22800b000 JavaThread "main" [_thread_blocked, id=4535, stack(0x00007fc230320000,0x00007fc230421000)]

Other Threads:
=>0x00007fc22813e000 VMThread [stack: 0x00007fc21ef40000,0x00007fc21f041000] [id=4540]
  0x00007fc2281dc800 WatcherThread [stack: 0x00007fc21d5f2000,0x00007fc21d6f3000] [id=4547]

VM state:at safepoint (normal execution)

VM Mutex/Monitor currently owned by a thread:  ([mutex/lock_event])
[0x00007fc2280072d0] ExpandHeap_lock - owner thread: 0x00007fc22813e000
[0x00007fc228007950] Threads_lock - owner thread: 0x00007fc22813e000
[0x00007fc228007e50] Heap_lock - owner thread: 0x00007fc22800b000

Heap
 PSYoungGen      total 923136K, used 56072K [0x00000007aaa80000, 0x00000007ee680000, 0x0000000800000000)
  eden space 758784K, 0% used [0x00000007aaa80000,0x00000007aaa80000,0x00000007d8f80000)
  from space 164352K, 34% used [0x00000007e4600000,0x00000007e7cc20e8,0x00000007ee680000)
  to   space 175616K, 0% used [0x00000007d8f80000,0x00000007d8f80000,0x00000007e3b00000)
 ParOldGen       total 651776K, used 651744K [0x0000000700000000, 0x0000000727c80000, 0x00000007aaa80000)
  object space 651776K, 99% used [0x0000000700000000,0x0000000727c78188,0x0000000727c80000)
 PSPermGen       total 21504K, used 6382K [0x00000006f5a00000, 0x00000006f6f00000, 0x0000000700000000)
  object space 21504K, 29% used [0x00000006f5a00000,0x00000006f603b808,0x00000006f6f00000)

Card table byte_map: [0x00007fc22c4af000,0x00007fc22cd03000] byte_map_base: 0x00007fc228d02000

Polling page: 0x00007fc230444000

Code Cache  [0x00007fc225000000, 0x00007fc225400000, 0x00007fc228000000)
 total_blobs=1370 nmethods=1140 adapters=183 free_code_cache=45167Kb largest_free_block=46148352

Compilation events (10 events):
Event: 21.234 Thread 0x00007fc2281c6800 1191             com.android.dx.ssa.SsaConverter::placePhiFunctions (394 bytes)
Event: 21.234 Thread 0x00007fc2281c8800 1192             com.android.dx.ssa.back.InterferenceGraph::<init> (42 bytes)
Event: 21.244 Thread 0x00007fc2281c8800 nmethod 1192 0x00007fc2253e8450 code [0x00007fc2253e8620, 0x00007fc2253e8e78]
Event: 21.325 Thread 0x00007fc2281c6800 nmethod 1191 0x00007fc2252c90d0 code [0x00007fc2252c9500, 0x00007fc2252cc8f0]
Event: 21.394 Thread 0x00007fc2281c8800 1193             com.android.dx.ssa.DomFront$DomInfo::<init> (10 bytes)
Event: 21.394 Thread 0x00007fc2281c8800 nmethod 1193 0x00007fc2251a4dd0 code [0x00007fc2251a4f00, 0x00007fc2251a4f58]
Event: 21.408 Thread 0x00007fc2281c6800 1194 %           com.android.dx.ssa.SsaConverter::placePhiFunctions @ 131 (394 bytes)
Event: 21.461 Thread 0x00007fc2281c6800 nmethod 1194% 0x00007fc2253f7a50 code [0x00007fc2253f7e40, 0x00007fc2253fa4c0]
Event: 22.021 Thread 0x00007fc2281c8800 1195             com.android.dx.rop.code.DexTranslationAdvice::hasConstantOperation (163 bytes)
Event: 22.023 Thread 0x00007fc2281c8800 nmethod 1195 0x00007fc22533e410 code [0x00007fc22533e5a0, 0x00007fc22533e7d0]

GC Heap History (10 events):
Event: 16.045 GC heap after
Heap after GC invocations=18 (full 3):
 PSYoungGen      total 667136K, used 115192K [0x00000007aaa80000, 0x00000007e7080000, 0x0000000800000000)
  eden space 551936K, 0% used [0x00000007aaa80000,0x00000007aaa80000,0x00000007cc580000)
  from space 115200K, 99% used [0x00000007cc580000,0x00000007d35fe0a0,0x00000007d3600000)
  to   space 150016K, 0% used [0x00000007dde00000,0x00000007dde00000,0x00000007e7080000)
 ParOldGen       total 411648K, used 364401K [0x0000000700000000, 0x0000000719200000, 0x00000007aaa80000)
  object space 411648K, 88% used [0x0000000700000000,0x00000007163dc460,0x0000000719200000)
 PSPermGen       total 21504K, used 6375K [0x00000006f5a00000, 0x00000006f6f00000, 0x0000000700000000)
  object space 21504K, 29% used [0x00000006f5a00000,0x00000006f6039d70,0x00000006f6f00000)
}
Event: 16.045 GC heap before
{Heap before GC invocations=19 (full 4):
 PSYoungGen      total 667136K, used 115192K [0x00000007aaa80000, 0x00000007e7080000, 0x0000000800000000)
  eden space 551936K, 0% used [0x00000007aaa80000,0x00000007aaa80000,0x00000007cc580000)
  from space 115200K, 99% used [0x00000007cc580000,0x00000007d35fe0a0,0x00000007d3600000)
  to   space 150016K, 0% used [0x00000007dde00000,0x00000007dde00000,0x00000007e7080000)
 ParOldGen       total 411648K, used 364401K [0x0000000700000000, 0x0000000719200000, 0x00000007aaa80000)
  object space 411648K, 88% used [0x0000000700000000,0x00000007163dc460,0x0000000719200000)
 PSPermGen       total 21504K, used 6375K [0x00000006f5a00000, 0x00000006f6f00000, 0x0000000700000000)
  object space 21504K, 29% used [0x00000006f5a00000,0x00000006f6039d70,0x00000006f6f00000)
Event: 17.401 GC heap after
Heap after GC invocations=19 (full 4):
 PSYoungGen      total 667136K, used 63760K [0x00000007aaa80000, 0x00000007e7080000, 0x0000000800000000)
  eden space 551936K, 0% used [0x00000007aaa80000,0x00000007aaa80000,0x00000007cc580000)
  from space 115200K, 55% used [0x00000007cc580000,0x00000007d03c4138,0x00000007d3600000)
  to   space 150016K, 0% used [0x00000007dde00000,0x00000007dde00000,0x00000007e7080000)
 ParOldGen       total 616448K, used 411503K [0x0000000700000000, 0x0000000725a00000, 0x00000007aaa80000)
  object space 616448K, 66% used [0x0000000700000000,0x00000007191dbe98,0x0000000725a00000)
 PSPermGen       total 21504K, used 6375K [0x00000006f5a00000, 0x00000006f6f00000, 0x0000000700000000)
  object space 21504K, 29% used [0x00000006f5a00000,0x00000006f6039cd0,0x00000006f6f00000)
}
Event: 18.543 GC heap before
{Heap before GC invocations=20 (full 4):
 PSYoungGen      total 667136K, used 615696K [0x00000007aaa80000, 0x00000007e7080000, 0x0000000800000000)
  eden space 551936K, 100% used [0x00000007aaa80000,0x00000007cc580000,0x00000007cc580000)
  from space 115200K, 55% used [0x00000007cc580000,0x00000007d03c4138,0x00000007d3600000)
  to   space 150016K, 0% used [0x00000007dde00000,0x00000007dde00000,0x00000007e7080000)
 ParOldGen       total 616448K, used 411503K [0x0000000700000000, 0x0000000725a00000, 0x00000007aaa80000)
  object space 616448K, 66% used [0x0000000700000000,0x00000007191dbe98,0x0000000725a00000)
 PSPermGen       total 21504K, used 6377K [0x00000006f5a00000, 0x00000006f6f00000, 0x0000000700000000)
  object space 21504K, 29% used [0x00000006f5a00000,0x00000006f603a528,0x00000006f6f00000)
Event: 18.832 GC heap after
Heap after GC invocations=20 (full 4):
 PSYoungGen      total 802304K, used 88687K [0x00000007aaa80000, 0x00000007e6100000, 0x0000000800000000)
  eden space 668160K, 0% used [0x00000007aaa80000,0x00000007aaa80000,0x00000007d3700000)
  from space 134144K, 66% used [0x00000007dde00000,0x00000007e349bca8,0x00000007e6100000)
  to   space 152576K, 0% used [0x00000007d3700000,0x00000007d3700000,0x00000007dcc00000)
 ParOldGen       total 616448K, used 475877K [0x0000000700000000, 0x0000000725a00000, 0x00000007aaa80000)
  object space 616448K, 77% used [0x0000000700000000,0x000000071d0b9780,0x0000000725a00000)
 PSPermGen       total 21504K, used 6377K [0x00000006f5a00000, 0x00000006f6f00000, 0x0000000700000000)
  object space 21504K, 29% used [0x00000006f5a00000,0x00000006f603a528,0x00000006f6f00000)
}
Event: 20.236 GC heap before
{Heap before GC invocations=21 (full 4):
 PSYoungGen      total 802304K, used 756847K [0x00000007aaa80000, 0x00000007e6100000, 0x0000000800000000)
  eden space 668160K, 100% used [0x00000007aaa80000,0x00000007d3700000,0x00000007d3700000)
  from space 134144K, 66% used [0x00000007dde00000,0x00000007e349bca8,0x00000007e6100000)
  to   space 152576K, 0% used [0x00000007d3700000,0x00000007d3700000,0x00000007dcc00000)
 ParOldGen       total 616448K, used 475877K [0x0000000700000000, 0x0000000725a00000, 0x00000007aaa80000)
  object space 616448K, 77% used [0x0000000700000000,0x000000071d0b9780,0x0000000725a00000)
 PSPermGen       total 21504K, used 6377K [0x00000006f5a00000, 0x00000006f6f00000, 0x0000000700000000)
  object space 21504K, 29% used [0x00000006f5a00000,0x00000006f603a6b8,0x00000006f6f00000)
Event: 20.408 GC heap after
Heap after GC invocations=21 (full 4):
 PSYoungGen      total 820736K, used 152565K [0x00000007aaa80000, 0x00000007efc00000, 0x0000000800000000)
  eden space 668160K, 0% used [0x00000007aaa80000,0x00000007aaa80000,0x00000007d3700000)
  from space 152576K, 99% used [0x00000007d3700000,0x00000007dcbfd538,0x00000007dcc00000)
  to   space 186368K, 0% used [0x00000007e4600000,0x00000007e4600000,0x00000007efc00000)
 ParOldGen       total 616448K, used 498361K [0x0000000700000000, 0x0000000725a00000, 0x00000007aaa80000)
  object space 616448K, 80% used [0x0000000700000000,0x000000071e6ae528,0x0000000725a00000)
 PSPermGen       total 21504K, used 6377K [0x00000006f5a00000, 0x00000006f6f00000, 0x0000000700000000)
  object space 21504K, 29% used [0x00000006f5a00000,0x00000006f603a6b8,0x00000006f6f00000)
}
Event: 22.227 GC heap before
{Heap before GC invocations=22 (full 4):
 PSYoungGen      total 820736K, used 820725K [0x00000007aaa80000, 0x00000007efc00000, 0x0000000800000000)
  eden space 668160K, 100% used [0x00000007aaa80000,0x00000007d3700000,0x00000007d3700000)
  from space 152576K, 99% used [0x00000007d3700000,0x00000007dcbfd538,0x00000007dcc00000)
  to   space 186368K, 0% used [0x00000007e4600000,0x00000007e4600000,0x00000007efc00000)
 ParOldGen       total 616448K, used 498361K [0x0000000700000000, 0x0000000725a00000, 0x00000007aaa80000)
  object space 616448K, 80% used [0x0000000700000000,0x000000071e6ae528,0x0000000725a00000)
 PSPermGen       total 21504K, used 6382K [0x00000006f5a00000, 0x00000006f6f00000, 0x0000000700000000)
  object space 21504K, 29% used [0x00000006f5a00000,0x00000006f603b8a8,0x00000006f6f00000)
Event: 22.486 GC heap after
Heap after GC invocations=22 (full 4):
 PSYoungGen      total 923136K, used 66596K [0x00000007aaa80000, 0x00000007ee680000, 0x0000000800000000)
  eden space 758784K, 0% used [0x00000007aaa80000,0x00000007aaa80000,0x00000007d8f80000)
  from space 164352K, 40% used [0x00000007e4600000,0x00000007e87093f8,0x00000007ee680000)
  to   space 175616K, 0% used [0x00000007d8f80000,0x00000007d8f80000,0x00000007e3b00000)
 ParOldGen       total 651776K, used 651658K [0x0000000700000000, 0x0000000727c80000, 0x00000007aaa80000)
  object space 651776K, 99% used [0x0000000700000000,0x0000000727c62890,0x0000000727c80000)
 PSPermGen       total 21504K, used 6382K [0x00000006f5a00000, 0x00000006f6f00000, 0x0000000700000000)
  object space 21504K, 29% used [0x00000006f5a00000,0x00000006f603b8a8,0x00000006f6f00000)
}
Event: 22.486 GC heap before
{Heap before GC invocations=23 (full 5):
 PSYoungGen      total 923136K, used 66596K [0x00000007aaa80000, 0x00000007ee680000, 0x0000000800000000)
  eden space 758784K, 0% used [0x00000007aaa80000,0x00000007aaa80000,0x00000007d8f80000)
  from space 164352K, 40% used [0x00000007e4600000,0x00000007e87093f8,0x00000007ee680000)
  to   space 175616K, 0% used [0x00000007d8f80000,0x00000007d8f80000,0x00000007e3b00000)
 ParOldGen       total 651776K, used 651658K [0x0000000700000000, 0x0000000727c80000, 0x00000007aaa80000)
  object space 651776K, 99% used [0x0000000700000000,0x0000000727c62890,0x0000000727c80000)
 PSPermGen       total 21504K, used 6382K [0x00000006f5a00000, 0x00000006f6f00000, 0x0000000700000000)
  object space 21504K, 29% used [0x00000006f5a00000,0x00000006f603b8a8,0x00000006f6f00000)

Deoptimization events (10 events):
Event: 20.879 Thread 0x00007fc22800b000 Uncommon trap: reason=class_check action=maybe_recompile pc=0x00007fc2250912b4 method=com.android.dx.ssa.back.InterferenceGraph.mergeInterferenceSet(ILcom/android/dx/util/IntSet;)V @ 20
Event: 20.879 Thread 0x00007fc22800b000 Uncommon trap: reason=class_check action=maybe_recompile pc=0x00007fc225244d68 method=com.android.dx.util.BitIntSet.merge(Lcom/android/dx/util/IntSet;)V @ 1
Event: 20.879 Thread 0x00007fc22800b000 Uncommon trap: reason=class_check action=maybe_recompile pc=0x00007fc2250912b4 method=com.android.dx.ssa.back.InterferenceGraph.mergeInterferenceSet(ILcom/android/dx/util/IntSet;)V @ 20
Event: 20.879 Thread 0x00007fc22800b000 Uncommon trap: reason=class_check action=maybe_recompile pc=0x00007fc225244d68 method=com.android.dx.util.BitIntSet.merge(Lcom/android/dx/util/IntSet;)V @ 1
Event: 20.883 Thread 0x00007fc22800b000 Uncommon trap: reason=class_check action=maybe_recompile pc=0x00007fc2250912b4 method=com.android.dx.ssa.back.InterferenceGraph.mergeInterferenceSet(ILcom/android/dx/util/IntSet;)V @ 20
Event: 20.883 Thread 0x00007fc22800b000 Uncommon trap: reason=class_check action=maybe_recompile pc=0x00007fc225244d68 method=com.android.dx.util.BitIntSet.merge(Lcom/android/dx/util/IntSet;)V @ 1
Event: 20.883 Thread 0x00007fc22800b000 Uncommon trap: reason=class_check action=maybe_recompile pc=0x00007fc22522cf64 method=com.android.dx.ssa.back.InterferenceGraph.mergeInterferenceSet(ILcom/android/dx/util/IntSet;)V @ 20
Event: 21.114 Thread 0x00007fc22800b000 Uncommon trap: reason=class_check action=maybe_recompile pc=0x00007fc2250c5ff8 method=com.android.dx.ssa.SsaConverter.placePhiFunctions(Lcom/android/dx/ssa/SsaMethod;Lcom/android/dx/ssa/LocalVariableInfo;I)V @ 257
Event: 21.175 Thread 0x00007fc22800b000 Uncommon trap: reason=predicate action=maybe_recompile pc=0x00007fc2251abad8 method=com.android.dx.ssa.back.InterferenceGraph.<init>(I)V @ 23
Event: 21.195 Thread 0x00007fc22800b000 Uncommon trap: reason=class_check action=maybe_recompile pc=0x00007fc2251dd4ec method=com.android.dx.ssa.back.InterferenceGraph.mergeInterferenceSet(ILcom/android/dx/util/IntSet;)V @ 20

Internal exceptions (10 events):
Event: 9.746 Thread 0x00007fc22800b000 Implicit null exception at 0x00007fc22516f95c to 0x00007fc2251703b1
Event: 9.747 Thread 0x00007fc22800b000 Implicit null exception at 0x00007fc22520d671 to 0x00007fc22520d841
Event: 9.747 Thread 0x00007fc22800b000 Implicit null exception at 0x00007fc2251943f5 to 0x00007fc225194555
Event: 9.930 Thread 0x00007fc22800b000 Threw 0x00000007b94f9450 at /build/openjdk-7-yI9zWD/openjdk-7-7u79-2.5.6/build/openjdk/hotspot/src/share/vm/prims/jvm.cpp:1284
Event: 11.979 Thread 0x00007fc22800b000 Implicit null exception at 0x00007fc2253e1ac7 to 0x00007fc2253e33a5
Event: 12.266 Thread 0x00007fc22800b000 Implicit null exception at 0x00007fc2252bd794 to 0x00007fc2252be291
Event: 12.266 Thread 0x00007fc22800b000 Implicit null exception at 0x00007fc2253c7492 to 0x00007fc2253c766d
Event: 12.724 Thread 0x00007fc22800b000 Threw 0x00000007c482ddc8 at /build/openjdk-7-yI9zWD/openjdk-7-7u79-2.5.6/build/openjdk/hotspot/src/share/vm/prims/jvm.cpp:1284
Event: 12.727 Thread 0x00007fc22800b000 Threw 0x00000007c4874370 at /build/openjdk-7-yI9zWD/openjdk-7-7u79-2.5.6/build/openjdk/hotspot/src/share/vm/prims/jvm.cpp:1284
Event: 20.559 Thread 0x00007fc22800b000 Implicit null exception at 0x00007fc22528f40c to 0x00007fc22528f50e

Events (10 events):
Event: 21.114 Thread 0x00007fc22800b000 Uncommon trap: trap_request=0xffffffde fr.pc=0x00007fc2250c5ff8
Event: 21.114 Thread 0x00007fc22800b000 DEOPT PACKING pc=0x00007fc2250c5ff8 sp=0x00007fc23041f1f0
Event: 21.114 Thread 0x00007fc22800b000 DEOPT UNPACKING pc=0x00007fc225039445 sp=0x00007fc23041f198 mode 2
Event: 21.175 Thread 0x00007fc22800b000 Uncommon trap: trap_request=0xffffff86 fr.pc=0x00007fc2251abad8
Event: 21.175 Thread 0x00007fc22800b000 DEOPT PACKING pc=0x00007fc2251abad8 sp=0x00007fc23041f1a0
Event: 21.175 Thread 0x00007fc22800b000 DEOPT UNPACKING pc=0x00007fc225039445 sp=0x00007fc23041f198 mode 2
Event: 21.195 Thread 0x00007fc22800b000 Uncommon trap: trap_request=0xffffffde fr.pc=0x00007fc2251dd4ec
Event: 21.195 Thread 0x00007fc22800b000 DEOPT PACKING pc=0x00007fc2251dd4ec sp=0x00007fc23041f1b0
Event: 21.195 Thread 0x00007fc22800b000 DEOPT UNPACKING pc=0x00007fc225039445 sp=0x00007fc23041eff0 mode 2
Event: 22.227 Executing VM operation: ParallelGCFailedAllocation


Dynamic libraries:
00400000-00401000 r-xp 00000000 08:01 20712222                           /usr/lib/jvm/java-7-openjdk-amd64/jre/bin/java
00600000-00601000 r--p 00000000 08:01 20712222                           /usr/lib/jvm/java-7-openjdk-amd64/jre/bin/java
00601000-00602000 rw-p 00001000 08:01 20712222                           /usr/lib/jvm/java-7-openjdk-amd64/jre/bin/java
0216e000-0218f000 rw-p 00000000 00:00 0                                  [heap]
6f5a00000-6f6f00000 rw-p 00000000 00:00 0 
6f6f00000-700000000 rw-p 00000000 00:00 0 
700000000-727c80000 rw-p 00000000 00:00 0 
739580000-7aaa80000 rw-p 00000000 00:00 0 
7aaa80000-7ee680000 rw-p 00000000 00:00 0 
7ee680000-7efc00000 ---p 00000000 00:00 0 
7efc00000-800000000 rw-p 00000000 00:00 0 
7fc1e0000000-7fc1e0021000 rw-p 00000000 00:00 0 
7fc1e0021000-7fc1e4000000 ---p 00000000 00:00 0 
7fc1e8000000-7fc1e9406000 rw-p 00000000 00:00 0 
7fc1e9406000-7fc1ec000000 ---p 00000000 00:00 0 
7fc1ec000000-7fc1ec021000 rw-p 00000000 00:00 0 
7fc1ec021000-7fc1f0000000 ---p 00000000 00:00 0 
7fc1f0000000-7fc1f0021000 rw-p 00000000 00:00 0 
7fc1f0021000-7fc1f4000000 ---p 00000000 00:00 0 
7fc1f4000000-7fc1f5c97000 rw-p 00000000 00:00 0 
7fc1f5c97000-7fc1f8000000 ---p 00000000 00:00 0 
7fc1f8000000-7fc1f8021000 rw-p 00000000 00:00 0 
7fc1f8021000-7fc1fc000000 ---p 00000000 00:00 0 
7fc1fc000000-7fc1fc021000 rw-p 00000000 00:00 0 
7fc1fc021000-7fc200000000 ---p 00000000 00:00 0 
7fc200000000-7fc200021000 rw-p 00000000 00:00 0 
7fc200021000-7fc204000000 ---p 00000000 00:00 0 
7fc204000000-7fc20423f000 rw-p 00000000 00:00 0 
7fc20423f000-7fc208000000 ---p 00000000 00:00 0 
7fc208000000-7fc208021000 rw-p 00000000 00:00 0 
7fc208021000-7fc20c000000 ---p 00000000 00:00 0 
7fc20f35a000-7fc20f65b000 rw-p 00000000 00:00 0 
7fc20f65b000-7fc20f6c7000 r-xp 00000000 08:01 22020192                   /lib/x86_64-linux-gnu/libpcre.so.3.13.1
7fc20f6c7000-7fc20f8c6000 ---p 0006c000 08:01 22020192                   /lib/x86_64-linux-gnu/libpcre.so.3.13.1
7fc20f8c6000-7fc20f8c7000 r--p 0006b000 08:01 22020192                   /lib/x86_64-linux-gnu/libpcre.so.3.13.1
7fc20f8c7000-7fc20f8c8000 rw-p 0006c000 08:01 22020192                   /lib/x86_64-linux-gnu/libpcre.so.3.13.1
7fc20f8c8000-7fc20f8cf000 r-xp 00000000 08:01 20455638                   /usr/lib/x86_64-linux-gnu/libffi.so.6.0.4
7fc20f8cf000-7fc20face000 ---p 00007000 08:01 20455638                   /usr/lib/x86_64-linux-gnu/libffi.so.6.0.4
7fc20face000-7fc20facf000 r--p 00006000 08:01 20455638                   /usr/lib/x86_64-linux-gnu/libffi.so.6.0.4
7fc20facf000-7fc20fad0000 rw-p 00007000 08:01 20455638                   /usr/lib/x86_64-linux-gnu/libffi.so.6.0.4
7fc20fad0000-7fc218000000 rw-p 00000000 00:00 0 
7fc218000000-7fc218021000 rw-p 00000000 00:00 0 
7fc218021000-7fc21c000000 ---p 00000000 00:00 0 
7fc21c1d7000-7fc21c1ee000 r-xp 00000000 08:01 22024473                   /lib/x86_64-linux-gnu/libresolv-2.21.so
7fc21c1ee000-7fc21c3ee000 ---p 00017000 08:01 22024473                   /lib/x86_64-linux-gnu/libresolv-2.21.so
7fc21c3ee000-7fc21c3f0000 r--p 00017000 08:01 22024473                   /lib/x86_64-linux-gnu/libresolv-2.21.so
7fc21c3f0000-7fc21c3f1000 rw-p 00019000 08:01 22024473                   /lib/x86_64-linux-gnu/libresolv-2.21.so
7fc21c3f1000-7fc21c3f3000 rw-p 00000000 00:00 0 
7fc21c3f3000-7fc21c414000 r-xp 00000000 08:01 22024477                   /lib/x86_64-linux-gnu/libselinux.so.1
7fc21c414000-7fc21c613000 ---p 00021000 08:01 22024477                   /lib/x86_64-linux-gnu/libselinux.so.1
7fc21c613000-7fc21c614000 r--p 00020000 08:01 22024477                   /lib/x86_64-linux-gnu/libselinux.so.1
7fc21c614000-7fc21c615000 rw-p 00021000 08:01 22024477                   /lib/x86_64-linux-gnu/libselinux.so.1
7fc21c615000-7fc21c617000 rw-p 00000000 00:00 0 
7fc21c617000-7fc21c61a000 r-xp 00000000 08:01 20447655                   /usr/lib/x86_64-linux-gnu/libgmodule-2.0.so.0.4400.1
7fc21c61a000-7fc21c819000 ---p 00003000 08:01 20447655                   /usr/lib/x86_64-linux-gnu/libgmodule-2.0.so.0.4400.1
7fc21c819000-7fc21c81a000 r--p 00002000 08:01 20447655                   /usr/lib/x86_64-linux-gnu/libgmodule-2.0.so.0.4400.1
7fc21c81a000-7fc21c81b000 rw-p 00003000 08:01 20447655                   /usr/lib/x86_64-linux-gnu/libgmodule-2.0.so.0.4400.1
7fc21c81b000-7fc21c928000 r-xp 00000000 08:01 22024241                   /lib/x86_64-linux-gnu/libglib-2.0.so.0.4400.1
7fc21c928000-7fc21cb27000 ---p 0010d000 08:01 22024241                   /lib/x86_64-linux-gnu/libglib-2.0.so.0.4400.1
7fc21cb27000-7fc21cb28000 r--p 0010c000 08:01 22024241                   /lib/x86_64-linux-gnu/libglib-2.0.so.0.4400.1
7fc21cb28000-7fc21cb29000 rw-p 0010d000 08:01 22024241                   /lib/x86_64-linux-gnu/libglib-2.0.so.0.4400.1
7fc21cb29000-7fc21cb2a000 rw-p 00000000 00:00 0 
7fc21cb2a000-7fc21cb7a000 r-xp 00000000 08:01 20447615                   /usr/lib/x86_64-linux-gnu/libgobject-2.0.so.0.4400.1
7fc21cb7a000-7fc21cd7a000 ---p 00050000 08:01 20447615                   /usr/lib/x86_64-linux-gnu/libgobject-2.0.so.0.4400.1
7fc21cd7a000-7fc21cd7b000 r--p 00050000 08:01 20447615                   /usr/lib/x86_64-linux-gnu/libgobject-2.0.so.0.4400.1
7fc21cd7b000-7fc21cd7c000 rw-p 00051000 08:01 20447615                   /usr/lib/x86_64-linux-gnu/libgobject-2.0.so.0.4400.1
7fc21cd7c000-7fc21cef4000 r-xp 00000000 08:01 20447637                   /usr/lib/x86_64-linux-gnu/libgio-2.0.so.0.4400.1
7fc21cef4000-7fc21d0f4000 ---p 00178000 08:01 20447637                   /usr/lib/x86_64-linux-gnu/libgio-2.0.so.0.4400.1
7fc21d0f4000-7fc21d0f8000 r--p 00178000 08:01 20447637                   /usr/lib/x86_64-linux-gnu/libgio-2.0.so.0.4400.1
7fc21d0f8000-7fc21d0fa000 rw-p 0017c000 08:01 20447637                   /usr/lib/x86_64-linux-gnu/libgio-2.0.so.0.4400.1
7fc21d0fa000-7fc21d0fc000 rw-p 00000000 00:00 0 
7fc21d0fc000-7fc21d113000 r-xp 00000000 08:01 20587083                   /usr/lib/jvm/java-7-openjdk-amd64/jre/lib/amd64/libnet.so
7fc21d113000-7fc21d312000 ---p 00017000 08:01 20587083                   /usr/lib/jvm/java-7-openjdk-amd64/jre/lib/amd64/libnet.so
7fc21d312000-7fc21d313000 r--p 00016000 08:01 20587083                   /usr/lib/jvm/java-7-openjdk-amd64/jre/lib/amd64/libnet.so
7fc21d313000-7fc21d314000 rw-p 00017000 08:01 20587083                   /usr/lib/jvm/java-7-openjdk-amd64/jre/lib/amd64/libnet.so
7fc21d314000-7fc21d325000 r-xp 00000000 08:01 20587088                   /usr/lib/jvm/java-7-openjdk-amd64/jre/lib/amd64/libnio.so
7fc21d325000-7fc21d524000 ---p 00011000 08:01 20587088                   /usr/lib/jvm/java-7-openjdk-amd64/jre/lib/amd64/libnio.so
7fc21d524000-7fc21d525000 r--p 00010000 08:01 20587088                   /usr/lib/jvm/java-7-openjdk-amd64/jre/lib/amd64/libnio.so
7fc21d525000-7fc21d526000 rw-p 00011000 08:01 20587088                   /usr/lib/jvm/java-7-openjdk-amd64/jre/lib/amd64/libnio.so
7fc21d526000-7fc21d5f2000 r--s 00939000 08:01 30278772                   /home/sharan/Dropbox/Muser/muser/build/intermediates/multi-dex/debug/allclasses.jar
7fc21d5f2000-7fc21d5f3000 ---p 00000000 00:00 0 
7fc21d5f3000-7fc21d6f3000 rw-p 00000000 00:00 0                          [stack:4547]
7fc21d6f3000-7fc21d6f6000 ---p 00000000 00:00 0 
7fc21d6f6000-7fc21d7f4000 rw-p 00000000 00:00 0                          [stack:4546]
7fc21d7f4000-7fc21d7f7000 ---p 00000000 00:00 0 
7fc21d7f7000-7fc21d8f5000 rw-p 00000000 00:00 0                          [stack:4545]
7fc21d8f5000-7fc21d8f8000 ---p 00000000 00:00 0 
7fc21d8f8000-7fc21d9f6000 rw-p 00000000 00:00 0                          [stack:4544]
7fc21d9f6000-7fc21d9fb000 r-xp 00000000 08:01 20455330                   /usr/lib/x86_64-linux-gnu/libXdmcp.so.6.0.0
7fc21d9fb000-7fc21dbfa000 ---p 00005000 08:01 20455330                   /usr/lib/x86_64-linux-gnu/libXdmcp.so.6.0.0
7fc21dbfa000-7fc21dbfb000 r--p 00004000 08:01 20455330                   /usr/lib/x86_64-linux-gnu/libXdmcp.so.6.0.0
7fc21dbfb000-7fc21dbfc000 rw-p 00005000 08:01 20455330                   /usr/lib/x86_64-linux-gnu/libXdmcp.so.6.0.0
7fc21dbfc000-7fc21dbfe000 r-xp 00000000 08:01 20455319                   /usr/lib/x86_64-linux-gnu/libXau.so.6.0.0
7fc21dbfe000-7fc21ddfe000 ---p 00002000 08:01 20455319                   /usr/lib/x86_64-linux-gnu/libXau.so.6.0.0
7fc21ddfe000-7fc21ddff000 r--p 00002000 08:01 20455319                   /usr/lib/x86_64-linux-gnu/libXau.so.6.0.0
7fc21ddff000-7fc21de00000 rw-p 00003000 08:01 20455319                   /usr/lib/x86_64-linux-gnu/libXau.so.6.0.0
7fc21de00000-7fc21de1d000 r-xp 00000000 08:01 20456517                   /usr/lib/x86_64-linux-gnu/libxcb.so.1.1.0
7fc21de1d000-7fc21e01d000 ---p 0001d000 08:01 20456517                   /usr/lib/x86_64-linux-gnu/libxcb.so.1.1.0
7fc21e01d000-7fc21e01e000 r--p 0001d000 08:01 20456517                   /usr/lib/x86_64-linux-gnu/libxcb.so.1.1.0
7fc21e01e000-7fc21e01f000 rw-p 0001e000 08:01 20456517                   /usr/lib/x86_64-linux-gnu/libxcb.so.1.1.0
7fc21e01f000-7fc21e152000 r-xp 00000000 08:01 20455315                   /usr/lib/x86_64-linux-gnu/libX11.so.6.3.0
7fc21e152000-7fc21e352000 ---p 00133000 08:01 20455315                   /usr/lib/x86_64-linux-gnu/libX11.so.6.3.0
7fc21e352000-7fc21e353000 r--p 00133000 08:01 20455315                   /usr/lib/x86_64-linux-gnu/libX11.so.6.3.0
7fc21e353000-7fc21e357000 rw-p 00134000 08:01 20455315                   /usr/lib/x86_64-linux-gnu/libX11.so.6.3.0
7fc21e357000-7fc21e358000 rw-p 00000000 00:00 0 
7fc21e358000-7fc21e35a000 r-xp 00000000 08:01 20452766                   /usr/lib/jayatana/libjayatanaag.so
7fc21e35a000-7fc21e559000 ---p 00002000 08:01 20452766                   /usr/lib/jayatana/libjayatanaag.so
7fc21e559000-7fc21e55a000 r--p 00001000 08:01 20452766                   /usr/lib/jayatana/libjayatanaag.so
7fc21e55a000-7fc21e55b000 rw-p 00002000 08:01 20452766                   /usr/lib/jayatana/libjayatanaag.so
7fc21e55b000-7fc21e55e000 ---p 00000000 00:00 0 
7fc21e55e000-7fc21e65c000 rw-p 00000000 00:00 0                          [stack:4543]
7fc21e65c000-7fc21ed3e000 r--p 00000000 08:01 20454393                   /usr/lib/locale/locale-archive
7fc21ed3e000-7fc21ed41000 ---p 00000000 00:00 0 
7fc21ed41000-7fc21ee3f000 rw-p 00000000 00:00 0                          [stack:4542]
7fc21ee3f000-7fc21ee42000 ---p 00000000 00:00 0 
7fc21ee42000-7fc21ef40000 rw-p 00000000 00:00 0                          [stack:4541]
7fc21ef40000-7fc21ef41000 ---p 00000000 00:00 0 
7fc21ef41000-7fc21fe4f000 rw-p 00000000 00:00 0                          [stack:4540]
7fc21fe4f000-7fc220000000 r--s 01d29000 08:01 20587021                   /usr/lib/jvm/java-7-openjdk-amd64/jre/lib/rt.jar
7fc220000000-7fc220021000 rw-p 00000000 00:00 0 
7fc220021000-7fc224000000 ---p 00000000 00:00 0 
7fc22403c000-7fc224be9000 rw-p 00000000 00:00 0 
7fc224be9000-7fc225000000 rw-p 00000000 00:00 0 
7fc225000000-7fc225400000 rwxp 00000000 00:00 0 
7fc225400000-7fc228487000 rw-p 00000000 00:00 0 
7fc228487000-7fc22c000000 ---p 00000000 00:00 0 
7fc22c004000-7fc22c058000 rw-p 00000000 00:00 0 
7fc22c058000-7fc22c059000 ---p 00000000 00:00 0 
7fc22c059000-7fc22c159000 rw-p 00000000 00:00 0                          [stack:4539]
7fc22c159000-7fc22c15a000 ---p 00000000 00:00 0 
7fc22c15a000-7fc22c25a000 rw-p 00000000 00:00 0                          [stack:4538]
7fc22c25a000-7fc22c25b000 ---p 00000000 00:00 0 
7fc22c25b000-7fc22c35b000 rw-p 00000000 00:00 0                          [stack:4537]
7fc22c35b000-7fc22c35c000 ---p 00000000 00:00 0 
7fc22c35c000-7fc22c467000 rw-p 00000000 00:00 0                          [stack:4536]
7fc22c467000-7fc22c4af000 rw-p 00000000 00:00 0 
7fc22c4af000-7fc22c4ba000 rw-p 00000000 00:00 0 
7fc22c4ba000-7fc22c502000 rw-p 00000000 00:00 0 
7fc22c502000-7fc22c641000 rw-p 00000000 00:00 0 
7fc22c641000-7fc22ca57000 rw-p 00000000 00:00 0 
7fc22ca57000-7fc22cc76000 rw-p 00000000 00:00 0 
7fc22cc76000-7fc22cc80000 ---p 00000000 00:00 0 
7fc22cc80000-7fc22cd02000 rw-p 00000000 00:00 0 
7fc22cd02000-7fc22cd03000 rw-p 00000000 00:00 0 
7fc22cd03000-7fc22cd0b000 r-xp 00000000 08:01 20587054                   /usr/lib/jvm/java-7-openjdk-amd64/jre/lib/amd64/libzip.so
7fc22cd0b000-7fc22cf0a000 ---p 00008000 08:01 20587054                   /usr/lib/jvm/java-7-openjdk-amd64/jre/lib/amd64/libzip.so
7fc22cf0a000-7fc22cf0b000 r--p 00007000 08:01 20587054                   /usr/lib/jvm/java-7-openjdk-amd64/jre/lib/amd64/libzip.so
7fc22cf0b000-7fc22cf0c000 rw-p 00008000 08:01 20587054                   /usr/lib/jvm/java-7-openjdk-amd64/jre/lib/amd64/libzip.so
7fc22cf0c000-7fc22cf18000 r-xp 00000000 08:01 22024420                   /lib/x86_64-linux-gnu/libnss_files-2.21.so
7fc22cf18000-7fc22d117000 ---p 0000c000 08:01 22024420                   /lib/x86_64-linux-gnu/libnss_files-2.21.so
7fc22d117000-7fc22d118000 r--p 0000b000 08:01 22024420                   /lib/x86_64-linux-gnu/libnss_files-2.21.so
7fc22d118000-7fc22d119000 rw-p 0000c000 08:01 22024420                   /lib/x86_64-linux-gnu/libnss_files-2.21.so
7fc22d119000-7fc22d124000 r-xp 00000000 08:01 22024430                   /lib/x86_64-linux-gnu/libnss_nis-2.21.so
7fc22d124000-7fc22d323000 ---p 0000b000 08:01 22024430                   /lib/x86_64-linux-gnu/libnss_nis-2.21.so
7fc22d323000-7fc22d324000 r--p 0000a000 08:01 22024430                   /lib/x86_64-linux-gnu/libnss_nis-2.21.so
7fc22d324000-7fc22d325000 rw-p 0000b000 08:01 22024430                   /lib/x86_64-linux-gnu/libnss_nis-2.21.so
7fc22d325000-7fc22d33c000 r-xp 00000000 08:01 22024414                   /lib/x86_64-linux-gnu/libnsl-2.21.so
7fc22d33c000-7fc22d53b000 ---p 00017000 08:01 22024414                   /lib/x86_64-linux-gnu/libnsl-2.21.so
7fc22d53b000-7fc22d53c000 r--p 00016000 08:01 22024414                   /lib/x86_64-linux-gnu/libnsl-2.21.so
7fc22d53c000-7fc22d53d000 rw-p 00017000 08:01 22024414                   /lib/x86_64-linux-gnu/libnsl-2.21.so
7fc22d53d000-7fc22d53f000 rw-p 00000000 00:00 0 
7fc22d53f000-7fc22d547000 r-xp 00000000 08:01 22024416                   /lib/x86_64-linux-gnu/libnss_compat-2.21.so
7fc22d547000-7fc22d746000 ---p 00008000 08:01 22024416                   /lib/x86_64-linux-gnu/libnss_compat-2.21.so
7fc22d746000-7fc22d747000 r--p 00007000 08:01 22024416                   /lib/x86_64-linux-gnu/libnss_compat-2.21.so
7fc22d747000-7fc22d748000 rw-p 00008000 08:01 22024416                   /lib/x86_64-linux-gnu/libnss_compat-2.21.so
7fc22d748000-7fc22d752000 r-xp 00000000 08:01 20587084                   /usr/lib/jvm/java-7-openjdk-amd64/jre/lib/amd64/libinstrument.so
7fc22d752000-7fc22d951000 ---p 0000a000 08:01 20587084                   /usr/lib/jvm/java-7-openjdk-amd64/jre/lib/amd64/libinstrument.so
7fc22d951000-7fc22d952000 r--p 00009000 08:01 20587084                   /usr/lib/jvm/java-7-openjdk-amd64/jre/lib/amd64/libinstrument.so
7fc22d952000-7fc22d953000 rw-p 0000a000 08:01 20587084                   /usr/lib/jvm/java-7-openjdk-amd64/jre/lib/amd64/libinstrument.so
7fc22d953000-7fc22d980000 r-xp 00000000 08:01 20587091                   /usr/lib/jvm/java-7-openjdk-amd64/jre/lib/amd64/libjava.so
7fc22d980000-7fc22db7f000 ---p 0002d000 08:01 20587091                   /usr/lib/jvm/java-7-openjdk-amd64/jre/lib/amd64/libjava.so
7fc22db7f000-7fc22db80000 r--p 0002c000 08:01 20587091                   /usr/lib/jvm/java-7-openjdk-amd64/jre/lib/amd64/libjava.so
7fc22db80000-7fc22db82000 rw-p 0002d000 08:01 20587091                   /usr/lib/jvm/java-7-openjdk-amd64/jre/lib/amd64/libjava.so
7fc22db82000-7fc22db91000 r-xp 00000000 08:01 20587072                   /usr/lib/jvm/java-7-openjdk-amd64/jre/lib/amd64/libverify.so
7fc22db91000-7fc22dd90000 ---p 0000f000 08:01 20587072                   /usr/lib/jvm/java-7-openjdk-amd64/jre/lib/amd64/libverify.so
7fc22dd90000-7fc22dd93000 r--p 0000e000 08:01 20587072                   /usr/lib/jvm/java-7-openjdk-amd64/jre/lib/amd64/libverify.so
7fc22dd93000-7fc22dd94000 rw-p 00011000 08:01 20587072                   /usr/lib/jvm/java-7-openjdk-amd64/jre/lib/amd64/libverify.so
7fc22dd94000-7fc22dd9b000 r-xp 00000000 08:01 22024475                   /lib/x86_64-linux-gnu/librt-2.21.so
7fc22dd9b000-7fc22df9a000 ---p 00007000 08:01 22024475                   /lib/x86_64-linux-gnu/librt-2.21.so
7fc22df9a000-7fc22df9b000 r--p 00006000 08:01 22024475                   /lib/x86_64-linux-gnu/librt-2.21.so
7fc22df9b000-7fc22df9c000 rw-p 00007000 08:01 22024475                   /lib/x86_64-linux-gnu/librt-2.21.so
7fc22df9c000-7fc22dfb2000 r-xp 00000000 08:01 22024363                   /lib/x86_64-linux-gnu/libgcc_s.so.1
7fc22dfb2000-7fc22e1b1000 ---p 00016000 08:01 22024363                   /lib/x86_64-linux-gnu/libgcc_s.so.1
7fc22e1b1000-7fc22e1b2000 rw-p 00015000 08:01 22024363                   /lib/x86_64-linux-gnu/libgcc_s.so.1
7fc22e1b2000-7fc22e2b9000 r-xp 00000000 08:01 22024393                   /lib/x86_64-linux-gnu/libm-2.21.so
7fc22e2b9000-7fc22e4b8000 ---p 00107000 08:01 22024393                   /lib/x86_64-linux-gnu/libm-2.21.so
7fc22e4b8000-7fc22e4b9000 r--p 00106000 08:01 22024393                   /lib/x86_64-linux-gnu/libm-2.21.so
7fc22e4b9000-7fc22e4ba000 rw-p 00107000 08:01 22024393                   /lib/x86_64-linux-gnu/libm-2.21.so
7fc22e4ba000-7fc22e5aa000 r-xp 00000000 08:01 20456311                   /usr/lib/x86_64-linux-gnu/libstdc++.so.6.0.20
7fc22e5aa000-7fc22e7aa000 ---p 000f0000 08:01 20456311                   /usr/lib/x86_64-linux-gnu/libstdc++.so.6.0.20
7fc22e7aa000-7fc22e7b2000 r--p 000f0000 08:01 20456311                   /usr/lib/x86_64-linux-gnu/libstdc++.so.6.0.20
7fc22e7b2000-7fc22e7b4000 rw-p 000f8000 08:01 20456311                   /usr/lib/x86_64-linux-gnu/libstdc++.so.6.0.20
7fc22e7b4000-7fc22e7c9000 rw-p 00000000 00:00 0 
7fc22e7c9000-7fc22f321000 r-xp 00000000 08:01 20587060                   /usr/lib/jvm/java-7-openjdk-amd64/jre/lib/amd64/server/libjvm.so
7fc22f321000-7fc22f520000 ---p 00b58000 08:01 20587060                   /usr/lib/jvm/java-7-openjdk-amd64/jre/lib/amd64/server/libjvm.so
7fc22f520000-7fc22f5bf000 r--p 00b57000 08:01 20587060                   /usr/lib/jvm/java-7-openjdk-amd64/jre/lib/amd64/server/libjvm.so
7fc22f5bf000-7fc22f5e2000 rw-p 00bf6000 08:01 20587060                   /usr/lib/jvm/java-7-openjdk-amd64/jre/lib/amd64/server/libjvm.so
7fc22f5e2000-7fc22f60f000 rw-p 00000000 00:00 0 
7fc22f60f000-7fc22f628000 r-xp 00000000 08:01 22024508                   /lib/x86_64-linux-gnu/libz.so.1.2.8
7fc22f628000-7fc22f828000 ---p 00019000 08:01 22024508                   /lib/x86_64-linux-gnu/libz.so.1.2.8
7fc22f828000-7fc22f829000 r--p 00019000 08:01 22024508                   /lib/x86_64-linux-gnu/libz.so.1.2.8
7fc22f829000-7fc22f82a000 rw-p 0001a000 08:01 22024508                   /lib/x86_64-linux-gnu/libz.so.1.2.8
7fc22f82a000-7fc22f842000 r-xp 00000000 08:01 22024467                   /lib/x86_64-linux-gnu/libpthread-2.21.so
7fc22f842000-7fc22fa42000 ---p 00018000 08:01 22024467                   /lib/x86_64-linux-gnu/libpthread-2.21.so
7fc22fa42000-7fc22fa43000 r--p 00018000 08:01 22024467                   /lib/x86_64-linux-gnu/libpthread-2.21.so
7fc22fa43000-7fc22fa44000 rw-p 00019000 08:01 22024467                   /lib/x86_64-linux-gnu/libpthread-2.21.so
7fc22fa44000-7fc22fa48000 rw-p 00000000 00:00 0 
7fc22fa48000-7fc22fa4b000 r-xp 00000000 08:01 22024351                   /lib/x86_64-linux-gnu/libdl-2.21.so
7fc22fa4b000-7fc22fc4a000 ---p 00003000 08:01 22024351                   /lib/x86_64-linux-gnu/libdl-2.21.so
7fc22fc4a000-7fc22fc4b000 r--p 00002000 08:01 22024351                   /lib/x86_64-linux-gnu/libdl-2.21.so
7fc22fc4b000-7fc22fc4c000 rw-p 00003000 08:01 22024351                   /lib/x86_64-linux-gnu/libdl-2.21.so
7fc22fc4c000-7fc22fe0c000 r-xp 00000000 08:01 22024334                   /lib/x86_64-linux-gnu/libc-2.21.so
7fc22fe0c000-7fc23000c000 ---p 001c0000 08:01 22024334                   /lib/x86_64-linux-gnu/libc-2.21.so
7fc23000c000-7fc230010000 r--p 001c0000 08:01 22024334                   /lib/x86_64-linux-gnu/libc-2.21.so
7fc230010000-7fc230012000 rw-p 001c4000 08:01 22024334                   /lib/x86_64-linux-gnu/libc-2.21.so
7fc230012000-7fc230016000 rw-p 00000000 00:00 0 
7fc230016000-7fc230023000 r-xp 00000000 08:01 20587057                   /usr/lib/jvm/java-7-openjdk-amd64/jre/lib/amd64/jli/libjli.so
7fc230023000-7fc230222000 ---p 0000d000 08:01 20587057                   /usr/lib/jvm/java-7-openjdk-amd64/jre/lib/amd64/jli/libjli.so
7fc230222000-7fc230223000 r--p 0000c000 08:01 20587057                   /usr/lib/jvm/java-7-openjdk-amd64/jre/lib/amd64/jli/libjli.so
7fc230223000-7fc230224000 rw-p 0000d000 08:01 20587057                   /usr/lib/jvm/java-7-openjdk-amd64/jre/lib/amd64/jli/libjli.so
7fc230224000-7fc230248000 r-xp 00000000 08:01 22024306                   /lib/x86_64-linux-gnu/ld-2.21.so
7fc230250000-7fc230251000 rw-p 00000000 00:00 0 
7fc230251000-7fc230260000 r--s 000dd000 08:01 21636737                   /home/sharan/Android/Sdk/build-tools/21.1.2/lib/dx.jar
7fc230260000-7fc230270000 rw-p 00000000 00:00 0 
7fc230270000-7fc230320000 rw-p 00000000 00:00 0 
7fc230320000-7fc230323000 ---p 00000000 00:00 0 
7fc230323000-7fc230426000 rw-p 00000000 00:00 0                          [stack:4535]
7fc230426000-7fc230427000 r--s 00000000 08:01 20979860                   /usr/share/java/jayatanaag.jar
7fc230427000-7fc23042b000 r--s 00034000 08:01 20587040                   /usr/lib/jvm/java-7-openjdk-amd64/jre/lib/ext/sunjce_provider.jar
7fc23042b000-7fc23042f000 r--s 0003c000 08:01 20587041                   /usr/lib/jvm/java-7-openjdk-amd64/jre/lib/ext/sunpkcs11.jar
7fc23042f000-7fc230432000 r--s 0000f000 08:01 20587042                   /usr/lib/jvm/java-7-openjdk-amd64/jre/lib/ext/icedtea-sound.jar
7fc230432000-7fc230436000 r--s 00085000 08:01 20587038                   /usr/lib/jvm/java-7-openjdk-amd64/jre/lib/ext/localedata.jar
7fc230436000-7fc230438000 r--s 00012000 08:01 20587043                   /usr/lib/jvm/java-7-openjdk-amd64/jre/lib/ext/zipfs.jar
7fc230438000-7fc23043a000 r--s 00006000 08:01 20971724                   /usr/share/java/java-atk-wrapper.jar
7fc23043a000-7fc23043b000 r--s 00002000 08:01 20587039                   /usr/lib/jvm/java-7-openjdk-amd64/jre/lib/ext/dnsns.jar
7fc23043b000-7fc230443000 rw-s 00000000 08:01 3016200                    /tmp/hsperfdata_sharan/4530
7fc230443000-7fc230444000 rw-p 00000000 00:00 0 
7fc230444000-7fc230445000 ---p 00000000 00:00 0 
7fc230445000-7fc230447000 rw-p 00000000 00:00 0 
7fc230447000-7fc230448000 r--p 00023000 08:01 22024306                   /lib/x86_64-linux-gnu/ld-2.21.so
7fc230448000-7fc230449000 rw-p 00024000 08:01 22024306                   /lib/x86_64-linux-gnu/ld-2.21.so
7fc230449000-7fc23044a000 rw-p 00000000 00:00 0 
7ffe52193000-7ffe521b4000 rw-p 00000000 00:00 0                          [stack]
7ffe521ef000-7ffe521f1000 r--p 00000000 00:00 0                          [vvar]
7ffe521f1000-7ffe521f3000 r-xp 00000000 00:00 0                          [vdso]
ffffffffff600000-ffffffffff601000 r-xp 00000000 00:00 0                  [vsyscall]

VM Arguments:
jvm_args: -javaagent:/usr/share/java/jayatanaag.jar -Xmx4g -Dfile.encoding=UTF-8 -Duser.country=IN -Duser.language=en -Duser.variant 
java_command: com.android.dx.command.Main --dex --force-jumbo --multi-dex --main-dex-list /home/sharan/Dropbox/Muser/muser/build/intermediates/multi-dex/debug/maindexlist.txt --output /home/sharan/Dropbox/Muser/muser/build/intermediates/dex/debug /home/sharan/Dropbox/Muser/muser/build/intermediates/multi-dex/debug/allclasses.jar
Launcher Type: SUN_STANDARD

Environment Variables:
JAVA_HOME=/usr/lib/jvm/java-8-oracle
JAVA_TOOL_OPTIONS=-javaagent:/usr/share/java/jayatanaag.jar 
PATH=/usr/local/sbin:/usr/local/bin:/usr/sbin:/usr/bin:/sbin:/bin:/usr/games:/usr/local/games:/usr/lib/jvm/java-8-oracle/bin:/usr/lib/jvm/java-8-oracle/db/bin:/usr/lib/jvm/java-8-oracle/jre/bin
LD_LIBRARY_PATH=/opt/android-studio/bin:
SHELL=/bin/bash
DISPLAY=:0

Signal Handlers:
SIGSEGV: [libjvm.so+0x98ac50], sa_mask[0]=0x7ffbfeff, sa_flags=0x10000004
SIGBUS: [libjvm.so+0x98ac50], sa_mask[0]=0x7ffbfeff, sa_flags=0x10000004
SIGFPE: [libjvm.so+0x7f8ab0], sa_mask[0]=0x7ffbfeff, sa_flags=0x10000004
SIGPIPE: [libjvm.so+0x7f8ab0], sa_mask[0]=0x7ffbfeff, sa_flags=0x10000004
SIGXFSZ: [libjvm.so+0x7f8ab0], sa_mask[0]=0x7ffbfeff, sa_flags=0x10000004
SIGILL: [libjvm.so+0x7f8ab0], sa_mask[0]=0x7ffbfeff, sa_flags=0x10000004
SIGUSR1: SIG_DFL, sa_mask[0]=0x00000000, sa_flags=0x00000000
SIGUSR2: [libjvm.so+0x7f8930], sa_mask[0]=0x00000004, sa_flags=0x10000004
SIGHUP: [libjvm.so+0x7f8b30], sa_mask[0]=0x7ffbfeff, sa_flags=0x10000004
SIGINT: [libjvm.so+0x7f8b30], sa_mask[0]=0x7ffbfeff, sa_flags=0x10000004
SIGTERM: [libjvm.so+0x7f8b30], sa_mask[0]=0x7ffbfeff, sa_flags=0x10000004
SIGQUIT: [libjvm.so+0x7f8b30], sa_mask[0]=0x7ffbfeff, sa_flags=0x10000004
SIGTRAP: SIG_DFL, sa_mask[0]=0x00000000, sa_flags=0x00000000


---------------  S Y S T E M  ---------------

OS:Ubuntu 15.04 (vivid)
uname:Linux 3.19.0-26-generic #28-Ubuntu SMP Tue Aug 11 14:16:32 UTC 2015 x86_64
libc:glibc 2.21 NPTL 2.21 
rlimit: STACK 8192k, CORE 0k, NPROC 31366, NOFILE 65536, AS infinity
load average:4.76 3.90 3.54

/proc/meminfo:
MemTotal:        8052020 kB
MemFree:          163676 kB
MemAvailable:     181316 kB
Buffers:            7824 kB
Cached:          1002676 kB
SwapCached:            0 kB
Active:          6774784 kB
Inactive:         887804 kB
Active(anon):    6705976 kB
Inactive(anon):   823884 kB
Active(file):      68808 kB
Inactive(file):    63920 kB
Unevictable:          32 kB
Mlocked:              32 kB
SwapTotal:             0 kB
SwapFree:              0 kB
Dirty:              2624 kB
Writeback:             0 kB
AnonPages:       6652240 kB
Mapped:           577684 kB
Shmem:            877660 kB
Slab:             113912 kB
SReclaimable:      71492 kB
SUnreclaim:        42420 kB
KernelStack:       13488 kB
PageTables:        56156 kB
NFS_Unstable:          0 kB
Bounce:                0 kB
WritebackTmp:          0 kB
CommitLimit:     4026008 kB
Committed_AS:   15299100 kB
VmallocTotal:   34359738367 kB
VmallocUsed:      359048 kB
VmallocChunk:   34359289388 kB
HardwareCorrupted:     0 kB
AnonHugePages:   3024896 kB
CmaTotal:              0 kB
CmaFree:               0 kB
HugePages_Total:       0
HugePages_Free:        0
HugePages_Rsvd:        0
HugePages_Surp:        0
Hugepagesize:       2048 kB
DirectMap4k:      193596 kB
DirectMap2M:     8071168 kB
DirectMap1G:           0 kB


CPU:total 4 (2 cores per cpu, 2 threads per core) family 6 model 60 stepping 3, cmov, cx8, fxsr, mmx, sse, sse2, sse3, ssse3, sse4.1, sse4.2, popcnt, avx, avx2, aes, erms, ht, tsc, tscinvbit

/proc/cpuinfo:
processor	: 0
vendor_id	: GenuineIntel
cpu family	: 6
model		: 60
model name	: Intel(R) Core(TM) i3-4150 CPU @ 3.50GHz
stepping	: 3
microcode	: 0x12
cpu MHz		: 3489.335
cache size	: 3072 KB
physical id	: 0
siblings	: 4
core id		: 0
cpu cores	: 2
apicid		: 0
initial apicid	: 0
fpu		: yes
fpu_exception	: yes
cpuid level	: 13
wp		: yes
flags		: fpu vme de pse tsc msr pae mce cx8 apic sep mtrr pge mca cmov pat pse36 clflush dts acpi mmx fxsr sse sse2 ss ht tm pbe syscall nx pdpe1gb rdtscp lm constant_tsc arch_perfmon pebs bts rep_good nopl xtopology nonstop_tsc aperfmperf eagerfpu pni pclmulqdq dtes64 monitor ds_cpl vmx est tm2 ssse3 fma cx16 xtpr pdcm pcid sse4_1 sse4_2 movbe popcnt tsc_deadline_timer aes xsave avx f16c rdrand lahf_lm abm arat pln pts dtherm tpr_shadow vnmi flexpriority ept vpid fsgsbase tsc_adjust bmi1 avx2 smep bmi2 erms invpcid xsaveopt
bugs		:
bogomips	: 6984.15
clflush size	: 64
cache_alignment	: 64
address sizes	: 39 bits physical, 48 bits virtual
power management:

processor	: 1
vendor_id	: GenuineIntel
cpu family	: 6
model		: 60
model name	: Intel(R) Core(TM) i3-4150 CPU @ 3.50GHz
stepping	: 3
microcode	: 0x12
cpu MHz		: 3500.000
cache size	: 3072 KB
physical id	: 0
siblings	: 4
core id		: 1
cpu cores	: 2
apicid		: 2
initial apicid	: 2
fpu		: yes
fpu_exception	: yes
cpuid level	: 13
wp		: yes
flags		: fpu vme de pse tsc msr pae mce cx8 apic sep mtrr pge mca cmov pat pse36 clflush dts acpi mmx fxsr sse sse2 ss ht tm pbe syscall nx pdpe1gb rdtscp lm constant_tsc arch_perfmon pebs bts rep_good nopl xtopology nonstop_tsc aperfmperf eagerfpu pni pclmulqdq dtes64 monitor ds_cpl vmx est tm2 ssse3 fma cx16 xtpr pdcm pcid sse4_1 sse4_2 movbe popcnt tsc_deadline_timer aes xsave avx f16c rdrand lahf_lm abm arat pln pts dtherm tpr_shadow vnmi flexpriority ept vpid fsgsbase tsc_adjust bmi1 avx2 smep bmi2 erms invpcid xsaveopt
bugs		:
bogomips	: 6984.15
clflush size	: 64
cache_alignment	: 64
address sizes	: 39 bits physical, 48 bits virtual
power management:

processor	: 2
vendor_id	: GenuineIntel
cpu family	: 6
model		: 60
model name	: Intel(R) Core(TM) i3-4150 CPU @ 3.50GHz
stepping	: 3
microcode	: 0x12
cpu MHz		: 3500.136
cache size	: 3072 KB
physical id	: 0
siblings	: 4
core id		: 0
cpu cores	: 2
apicid		: 1
initial apicid	: 1
fpu		: yes
fpu_exception	: yes
cpuid level	: 13
wp		: yes
flags		: fpu vme de pse tsc msr pae mce cx8 apic sep mtrr pge mca cmov pat pse36 clflush dts acpi mmx fxsr sse sse2 ss ht tm pbe syscall nx pdpe1gb rdtscp lm constant_tsc arch_perfmon pebs bts rep_good nopl xtopology nonstop_tsc aperfmperf eagerfpu pni pclmulqdq dtes64 monitor ds_cpl vmx est tm2 ssse3 fma cx16 xtpr pdcm pcid sse4_1 sse4_2 movbe popcnt tsc_deadline_timer aes xsave avx f16c rdrand lahf_lm abm arat pln pts dtherm tpr_shadow vnmi flexpriority ept vpid fsgsbase tsc_adjust bmi1 avx2 smep bmi2 erms invpcid xsaveopt
bugs		:
bogomips	: 6984.15
clflush size	: 64
cache_alignment	: 64
address sizes	: 39 bits physical, 48 bits virtual
power management:

processor	: 3
vendor_id	: GenuineIntel
cpu family	: 6
model		: 60
model name	: Intel(R) Core(TM) i3-4150 CPU @ 3.50GHz
stepping	: 3
microcode	: 0x12
cpu MHz		: 3450.781
cache size	: 3072 KB
physical id	: 0
siblings	: 4
core id		: 1
cpu cores	: 2
apicid		: 3
initial apicid	: 3
fpu		: yes
fpu_exception	: yes
cpuid level	: 13
wp		: yes
flags		: fpu vme de pse tsc msr pae mce cx8 apic sep mtrr pge mca cmov pat pse36 clflush dts acpi mmx fxsr sse sse2 ss ht tm pbe syscall nx pdpe1gb rdtscp lm constant_tsc arch_perfmon pebs bts rep_good nopl xtopology nonstop_tsc aperfmperf eagerfpu pni pclmulqdq dtes64 monitor ds_cpl vmx est tm2 ssse3 fma cx16 xtpr pdcm pcid sse4_1 sse4_2 movbe popcnt tsc_deadline_timer aes xsave avx f16c rdrand lahf_lm abm arat pln pts dtherm tpr_shadow vnmi flexpriority ept vpid fsgsbase tsc_adjust bmi1 avx2 smep bmi2 erms invpcid xsaveopt
bugs		:
bogomips	: 6984.15
clflush size	: 64
cache_alignment	: 64
address sizes	: 39 bits physical, 48 bits virtual
power management:



Memory: 4k page, physical 8052020k(163676k free), swap 0k(0k free)

vm_info: OpenJDK 64-Bit Server VM (24.79-b02) for linux-amd64 JRE (1.7.0_79-b14), built on Jul 24 2015 05:24:39 by "buildd" with gcc 4.9.2

time: Wed Nov  4 21:24:40 2015
elapsed time: 25 seconds

