#
# There is insufficient memory for the Java Runtime Environment to continue.
# Native memory allocation (malloc) failed to allocate 155189248 bytes for committing reserved memory.
# Possible reasons:
#   The system is out of physical RAM or swap space
#   In 32 bit mode, the process size limit was hit
# Possible solutions:
#   Reduce memory load on the system
#   Increase physical memory or swap space
#   Check if swap backing store is full
#   Use 64 bit Java on a 64 bit OS
#   Decrease Java heap size (-Xmx/-Xms)
#   Decrease number of Java threads
#   Decrease Java thread stack sizes (-Xss)
#   Set larger code cache with -XX:ReservedCodeCacheSize=
# This output file may be truncated or incomplete.
#
#  Out of Memory Error (os_linux.cpp:2809), pid=6975, tid=139756665337600
#
# JRE version: OpenJDK Runtime Environment (7.0_79-b14) (build 1.7.0_79-b14)
# Java VM: OpenJDK 64-Bit Server VM (24.79-b02 mixed mode linux-amd64 compressed oops)
# Derivative: IcedTea 2.5.6
# Distribution: Ubuntu 15.04, package 7u79-2.5.6-0ubuntu1.15.04.1
# Failed to write core dump. Core dumps have been disabled. To enable core dumping, try "ulimit -c unlimited" before starting Java again
#

---------------  T H R E A D  ---------------

Current thread (0x00007f1bb4076000):  VMThread [stack: 0x00007f1ba2547000,0x00007f1ba2648000] [id=6985]

Stack: [0x00007f1ba2547000,0x00007f1ba2648000],  sp=0x00007f1ba26464c0,  free space=1021k
Native frames: (J=compiled Java code, j=interpreted, Vv=VM code, C=native code)
V  [libjvm.so+0x98a166]  VMError::report_and_die()+0x186
V  [libjvm.so+0x48f932]  report_vm_out_of_memory(char const*, int, unsigned long, char const*)+0x92
V  [libjvm.so+0x7fd56b]  os::pd_commit_memory(char*, unsigned long, unsigned long, bool)+0xeb
V  [libjvm.so+0x7f7c4e]  os::commit_memory(char*, unsigned long, unsigned long, bool)+0x2e
V  [libjvm.so+0x86a56b]  PSVirtualSpace::expand_by(unsigned long)+0x5b
V  [libjvm.so+0x858d5a]  PSOldGen::expand_by(unsigned long) [clone .part.29]+0x2a
V  [libjvm.so+0x858f10]  PSOldGen::expand(unsigned long) [clone .part.30]+0xc0
V  [libjvm.so+0x859ea8]  PSOldGen::resize(unsigned long)+0x198
V  [libjvm.so+0x861524]  PSParallelCompact::invoke_no_policy(bool) [clone .part.122]+0x994
V  [libjvm.so+0x867e85]  PSScavenge::invoke()+0x1a5
V  [libjvm.so+0x81fb73]  ParallelScavengeHeap::failed_mem_allocate(unsigned long)+0x63
V  [libjvm.so+0x98ba32]  VM_ParallelGCFailedAllocation::doit()+0x92
V  [libjvm.so+0x9902e7]  VM_Operation::evaluate()+0x47
V  [libjvm.so+0x98e8cb]  VMThread::evaluate_operation(VM_Operation*)+0xab
V  [libjvm.so+0x98ef76]  VMThread::loop()+0x1e6
V  [libjvm.so+0x98f441]  VMThread::run()+0x81
V  [libjvm.so+0x7fa492]  java_start(Thread*)+0xf2

VM_Operation (0x00007f1bbb8beeb0): ParallelGCFailedAllocation, mode: safepoint, requested by thread 0x00007f1bb400a000


---------------  P R O C E S S  ---------------

Java Threads: ( => current thread )
  0x00007f1bb40af000 JavaThread "Service Thread" daemon [_thread_blocked, id=6991, stack(0x00007f1ba185f000,0x00007f1ba1960000)]
  0x00007f1bb40ac800 JavaThread "C2 CompilerThread1" daemon [_thread_blocked, id=6990, stack(0x00007f1ba1960000,0x00007f1ba1a61000)]
  0x00007f1bb40a9800 JavaThread "C2 CompilerThread0" daemon [_thread_blocked, id=6989, stack(0x00007f1ba1a61000,0x00007f1ba1b62000)]
  0x00007f1bb40a7800 JavaThread "Signal Dispatcher" daemon [_thread_blocked, id=6988, stack(0x00007f1ba1b62000,0x00007f1ba1c63000)]
  0x00007f1bb407c800 JavaThread "Finalizer" daemon [_thread_blocked, id=6987, stack(0x00007f1ba2345000,0x00007f1ba2446000)]
  0x00007f1bb407a800 JavaThread "Reference Handler" daemon [_thread_blocked, id=6986, stack(0x00007f1ba2446000,0x00007f1ba2547000)]
  0x00007f1bb400a000 JavaThread "main" [_thread_blocked, id=6980, stack(0x00007f1bbb7c0000,0x00007f1bbb8c1000)]

Other Threads:
=>0x00007f1bb4076000 VMThread [stack: 0x00007f1ba2547000,0x00007f1ba2648000] [id=6985]
  0x00007f1bb40ba000 WatcherThread [stack: 0x00007f1ba175e000,0x00007f1ba185f000] [id=6992]

VM state:at safepoint (normal execution)

VM Mutex/Monitor currently owned by a thread:  ([mutex/lock_event])
[0x00007f1bb40062b0] ExpandHeap_lock - owner thread: 0x00007f1bb4076000
[0x00007f1bb4006930] Threads_lock - owner thread: 0x00007f1bb4076000
[0x00007f1bb4006e30] Heap_lock - owner thread: 0x00007f1bb400a000

Heap
 PSYoungGen      total 509952K, used 46107K [0x00000007aaa80000, 0x00000007d8200000, 0x0000000800000000)
  eden space 432128K, 0% used [0x00000007aaa80000,0x00000007aaa80000,0x00000007c5080000)
  from space 77824K, 59% used [0x00000007c5080000,0x00000007c7d86c38,0x00000007c9c80000)
  to   space 88064K, 0% used [0x00000007d2c00000,0x00000007d2c00000,0x00000007d8200000)
 ParOldGen       total 269824K, used 269558K [0x0000000700000000, 0x0000000710780000, 0x00000007aaa80000)
  object space 269824K, 99% used [0x0000000700000000,0x000000071073d998,0x0000000710780000)
 PSPermGen       total 21504K, used 6254K [0x00000006f5a00000, 0x00000006f6f00000, 0x0000000700000000)
  object space 21504K, 29% used [0x00000006f5a00000,0x00000006f601bb50,0x00000006f6f00000)

Card table byte_map: [0x00007f1bb07ac000,0x00007f1bb1000000] byte_map_base: 0x00007f1bacfff000

Polling page: 0x00007f1bbb8e4000

Code Cache  [0x00007f1bb1000000, 0x00007f1bb1420000, 0x00007f1bb4000000)
 total_blobs=1250 nmethods=1022 adapters=181 free_code_cache=45025Kb largest_free_block=46051712

Compilation events (10 events):
Event: 13.179 Thread 0x00007f1bb40a9800 1039             com.android.dx.dex.file.ClassDataItem::addVirtualMethod (24 bytes)
Event: 13.181 Thread 0x00007f1bb40a9800 nmethod 1039 0x00007f1bb12f1a10 code [0x00007f1bb12f1b80, 0x00007f1bb12f1d68]
Event: 13.198 Thread 0x00007f1bb40ac800 1040             java.util.zip.ZipFile::access$000 (5 bytes)
Event: 13.198 Thread 0x00007f1bb40ac800 nmethod 1040 0x00007f1bb14016d0 code [0x00007f1bb1401800, 0x00007f1bb1401858]
Event: 13.199 Thread 0x00007f1bb40a9800 1041             com.android.dx.rop.code.LocalItem::compareHandlesNulls (25 bytes)
Event: 13.200 Thread 0x00007f1bb40a9800 nmethod 1041 0x00007f1bb13fe0d0 code [0x00007f1bb13fe220, 0x00007f1bb13fe3d8]
Event: 13.310 Thread 0x00007f1bb40ac800 1042             com.android.dx.rop.code.LocalItem::compareTo (9 bytes)
Event: 13.311 Thread 0x00007f1bb40ac800 nmethod 1042 0x00007f1bb1409450 code [0x00007f1bb14095a0, 0x00007f1bb1409978]
Event: 66.296 Thread 0x00007f1bb40a9800 1043             sun.misc.VM::addFinalRefCount (24 bytes)
Event: 67.205 Thread 0x00007f1bb40ac800 1044             com.android.dx.cf.direct.StdAttributeFactory::parse0 (532 bytes)

GC Heap History (10 events):
Event: 8.373 GC heap after
Heap after GC invocations=11 (full 1):
 PSYoungGen      total 369152K, used 54774K [0x00000007aaa80000, 0x00000007c8f80000, 0x0000000800000000)
  eden space 314368K, 0% used [0x00000007aaa80000,0x00000007aaa80000,0x00000007bdd80000)
  from space 54784K, 99% used [0x00000007c5a00000,0x00000007c8f7da30,0x00000007c8f80000)
  to   space 68096K, 0% used [0x00000007c0a80000,0x00000007c0a80000,0x00000007c4d00000)
 ParOldGen       total 154112K, used 95827K [0x0000000700000000, 0x0000000709680000, 0x00000007aaa80000)
  object space 154112K, 62% used [0x0000000700000000,0x0000000705d94fe0,0x0000000709680000)
 PSPermGen       total 21504K, used 6106K [0x00000006f5a00000, 0x00000006f6f00000, 0x0000000700000000)
  object space 21504K, 28% used [0x00000006f5a00000,0x00000006f5ff6b50,0x00000006f6f00000)
}
Event: 9.455 GC heap before
{Heap before GC invocations=12 (full 1):
 PSYoungGen      total 369152K, used 369142K [0x00000007aaa80000, 0x00000007c8f80000, 0x0000000800000000)
  eden space 314368K, 100% used [0x00000007aaa80000,0x00000007bdd80000,0x00000007bdd80000)
  from space 54784K, 99% used [0x00000007c5a00000,0x00000007c8f7da30,0x00000007c8f80000)
  to   space 68096K, 0% used [0x00000007c0a80000,0x00000007c0a80000,0x00000007c4d00000)
 ParOldGen       total 154112K, used 95827K [0x0000000700000000, 0x0000000709680000, 0x00000007aaa80000)
  object space 154112K, 62% used [0x0000000700000000,0x0000000705d94fe0,0x0000000709680000)
 PSPermGen       total 21504K, used 6120K [0x00000006f5a00000, 0x00000006f6f00000, 0x0000000700000000)
  object space 21504K, 28% used [0x00000006f5a00000,0x00000006f5ffa3f0,0x00000006f6f00000)
Event: 10.204 GC heap after
Heap after GC invocations=12 (full 1):
 PSYoungGen      total 428544K, used 50790K [0x00000007aaa80000, 0x00000007ce380000, 0x0000000800000000)
  eden space 360448K, 0% used [0x00000007aaa80000,0x00000007aaa80000,0x00000007c0a80000)
  from space 68096K, 74% used [0x00000007c0a80000,0x00000007c3c19af8,0x00000007c4d00000)
  to   space 72704K, 0% used [0x00000007c9c80000,0x00000007c9c80000,0x00000007ce380000)
 ParOldGen       total 154112K, used 150068K [0x0000000700000000, 0x0000000709680000, 0x00000007aaa80000)
  object space 154112K, 97% used [0x0000000700000000,0x000000070928d030,0x0000000709680000)
 PSPermGen       total 21504K, used 6120K [0x00000006f5a00000, 0x00000006f6f00000, 0x0000000700000000)
  object space 21504K, 28% used [0x00000006f5a00000,0x00000006f5ffa3f0,0x00000006f6f00000)
}
Event: 10.204 GC heap before
{Heap before GC invocations=13 (full 2):
 PSYoungGen      total 428544K, used 50790K [0x00000007aaa80000, 0x00000007ce380000, 0x0000000800000000)
  eden space 360448K, 0% used [0x00000007aaa80000,0x00000007aaa80000,0x00000007c0a80000)
  from space 68096K, 74% used [0x00000007c0a80000,0x00000007c3c19af8,0x00000007c4d00000)
  to   space 72704K, 0% used [0x00000007c9c80000,0x00000007c9c80000,0x00000007ce380000)
 ParOldGen       total 154112K, used 150068K [0x0000000700000000, 0x0000000709680000, 0x00000007aaa80000)
  object space 154112K, 97% used [0x0000000700000000,0x000000070928d030,0x0000000709680000)
 PSPermGen       total 21504K, used 6120K [0x00000006f5a00000, 0x00000006f6f00000, 0x0000000700000000)
  object space 21504K, 28% used [0x00000006f5a00000,0x00000006f5ffa3f0,0x00000006f6f00000)
Event: 12.263 GC heap after
Heap after GC invocations=13 (full 2):
 PSYoungGen      total 428544K, used 40783K [0x00000007aaa80000, 0x00000007ce380000, 0x0000000800000000)
  eden space 360448K, 0% used [0x00000007aaa80000,0x00000007aaa80000,0x00000007c0a80000)
  from space 68096K, 59% used [0x00000007c0a80000,0x00000007c3253c60,0x00000007c4d00000)
  to   space 72704K, 0% used [0x00000007c9c80000,0x00000007c9c80000,0x00000007ce380000)
 ParOldGen       total 269824K, used 153915K [0x0000000700000000, 0x0000000710780000, 0x00000007aaa80000)
  object space 269824K, 57% used [0x0000000700000000,0x000000070964ecc8,0x0000000710780000)
 PSPermGen       total 21504K, used 6120K [0x00000006f5a00000, 0x00000006f6f00000, 0x0000000700000000)
  object space 21504K, 28% used [0x00000006f5a00000,0x00000006f5ffa2d0,0x00000006f6f00000)
}
Event: 13.476 GC heap before
{Heap before GC invocations=14 (full 2):
 PSYoungGen      total 428544K, used 401231K [0x00000007aaa80000, 0x00000007ce380000, 0x0000000800000000)
  eden space 360448K, 100% used [0x00000007aaa80000,0x00000007c0a80000,0x00000007c0a80000)
  from space 68096K, 59% used [0x00000007c0a80000,0x00000007c3253c60,0x00000007c4d00000)
  to   space 72704K, 0% used [0x00000007c9c80000,0x00000007c9c80000,0x00000007ce380000)
 ParOldGen       total 269824K, used 153915K [0x0000000700000000, 0x0000000710780000, 0x00000007aaa80000)
  object space 269824K, 57% used [0x0000000700000000,0x000000070964ecc8,0x0000000710780000)
 PSPermGen       total 21504K, used 6238K [0x00000006f5a00000, 0x00000006f6f00000, 0x0000000700000000)
  object space 21504K, 29% used [0x00000006f5a00000,0x00000006f6017bc0,0x00000006f6f00000)
Event: 64.646 GC heap after
Heap after GC invocations=14 (full 2):
 PSYoungGen      total 504832K, used 54897K [0x00000007aaa80000, 0x00000007d1b80000, 0x0000000800000000)
  eden space 432128K, 0% used [0x00000007aaa80000,0x00000007aaa80000,0x00000007c5080000)
  from space 72704K, 75% used [0x00000007c9c80000,0x00000007cd21c650,0x00000007ce380000)
  to   space 77824K, 0% used [0x00000007c5080000,0x00000007c5080000,0x00000007c9c80000)
 ParOldGen       total 269824K, used 193362K [0x0000000700000000, 0x0000000710780000, 0x00000007aaa80000)
  object space 269824K, 71% used [0x0000000700000000,0x000000070bcd4880,0x0000000710780000)
 PSPermGen       total 21504K, used 6238K [0x00000006f5a00000, 0x00000006f6f00000, 0x0000000700000000)
  object space 21504K, 29% used [0x00000006f5a00000,0x00000006f6017bc0,0x00000006f6f00000)
}
Event: 69.470 GC heap before
{Heap before GC invocations=15 (full 2):
 PSYoungGen      total 504832K, used 487025K [0x00000007aaa80000, 0x00000007d1b80000, 0x0000000800000000)
  eden space 432128K, 100% used [0x00000007aaa80000,0x00000007c5080000,0x00000007c5080000)
  from space 72704K, 75% used [0x00000007c9c80000,0x00000007cd21c650,0x00000007ce380000)
  to   space 77824K, 0% used [0x00000007c5080000,0x00000007c5080000,0x00000007c9c80000)
 ParOldGen       total 269824K, used 193362K [0x0000000700000000, 0x0000000710780000, 0x00000007aaa80000)
  object space 269824K, 71% used [0x0000000700000000,0x000000070bcd4880,0x0000000710780000)
 PSPermGen       total 21504K, used 6254K [0x00000006f5a00000, 0x00000006f6f00000, 0x0000000700000000)
  object space 21504K, 29% used [0x00000006f5a00000,0x00000006f601bbd0,0x00000006f6f00000)
Event: 70.291 GC heap after
Heap after GC invocations=15 (full 2):
 PSYoungGen      total 509952K, used 72035K [0x00000007aaa80000, 0x00000007d8200000, 0x0000000800000000)
  eden space 432128K, 0% used [0x00000007aaa80000,0x00000007aaa80000,0x00000007c5080000)
  from space 77824K, 92% used [0x00000007c5080000,0x00000007c96d8d20,0x00000007c9c80000)
  to   space 88064K, 0% used [0x00000007d2c00000,0x00000007d2c00000,0x00000007d8200000)
 ParOldGen       total 269824K, used 246374K [0x0000000700000000, 0x0000000710780000, 0x00000007aaa80000)
  object space 269824K, 91% used [0x0000000700000000,0x000000070f099950,0x0000000710780000)
 PSPermGen       total 21504K, used 6254K [0x00000006f5a00000, 0x00000006f6f00000, 0x0000000700000000)
  object space 21504K, 29% used [0x00000006f5a00000,0x00000006f601bbd0,0x00000006f6f00000)
}
Event: 72.013 GC heap before
{Heap before GC invocations=16 (full 3):
 PSYoungGen      total 509952K, used 72035K [0x00000007aaa80000, 0x00000007d8200000, 0x0000000800000000)
  eden space 432128K, 0% used [0x00000007aaa80000,0x00000007aaa80000,0x00000007c5080000)
  from space 77824K, 92% used [0x00000007c5080000,0x00000007c96d8d20,0x00000007c9c80000)
  to   space 88064K, 0% used [0x00000007d2c00000,0x00000007d2c00000,0x00000007d8200000)
 ParOldGen       total 269824K, used 246374K [0x0000000700000000, 0x0000000710780000, 0x00000007aaa80000)
  object space 269824K, 91% used [0x0000000700000000,0x000000070f099950,0x0000000710780000)
 PSPermGen       total 21504K, used 6254K [0x00000006f5a00000, 0x00000006f6f00000, 0x0000000700000000)
  object space 21504K, 29% used [0x00000006f5a00000,0x00000006f601bbd0,0x00000006f6f00000)

Deoptimization events (10 events):
Event: 12.386 Thread 0x00007f1bb400a000 Uncommon trap: reason=unreached action=reinterpret pc=0x00007f1bb1274ca8 method=com.android.dx.cf.direct.StdAttributeFactory.parse0(Lcom/android/dx/cf/direct/DirectClassFile;ILjava/lang/String;IILcom/android/dx/cf/iface/ParseObserver;)Lcom/android/dx/cf/i
Event: 12.558 Thread 0x00007f1bb400a000 Uncommon trap: reason=unloaded action=reinterpret pc=0x00007f1bb1328fdc method=com.android.dx.dex.cf.AttributeTranslator.getClassAnnotations(Lcom/android/dx/cf/direct/DirectClassFile;Lcom/android/dx/dex/cf/CfOptions;)Lcom/android/dx/rop/annotation/Annotat
Event: 12.618 Thread 0x00007f1bb400a000 Uncommon trap: reason=unreached action=reinterpret pc=0x00007f1bb1356658 method=com.android.dx.util.IntList.equals(Ljava/lang/Object;)Z @ 2
Event: 12.618 Thread 0x00007f1bb400a000 Uncommon trap: reason=class_check action=maybe_recompile pc=0x00007f1bb114b16c method=com.android.dx.cf.code.BaseMachine.localArg(Lcom/android/dx/cf/code/Frame;I)V @ 14
Event: 12.618 Thread 0x00007f1bb400a000 Uncommon trap: reason=class_check action=maybe_recompile pc=0x00007f1bb114b16c method=com.android.dx.cf.code.BaseMachine.localArg(Lcom/android/dx/cf/code/Frame;I)V @ 14
Event: 12.618 Thread 0x00007f1bb400a000 Uncommon trap: reason=class_check action=maybe_recompile pc=0x00007f1bb114b16c method=com.android.dx.cf.code.BaseMachine.localArg(Lcom/android/dx/cf/code/Frame;I)V @ 14
Event: 12.619 Thread 0x00007f1bb400a000 Uncommon trap: reason=unreached action=reinterpret pc=0x00007f1bb10d5a24 method=com.android.dx.util.IntList.equals(Ljava/lang/Object;)Z @ 2
Event: 68.268 Thread 0x00007f1bb400a000 Uncommon trap: reason=class_check action=maybe_recompile pc=0x00007f1bb11d9434 method=com.android.dx.ssa.SCCP.replaceConstants()V @ 182
Event: 68.359 Thread 0x00007f1bb400a000 Uncommon trap: reason=unreached action=reinterpret pc=0x00007f1bb13a8f90 method=com.android.dx.rop.code.LocalItem.compareHandlesNulls(Lcom/android/dx/rop/cst/CstString;Lcom/android/dx/rop/cst/CstString;)I @ 14
Event: 68.359 Thread 0x00007f1bb400a000 Uncommon trap: reason=unreached action=reinterpret pc=0x00007f1bb1409940 method=com.android.dx.rop.code.LocalItem.compareHandlesNulls(Lcom/android/dx/rop/cst/CstString;Lcom/android/dx/rop/cst/CstString;)I @ 14

Internal exceptions (10 events):
Event: 5.971 Thread 0x00007f1bb400a000 Implicit null exception at 0x00007f1bb12dbe03 to 0x00007f1bb12dd1bd
Event: 8.688 Thread 0x00007f1bb400a000 Implicit null exception at 0x00007f1bb12e18e2 to 0x00007f1bb12e260f
Event: 8.806 Thread 0x00007f1bb400a000 Threw 0x00000007b40455b0 at /build/openjdk-7-yI9zWD/openjdk-7-7u79-2.5.6/build/openjdk/hotspot/src/share/vm/prims/jvm.cpp:1284
Event: 8.973 Thread 0x00007f1bb400a000 Implicit null exception at 0x00007f1bb12c09a5 to 0x00007f1bb12c0b91
Event: 8.973 Thread 0x00007f1bb400a000 Implicit null exception at 0x00007f1bb1184a9b to 0x00007f1bb1185879
Event: 8.974 Thread 0x00007f1bb400a000 Implicit null exception at 0x00007f1bb123dbb1 to 0x00007f1bb123dd81
Event: 8.974 Thread 0x00007f1bb400a000 Implicit null exception at 0x00007f1bb12176f5 to 0x00007f1bb1217855
Event: 9.234 Thread 0x00007f1bb400a000 Threw 0x00000007babb3e10 at /build/openjdk-7-yI9zWD/openjdk-7-7u79-2.5.6/build/openjdk/hotspot/src/share/vm/prims/jvm.cpp:1284
Event: 68.359 Thread 0x00007f1bb400a000 Implicit null exception at 0x00007f1bb13a82dc to 0x00007f1bb13a8f65
Event: 68.359 Thread 0x00007f1bb400a000 Implicit null exception at 0x00007f1bb1409752 to 0x00007f1bb140992d

Events (10 events):
Event: 68.268 Thread 0x00007f1bb400a000 Uncommon trap: trap_request=0xffffffde fr.pc=0x00007f1bb11d9434
Event: 68.268 Thread 0x00007f1bb400a000 DEOPT PACKING pc=0x00007f1bb11d9434 sp=0x00007f1bbb8bf080
Event: 68.276 Thread 0x00007f1bb400a000 DEOPT UNPACKING pc=0x00007f1bb1039445 sp=0x00007f1bbb8beff8 mode 2
Event: 68.359 Thread 0x00007f1bb400a000 Uncommon trap: trap_request=0xffffffad fr.pc=0x00007f1bb13a8f90
Event: 68.359 Thread 0x00007f1bb400a000 DEOPT PACKING pc=0x00007f1bb13a8f90 sp=0x00007f1bbb8beff0
Event: 68.359 Thread 0x00007f1bb400a000 DEOPT UNPACKING pc=0x00007f1bb1039445 sp=0x00007f1bbb8bedb8 mode 2
Event: 68.359 Thread 0x00007f1bb400a000 Uncommon trap: trap_request=0xffffffad fr.pc=0x00007f1bb1409940
Event: 68.359 Thread 0x00007f1bb400a000 DEOPT PACKING pc=0x00007f1bb1409940 sp=0x00007f1bbb8bef20
Event: 68.359 Thread 0x00007f1bb400a000 DEOPT UNPACKING pc=0x00007f1bb1039445 sp=0x00007f1bbb8bee20 mode 2
Event: 69.470 Executing VM operation: ParallelGCFailedAllocation


Dynamic libraries:
00400000-00401000 r-xp 00000000 08:01 20712222                           /usr/lib/jvm/java-7-openjdk-amd64/jre/bin/java
00600000-00601000 r--p 00000000 08:01 20712222                           /usr/lib/jvm/java-7-openjdk-amd64/jre/bin/java
00601000-00602000 rw-p 00001000 08:01 20712222                           /usr/lib/jvm/java-7-openjdk-amd64/jre/bin/java
01dfe000-01e1f000 rw-p 00000000 00:00 0                                  [heap]
6f5a00000-6f6f00000 rw-p 00000000 00:00 0 
6f6f00000-700000000 rw-p 00000000 00:00 0 
700000000-710780000 rw-p 00000000 00:00 0 
719b80000-7aaa80000 rw-p 00000000 00:00 0 
7aaa80000-7d8200000 rw-p 00000000 00:00 0 
7d8200000-800000000 rw-p 00000000 00:00 0 
7f1b6c000000-7f1b6c021000 rw-p 00000000 00:00 0 
7f1b6c021000-7f1b70000000 ---p 00000000 00:00 0 
7f1b74000000-7f1b75ab9000 rw-p 00000000 00:00 0 
7f1b75ab9000-7f1b78000000 ---p 00000000 00:00 0 
7f1b78000000-7f1b78021000 rw-p 00000000 00:00 0 
7f1b78021000-7f1b7c000000 ---p 00000000 00:00 0 
7f1b7c000000-7f1b7c021000 rw-p 00000000 00:00 0 
7f1b7c021000-7f1b80000000 ---p 00000000 00:00 0 
7f1b80000000-7f1b813a5000 rw-p 00000000 00:00 0 
7f1b813a5000-7f1b84000000 ---p 00000000 00:00 0 
7f1b84000000-7f1b84021000 rw-p 00000000 00:00 0 
7f1b84021000-7f1b88000000 ---p 00000000 00:00 0 
7f1b88000000-7f1b88021000 rw-p 00000000 00:00 0 
7f1b88021000-7f1b8c000000 ---p 00000000 00:00 0 
7f1b8c000000-7f1b8c247000 rw-p 00000000 00:00 0 
7f1b8c247000-7f1b90000000 ---p 00000000 00:00 0 
7f1b93562000-7f1b93863000 rw-p 00000000 00:00 0 
7f1b93863000-7f1b938cf000 r-xp 00000000 08:01 22020192                   /lib/x86_64-linux-gnu/libpcre.so.3.13.1
7f1b938cf000-7f1b93ace000 ---p 0006c000 08:01 22020192                   /lib/x86_64-linux-gnu/libpcre.so.3.13.1
7f1b93ace000-7f1b93acf000 r--p 0006b000 08:01 22020192                   /lib/x86_64-linux-gnu/libpcre.so.3.13.1
7f1b93acf000-7f1b93ad0000 rw-p 0006c000 08:01 22020192                   /lib/x86_64-linux-gnu/libpcre.so.3.13.1
7f1b93ad0000-7f1b9c000000 rw-p 00000000 00:00 0 
7f1b9c000000-7f1b9c021000 rw-p 00000000 00:00 0 
7f1b9c021000-7f1ba0000000 ---p 00000000 00:00 0 
7f1ba011c000-7f1ba0123000 r-xp 00000000 08:01 20455638                   /usr/lib/x86_64-linux-gnu/libffi.so.6.0.4
7f1ba0123000-7f1ba0322000 ---p 00007000 08:01 20455638                   /usr/lib/x86_64-linux-gnu/libffi.so.6.0.4
7f1ba0322000-7f1ba0323000 r--p 00006000 08:01 20455638                   /usr/lib/x86_64-linux-gnu/libffi.so.6.0.4
7f1ba0323000-7f1ba0324000 rw-p 00007000 08:01 20455638                   /usr/lib/x86_64-linux-gnu/libffi.so.6.0.4
7f1ba0324000-7f1ba033b000 r-xp 00000000 08:01 22024473                   /lib/x86_64-linux-gnu/libresolv-2.21.so
7f1ba033b000-7f1ba053b000 ---p 00017000 08:01 22024473                   /lib/x86_64-linux-gnu/libresolv-2.21.so
7f1ba053b000-7f1ba053d000 r--p 00017000 08:01 22024473                   /lib/x86_64-linux-gnu/libresolv-2.21.so
7f1ba053d000-7f1ba053e000 rw-p 00019000 08:01 22024473                   /lib/x86_64-linux-gnu/libresolv-2.21.so
7f1ba053e000-7f1ba0540000 rw-p 00000000 00:00 0 
7f1ba0540000-7f1ba0561000 r-xp 00000000 08:01 22024477                   /lib/x86_64-linux-gnu/libselinux.so.1
7f1ba0561000-7f1ba0760000 ---p 00021000 08:01 22024477                   /lib/x86_64-linux-gnu/libselinux.so.1
7f1ba0760000-7f1ba0761000 r--p 00020000 08:01 22024477                   /lib/x86_64-linux-gnu/libselinux.so.1
7f1ba0761000-7f1ba0762000 rw-p 00021000 08:01 22024477                   /lib/x86_64-linux-gnu/libselinux.so.1
7f1ba0762000-7f1ba0764000 rw-p 00000000 00:00 0 
7f1ba0764000-7f1ba0767000 r-xp 00000000 08:01 20447655                   /usr/lib/x86_64-linux-gnu/libgmodule-2.0.so.0.4400.1
7f1ba0767000-7f1ba0966000 ---p 00003000 08:01 20447655                   /usr/lib/x86_64-linux-gnu/libgmodule-2.0.so.0.4400.1
7f1ba0966000-7f1ba0967000 r--p 00002000 08:01 20447655                   /usr/lib/x86_64-linux-gnu/libgmodule-2.0.so.0.4400.1
7f1ba0967000-7f1ba0968000 rw-p 00003000 08:01 20447655                   /usr/lib/x86_64-linux-gnu/libgmodule-2.0.so.0.4400.1
7f1ba0968000-7f1ba0a75000 r-xp 00000000 08:01 22024241                   /lib/x86_64-linux-gnu/libglib-2.0.so.0.4400.1
7f1ba0a75000-7f1ba0c74000 ---p 0010d000 08:01 22024241                   /lib/x86_64-linux-gnu/libglib-2.0.so.0.4400.1
7f1ba0c74000-7f1ba0c75000 r--p 0010c000 08:01 22024241                   /lib/x86_64-linux-gnu/libglib-2.0.so.0.4400.1
7f1ba0c75000-7f1ba0c76000 rw-p 0010d000 08:01 22024241                   /lib/x86_64-linux-gnu/libglib-2.0.so.0.4400.1
7f1ba0c76000-7f1ba0c77000 rw-p 00000000 00:00 0 
7f1ba0c77000-7f1ba0cc7000 r-xp 00000000 08:01 20447615                   /usr/lib/x86_64-linux-gnu/libgobject-2.0.so.0.4400.1
7f1ba0cc7000-7f1ba0ec7000 ---p 00050000 08:01 20447615                   /usr/lib/x86_64-linux-gnu/libgobject-2.0.so.0.4400.1
7f1ba0ec7000-7f1ba0ec8000 r--p 00050000 08:01 20447615                   /usr/lib/x86_64-linux-gnu/libgobject-2.0.so.0.4400.1
7f1ba0ec8000-7f1ba0ec9000 rw-p 00051000 08:01 20447615                   /usr/lib/x86_64-linux-gnu/libgobject-2.0.so.0.4400.1
7f1ba0ec9000-7f1ba1041000 r-xp 00000000 08:01 20447637                   /usr/lib/x86_64-linux-gnu/libgio-2.0.so.0.4400.1
7f1ba1041000-7f1ba1241000 ---p 00178000 08:01 20447637                   /usr/lib/x86_64-linux-gnu/libgio-2.0.so.0.4400.1
7f1ba1241000-7f1ba1245000 r--p 00178000 08:01 20447637                   /usr/lib/x86_64-linux-gnu/libgio-2.0.so.0.4400.1
7f1ba1245000-7f1ba1247000 rw-p 0017c000 08:01 20447637                   /usr/lib/x86_64-linux-gnu/libgio-2.0.so.0.4400.1
7f1ba1247000-7f1ba1249000 rw-p 00000000 00:00 0 
7f1ba1268000-7f1ba127f000 r-xp 00000000 08:01 20587083                   /usr/lib/jvm/java-7-openjdk-amd64/jre/lib/amd64/libnet.so
7f1ba127f000-7f1ba147e000 ---p 00017000 08:01 20587083                   /usr/lib/jvm/java-7-openjdk-amd64/jre/lib/amd64/libnet.so
7f1ba147e000-7f1ba147f000 r--p 00016000 08:01 20587083                   /usr/lib/jvm/java-7-openjdk-amd64/jre/lib/amd64/libnet.so
7f1ba147f000-7f1ba1480000 rw-p 00017000 08:01 20587083                   /usr/lib/jvm/java-7-openjdk-amd64/jre/lib/amd64/libnet.so
7f1ba1480000-7f1ba1491000 r-xp 00000000 08:01 20587088                   /usr/lib/jvm/java-7-openjdk-amd64/jre/lib/amd64/libnio.so
7f1ba1491000-7f1ba1690000 ---p 00011000 08:01 20587088                   /usr/lib/jvm/java-7-openjdk-amd64/jre/lib/amd64/libnio.so
7f1ba1690000-7f1ba1691000 r--p 00010000 08:01 20587088                   /usr/lib/jvm/java-7-openjdk-amd64/jre/lib/amd64/libnio.so
7f1ba1691000-7f1ba1692000 rw-p 00011000 08:01 20587088                   /usr/lib/jvm/java-7-openjdk-amd64/jre/lib/amd64/libnio.so
7f1ba1692000-7f1ba175e000 r--s 0093b000 08:01 30278772                   /home/sharan/Dropbox/Muser/muser/build/intermediates/multi-dex/debug/allclasses.jar
7f1ba175e000-7f1ba175f000 ---p 00000000 00:00 0 
7f1ba175f000-7f1ba185f000 rw-p 00000000 00:00 0                          [stack:6992]
7f1ba185f000-7f1ba1862000 ---p 00000000 00:00 0 
7f1ba1862000-7f1ba1960000 rw-p 00000000 00:00 0                          [stack:6991]
7f1ba1960000-7f1ba1963000 ---p 00000000 00:00 0 
7f1ba1963000-7f1ba1a61000 rw-p 00000000 00:00 0                          [stack:6990]
7f1ba1a61000-7f1ba1a64000 ---p 00000000 00:00 0 
7f1ba1a64000-7f1ba1b62000 rw-p 00000000 00:00 0                          [stack:6989]
7f1ba1b62000-7f1ba1b65000 ---p 00000000 00:00 0 
7f1ba1b65000-7f1ba1c63000 rw-p 00000000 00:00 0                          [stack:6988]
7f1ba1c63000-7f1ba2345000 r--p 00000000 08:01 20454393                   /usr/lib/locale/locale-archive
7f1ba2345000-7f1ba2348000 ---p 00000000 00:00 0 
7f1ba2348000-7f1ba2446000 rw-p 00000000 00:00 0                          [stack:6987]
7f1ba2446000-7f1ba2449000 ---p 00000000 00:00 0 
7f1ba2449000-7f1ba2547000 rw-p 00000000 00:00 0                          [stack:6986]
7f1ba2547000-7f1ba2548000 ---p 00000000 00:00 0 
7f1ba2548000-7f1ba35fc000 rw-p 00000000 00:00 0                          [stack:6985]
7f1ba35fc000-7f1ba37ad000 r--s 01d29000 08:01 20587021                   /usr/lib/jvm/java-7-openjdk-amd64/jre/lib/rt.jar
7f1ba37ad000-7f1ba4000000 rw-p 00000000 00:00 0 
7f1ba4000000-7f1ba4021000 rw-p 00000000 00:00 0 
7f1ba4021000-7f1ba8000000 ---p 00000000 00:00 0 
7f1ba8000000-7f1ba8021000 rw-p 00000000 00:00 0 
7f1ba8021000-7f1bac000000 ---p 00000000 00:00 0 
7f1bac000000-7f1bac021000 rw-p 00000000 00:00 0 
7f1bac021000-7f1bb0000000 ---p 00000000 00:00 0 
7f1bb0013000-7f1bb0155000 rw-p 00000000 00:00 0 
7f1bb0155000-7f1bb0156000 ---p 00000000 00:00 0 
7f1bb0156000-7f1bb02da000 rw-p 00000000 00:00 0                          [stack:6984]
7f1bb02da000-7f1bb07ac000 rw-p 00000000 00:00 0 
7f1bb07ac000-7f1bb07b7000 rw-p 00000000 00:00 0 
7f1bb07b7000-7f1bb07ff000 rw-p 00000000 00:00 0 
7f1bb07ff000-7f1bb0883000 rw-p 00000000 00:00 0 
7f1bb0883000-7f1bb0d54000 rw-p 00000000 00:00 0 
7f1bb0d54000-7f1bb0ec0000 rw-p 00000000 00:00 0 
7f1bb0ec0000-7f1bb0fff000 rw-p 00000000 00:00 0 
7f1bb0fff000-7f1bb1000000 rw-p 00000000 00:00 0 
7f1bb1000000-7f1bb1420000 rwxp 00000000 00:00 0 
7f1bb1420000-7f1bb4306000 rw-p 00000000 00:00 0 
7f1bb4306000-7f1bb8000000 ---p 00000000 00:00 0 
7f1bb8004000-7f1bb8058000 rw-p 00000000 00:00 0 
7f1bb8058000-7f1bb8059000 ---p 00000000 00:00 0 
7f1bb8059000-7f1bb8159000 rw-p 00000000 00:00 0                          [stack:6983]
7f1bb8159000-7f1bb815a000 ---p 00000000 00:00 0 
7f1bb815a000-7f1bb825a000 rw-p 00000000 00:00 0                          [stack:6982]
7f1bb825a000-7f1bb825b000 ---p 00000000 00:00 0 
7f1bb825b000-7f1bb8366000 rw-p 00000000 00:00 0                          [stack:6981]
7f1bb8366000-7f1bb83ae000 rw-p 00000000 00:00 0 
7f1bb83ae000-7f1bb83b6000 r-xp 00000000 08:01 20587054                   /usr/lib/jvm/java-7-openjdk-amd64/jre/lib/amd64/libzip.so
7f1bb83b6000-7f1bb85b5000 ---p 00008000 08:01 20587054                   /usr/lib/jvm/java-7-openjdk-amd64/jre/lib/amd64/libzip.so
7f1bb85b5000-7f1bb85b6000 r--p 00007000 08:01 20587054                   /usr/lib/jvm/java-7-openjdk-amd64/jre/lib/amd64/libzip.so
7f1bb85b6000-7f1bb85b7000 rw-p 00008000 08:01 20587054                   /usr/lib/jvm/java-7-openjdk-amd64/jre/lib/amd64/libzip.so
7f1bb85b7000-7f1bb85c3000 r-xp 00000000 08:01 22024420                   /lib/x86_64-linux-gnu/libnss_files-2.21.so
7f1bb85c3000-7f1bb87c2000 ---p 0000c000 08:01 22024420                   /lib/x86_64-linux-gnu/libnss_files-2.21.so
7f1bb87c2000-7f1bb87c3000 r--p 0000b000 08:01 22024420                   /lib/x86_64-linux-gnu/libnss_files-2.21.so
7f1bb87c3000-7f1bb87c4000 rw-p 0000c000 08:01 22024420                   /lib/x86_64-linux-gnu/libnss_files-2.21.so
7f1bb87c4000-7f1bb87cf000 r-xp 00000000 08:01 22024430                   /lib/x86_64-linux-gnu/libnss_nis-2.21.so
7f1bb87cf000-7f1bb89ce000 ---p 0000b000 08:01 22024430                   /lib/x86_64-linux-gnu/libnss_nis-2.21.so
7f1bb89ce000-7f1bb89cf000 r--p 0000a000 08:01 22024430                   /lib/x86_64-linux-gnu/libnss_nis-2.21.so
7f1bb89cf000-7f1bb89d0000 rw-p 0000b000 08:01 22024430                   /lib/x86_64-linux-gnu/libnss_nis-2.21.so
7f1bb89d0000-7f1bb89e7000 r-xp 00000000 08:01 22024414                   /lib/x86_64-linux-gnu/libnsl-2.21.so
7f1bb89e7000-7f1bb8be6000 ---p 00017000 08:01 22024414                   /lib/x86_64-linux-gnu/libnsl-2.21.so
7f1bb8be6000-7f1bb8be7000 r--p 00016000 08:01 22024414                   /lib/x86_64-linux-gnu/libnsl-2.21.so
7f1bb8be7000-7f1bb8be8000 rw-p 00017000 08:01 22024414                   /lib/x86_64-linux-gnu/libnsl-2.21.so
7f1bb8be8000-7f1bb8bea000 rw-p 00000000 00:00 0 
7f1bb8bea000-7f1bb8bf2000 r-xp 00000000 08:01 22024416                   /lib/x86_64-linux-gnu/libnss_compat-2.21.so
7f1bb8bf2000-7f1bb8df1000 ---p 00008000 08:01 22024416                   /lib/x86_64-linux-gnu/libnss_compat-2.21.so
7f1bb8df1000-7f1bb8df2000 r--p 00007000 08:01 22024416                   /lib/x86_64-linux-gnu/libnss_compat-2.21.so
7f1bb8df2000-7f1bb8df3000 rw-p 00008000 08:01 22024416                   /lib/x86_64-linux-gnu/libnss_compat-2.21.so
7f1bb8df3000-7f1bb8e20000 r-xp 00000000 08:01 20587091                   /usr/lib/jvm/java-7-openjdk-amd64/jre/lib/amd64/libjava.so
7f1bb8e20000-7f1bb901f000 ---p 0002d000 08:01 20587091                   /usr/lib/jvm/java-7-openjdk-amd64/jre/lib/amd64/libjava.so
7f1bb901f000-7f1bb9020000 r--p 0002c000 08:01 20587091                   /usr/lib/jvm/java-7-openjdk-amd64/jre/lib/amd64/libjava.so
7f1bb9020000-7f1bb9022000 rw-p 0002d000 08:01 20587091                   /usr/lib/jvm/java-7-openjdk-amd64/jre/lib/amd64/libjava.so
7f1bb9022000-7f1bb9031000 r-xp 00000000 08:01 20587072                   /usr/lib/jvm/java-7-openjdk-amd64/jre/lib/amd64/libverify.so
7f1bb9031000-7f1bb9230000 ---p 0000f000 08:01 20587072                   /usr/lib/jvm/java-7-openjdk-amd64/jre/lib/amd64/libverify.so
7f1bb9230000-7f1bb9233000 r--p 0000e000 08:01 20587072                   /usr/lib/jvm/java-7-openjdk-amd64/jre/lib/amd64/libverify.so
7f1bb9233000-7f1bb9234000 rw-p 00011000 08:01 20587072                   /usr/lib/jvm/java-7-openjdk-amd64/jre/lib/amd64/libverify.so
7f1bb9234000-7f1bb923b000 r-xp 00000000 08:01 22024475                   /lib/x86_64-linux-gnu/librt-2.21.so
7f1bb923b000-7f1bb943a000 ---p 00007000 08:01 22024475                   /lib/x86_64-linux-gnu/librt-2.21.so
7f1bb943a000-7f1bb943b000 r--p 00006000 08:01 22024475                   /lib/x86_64-linux-gnu/librt-2.21.so
7f1bb943b000-7f1bb943c000 rw-p 00007000 08:01 22024475                   /lib/x86_64-linux-gnu/librt-2.21.so
7f1bb943c000-7f1bb9452000 r-xp 00000000 08:01 22024363                   /lib/x86_64-linux-gnu/libgcc_s.so.1
7f1bb9452000-7f1bb9651000 ---p 00016000 08:01 22024363                   /lib/x86_64-linux-gnu/libgcc_s.so.1
7f1bb9651000-7f1bb9652000 rw-p 00015000 08:01 22024363                   /lib/x86_64-linux-gnu/libgcc_s.so.1
7f1bb9652000-7f1bb9759000 r-xp 00000000 08:01 22024393                   /lib/x86_64-linux-gnu/libm-2.21.so
7f1bb9759000-7f1bb9958000 ---p 00107000 08:01 22024393                   /lib/x86_64-linux-gnu/libm-2.21.so
7f1bb9958000-7f1bb9959000 r--p 00106000 08:01 22024393                   /lib/x86_64-linux-gnu/libm-2.21.so
7f1bb9959000-7f1bb995a000 rw-p 00107000 08:01 22024393                   /lib/x86_64-linux-gnu/libm-2.21.so
7f1bb995a000-7f1bb9a4a000 r-xp 00000000 08:01 20456311                   /usr/lib/x86_64-linux-gnu/libstdc++.so.6.0.20
7f1bb9a4a000-7f1bb9c4a000 ---p 000f0000 08:01 20456311                   /usr/lib/x86_64-linux-gnu/libstdc++.so.6.0.20
7f1bb9c4a000-7f1bb9c52000 r--p 000f0000 08:01 20456311                   /usr/lib/x86_64-linux-gnu/libstdc++.so.6.0.20
7f1bb9c52000-7f1bb9c54000 rw-p 000f8000 08:01 20456311                   /usr/lib/x86_64-linux-gnu/libstdc++.so.6.0.20
7f1bb9c54000-7f1bb9c69000 rw-p 00000000 00:00 0 
7f1bb9c69000-7f1bba7c1000 r-xp 00000000 08:01 20587060                   /usr/lib/jvm/java-7-openjdk-amd64/jre/lib/amd64/server/libjvm.so
7f1bba7c1000-7f1bba9c0000 ---p 00b58000 08:01 20587060                   /usr/lib/jvm/java-7-openjdk-amd64/jre/lib/amd64/server/libjvm.so
7f1bba9c0000-7f1bbaa5f000 r--p 00b57000 08:01 20587060                   /usr/lib/jvm/java-7-openjdk-amd64/jre/lib/amd64/server/libjvm.so
7f1bbaa5f000-7f1bbaa82000 rw-p 00bf6000 08:01 20587060                   /usr/lib/jvm/java-7-openjdk-amd64/jre/lib/amd64/server/libjvm.so
7f1bbaa82000-7f1bbaaaf000 rw-p 00000000 00:00 0 
7f1bbaaaf000-7f1bbaac8000 r-xp 00000000 08:01 22024508                   /lib/x86_64-linux-gnu/libz.so.1.2.8
7f1bbaac8000-7f1bbacc8000 ---p 00019000 08:01 22024508                   /lib/x86_64-linux-gnu/libz.so.1.2.8
7f1bbacc8000-7f1bbacc9000 r--p 00019000 08:01 22024508                   /lib/x86_64-linux-gnu/libz.so.1.2.8
7f1bbacc9000-7f1bbacca000 rw-p 0001a000 08:01 22024508                   /lib/x86_64-linux-gnu/libz.so.1.2.8
7f1bbacca000-7f1bbace2000 r-xp 00000000 08:01 22024467                   /lib/x86_64-linux-gnu/libpthread-2.21.so
7f1bbace2000-7f1bbaee2000 ---p 00018000 08:01 22024467                   /lib/x86_64-linux-gnu/libpthread-2.21.so
7f1bbaee2000-7f1bbaee3000 r--p 00018000 08:01 22024467                   /lib/x86_64-linux-gnu/libpthread-2.21.so
7f1bbaee3000-7f1bbaee4000 rw-p 00019000 08:01 22024467                   /lib/x86_64-linux-gnu/libpthread-2.21.so
7f1bbaee4000-7f1bbaee8000 rw-p 00000000 00:00 0 
7f1bbaee8000-7f1bbaeeb000 r-xp 00000000 08:01 22024351                   /lib/x86_64-linux-gnu/libdl-2.21.so
7f1bbaeeb000-7f1bbb0ea000 ---p 00003000 08:01 22024351                   /lib/x86_64-linux-gnu/libdl-2.21.so
7f1bbb0ea000-7f1bbb0eb000 r--p 00002000 08:01 22024351                   /lib/x86_64-linux-gnu/libdl-2.21.so
7f1bbb0eb000-7f1bbb0ec000 rw-p 00003000 08:01 22024351                   /lib/x86_64-linux-gnu/libdl-2.21.so
7f1bbb0ec000-7f1bbb2ac000 r-xp 00000000 08:01 22024334                   /lib/x86_64-linux-gnu/libc-2.21.so
7f1bbb2ac000-7f1bbb4ac000 ---p 001c0000 08:01 22024334                   /lib/x86_64-linux-gnu/libc-2.21.so
7f1bbb4ac000-7f1bbb4b0000 r--p 001c0000 08:01 22024334                   /lib/x86_64-linux-gnu/libc-2.21.so
7f1bbb4b0000-7f1bbb4b2000 rw-p 001c4000 08:01 22024334                   /lib/x86_64-linux-gnu/libc-2.21.so
7f1bbb4b2000-7f1bbb4b6000 rw-p 00000000 00:00 0 
7f1bbb4b6000-7f1bbb4c3000 r-xp 00000000 08:01 20587057                   /usr/lib/jvm/java-7-openjdk-amd64/jre/lib/amd64/jli/libjli.so
7f1bbb4c3000-7f1bbb6c2000 ---p 0000d000 08:01 20587057                   /usr/lib/jvm/java-7-openjdk-amd64/jre/lib/amd64/jli/libjli.so
7f1bbb6c2000-7f1bbb6c3000 r--p 0000c000 08:01 20587057                   /usr/lib/jvm/java-7-openjdk-amd64/jre/lib/amd64/jli/libjli.so
7f1bbb6c3000-7f1bbb6c4000 rw-p 0000d000 08:01 20587057                   /usr/lib/jvm/java-7-openjdk-amd64/jre/lib/amd64/jli/libjli.so
7f1bbb6c4000-7f1bbb6e8000 r-xp 00000000 08:01 22024306                   /lib/x86_64-linux-gnu/ld-2.21.so
7f1bbb6f1000-7f1bbb700000 r--s 000dd000 08:01 21636737                   /home/sharan/Android/Sdk/build-tools/21.1.2/lib/dx.jar
7f1bbb700000-7f1bbb711000 rw-p 00000000 00:00 0 
7f1bbb711000-7f1bbb7c0000 rw-p 00000000 00:00 0 
7f1bbb7c0000-7f1bbb7c3000 ---p 00000000 00:00 0 
7f1bbb7c3000-7f1bbb8c7000 rw-p 00000000 00:00 0                          [stack:6980]
7f1bbb8c7000-7f1bbb8cb000 r--s 00034000 08:01 20587040                   /usr/lib/jvm/java-7-openjdk-amd64/jre/lib/ext/sunjce_provider.jar
7f1bbb8cb000-7f1bbb8cf000 r--s 0003c000 08:01 20587041                   /usr/lib/jvm/java-7-openjdk-amd64/jre/lib/ext/sunpkcs11.jar
7f1bbb8cf000-7f1bbb8d2000 r--s 0000f000 08:01 20587042                   /usr/lib/jvm/java-7-openjdk-amd64/jre/lib/ext/icedtea-sound.jar
7f1bbb8d2000-7f1bbb8d6000 r--s 00085000 08:01 20587038                   /usr/lib/jvm/java-7-openjdk-amd64/jre/lib/ext/localedata.jar
7f1bbb8d6000-7f1bbb8d8000 r--s 00012000 08:01 20587043                   /usr/lib/jvm/java-7-openjdk-amd64/jre/lib/ext/zipfs.jar
7f1bbb8d8000-7f1bbb8da000 r--s 00006000 08:01 20971724                   /usr/share/java/java-atk-wrapper.jar
7f1bbb8da000-7f1bbb8db000 r--s 00002000 08:01 20587039                   /usr/lib/jvm/java-7-openjdk-amd64/jre/lib/ext/dnsns.jar
7f1bbb8db000-7f1bbb8e3000 rw-s 00000000 08:01 3014791                    /tmp/hsperfdata_sharan/6975
7f1bbb8e3000-7f1bbb8e4000 rw-p 00000000 00:00 0 
7f1bbb8e4000-7f1bbb8e5000 ---p 00000000 00:00 0 
7f1bbb8e5000-7f1bbb8e7000 rw-p 00000000 00:00 0 
7f1bbb8e7000-7f1bbb8e8000 r--p 00023000 08:01 22024306                   /lib/x86_64-linux-gnu/ld-2.21.so
7f1bbb8e8000-7f1bbb8e9000 rw-p 00024000 08:01 22024306                   /lib/x86_64-linux-gnu/ld-2.21.so
7f1bbb8e9000-7f1bbb8ea000 rw-p 00000000 00:00 0 
7ffc26dd8000-7ffc26df9000 rw-p 00000000 00:00 0                          [stack]
7ffc26df9000-7ffc26dfb000 r--p 00000000 00:00 0                          [vvar]
7ffc26dfb000-7ffc26dfd000 r-xp 00000000 00:00 0                          [vdso]
ffffffffff600000-ffffffffff601000 r-xp 00000000 00:00 0                  [vsyscall]

VM Arguments:
jvm_args: -Xmx4g -Dfile.encoding=UTF-8 -Duser.country=IN -Duser.language=en -Duser.variant 
java_command: com.android.dx.command.Main --dex --force-jumbo --multi-dex --main-dex-list /home/sharan/Dropbox/Muser/muser/build/intermediates/multi-dex/debug/maindexlist.txt --output /home/sharan/Dropbox/Muser/muser/build/intermediates/dex/debug /home/sharan/Dropbox/Muser/muser/build/intermediates/multi-dex/debug/allclasses.jar
Launcher Type: SUN_STANDARD

Environment Variables:
JAVA_HOME=/usr/lib/jvm/java-8-oracle
PATH=/usr/local/sbin:/usr/local/bin:/usr/sbin:/usr/bin:/sbin:/bin:/usr/games:/usr/local/games:/usr/lib/jvm/java-8-oracle/bin:/usr/lib/jvm/java-8-oracle/db/bin:/usr/lib/jvm/java-8-oracle/jre/bin
LD_LIBRARY_PATH=/opt/android-studio/bin:
SHELL=/bin/bash
DISPLAY=:0

Signal Handlers:
SIGSEGV: [libjvm.so+0x98ac50], sa_mask[0]=0x7ffbfeff, sa_flags=0x10000004
SIGBUS: [libjvm.so+0x98ac50], sa_mask[0]=0x7ffbfeff, sa_flags=0x10000004
SIGFPE: [libjvm.so+0x7f8ab0], sa_mask[0]=0x7ffbfeff, sa_flags=0x10000004
SIGPIPE: [libjvm.so+0x7f8ab0], sa_mask[0]=0x7ffbfeff, sa_flags=0x10000004
SIGXFSZ: [libjvm.so+0x7f8ab0], sa_mask[0]=0x7ffbfeff, sa_flags=0x10000004
SIGILL: [libjvm.so+0x7f8ab0], sa_mask[0]=0x7ffbfeff, sa_flags=0x10000004
SIGUSR1: SIG_DFL, sa_mask[0]=0x00000000, sa_flags=0x00000000
SIGUSR2: [libjvm.so+0x7f8930], sa_mask[0]=0x00000004, sa_flags=0x10000004
SIGHUP: [libjvm.so+0x7f8b30], sa_mask[0]=0x7ffbfeff, sa_flags=0x10000004
SIGINT: [libjvm.so+0x7f8b30], sa_mask[0]=0x7ffbfeff, sa_flags=0x10000004
SIGTERM: [libjvm.so+0x7f8b30], sa_mask[0]=0x7ffbfeff, sa_flags=0x10000004
SIGQUIT: [libjvm.so+0x7f8b30], sa_mask[0]=0x7ffbfeff, sa_flags=0x10000004
SIGTRAP: SIG_DFL, sa_mask[0]=0x00000000, sa_flags=0x00000000


---------------  S Y S T E M  ---------------

OS:Ubuntu 15.04 (vivid)
uname:Linux 3.19.0-26-generic #28-Ubuntu SMP Tue Aug 11 14:16:32 UTC 2015 x86_64
libc:glibc 2.21 NPTL 2.21 
rlimit: STACK 8192k, CORE 0k, NPROC 31366, NOFILE 65536, AS infinity
load average:33.40 12.95 5.66

/proc/meminfo:
MemTotal:        8052020 kB
MemFree:          138952 kB
MemAvailable:     109464 kB
Buffers:             500 kB
Cached:          1575708 kB
SwapCached:            0 kB
Active:          6363400 kB
Inactive:        1349404 kB
Active(anon):    6334652 kB
Inactive(anon):  1326464 kB
Active(file):      28748 kB
Inactive(file):    22940 kB
Unevictable:          32 kB
Mlocked:              32 kB
SwapTotal:             0 kB
SwapFree:              0 kB
Dirty:               712 kB
Writeback:             0 kB
AnonPages:       6137000 kB
Mapped:           574904 kB
Shmem:           1524064 kB
Slab:              97828 kB
SReclaimable:      58276 kB
SUnreclaim:        39552 kB
KernelStack:       11968 kB
PageTables:        48552 kB
NFS_Unstable:          0 kB
Bounce:                0 kB
WritebackTmp:          0 kB
CommitLimit:     4026008 kB
Committed_AS:   14598544 kB
VmallocTotal:   34359738367 kB
VmallocUsed:      358888 kB
VmallocChunk:   34359283632 kB
HardwareCorrupted:     0 kB
AnonHugePages:   3358720 kB
CmaTotal:              0 kB
CmaFree:               0 kB
HugePages_Total:       0
HugePages_Free:        0
HugePages_Rsvd:        0
HugePages_Surp:        0
Hugepagesize:       2048 kB
DirectMap4k:      166972 kB
DirectMap2M:     7049216 kB
DirectMap1G:     1048576 kB


CPU:total 4 (2 cores per cpu, 2 threads per core) family 6 model 60 stepping 3, cmov, cx8, fxsr, mmx, sse, sse2, sse3, ssse3, sse4.1, sse4.2, popcnt, avx, avx2, aes, erms, ht, tsc, tscinvbit

/proc/cpuinfo:
processor	: 0
vendor_id	: GenuineIntel
cpu family	: 6
model		: 60
model name	: Intel(R) Core(TM) i3-4150 CPU @ 3.50GHz
stepping	: 3
microcode	: 0x12
cpu MHz		: 3500.000
cache size	: 3072 KB
physical id	: 0
siblings	: 4
core id		: 0
cpu cores	: 2
apicid		: 0
initial apicid	: 0
fpu		: yes
fpu_exception	: yes
cpuid level	: 13
wp		: yes
flags		: fpu vme de pse tsc msr pae mce cx8 apic sep mtrr pge mca cmov pat pse36 clflush dts acpi mmx fxsr sse sse2 ss ht tm pbe syscall nx pdpe1gb rdtscp lm constant_tsc arch_perfmon pebs bts rep_good nopl xtopology nonstop_tsc aperfmperf eagerfpu pni pclmulqdq dtes64 monitor ds_cpl vmx est tm2 ssse3 fma cx16 xtpr pdcm pcid sse4_1 sse4_2 movbe popcnt tsc_deadline_timer aes xsave avx f16c rdrand lahf_lm abm arat pln pts dtherm tpr_shadow vnmi flexpriority ept vpid fsgsbase tsc_adjust bmi1 avx2 smep bmi2 erms invpcid xsaveopt
bugs		:
bogomips	: 6983.51
clflush size	: 64
cache_alignment	: 64
address sizes	: 39 bits physical, 48 bits virtual
power management:

processor	: 1
vendor_id	: GenuineIntel
cpu family	: 6
model		: 60
model name	: Intel(R) Core(TM) i3-4150 CPU @ 3.50GHz
stepping	: 3
microcode	: 0x12
cpu MHz		: 3500.000
cache size	: 3072 KB
physical id	: 0
siblings	: 4
core id		: 1
cpu cores	: 2
apicid		: 2
initial apicid	: 2
fpu		: yes
fpu_exception	: yes
cpuid level	: 13
wp		: yes
flags		: fpu vme de pse tsc msr pae mce cx8 apic sep mtrr pge mca cmov pat pse36 clflush dts acpi mmx fxsr sse sse2 ss ht tm pbe syscall nx pdpe1gb rdtscp lm constant_tsc arch_perfmon pebs bts rep_good nopl xtopology nonstop_tsc aperfmperf eagerfpu pni pclmulqdq dtes64 monitor ds_cpl vmx est tm2 ssse3 fma cx16 xtpr pdcm pcid sse4_1 sse4_2 movbe popcnt tsc_deadline_timer aes xsave avx f16c rdrand lahf_lm abm arat pln pts dtherm tpr_shadow vnmi flexpriority ept vpid fsgsbase tsc_adjust bmi1 avx2 smep bmi2 erms invpcid xsaveopt
bugs		:
bogomips	: 6983.51
clflush size	: 64
cache_alignment	: 64
address sizes	: 39 bits physical, 48 bits virtual
power management:

processor	: 2
vendor_id	: GenuineIntel
cpu family	: 6
model		: 60
model name	: Intel(R) Core(TM) i3-4150 CPU @ 3.50GHz
stepping	: 3
microcode	: 0x12
cpu MHz		: 3500.000
cache size	: 3072 KB
physical id	: 0
siblings	: 4
core id		: 0
cpu cores	: 2
apicid		: 1
initial apicid	: 1
fpu		: yes
fpu_exception	: yes
cpuid level	: 13
wp		: yes
flags		: fpu vme de pse tsc msr pae mce cx8 apic sep mtrr pge mca cmov pat pse36 clflush dts acpi mmx fxsr sse sse2 ss ht tm pbe syscall nx pdpe1gb rdtscp lm constant_tsc arch_perfmon pebs bts rep_good nopl xtopology nonstop_tsc aperfmperf eagerfpu pni pclmulqdq dtes64 monitor ds_cpl vmx est tm2 ssse3 fma cx16 xtpr pdcm pcid sse4_1 sse4_2 movbe popcnt tsc_deadline_timer aes xsave avx f16c rdrand lahf_lm abm arat pln pts dtherm tpr_shadow vnmi flexpriority ept vpid fsgsbase tsc_adjust bmi1 avx2 smep bmi2 erms invpcid xsaveopt
bugs		:
bogomips	: 6983.51
clflush size	: 64
cache_alignment	: 64
address sizes	: 39 bits physical, 48 bits virtual
power management:

processor	: 3
vendor_id	: GenuineIntel
cpu family	: 6
model		: 60
model name	: Intel(R) Core(TM) i3-4150 CPU @ 3.50GHz
stepping	: 3
microcode	: 0x12
cpu MHz		: 3500.000
cache size	: 3072 KB
physical id	: 0
siblings	: 4
core id		: 1
cpu cores	: 2
apicid		: 3
initial apicid	: 3
fpu		: yes
fpu_exception	: yes
cpuid level	: 13
wp		: yes
flags		: fpu vme de pse tsc msr pae mce cx8 apic sep mtrr pge mca cmov pat pse36 clflush dts acpi mmx fxsr sse sse2 ss ht tm pbe syscall nx pdpe1gb rdtscp lm constant_tsc arch_perfmon pebs bts rep_good nopl xtopology nonstop_tsc aperfmperf eagerfpu pni pclmulqdq dtes64 monitor ds_cpl vmx est tm2 ssse3 fma cx16 xtpr pdcm pcid sse4_1 sse4_2 movbe popcnt tsc_deadline_timer aes xsave avx f16c rdrand lahf_lm abm arat pln pts dtherm tpr_shadow vnmi flexpriority ept vpid fsgsbase tsc_adjust bmi1 avx2 smep bmi2 erms invpcid xsaveopt
bugs		:
bogomips	: 6983.51
clflush size	: 64
cache_alignment	: 64
address sizes	: 39 bits physical, 48 bits virtual
power management:



Memory: 4k page, physical 8052020k(138952k free), swap 0k(0k free)

vm_info: OpenJDK 64-Bit Server VM (24.79-b02) for linux-amd64 JRE (1.7.0_79-b14), built on Jul 24 2015 05:24:39 by "buildd" with gcc 4.9.2

time: Mon Jan  4 15:12:26 2016
elapsed time: 86 seconds

