#
# There is insufficient memory for the Java Runtime Environment to continue.
# Native memory allocation (malloc) failed to allocate 312999936 bytes for committing reserved memory.
# Possible reasons:
#   The system is out of physical RAM or swap space
#   In 32 bit mode, the process size limit was hit
# Possible solutions:
#   Reduce memory load on the system
#   Increase physical memory or swap space
#   Check if swap backing store is full
#   Use 64 bit Java on a 64 bit OS
#   Decrease Java heap size (-Xmx/-Xms)
#   Decrease number of Java threads
#   Decrease Java thread stack sizes (-Xss)
#   Set larger code cache with -XX:ReservedCodeCacheSize=
# This output file may be truncated or incomplete.
#
#  Out of Memory Error (os_linux.cpp:2809), pid=16032, tid=140343344310016
#
# JRE version: OpenJDK Runtime Environment (7.0_79-b14) (build 1.7.0_79-b14)
# Java VM: OpenJDK 64-Bit Server VM (24.79-b02 mixed mode linux-amd64 compressed oops)
# Derivative: IcedTea 2.5.6
# Distribution: Ubuntu 15.04, package 7u79-2.5.6-0ubuntu1.15.04.1
# Failed to write core dump. Core dumps have been disabled. To enable core dumping, try "ulimit -c unlimited" before starting Java again
#

---------------  T H R E A D  ---------------

Current thread (0x00007fa44c076000):  VMThread [stack: 0x00007fa43b1f2000,0x00007fa43b2f3000] [id=16041]

Stack: [0x00007fa43b1f2000,0x00007fa43b2f3000],  sp=0x00007fa43b2f14c0,  free space=1021k
Native frames: (J=compiled Java code, j=interpreted, Vv=VM code, C=native code)
V  [libjvm.so+0x98a166]  VMError::report_and_die()+0x186
V  [libjvm.so+0x48f932]  report_vm_out_of_memory(char const*, int, unsigned long, char const*)+0x92
V  [libjvm.so+0x7fd56b]  os::pd_commit_memory(char*, unsigned long, unsigned long, bool)+0xeb
V  [libjvm.so+0x7f7c4e]  os::commit_memory(char*, unsigned long, unsigned long, bool)+0x2e
V  [libjvm.so+0x86a56b]  PSVirtualSpace::expand_by(unsigned long)+0x5b
V  [libjvm.so+0x858d5a]  PSOldGen::expand_by(unsigned long) [clone .part.29]+0x2a
V  [libjvm.so+0x858f10]  PSOldGen::expand(unsigned long) [clone .part.30]+0xc0
V  [libjvm.so+0x859ea8]  PSOldGen::resize(unsigned long)+0x198
V  [libjvm.so+0x861524]  PSParallelCompact::invoke_no_policy(bool) [clone .part.122]+0x994
V  [libjvm.so+0x867e85]  PSScavenge::invoke()+0x1a5
V  [libjvm.so+0x81fb73]  ParallelScavengeHeap::failed_mem_allocate(unsigned long)+0x63
V  [libjvm.so+0x98ba32]  VM_ParallelGCFailedAllocation::doit()+0x92
V  [libjvm.so+0x9902e7]  VM_Operation::evaluate()+0x47
V  [libjvm.so+0x98e8cb]  VMThread::evaluate_operation(VM_Operation*)+0xab
V  [libjvm.so+0x98ef76]  VMThread::loop()+0x1e6
V  [libjvm.so+0x98f441]  VMThread::run()+0x81
V  [libjvm.so+0x7fa492]  java_start(Thread*)+0xf2

VM_Operation (0x00007fa453d11f00): ParallelGCFailedAllocation, mode: safepoint, requested by thread 0x00007fa44c00a000


---------------  P R O C E S S  ---------------

Java Threads: ( => current thread )
  0x00007fa44c0af000 JavaThread "Service Thread" daemon [_thread_blocked, id=16047, stack(0x00007fa43a50a000,0x00007fa43a60b000)]
  0x00007fa44c0ac800 JavaThread "C2 CompilerThread1" daemon [_thread_blocked, id=16046, stack(0x00007fa43a60b000,0x00007fa43a70c000)]
  0x00007fa44c0a9800 JavaThread "C2 CompilerThread0" daemon [_thread_blocked, id=16045, stack(0x00007fa43a70c000,0x00007fa43a80d000)]
  0x00007fa44c0a7000 JavaThread "Signal Dispatcher" daemon [_thread_blocked, id=16044, stack(0x00007fa43a80d000,0x00007fa43a90e000)]
  0x00007fa44c07c800 JavaThread "Finalizer" daemon [_thread_blocked, id=16043, stack(0x00007fa43aff0000,0x00007fa43b0f1000)]
  0x00007fa44c07a800 JavaThread "Reference Handler" daemon [_thread_blocked, id=16042, stack(0x00007fa43b0f1000,0x00007fa43b1f2000)]
  0x00007fa44c00a000 JavaThread "main" [_thread_blocked, id=16036, stack(0x00007fa453c13000,0x00007fa453d14000)]

Other Threads:
=>0x00007fa44c076000 VMThread [stack: 0x00007fa43b1f2000,0x00007fa43b2f3000] [id=16041]
  0x00007fa44c0c1800 WatcherThread [stack: 0x00007fa43a409000,0x00007fa43a50a000] [id=16048]

VM state:at safepoint (normal execution)

VM Mutex/Monitor currently owned by a thread:  ([mutex/lock_event])
[0x00007fa44c0062b0] ExpandHeap_lock - owner thread: 0x00007fa44c076000
[0x00007fa44c006930] Threads_lock - owner thread: 0x00007fa44c076000
[0x00007fa44c006e30] Heap_lock - owner thread: 0x00007fa44c00a000

Heap
 PSYoungGen      total 914432K, used 108790K [0x00000007aaa80000, 0x00000007fb800000, 0x0000000800000000)
  eden space 641536K, 0% used [0x00000007aaa80000,0x00000007aaa80000,0x00000007d1d00000)
  from space 272896K, 39% used [0x00000007d1d00000,0x00000007d873da30,0x00000007e2780000)
  to   space 278016K, 0% used [0x00000007ea880000,0x00000007ea880000,0x00000007fb800000)
 ParOldGen       total 693248K, used 693227K [0x0000000700000000, 0x000000072a500000, 0x00000007aaa80000)
  object space 693248K, 99% used [0x0000000700000000,0x000000072a4fad28,0x000000072a500000)
 PSPermGen       total 21504K, used 6326K [0x00000006f5a00000, 0x00000006f6f00000, 0x0000000700000000)
  object space 21504K, 29% used [0x00000006f5a00000,0x00000006f602da70,0x00000006f6f00000)

Card table byte_map: [0x00007fa4487ac000,0x00007fa449000000] byte_map_base: 0x00007fa444fff000

Polling page: 0x00007fa453d37000

Code Cache  [0x00007fa449000000, 0x00007fa449400000, 0x00007fa44c000000)
 total_blobs=1375 nmethods=1147 adapters=181 free_code_cache=45134Kb largest_free_block=46139776

Compilation events (10 events):
Event: 27.633 Thread 0x00007fa44c0ac800 nmethod 1199 0x00007fa4493ea5d0 code [0x00007fa4493ea740, 0x00007fa4493eac38]
Event: 27.633 Thread 0x00007fa44c0a9800 nmethod 1200 0x00007fa4493bff10 code [0x00007fa4493c0080, 0x00007fa4493c0538]
Event: 27.633 Thread 0x00007fa44c0a9800 1201             com.android.dx.rop.cst.CstNat::hashCode (19 bytes)
Event: 27.633 Thread 0x00007fa44c0ac800 1202             com.android.dx.dex.file.ClassDataItem::addStaticField (51 bytes)
Event: 27.637 Thread 0x00007fa44c0a9800 nmethod 1201 0x00007fa4493d1f10 code [0x00007fa4493d2060, 0x00007fa4493d2378]
Event: 27.638 Thread 0x00007fa44c0ac800 nmethod 1202 0x00007fa4493bf410 code [0x00007fa4493bf5a0, 0x00007fa4493bfa38]
Event: 27.663 Thread 0x00007fa44c0a9800 1203             com.android.dx.cf.attrib.AttConstantValue::byteLength (3 bytes)
Event: 27.664 Thread 0x00007fa44c0a9800 nmethod 1203 0x00007fa4491a6d90 code [0x00007fa4491a6ec0, 0x00007fa4491a6f18]
Event: 27.728 Thread 0x00007fa44c0ac800 1204             com.android.dx.ssa.back.FirstFitLocalCombiningAllocator::tryMapReg (41 bytes)
Event: 27.733 Thread 0x00007fa44c0ac800 nmethod 1204 0x00007fa4493ebc50 code [0x00007fa4493ebe20, 0x00007fa4493ec378]

GC Heap History (10 events):
Event: 21.384 GC heap after
Heap after GC invocations=21 (full 4):
 PSYoungGen      total 683520K, used 121842K [0x00000007aaa80000, 0x00000007e9200000, 0x0000000800000000)
  eden space 522752K, 0% used [0x00000007aaa80000,0x00000007aaa80000,0x00000007ca900000)
  from space 160768K, 75% used [0x00000007ca900000,0x00000007d1ffca60,0x00000007d4600000)
  to   space 205312K, 0% used [0x00000007dc980000,0x00000007dc980000,0x00000007e9200000)
 ParOldGen       total 693248K, used 455826K [0x0000000700000000, 0x000000072a500000, 0x00000007aaa80000)
  object space 693248K, 65% used [0x0000000700000000,0x000000071bd24800,0x000000072a500000)
 PSPermGen       total 21504K, used 6316K [0x00000006f5a00000, 0x00000006f6f00000, 0x0000000700000000)
  object space 21504K, 29% used [0x00000006f5a00000,0x00000006f602b390,0x00000006f6f00000)
}
Event: 22.481 GC heap before
{Heap before GC invocations=22 (full 4):
 PSYoungGen      total 683520K, used 644594K [0x00000007aaa80000, 0x00000007e9200000, 0x0000000800000000)
  eden space 522752K, 100% used [0x00000007aaa80000,0x00000007ca900000,0x00000007ca900000)
  from space 160768K, 75% used [0x00000007ca900000,0x00000007d1ffca60,0x00000007d4600000)
  to   space 205312K, 0% used [0x00000007dc980000,0x00000007dc980000,0x00000007e9200000)
 ParOldGen       total 693248K, used 455826K [0x0000000700000000, 0x000000072a500000, 0x00000007aaa80000)
  object space 693248K, 65% used [0x0000000700000000,0x000000071bd24800,0x000000072a500000)
 PSPermGen       total 21504K, used 6317K [0x00000006f5a00000, 0x00000006f6f00000, 0x0000000700000000)
  object space 21504K, 29% used [0x00000006f5a00000,0x00000006f602b438,0x00000006f6f00000)
Event: 22.897 GC heap after
Heap after GC invocations=22 (full 4):
 PSYoungGen      total 793600K, used 112986K [0x00000007aaa80000, 0x00000007e8700000, 0x0000000800000000)
  eden space 599552K, 0% used [0x00000007aaa80000,0x00000007aaa80000,0x00000007cf400000)
  from space 194048K, 58% used [0x00000007dc980000,0x00000007e37d6970,0x00000007e8700000)
  to   space 206336K, 0% used [0x00000007cf400000,0x00000007cf400000,0x00000007dbd80000)
 ParOldGen       total 693248K, used 534028K [0x0000000700000000, 0x000000072a500000, 0x00000007aaa80000)
  object space 693248K, 77% used [0x0000000700000000,0x0000000720983038,0x000000072a500000)
 PSPermGen       total 21504K, used 6317K [0x00000006f5a00000, 0x00000006f6f00000, 0x0000000700000000)
  object space 21504K, 29% used [0x00000006f5a00000,0x00000006f602b438,0x00000006f6f00000)
}
Event: 24.530 GC heap before
{Heap before GC invocations=23 (full 4):
 PSYoungGen      total 793600K, used 712538K [0x00000007aaa80000, 0x00000007e8700000, 0x0000000800000000)
  eden space 599552K, 100% used [0x00000007aaa80000,0x00000007cf400000,0x00000007cf400000)
  from space 194048K, 58% used [0x00000007dc980000,0x00000007e37d6970,0x00000007e8700000)
  to   space 206336K, 0% used [0x00000007cf400000,0x00000007cf400000,0x00000007dbd80000)
 ParOldGen       total 693248K, used 534028K [0x0000000700000000, 0x000000072a500000, 0x00000007aaa80000)
  object space 693248K, 77% used [0x0000000700000000,0x0000000720983038,0x000000072a500000)
 PSPermGen       total 21504K, used 6321K [0x00000006f5a00000, 0x00000006f6f00000, 0x0000000700000000)
  object space 21504K, 29% used [0x00000006f5a00000,0x00000006f602c5c8,0x00000006f6f00000)
Event: 24.687 GC heap after
Heap after GC invocations=23 (full 4):
 PSYoungGen      total 805888K, used 186507K [0x00000007aaa80000, 0x00000007f0b00000, 0x0000000800000000)
  eden space 599552K, 0% used [0x00000007aaa80000,0x00000007aaa80000,0x00000007cf400000)
  from space 206336K, 90% used [0x00000007cf400000,0x00000007daa22c40,0x00000007dbd80000)
  to   space 232960K, 0% used [0x00000007e2780000,0x00000007e2780000,0x00000007f0b00000)
 ParOldGen       total 693248K, used 534028K [0x0000000700000000, 0x000000072a500000, 0x00000007aaa80000)
  object space 693248K, 77% used [0x0000000700000000,0x0000000720983038,0x000000072a500000)
 PSPermGen       total 21504K, used 6321K [0x00000006f5a00000, 0x00000006f6f00000, 0x0000000700000000)
  object space 21504K, 29% used [0x00000006f5a00000,0x00000006f602c5c8,0x00000006f6f00000)
}
Event: 26.144 GC heap before
{Heap before GC invocations=24 (full 4):
 PSYoungGen      total 805888K, used 786059K [0x00000007aaa80000, 0x00000007f0b00000, 0x0000000800000000)
  eden space 599552K, 100% used [0x00000007aaa80000,0x00000007cf400000,0x00000007cf400000)
  from space 206336K, 90% used [0x00000007cf400000,0x00000007daa22c40,0x00000007dbd80000)
  to   space 232960K, 0% used [0x00000007e2780000,0x00000007e2780000,0x00000007f0b00000)
 ParOldGen       total 693248K, used 534028K [0x0000000700000000, 0x000000072a500000, 0x00000007aaa80000)
  object space 693248K, 77% used [0x0000000700000000,0x0000000720983038,0x000000072a500000)
 PSPermGen       total 21504K, used 6323K [0x00000006f5a00000, 0x00000006f6f00000, 0x0000000700000000)
  object space 21504K, 29% used [0x00000006f5a00000,0x00000006f602cd08,0x00000006f6f00000)
Event: 26.472 GC heap after
Heap after GC invocations=24 (full 4):
 PSYoungGen      total 874496K, used 232956K [0x00000007aaa80000, 0x00000007f5d80000, 0x0000000800000000)
  eden space 641536K, 0% used [0x00000007aaa80000,0x00000007aaa80000,0x00000007d1d00000)
  from space 232960K, 99% used [0x00000007e2780000,0x00000007f0aff250,0x00000007f0b00000)
  to   space 272896K, 0% used [0x00000007d1d00000,0x00000007d1d00000,0x00000007e2780000)
 ParOldGen       total 693248K, used 537595K [0x0000000700000000, 0x000000072a500000, 0x00000007aaa80000)
  object space 693248K, 77% used [0x0000000700000000,0x0000000720cfedc8,0x000000072a500000)
 PSPermGen       total 21504K, used 6323K [0x00000006f5a00000, 0x00000006f6f00000, 0x0000000700000000)
  object space 21504K, 29% used [0x00000006f5a00000,0x00000006f602cd08,0x00000006f6f00000)
}
Event: 27.981 GC heap before
{Heap before GC invocations=25 (full 4):
 PSYoungGen      total 874496K, used 874492K [0x00000007aaa80000, 0x00000007f5d80000, 0x0000000800000000)
  eden space 641536K, 100% used [0x00000007aaa80000,0x00000007d1d00000,0x00000007d1d00000)
  from space 232960K, 99% used [0x00000007e2780000,0x00000007f0aff250,0x00000007f0b00000)
  to   space 272896K, 0% used [0x00000007d1d00000,0x00000007d1d00000,0x00000007e2780000)
 ParOldGen       total 693248K, used 537595K [0x0000000700000000, 0x000000072a500000, 0x00000007aaa80000)
  object space 693248K, 77% used [0x0000000700000000,0x0000000720cfedc8,0x000000072a500000)
 PSPermGen       total 21504K, used 6326K [0x00000006f5a00000, 0x00000006f6f00000, 0x0000000700000000)
  object space 21504K, 29% used [0x00000006f5a00000,0x00000006f602da90,0x00000006f6f00000)
Event: 30.497 GC heap after
Heap after GC invocations=25 (full 4):
 PSYoungGen      total 914432K, used 164439K [0x00000007aaa80000, 0x00000007fb800000, 0x0000000800000000)
  eden space 641536K, 0% used [0x00000007aaa80000,0x00000007aaa80000,0x00000007d1d00000)
  from space 272896K, 60% used [0x00000007d1d00000,0x00000007dbd95ef0,0x00000007e2780000)
  to   space 278016K, 0% used [0x00000007ea880000,0x00000007ea880000,0x00000007fb800000)
 ParOldGen       total 693248K, used 646173K [0x0000000700000000, 0x000000072a500000, 0x00000007aaa80000)
  object space 693248K, 93% used [0x0000000700000000,0x0000000727707678,0x000000072a500000)
 PSPermGen       total 21504K, used 6326K [0x00000006f5a00000, 0x00000006f6f00000, 0x0000000700000000)
  object space 21504K, 29% used [0x00000006f5a00000,0x00000006f602da90,0x00000006f6f00000)
}
Event: 30.587 GC heap before
{Heap before GC invocations=26 (full 5):
 PSYoungGen      total 914432K, used 164439K [0x00000007aaa80000, 0x00000007fb800000, 0x0000000800000000)
  eden space 641536K, 0% used [0x00000007aaa80000,0x00000007aaa80000,0x00000007d1d00000)
  from space 272896K, 60% used [0x00000007d1d00000,0x00000007dbd95ef0,0x00000007e2780000)
  to   space 278016K, 0% used [0x00000007ea880000,0x00000007ea880000,0x00000007fb800000)
 ParOldGen       total 693248K, used 646173K [0x0000000700000000, 0x000000072a500000, 0x00000007aaa80000)
  object space 693248K, 93% used [0x0000000700000000,0x0000000727707678,0x000000072a500000)
 PSPermGen       total 21504K, used 6326K [0x00000006f5a00000, 0x00000006f6f00000, 0x0000000700000000)
  object space 21504K, 29% used [0x00000006f5a00000,0x00000006f602da90,0x00000006f6f00000)

Deoptimization events (10 events):
Event: 23.369 Thread 0x00007fa44c00a000 Uncommon trap: reason=class_check action=maybe_recompile pc=0x00007fa4490caaf4 method=com.android.dx.ssa.back.InterferenceGraph.mergeInterferenceSet(ILcom/android/dx/util/IntSet;)V @ 20
Event: 23.369 Thread 0x00007fa44c00a000 Uncommon trap: reason=class_check action=maybe_recompile pc=0x00007fa44923f868 method=com.android.dx.util.BitIntSet.merge(Lcom/android/dx/util/IntSet;)V @ 1
Event: 23.369 Thread 0x00007fa44c00a000 Uncommon trap: reason=class_check action=maybe_recompile pc=0x00007fa4490caaf4 method=com.android.dx.ssa.back.InterferenceGraph.mergeInterferenceSet(ILcom/android/dx/util/IntSet;)V @ 20
Event: 23.369 Thread 0x00007fa44c00a000 Uncommon trap: reason=class_check action=maybe_recompile pc=0x00007fa44923f868 method=com.android.dx.util.BitIntSet.merge(Lcom/android/dx/util/IntSet;)V @ 1
Event: 23.374 Thread 0x00007fa44c00a000 Uncommon trap: reason=class_check action=maybe_recompile pc=0x00007fa4490caaf4 method=com.android.dx.ssa.back.InterferenceGraph.mergeInterferenceSet(ILcom/android/dx/util/IntSet;)V @ 20
Event: 23.374 Thread 0x00007fa44c00a000 Uncommon trap: reason=class_check action=maybe_recompile pc=0x00007fa44923f868 method=com.android.dx.util.BitIntSet.merge(Lcom/android/dx/util/IntSet;)V @ 1
Event: 23.374 Thread 0x00007fa44c00a000 Uncommon trap: reason=class_check action=maybe_recompile pc=0x00007fa44923ffe4 method=com.android.dx.ssa.back.InterferenceGraph.mergeInterferenceSet(ILcom/android/dx/util/IntSet;)V @ 20
Event: 23.603 Thread 0x00007fa44c00a000 Uncommon trap: reason=class_check action=maybe_recompile pc=0x00007fa4490bfe4c method=com.android.dx.ssa.SsaConverter.placePhiFunctions(Lcom/android/dx/ssa/SsaMethod;Lcom/android/dx/ssa/LocalVariableInfo;I)V @ 257
Event: 23.679 Thread 0x00007fa44c00a000 Uncommon trap: reason=predicate action=maybe_recompile pc=0x00007fa44919d358 method=com.android.dx.ssa.back.InterferenceGraph.<init>(I)V @ 23
Event: 23.708 Thread 0x00007fa44c00a000 Uncommon trap: reason=class_check action=maybe_recompile pc=0x00007fa4491d92ac method=com.android.dx.ssa.back.InterferenceGraph.mergeInterferenceSet(ILcom/android/dx/util/IntSet;)V @ 20

Internal exceptions (10 events):
Event: 9.257 Thread 0x00007fa44c00a000 Implicit null exception at 0x00007fa4491bbef1 to 0x00007fa4491bc0c1
Event: 9.257 Thread 0x00007fa44c00a000 Implicit null exception at 0x00007fa449087df5 to 0x00007fa449087f55
Event: 9.509 Thread 0x00007fa44c00a000 Threw 0x00000007ba8d65d0 at /build/openjdk-7-yI9zWD/openjdk-7-7u79-2.5.6/build/openjdk/hotspot/src/share/vm/prims/jvm.cpp:1284
Event: 10.936 Thread 0x00007fa44c00a000 Implicit null exception at 0x00007fa4493bd4d9 to 0x00007fa4493be779
Event: 11.844 Thread 0x00007fa44c00a000 Implicit null exception at 0x00007fa4493d3677 to 0x00007fa4493d4e69
Event: 12.228 Thread 0x00007fa44c00a000 Implicit null exception at 0x00007fa4491cfe16 to 0x00007fa4491d0915
Event: 12.228 Thread 0x00007fa44c00a000 Implicit null exception at 0x00007fa4493c46d2 to 0x00007fa4493c48ad
Event: 14.082 Thread 0x00007fa44c00a000 Threw 0x00000007af68a368 at /build/openjdk-7-yI9zWD/openjdk-7-7u79-2.5.6/build/openjdk/hotspot/src/share/vm/prims/jvm.cpp:1284
Event: 14.085 Thread 0x00007fa44c00a000 Threw 0x00000007af6cff10 at /build/openjdk-7-yI9zWD/openjdk-7-7u79-2.5.6/build/openjdk/hotspot/src/share/vm/prims/jvm.cpp:1284
Event: 22.968 Thread 0x00007fa44c00a000 Implicit null exception at 0x00007fa4490e448c to 0x00007fa4490e458e

Events (10 events):
Event: 23.679 Thread 0x00007fa44c00a000 DEOPT UNPACKING pc=0x00007fa449039445 sp=0x00007fa453d121a8 mode 2
Event: 23.708 Thread 0x00007fa44c00a000 Uncommon trap: trap_request=0xffffffde fr.pc=0x00007fa4491d92ac
Event: 23.708 Thread 0x00007fa44c00a000 DEOPT PACKING pc=0x00007fa4491d92ac sp=0x00007fa453d121b0
Event: 23.708 Thread 0x00007fa44c00a000 DEOPT UNPACKING pc=0x00007fa449039445 sp=0x00007fa453d11ff0 mode 2
Event: 24.530 Executing VM operation: ParallelGCFailedAllocation
Event: 24.687 Executing VM operation: ParallelGCFailedAllocation done
Event: 26.144 Executing VM operation: ParallelGCFailedAllocation
Event: 26.472 Executing VM operation: ParallelGCFailedAllocation done
Event: 27.664 Thread 0x00007fa44c0a9800 flushing nmethod 0x00007fa4492bf310
Event: 27.981 Executing VM operation: ParallelGCFailedAllocation


Dynamic libraries:
00400000-00401000 r-xp 00000000 08:01 20712222                           /usr/lib/jvm/java-7-openjdk-amd64/jre/bin/java
00600000-00601000 r--p 00000000 08:01 20712222                           /usr/lib/jvm/java-7-openjdk-amd64/jre/bin/java
00601000-00602000 rw-p 00001000 08:01 20712222                           /usr/lib/jvm/java-7-openjdk-amd64/jre/bin/java
024bc000-024dd000 rw-p 00000000 00:00 0                                  [heap]
6f5a00000-6f6f00000 rw-p 00000000 00:00 0 
6f6f00000-700000000 rw-p 00000000 00:00 0 
700000000-72a500000 rw-p 00000000 00:00 0 
73cf80000-7aaa80000 rw-p 00000000 00:00 0 
7aaa80000-7fb800000 rw-p 00000000 00:00 0 
7fb800000-800000000 rw-p 00000000 00:00 0 
7fa404000000-7fa404021000 rw-p 00000000 00:00 0 
7fa404021000-7fa408000000 ---p 00000000 00:00 0 
7fa40c000000-7fa40d2fa000 rw-p 00000000 00:00 0 
7fa40d2fa000-7fa410000000 ---p 00000000 00:00 0 
7fa410000000-7fa410021000 rw-p 00000000 00:00 0 
7fa410021000-7fa414000000 ---p 00000000 00:00 0 
7fa414000000-7fa414021000 rw-p 00000000 00:00 0 
7fa414021000-7fa418000000 ---p 00000000 00:00 0 
7fa418000000-7fa419bd7000 rw-p 00000000 00:00 0 
7fa419bd7000-7fa41c000000 ---p 00000000 00:00 0 
7fa41c000000-7fa41c021000 rw-p 00000000 00:00 0 
7fa41c021000-7fa420000000 ---p 00000000 00:00 0 
7fa420000000-7fa420021000 rw-p 00000000 00:00 0 
7fa420021000-7fa424000000 ---p 00000000 00:00 0 
7fa424000000-7fa424247000 rw-p 00000000 00:00 0 
7fa424247000-7fa428000000 ---p 00000000 00:00 0 
7fa42b27d000-7fa434000000 rw-p 00000000 00:00 0 
7fa434000000-7fa434021000 rw-p 00000000 00:00 0 
7fa434021000-7fa438000000 ---p 00000000 00:00 0 
7fa438858000-7fa438b59000 rw-p 00000000 00:00 0 
7fa438b59000-7fa438bc5000 r-xp 00000000 08:01 22020192                   /lib/x86_64-linux-gnu/libpcre.so.3.13.1
7fa438bc5000-7fa438dc4000 ---p 0006c000 08:01 22020192                   /lib/x86_64-linux-gnu/libpcre.so.3.13.1
7fa438dc4000-7fa438dc5000 r--p 0006b000 08:01 22020192                   /lib/x86_64-linux-gnu/libpcre.so.3.13.1
7fa438dc5000-7fa438dc6000 rw-p 0006c000 08:01 22020192                   /lib/x86_64-linux-gnu/libpcre.so.3.13.1
7fa438dc6000-7fa438dcd000 r-xp 00000000 08:01 20455638                   /usr/lib/x86_64-linux-gnu/libffi.so.6.0.4
7fa438dcd000-7fa438fcc000 ---p 00007000 08:01 20455638                   /usr/lib/x86_64-linux-gnu/libffi.so.6.0.4
7fa438fcc000-7fa438fcd000 r--p 00006000 08:01 20455638                   /usr/lib/x86_64-linux-gnu/libffi.so.6.0.4
7fa438fcd000-7fa438fce000 rw-p 00007000 08:01 20455638                   /usr/lib/x86_64-linux-gnu/libffi.so.6.0.4
7fa438fce000-7fa438fe5000 r-xp 00000000 08:01 22024473                   /lib/x86_64-linux-gnu/libresolv-2.21.so
7fa438fe5000-7fa4391e5000 ---p 00017000 08:01 22024473                   /lib/x86_64-linux-gnu/libresolv-2.21.so
7fa4391e5000-7fa4391e7000 r--p 00017000 08:01 22024473                   /lib/x86_64-linux-gnu/libresolv-2.21.so
7fa4391e7000-7fa4391e8000 rw-p 00019000 08:01 22024473                   /lib/x86_64-linux-gnu/libresolv-2.21.so
7fa4391e8000-7fa4391ea000 rw-p 00000000 00:00 0 
7fa4391ea000-7fa43920b000 r-xp 00000000 08:01 22024477                   /lib/x86_64-linux-gnu/libselinux.so.1
7fa43920b000-7fa43940a000 ---p 00021000 08:01 22024477                   /lib/x86_64-linux-gnu/libselinux.so.1
7fa43940a000-7fa43940b000 r--p 00020000 08:01 22024477                   /lib/x86_64-linux-gnu/libselinux.so.1
7fa43940b000-7fa43940c000 rw-p 00021000 08:01 22024477                   /lib/x86_64-linux-gnu/libselinux.so.1
7fa43940c000-7fa43940e000 rw-p 00000000 00:00 0 
7fa43940e000-7fa439411000 r-xp 00000000 08:01 20447655                   /usr/lib/x86_64-linux-gnu/libgmodule-2.0.so.0.4400.1
7fa439411000-7fa439610000 ---p 00003000 08:01 20447655                   /usr/lib/x86_64-linux-gnu/libgmodule-2.0.so.0.4400.1
7fa439610000-7fa439611000 r--p 00002000 08:01 20447655                   /usr/lib/x86_64-linux-gnu/libgmodule-2.0.so.0.4400.1
7fa439611000-7fa439612000 rw-p 00003000 08:01 20447655                   /usr/lib/x86_64-linux-gnu/libgmodule-2.0.so.0.4400.1
7fa439612000-7fa43971f000 r-xp 00000000 08:01 22024241                   /lib/x86_64-linux-gnu/libglib-2.0.so.0.4400.1
7fa43971f000-7fa43991e000 ---p 0010d000 08:01 22024241                   /lib/x86_64-linux-gnu/libglib-2.0.so.0.4400.1
7fa43991e000-7fa43991f000 r--p 0010c000 08:01 22024241                   /lib/x86_64-linux-gnu/libglib-2.0.so.0.4400.1
7fa43991f000-7fa439920000 rw-p 0010d000 08:01 22024241                   /lib/x86_64-linux-gnu/libglib-2.0.so.0.4400.1
7fa439920000-7fa439921000 rw-p 00000000 00:00 0 
7fa439921000-7fa439971000 r-xp 00000000 08:01 20447615                   /usr/lib/x86_64-linux-gnu/libgobject-2.0.so.0.4400.1
7fa439971000-7fa439b71000 ---p 00050000 08:01 20447615                   /usr/lib/x86_64-linux-gnu/libgobject-2.0.so.0.4400.1
7fa439b71000-7fa439b72000 r--p 00050000 08:01 20447615                   /usr/lib/x86_64-linux-gnu/libgobject-2.0.so.0.4400.1
7fa439b72000-7fa439b73000 rw-p 00051000 08:01 20447615                   /usr/lib/x86_64-linux-gnu/libgobject-2.0.so.0.4400.1
7fa439b73000-7fa439ceb000 r-xp 00000000 08:01 20447637                   /usr/lib/x86_64-linux-gnu/libgio-2.0.so.0.4400.1
7fa439ceb000-7fa439eeb000 ---p 00178000 08:01 20447637                   /usr/lib/x86_64-linux-gnu/libgio-2.0.so.0.4400.1
7fa439eeb000-7fa439eef000 r--p 00178000 08:01 20447637                   /usr/lib/x86_64-linux-gnu/libgio-2.0.so.0.4400.1
7fa439eef000-7fa439ef1000 rw-p 0017c000 08:01 20447637                   /usr/lib/x86_64-linux-gnu/libgio-2.0.so.0.4400.1
7fa439ef1000-7fa439ef3000 rw-p 00000000 00:00 0 
7fa439f12000-7fa439f29000 r-xp 00000000 08:01 20587083                   /usr/lib/jvm/java-7-openjdk-amd64/jre/lib/amd64/libnet.so
7fa439f29000-7fa43a128000 ---p 00017000 08:01 20587083                   /usr/lib/jvm/java-7-openjdk-amd64/jre/lib/amd64/libnet.so
7fa43a128000-7fa43a129000 r--p 00016000 08:01 20587083                   /usr/lib/jvm/java-7-openjdk-amd64/jre/lib/amd64/libnet.so
7fa43a129000-7fa43a12a000 rw-p 00017000 08:01 20587083                   /usr/lib/jvm/java-7-openjdk-amd64/jre/lib/amd64/libnet.so
7fa43a12a000-7fa43a13b000 r-xp 00000000 08:01 20587088                   /usr/lib/jvm/java-7-openjdk-amd64/jre/lib/amd64/libnio.so
7fa43a13b000-7fa43a33a000 ---p 00011000 08:01 20587088                   /usr/lib/jvm/java-7-openjdk-amd64/jre/lib/amd64/libnio.so
7fa43a33a000-7fa43a33b000 r--p 00010000 08:01 20587088                   /usr/lib/jvm/java-7-openjdk-amd64/jre/lib/amd64/libnio.so
7fa43a33b000-7fa43a33c000 rw-p 00011000 08:01 20587088                   /usr/lib/jvm/java-7-openjdk-amd64/jre/lib/amd64/libnio.so
7fa43a33c000-7fa43a409000 r--s 0093b000 08:01 2229504                    /home/sharan/Dropbox/Muser/muser/build/intermediates/multi-dex/debug/allclasses.jar
7fa43a409000-7fa43a40a000 ---p 00000000 00:00 0 
7fa43a40a000-7fa43a50a000 rw-p 00000000 00:00 0                          [stack:16048]
7fa43a50a000-7fa43a50d000 ---p 00000000 00:00 0 
7fa43a50d000-7fa43a60b000 rw-p 00000000 00:00 0                          [stack:16047]
7fa43a60b000-7fa43a60e000 ---p 00000000 00:00 0 
7fa43a60e000-7fa43a70c000 rw-p 00000000 00:00 0                          [stack:16046]
7fa43a70c000-7fa43a70f000 ---p 00000000 00:00 0 
7fa43a70f000-7fa43a80d000 rw-p 00000000 00:00 0                          [stack:16045]
7fa43a80d000-7fa43a810000 ---p 00000000 00:00 0 
7fa43a810000-7fa43a90e000 rw-p 00000000 00:00 0                          [stack:16044]
7fa43a90e000-7fa43aff0000 r--p 00000000 08:01 20454393                   /usr/lib/locale/locale-archive
7fa43aff0000-7fa43aff3000 ---p 00000000 00:00 0 
7fa43aff3000-7fa43b0f1000 rw-p 00000000 00:00 0                          [stack:16043]
7fa43b0f1000-7fa43b0f4000 ---p 00000000 00:00 0 
7fa43b0f4000-7fa43b1f2000 rw-p 00000000 00:00 0                          [stack:16042]
7fa43b1f2000-7fa43b1f3000 ---p 00000000 00:00 0 
7fa43b1f3000-7fa43c000000 rw-p 00000000 00:00 0                          [stack:16041]
7fa43c000000-7fa43c021000 rw-p 00000000 00:00 0 
7fa43c021000-7fa440000000 ---p 00000000 00:00 0 
7fa440000000-7fa440021000 rw-p 00000000 00:00 0 
7fa440021000-7fa444000000 ---p 00000000 00:00 0 
7fa444000000-7fa444021000 rw-p 00000000 00:00 0 
7fa444021000-7fa448000000 ---p 00000000 00:00 0 
7fa448010000-7fa448300000 rw-p 00000000 00:00 0 
7fa448300000-7fa4484b1000 r--s 01d29000 08:01 20587021                   /usr/lib/jvm/java-7-openjdk-amd64/jre/lib/rt.jar
7fa4484b1000-7fa4485aa000 rw-p 00000000 00:00 0 
7fa4485aa000-7fa4485ab000 ---p 00000000 00:00 0 
7fa4485ab000-7fa4486ab000 rw-p 00000000 00:00 0                          [stack:16040]
7fa4486ab000-7fa4486ac000 ---p 00000000 00:00 0 
7fa4486ac000-7fa4487b7000 rw-p 00000000 00:00 0                          [stack:16039]
7fa4487b7000-7fa4487ff000 rw-p 00000000 00:00 0 
7fa4487ff000-7fa448952000 rw-p 00000000 00:00 0 
7fa448952000-7fa448d54000 rw-p 00000000 00:00 0 
7fa448d54000-7fa448fdb000 rw-p 00000000 00:00 0 
7fa448fdb000-7fa448fff000 rw-p 00000000 00:00 0 
7fa448fff000-7fa449000000 rw-p 00000000 00:00 0 
7fa449000000-7fa449400000 rwxp 00000000 00:00 0 
7fa449400000-7fa44c3de000 rw-p 00000000 00:00 0 
7fa44c3de000-7fa450000000 ---p 00000000 00:00 0 
7fa450002000-7fa450056000 rw-p 00000000 00:00 0 
7fa450056000-7fa450057000 ---p 00000000 00:00 0 
7fa450057000-7fa450157000 rw-p 00000000 00:00 0                          [stack:16038]
7fa450157000-7fa450158000 ---p 00000000 00:00 0 
7fa450158000-7fa450263000 rw-p 00000000 00:00 0                          [stack:16037]
7fa450263000-7fa4502ab000 rw-p 00000000 00:00 0 
7fa4502ab000-7fa4503fe000 rw-p 00000000 00:00 0 
7fa4503fe000-7fa450801000 rw-p 00000000 00:00 0 
7fa450801000-7fa450809000 r-xp 00000000 08:01 20587054                   /usr/lib/jvm/java-7-openjdk-amd64/jre/lib/amd64/libzip.so
7fa450809000-7fa450a08000 ---p 00008000 08:01 20587054                   /usr/lib/jvm/java-7-openjdk-amd64/jre/lib/amd64/libzip.so
7fa450a08000-7fa450a09000 r--p 00007000 08:01 20587054                   /usr/lib/jvm/java-7-openjdk-amd64/jre/lib/amd64/libzip.so
7fa450a09000-7fa450a0a000 rw-p 00008000 08:01 20587054                   /usr/lib/jvm/java-7-openjdk-amd64/jre/lib/amd64/libzip.so
7fa450a0a000-7fa450a16000 r-xp 00000000 08:01 22024420                   /lib/x86_64-linux-gnu/libnss_files-2.21.so
7fa450a16000-7fa450c15000 ---p 0000c000 08:01 22024420                   /lib/x86_64-linux-gnu/libnss_files-2.21.so
7fa450c15000-7fa450c16000 r--p 0000b000 08:01 22024420                   /lib/x86_64-linux-gnu/libnss_files-2.21.so
7fa450c16000-7fa450c17000 rw-p 0000c000 08:01 22024420                   /lib/x86_64-linux-gnu/libnss_files-2.21.so
7fa450c17000-7fa450c22000 r-xp 00000000 08:01 22024430                   /lib/x86_64-linux-gnu/libnss_nis-2.21.so
7fa450c22000-7fa450e21000 ---p 0000b000 08:01 22024430                   /lib/x86_64-linux-gnu/libnss_nis-2.21.so
7fa450e21000-7fa450e22000 r--p 0000a000 08:01 22024430                   /lib/x86_64-linux-gnu/libnss_nis-2.21.so
7fa450e22000-7fa450e23000 rw-p 0000b000 08:01 22024430                   /lib/x86_64-linux-gnu/libnss_nis-2.21.so
7fa450e23000-7fa450e3a000 r-xp 00000000 08:01 22024414                   /lib/x86_64-linux-gnu/libnsl-2.21.so
7fa450e3a000-7fa451039000 ---p 00017000 08:01 22024414                   /lib/x86_64-linux-gnu/libnsl-2.21.so
7fa451039000-7fa45103a000 r--p 00016000 08:01 22024414                   /lib/x86_64-linux-gnu/libnsl-2.21.so
7fa45103a000-7fa45103b000 rw-p 00017000 08:01 22024414                   /lib/x86_64-linux-gnu/libnsl-2.21.so
7fa45103b000-7fa45103d000 rw-p 00000000 00:00 0 
7fa45103d000-7fa451045000 r-xp 00000000 08:01 22024416                   /lib/x86_64-linux-gnu/libnss_compat-2.21.so
7fa451045000-7fa451244000 ---p 00008000 08:01 22024416                   /lib/x86_64-linux-gnu/libnss_compat-2.21.so
7fa451244000-7fa451245000 r--p 00007000 08:01 22024416                   /lib/x86_64-linux-gnu/libnss_compat-2.21.so
7fa451245000-7fa451246000 rw-p 00008000 08:01 22024416                   /lib/x86_64-linux-gnu/libnss_compat-2.21.so
7fa451246000-7fa451273000 r-xp 00000000 08:01 20587091                   /usr/lib/jvm/java-7-openjdk-amd64/jre/lib/amd64/libjava.so
7fa451273000-7fa451472000 ---p 0002d000 08:01 20587091                   /usr/lib/jvm/java-7-openjdk-amd64/jre/lib/amd64/libjava.so
7fa451472000-7fa451473000 r--p 0002c000 08:01 20587091                   /usr/lib/jvm/java-7-openjdk-amd64/jre/lib/amd64/libjava.so
7fa451473000-7fa451475000 rw-p 0002d000 08:01 20587091                   /usr/lib/jvm/java-7-openjdk-amd64/jre/lib/amd64/libjava.so
7fa451475000-7fa451484000 r-xp 00000000 08:01 20587072                   /usr/lib/jvm/java-7-openjdk-amd64/jre/lib/amd64/libverify.so
7fa451484000-7fa451683000 ---p 0000f000 08:01 20587072                   /usr/lib/jvm/java-7-openjdk-amd64/jre/lib/amd64/libverify.so
7fa451683000-7fa451686000 r--p 0000e000 08:01 20587072                   /usr/lib/jvm/java-7-openjdk-amd64/jre/lib/amd64/libverify.so
7fa451686000-7fa451687000 rw-p 00011000 08:01 20587072                   /usr/lib/jvm/java-7-openjdk-amd64/jre/lib/amd64/libverify.so
7fa451687000-7fa45168e000 r-xp 00000000 08:01 22024475                   /lib/x86_64-linux-gnu/librt-2.21.so
7fa45168e000-7fa45188d000 ---p 00007000 08:01 22024475                   /lib/x86_64-linux-gnu/librt-2.21.so
7fa45188d000-7fa45188e000 r--p 00006000 08:01 22024475                   /lib/x86_64-linux-gnu/librt-2.21.so
7fa45188e000-7fa45188f000 rw-p 00007000 08:01 22024475                   /lib/x86_64-linux-gnu/librt-2.21.so
7fa45188f000-7fa4518a5000 r-xp 00000000 08:01 22024363                   /lib/x86_64-linux-gnu/libgcc_s.so.1
7fa4518a5000-7fa451aa4000 ---p 00016000 08:01 22024363                   /lib/x86_64-linux-gnu/libgcc_s.so.1
7fa451aa4000-7fa451aa5000 rw-p 00015000 08:01 22024363                   /lib/x86_64-linux-gnu/libgcc_s.so.1
7fa451aa5000-7fa451bac000 r-xp 00000000 08:01 22024393                   /lib/x86_64-linux-gnu/libm-2.21.so
7fa451bac000-7fa451dab000 ---p 00107000 08:01 22024393                   /lib/x86_64-linux-gnu/libm-2.21.so
7fa451dab000-7fa451dac000 r--p 00106000 08:01 22024393                   /lib/x86_64-linux-gnu/libm-2.21.so
7fa451dac000-7fa451dad000 rw-p 00107000 08:01 22024393                   /lib/x86_64-linux-gnu/libm-2.21.so
7fa451dad000-7fa451e9d000 r-xp 00000000 08:01 20456311                   /usr/lib/x86_64-linux-gnu/libstdc++.so.6.0.20
7fa451e9d000-7fa45209d000 ---p 000f0000 08:01 20456311                   /usr/lib/x86_64-linux-gnu/libstdc++.so.6.0.20
7fa45209d000-7fa4520a5000 r--p 000f0000 08:01 20456311                   /usr/lib/x86_64-linux-gnu/libstdc++.so.6.0.20
7fa4520a5000-7fa4520a7000 rw-p 000f8000 08:01 20456311                   /usr/lib/x86_64-linux-gnu/libstdc++.so.6.0.20
7fa4520a7000-7fa4520bc000 rw-p 00000000 00:00 0 
7fa4520bc000-7fa452c14000 r-xp 00000000 08:01 20587060                   /usr/lib/jvm/java-7-openjdk-amd64/jre/lib/amd64/server/libjvm.so
7fa452c14000-7fa452e13000 ---p 00b58000 08:01 20587060                   /usr/lib/jvm/java-7-openjdk-amd64/jre/lib/amd64/server/libjvm.so
7fa452e13000-7fa452eb2000 r--p 00b57000 08:01 20587060                   /usr/lib/jvm/java-7-openjdk-amd64/jre/lib/amd64/server/libjvm.so
7fa452eb2000-7fa452ed5000 rw-p 00bf6000 08:01 20587060                   /usr/lib/jvm/java-7-openjdk-amd64/jre/lib/amd64/server/libjvm.so
7fa452ed5000-7fa452f02000 rw-p 00000000 00:00 0 
7fa452f02000-7fa452f1b000 r-xp 00000000 08:01 22024508                   /lib/x86_64-linux-gnu/libz.so.1.2.8
7fa452f1b000-7fa45311b000 ---p 00019000 08:01 22024508                   /lib/x86_64-linux-gnu/libz.so.1.2.8
7fa45311b000-7fa45311c000 r--p 00019000 08:01 22024508                   /lib/x86_64-linux-gnu/libz.so.1.2.8
7fa45311c000-7fa45311d000 rw-p 0001a000 08:01 22024508                   /lib/x86_64-linux-gnu/libz.so.1.2.8
7fa45311d000-7fa453135000 r-xp 00000000 08:01 22024467                   /lib/x86_64-linux-gnu/libpthread-2.21.so
7fa453135000-7fa453335000 ---p 00018000 08:01 22024467                   /lib/x86_64-linux-gnu/libpthread-2.21.so
7fa453335000-7fa453336000 r--p 00018000 08:01 22024467                   /lib/x86_64-linux-gnu/libpthread-2.21.so
7fa453336000-7fa453337000 rw-p 00019000 08:01 22024467                   /lib/x86_64-linux-gnu/libpthread-2.21.so
7fa453337000-7fa45333b000 rw-p 00000000 00:00 0 
7fa45333b000-7fa45333e000 r-xp 00000000 08:01 22024351                   /lib/x86_64-linux-gnu/libdl-2.21.so
7fa45333e000-7fa45353d000 ---p 00003000 08:01 22024351                   /lib/x86_64-linux-gnu/libdl-2.21.so
7fa45353d000-7fa45353e000 r--p 00002000 08:01 22024351                   /lib/x86_64-linux-gnu/libdl-2.21.so
7fa45353e000-7fa45353f000 rw-p 00003000 08:01 22024351                   /lib/x86_64-linux-gnu/libdl-2.21.so
7fa45353f000-7fa4536ff000 r-xp 00000000 08:01 22024334                   /lib/x86_64-linux-gnu/libc-2.21.so
7fa4536ff000-7fa4538ff000 ---p 001c0000 08:01 22024334                   /lib/x86_64-linux-gnu/libc-2.21.so
7fa4538ff000-7fa453903000 r--p 001c0000 08:01 22024334                   /lib/x86_64-linux-gnu/libc-2.21.so
7fa453903000-7fa453905000 rw-p 001c4000 08:01 22024334                   /lib/x86_64-linux-gnu/libc-2.21.so
7fa453905000-7fa453909000 rw-p 00000000 00:00 0 
7fa453909000-7fa453916000 r-xp 00000000 08:01 20587057                   /usr/lib/jvm/java-7-openjdk-amd64/jre/lib/amd64/jli/libjli.so
7fa453916000-7fa453b15000 ---p 0000d000 08:01 20587057                   /usr/lib/jvm/java-7-openjdk-amd64/jre/lib/amd64/jli/libjli.so
7fa453b15000-7fa453b16000 r--p 0000c000 08:01 20587057                   /usr/lib/jvm/java-7-openjdk-amd64/jre/lib/amd64/jli/libjli.so
7fa453b16000-7fa453b17000 rw-p 0000d000 08:01 20587057                   /usr/lib/jvm/java-7-openjdk-amd64/jre/lib/amd64/jli/libjli.so
7fa453b17000-7fa453b3b000 r-xp 00000000 08:01 22024306                   /lib/x86_64-linux-gnu/ld-2.21.so
7fa453b44000-7fa453b53000 r--s 000dd000 08:01 21636737                   /home/sharan/Android/Sdk/build-tools/21.1.2/lib/dx.jar
7fa453b53000-7fa453b63000 rw-p 00000000 00:00 0 
7fa453b63000-7fa453c13000 rw-p 00000000 00:00 0 
7fa453c13000-7fa453c16000 ---p 00000000 00:00 0 
7fa453c16000-7fa453d1a000 rw-p 00000000 00:00 0                          [stack:16036]
7fa453d1a000-7fa453d1e000 r--s 00034000 08:01 20587040                   /usr/lib/jvm/java-7-openjdk-amd64/jre/lib/ext/sunjce_provider.jar
7fa453d1e000-7fa453d22000 r--s 0003c000 08:01 20587041                   /usr/lib/jvm/java-7-openjdk-amd64/jre/lib/ext/sunpkcs11.jar
7fa453d22000-7fa453d25000 r--s 0000f000 08:01 20587042                   /usr/lib/jvm/java-7-openjdk-amd64/jre/lib/ext/icedtea-sound.jar
7fa453d25000-7fa453d29000 r--s 00085000 08:01 20587038                   /usr/lib/jvm/java-7-openjdk-amd64/jre/lib/ext/localedata.jar
7fa453d29000-7fa453d2b000 r--s 00012000 08:01 20587043                   /usr/lib/jvm/java-7-openjdk-amd64/jre/lib/ext/zipfs.jar
7fa453d2b000-7fa453d2d000 r--s 00006000 08:01 20971724                   /usr/share/java/java-atk-wrapper.jar
7fa453d2d000-7fa453d2e000 r--s 00002000 08:01 20587039                   /usr/lib/jvm/java-7-openjdk-amd64/jre/lib/ext/dnsns.jar
7fa453d2e000-7fa453d36000 rw-s 00000000 08:01 3014699                    /tmp/hsperfdata_sharan/16032
7fa453d36000-7fa453d37000 rw-p 00000000 00:00 0 
7fa453d37000-7fa453d38000 ---p 00000000 00:00 0 
7fa453d38000-7fa453d3a000 rw-p 00000000 00:00 0 
7fa453d3a000-7fa453d3b000 r--p 00023000 08:01 22024306                   /lib/x86_64-linux-gnu/ld-2.21.so
7fa453d3b000-7fa453d3c000 rw-p 00024000 08:01 22024306                   /lib/x86_64-linux-gnu/ld-2.21.so
7fa453d3c000-7fa453d3d000 rw-p 00000000 00:00 0 
7ffe138c5000-7ffe138e6000 rw-p 00000000 00:00 0                          [stack]
7ffe139fc000-7ffe139fe000 r--p 00000000 00:00 0                          [vvar]
7ffe139fe000-7ffe13a00000 r-xp 00000000 00:00 0                          [vdso]
ffffffffff600000-ffffffffff601000 r-xp 00000000 00:00 0                  [vsyscall]

VM Arguments:
jvm_args: -Xmx4g -Dfile.encoding=UTF-8 -Duser.country=IN -Duser.language=en -Duser.variant 
java_command: com.android.dx.command.Main --dex --force-jumbo --multi-dex --main-dex-list /home/sharan/Dropbox/Muser/muser/build/intermediates/multi-dex/debug/maindexlist.txt --output /home/sharan/Dropbox/Muser/muser/build/intermediates/dex/debug /home/sharan/Dropbox/Muser/muser/build/intermediates/multi-dex/debug/allclasses.jar
Launcher Type: SUN_STANDARD

Environment Variables:
JAVA_HOME=/usr/lib/jvm/java-8-oracle
PATH=/usr/local/sbin:/usr/local/bin:/usr/sbin:/usr/bin:/sbin:/bin:/usr/games:/usr/local/games:/usr/lib/jvm/java-8-oracle/bin:/usr/lib/jvm/java-8-oracle/db/bin:/usr/lib/jvm/java-8-oracle/jre/bin
LD_LIBRARY_PATH=/opt/android-studio/bin:
SHELL=/bin/bash
DISPLAY=:0

Signal Handlers:
SIGSEGV: [libjvm.so+0x98ac50], sa_mask[0]=0x7ffbfeff, sa_flags=0x10000004
SIGBUS: [libjvm.so+0x98ac50], sa_mask[0]=0x7ffbfeff, sa_flags=0x10000004
SIGFPE: [libjvm.so+0x7f8ab0], sa_mask[0]=0x7ffbfeff, sa_flags=0x10000004
SIGPIPE: [libjvm.so+0x7f8ab0], sa_mask[0]=0x7ffbfeff, sa_flags=0x10000004
SIGXFSZ: [libjvm.so+0x7f8ab0], sa_mask[0]=0x7ffbfeff, sa_flags=0x10000004
SIGILL: [libjvm.so+0x7f8ab0], sa_mask[0]=0x7ffbfeff, sa_flags=0x10000004
SIGUSR1: SIG_DFL, sa_mask[0]=0x00000000, sa_flags=0x00000000
SIGUSR2: [libjvm.so+0x7f8930], sa_mask[0]=0x00000004, sa_flags=0x10000004
SIGHUP: [libjvm.so+0x7f8b30], sa_mask[0]=0x7ffbfeff, sa_flags=0x10000004
SIGINT: [libjvm.so+0x7f8b30], sa_mask[0]=0x7ffbfeff, sa_flags=0x10000004
SIGTERM: [libjvm.so+0x7f8b30], sa_mask[0]=0x7ffbfeff, sa_flags=0x10000004
SIGQUIT: [libjvm.so+0x7f8b30], sa_mask[0]=0x7ffbfeff, sa_flags=0x10000004
SIGTRAP: SIG_DFL, sa_mask[0]=0x00000000, sa_flags=0x00000000


---------------  S Y S T E M  ---------------

OS:Ubuntu 15.04 (vivid)
uname:Linux 3.19.0-26-generic #28-Ubuntu SMP Tue Aug 11 14:16:32 UTC 2015 x86_64
libc:glibc 2.21 NPTL 2.21 
rlimit: STACK 8192k, CORE 0k, NPROC 31366, NOFILE 65536, AS infinity
load average:6.80 4.54 3.09

/proc/meminfo:
MemTotal:        8052020 kB
MemFree:          119804 kB
MemAvailable:     101728 kB
Buffers:            9412 kB
Cached:          1422168 kB
SwapCached:            0 kB
Active:          6406632 kB
Inactive:        1330488 kB
Active(anon):    6378844 kB
Inactive(anon):  1279268 kB
Active(file):      27788 kB
Inactive(file):    51220 kB
Unevictable:          32 kB
Mlocked:              32 kB
SwapTotal:             0 kB
SwapFree:              0 kB
Dirty:               148 kB
Writeback:             0 kB
AnonPages:       6305852 kB
Mapped:           571944 kB
Shmem:           1352076 kB
Slab:              92528 kB
SReclaimable:      53780 kB
SUnreclaim:        38748 kB
KernelStack:       11568 kB
PageTables:        48744 kB
NFS_Unstable:          0 kB
Bounce:                0 kB
WritebackTmp:          0 kB
CommitLimit:     4026008 kB
Committed_AS:   14713044 kB
VmallocTotal:   34359738367 kB
VmallocUsed:      358844 kB
VmallocChunk:   34359320344 kB
HardwareCorrupted:     0 kB
AnonHugePages:   3450880 kB
CmaTotal:              0 kB
CmaFree:               0 kB
HugePages_Total:       0
HugePages_Free:        0
HugePages_Rsvd:        0
HugePages_Surp:        0
Hugepagesize:       2048 kB
DirectMap4k:      177212 kB
DirectMap2M:     8087552 kB
DirectMap1G:           0 kB


CPU:total 4 (2 cores per cpu, 2 threads per core) family 6 model 60 stepping 3, cmov, cx8, fxsr, mmx, sse, sse2, sse3, ssse3, sse4.1, sse4.2, popcnt, avx, avx2, aes, erms, ht, tsc, tscinvbit

/proc/cpuinfo:
processor	: 0
vendor_id	: GenuineIntel
cpu family	: 6
model		: 60
model name	: Intel(R) Core(TM) i3-4150 CPU @ 3.50GHz
stepping	: 3
microcode	: 0x12
cpu MHz		: 3499.863
cache size	: 3072 KB
physical id	: 0
siblings	: 4
core id		: 0
cpu cores	: 2
apicid		: 0
initial apicid	: 0
fpu		: yes
fpu_exception	: yes
cpuid level	: 13
wp		: yes
flags		: fpu vme de pse tsc msr pae mce cx8 apic sep mtrr pge mca cmov pat pse36 clflush dts acpi mmx fxsr sse sse2 ss ht tm pbe syscall nx pdpe1gb rdtscp lm constant_tsc arch_perfmon pebs bts rep_good nopl xtopology nonstop_tsc aperfmperf eagerfpu pni pclmulqdq dtes64 monitor ds_cpl vmx est tm2 ssse3 fma cx16 xtpr pdcm pcid sse4_1 sse4_2 movbe popcnt tsc_deadline_timer aes xsave avx f16c rdrand lahf_lm abm arat pln pts dtherm tpr_shadow vnmi flexpriority ept vpid fsgsbase tsc_adjust bmi1 avx2 smep bmi2 erms invpcid xsaveopt
bugs		:
bogomips	: 6983.43
clflush size	: 64
cache_alignment	: 64
address sizes	: 39 bits physical, 48 bits virtual
power management:

processor	: 1
vendor_id	: GenuineIntel
cpu family	: 6
model		: 60
model name	: Intel(R) Core(TM) i3-4150 CPU @ 3.50GHz
stepping	: 3
microcode	: 0x12
cpu MHz		: 3499.863
cache size	: 3072 KB
physical id	: 0
siblings	: 4
core id		: 1
cpu cores	: 2
apicid		: 2
initial apicid	: 2
fpu		: yes
fpu_exception	: yes
cpuid level	: 13
wp		: yes
flags		: fpu vme de pse tsc msr pae mce cx8 apic sep mtrr pge mca cmov pat pse36 clflush dts acpi mmx fxsr sse sse2 ss ht tm pbe syscall nx pdpe1gb rdtscp lm constant_tsc arch_perfmon pebs bts rep_good nopl xtopology nonstop_tsc aperfmperf eagerfpu pni pclmulqdq dtes64 monitor ds_cpl vmx est tm2 ssse3 fma cx16 xtpr pdcm pcid sse4_1 sse4_2 movbe popcnt tsc_deadline_timer aes xsave avx f16c rdrand lahf_lm abm arat pln pts dtherm tpr_shadow vnmi flexpriority ept vpid fsgsbase tsc_adjust bmi1 avx2 smep bmi2 erms invpcid xsaveopt
bugs		:
bogomips	: 6983.43
clflush size	: 64
cache_alignment	: 64
address sizes	: 39 bits physical, 48 bits virtual
power management:

processor	: 2
vendor_id	: GenuineIntel
cpu family	: 6
model		: 60
model name	: Intel(R) Core(TM) i3-4150 CPU @ 3.50GHz
stepping	: 3
microcode	: 0x12
cpu MHz		: 3499.863
cache size	: 3072 KB
physical id	: 0
siblings	: 4
core id		: 0
cpu cores	: 2
apicid		: 1
initial apicid	: 1
fpu		: yes
fpu_exception	: yes
cpuid level	: 13
wp		: yes
flags		: fpu vme de pse tsc msr pae mce cx8 apic sep mtrr pge mca cmov pat pse36 clflush dts acpi mmx fxsr sse sse2 ss ht tm pbe syscall nx pdpe1gb rdtscp lm constant_tsc arch_perfmon pebs bts rep_good nopl xtopology nonstop_tsc aperfmperf eagerfpu pni pclmulqdq dtes64 monitor ds_cpl vmx est tm2 ssse3 fma cx16 xtpr pdcm pcid sse4_1 sse4_2 movbe popcnt tsc_deadline_timer aes xsave avx f16c rdrand lahf_lm abm arat pln pts dtherm tpr_shadow vnmi flexpriority ept vpid fsgsbase tsc_adjust bmi1 avx2 smep bmi2 erms invpcid xsaveopt
bugs		:
bogomips	: 6983.43
clflush size	: 64
cache_alignment	: 64
address sizes	: 39 bits physical, 48 bits virtual
power management:

processor	: 3
vendor_id	: GenuineIntel
cpu family	: 6
model		: 60
model name	: Intel(R) Core(TM) i3-4150 CPU @ 3.50GHz
stepping	: 3
microcode	: 0x12
cpu MHz		: 3499.863
cache size	: 3072 KB
physical id	: 0
siblings	: 4
core id		: 1
cpu cores	: 2
apicid		: 3
initial apicid	: 3
fpu		: yes
fpu_exception	: yes
cpuid level	: 13
wp		: yes
flags		: fpu vme de pse tsc msr pae mce cx8 apic sep mtrr pge mca cmov pat pse36 clflush dts acpi mmx fxsr sse sse2 ss ht tm pbe syscall nx pdpe1gb rdtscp lm constant_tsc arch_perfmon pebs bts rep_good nopl xtopology nonstop_tsc aperfmperf eagerfpu pni pclmulqdq dtes64 monitor ds_cpl vmx est tm2 ssse3 fma cx16 xtpr pdcm pcid sse4_1 sse4_2 movbe popcnt tsc_deadline_timer aes xsave avx f16c rdrand lahf_lm abm arat pln pts dtherm tpr_shadow vnmi flexpriority ept vpid fsgsbase tsc_adjust bmi1 avx2 smep bmi2 erms invpcid xsaveopt
bugs		:
bogomips	: 6983.43
clflush size	: 64
cache_alignment	: 64
address sizes	: 39 bits physical, 48 bits virtual
power management:



Memory: 4k page, physical 8052020k(119804k free), swap 0k(0k free)

vm_info: OpenJDK 64-Bit Server VM (24.79-b02) for linux-amd64 JRE (1.7.0_79-b14), built on Jul 24 2015 05:24:39 by "buildd" with gcc 4.9.2

time: Tue Jan  5 18:59:14 2016
elapsed time: 36 seconds

