#
# There is insufficient memory for the Java Runtime Environment to continue.
# Native memory allocation (malloc) failed to allocate 268959744 bytes for committing reserved memory.
# Possible reasons:
#   The system is out of physical RAM or swap space
#   In 32 bit mode, the process size limit was hit
# Possible solutions:
#   Reduce memory load on the system
#   Increase physical memory or swap space
#   Check if swap backing store is full
#   Use 64 bit Java on a 64 bit OS
#   Decrease Java heap size (-Xmx/-Xms)
#   Decrease number of Java threads
#   Decrease Java thread stack sizes (-Xss)
#   Set larger code cache with -XX:ReservedCodeCacheSize=
# This output file may be truncated or incomplete.
#
#  Out of Memory Error (os_linux.cpp:2809), pid=11787, tid=139874341447424
#
# JRE version: OpenJDK Runtime Environment (7.0_79-b14) (build 1.7.0_79-b14)
# Java VM: OpenJDK 64-Bit Server VM (24.79-b02 mixed mode linux-amd64 compressed oops)
# Derivative: IcedTea 2.5.6
# Distribution: Ubuntu 15.04, package 7u79-2.5.6-0ubuntu1.15.04.1
# Failed to write core dump. Core dumps have been disabled. To enable core dumping, try "ulimit -c unlimited" before starting Java again
#

---------------  T H R E A D  ---------------

Current thread (0x00007f370c13e000):  VMThread [stack: 0x00007f37085f6000,0x00007f37086f7000] [id=11797]

Stack: [0x00007f37085f6000,0x00007f37086f7000],  sp=0x00007f37086f54c0,  free space=1021k
Native frames: (J=compiled Java code, j=interpreted, Vv=VM code, C=native code)
V  [libjvm.so+0x98a166]  VMError::report_and_die()+0x186
V  [libjvm.so+0x48f932]  report_vm_out_of_memory(char const*, int, unsigned long, char const*)+0x92
V  [libjvm.so+0x7fd56b]  os::pd_commit_memory(char*, unsigned long, unsigned long, bool)+0xeb
V  [libjvm.so+0x7f7c4e]  os::commit_memory(char*, unsigned long, unsigned long, bool)+0x2e
V  [libjvm.so+0x86a56b]  PSVirtualSpace::expand_by(unsigned long)+0x5b
V  [libjvm.so+0x858d5a]  PSOldGen::expand_by(unsigned long) [clone .part.29]+0x2a
V  [libjvm.so+0x858f10]  PSOldGen::expand(unsigned long) [clone .part.30]+0xc0
V  [libjvm.so+0x859ea8]  PSOldGen::resize(unsigned long)+0x198
V  [libjvm.so+0x861524]  PSParallelCompact::invoke_no_policy(bool) [clone .part.122]+0x994
V  [libjvm.so+0x867e85]  PSScavenge::invoke()+0x1a5
V  [libjvm.so+0x81fb73]  ParallelScavengeHeap::failed_mem_allocate(unsigned long)+0x63
V  [libjvm.so+0x98ba32]  VM_ParallelGCFailedAllocation::doit()+0x92
V  [libjvm.so+0x9902e7]  VM_Operation::evaluate()+0x47
V  [libjvm.so+0x98e8cb]  VMThread::evaluate_operation(VM_Operation*)+0xab
V  [libjvm.so+0x98ef76]  VMThread::loop()+0x1e6
V  [libjvm.so+0x98f441]  VMThread::run()+0x81
V  [libjvm.so+0x7fa492]  java_start(Thread*)+0xf2

VM_Operation (0x00007f3715b6ff80): ParallelGCFailedAllocation, mode: safepoint, requested by thread 0x00007f370c00b000


---------------  P R O C E S S  ---------------

Java Threads: ( => current thread )
  0x00007f370c1d2000 JavaThread "Service Thread" daemon [_thread_blocked, id=11803, stack(0x00007f36ea789000,0x00007f36ea88a000)]
  0x00007f370c1c8800 JavaThread "C2 CompilerThread1" daemon [_thread_blocked, id=11802, stack(0x00007f36ea88a000,0x00007f36ea98b000)]
  0x00007f370c1c6800 JavaThread "C2 CompilerThread0" daemon [_thread_blocked, id=11801, stack(0x00007f36ea98b000,0x00007f36eaa8c000)]
  0x00007f370c16f800 JavaThread "Signal Dispatcher" daemon [_thread_blocked, id=11800, stack(0x00007f37082f3000,0x00007f37083f4000)]
  0x00007f370c144800 JavaThread "Finalizer" daemon [_thread_blocked, id=11799, stack(0x00007f37083f4000,0x00007f37084f5000)]
  0x00007f370c142800 JavaThread "Reference Handler" daemon [_thread_blocked, id=11798, stack(0x00007f37084f5000,0x00007f37085f6000)]
  0x00007f370c00b000 JavaThread "main" [_thread_blocked, id=11792, stack(0x00007f3715a71000,0x00007f3715b72000)]

Other Threads:
=>0x00007f370c13e000 VMThread [stack: 0x00007f37085f6000,0x00007f37086f7000] [id=11797]
  0x00007f370c1e4800 WatcherThread [stack: 0x00007f36ea688000,0x00007f36ea789000] [id=11804]

VM state:at safepoint (normal execution)

VM Mutex/Monitor currently owned by a thread:  ([mutex/lock_event])
[0x00007f370c007310] ExpandHeap_lock - owner thread: 0x00007f370c13e000
[0x00007f370c007990] Threads_lock - owner thread: 0x00007f370c13e000
[0x00007f370c007e90] Heap_lock - owner thread: 0x00007f370c00b000

Heap
 PSYoungGen      total 709632K, used 88237K [0x00000007aaa80000, 0x00000007e4380000, 0x0000000800000000)
  eden space 530432K, 0% used [0x00000007aaa80000,0x00000007aaa80000,0x00000007cb080000)
  from space 179200K, 49% used [0x00000007d6500000,0x00000007dbb2b4e8,0x00000007e1400000)
  to   space 184832K, 0% used [0x00000007cb080000,0x00000007cb080000,0x00000007d6500000)
 ParOldGen       total 488960K, used 488456K [0x0000000700000000, 0x000000071dd80000, 0x00000007aaa80000)
  object space 488960K, 99% used [0x0000000700000000,0x000000071dd02040,0x000000071dd80000)
 PSPermGen       total 21504K, used 6291K [0x00000006f5a00000, 0x00000006f6f00000, 0x0000000700000000)
  object space 21504K, 29% used [0x00000006f5a00000,0x00000006f6024f28,0x00000006f6f00000)

Card table byte_map: [0x00007f3711c00000,0x00007f3712454000] byte_map_base: 0x00007f370e453000

Polling page: 0x00007f3715b95000

Code Cache  [0x00007f3709000000, 0x00007f3709410000, 0x00007f370c000000)
 total_blobs=1311 nmethods=1081 adapters=183 free_code_cache=45329Kb largest_free_block=46078656

Compilation events (10 events):
Event: 20.610 Thread 0x00007f370c1c8800 nmethod 1145 0x00007f37091ef4d0 code [0x00007f37091ef620, 0x00007f37091ef6e8]
Event: 20.684 Thread 0x00007f370c1c6800 nmethod 1119 0x00007f37092f8ed0 code [0x00007f37092fa720, 0x00007f3709302400]
Event: 20.798 Thread 0x00007f370c1c8800 1146   !         java.util.zip.ZipFile$ZipFileInflaterInputStream::close (67 bytes)
Event: 20.808 Thread 0x00007f370c1c8800 nmethod 1146 0x00007f37092c0510 code [0x00007f37092c0720, 0x00007f37092c18e0]
Event: 20.886 Thread 0x00007f370c1c8800 1148             java.util.TimeZone::getDefaultInAppContext (69 bytes)
Event: 20.886 Thread 0x00007f370c1c6800 1147             java.util.TimeZone::getDefaultRef (40 bytes)
Event: 20.886 Thread 0x00007f370c1c8800 nmethod 1148 0x00007f370907f410 code [0x00007f370907f540, 0x00007f370907f578]
Event: 20.886 Thread 0x00007f370c1c6800 nmethod 1147 0x00007f37092c02d0 code [0x00007f37092c0400, 0x00007f37092c0478]
Event: 20.979 Thread 0x00007f370c1c8800 1149             com.android.dx.dex.file.ClassDefItem::addDirectMethod (9 bytes)
Event: 20.980 Thread 0x00007f370c1c8800 nmethod 1149 0x00007f37091eedd0 code [0x00007f37091eef40, 0x00007f37091ef1b8]

GC Heap History (10 events):
Event: 16.955 GC heap after
Heap after GC invocations=19 (full 4):
 PSYoungGen      total 496128K, used 54806K [0x00000007aaa80000, 0x00000007cf280000, 0x0000000800000000)
  eden space 397312K, 0% used [0x00000007aaa80000,0x00000007aaa80000,0x00000007c2e80000)
  from space 98816K, 55% used [0x00000007c9200000,0x00000007cc7858c0,0x00000007cf280000)
  to   space 100352K, 0% used [0x00000007c2e80000,0x00000007c2e80000,0x00000007c9080000)
 ParOldGen       total 488960K, used 278049K [0x0000000700000000, 0x000000071dd80000, 0x00000007aaa80000)
  object space 488960K, 56% used [0x0000000700000000,0x0000000710f886b0,0x000000071dd80000)
 PSPermGen       total 21504K, used 6223K [0x00000006f5a00000, 0x00000006f6f00000, 0x0000000700000000)
  object space 21504K, 28% used [0x00000006f5a00000,0x00000006f6013c70,0x00000006f6f00000)
}
Event: 17.633 GC heap before
{Heap before GC invocations=20 (full 4):
 PSYoungGen      total 496128K, used 452118K [0x00000007aaa80000, 0x00000007cf280000, 0x0000000800000000)
  eden space 397312K, 100% used [0x00000007aaa80000,0x00000007c2e80000,0x00000007c2e80000)
  from space 98816K, 55% used [0x00000007c9200000,0x00000007cc7858c0,0x00000007cf280000)
  to   space 100352K, 0% used [0x00000007c2e80000,0x00000007c2e80000,0x00000007c9080000)
 ParOldGen       total 488960K, used 278049K [0x0000000700000000, 0x000000071dd80000, 0x00000007aaa80000)
  object space 488960K, 56% used [0x0000000700000000,0x0000000710f886b0,0x000000071dd80000)
 PSPermGen       total 21504K, used 6241K [0x00000006f5a00000, 0x00000006f6f00000, 0x0000000700000000)
  object space 21504K, 29% used [0x00000006f5a00000,0x00000006f6018408,0x00000006f6f00000)
Event: 17.747 GC heap after
Heap after GC invocations=20 (full 4):
 PSYoungGen      total 497664K, used 100329K [0x00000007aaa80000, 0x00000007d6c00000, 0x0000000800000000)
  eden space 397312K, 0% used [0x00000007aaa80000,0x00000007aaa80000,0x00000007c2e80000)
  from space 100352K, 99% used [0x00000007c2e80000,0x00000007c907a7f8,0x00000007c9080000)
  to   space 122880K, 0% used [0x00000007cf400000,0x00000007cf400000,0x00000007d6c00000)
 ParOldGen       total 488960K, used 294509K [0x0000000700000000, 0x000000071dd80000, 0x00000007aaa80000)
  object space 488960K, 60% used [0x0000000700000000,0x0000000711f9b488,0x000000071dd80000)
 PSPermGen       total 21504K, used 6241K [0x00000006f5a00000, 0x00000006f6f00000, 0x0000000700000000)
  object space 21504K, 29% used [0x00000006f5a00000,0x00000006f6018408,0x00000006f6f00000)
}
Event: 18.511 GC heap before
{Heap before GC invocations=21 (full 4):
 PSYoungGen      total 497664K, used 497641K [0x00000007aaa80000, 0x00000007d6c00000, 0x0000000800000000)
  eden space 397312K, 100% used [0x00000007aaa80000,0x00000007c2e80000,0x00000007c2e80000)
  from space 100352K, 99% used [0x00000007c2e80000,0x00000007c907a7f8,0x00000007c9080000)
  to   space 122880K, 0% used [0x00000007cf400000,0x00000007cf400000,0x00000007d6c00000)
 ParOldGen       total 488960K, used 294509K [0x0000000700000000, 0x000000071dd80000, 0x00000007aaa80000)
  object space 488960K, 60% used [0x0000000700000000,0x0000000711f9b488,0x000000071dd80000)
 PSPermGen       total 21504K, used 6280K [0x00000006f5a00000, 0x00000006f6f00000, 0x0000000700000000)
  object space 21504K, 29% used [0x00000006f5a00000,0x00000006f6022240,0x00000006f6f00000)
Event: 18.760 GC heap after
Heap after GC invocations=21 (full 4):
 PSYoungGen      total 580608K, used 119477K [0x00000007aaa80000, 0x00000007d8380000, 0x0000000800000000)
  eden space 457728K, 0% used [0x00000007aaa80000,0x00000007aaa80000,0x00000007c6980000)
  from space 122880K, 97% used [0x00000007cf400000,0x00000007d68ad608,0x00000007d6c00000)
  to   space 141824K, 0% used [0x00000007c6980000,0x00000007c6980000,0x00000007cf400000)
 ParOldGen       total 488960K, used 338505K [0x0000000700000000, 0x000000071dd80000, 0x00000007aaa80000)
  object space 488960K, 69% used [0x0000000700000000,0x0000000714a925b8,0x000000071dd80000)
 PSPermGen       total 21504K, used 6280K [0x00000006f5a00000, 0x00000006f6f00000, 0x0000000700000000)
  object space 21504K, 29% used [0x00000006f5a00000,0x00000006f6022240,0x00000006f6f00000)
}
Event: 19.833 GC heap before
{Heap before GC invocations=22 (full 4):
 PSYoungGen      total 580608K, used 577205K [0x00000007aaa80000, 0x00000007d8380000, 0x0000000800000000)
  eden space 457728K, 100% used [0x00000007aaa80000,0x00000007c6980000,0x00000007c6980000)
  from space 122880K, 97% used [0x00000007cf400000,0x00000007d68ad608,0x00000007d6c00000)
  to   space 141824K, 0% used [0x00000007c6980000,0x00000007c6980000,0x00000007cf400000)
 ParOldGen       total 488960K, used 338505K [0x0000000700000000, 0x000000071dd80000, 0x00000007aaa80000)
  object space 488960K, 69% used [0x0000000700000000,0x0000000714a925b8,0x000000071dd80000)
 PSPermGen       total 21504K, used 6287K [0x00000006f5a00000, 0x00000006f6f00000, 0x0000000700000000)
  object space 21504K, 29% used [0x00000006f5a00000,0x00000006f6023d00,0x00000006f6f00000)
Event: 20.055 GC heap after
Heap after GC invocations=22 (full 4):
 PSYoungGen      total 599552K, used 141793K [0x00000007aaa80000, 0x00000007e1400000, 0x0000000800000000)
  eden space 457728K, 0% used [0x00000007aaa80000,0x00000007aaa80000,0x00000007c6980000)
  from space 141824K, 99% used [0x00000007c6980000,0x00000007cf3f87d8,0x00000007cf400000)
  to   space 179200K, 0% used [0x00000007d6500000,0x00000007d6500000,0x00000007e1400000)
 ParOldGen       total 488960K, used 374978K [0x0000000700000000, 0x000000071dd80000, 0x00000007aaa80000)
  object space 488960K, 76% used [0x0000000700000000,0x0000000716e30b78,0x000000071dd80000)
 PSPermGen       total 21504K, used 6287K [0x00000006f5a00000, 0x00000006f6f00000, 0x0000000700000000)
  object space 21504K, 29% used [0x00000006f5a00000,0x00000006f6023d00,0x00000006f6f00000)
}
Event: 21.015 GC heap before
{Heap before GC invocations=23 (full 4):
 PSYoungGen      total 599552K, used 599521K [0x00000007aaa80000, 0x00000007e1400000, 0x0000000800000000)
  eden space 457728K, 100% used [0x00000007aaa80000,0x00000007c6980000,0x00000007c6980000)
  from space 141824K, 99% used [0x00000007c6980000,0x00000007cf3f87d8,0x00000007cf400000)
  to   space 179200K, 0% used [0x00000007d6500000,0x00000007d6500000,0x00000007e1400000)
 ParOldGen       total 488960K, used 374978K [0x0000000700000000, 0x000000071dd80000, 0x00000007aaa80000)
  object space 488960K, 76% used [0x0000000700000000,0x0000000716e30b78,0x000000071dd80000)
 PSPermGen       total 21504K, used 6292K [0x00000006f5a00000, 0x00000006f6f00000, 0x0000000700000000)
  object space 21504K, 29% used [0x00000006f5a00000,0x00000006f6025008,0x00000006f6f00000)
Event: 27.555 GC heap after
Heap after GC invocations=23 (full 4):
 PSYoungGen      total 709632K, used 113184K [0x00000007aaa80000, 0x00000007e4380000, 0x0000000800000000)
  eden space 530432K, 0% used [0x00000007aaa80000,0x00000007aaa80000,0x00000007cb080000)
  from space 179200K, 63% used [0x00000007d6500000,0x00000007dd388150,0x00000007e1400000)
  to   space 184832K, 0% used [0x00000007cb080000,0x00000007cb080000,0x00000007d6500000)
 ParOldGen       total 488960K, used 471554K [0x0000000700000000, 0x000000071dd80000, 0x00000007aaa80000)
  object space 488960K, 96% used [0x0000000700000000,0x000000071cc809b0,0x000000071dd80000)
 PSPermGen       total 21504K, used 6292K [0x00000006f5a00000, 0x00000006f6f00000, 0x0000000700000000)
  object space 21504K, 29% used [0x00000006f5a00000,0x00000006f6025008,0x00000006f6f00000)
}
Event: 27.608 GC heap before
{Heap before GC invocations=24 (full 5):
 PSYoungGen      total 709632K, used 113184K [0x00000007aaa80000, 0x00000007e4380000, 0x0000000800000000)
  eden space 530432K, 0% used [0x00000007aaa80000,0x00000007aaa80000,0x00000007cb080000)
  from space 179200K, 63% used [0x00000007d6500000,0x00000007dd388150,0x00000007e1400000)
  to   space 184832K, 0% used [0x00000007cb080000,0x00000007cb080000,0x00000007d6500000)
 ParOldGen       total 488960K, used 471554K [0x0000000700000000, 0x000000071dd80000, 0x00000007aaa80000)
  object space 488960K, 96% used [0x0000000700000000,0x000000071cc809b0,0x000000071dd80000)
 PSPermGen       total 21504K, used 6292K [0x00000006f5a00000, 0x00000006f6f00000, 0x0000000700000000)
  object space 21504K, 29% used [0x00000006f5a00000,0x00000006f6025008,0x00000006f6f00000)

Deoptimization events (10 events):
Event: 19.143 Thread 0x00007f370c00b000 Uncommon trap: reason=class_check action=maybe_recompile pc=0x00007f37093e1ebc method=com.android.dx.ssa.back.FirstFitLocalCombiningAllocator.findNextUnreservedRopReg(IILcom/android/dx/ssa/back/FirstFitLocalCombiningAllocator$Alignment;)I @ 60
Event: 19.144 Thread 0x00007f370c00b000 Uncommon trap: reason=class_check action=maybe_recompile pc=0x00007f37093cf8b4 method=com.android.dx.ssa.back.FirstFitLocalCombiningAllocator.findNextUnreservedRopReg(IILcom/android/dx/ssa/back/FirstFitLocalCombiningAllocator$Alignment;)I @ 60
Event: 19.144 Thread 0x00007f370c00b000 Uncommon trap: reason=class_check action=maybe_recompile pc=0x00007f37093cf8b4 method=com.android.dx.ssa.back.FirstFitLocalCombiningAllocator.findNextUnreservedRopReg(IILcom/android/dx/ssa/back/FirstFitLocalCombiningAllocator$Alignment;)I @ 60
Event: 19.144 Thread 0x00007f370c00b000 Uncommon trap: reason=class_check action=maybe_recompile pc=0x00007f37093cf8b4 method=com.android.dx.ssa.back.FirstFitLocalCombiningAllocator.findNextUnreservedRopReg(IILcom/android/dx/ssa/back/FirstFitLocalCombiningAllocator$Alignment;)I @ 60
Event: 19.144 Thread 0x00007f370c00b000 Uncommon trap: reason=class_check action=maybe_recompile pc=0x00007f37093e1ebc method=com.android.dx.ssa.back.FirstFitLocalCombiningAllocator.findNextUnreservedRopReg(IILcom/android/dx/ssa/back/FirstFitLocalCombiningAllocator$Alignment;)I @ 60
Event: 19.144 Thread 0x00007f370c00b000 Uncommon trap: reason=class_check action=maybe_recompile pc=0x00007f370916bb40 method=com.android.dx.ssa.back.FirstFitLocalCombiningAllocator.findNextUnreservedRopReg(IILcom/android/dx/ssa/back/FirstFitLocalCombiningAllocator$Alignment;)I @ 60
Event: 20.403 Thread 0x00007f370c00b000 Uncommon trap: reason=null_check action=make_not_entrant pc=0x00007f37090fa79c method=com.android.dx.rop.cst.CstString.equals(Ljava/lang/Object;)Z @ 1
Event: 20.409 Thread 0x00007f370c00b000 Uncommon trap: reason=bimorphic action=maybe_recompile pc=0x00007f370936049c method=com.android.dx.cf.code.BytecodeArray.parseInstruction(ILcom/android/dx/cf/code/BytecodeArray$Visitor;)I @ 1867
Event: 20.409 Thread 0x00007f370c00b000 Uncommon trap: reason=bimorphic action=maybe_recompile pc=0x00007f370936049c method=com.android.dx.cf.code.BytecodeArray.parseInstruction(ILcom/android/dx/cf/code/BytecodeArray$Visitor;)I @ 1867
Event: 20.825 Thread 0x00007f370c00b000 Uncommon trap: reason=class_check action=maybe_recompile pc=0x00007f370929ad40 method=com.android.dx.ssa.back.FirstFitLocalCombiningAllocator.findNextUnreservedRopReg(IILcom/android/dx/ssa/back/FirstFitLocalCombiningAllocator$Alignment;)I @ 60

Internal exceptions (10 events):
Event: 8.666 Thread 0x00007f370c00b000 Threw 0x00000007b3aa6770 at /build/openjdk-7-yI9zWD/openjdk-7-7u79-2.5.6/build/openjdk/hotspot/src/share/vm/prims/jvm.cpp:1284
Event: 8.912 Thread 0x00007f370c00b000 Threw 0x00000007b8f1f268 at /build/openjdk-7-yI9zWD/openjdk-7-7u79-2.5.6/build/openjdk/hotspot/src/share/vm/prims/jvm.cpp:1284
Event: 8.931 Thread 0x00007f370c00b000 Implicit null exception at 0x00007f37092397dd to 0x00007f37092399cd
Event: 8.932 Thread 0x00007f370c00b000 Implicit null exception at 0x00007f37091c2969 to 0x00007f37091c2b3d
Event: 8.935 Thread 0x00007f370c00b000 Implicit null exception at 0x00007f37091b47b5 to 0x00007f37091b4915
Event: 10.142 Thread 0x00007f370c00b000 Threw 0x00000007ab64fc20 at /build/openjdk-7-yI9zWD/openjdk-7-7u79-2.5.6/build/openjdk/hotspot/src/share/vm/prims/jvm.cpp:1284
Event: 10.152 Thread 0x00007f370c00b000 Threw 0x00000007ab72ff50 at /build/openjdk-7-yI9zWD/openjdk-7-7u79-2.5.6/build/openjdk/hotspot/src/share/vm/prims/jvm.cpp:1284
Event: 16.819 Thread 0x00007f370c00b000 Implicit null exception at 0x00007f37092cbfd2 to 0x00007f37092cc1ad
Event: 16.819 Thread 0x00007f370c00b000 Implicit null exception at 0x00007f37094029fe to 0x00007f3709402bbd
Event: 20.403 Thread 0x00007f370c00b000 Implicit null exception at 0x00007f37090fa68c to 0x00007f37090fa78e

Events (10 events):
Event: 20.409 Thread 0x00007f370c00b000 Uncommon trap: trap_request=0xffffffc6 fr.pc=0x00007f370936049c
Event: 20.409 Thread 0x00007f370c00b000 DEOPT PACKING pc=0x00007f370936049c sp=0x00007f3715b6ff00
Event: 20.409 Thread 0x00007f370c00b000 DEOPT UNPACKING pc=0x00007f3709039445 sp=0x00007f3715b6fec0 mode 2
Event: 20.409 Thread 0x00007f370c00b000 Uncommon trap: trap_request=0xffffffc6 fr.pc=0x00007f370936049c
Event: 20.409 Thread 0x00007f370c00b000 DEOPT PACKING pc=0x00007f370936049c sp=0x00007f3715b6fe20
Event: 20.409 Thread 0x00007f370c00b000 DEOPT UNPACKING pc=0x00007f3709039445 sp=0x00007f3715b6fde0 mode 2
Event: 20.825 Thread 0x00007f370c00b000 Uncommon trap: trap_request=0xffffffde fr.pc=0x00007f370929ad40
Event: 20.825 Thread 0x00007f370c00b000 DEOPT PACKING pc=0x00007f370929ad40 sp=0x00007f3715b70090
Event: 20.825 Thread 0x00007f370c00b000 DEOPT UNPACKING pc=0x00007f3709039445 sp=0x00007f3715b6ff40 mode 2
Event: 21.015 Executing VM operation: ParallelGCFailedAllocation


Dynamic libraries:
00400000-00401000 r-xp 00000000 08:01 20712222                           /usr/lib/jvm/java-7-openjdk-amd64/jre/bin/java
00600000-00601000 r--p 00000000 08:01 20712222                           /usr/lib/jvm/java-7-openjdk-amd64/jre/bin/java
00601000-00602000 rw-p 00001000 08:01 20712222                           /usr/lib/jvm/java-7-openjdk-amd64/jre/bin/java
02295000-022b6000 rw-p 00000000 00:00 0                                  [heap]
6f5a00000-6f6f00000 rw-p 00000000 00:00 0 
6f6f00000-700000000 rw-p 00000000 00:00 0 
700000000-71dd80000 rw-p 00000000 00:00 0 
72de00000-7aaa80000 rw-p 00000000 00:00 0 
7aaa80000-7e4380000 rw-p 00000000 00:00 0 
7e4380000-800000000 rw-p 00000000 00:00 0 
7f36cc000000-7f36cc021000 rw-p 00000000 00:00 0 
7f36cc021000-7f36d0000000 ---p 00000000 00:00 0 
7f36d0000000-7f36d0021000 rw-p 00000000 00:00 0 
7f36d0021000-7f36d4000000 ---p 00000000 00:00 0 
7f36d4000000-7f36d610c000 rw-p 00000000 00:00 0 
7f36d610c000-7f36d8000000 ---p 00000000 00:00 0 
7f36d8000000-7f36d929d000 rw-p 00000000 00:00 0 
7f36d929d000-7f36dc000000 ---p 00000000 00:00 0 
7f36dc000000-7f36dc021000 rw-p 00000000 00:00 0 
7f36dc021000-7f36e0000000 ---p 00000000 00:00 0 
7f36e0000000-7f36e0021000 rw-p 00000000 00:00 0 
7f36e0021000-7f36e4000000 ---p 00000000 00:00 0 
7f36e4000000-7f36e4021000 rw-p 00000000 00:00 0 
7f36e4021000-7f36e8000000 ---p 00000000 00:00 0 
7f36e8bc3000-7f36e8ec4000 rw-p 00000000 00:00 0 
7f36e8ec4000-7f36e8f30000 r-xp 00000000 08:01 22020192                   /lib/x86_64-linux-gnu/libpcre.so.3.13.1
7f36e8f30000-7f36e912f000 ---p 0006c000 08:01 22020192                   /lib/x86_64-linux-gnu/libpcre.so.3.13.1
7f36e912f000-7f36e9130000 r--p 0006b000 08:01 22020192                   /lib/x86_64-linux-gnu/libpcre.so.3.13.1
7f36e9130000-7f36e9131000 rw-p 0006c000 08:01 22020192                   /lib/x86_64-linux-gnu/libpcre.so.3.13.1
7f36e9131000-7f36e9138000 r-xp 00000000 08:01 20455638                   /usr/lib/x86_64-linux-gnu/libffi.so.6.0.4
7f36e9138000-7f36e9337000 ---p 00007000 08:01 20455638                   /usr/lib/x86_64-linux-gnu/libffi.so.6.0.4
7f36e9337000-7f36e9338000 r--p 00006000 08:01 20455638                   /usr/lib/x86_64-linux-gnu/libffi.so.6.0.4
7f36e9338000-7f36e9339000 rw-p 00007000 08:01 20455638                   /usr/lib/x86_64-linux-gnu/libffi.so.6.0.4
7f36e9339000-7f36e9350000 r-xp 00000000 08:01 22024473                   /lib/x86_64-linux-gnu/libresolv-2.21.so
7f36e9350000-7f36e9550000 ---p 00017000 08:01 22024473                   /lib/x86_64-linux-gnu/libresolv-2.21.so
7f36e9550000-7f36e9552000 r--p 00017000 08:01 22024473                   /lib/x86_64-linux-gnu/libresolv-2.21.so
7f36e9552000-7f36e9553000 rw-p 00019000 08:01 22024473                   /lib/x86_64-linux-gnu/libresolv-2.21.so
7f36e9553000-7f36e9555000 rw-p 00000000 00:00 0 
7f36e9555000-7f36e9576000 r-xp 00000000 08:01 22024477                   /lib/x86_64-linux-gnu/libselinux.so.1
7f36e9576000-7f36e9775000 ---p 00021000 08:01 22024477                   /lib/x86_64-linux-gnu/libselinux.so.1
7f36e9775000-7f36e9776000 r--p 00020000 08:01 22024477                   /lib/x86_64-linux-gnu/libselinux.so.1
7f36e9776000-7f36e9777000 rw-p 00021000 08:01 22024477                   /lib/x86_64-linux-gnu/libselinux.so.1
7f36e9777000-7f36e9779000 rw-p 00000000 00:00 0 
7f36e9779000-7f36e977c000 r-xp 00000000 08:01 20447655                   /usr/lib/x86_64-linux-gnu/libgmodule-2.0.so.0.4400.1
7f36e977c000-7f36e997b000 ---p 00003000 08:01 20447655                   /usr/lib/x86_64-linux-gnu/libgmodule-2.0.so.0.4400.1
7f36e997b000-7f36e997c000 r--p 00002000 08:01 20447655                   /usr/lib/x86_64-linux-gnu/libgmodule-2.0.so.0.4400.1
7f36e997c000-7f36e997d000 rw-p 00003000 08:01 20447655                   /usr/lib/x86_64-linux-gnu/libgmodule-2.0.so.0.4400.1
7f36e997d000-7f36e9a8a000 r-xp 00000000 08:01 22024241                   /lib/x86_64-linux-gnu/libglib-2.0.so.0.4400.1
7f36e9a8a000-7f36e9c89000 ---p 0010d000 08:01 22024241                   /lib/x86_64-linux-gnu/libglib-2.0.so.0.4400.1
7f36e9c89000-7f36e9c8a000 r--p 0010c000 08:01 22024241                   /lib/x86_64-linux-gnu/libglib-2.0.so.0.4400.1
7f36e9c8a000-7f36e9c8b000 rw-p 0010d000 08:01 22024241                   /lib/x86_64-linux-gnu/libglib-2.0.so.0.4400.1
7f36e9c8b000-7f36e9c8c000 rw-p 00000000 00:00 0 
7f36e9c8c000-7f36e9cdc000 r-xp 00000000 08:01 20447615                   /usr/lib/x86_64-linux-gnu/libgobject-2.0.so.0.4400.1
7f36e9cdc000-7f36e9edc000 ---p 00050000 08:01 20447615                   /usr/lib/x86_64-linux-gnu/libgobject-2.0.so.0.4400.1
7f36e9edc000-7f36e9edd000 r--p 00050000 08:01 20447615                   /usr/lib/x86_64-linux-gnu/libgobject-2.0.so.0.4400.1
7f36e9edd000-7f36e9ede000 rw-p 00051000 08:01 20447615                   /usr/lib/x86_64-linux-gnu/libgobject-2.0.so.0.4400.1
7f36e9ede000-7f36ea056000 r-xp 00000000 08:01 20447637                   /usr/lib/x86_64-linux-gnu/libgio-2.0.so.0.4400.1
7f36ea056000-7f36ea256000 ---p 00178000 08:01 20447637                   /usr/lib/x86_64-linux-gnu/libgio-2.0.so.0.4400.1
7f36ea256000-7f36ea25a000 r--p 00178000 08:01 20447637                   /usr/lib/x86_64-linux-gnu/libgio-2.0.so.0.4400.1
7f36ea25a000-7f36ea25c000 rw-p 0017c000 08:01 20447637                   /usr/lib/x86_64-linux-gnu/libgio-2.0.so.0.4400.1
7f36ea25c000-7f36ea25e000 rw-p 00000000 00:00 0 
7f36ea25e000-7f36ea275000 r-xp 00000000 08:01 20587083                   /usr/lib/jvm/java-7-openjdk-amd64/jre/lib/amd64/libnet.so
7f36ea275000-7f36ea474000 ---p 00017000 08:01 20587083                   /usr/lib/jvm/java-7-openjdk-amd64/jre/lib/amd64/libnet.so
7f36ea474000-7f36ea475000 r--p 00016000 08:01 20587083                   /usr/lib/jvm/java-7-openjdk-amd64/jre/lib/amd64/libnet.so
7f36ea475000-7f36ea476000 rw-p 00017000 08:01 20587083                   /usr/lib/jvm/java-7-openjdk-amd64/jre/lib/amd64/libnet.so
7f36ea476000-7f36ea487000 r-xp 00000000 08:01 20587088                   /usr/lib/jvm/java-7-openjdk-amd64/jre/lib/amd64/libnio.so
7f36ea487000-7f36ea686000 ---p 00011000 08:01 20587088                   /usr/lib/jvm/java-7-openjdk-amd64/jre/lib/amd64/libnio.so
7f36ea686000-7f36ea687000 r--p 00010000 08:01 20587088                   /usr/lib/jvm/java-7-openjdk-amd64/jre/lib/amd64/libnio.so
7f36ea687000-7f36ea688000 rw-p 00011000 08:01 20587088                   /usr/lib/jvm/java-7-openjdk-amd64/jre/lib/amd64/libnio.so
7f36ea688000-7f36ea689000 ---p 00000000 00:00 0 
7f36ea689000-7f36ea789000 rw-p 00000000 00:00 0                          [stack:11804]
7f36ea789000-7f36ea78c000 ---p 00000000 00:00 0 
7f36ea78c000-7f36ea88a000 rw-p 00000000 00:00 0                          [stack:11803]
7f36ea88a000-7f36ea88d000 ---p 00000000 00:00 0 
7f36ea88d000-7f36ea98b000 rw-p 00000000 00:00 0                          [stack:11802]
7f36ea98b000-7f36ea98e000 ---p 00000000 00:00 0 
7f36ea98e000-7f36eaa8c000 rw-p 00000000 00:00 0                          [stack:11801]
7f36eaa8c000-7f36eaa91000 r-xp 00000000 08:01 20455330                   /usr/lib/x86_64-linux-gnu/libXdmcp.so.6.0.0
7f36eaa91000-7f36eac90000 ---p 00005000 08:01 20455330                   /usr/lib/x86_64-linux-gnu/libXdmcp.so.6.0.0
7f36eac90000-7f36eac91000 r--p 00004000 08:01 20455330                   /usr/lib/x86_64-linux-gnu/libXdmcp.so.6.0.0
7f36eac91000-7f36eac92000 rw-p 00005000 08:01 20455330                   /usr/lib/x86_64-linux-gnu/libXdmcp.so.6.0.0
7f36eac92000-7f36eac94000 r-xp 00000000 08:01 20455319                   /usr/lib/x86_64-linux-gnu/libXau.so.6.0.0
7f36eac94000-7f36eae94000 ---p 00002000 08:01 20455319                   /usr/lib/x86_64-linux-gnu/libXau.so.6.0.0
7f36eae94000-7f36eae95000 r--p 00002000 08:01 20455319                   /usr/lib/x86_64-linux-gnu/libXau.so.6.0.0
7f36eae95000-7f36eae96000 rw-p 00003000 08:01 20455319                   /usr/lib/x86_64-linux-gnu/libXau.so.6.0.0
7f36eae96000-7f36eaeb3000 r-xp 00000000 08:01 20456517                   /usr/lib/x86_64-linux-gnu/libxcb.so.1.1.0
7f36eaeb3000-7f36eb0b3000 ---p 0001d000 08:01 20456517                   /usr/lib/x86_64-linux-gnu/libxcb.so.1.1.0
7f36eb0b3000-7f36eb0b4000 r--p 0001d000 08:01 20456517                   /usr/lib/x86_64-linux-gnu/libxcb.so.1.1.0
7f36eb0b4000-7f36eb0b5000 rw-p 0001e000 08:01 20456517                   /usr/lib/x86_64-linux-gnu/libxcb.so.1.1.0
7f36eb0b5000-7f36eb1e8000 r-xp 00000000 08:01 20455315                   /usr/lib/x86_64-linux-gnu/libX11.so.6.3.0
7f36eb1e8000-7f36eb3e8000 ---p 00133000 08:01 20455315                   /usr/lib/x86_64-linux-gnu/libX11.so.6.3.0
7f36eb3e8000-7f36eb3e9000 r--p 00133000 08:01 20455315                   /usr/lib/x86_64-linux-gnu/libX11.so.6.3.0
7f36eb3e9000-7f36eb3ed000 rw-p 00134000 08:01 20455315                   /usr/lib/x86_64-linux-gnu/libX11.so.6.3.0
7f36eb3ed000-7f36eb3ee000 rw-p 00000000 00:00 0 
7f36eb3ee000-7f36ebad0000 r--p 00000000 08:01 20454393                   /usr/lib/locale/locale-archive
7f36ebad0000-7f36f4000000 rw-p 00000000 00:00 0 
7f36f4000000-7f36f4021000 rw-p 00000000 00:00 0 
7f36f4021000-7f36f8000000 ---p 00000000 00:00 0 
7f36f8000000-7f36f823f000 rw-p 00000000 00:00 0 
7f36f823f000-7f36fc000000 ---p 00000000 00:00 0 
7f36fc000000-7f36fc021000 rw-p 00000000 00:00 0 
7f36fc021000-7f3700000000 ---p 00000000 00:00 0 
7f3700000000-7f3700021000 rw-p 00000000 00:00 0 
7f3700021000-7f3704000000 ---p 00000000 00:00 0 
7f3704000000-7f3704021000 rw-p 00000000 00:00 0 
7f3704021000-7f3708000000 ---p 00000000 00:00 0 
7f37080f0000-7f37080f2000 r-xp 00000000 08:01 20452766                   /usr/lib/jayatana/libjayatanaag.so
7f37080f2000-7f37082f1000 ---p 00002000 08:01 20452766                   /usr/lib/jayatana/libjayatanaag.so
7f37082f1000-7f37082f2000 r--p 00001000 08:01 20452766                   /usr/lib/jayatana/libjayatanaag.so
7f37082f2000-7f37082f3000 rw-p 00002000 08:01 20452766                   /usr/lib/jayatana/libjayatanaag.so
7f37082f3000-7f37082f6000 ---p 00000000 00:00 0 
7f37082f6000-7f37083f4000 rw-p 00000000 00:00 0                          [stack:11800]
7f37083f4000-7f37083f7000 ---p 00000000 00:00 0 
7f37083f7000-7f37084f5000 rw-p 00000000 00:00 0                          [stack:11799]
7f37084f5000-7f37084f8000 ---p 00000000 00:00 0 
7f37084f8000-7f37085f6000 rw-p 00000000 00:00 0                          [stack:11798]
7f37085f6000-7f37085f7000 ---p 00000000 00:00 0 
7f37085f7000-7f3709000000 rw-p 00000000 00:00 0                          [stack:11797]
7f3709000000-7f3709410000 rwxp 00000000 00:00 0 
7f3709410000-7f370c41c000 rw-p 00000000 00:00 0 
7f370c41c000-7f3710000000 ---p 00000000 00:00 0 
7f371000f000-7f37100db000 r--s 00939000 08:01 30016571                   /home/sharan/AndroidStudioProjects/Muser/muser/build/intermediates/multi-dex/debug/allclasses.jar
7f37100db000-7f371072a000 rw-p 00000000 00:00 0 
7f371072a000-7f37108db000 r--s 01d29000 08:01 20587021                   /usr/lib/jvm/java-7-openjdk-amd64/jre/lib/rt.jar
7f37108db000-7f3711253000 rw-p 00000000 00:00 0 
7f3711253000-7f3711254000 ---p 00000000 00:00 0 
7f3711254000-7f3711354000 rw-p 00000000 00:00 0                          [stack:11796]
7f3711354000-7f3711355000 ---p 00000000 00:00 0 
7f3711355000-7f3711455000 rw-p 00000000 00:00 0                          [stack:11795]
7f3711455000-7f3711456000 ---p 00000000 00:00 0 
7f3711456000-7f3711556000 rw-p 00000000 00:00 0                          [stack:11794]
7f3711556000-7f3711557000 ---p 00000000 00:00 0 
7f3711557000-7f3711662000 rw-p 00000000 00:00 0                          [stack:11793]
7f3711662000-7f37116aa000 rw-p 00000000 00:00 0 
7f37116aa000-7f3711799000 rw-p 00000000 00:00 0 
7f3711799000-7f3711c00000 rw-p 00000000 00:00 0 
7f3711c00000-7f3711c0b000 rw-p 00000000 00:00 0 
7f3711c0b000-7f3711c53000 rw-p 00000000 00:00 0 
7f3711c53000-7f3711d42000 rw-p 00000000 00:00 0 
7f3711d42000-7f37121a8000 rw-p 00000000 00:00 0 
7f37121a8000-7f3712375000 rw-p 00000000 00:00 0 
7f3712375000-7f3712453000 rw-p 00000000 00:00 0 
7f3712453000-7f3712454000 rw-p 00000000 00:00 0 
7f3712454000-7f371245c000 r-xp 00000000 08:01 20587054                   /usr/lib/jvm/java-7-openjdk-amd64/jre/lib/amd64/libzip.so
7f371245c000-7f371265b000 ---p 00008000 08:01 20587054                   /usr/lib/jvm/java-7-openjdk-amd64/jre/lib/amd64/libzip.so
7f371265b000-7f371265c000 r--p 00007000 08:01 20587054                   /usr/lib/jvm/java-7-openjdk-amd64/jre/lib/amd64/libzip.so
7f371265c000-7f371265d000 rw-p 00008000 08:01 20587054                   /usr/lib/jvm/java-7-openjdk-amd64/jre/lib/amd64/libzip.so
7f371265d000-7f3712669000 r-xp 00000000 08:01 22024420                   /lib/x86_64-linux-gnu/libnss_files-2.21.so
7f3712669000-7f3712868000 ---p 0000c000 08:01 22024420                   /lib/x86_64-linux-gnu/libnss_files-2.21.so
7f3712868000-7f3712869000 r--p 0000b000 08:01 22024420                   /lib/x86_64-linux-gnu/libnss_files-2.21.so
7f3712869000-7f371286a000 rw-p 0000c000 08:01 22024420                   /lib/x86_64-linux-gnu/libnss_files-2.21.so
7f371286a000-7f3712875000 r-xp 00000000 08:01 22024430                   /lib/x86_64-linux-gnu/libnss_nis-2.21.so
7f3712875000-7f3712a74000 ---p 0000b000 08:01 22024430                   /lib/x86_64-linux-gnu/libnss_nis-2.21.so
7f3712a74000-7f3712a75000 r--p 0000a000 08:01 22024430                   /lib/x86_64-linux-gnu/libnss_nis-2.21.so
7f3712a75000-7f3712a76000 rw-p 0000b000 08:01 22024430                   /lib/x86_64-linux-gnu/libnss_nis-2.21.so
7f3712a76000-7f3712a8d000 r-xp 00000000 08:01 22024414                   /lib/x86_64-linux-gnu/libnsl-2.21.so
7f3712a8d000-7f3712c8c000 ---p 00017000 08:01 22024414                   /lib/x86_64-linux-gnu/libnsl-2.21.so
7f3712c8c000-7f3712c8d000 r--p 00016000 08:01 22024414                   /lib/x86_64-linux-gnu/libnsl-2.21.so
7f3712c8d000-7f3712c8e000 rw-p 00017000 08:01 22024414                   /lib/x86_64-linux-gnu/libnsl-2.21.so
7f3712c8e000-7f3712c90000 rw-p 00000000 00:00 0 
7f3712c90000-7f3712c98000 r-xp 00000000 08:01 22024416                   /lib/x86_64-linux-gnu/libnss_compat-2.21.so
7f3712c98000-7f3712e97000 ---p 00008000 08:01 22024416                   /lib/x86_64-linux-gnu/libnss_compat-2.21.so
7f3712e97000-7f3712e98000 r--p 00007000 08:01 22024416                   /lib/x86_64-linux-gnu/libnss_compat-2.21.so
7f3712e98000-7f3712e99000 rw-p 00008000 08:01 22024416                   /lib/x86_64-linux-gnu/libnss_compat-2.21.so
7f3712e99000-7f3712ea3000 r-xp 00000000 08:01 20587084                   /usr/lib/jvm/java-7-openjdk-amd64/jre/lib/amd64/libinstrument.so
7f3712ea3000-7f37130a2000 ---p 0000a000 08:01 20587084                   /usr/lib/jvm/java-7-openjdk-amd64/jre/lib/amd64/libinstrument.so
7f37130a2000-7f37130a3000 r--p 00009000 08:01 20587084                   /usr/lib/jvm/java-7-openjdk-amd64/jre/lib/amd64/libinstrument.so
7f37130a3000-7f37130a4000 rw-p 0000a000 08:01 20587084                   /usr/lib/jvm/java-7-openjdk-amd64/jre/lib/amd64/libinstrument.so
7f37130a4000-7f37130d1000 r-xp 00000000 08:01 20587091                   /usr/lib/jvm/java-7-openjdk-amd64/jre/lib/amd64/libjava.so
7f37130d1000-7f37132d0000 ---p 0002d000 08:01 20587091                   /usr/lib/jvm/java-7-openjdk-amd64/jre/lib/amd64/libjava.so
7f37132d0000-7f37132d1000 r--p 0002c000 08:01 20587091                   /usr/lib/jvm/java-7-openjdk-amd64/jre/lib/amd64/libjava.so
7f37132d1000-7f37132d3000 rw-p 0002d000 08:01 20587091                   /usr/lib/jvm/java-7-openjdk-amd64/jre/lib/amd64/libjava.so
7f37132d3000-7f37132e2000 r-xp 00000000 08:01 20587072                   /usr/lib/jvm/java-7-openjdk-amd64/jre/lib/amd64/libverify.so
7f37132e2000-7f37134e1000 ---p 0000f000 08:01 20587072                   /usr/lib/jvm/java-7-openjdk-amd64/jre/lib/amd64/libverify.so
7f37134e1000-7f37134e4000 r--p 0000e000 08:01 20587072                   /usr/lib/jvm/java-7-openjdk-amd64/jre/lib/amd64/libverify.so
7f37134e4000-7f37134e5000 rw-p 00011000 08:01 20587072                   /usr/lib/jvm/java-7-openjdk-amd64/jre/lib/amd64/libverify.so
7f37134e5000-7f37134ec000 r-xp 00000000 08:01 22024475                   /lib/x86_64-linux-gnu/librt-2.21.so
7f37134ec000-7f37136eb000 ---p 00007000 08:01 22024475                   /lib/x86_64-linux-gnu/librt-2.21.so
7f37136eb000-7f37136ec000 r--p 00006000 08:01 22024475                   /lib/x86_64-linux-gnu/librt-2.21.so
7f37136ec000-7f37136ed000 rw-p 00007000 08:01 22024475                   /lib/x86_64-linux-gnu/librt-2.21.so
7f37136ed000-7f3713703000 r-xp 00000000 08:01 22024363                   /lib/x86_64-linux-gnu/libgcc_s.so.1
7f3713703000-7f3713902000 ---p 00016000 08:01 22024363                   /lib/x86_64-linux-gnu/libgcc_s.so.1
7f3713902000-7f3713903000 rw-p 00015000 08:01 22024363                   /lib/x86_64-linux-gnu/libgcc_s.so.1
7f3713903000-7f3713a0a000 r-xp 00000000 08:01 22024393                   /lib/x86_64-linux-gnu/libm-2.21.so
7f3713a0a000-7f3713c09000 ---p 00107000 08:01 22024393                   /lib/x86_64-linux-gnu/libm-2.21.so
7f3713c09000-7f3713c0a000 r--p 00106000 08:01 22024393                   /lib/x86_64-linux-gnu/libm-2.21.so
7f3713c0a000-7f3713c0b000 rw-p 00107000 08:01 22024393                   /lib/x86_64-linux-gnu/libm-2.21.so
7f3713c0b000-7f3713cfb000 r-xp 00000000 08:01 20456311                   /usr/lib/x86_64-linux-gnu/libstdc++.so.6.0.20
7f3713cfb000-7f3713efb000 ---p 000f0000 08:01 20456311                   /usr/lib/x86_64-linux-gnu/libstdc++.so.6.0.20
7f3713efb000-7f3713f03000 r--p 000f0000 08:01 20456311                   /usr/lib/x86_64-linux-gnu/libstdc++.so.6.0.20
7f3713f03000-7f3713f05000 rw-p 000f8000 08:01 20456311                   /usr/lib/x86_64-linux-gnu/libstdc++.so.6.0.20
7f3713f05000-7f3713f1a000 rw-p 00000000 00:00 0 
7f3713f1a000-7f3714a72000 r-xp 00000000 08:01 20587060                   /usr/lib/jvm/java-7-openjdk-amd64/jre/lib/amd64/server/libjvm.so
7f3714a72000-7f3714c71000 ---p 00b58000 08:01 20587060                   /usr/lib/jvm/java-7-openjdk-amd64/jre/lib/amd64/server/libjvm.so
7f3714c71000-7f3714d10000 r--p 00b57000 08:01 20587060                   /usr/lib/jvm/java-7-openjdk-amd64/jre/lib/amd64/server/libjvm.so
7f3714d10000-7f3714d33000 rw-p 00bf6000 08:01 20587060                   /usr/lib/jvm/java-7-openjdk-amd64/jre/lib/amd64/server/libjvm.so
7f3714d33000-7f3714d60000 rw-p 00000000 00:00 0 
7f3714d60000-7f3714d79000 r-xp 00000000 08:01 22024508                   /lib/x86_64-linux-gnu/libz.so.1.2.8
7f3714d79000-7f3714f79000 ---p 00019000 08:01 22024508                   /lib/x86_64-linux-gnu/libz.so.1.2.8
7f3714f79000-7f3714f7a000 r--p 00019000 08:01 22024508                   /lib/x86_64-linux-gnu/libz.so.1.2.8
7f3714f7a000-7f3714f7b000 rw-p 0001a000 08:01 22024508                   /lib/x86_64-linux-gnu/libz.so.1.2.8
7f3714f7b000-7f3714f93000 r-xp 00000000 08:01 22024467                   /lib/x86_64-linux-gnu/libpthread-2.21.so
7f3714f93000-7f3715193000 ---p 00018000 08:01 22024467                   /lib/x86_64-linux-gnu/libpthread-2.21.so
7f3715193000-7f3715194000 r--p 00018000 08:01 22024467                   /lib/x86_64-linux-gnu/libpthread-2.21.so
7f3715194000-7f3715195000 rw-p 00019000 08:01 22024467                   /lib/x86_64-linux-gnu/libpthread-2.21.so
7f3715195000-7f3715199000 rw-p 00000000 00:00 0 
7f3715199000-7f371519c000 r-xp 00000000 08:01 22024351                   /lib/x86_64-linux-gnu/libdl-2.21.so
7f371519c000-7f371539b000 ---p 00003000 08:01 22024351                   /lib/x86_64-linux-gnu/libdl-2.21.so
7f371539b000-7f371539c000 r--p 00002000 08:01 22024351                   /lib/x86_64-linux-gnu/libdl-2.21.so
7f371539c000-7f371539d000 rw-p 00003000 08:01 22024351                   /lib/x86_64-linux-gnu/libdl-2.21.so
7f371539d000-7f371555d000 r-xp 00000000 08:01 22024334                   /lib/x86_64-linux-gnu/libc-2.21.so
7f371555d000-7f371575d000 ---p 001c0000 08:01 22024334                   /lib/x86_64-linux-gnu/libc-2.21.so
7f371575d000-7f3715761000 r--p 001c0000 08:01 22024334                   /lib/x86_64-linux-gnu/libc-2.21.so
7f3715761000-7f3715763000 rw-p 001c4000 08:01 22024334                   /lib/x86_64-linux-gnu/libc-2.21.so
7f3715763000-7f3715767000 rw-p 00000000 00:00 0 
7f3715767000-7f3715774000 r-xp 00000000 08:01 20587057                   /usr/lib/jvm/java-7-openjdk-amd64/jre/lib/amd64/jli/libjli.so
7f3715774000-7f3715973000 ---p 0000d000 08:01 20587057                   /usr/lib/jvm/java-7-openjdk-amd64/jre/lib/amd64/jli/libjli.so
7f3715973000-7f3715974000 r--p 0000c000 08:01 20587057                   /usr/lib/jvm/java-7-openjdk-amd64/jre/lib/amd64/jli/libjli.so
7f3715974000-7f3715975000 rw-p 0000d000 08:01 20587057                   /usr/lib/jvm/java-7-openjdk-amd64/jre/lib/amd64/jli/libjli.so
7f3715975000-7f3715999000 r-xp 00000000 08:01 22024306                   /lib/x86_64-linux-gnu/ld-2.21.so
7f37159a1000-7f37159a2000 rw-p 00000000 00:00 0 
7f37159a2000-7f37159b1000 r--s 000dd000 08:01 21636737                   /home/sharan/Android/Sdk/build-tools/21.1.2/lib/dx.jar
7f37159b1000-7f37159c2000 rw-p 00000000 00:00 0 
7f37159c2000-7f3715a71000 rw-p 00000000 00:00 0 
7f3715a71000-7f3715a74000 ---p 00000000 00:00 0 
7f3715a74000-7f3715b77000 rw-p 00000000 00:00 0                          [stack:11792]
7f3715b77000-7f3715b78000 r--s 00000000 08:01 20979860                   /usr/share/java/jayatanaag.jar
7f3715b78000-7f3715b7c000 r--s 00034000 08:01 20587040                   /usr/lib/jvm/java-7-openjdk-amd64/jre/lib/ext/sunjce_provider.jar
7f3715b7c000-7f3715b80000 r--s 0003c000 08:01 20587041                   /usr/lib/jvm/java-7-openjdk-amd64/jre/lib/ext/sunpkcs11.jar
7f3715b80000-7f3715b83000 r--s 0000f000 08:01 20587042                   /usr/lib/jvm/java-7-openjdk-amd64/jre/lib/ext/icedtea-sound.jar
7f3715b83000-7f3715b87000 r--s 00085000 08:01 20587038                   /usr/lib/jvm/java-7-openjdk-amd64/jre/lib/ext/localedata.jar
7f3715b87000-7f3715b89000 r--s 00012000 08:01 20587043                   /usr/lib/jvm/java-7-openjdk-amd64/jre/lib/ext/zipfs.jar
7f3715b89000-7f3715b8b000 r--s 00006000 08:01 20971724                   /usr/share/java/java-atk-wrapper.jar
7f3715b8b000-7f3715b8c000 r--s 00002000 08:01 20587039                   /usr/lib/jvm/java-7-openjdk-amd64/jre/lib/ext/dnsns.jar
7f3715b8c000-7f3715b94000 rw-s 00000000 08:01 3016146                    /tmp/hsperfdata_sharan/11787
7f3715b94000-7f3715b95000 rw-p 00000000 00:00 0 
7f3715b95000-7f3715b96000 ---p 00000000 00:00 0 
7f3715b96000-7f3715b98000 rw-p 00000000 00:00 0 
7f3715b98000-7f3715b99000 r--p 00023000 08:01 22024306                   /lib/x86_64-linux-gnu/ld-2.21.so
7f3715b99000-7f3715b9a000 rw-p 00024000 08:01 22024306                   /lib/x86_64-linux-gnu/ld-2.21.so
7f3715b9a000-7f3715b9b000 rw-p 00000000 00:00 0 
7ffee757c000-7ffee759d000 rw-p 00000000 00:00 0                          [stack]
7ffee75fa000-7ffee75fc000 r--p 00000000 00:00 0                          [vvar]
7ffee75fc000-7ffee75fe000 r-xp 00000000 00:00 0                          [vdso]
ffffffffff600000-ffffffffff601000 r-xp 00000000 00:00 0                  [vsyscall]

VM Arguments:
jvm_args: -javaagent:/usr/share/java/jayatanaag.jar -Xmx4g -Dfile.encoding=UTF-8 -Duser.country=IN -Duser.language=en -Duser.variant 
java_command: com.android.dx.command.Main --dex --force-jumbo --multi-dex --main-dex-list /home/sharan/AndroidStudioProjects/Muser/muser/build/intermediates/multi-dex/debug/maindexlist.txt --output /home/sharan/AndroidStudioProjects/Muser/muser/build/intermediates/dex/debug /home/sharan/AndroidStudioProjects/Muser/muser/build/intermediates/multi-dex/debug/allclasses.jar
Launcher Type: SUN_STANDARD

Environment Variables:
JAVA_HOME=/usr/lib/jvm/java-8-oracle
JAVA_TOOL_OPTIONS=-javaagent:/usr/share/java/jayatanaag.jar 
PATH=/usr/local/sbin:/usr/local/bin:/usr/sbin:/usr/bin:/sbin:/bin:/usr/games:/usr/local/games:/usr/lib/jvm/java-8-oracle/bin:/usr/lib/jvm/java-8-oracle/db/bin:/usr/lib/jvm/java-8-oracle/jre/bin
LD_LIBRARY_PATH=/opt/android-studio/bin:
SHELL=/bin/bash
DISPLAY=:0

Signal Handlers:
SIGSEGV: [libjvm.so+0x98ac50], sa_mask[0]=0x7ffbfeff, sa_flags=0x10000004
SIGBUS: [libjvm.so+0x98ac50], sa_mask[0]=0x7ffbfeff, sa_flags=0x10000004
SIGFPE: [libjvm.so+0x7f8ab0], sa_mask[0]=0x7ffbfeff, sa_flags=0x10000004
SIGPIPE: [libjvm.so+0x7f8ab0], sa_mask[0]=0x7ffbfeff, sa_flags=0x10000004
SIGXFSZ: [libjvm.so+0x7f8ab0], sa_mask[0]=0x7ffbfeff, sa_flags=0x10000004
SIGILL: [libjvm.so+0x7f8ab0], sa_mask[0]=0x7ffbfeff, sa_flags=0x10000004
SIGUSR1: SIG_DFL, sa_mask[0]=0x00000000, sa_flags=0x00000000
SIGUSR2: [libjvm.so+0x7f8930], sa_mask[0]=0x00000004, sa_flags=0x10000004
SIGHUP: [libjvm.so+0x7f8b30], sa_mask[0]=0x7ffbfeff, sa_flags=0x10000004
SIGINT: [libjvm.so+0x7f8b30], sa_mask[0]=0x7ffbfeff, sa_flags=0x10000004
SIGTERM: [libjvm.so+0x7f8b30], sa_mask[0]=0x7ffbfeff, sa_flags=0x10000004
SIGQUIT: [libjvm.so+0x7f8b30], sa_mask[0]=0x7ffbfeff, sa_flags=0x10000004
SIGTRAP: SIG_DFL, sa_mask[0]=0x00000000, sa_flags=0x00000000


---------------  S Y S T E M  ---------------

OS:Ubuntu 15.04 (vivid)
uname:Linux 3.19.0-26-generic #28-Ubuntu SMP Tue Aug 11 14:16:32 UTC 2015 x86_64
libc:glibc 2.21 NPTL 2.21 
rlimit: STACK 8192k, CORE 0k, NPROC 31366, NOFILE 65536, AS infinity
load average:7.10 3.96 3.06

/proc/meminfo:
MemTotal:        8052020 kB
MemFree:          139712 kB
MemAvailable:     124644 kB
Buffers:             772 kB
Cached:          1537816 kB
SwapCached:            0 kB
Active:          6324408 kB
Inactive:        1388568 kB
Active(anon):    6274516 kB
Inactive(anon):  1347704 kB
Active(file):      49892 kB
Inactive(file):    40864 kB
Unevictable:          32 kB
Mlocked:              32 kB
SwapTotal:             0 kB
SwapFree:              0 kB
Dirty:               212 kB
Writeback:             0 kB
AnonPages:       6174684 kB
Mapped:           734064 kB
Shmem:           1447496 kB
Slab:              89280 kB
SReclaimable:      48048 kB
SUnreclaim:        41232 kB
KernelStack:       12928 kB
PageTables:        53904 kB
NFS_Unstable:          0 kB
Bounce:                0 kB
WritebackTmp:          0 kB
CommitLimit:     4026008 kB
Committed_AS:   14422840 kB
VmallocTotal:   34359738367 kB
VmallocUsed:      359964 kB
VmallocChunk:   34359286872 kB
HardwareCorrupted:     0 kB
AnonHugePages:   4558848 kB
CmaTotal:              0 kB
CmaFree:               0 kB
HugePages_Total:       0
HugePages_Free:        0
HugePages_Rsvd:        0
HugePages_Surp:        0
Hugepagesize:       2048 kB
DirectMap4k:      175164 kB
DirectMap2M:     7041024 kB
DirectMap1G:     1048576 kB


CPU:total 4 (2 cores per cpu, 2 threads per core) family 6 model 60 stepping 3, cmov, cx8, fxsr, mmx, sse, sse2, sse3, ssse3, sse4.1, sse4.2, popcnt, avx, avx2, aes, erms, ht, tsc, tscinvbit

/proc/cpuinfo:
processor	: 0
vendor_id	: GenuineIntel
cpu family	: 6
model		: 60
model name	: Intel(R) Core(TM) i3-4150 CPU @ 3.50GHz
stepping	: 3
microcode	: 0x12
cpu MHz		: 3500.000
cache size	: 3072 KB
physical id	: 0
siblings	: 4
core id		: 0
cpu cores	: 2
apicid		: 0
initial apicid	: 0
fpu		: yes
fpu_exception	: yes
cpuid level	: 13
wp		: yes
flags		: fpu vme de pse tsc msr pae mce cx8 apic sep mtrr pge mca cmov pat pse36 clflush dts acpi mmx fxsr sse sse2 ss ht tm pbe syscall nx pdpe1gb rdtscp lm constant_tsc arch_perfmon pebs bts rep_good nopl xtopology nonstop_tsc aperfmperf eagerfpu pni pclmulqdq dtes64 monitor ds_cpl vmx est tm2 ssse3 fma cx16 xtpr pdcm pcid sse4_1 sse4_2 movbe popcnt tsc_deadline_timer aes xsave avx f16c rdrand lahf_lm abm arat pln pts dtherm tpr_shadow vnmi flexpriority ept vpid fsgsbase tsc_adjust bmi1 avx2 smep bmi2 erms invpcid xsaveopt
bugs		:
bogomips	: 6983.79
clflush size	: 64
cache_alignment	: 64
address sizes	: 39 bits physical, 48 bits virtual
power management:

processor	: 1
vendor_id	: GenuineIntel
cpu family	: 6
model		: 60
model name	: Intel(R) Core(TM) i3-4150 CPU @ 3.50GHz
stepping	: 3
microcode	: 0x12
cpu MHz		: 3500.000
cache size	: 3072 KB
physical id	: 0
siblings	: 4
core id		: 1
cpu cores	: 2
apicid		: 2
initial apicid	: 2
fpu		: yes
fpu_exception	: yes
cpuid level	: 13
wp		: yes
flags		: fpu vme de pse tsc msr pae mce cx8 apic sep mtrr pge mca cmov pat pse36 clflush dts acpi mmx fxsr sse sse2 ss ht tm pbe syscall nx pdpe1gb rdtscp lm constant_tsc arch_perfmon pebs bts rep_good nopl xtopology nonstop_tsc aperfmperf eagerfpu pni pclmulqdq dtes64 monitor ds_cpl vmx est tm2 ssse3 fma cx16 xtpr pdcm pcid sse4_1 sse4_2 movbe popcnt tsc_deadline_timer aes xsave avx f16c rdrand lahf_lm abm arat pln pts dtherm tpr_shadow vnmi flexpriority ept vpid fsgsbase tsc_adjust bmi1 avx2 smep bmi2 erms invpcid xsaveopt
bugs		:
bogomips	: 6983.79
clflush size	: 64
cache_alignment	: 64
address sizes	: 39 bits physical, 48 bits virtual
power management:

processor	: 2
vendor_id	: GenuineIntel
cpu family	: 6
model		: 60
model name	: Intel(R) Core(TM) i3-4150 CPU @ 3.50GHz
stepping	: 3
microcode	: 0x12
cpu MHz		: 3499.863
cache size	: 3072 KB
physical id	: 0
siblings	: 4
core id		: 0
cpu cores	: 2
apicid		: 1
initial apicid	: 1
fpu		: yes
fpu_exception	: yes
cpuid level	: 13
wp		: yes
flags		: fpu vme de pse tsc msr pae mce cx8 apic sep mtrr pge mca cmov pat pse36 clflush dts acpi mmx fxsr sse sse2 ss ht tm pbe syscall nx pdpe1gb rdtscp lm constant_tsc arch_perfmon pebs bts rep_good nopl xtopology nonstop_tsc aperfmperf eagerfpu pni pclmulqdq dtes64 monitor ds_cpl vmx est tm2 ssse3 fma cx16 xtpr pdcm pcid sse4_1 sse4_2 movbe popcnt tsc_deadline_timer aes xsave avx f16c rdrand lahf_lm abm arat pln pts dtherm tpr_shadow vnmi flexpriority ept vpid fsgsbase tsc_adjust bmi1 avx2 smep bmi2 erms invpcid xsaveopt
bugs		:
bogomips	: 6983.79
clflush size	: 64
cache_alignment	: 64
address sizes	: 39 bits physical, 48 bits virtual
power management:

processor	: 3
vendor_id	: GenuineIntel
cpu family	: 6
model		: 60
model name	: Intel(R) Core(TM) i3-4150 CPU @ 3.50GHz
stepping	: 3
microcode	: 0x12
cpu MHz		: 3500.136
cache size	: 3072 KB
physical id	: 0
siblings	: 4
core id		: 1
cpu cores	: 2
apicid		: 3
initial apicid	: 3
fpu		: yes
fpu_exception	: yes
cpuid level	: 13
wp		: yes
flags		: fpu vme de pse tsc msr pae mce cx8 apic sep mtrr pge mca cmov pat pse36 clflush dts acpi mmx fxsr sse sse2 ss ht tm pbe syscall nx pdpe1gb rdtscp lm constant_tsc arch_perfmon pebs bts rep_good nopl xtopology nonstop_tsc aperfmperf eagerfpu pni pclmulqdq dtes64 monitor ds_cpl vmx est tm2 ssse3 fma cx16 xtpr pdcm pcid sse4_1 sse4_2 movbe popcnt tsc_deadline_timer aes xsave avx f16c rdrand lahf_lm abm arat pln pts dtherm tpr_shadow vnmi flexpriority ept vpid fsgsbase tsc_adjust bmi1 avx2 smep bmi2 erms invpcid xsaveopt
bugs		:
bogomips	: 6983.79
clflush size	: 64
cache_alignment	: 64
address sizes	: 39 bits physical, 48 bits virtual
power management:



Memory: 4k page, physical 8052020k(139712k free), swap 0k(0k free)

vm_info: OpenJDK 64-Bit Server VM (24.79-b02) for linux-amd64 JRE (1.7.0_79-b14), built on Jul 24 2015 05:24:39 by "buildd" with gcc 4.9.2

time: Tue Nov  3 15:09:48 2015
elapsed time: 31 seconds

