#
# There is insufficient memory for the Java Runtime Environment to continue.
# Native memory allocation (malloc) failed to allocate 335544320 bytes for committing reserved memory.
# Possible reasons:
#   The system is out of physical RAM or swap space
#   In 32 bit mode, the process size limit was hit
# Possible solutions:
#   Reduce memory load on the system
#   Increase physical memory or swap space
#   Check if swap backing store is full
#   Use 64 bit Java on a 64 bit OS
#   Decrease Java heap size (-Xmx/-Xms)
#   Decrease number of Java threads
#   Decrease Java thread stack sizes (-Xss)
#   Set larger code cache with -XX:ReservedCodeCacheSize=
# This output file may be truncated or incomplete.
#
#  Out of Memory Error (os_linux.cpp:2809), pid=26295, tid=140168950413056
#
# JRE version: OpenJDK Runtime Environment (7.0_79-b14) (build 1.7.0_79-b14)
# Java VM: OpenJDK 64-Bit Server VM (24.79-b02 mixed mode linux-amd64 compressed oops)
# Derivative: IcedTea 2.5.6
# Distribution: Ubuntu 15.04, package 7u79-2.5.6-0ubuntu1.15.04.1
# Failed to write core dump. Core dumps have been disabled. To enable core dumping, try "ulimit -c unlimited" before starting Java again
#

---------------  T H R E A D  ---------------

Current thread (0x00007f7ba413e000):  VMThread [stack: 0x00007f7ba06f7000,0x00007f7ba07f8000] [id=26305]

Stack: [0x00007f7ba06f7000,0x00007f7ba07f8000],  sp=0x00007f7ba07f64c0,  free space=1021k
Native frames: (J=compiled Java code, j=interpreted, Vv=VM code, C=native code)
V  [libjvm.so+0x98a166]  VMError::report_and_die()+0x186
V  [libjvm.so+0x48f932]  report_vm_out_of_memory(char const*, int, unsigned long, char const*)+0x92
V  [libjvm.so+0x7fd56b]  os::pd_commit_memory(char*, unsigned long, unsigned long, bool)+0xeb
V  [libjvm.so+0x7f7c4e]  os::commit_memory(char*, unsigned long, unsigned long, bool)+0x2e
V  [libjvm.so+0x86a56b]  PSVirtualSpace::expand_by(unsigned long)+0x5b
V  [libjvm.so+0x858d5a]  PSOldGen::expand_by(unsigned long) [clone .part.29]+0x2a
V  [libjvm.so+0x858f10]  PSOldGen::expand(unsigned long) [clone .part.30]+0xc0
V  [libjvm.so+0x859ea8]  PSOldGen::resize(unsigned long)+0x198
V  [libjvm.so+0x861524]  PSParallelCompact::invoke_no_policy(bool) [clone .part.122]+0x994
V  [libjvm.so+0x867e85]  PSScavenge::invoke()+0x1a5
V  [libjvm.so+0x81fb73]  ParallelScavengeHeap::failed_mem_allocate(unsigned long)+0x63
V  [libjvm.so+0x98ba32]  VM_ParallelGCFailedAllocation::doit()+0x92
V  [libjvm.so+0x9902e7]  VM_Operation::evaluate()+0x47
V  [libjvm.so+0x98e8cb]  VMThread::evaluate_operation(VM_Operation*)+0xab
V  [libjvm.so+0x98ef76]  VMThread::loop()+0x1e6
V  [libjvm.so+0x98f441]  VMThread::run()+0x81
V  [libjvm.so+0x7fa492]  java_start(Thread*)+0xf2

VM_Operation (0x00007f7badc26030): ParallelGCFailedAllocation, mode: safepoint, requested by thread 0x00007f7ba400b000


---------------  P R O C E S S  ---------------

Java Threads: ( => current thread )
  0x00007f7ba41d2000 JavaThread "Service Thread" daemon [_thread_blocked, id=26311, stack(0x00007f7b8288a000,0x00007f7b8298b000)]
  0x00007f7ba41c8800 JavaThread "C2 CompilerThread1" daemon [_thread_blocked, id=26310, stack(0x00007f7b8298b000,0x00007f7b82a8c000)]
  0x00007f7ba41c6800 JavaThread "C2 CompilerThread0" daemon [_thread_blocked, id=26309, stack(0x00007f7ba00f0000,0x00007f7ba01f1000)]
  0x00007f7ba416f800 JavaThread "Signal Dispatcher" daemon [_thread_blocked, id=26308, stack(0x00007f7ba03f4000,0x00007f7ba04f5000)]
  0x00007f7ba4144800 JavaThread "Finalizer" daemon [_thread_blocked, id=26307, stack(0x00007f7ba04f5000,0x00007f7ba05f6000)]
  0x00007f7ba4142800 JavaThread "Reference Handler" daemon [_thread_blocked, id=26306, stack(0x00007f7ba05f6000,0x00007f7ba06f7000)]
  0x00007f7ba400b000 JavaThread "main" [_thread_blocked, id=26300, stack(0x00007f7badb27000,0x00007f7badc28000)]

Other Threads:
=>0x00007f7ba413e000 VMThread [stack: 0x00007f7ba06f7000,0x00007f7ba07f8000] [id=26305]
  0x00007f7ba41dc800 WatcherThread [stack: 0x00007f7b82789000,0x00007f7b8288a000] [id=26312]

VM state:at safepoint (normal execution)

VM Mutex/Monitor currently owned by a thread:  ([mutex/lock_event])
[0x00007f7ba4007310] ExpandHeap_lock - owner thread: 0x00007f7ba413e000
[0x00007f7ba4007990] Threads_lock - owner thread: 0x00007f7ba413e000
[0x00007f7ba4007e90] Heap_lock - owner thread: 0x00007f7ba400b000

Heap
 PSYoungGen      total 772608K, used 56915K [0x00000007aaa80000, 0x00000007e9900000, 0x0000000800000000)
  eden space 562688K, 0% used [0x00000007aaa80000,0x00000007aaa80000,0x00000007cd000000)
  from space 209920K, 27% used [0x00000007dab00000,0x00000007de294e88,0x00000007e7800000)
  to   space 224256K, 0% used [0x00000007cd000000,0x00000007cd000000,0x00000007dab00000)
 ParOldGen       total 715264K, used 715184K [0x0000000700000000, 0x000000072ba80000, 0x00000007aaa80000)
  object space 715264K, 99% used [0x0000000700000000,0x000000072ba6c140,0x000000072ba80000)
 PSPermGen       total 21504K, used 6393K [0x00000006f5a00000, 0x00000006f6f00000, 0x0000000700000000)
  object space 21504K, 29% used [0x00000006f5a00000,0x00000006f603e6c0,0x00000006f6f00000)

Card table byte_map: [0x00007f7ba9cb6000,0x00007f7baa50a000] byte_map_base: 0x00007f7ba6509000

Polling page: 0x00007f7badc4b000

Code Cache  [0x00007f7ba1000000, 0x00007f7ba1420000, 0x00007f7ba4000000)
 total_blobs=1367 nmethods=1137 adapters=183 free_code_cache=45035Kb largest_free_block=46021120

Compilation events (10 events):
Event: 26.238 Thread 0x00007f7ba41c8800 1198             com.android.dx.rop.annotation.Annotations::<init> (16 bytes)
Event: 26.238 Thread 0x00007f7ba41c8800 nmethod 1198 0x00007f7ba11eac50 code [0x00007f7ba11eada0, 0x00007f7ba11eaeb8]
Event: 26.392 Thread 0x00007f7ba41c6800 1199             com.android.dx.cf.direct.StdAttributeFactory::parse0 (532 bytes)
Event: 26.450 Thread 0x00007f7ba41c6800 nmethod 1199 0x00007f7ba1412310 code [0x00007f7ba1412b20, 0x00007f7ba14167b8]
Event: 26.492 Thread 0x00007f7ba41c8800 1200             com.android.dx.rop.annotation.Annotation::<init> (54 bytes)
Event: 26.494 Thread 0x00007f7ba41c8800 nmethod 1200 0x00007f7ba11f0190 code [0x00007f7ba11f02e0, 0x00007f7ba11f0478]
Event: 26.510 Thread 0x00007f7ba41c6800 1201             com.android.dx.ssa.SCCP::replaceConstants (209 bytes)
Event: 26.519 Thread 0x00007f7ba41c6800 nmethod 1201 0x00007f7ba1330b10 code [0x00007f7ba1330da0, 0x00007f7ba1331930]
Event: 26.830 Thread 0x00007f7ba41c8800 1202             com.android.dx.util.ByteArray::<init> (9 bytes)
Event: 26.830 Thread 0x00007f7ba41c8800 nmethod 1202 0x00007f7ba11eff10 code [0x00007f7ba11f0040, 0x00007f7ba11f00d8]

GC Heap History (10 events):
Event: 20.836 GC heap after
Heap after GC invocations=23 (full 4):
 PSYoungGen      total 576000K, used 138741K [0x00000007aaa80000, 0x00000007df280000, 0x0000000800000000)
  eden space 437248K, 0% used [0x00000007aaa80000,0x00000007aaa80000,0x00000007c5580000)
  from space 138752K, 99% used [0x00000007c5580000,0x00000007cdcfd4d8,0x00000007cdd00000)
  to   space 173056K, 0% used [0x00000007d4980000,0x00000007d4980000,0x00000007df280000)
 ParOldGen       total 464896K, used 418860K [0x0000000700000000, 0x000000071c600000, 0x00000007aaa80000)
  object space 464896K, 90% used [0x0000000700000000,0x000000071990b150,0x000000071c600000)
 PSPermGen       total 21504K, used 6288K [0x00000006f5a00000, 0x00000006f6f00000, 0x0000000700000000)
  object space 21504K, 29% used [0x00000006f5a00000,0x00000006f60242a8,0x00000006f6f00000)
}
Event: 20.836 GC heap before
{Heap before GC invocations=24 (full 5):
 PSYoungGen      total 576000K, used 138741K [0x00000007aaa80000, 0x00000007df280000, 0x0000000800000000)
  eden space 437248K, 0% used [0x00000007aaa80000,0x00000007aaa80000,0x00000007c5580000)
  from space 138752K, 99% used [0x00000007c5580000,0x00000007cdcfd4d8,0x00000007cdd00000)
  to   space 173056K, 0% used [0x00000007d4980000,0x00000007d4980000,0x00000007df280000)
 ParOldGen       total 464896K, used 418860K [0x0000000700000000, 0x000000071c600000, 0x00000007aaa80000)
  object space 464896K, 90% used [0x0000000700000000,0x000000071990b150,0x000000071c600000)
 PSPermGen       total 21504K, used 6288K [0x00000006f5a00000, 0x00000006f6f00000, 0x0000000700000000)
  object space 21504K, 29% used [0x00000006f5a00000,0x00000006f60242a8,0x00000006f6f00000)
Event: 23.041 GC heap after
Heap after GC invocations=24 (full 5):
 PSYoungGen      total 576000K, used 87787K [0x00000007aaa80000, 0x00000007df280000, 0x0000000800000000)
  eden space 437248K, 0% used [0x00000007aaa80000,0x00000007aaa80000,0x00000007c5580000)
  from space 138752K, 63% used [0x00000007c5580000,0x00000007cab3ae28,0x00000007cdd00000)
  to   space 173056K, 0% used [0x00000007d4980000,0x00000007d4980000,0x00000007df280000)
 ParOldGen       total 715264K, used 464435K [0x0000000700000000, 0x000000072ba80000, 0x00000007aaa80000)
  object space 715264K, 64% used [0x0000000700000000,0x000000071c58cf48,0x000000072ba80000)
 PSPermGen       total 21504K, used 6288K [0x00000006f5a00000, 0x00000006f6f00000, 0x0000000700000000)
  object space 21504K, 29% used [0x00000006f5a00000,0x00000006f60241c8,0x00000006f6f00000)
}
Event: 23.976 GC heap before
{Heap before GC invocations=25 (full 5):
 PSYoungGen      total 576000K, used 525035K [0x00000007aaa80000, 0x00000007df280000, 0x0000000800000000)
  eden space 437248K, 100% used [0x00000007aaa80000,0x00000007c5580000,0x00000007c5580000)
  from space 138752K, 63% used [0x00000007c5580000,0x00000007cab3ae28,0x00000007cdd00000)
  to   space 173056K, 0% used [0x00000007d4980000,0x00000007d4980000,0x00000007df280000)
 ParOldGen       total 715264K, used 464435K [0x0000000700000000, 0x000000072ba80000, 0x00000007aaa80000)
  object space 715264K, 64% used [0x0000000700000000,0x000000071c58cf48,0x000000072ba80000)
 PSPermGen       total 21504K, used 6295K [0x00000006f5a00000, 0x00000006f6f00000, 0x0000000700000000)
  object space 21504K, 29% used [0x00000006f5a00000,0x00000006f6025c60,0x00000006f6f00000)
Event: 24.277 GC heap after
Heap after GC invocations=25 (full 5):
 PSYoungGen      total 673792K, used 108964K [0x00000007aaa80000, 0x00000007df080000, 0x0000000800000000)
  eden space 502784K, 0% used [0x00000007aaa80000,0x00000007aaa80000,0x00000007c9580000)
  from space 171008K, 63% used [0x00000007d4980000,0x00000007db3e90e8,0x00000007df080000)
  to   space 177664K, 0% used [0x00000007c9580000,0x00000007c9580000,0x00000007d4300000)
 ParOldGen       total 715264K, used 514519K [0x0000000700000000, 0x000000072ba80000, 0x00000007aaa80000)
  object space 715264K, 71% used [0x0000000700000000,0x000000071f675da8,0x000000072ba80000)
 PSPermGen       total 21504K, used 6295K [0x00000006f5a00000, 0x00000006f6f00000, 0x0000000700000000)
  object space 21504K, 29% used [0x00000006f5a00000,0x00000006f6025c60,0x00000006f6f00000)
}
Event: 25.593 GC heap before
{Heap before GC invocations=26 (full 5):
 PSYoungGen      total 673792K, used 611748K [0x00000007aaa80000, 0x00000007df080000, 0x0000000800000000)
  eden space 502784K, 100% used [0x00000007aaa80000,0x00000007c9580000,0x00000007c9580000)
  from space 171008K, 63% used [0x00000007d4980000,0x00000007db3e90e8,0x00000007df080000)
  to   space 177664K, 0% used [0x00000007c9580000,0x00000007c9580000,0x00000007d4300000)
 ParOldGen       total 715264K, used 514519K [0x0000000700000000, 0x000000072ba80000, 0x00000007aaa80000)
  object space 715264K, 71% used [0x0000000700000000,0x000000071f675da8,0x000000072ba80000)
 PSPermGen       total 21504K, used 6391K [0x00000006f5a00000, 0x00000006f6f00000, 0x0000000700000000)
  object space 21504K, 29% used [0x00000006f5a00000,0x00000006f603df78,0x00000006f6f00000)
Event: 25.785 GC heap after
Heap after GC invocations=26 (full 5):
 PSYoungGen      total 680448K, used 177649K [0x00000007aaa80000, 0x00000007e7800000, 0x0000000800000000)
  eden space 502784K, 0% used [0x00000007aaa80000,0x00000007aaa80000,0x00000007c9580000)
  from space 177664K, 99% used [0x00000007c9580000,0x00000007d42fc518,0x00000007d4300000)
  to   space 209920K, 0% used [0x00000007dab00000,0x00000007dab00000,0x00000007e7800000)
 ParOldGen       total 715264K, used 524802K [0x0000000700000000, 0x000000072ba80000, 0x00000007aaa80000)
  object space 715264K, 73% used [0x0000000700000000,0x0000000720080b18,0x000000072ba80000)
 PSPermGen       total 21504K, used 6391K [0x00000006f5a00000, 0x00000006f6f00000, 0x0000000700000000)
  object space 21504K, 29% used [0x00000006f5a00000,0x00000006f603df78,0x00000006f6f00000)
}
Event: 27.048 GC heap before
{Heap before GC invocations=27 (full 5):
 PSYoungGen      total 680448K, used 680433K [0x00000007aaa80000, 0x00000007e7800000, 0x0000000800000000)
  eden space 502784K, 100% used [0x00000007aaa80000,0x00000007c9580000,0x00000007c9580000)
  from space 177664K, 99% used [0x00000007c9580000,0x00000007d42fc518,0x00000007d4300000)
  to   space 209920K, 0% used [0x00000007dab00000,0x00000007dab00000,0x00000007e7800000)
 ParOldGen       total 715264K, used 524802K [0x0000000700000000, 0x000000072ba80000, 0x00000007aaa80000)
  object space 715264K, 73% used [0x0000000700000000,0x0000000720080b18,0x000000072ba80000)
 PSPermGen       total 21504K, used 6393K [0x00000006f5a00000, 0x00000006f6f00000, 0x0000000700000000)
  object space 21504K, 29% used [0x00000006f5a00000,0x00000006f603e700,0x00000006f6f00000)
Event: 27.350 GC heap after
Heap after GC invocations=27 (full 5):
 PSYoungGen      total 772608K, used 155630K [0x00000007aaa80000, 0x00000007e9900000, 0x0000000800000000)
  eden space 562688K, 0% used [0x00000007aaa80000,0x00000007aaa80000,0x00000007cd000000)
  from space 209920K, 74% used [0x00000007dab00000,0x00000007e42fb868,0x00000007e7800000)
  to   space 224256K, 0% used [0x00000007cd000000,0x00000007cd000000,0x00000007dab00000)
 ParOldGen       total 715264K, used 626427K [0x0000000700000000, 0x000000072ba80000, 0x00000007aaa80000)
  object space 715264K, 87% used [0x0000000700000000,0x00000007263bece0,0x000000072ba80000)
 PSPermGen       total 21504K, used 6393K [0x00000006f5a00000, 0x00000006f6f00000, 0x0000000700000000)
  object space 21504K, 29% used [0x00000006f5a00000,0x00000006f603e700,0x00000006f6f00000)
}
Event: 27.350 GC heap before
{Heap before GC invocations=28 (full 6):
 PSYoungGen      total 772608K, used 155630K [0x00000007aaa80000, 0x00000007e9900000, 0x0000000800000000)
  eden space 562688K, 0% used [0x00000007aaa80000,0x00000007aaa80000,0x00000007cd000000)
  from space 209920K, 74% used [0x00000007dab00000,0x00000007e42fb868,0x00000007e7800000)
  to   space 224256K, 0% used [0x00000007cd000000,0x00000007cd000000,0x00000007dab00000)
 ParOldGen       total 715264K, used 626427K [0x0000000700000000, 0x000000072ba80000, 0x00000007aaa80000)
  object space 715264K, 87% used [0x0000000700000000,0x00000007263bece0,0x000000072ba80000)
 PSPermGen       total 21504K, used 6393K [0x00000006f5a00000, 0x00000006f6f00000, 0x0000000700000000)
  object space 21504K, 29% used [0x00000006f5a00000,0x00000006f603e700,0x00000006f6f00000)

Deoptimization events (10 events):
Event: 23.632 Thread 0x00007f7ba400b000 Uncommon trap: reason=bimorphic action=maybe_recompile pc=0x00007f7ba112a754 method=com.android.dx.ssa.SCCP.setLatticeValueTo(IILcom/android/dx/rop/cst/Constant;)Z @ 43
Event: 25.001 Thread 0x00007f7ba400b000 Uncommon trap: reason=unreached action=reinterpret pc=0x00007f7ba1323108 method=com.android.dx.cf.direct.StdAttributeFactory.parse0(Lcom/android/dx/cf/direct/DirectClassFile;ILjava/lang/String;IILcom/android/dx/cf/iface/ParseObserver;)Lcom/android/dx/cf/i
Event: 25.001 Thread 0x00007f7ba400b000 Uncommon trap: reason=unreached action=reinterpret pc=0x00007f7ba11d77d0 method=com.android.dx.dex.cf.AttributeTranslator.translateInnerClasses(Lcom/android/dx/rop/cst/CstType;Lcom/android/dx/cf/iface/AttributeList;Z)Lcom/android/dx/rop/annotation/Annotat
Event: 25.560 Thread 0x00007f7ba400b000 Uncommon trap: reason=bimorphic action=maybe_recompile pc=0x00007f7ba13497cc method=com.android.dx.cf.code.BytecodeArray.parseInstruction(ILcom/android/dx/cf/code/BytecodeArray$Visitor;)I @ 1083
Event: 25.560 Thread 0x00007f7ba400b000 Uncommon trap: reason=bimorphic action=maybe_recompile pc=0x00007f7ba13497cc method=com.android.dx.cf.code.BytecodeArray.parseInstruction(ILcom/android/dx/cf/code/BytecodeArray$Visitor;)I @ 1083
Event: 26.062 Thread 0x00007f7ba400b000 Uncommon trap: reason=bimorphic action=maybe_recompile pc=0x00007f7ba10c7418 method=com.android.dx.ssa.back.FirstFitLocalCombiningAllocator.findNextUnreservedRopReg(IILcom/android/dx/ssa/back/FirstFitLocalCombiningAllocator$Alignment;)I @ 60
Event: 26.062 Thread 0x00007f7ba400b000 Uncommon trap: reason=bimorphic action=maybe_recompile pc=0x00007f7ba131b2a4 method=com.android.dx.ssa.back.FirstFitLocalCombiningAllocator.findNextUnreservedRopReg(IILcom/android/dx/ssa/back/FirstFitLocalCombiningAllocator$Alignment;)I @ 60
Event: 26.208 Thread 0x00007f7ba400b000 Uncommon trap: reason=null_check action=make_not_entrant pc=0x00007f7ba140b8f8 method=com.android.dx.cf.direct.StdAttributeFactory.enclosingMethod(Lcom/android/dx/cf/direct/DirectClassFile;IILcom/android/dx/cf/iface/ParseObserver;)Lcom/android/dx/cf/iface
Event: 26.366 Thread 0x00007f7ba400b000 Uncommon trap: reason=unreached action=reinterpret pc=0x00007f7ba12f5678 method=com.android.dx.dex.code.OutputFinisher.hasLocalInfo(Lcom/android/dx/rop/code/RegisterSpec;)Z @ 1
Event: 26.509 Thread 0x00007f7ba400b000 Uncommon trap: reason=class_check action=maybe_recompile pc=0x00007f7ba118b5a4 method=com.android.dx.ssa.SCCP.replaceConstants()V @ 182

Internal exceptions (10 events):
Event: 10.149 Thread 0x00007f7ba400b000 Implicit null exception at 0x00007f7ba123cc9d to 0x00007f7ba123ce8d
Event: 10.149 Thread 0x00007f7ba400b000 Implicit null exception at 0x00007f7ba11b8069 to 0x00007f7ba11b823d
Event: 10.151 Thread 0x00007f7ba400b000 Implicit null exception at 0x00007f7ba11b6635 to 0x00007f7ba11b6795
Event: 11.332 Thread 0x00007f7ba400b000 Threw 0x00000007ab3ba878 at /build/openjdk-7-yI9zWD/openjdk-7-7u79-2.5.6/build/openjdk/hotspot/src/share/vm/prims/jvm.cpp:1284
Event: 11.342 Thread 0x00007f7ba400b000 Threw 0x00000007ab49ab90 at /build/openjdk-7-yI9zWD/openjdk-7-7u79-2.5.6/build/openjdk/hotspot/src/share/vm/prims/jvm.cpp:1284
Event: 16.989 Thread 0x00007f7ba400b000 Implicit null exception at 0x00007f7ba114cb12 to 0x00007f7ba114cced
Event: 16.989 Thread 0x00007f7ba400b000 Implicit null exception at 0x00007f7ba12444be to 0x00007f7ba124467d
Event: 20.381 Thread 0x00007f7ba400b000 Implicit null exception at 0x00007f7ba10c2fcc to 0x00007f7ba10c30ce
Event: 26.207 Thread 0x00007f7ba400b000 Implicit null exception at 0x00007f7ba1409b77 to 0x00007f7ba140b8e9
Event: 26.366 Thread 0x00007f7ba400b000 Implicit null exception at 0x00007f7ba12f562c to 0x00007f7ba12f5669

Events (10 events):
Event: 26.208 Thread 0x00007f7ba400b000 Uncommon trap: trap_request=0xfffffff4 fr.pc=0x00007f7ba140b8f8
Event: 26.208 Thread 0x00007f7ba400b000 DEOPT PACKING pc=0x00007f7ba140b8f8 sp=0x00007f7badc262f0
Event: 26.208 Thread 0x00007f7ba400b000 DEOPT UNPACKING pc=0x00007f7ba1039445 sp=0x00007f7badc26208 mode 2
Event: 26.366 Thread 0x00007f7ba400b000 Uncommon trap: trap_request=0xffffffad fr.pc=0x00007f7ba12f5678
Event: 26.366 Thread 0x00007f7ba400b000 DEOPT PACKING pc=0x00007f7ba12f5678 sp=0x00007f7badc26100
Event: 26.366 Thread 0x00007f7ba400b000 DEOPT UNPACKING pc=0x00007f7ba1039445 sp=0x00007f7badc260c0 mode 2
Event: 26.509 Thread 0x00007f7ba400b000 Uncommon trap: trap_request=0xffffffde fr.pc=0x00007f7ba118b5a4
Event: 26.509 Thread 0x00007f7ba400b000 DEOPT PACKING pc=0x00007f7ba118b5a4 sp=0x00007f7badc261f0
Event: 26.509 Thread 0x00007f7ba400b000 DEOPT UNPACKING pc=0x00007f7ba1039445 sp=0x00007f7badc26168 mode 2
Event: 27.048 Executing VM operation: ParallelGCFailedAllocation


Dynamic libraries:
00400000-00401000 r-xp 00000000 08:01 20712222                           /usr/lib/jvm/java-7-openjdk-amd64/jre/bin/java
00600000-00601000 r--p 00000000 08:01 20712222                           /usr/lib/jvm/java-7-openjdk-amd64/jre/bin/java
00601000-00602000 rw-p 00001000 08:01 20712222                           /usr/lib/jvm/java-7-openjdk-amd64/jre/bin/java
01620000-01641000 rw-p 00000000 00:00 0                                  [heap]
6f5a00000-6f6f00000 rw-p 00000000 00:00 0 
6f6f00000-700000000 rw-p 00000000 00:00 0 
700000000-72ba80000 rw-p 00000000 00:00 0 
73fa80000-7aaa80000 rw-p 00000000 00:00 0 
7aaa80000-7e9900000 rw-p 00000000 00:00 0 
7e9900000-800000000 rw-p 00000000 00:00 0 
7f7b64000000-7f7b64021000 rw-p 00000000 00:00 0 
7f7b64021000-7f7b68000000 ---p 00000000 00:00 0 
7f7b68000000-7f7b68021000 rw-p 00000000 00:00 0 
7f7b68021000-7f7b6c000000 ---p 00000000 00:00 0 
7f7b6c000000-7f7b6d167000 rw-p 00000000 00:00 0 
7f7b6d167000-7f7b70000000 ---p 00000000 00:00 0 
7f7b70000000-7f7b71e4b000 rw-p 00000000 00:00 0 
7f7b71e4b000-7f7b74000000 ---p 00000000 00:00 0 
7f7b74000000-7f7b74021000 rw-p 00000000 00:00 0 
7f7b74021000-7f7b78000000 ---p 00000000 00:00 0 
7f7b78000000-7f7b78021000 rw-p 00000000 00:00 0 
7f7b78021000-7f7b7c000000 ---p 00000000 00:00 0 
7f7b7c000000-7f7b7c021000 rw-p 00000000 00:00 0 
7f7b7c021000-7f7b80000000 ---p 00000000 00:00 0 
7f7b80cc4000-7f7b80fc5000 rw-p 00000000 00:00 0 
7f7b80fc5000-7f7b81031000 r-xp 00000000 08:01 22020192                   /lib/x86_64-linux-gnu/libpcre.so.3.13.1
7f7b81031000-7f7b81230000 ---p 0006c000 08:01 22020192                   /lib/x86_64-linux-gnu/libpcre.so.3.13.1
7f7b81230000-7f7b81231000 r--p 0006b000 08:01 22020192                   /lib/x86_64-linux-gnu/libpcre.so.3.13.1
7f7b81231000-7f7b81232000 rw-p 0006c000 08:01 22020192                   /lib/x86_64-linux-gnu/libpcre.so.3.13.1
7f7b81232000-7f7b81239000 r-xp 00000000 08:01 20455638                   /usr/lib/x86_64-linux-gnu/libffi.so.6.0.4
7f7b81239000-7f7b81438000 ---p 00007000 08:01 20455638                   /usr/lib/x86_64-linux-gnu/libffi.so.6.0.4
7f7b81438000-7f7b81439000 r--p 00006000 08:01 20455638                   /usr/lib/x86_64-linux-gnu/libffi.so.6.0.4
7f7b81439000-7f7b8143a000 rw-p 00007000 08:01 20455638                   /usr/lib/x86_64-linux-gnu/libffi.so.6.0.4
7f7b8143a000-7f7b81451000 r-xp 00000000 08:01 22024473                   /lib/x86_64-linux-gnu/libresolv-2.21.so
7f7b81451000-7f7b81651000 ---p 00017000 08:01 22024473                   /lib/x86_64-linux-gnu/libresolv-2.21.so
7f7b81651000-7f7b81653000 r--p 00017000 08:01 22024473                   /lib/x86_64-linux-gnu/libresolv-2.21.so
7f7b81653000-7f7b81654000 rw-p 00019000 08:01 22024473                   /lib/x86_64-linux-gnu/libresolv-2.21.so
7f7b81654000-7f7b81656000 rw-p 00000000 00:00 0 
7f7b81656000-7f7b81677000 r-xp 00000000 08:01 22024477                   /lib/x86_64-linux-gnu/libselinux.so.1
7f7b81677000-7f7b81876000 ---p 00021000 08:01 22024477                   /lib/x86_64-linux-gnu/libselinux.so.1
7f7b81876000-7f7b81877000 r--p 00020000 08:01 22024477                   /lib/x86_64-linux-gnu/libselinux.so.1
7f7b81877000-7f7b81878000 rw-p 00021000 08:01 22024477                   /lib/x86_64-linux-gnu/libselinux.so.1
7f7b81878000-7f7b8187a000 rw-p 00000000 00:00 0 
7f7b8187a000-7f7b8187d000 r-xp 00000000 08:01 20447655                   /usr/lib/x86_64-linux-gnu/libgmodule-2.0.so.0.4400.1
7f7b8187d000-7f7b81a7c000 ---p 00003000 08:01 20447655                   /usr/lib/x86_64-linux-gnu/libgmodule-2.0.so.0.4400.1
7f7b81a7c000-7f7b81a7d000 r--p 00002000 08:01 20447655                   /usr/lib/x86_64-linux-gnu/libgmodule-2.0.so.0.4400.1
7f7b81a7d000-7f7b81a7e000 rw-p 00003000 08:01 20447655                   /usr/lib/x86_64-linux-gnu/libgmodule-2.0.so.0.4400.1
7f7b81a7e000-7f7b81b8b000 r-xp 00000000 08:01 22024241                   /lib/x86_64-linux-gnu/libglib-2.0.so.0.4400.1
7f7b81b8b000-7f7b81d8a000 ---p 0010d000 08:01 22024241                   /lib/x86_64-linux-gnu/libglib-2.0.so.0.4400.1
7f7b81d8a000-7f7b81d8b000 r--p 0010c000 08:01 22024241                   /lib/x86_64-linux-gnu/libglib-2.0.so.0.4400.1
7f7b81d8b000-7f7b81d8c000 rw-p 0010d000 08:01 22024241                   /lib/x86_64-linux-gnu/libglib-2.0.so.0.4400.1
7f7b81d8c000-7f7b81d8d000 rw-p 00000000 00:00 0 
7f7b81d8d000-7f7b81ddd000 r-xp 00000000 08:01 20447615                   /usr/lib/x86_64-linux-gnu/libgobject-2.0.so.0.4400.1
7f7b81ddd000-7f7b81fdd000 ---p 00050000 08:01 20447615                   /usr/lib/x86_64-linux-gnu/libgobject-2.0.so.0.4400.1
7f7b81fdd000-7f7b81fde000 r--p 00050000 08:01 20447615                   /usr/lib/x86_64-linux-gnu/libgobject-2.0.so.0.4400.1
7f7b81fde000-7f7b81fdf000 rw-p 00051000 08:01 20447615                   /usr/lib/x86_64-linux-gnu/libgobject-2.0.so.0.4400.1
7f7b81fdf000-7f7b82157000 r-xp 00000000 08:01 20447637                   /usr/lib/x86_64-linux-gnu/libgio-2.0.so.0.4400.1
7f7b82157000-7f7b82357000 ---p 00178000 08:01 20447637                   /usr/lib/x86_64-linux-gnu/libgio-2.0.so.0.4400.1
7f7b82357000-7f7b8235b000 r--p 00178000 08:01 20447637                   /usr/lib/x86_64-linux-gnu/libgio-2.0.so.0.4400.1
7f7b8235b000-7f7b8235d000 rw-p 0017c000 08:01 20447637                   /usr/lib/x86_64-linux-gnu/libgio-2.0.so.0.4400.1
7f7b8235d000-7f7b8235f000 rw-p 00000000 00:00 0 
7f7b8235f000-7f7b82376000 r-xp 00000000 08:01 20587083                   /usr/lib/jvm/java-7-openjdk-amd64/jre/lib/amd64/libnet.so
7f7b82376000-7f7b82575000 ---p 00017000 08:01 20587083                   /usr/lib/jvm/java-7-openjdk-amd64/jre/lib/amd64/libnet.so
7f7b82575000-7f7b82576000 r--p 00016000 08:01 20587083                   /usr/lib/jvm/java-7-openjdk-amd64/jre/lib/amd64/libnet.so
7f7b82576000-7f7b82577000 rw-p 00017000 08:01 20587083                   /usr/lib/jvm/java-7-openjdk-amd64/jre/lib/amd64/libnet.so
7f7b82577000-7f7b82588000 r-xp 00000000 08:01 20587088                   /usr/lib/jvm/java-7-openjdk-amd64/jre/lib/amd64/libnio.so
7f7b82588000-7f7b82787000 ---p 00011000 08:01 20587088                   /usr/lib/jvm/java-7-openjdk-amd64/jre/lib/amd64/libnio.so
7f7b82787000-7f7b82788000 r--p 00010000 08:01 20587088                   /usr/lib/jvm/java-7-openjdk-amd64/jre/lib/amd64/libnio.so
7f7b82788000-7f7b82789000 rw-p 00011000 08:01 20587088                   /usr/lib/jvm/java-7-openjdk-amd64/jre/lib/amd64/libnio.so
7f7b82789000-7f7b8278a000 ---p 00000000 00:00 0 
7f7b8278a000-7f7b8288a000 rw-p 00000000 00:00 0                          [stack:26312]
7f7b8288a000-7f7b8288d000 ---p 00000000 00:00 0 
7f7b8288d000-7f7b8298b000 rw-p 00000000 00:00 0                          [stack:26311]
7f7b8298b000-7f7b8298e000 ---p 00000000 00:00 0 
7f7b8298e000-7f7b82a8c000 rw-p 00000000 00:00 0                          [stack:26310]
7f7b82a8c000-7f7b82a91000 r-xp 00000000 08:01 20455330                   /usr/lib/x86_64-linux-gnu/libXdmcp.so.6.0.0
7f7b82a91000-7f7b82c90000 ---p 00005000 08:01 20455330                   /usr/lib/x86_64-linux-gnu/libXdmcp.so.6.0.0
7f7b82c90000-7f7b82c91000 r--p 00004000 08:01 20455330                   /usr/lib/x86_64-linux-gnu/libXdmcp.so.6.0.0
7f7b82c91000-7f7b82c92000 rw-p 00005000 08:01 20455330                   /usr/lib/x86_64-linux-gnu/libXdmcp.so.6.0.0
7f7b82c92000-7f7b82c94000 r-xp 00000000 08:01 20455319                   /usr/lib/x86_64-linux-gnu/libXau.so.6.0.0
7f7b82c94000-7f7b82e94000 ---p 00002000 08:01 20455319                   /usr/lib/x86_64-linux-gnu/libXau.so.6.0.0
7f7b82e94000-7f7b82e95000 r--p 00002000 08:01 20455319                   /usr/lib/x86_64-linux-gnu/libXau.so.6.0.0
7f7b82e95000-7f7b82e96000 rw-p 00003000 08:01 20455319                   /usr/lib/x86_64-linux-gnu/libXau.so.6.0.0
7f7b82e96000-7f7b82eb3000 r-xp 00000000 08:01 20456517                   /usr/lib/x86_64-linux-gnu/libxcb.so.1.1.0
7f7b82eb3000-7f7b830b3000 ---p 0001d000 08:01 20456517                   /usr/lib/x86_64-linux-gnu/libxcb.so.1.1.0
7f7b830b3000-7f7b830b4000 r--p 0001d000 08:01 20456517                   /usr/lib/x86_64-linux-gnu/libxcb.so.1.1.0
7f7b830b4000-7f7b830b5000 rw-p 0001e000 08:01 20456517                   /usr/lib/x86_64-linux-gnu/libxcb.so.1.1.0
7f7b830b5000-7f7b831e8000 r-xp 00000000 08:01 20455315                   /usr/lib/x86_64-linux-gnu/libX11.so.6.3.0
7f7b831e8000-7f7b833e8000 ---p 00133000 08:01 20455315                   /usr/lib/x86_64-linux-gnu/libX11.so.6.3.0
7f7b833e8000-7f7b833e9000 r--p 00133000 08:01 20455315                   /usr/lib/x86_64-linux-gnu/libX11.so.6.3.0
7f7b833e9000-7f7b833ed000 rw-p 00134000 08:01 20455315                   /usr/lib/x86_64-linux-gnu/libX11.so.6.3.0
7f7b833ed000-7f7b833ee000 rw-p 00000000 00:00 0 
7f7b833ee000-7f7b83ad0000 r--p 00000000 08:01 20454393                   /usr/lib/locale/locale-archive
7f7b83ad0000-7f7b8c000000 rw-p 00000000 00:00 0 
7f7b8c000000-7f7b8c021000 rw-p 00000000 00:00 0 
7f7b8c021000-7f7b90000000 ---p 00000000 00:00 0 
7f7b90000000-7f7b90240000 rw-p 00000000 00:00 0 
7f7b90240000-7f7b94000000 ---p 00000000 00:00 0 
7f7b94000000-7f7b94021000 rw-p 00000000 00:00 0 
7f7b94021000-7f7b98000000 ---p 00000000 00:00 0 
7f7b98000000-7f7b98021000 rw-p 00000000 00:00 0 
7f7b98021000-7f7b9c000000 ---p 00000000 00:00 0 
7f7b9c000000-7f7b9c021000 rw-p 00000000 00:00 0 
7f7b9c021000-7f7ba0000000 ---p 00000000 00:00 0 
7f7ba0024000-7f7ba00f0000 r--s 00939000 08:01 30016426                   /home/sharan/AndroidStudioProjects/Muser/muser/build/intermediates/multi-dex/debug/allclasses.jar
7f7ba00f0000-7f7ba00f3000 ---p 00000000 00:00 0 
7f7ba00f3000-7f7ba01f1000 rw-p 00000000 00:00 0                          [stack:26309]
7f7ba01f1000-7f7ba01f3000 r-xp 00000000 08:01 20452766                   /usr/lib/jayatana/libjayatanaag.so
7f7ba01f3000-7f7ba03f2000 ---p 00002000 08:01 20452766                   /usr/lib/jayatana/libjayatanaag.so
7f7ba03f2000-7f7ba03f3000 r--p 00001000 08:01 20452766                   /usr/lib/jayatana/libjayatanaag.so
7f7ba03f3000-7f7ba03f4000 rw-p 00002000 08:01 20452766                   /usr/lib/jayatana/libjayatanaag.so
7f7ba03f4000-7f7ba03f7000 ---p 00000000 00:00 0 
7f7ba03f7000-7f7ba04f5000 rw-p 00000000 00:00 0                          [stack:26308]
7f7ba04f5000-7f7ba04f8000 ---p 00000000 00:00 0 
7f7ba04f8000-7f7ba05f6000 rw-p 00000000 00:00 0                          [stack:26307]
7f7ba05f6000-7f7ba05f9000 ---p 00000000 00:00 0 
7f7ba05f9000-7f7ba06f7000 rw-p 00000000 00:00 0                          [stack:26306]
7f7ba06f7000-7f7ba06f8000 ---p 00000000 00:00 0 
7f7ba06f8000-7f7ba1000000 rw-p 00000000 00:00 0                          [stack:26305]
7f7ba1000000-7f7ba1420000 rwxp 00000000 00:00 0 
7f7ba1420000-7f7ba4493000 rw-p 00000000 00:00 0 
7f7ba4493000-7f7ba8000000 ---p 00000000 00:00 0 
7f7ba8090000-7f7ba87e0000 rw-p 00000000 00:00 0 
7f7ba87e0000-7f7ba8991000 r--s 01d29000 08:01 20587021                   /usr/lib/jvm/java-7-openjdk-amd64/jre/lib/rt.jar
7f7ba8991000-7f7ba9309000 rw-p 00000000 00:00 0 
7f7ba9309000-7f7ba930a000 ---p 00000000 00:00 0 
7f7ba930a000-7f7ba940a000 rw-p 00000000 00:00 0                          [stack:26304]
7f7ba940a000-7f7ba940b000 ---p 00000000 00:00 0 
7f7ba940b000-7f7ba950b000 rw-p 00000000 00:00 0                          [stack:26303]
7f7ba950b000-7f7ba950c000 ---p 00000000 00:00 0 
7f7ba950c000-7f7ba960c000 rw-p 00000000 00:00 0                          [stack:26302]
7f7ba960c000-7f7ba960d000 ---p 00000000 00:00 0 
7f7ba960d000-7f7ba9718000 rw-p 00000000 00:00 0                          [stack:26301]
7f7ba9718000-7f7ba9760000 rw-p 00000000 00:00 0 
7f7ba9760000-7f7ba98be000 rw-p 00000000 00:00 0 
7f7ba98be000-7f7ba9cb6000 rw-p 00000000 00:00 0 
7f7ba9cb6000-7f7ba9cc1000 rw-p 00000000 00:00 0 
7f7ba9cc1000-7f7ba9d09000 rw-p 00000000 00:00 0 
7f7ba9d09000-7f7ba9e67000 rw-p 00000000 00:00 0 
7f7ba9e67000-7f7baa25e000 rw-p 00000000 00:00 0 
7f7baa25e000-7f7baa456000 rw-p 00000000 00:00 0 
7f7baa456000-7f7baa509000 rw-p 00000000 00:00 0 
7f7baa509000-7f7baa50a000 rw-p 00000000 00:00 0 
7f7baa50a000-7f7baa512000 r-xp 00000000 08:01 20587054                   /usr/lib/jvm/java-7-openjdk-amd64/jre/lib/amd64/libzip.so
7f7baa512000-7f7baa711000 ---p 00008000 08:01 20587054                   /usr/lib/jvm/java-7-openjdk-amd64/jre/lib/amd64/libzip.so
7f7baa711000-7f7baa712000 r--p 00007000 08:01 20587054                   /usr/lib/jvm/java-7-openjdk-amd64/jre/lib/amd64/libzip.so
7f7baa712000-7f7baa713000 rw-p 00008000 08:01 20587054                   /usr/lib/jvm/java-7-openjdk-amd64/jre/lib/amd64/libzip.so
7f7baa713000-7f7baa71f000 r-xp 00000000 08:01 22024420                   /lib/x86_64-linux-gnu/libnss_files-2.21.so
7f7baa71f000-7f7baa91e000 ---p 0000c000 08:01 22024420                   /lib/x86_64-linux-gnu/libnss_files-2.21.so
7f7baa91e000-7f7baa91f000 r--p 0000b000 08:01 22024420                   /lib/x86_64-linux-gnu/libnss_files-2.21.so
7f7baa91f000-7f7baa920000 rw-p 0000c000 08:01 22024420                   /lib/x86_64-linux-gnu/libnss_files-2.21.so
7f7baa920000-7f7baa92b000 r-xp 00000000 08:01 22024430                   /lib/x86_64-linux-gnu/libnss_nis-2.21.so
7f7baa92b000-7f7baab2a000 ---p 0000b000 08:01 22024430                   /lib/x86_64-linux-gnu/libnss_nis-2.21.so
7f7baab2a000-7f7baab2b000 r--p 0000a000 08:01 22024430                   /lib/x86_64-linux-gnu/libnss_nis-2.21.so
7f7baab2b000-7f7baab2c000 rw-p 0000b000 08:01 22024430                   /lib/x86_64-linux-gnu/libnss_nis-2.21.so
7f7baab2c000-7f7baab43000 r-xp 00000000 08:01 22024414                   /lib/x86_64-linux-gnu/libnsl-2.21.so
7f7baab43000-7f7baad42000 ---p 00017000 08:01 22024414                   /lib/x86_64-linux-gnu/libnsl-2.21.so
7f7baad42000-7f7baad43000 r--p 00016000 08:01 22024414                   /lib/x86_64-linux-gnu/libnsl-2.21.so
7f7baad43000-7f7baad44000 rw-p 00017000 08:01 22024414                   /lib/x86_64-linux-gnu/libnsl-2.21.so
7f7baad44000-7f7baad46000 rw-p 00000000 00:00 0 
7f7baad46000-7f7baad4e000 r-xp 00000000 08:01 22024416                   /lib/x86_64-linux-gnu/libnss_compat-2.21.so
7f7baad4e000-7f7baaf4d000 ---p 00008000 08:01 22024416                   /lib/x86_64-linux-gnu/libnss_compat-2.21.so
7f7baaf4d000-7f7baaf4e000 r--p 00007000 08:01 22024416                   /lib/x86_64-linux-gnu/libnss_compat-2.21.so
7f7baaf4e000-7f7baaf4f000 rw-p 00008000 08:01 22024416                   /lib/x86_64-linux-gnu/libnss_compat-2.21.so
7f7baaf4f000-7f7baaf59000 r-xp 00000000 08:01 20587084                   /usr/lib/jvm/java-7-openjdk-amd64/jre/lib/amd64/libinstrument.so
7f7baaf59000-7f7bab158000 ---p 0000a000 08:01 20587084                   /usr/lib/jvm/java-7-openjdk-amd64/jre/lib/amd64/libinstrument.so
7f7bab158000-7f7bab159000 r--p 00009000 08:01 20587084                   /usr/lib/jvm/java-7-openjdk-amd64/jre/lib/amd64/libinstrument.so
7f7bab159000-7f7bab15a000 rw-p 0000a000 08:01 20587084                   /usr/lib/jvm/java-7-openjdk-amd64/jre/lib/amd64/libinstrument.so
7f7bab15a000-7f7bab187000 r-xp 00000000 08:01 20587091                   /usr/lib/jvm/java-7-openjdk-amd64/jre/lib/amd64/libjava.so
7f7bab187000-7f7bab386000 ---p 0002d000 08:01 20587091                   /usr/lib/jvm/java-7-openjdk-amd64/jre/lib/amd64/libjava.so
7f7bab386000-7f7bab387000 r--p 0002c000 08:01 20587091                   /usr/lib/jvm/java-7-openjdk-amd64/jre/lib/amd64/libjava.so
7f7bab387000-7f7bab389000 rw-p 0002d000 08:01 20587091                   /usr/lib/jvm/java-7-openjdk-amd64/jre/lib/amd64/libjava.so
7f7bab389000-7f7bab398000 r-xp 00000000 08:01 20587072                   /usr/lib/jvm/java-7-openjdk-amd64/jre/lib/amd64/libverify.so
7f7bab398000-7f7bab597000 ---p 0000f000 08:01 20587072                   /usr/lib/jvm/java-7-openjdk-amd64/jre/lib/amd64/libverify.so
7f7bab597000-7f7bab59a000 r--p 0000e000 08:01 20587072                   /usr/lib/jvm/java-7-openjdk-amd64/jre/lib/amd64/libverify.so
7f7bab59a000-7f7bab59b000 rw-p 00011000 08:01 20587072                   /usr/lib/jvm/java-7-openjdk-amd64/jre/lib/amd64/libverify.so
7f7bab59b000-7f7bab5a2000 r-xp 00000000 08:01 22024475                   /lib/x86_64-linux-gnu/librt-2.21.so
7f7bab5a2000-7f7bab7a1000 ---p 00007000 08:01 22024475                   /lib/x86_64-linux-gnu/librt-2.21.so
7f7bab7a1000-7f7bab7a2000 r--p 00006000 08:01 22024475                   /lib/x86_64-linux-gnu/librt-2.21.so
7f7bab7a2000-7f7bab7a3000 rw-p 00007000 08:01 22024475                   /lib/x86_64-linux-gnu/librt-2.21.so
7f7bab7a3000-7f7bab7b9000 r-xp 00000000 08:01 22024363                   /lib/x86_64-linux-gnu/libgcc_s.so.1
7f7bab7b9000-7f7bab9b8000 ---p 00016000 08:01 22024363                   /lib/x86_64-linux-gnu/libgcc_s.so.1
7f7bab9b8000-7f7bab9b9000 rw-p 00015000 08:01 22024363                   /lib/x86_64-linux-gnu/libgcc_s.so.1
7f7bab9b9000-7f7babac0000 r-xp 00000000 08:01 22024393                   /lib/x86_64-linux-gnu/libm-2.21.so
7f7babac0000-7f7babcbf000 ---p 00107000 08:01 22024393                   /lib/x86_64-linux-gnu/libm-2.21.so
7f7babcbf000-7f7babcc0000 r--p 00106000 08:01 22024393                   /lib/x86_64-linux-gnu/libm-2.21.so
7f7babcc0000-7f7babcc1000 rw-p 00107000 08:01 22024393                   /lib/x86_64-linux-gnu/libm-2.21.so
7f7babcc1000-7f7babdb1000 r-xp 00000000 08:01 20456311                   /usr/lib/x86_64-linux-gnu/libstdc++.so.6.0.20
7f7babdb1000-7f7babfb1000 ---p 000f0000 08:01 20456311                   /usr/lib/x86_64-linux-gnu/libstdc++.so.6.0.20
7f7babfb1000-7f7babfb9000 r--p 000f0000 08:01 20456311                   /usr/lib/x86_64-linux-gnu/libstdc++.so.6.0.20
7f7babfb9000-7f7babfbb000 rw-p 000f8000 08:01 20456311                   /usr/lib/x86_64-linux-gnu/libstdc++.so.6.0.20
7f7babfbb000-7f7babfd0000 rw-p 00000000 00:00 0 
7f7babfd0000-7f7bacb28000 r-xp 00000000 08:01 20587060                   /usr/lib/jvm/java-7-openjdk-amd64/jre/lib/amd64/server/libjvm.so
7f7bacb28000-7f7bacd27000 ---p 00b58000 08:01 20587060                   /usr/lib/jvm/java-7-openjdk-amd64/jre/lib/amd64/server/libjvm.so
7f7bacd27000-7f7bacdc6000 r--p 00b57000 08:01 20587060                   /usr/lib/jvm/java-7-openjdk-amd64/jre/lib/amd64/server/libjvm.so
7f7bacdc6000-7f7bacde9000 rw-p 00bf6000 08:01 20587060                   /usr/lib/jvm/java-7-openjdk-amd64/jre/lib/amd64/server/libjvm.so
7f7bacde9000-7f7bace16000 rw-p 00000000 00:00 0 
7f7bace16000-7f7bace2f000 r-xp 00000000 08:01 22024508                   /lib/x86_64-linux-gnu/libz.so.1.2.8
7f7bace2f000-7f7bad02f000 ---p 00019000 08:01 22024508                   /lib/x86_64-linux-gnu/libz.so.1.2.8
7f7bad02f000-7f7bad030000 r--p 00019000 08:01 22024508                   /lib/x86_64-linux-gnu/libz.so.1.2.8
7f7bad030000-7f7bad031000 rw-p 0001a000 08:01 22024508                   /lib/x86_64-linux-gnu/libz.so.1.2.8
7f7bad031000-7f7bad049000 r-xp 00000000 08:01 22024467                   /lib/x86_64-linux-gnu/libpthread-2.21.so
7f7bad049000-7f7bad249000 ---p 00018000 08:01 22024467                   /lib/x86_64-linux-gnu/libpthread-2.21.so
7f7bad249000-7f7bad24a000 r--p 00018000 08:01 22024467                   /lib/x86_64-linux-gnu/libpthread-2.21.so
7f7bad24a000-7f7bad24b000 rw-p 00019000 08:01 22024467                   /lib/x86_64-linux-gnu/libpthread-2.21.so
7f7bad24b000-7f7bad24f000 rw-p 00000000 00:00 0 
7f7bad24f000-7f7bad252000 r-xp 00000000 08:01 22024351                   /lib/x86_64-linux-gnu/libdl-2.21.so
7f7bad252000-7f7bad451000 ---p 00003000 08:01 22024351                   /lib/x86_64-linux-gnu/libdl-2.21.so
7f7bad451000-7f7bad452000 r--p 00002000 08:01 22024351                   /lib/x86_64-linux-gnu/libdl-2.21.so
7f7bad452000-7f7bad453000 rw-p 00003000 08:01 22024351                   /lib/x86_64-linux-gnu/libdl-2.21.so
7f7bad453000-7f7bad613000 r-xp 00000000 08:01 22024334                   /lib/x86_64-linux-gnu/libc-2.21.so
7f7bad613000-7f7bad813000 ---p 001c0000 08:01 22024334                   /lib/x86_64-linux-gnu/libc-2.21.so
7f7bad813000-7f7bad817000 r--p 001c0000 08:01 22024334                   /lib/x86_64-linux-gnu/libc-2.21.so
7f7bad817000-7f7bad819000 rw-p 001c4000 08:01 22024334                   /lib/x86_64-linux-gnu/libc-2.21.so
7f7bad819000-7f7bad81d000 rw-p 00000000 00:00 0 
7f7bad81d000-7f7bad82a000 r-xp 00000000 08:01 20587057                   /usr/lib/jvm/java-7-openjdk-amd64/jre/lib/amd64/jli/libjli.so
7f7bad82a000-7f7bada29000 ---p 0000d000 08:01 20587057                   /usr/lib/jvm/java-7-openjdk-amd64/jre/lib/amd64/jli/libjli.so
7f7bada29000-7f7bada2a000 r--p 0000c000 08:01 20587057                   /usr/lib/jvm/java-7-openjdk-amd64/jre/lib/amd64/jli/libjli.so
7f7bada2a000-7f7bada2b000 rw-p 0000d000 08:01 20587057                   /usr/lib/jvm/java-7-openjdk-amd64/jre/lib/amd64/jli/libjli.so
7f7bada2b000-7f7bada4f000 r-xp 00000000 08:01 22024306                   /lib/x86_64-linux-gnu/ld-2.21.so
7f7bada57000-7f7bada58000 rw-p 00000000 00:00 0 
7f7bada58000-7f7bada67000 r--s 000dd000 08:01 21636737                   /home/sharan/Android/Sdk/build-tools/21.1.2/lib/dx.jar
7f7bada67000-7f7bada78000 rw-p 00000000 00:00 0 
7f7bada78000-7f7badb27000 rw-p 00000000 00:00 0 
7f7badb27000-7f7badb2a000 ---p 00000000 00:00 0 
7f7badb2a000-7f7badc2d000 rw-p 00000000 00:00 0                          [stack:26300]
7f7badc2d000-7f7badc2e000 r--s 00000000 08:01 20979860                   /usr/share/java/jayatanaag.jar
7f7badc2e000-7f7badc32000 r--s 00034000 08:01 20587040                   /usr/lib/jvm/java-7-openjdk-amd64/jre/lib/ext/sunjce_provider.jar
7f7badc32000-7f7badc36000 r--s 0003c000 08:01 20587041                   /usr/lib/jvm/java-7-openjdk-amd64/jre/lib/ext/sunpkcs11.jar
7f7badc36000-7f7badc39000 r--s 0000f000 08:01 20587042                   /usr/lib/jvm/java-7-openjdk-amd64/jre/lib/ext/icedtea-sound.jar
7f7badc39000-7f7badc3d000 r--s 00085000 08:01 20587038                   /usr/lib/jvm/java-7-openjdk-amd64/jre/lib/ext/localedata.jar
7f7badc3d000-7f7badc3f000 r--s 00012000 08:01 20587043                   /usr/lib/jvm/java-7-openjdk-amd64/jre/lib/ext/zipfs.jar
7f7badc3f000-7f7badc41000 r--s 00006000 08:01 20971724                   /usr/share/java/java-atk-wrapper.jar
7f7badc41000-7f7badc42000 r--s 00002000 08:01 20587039                   /usr/lib/jvm/java-7-openjdk-amd64/jre/lib/ext/dnsns.jar
7f7badc42000-7f7badc4a000 rw-s 00000000 08:01 3016136                    /tmp/hsperfdata_sharan/26295
7f7badc4a000-7f7badc4b000 rw-p 00000000 00:00 0 
7f7badc4b000-7f7badc4c000 ---p 00000000 00:00 0 
7f7badc4c000-7f7badc4e000 rw-p 00000000 00:00 0 
7f7badc4e000-7f7badc4f000 r--p 00023000 08:01 22024306                   /lib/x86_64-linux-gnu/ld-2.21.so
7f7badc4f000-7f7badc50000 rw-p 00024000 08:01 22024306                   /lib/x86_64-linux-gnu/ld-2.21.so
7f7badc50000-7f7badc51000 rw-p 00000000 00:00 0 
7ffee2a22000-7ffee2a43000 rw-p 00000000 00:00 0                          [stack]
7ffee2ad2000-7ffee2ad4000 r--p 00000000 00:00 0                          [vvar]
7ffee2ad4000-7ffee2ad6000 r-xp 00000000 00:00 0                          [vdso]
ffffffffff600000-ffffffffff601000 r-xp 00000000 00:00 0                  [vsyscall]

VM Arguments:
jvm_args: -javaagent:/usr/share/java/jayatanaag.jar -Xmx4g -Dfile.encoding=UTF-8 -Duser.country=IN -Duser.language=en -Duser.variant 
java_command: com.android.dx.command.Main --dex --force-jumbo --multi-dex --main-dex-list /home/sharan/AndroidStudioProjects/Muser/muser/build/intermediates/multi-dex/debug/maindexlist.txt --output /home/sharan/AndroidStudioProjects/Muser/muser/build/intermediates/dex/debug /home/sharan/AndroidStudioProjects/Muser/muser/build/intermediates/multi-dex/debug/allclasses.jar
Launcher Type: SUN_STANDARD

Environment Variables:
JAVA_HOME=/usr/lib/jvm/java-8-oracle
JAVA_TOOL_OPTIONS=-javaagent:/usr/share/java/jayatanaag.jar 
PATH=/usr/local/sbin:/usr/local/bin:/usr/sbin:/usr/bin:/sbin:/bin:/usr/games:/usr/local/games:/usr/lib/jvm/java-8-oracle/bin:/usr/lib/jvm/java-8-oracle/db/bin:/usr/lib/jvm/java-8-oracle/jre/bin
LD_LIBRARY_PATH=/opt/android-studio/bin:
SHELL=/bin/bash
DISPLAY=:0

Signal Handlers:
SIGSEGV: [libjvm.so+0x98ac50], sa_mask[0]=0x7ffbfeff, sa_flags=0x10000004
SIGBUS: [libjvm.so+0x98ac50], sa_mask[0]=0x7ffbfeff, sa_flags=0x10000004
SIGFPE: [libjvm.so+0x7f8ab0], sa_mask[0]=0x7ffbfeff, sa_flags=0x10000004
SIGPIPE: [libjvm.so+0x7f8ab0], sa_mask[0]=0x7ffbfeff, sa_flags=0x10000004
SIGXFSZ: [libjvm.so+0x7f8ab0], sa_mask[0]=0x7ffbfeff, sa_flags=0x10000004
SIGILL: [libjvm.so+0x7f8ab0], sa_mask[0]=0x7ffbfeff, sa_flags=0x10000004
SIGUSR1: SIG_DFL, sa_mask[0]=0x00000000, sa_flags=0x00000000
SIGUSR2: [libjvm.so+0x7f8930], sa_mask[0]=0x00000004, sa_flags=0x10000004
SIGHUP: [libjvm.so+0x7f8b30], sa_mask[0]=0x7ffbfeff, sa_flags=0x10000004
SIGINT: [libjvm.so+0x7f8b30], sa_mask[0]=0x7ffbfeff, sa_flags=0x10000004
SIGTERM: [libjvm.so+0x7f8b30], sa_mask[0]=0x7ffbfeff, sa_flags=0x10000004
SIGQUIT: [libjvm.so+0x7f8b30], sa_mask[0]=0x7ffbfeff, sa_flags=0x10000004
SIGTRAP: SIG_DFL, sa_mask[0]=0x00000000, sa_flags=0x00000000


---------------  S Y S T E M  ---------------

OS:Ubuntu 15.04 (vivid)
uname:Linux 3.19.0-26-generic #28-Ubuntu SMP Tue Aug 11 14:16:32 UTC 2015 x86_64
libc:glibc 2.21 NPTL 2.21 
rlimit: STACK 8192k, CORE 0k, NPROC 31366, NOFILE 65536, AS infinity
load average:3.66 3.17 2.30

/proc/meminfo:
MemTotal:        8052020 kB
MemFree:          121116 kB
MemAvailable:     111140 kB
Buffers:            1620 kB
Cached:          1440996 kB
SwapCached:            0 kB
Active:          6463408 kB
Inactive:        1281628 kB
Active(anon):    6413108 kB
Inactive(anon):  1231140 kB
Active(file):      50300 kB
Inactive(file):    50488 kB
Unevictable:          32 kB
Mlocked:              32 kB
SwapTotal:             0 kB
SwapFree:              0 kB
Dirty:               628 kB
Writeback:             0 kB
AnonPages:       6303060 kB
Mapped:           656996 kB
Shmem:           1341376 kB
Slab:              86468 kB
SReclaimable:      48200 kB
SUnreclaim:        38268 kB
KernelStack:       10928 kB
PageTables:        46660 kB
NFS_Unstable:          0 kB
Bounce:                0 kB
WritebackTmp:          0 kB
CommitLimit:     4026008 kB
Committed_AS:   12951752 kB
VmallocTotal:   34359738367 kB
VmallocUsed:      359932 kB
VmallocChunk:   34359286872 kB
HardwareCorrupted:     0 kB
AnonHugePages:   4577280 kB
CmaTotal:              0 kB
CmaFree:               0 kB
HugePages_Total:       0
HugePages_Free:        0
HugePages_Rsvd:        0
HugePages_Surp:        0
Hugepagesize:       2048 kB
DirectMap4k:      175164 kB
DirectMap2M:     7041024 kB
DirectMap1G:     1048576 kB


CPU:total 4 (2 cores per cpu, 2 threads per core) family 6 model 60 stepping 3, cmov, cx8, fxsr, mmx, sse, sse2, sse3, ssse3, sse4.1, sse4.2, popcnt, avx, avx2, aes, erms, ht, tsc, tscinvbit

/proc/cpuinfo:
processor	: 0
vendor_id	: GenuineIntel
cpu family	: 6
model		: 60
model name	: Intel(R) Core(TM) i3-4150 CPU @ 3.50GHz
stepping	: 3
microcode	: 0x12
cpu MHz		: 3500.000
cache size	: 3072 KB
physical id	: 0
siblings	: 4
core id		: 0
cpu cores	: 2
apicid		: 0
initial apicid	: 0
fpu		: yes
fpu_exception	: yes
cpuid level	: 13
wp		: yes
flags		: fpu vme de pse tsc msr pae mce cx8 apic sep mtrr pge mca cmov pat pse36 clflush dts acpi mmx fxsr sse sse2 ss ht tm pbe syscall nx pdpe1gb rdtscp lm constant_tsc arch_perfmon pebs bts rep_good nopl xtopology nonstop_tsc aperfmperf eagerfpu pni pclmulqdq dtes64 monitor ds_cpl vmx est tm2 ssse3 fma cx16 xtpr pdcm pcid sse4_1 sse4_2 movbe popcnt tsc_deadline_timer aes xsave avx f16c rdrand lahf_lm abm arat pln pts dtherm tpr_shadow vnmi flexpriority ept vpid fsgsbase tsc_adjust bmi1 avx2 smep bmi2 erms invpcid xsaveopt
bugs		:
bogomips	: 6983.79
clflush size	: 64
cache_alignment	: 64
address sizes	: 39 bits physical, 48 bits virtual
power management:

processor	: 1
vendor_id	: GenuineIntel
cpu family	: 6
model		: 60
model name	: Intel(R) Core(TM) i3-4150 CPU @ 3.50GHz
stepping	: 3
microcode	: 0x12
cpu MHz		: 3500.000
cache size	: 3072 KB
physical id	: 0
siblings	: 4
core id		: 1
cpu cores	: 2
apicid		: 2
initial apicid	: 2
fpu		: yes
fpu_exception	: yes
cpuid level	: 13
wp		: yes
flags		: fpu vme de pse tsc msr pae mce cx8 apic sep mtrr pge mca cmov pat pse36 clflush dts acpi mmx fxsr sse sse2 ss ht tm pbe syscall nx pdpe1gb rdtscp lm constant_tsc arch_perfmon pebs bts rep_good nopl xtopology nonstop_tsc aperfmperf eagerfpu pni pclmulqdq dtes64 monitor ds_cpl vmx est tm2 ssse3 fma cx16 xtpr pdcm pcid sse4_1 sse4_2 movbe popcnt tsc_deadline_timer aes xsave avx f16c rdrand lahf_lm abm arat pln pts dtherm tpr_shadow vnmi flexpriority ept vpid fsgsbase tsc_adjust bmi1 avx2 smep bmi2 erms invpcid xsaveopt
bugs		:
bogomips	: 6983.79
clflush size	: 64
cache_alignment	: 64
address sizes	: 39 bits physical, 48 bits virtual
power management:

processor	: 2
vendor_id	: GenuineIntel
cpu family	: 6
model		: 60
model name	: Intel(R) Core(TM) i3-4150 CPU @ 3.50GHz
stepping	: 3
microcode	: 0x12
cpu MHz		: 3500.000
cache size	: 3072 KB
physical id	: 0
siblings	: 4
core id		: 0
cpu cores	: 2
apicid		: 1
initial apicid	: 1
fpu		: yes
fpu_exception	: yes
cpuid level	: 13
wp		: yes
flags		: fpu vme de pse tsc msr pae mce cx8 apic sep mtrr pge mca cmov pat pse36 clflush dts acpi mmx fxsr sse sse2 ss ht tm pbe syscall nx pdpe1gb rdtscp lm constant_tsc arch_perfmon pebs bts rep_good nopl xtopology nonstop_tsc aperfmperf eagerfpu pni pclmulqdq dtes64 monitor ds_cpl vmx est tm2 ssse3 fma cx16 xtpr pdcm pcid sse4_1 sse4_2 movbe popcnt tsc_deadline_timer aes xsave avx f16c rdrand lahf_lm abm arat pln pts dtherm tpr_shadow vnmi flexpriority ept vpid fsgsbase tsc_adjust bmi1 avx2 smep bmi2 erms invpcid xsaveopt
bugs		:
bogomips	: 6983.79
clflush size	: 64
cache_alignment	: 64
address sizes	: 39 bits physical, 48 bits virtual
power management:

processor	: 3
vendor_id	: GenuineIntel
cpu family	: 6
model		: 60
model name	: Intel(R) Core(TM) i3-4150 CPU @ 3.50GHz
stepping	: 3
microcode	: 0x12
cpu MHz		: 3500.000
cache size	: 3072 KB
physical id	: 0
siblings	: 4
core id		: 1
cpu cores	: 2
apicid		: 3
initial apicid	: 3
fpu		: yes
fpu_exception	: yes
cpuid level	: 13
wp		: yes
flags		: fpu vme de pse tsc msr pae mce cx8 apic sep mtrr pge mca cmov pat pse36 clflush dts acpi mmx fxsr sse sse2 ss ht tm pbe syscall nx pdpe1gb rdtscp lm constant_tsc arch_perfmon pebs bts rep_good nopl xtopology nonstop_tsc aperfmperf eagerfpu pni pclmulqdq dtes64 monitor ds_cpl vmx est tm2 ssse3 fma cx16 xtpr pdcm pcid sse4_1 sse4_2 movbe popcnt tsc_deadline_timer aes xsave avx f16c rdrand lahf_lm abm arat pln pts dtherm tpr_shadow vnmi flexpriority ept vpid fsgsbase tsc_adjust bmi1 avx2 smep bmi2 erms invpcid xsaveopt
bugs		:
bogomips	: 6983.79
clflush size	: 64
cache_alignment	: 64
address sizes	: 39 bits physical, 48 bits virtual
power management:



Memory: 4k page, physical 8052020k(121116k free), swap 0k(0k free)

vm_info: OpenJDK 64-Bit Server VM (24.79-b02) for linux-amd64 JRE (1.7.0_79-b14), built on Jul 24 2015 05:24:39 by "buildd" with gcc 4.9.2

time: Tue Nov  3 14:39:19 2015
elapsed time: 29 seconds

