#
# There is insufficient memory for the Java Runtime Environment to continue.
# Native memory allocation (malloc) failed to allocate 202899456 bytes for committing reserved memory.
# Possible reasons:
#   The system is out of physical RAM or swap space
#   In 32 bit mode, the process size limit was hit
# Possible solutions:
#   Reduce memory load on the system
#   Increase physical memory or swap space
#   Check if swap backing store is full
#   Use 64 bit Java on a 64 bit OS
#   Decrease Java heap size (-Xmx/-Xms)
#   Decrease number of Java threads
#   Decrease Java thread stack sizes (-Xss)
#   Set larger code cache with -XX:ReservedCodeCacheSize=
# This output file may be truncated or incomplete.
#
#  Out of Memory Error (os_linux.cpp:2809), pid=10648, tid=140092368738048
#
# JRE version: OpenJDK Runtime Environment (7.0_79-b14) (build 1.7.0_79-b14)
# Java VM: OpenJDK 64-Bit Server VM (24.79-b02 mixed mode linux-amd64 compressed oops)
# Derivative: IcedTea 2.5.6
# Distribution: Ubuntu 15.04, package 7u79-2.5.6-0ubuntu1.15.04.1
# Failed to write core dump. Core dumps have been disabled. To enable core dumping, try "ulimit -c unlimited" before starting Java again
#

---------------  T H R E A D  ---------------

Current thread (0x00007f69dc13e000):  VMThread [stack: 0x00007f69cbcfd000,0x00007f69cbdfe000] [id=10658]

Stack: [0x00007f69cbcfd000,0x00007f69cbdfe000],  sp=0x00007f69cbdfc4e0,  free space=1021k
Native frames: (J=compiled Java code, j=interpreted, Vv=VM code, C=native code)
V  [libjvm.so+0x98a166]  VMError::report_and_die()+0x186
V  [libjvm.so+0x48f932]  report_vm_out_of_memory(char const*, int, unsigned long, char const*)+0x92
V  [libjvm.so+0x7fd56b]  os::pd_commit_memory(char*, unsigned long, unsigned long, bool)+0xeb
V  [libjvm.so+0x7f7c4e]  os::commit_memory(char*, unsigned long, unsigned long, bool)+0x2e
V  [libjvm.so+0x86a56b]  PSVirtualSpace::expand_by(unsigned long)+0x5b
V  [libjvm.so+0x86b413]  PSYoungGen::resize_generation(unsigned long, unsigned long)+0xd3
V  [libjvm.so+0x86bb2b]  PSYoungGen::resize(unsigned long, unsigned long)+0x1b
V  [libjvm.so+0x867539]  PSScavenge::invoke_no_policy()+0xdc9
V  [libjvm.so+0x867d18]  PSScavenge::invoke()+0x38
V  [libjvm.so+0x81fb73]  ParallelScavengeHeap::failed_mem_allocate(unsigned long)+0x63
V  [libjvm.so+0x98ba32]  VM_ParallelGCFailedAllocation::doit()+0x92
V  [libjvm.so+0x9902e7]  VM_Operation::evaluate()+0x47
V  [libjvm.so+0x98e8cb]  VMThread::evaluate_operation(VM_Operation*)+0xab
V  [libjvm.so+0x98ef76]  VMThread::loop()+0x1e6
V  [libjvm.so+0x98f441]  VMThread::run()+0x81
V  [libjvm.so+0x7fa492]  java_start(Thread*)+0xf2

VM_Operation (0x00007f69e5796fb0): ParallelGCFailedAllocation, mode: safepoint, requested by thread 0x00007f69dc00b000


---------------  P R O C E S S  ---------------

Java Threads: ( => current thread )
  0x00007f69dc1d2000 JavaThread "Service Thread" daemon [_thread_blocked, id=10664, stack(0x00007f69ca4b0000,0x00007f69ca5b1000)]
  0x00007f69dc1c8800 JavaThread "C2 CompilerThread1" daemon [_thread_blocked, id=10663, stack(0x00007f69ca5b1000,0x00007f69ca6b2000)]
  0x00007f69dc1c6800 JavaThread "C2 CompilerThread0" daemon [_thread_blocked, id=10662, stack(0x00007f69ca6b2000,0x00007f69ca7b3000)]
  0x00007f69dc16f800 JavaThread "Signal Dispatcher" daemon [_thread_blocked, id=10661, stack(0x00007f69cb318000,0x00007f69cb419000)]
  0x00007f69dc144800 JavaThread "Finalizer" daemon [_thread_blocked, id=10660, stack(0x00007f69cbafb000,0x00007f69cbbfc000)]
  0x00007f69dc142800 JavaThread "Reference Handler" daemon [_thread_blocked, id=10659, stack(0x00007f69cbbfc000,0x00007f69cbcfd000)]
  0x00007f69dc00b000 JavaThread "main" [_thread_blocked, id=10653, stack(0x00007f69e5698000,0x00007f69e5799000)]

Other Threads:
=>0x00007f69dc13e000 VMThread [stack: 0x00007f69cbcfd000,0x00007f69cbdfe000] [id=10658]
  0x00007f69dc1e4800 WatcherThread [stack: 0x00007f69ca3af000,0x00007f69ca4b0000] [id=10665]

VM state:at safepoint (normal execution)

VM Mutex/Monitor currently owned by a thread:  ([mutex/lock_event])
[0x00007f69dc007990] Threads_lock - owner thread: 0x00007f69dc13e000
[0x00007f69dc007e90] Heap_lock - owner thread: 0x00007f69dc00b000

Heap
 PSYoungGen      total 779264K, used 165364K [0x00000007aaa80000, 0x00000007e4b80000, 0x0000000800000000)
  eden space 613888K, 0% used [0x00000007aaa80000,0x00000007aaa80000,0x00000007d0200000)
  from space 165376K, 99% used [0x00000007d0200000,0x00000007da37d2c0,0x00000007da380000)
  to   space 152064K, 0% used [0x00000007da380000,0x00000007da380000,0x00000007e3800000)
 ParOldGen       total 440320K, used 334640K [0x0000000700000000, 0x000000071ae00000, 0x00000007aaa80000)
  object space 440320K, 75% used [0x0000000700000000,0x00000007146cc320,0x000000071ae00000)
 PSPermGen       total 21504K, used 6284K [0x00000006f5a00000, 0x00000006f6f00000, 0x0000000700000000)
  object space 21504K, 29% used [0x00000006f5a00000,0x00000006f6023028,0x00000006f6f00000)

Card table byte_map: [0x00007f69e1827000,0x00007f69e207b000] byte_map_base: 0x00007f69de07a000

Polling page: 0x00007f69e57bc000

Code Cache  [0x00007f69d9000000, 0x00007f69d93b0000, 0x00007f69dc000000)
 total_blobs=1252 nmethods=1022 adapters=183 free_code_cache=45520Kb largest_free_block=46500352

Compilation events (10 events):
Event: 26.006 Thread 0x00007f69dc1c6800 nmethod 1079 0x00007f69d92dcd10 code [0x00007f69d92dce60, 0x00007f69d92dcfb8]
Event: 26.012 Thread 0x00007f69dc1c8800 nmethod 1078 0x00007f69d908e750 code [0x00007f69d908e900, 0x00007f69d908ef58]
Event: 26.023 Thread 0x00007f69dc1c6800 1080   !         com.android.dx.cf.direct.DirectClassFile$DcfTypeList::<init> (137 bytes)
Event: 26.030 Thread 0x00007f69dc1c6800 nmethod 1080 0x00007f69d91b3ed0 code [0x00007f69d91b4060, 0x00007f69d91b45b8]
Event: 26.073 Thread 0x00007f69dc1c6800 1081             com.android.dx.cf.direct.DirectClassFile$DcfTypeList::size (5 bytes)
Event: 26.074 Thread 0x00007f69dc1c6800 nmethod 1081 0x00007f69d92e42d0 code [0x00007f69d92e4400, 0x00007f69d92e4458]
Event: 26.268 Thread 0x00007f69dc1c6800 1082             com.android.dx.rop.cst.CstLiteral64::hashCode (15 bytes)
Event: 26.269 Thread 0x00007f69dc1c6800 nmethod 1082 0x00007f69d9248210 code [0x00007f69d9248340, 0x00007f69d92483b8]
Event: 26.628 Thread 0x00007f69dc1c6800 1083             com.android.dx.rop.code.Rops::opGetStatic (97 bytes)
Event: 26.629 Thread 0x00007f69dc1c6800 nmethod 1083 0x00007f69d92dc910 code [0x00007f69d92dca80, 0x00007f69d92dcbe8]

GC Heap History (10 events):
Event: 19.130 GC heap after
Heap after GC invocations=15 (full 2):
 PSYoungGen      total 505344K, used 60484K [0x00000007aaa80000, 0x00000007d6080000, 0x0000000800000000)
  eden space 404992K, 0% used [0x00000007aaa80000,0x00000007aaa80000,0x00000007c3600000)
  from space 100352K, 60% used [0x00000007c3600000,0x00000007c7111388,0x00000007c9800000)
  to   space 102400K, 0% used [0x00000007cfc80000,0x00000007cfc80000,0x00000007d6080000)
 ParOldGen       total 284672K, used 218426K [0x0000000700000000, 0x0000000711600000, 0x00000007aaa80000)
  object space 284672K, 76% used [0x0000000700000000,0x000000070d54ebd0,0x0000000711600000)
 PSPermGen       total 21504K, used 6203K [0x00000006f5a00000, 0x00000006f6f00000, 0x0000000700000000)
  object space 21504K, 28% used [0x00000006f5a00000,0x00000006f600eea0,0x00000006f6f00000)
}
Event: 20.269 GC heap before
{Heap before GC invocations=16 (full 2):
 PSYoungGen      total 505344K, used 465476K [0x00000007aaa80000, 0x00000007d6080000, 0x0000000800000000)
  eden space 404992K, 100% used [0x00000007aaa80000,0x00000007c3600000,0x00000007c3600000)
  from space 100352K, 60% used [0x00000007c3600000,0x00000007c7111388,0x00000007c9800000)
  to   space 102400K, 0% used [0x00000007cfc80000,0x00000007cfc80000,0x00000007d6080000)
 ParOldGen       total 284672K, used 218426K [0x0000000700000000, 0x0000000711600000, 0x00000007aaa80000)
  object space 284672K, 76% used [0x0000000700000000,0x000000070d54ebd0,0x0000000711600000)
 PSPermGen       total 21504K, used 6203K [0x00000006f5a00000, 0x00000006f6f00000, 0x0000000700000000)
  object space 21504K, 28% used [0x00000006f5a00000,0x00000006f600efd8,0x00000006f6f00000)
Event: 20.445 GC heap after
Heap after GC invocations=16 (full 2):
 PSYoungGen      total 593408K, used 98434K [0x00000007aaa80000, 0x00000007d8280000, 0x0000000800000000)
  eden space 491008K, 0% used [0x00000007aaa80000,0x00000007aaa80000,0x00000007c8a00000)
  from space 102400K, 96% used [0x00000007cfc80000,0x00000007d5ca0a90,0x00000007d6080000)
  to   space 117248K, 0% used [0x00000007c8a00000,0x00000007c8a00000,0x00000007cfc80000)
 ParOldGen       total 284672K, used 218426K [0x0000000700000000, 0x0000000711600000, 0x00000007aaa80000)
  object space 284672K, 76% used [0x0000000700000000,0x000000070d54ebd0,0x0000000711600000)
 PSPermGen       total 21504K, used 6203K [0x00000006f5a00000, 0x00000006f6f00000, 0x0000000700000000)
  object space 21504K, 28% used [0x00000006f5a00000,0x00000006f600efd8,0x00000006f6f00000)
}
Event: 21.694 GC heap before
{Heap before GC invocations=17 (full 2):
 PSYoungGen      total 593408K, used 589442K [0x00000007aaa80000, 0x00000007d8280000, 0x0000000800000000)
  eden space 491008K, 100% used [0x00000007aaa80000,0x00000007c8a00000,0x00000007c8a00000)
  from space 102400K, 96% used [0x00000007cfc80000,0x00000007d5ca0a90,0x00000007d6080000)
  to   space 117248K, 0% used [0x00000007c8a00000,0x00000007c8a00000,0x00000007cfc80000)
 ParOldGen       total 284672K, used 218426K [0x0000000700000000, 0x0000000711600000, 0x00000007aaa80000)
  object space 284672K, 76% used [0x0000000700000000,0x000000070d54ebd0,0x0000000711600000)
 PSPermGen       total 21504K, used 6220K [0x00000006f5a00000, 0x00000006f6f00000, 0x0000000700000000)
  object space 21504K, 28% used [0x00000006f5a00000,0x00000006f6013378,0x00000006f6f00000)
Event: 21.920 GC heap after
Heap after GC invocations=17 (full 2):
 PSYoungGen      total 608256K, used 117238K [0x00000007aaa80000, 0x00000007e3800000, 0x0000000800000000)
  eden space 491008K, 0% used [0x00000007aaa80000,0x00000007aaa80000,0x00000007c8a00000)
  from space 117248K, 99% used [0x00000007c8a00000,0x00000007cfc7d9f0,0x00000007cfc80000)
  to   space 152064K, 0% used [0x00000007da380000,0x00000007da380000,0x00000007e3800000)
 ParOldGen       total 284672K, used 259838K [0x0000000700000000, 0x0000000711600000, 0x00000007aaa80000)
  object space 284672K, 91% used [0x0000000700000000,0x000000070fdbfa38,0x0000000711600000)
 PSPermGen       total 21504K, used 6220K [0x00000006f5a00000, 0x00000006f6f00000, 0x0000000700000000)
  object space 21504K, 28% used [0x00000006f5a00000,0x00000006f6013378,0x00000006f6f00000)
}
Event: 21.920 GC heap before
{Heap before GC invocations=18 (full 3):
 PSYoungGen      total 608256K, used 117238K [0x00000007aaa80000, 0x00000007e3800000, 0x0000000800000000)
  eden space 491008K, 0% used [0x00000007aaa80000,0x00000007aaa80000,0x00000007c8a00000)
  from space 117248K, 99% used [0x00000007c8a00000,0x00000007cfc7d9f0,0x00000007cfc80000)
  to   space 152064K, 0% used [0x00000007da380000,0x00000007da380000,0x00000007e3800000)
 ParOldGen       total 284672K, used 259838K [0x0000000700000000, 0x0000000711600000, 0x00000007aaa80000)
  object space 284672K, 91% used [0x0000000700000000,0x000000070fdbfa38,0x0000000711600000)
 PSPermGen       total 21504K, used 6220K [0x00000006f5a00000, 0x00000006f6f00000, 0x0000000700000000)
  object space 21504K, 28% used [0x00000006f5a00000,0x00000006f6013378,0x00000006f6f00000)
Event: 23.403 GC heap after
Heap after GC invocations=18 (full 3):
 PSYoungGen      total 608256K, used 51663K [0x00000007aaa80000, 0x00000007e3800000, 0x0000000800000000)
  eden space 491008K, 0% used [0x00000007aaa80000,0x00000007aaa80000,0x00000007c8a00000)
  from space 117248K, 44% used [0x00000007c8a00000,0x00000007cbc73db8,0x00000007cfc80000)
  to   space 152064K, 0% used [0x00000007da380000,0x00000007da380000,0x00000007e3800000)
 ParOldGen       total 440320K, used 284279K [0x0000000700000000, 0x000000071ae00000, 0x00000007aaa80000)
  object space 440320K, 64% used [0x0000000700000000,0x000000071159dd60,0x000000071ae00000)
 PSPermGen       total 21504K, used 6220K [0x00000006f5a00000, 0x00000006f6f00000, 0x0000000700000000)
  object space 21504K, 28% used [0x00000006f5a00000,0x00000006f60132b8,0x00000006f6f00000)
}
Event: 24.644 GC heap before
{Heap before GC invocations=19 (full 3):
 PSYoungGen      total 608256K, used 542671K [0x00000007aaa80000, 0x00000007e3800000, 0x0000000800000000)
  eden space 491008K, 100% used [0x00000007aaa80000,0x00000007c8a00000,0x00000007c8a00000)
  from space 117248K, 44% used [0x00000007c8a00000,0x00000007cbc73db8,0x00000007cfc80000)
  to   space 152064K, 0% used [0x00000007da380000,0x00000007da380000,0x00000007e3800000)
 ParOldGen       total 440320K, used 284279K [0x0000000700000000, 0x000000071ae00000, 0x00000007aaa80000)
  object space 440320K, 64% used [0x0000000700000000,0x000000071159dd60,0x000000071ae00000)
 PSPermGen       total 21504K, used 6242K [0x00000006f5a00000, 0x00000006f6f00000, 0x0000000700000000)
  object space 21504K, 29% used [0x00000006f5a00000,0x00000006f6018a80,0x00000006f6f00000)
Event: 25.086 GC heap after
Heap after GC invocations=19 (full 3):
 PSYoungGen      total 765952K, used 119574K [0x00000007aaa80000, 0x00000007e4b80000, 0x0000000800000000)
  eden space 613888K, 0% used [0x00000007aaa80000,0x00000007aaa80000,0x00000007d0200000)
  from space 152064K, 78% used [0x00000007da380000,0x00000007e1845888,0x00000007e3800000)
  to   space 165376K, 0% used [0x00000007d0200000,0x00000007d0200000,0x00000007da380000)
 ParOldGen       total 440320K, used 293093K [0x0000000700000000, 0x000000071ae00000, 0x00000007aaa80000)
  object space 440320K, 66% used [0x0000000700000000,0x0000000711e395e0,0x000000071ae00000)
 PSPermGen       total 21504K, used 6242K [0x00000006f5a00000, 0x00000006f6f00000, 0x0000000700000000)
  object space 21504K, 29% used [0x00000006f5a00000,0x00000006f6018a80,0x00000006f6f00000)
}
Event: 26.841 GC heap before
{Heap before GC invocations=20 (full 3):
 PSYoungGen      total 765952K, used 733462K [0x00000007aaa80000, 0x00000007e4b80000, 0x0000000800000000)
  eden space 613888K, 100% used [0x00000007aaa80000,0x00000007d0200000,0x00000007d0200000)
  from space 152064K, 78% used [0x00000007da380000,0x00000007e1845888,0x00000007e3800000)
  to   space 165376K, 0% used [0x00000007d0200000,0x00000007d0200000,0x00000007da380000)
 ParOldGen       total 440320K, used 293093K [0x0000000700000000, 0x000000071ae00000, 0x00000007aaa80000)
  object space 440320K, 66% used [0x0000000700000000,0x0000000711e395e0,0x000000071ae00000)
 PSPermGen       total 21504K, used 6284K [0x00000006f5a00000, 0x00000006f6f00000, 0x0000000700000000)
  object space 21504K, 29% used [0x00000006f5a00000,0x00000006f6023028,0x00000006f6f00000)

Deoptimization events (10 events):
Event: 16.525 Thread 0x00007f69dc00b000 Uncommon trap: reason=class_check action=maybe_recompile pc=0x00007f69d90c6698 method=com.android.dx.ssa.SsaConverter.placePhiFunctions(Lcom/android/dx/ssa/SsaMethod;Lcom/android/dx/ssa/LocalVariableInfo;I)V @ 257
Event: 16.600 Thread 0x00007f69dc00b000 Uncommon trap: reason=predicate action=maybe_recompile pc=0x00007f69d91b2858 method=com.android.dx.ssa.back.InterferenceGraph.<init>(I)V @ 23
Event: 16.875 Thread 0x00007f69dc00b000 Uncommon trap: reason=class_check action=maybe_recompile pc=0x00007f69d90c6698 method=com.android.dx.ssa.SsaConverter.placePhiFunctions(Lcom/android/dx/ssa/SsaMethod;Lcom/android/dx/ssa/LocalVariableInfo;I)V @ 257
Event: 17.234 Thread 0x00007f69dc00b000 Uncommon trap: reason=class_check action=maybe_recompile pc=0x00007f69d90c6698 method=com.android.dx.ssa.SsaConverter.placePhiFunctions(Lcom/android/dx/ssa/SsaMethod;Lcom/android/dx/ssa/LocalVariableInfo;I)V @ 257
Event: 21.549 Thread 0x00007f69dc00b000 Uncommon trap: reason=unreached action=reinterpret pc=0x00007f69d9309cc0 method=com.android.dx.rop.code.LocalItem.compareHandlesNulls(Lcom/android/dx/rop/cst/CstString;Lcom/android/dx/rop/cst/CstString;)I @ 14
Event: 21.549 Thread 0x00007f69dc00b000 Uncommon trap: reason=unreached action=reinterpret pc=0x00007f69d930d890 method=com.android.dx.rop.code.LocalItem.compareHandlesNulls(Lcom/android/dx/rop/cst/CstString;Lcom/android/dx/rop/cst/CstString;)I @ 14
Event: 23.766 Thread 0x00007f69dc00b000 Uncommon trap: reason=class_check action=maybe_recompile pc=0x00007f69d91f8224 method=com.android.dx.ssa.SCCP.replaceConstants()V @ 182
Event: 24.500 Thread 0x00007f69dc00b000 Uncommon trap: reason=class_check action=maybe_recompile pc=0x00007f69d910cf98 method=com.android.dx.ssa.DomFront.calcDomFronts()V @ 101
Event: 24.502 Thread 0x00007f69dc00b000 Uncommon trap: reason=predicate action=maybe_recompile pc=0x00007f69d937c788 method=com.android.dx.ssa.SsaConverter.placePhiFunctions(Lcom/android/dx/ssa/SsaMethod;Lcom/android/dx/ssa/LocalVariableInfo;I)V @ 274
Event: 24.503 Thread 0x00007f69dc00b000 Uncommon trap: reason=predicate action=maybe_recompile pc=0x00007f69d92c1f7c method=com.android.dx.ssa.SsaConverter.placePhiFunctions(Lcom/android/dx/ssa/SsaMethod;Lcom/android/dx/ssa/LocalVariableInfo;I)V @ 274

Internal exceptions (10 events):
Event: 12.483 Thread 0x00007f69dc00b000 Implicit null exception at 0x00007f69d933e4eb to 0x00007f69d9340885
Event: 14.124 Thread 0x00007f69dc00b000 Threw 0x00000007b2e00a50 at /build/openjdk-7-yI9zWD/openjdk-7-7u79-2.5.6/build/openjdk/hotspot/src/share/vm/prims/jvm.cpp:1284
Event: 14.519 Thread 0x00007f69dc00b000 Implicit null exception at 0x00007f69d923aa9d to 0x00007f69d923ac8d
Event: 14.519 Thread 0x00007f69dc00b000 Implicit null exception at 0x00007f69d91bd269 to 0x00007f69d91bd43d
Event: 14.520 Thread 0x00007f69dc00b000 Implicit null exception at 0x00007f69d91af3f5 to 0x00007f69d91af555
Event: 14.799 Thread 0x00007f69dc00b000 Threw 0x00000007bd3a1d58 at /build/openjdk-7-yI9zWD/openjdk-7-7u79-2.5.6/build/openjdk/hotspot/src/share/vm/prims/jvm.cpp:1284
Event: 14.809 Thread 0x00007f69dc00b000 Threw 0x00000007bd482070 at /build/openjdk-7-yI9zWD/openjdk-7-7u79-2.5.6/build/openjdk/hotspot/src/share/vm/prims/jvm.cpp:1284
Event: 16.227 Thread 0x00007f69dc00b000 Threw 0x00000007acb39578 at /build/openjdk-7-yI9zWD/openjdk-7-7u79-2.5.6/build/openjdk/hotspot/src/share/vm/prims/jvm.cpp:1284
Event: 21.549 Thread 0x00007f69dc00b000 Implicit null exception at 0x00007f69d9309ad2 to 0x00007f69d9309cad
Event: 21.549 Thread 0x00007f69dc00b000 Implicit null exception at 0x00007f69d930d6be to 0x00007f69d930d87d

Events (10 events):
Event: 24.623 Thread 0x00007f69dc1c6800 flushing nmethod 0x00007f69d9192390
Event: 24.644 Executing VM operation: ParallelGCFailedAllocation
Event: 25.090 Executing VM operation: ParallelGCFailedAllocation done
Event: 25.090 Thread 0x00007f69dc1c8800 flushing nmethod 0x00007f69d91a44d0
Event: 25.090 Thread 0x00007f69dc1c8800 flushing nmethod 0x00007f69d91b21d0
Event: 25.090 Thread 0x00007f69dc1c8800 flushing nmethod 0x00007f69d91b3310
Event: 25.101 Thread 0x00007f69dc1c6800 flushing nmethod 0x00007f69d9238550
Event: 25.280 Thread 0x00007f69dc1c8800 flushing nmethod 0x00007f69d9248210
Event: 25.284 Thread 0x00007f69dc1c8800 flushing nmethod 0x00007f69d92f5d10
Event: 26.841 Executing VM operation: ParallelGCFailedAllocation


Dynamic libraries:
00400000-00401000 r-xp 00000000 08:01 20712222                           /usr/lib/jvm/java-7-openjdk-amd64/jre/bin/java
00600000-00601000 r--p 00000000 08:01 20712222                           /usr/lib/jvm/java-7-openjdk-amd64/jre/bin/java
00601000-00602000 rw-p 00001000 08:01 20712222                           /usr/lib/jvm/java-7-openjdk-amd64/jre/bin/java
008aa000-008cb000 rw-p 00000000 00:00 0                                  [heap]
6f5a00000-6f6f00000 rw-p 00000000 00:00 0 
6f6f00000-700000000 rw-p 00000000 00:00 0 
700000000-71ae00000 rw-p 00000000 00:00 0 
71ae00000-7aaa80000 rw-p 00000000 00:00 0 
7aaa80000-7e4b80000 rw-p 00000000 00:00 0 
7f0d00000-800000000 rw-p 00000000 00:00 0 
7f6994000000-7f6994021000 rw-p 00000000 00:00 0 
7f6994021000-7f6998000000 ---p 00000000 00:00 0 
7f699c000000-7f699d383000 rw-p 00000000 00:00 0 
7f699d383000-7f69a0000000 ---p 00000000 00:00 0 
7f69a0000000-7f69a0021000 rw-p 00000000 00:00 0 
7f69a0021000-7f69a4000000 ---p 00000000 00:00 0 
7f69a4000000-7f69a4021000 rw-p 00000000 00:00 0 
7f69a4021000-7f69a8000000 ---p 00000000 00:00 0 
7f69a8000000-7f69aa0b0000 rw-p 00000000 00:00 0 
7f69aa0b0000-7f69ac000000 ---p 00000000 00:00 0 
7f69ac000000-7f69ac021000 rw-p 00000000 00:00 0 
7f69ac021000-7f69b0000000 ---p 00000000 00:00 0 
7f69b0000000-7f69b0021000 rw-p 00000000 00:00 0 
7f69b0021000-7f69b4000000 ---p 00000000 00:00 0 
7f69b4000000-7f69b4021000 rw-p 00000000 00:00 0 
7f69b4021000-7f69b8000000 ---p 00000000 00:00 0 
7f69b8000000-7f69b8240000 rw-p 00000000 00:00 0 
7f69b8240000-7f69bc000000 ---p 00000000 00:00 0 
7f69bc000000-7f69bc021000 rw-p 00000000 00:00 0 
7f69bc021000-7f69c0000000 ---p 00000000 00:00 0 
7f69c4000000-7f69c4021000 rw-p 00000000 00:00 0 
7f69c4021000-7f69c8000000 ---p 00000000 00:00 0 
7f69c881f000-7f69c8b20000 rw-p 00000000 00:00 0 
7f69c8b20000-7f69c8b8c000 r-xp 00000000 08:01 22020192                   /lib/x86_64-linux-gnu/libpcre.so.3.13.1
7f69c8b8c000-7f69c8d8b000 ---p 0006c000 08:01 22020192                   /lib/x86_64-linux-gnu/libpcre.so.3.13.1
7f69c8d8b000-7f69c8d8c000 r--p 0006b000 08:01 22020192                   /lib/x86_64-linux-gnu/libpcre.so.3.13.1
7f69c8d8c000-7f69c8d8d000 rw-p 0006c000 08:01 22020192                   /lib/x86_64-linux-gnu/libpcre.so.3.13.1
7f69c8d8d000-7f69c8d94000 r-xp 00000000 08:01 20455638                   /usr/lib/x86_64-linux-gnu/libffi.so.6.0.4
7f69c8d94000-7f69c8f93000 ---p 00007000 08:01 20455638                   /usr/lib/x86_64-linux-gnu/libffi.so.6.0.4
7f69c8f93000-7f69c8f94000 r--p 00006000 08:01 20455638                   /usr/lib/x86_64-linux-gnu/libffi.so.6.0.4
7f69c8f94000-7f69c8f95000 rw-p 00007000 08:01 20455638                   /usr/lib/x86_64-linux-gnu/libffi.so.6.0.4
7f69c8f95000-7f69c8fac000 r-xp 00000000 08:01 22024473                   /lib/x86_64-linux-gnu/libresolv-2.21.so
7f69c8fac000-7f69c91ac000 ---p 00017000 08:01 22024473                   /lib/x86_64-linux-gnu/libresolv-2.21.so
7f69c91ac000-7f69c91ae000 r--p 00017000 08:01 22024473                   /lib/x86_64-linux-gnu/libresolv-2.21.so
7f69c91ae000-7f69c91af000 rw-p 00019000 08:01 22024473                   /lib/x86_64-linux-gnu/libresolv-2.21.so
7f69c91af000-7f69c91b1000 rw-p 00000000 00:00 0 
7f69c91b1000-7f69c91d2000 r-xp 00000000 08:01 22024477                   /lib/x86_64-linux-gnu/libselinux.so.1
7f69c91d2000-7f69c93d1000 ---p 00021000 08:01 22024477                   /lib/x86_64-linux-gnu/libselinux.so.1
7f69c93d1000-7f69c93d2000 r--p 00020000 08:01 22024477                   /lib/x86_64-linux-gnu/libselinux.so.1
7f69c93d2000-7f69c93d3000 rw-p 00021000 08:01 22024477                   /lib/x86_64-linux-gnu/libselinux.so.1
7f69c93d3000-7f69c93d5000 rw-p 00000000 00:00 0 
7f69c93d5000-7f69c93d8000 r-xp 00000000 08:01 20447655                   /usr/lib/x86_64-linux-gnu/libgmodule-2.0.so.0.4400.1
7f69c93d8000-7f69c95d7000 ---p 00003000 08:01 20447655                   /usr/lib/x86_64-linux-gnu/libgmodule-2.0.so.0.4400.1
7f69c95d7000-7f69c95d8000 r--p 00002000 08:01 20447655                   /usr/lib/x86_64-linux-gnu/libgmodule-2.0.so.0.4400.1
7f69c95d8000-7f69c95d9000 rw-p 00003000 08:01 20447655                   /usr/lib/x86_64-linux-gnu/libgmodule-2.0.so.0.4400.1
7f69c95d9000-7f69c96e6000 r-xp 00000000 08:01 22024241                   /lib/x86_64-linux-gnu/libglib-2.0.so.0.4400.1
7f69c96e6000-7f69c98e5000 ---p 0010d000 08:01 22024241                   /lib/x86_64-linux-gnu/libglib-2.0.so.0.4400.1
7f69c98e5000-7f69c98e6000 r--p 0010c000 08:01 22024241                   /lib/x86_64-linux-gnu/libglib-2.0.so.0.4400.1
7f69c98e6000-7f69c98e7000 rw-p 0010d000 08:01 22024241                   /lib/x86_64-linux-gnu/libglib-2.0.so.0.4400.1
7f69c98e7000-7f69c98e8000 rw-p 00000000 00:00 0 
7f69c98e8000-7f69c9938000 r-xp 00000000 08:01 20447615                   /usr/lib/x86_64-linux-gnu/libgobject-2.0.so.0.4400.1
7f69c9938000-7f69c9b38000 ---p 00050000 08:01 20447615                   /usr/lib/x86_64-linux-gnu/libgobject-2.0.so.0.4400.1
7f69c9b38000-7f69c9b39000 r--p 00050000 08:01 20447615                   /usr/lib/x86_64-linux-gnu/libgobject-2.0.so.0.4400.1
7f69c9b39000-7f69c9b3a000 rw-p 00051000 08:01 20447615                   /usr/lib/x86_64-linux-gnu/libgobject-2.0.so.0.4400.1
7f69c9b3a000-7f69c9cb2000 r-xp 00000000 08:01 20447637                   /usr/lib/x86_64-linux-gnu/libgio-2.0.so.0.4400.1
7f69c9cb2000-7f69c9eb2000 ---p 00178000 08:01 20447637                   /usr/lib/x86_64-linux-gnu/libgio-2.0.so.0.4400.1
7f69c9eb2000-7f69c9eb6000 r--p 00178000 08:01 20447637                   /usr/lib/x86_64-linux-gnu/libgio-2.0.so.0.4400.1
7f69c9eb6000-7f69c9eb8000 rw-p 0017c000 08:01 20447637                   /usr/lib/x86_64-linux-gnu/libgio-2.0.so.0.4400.1
7f69c9eb8000-7f69c9eba000 rw-p 00000000 00:00 0 
7f69c9eba000-7f69c9ed1000 r-xp 00000000 08:01 20587083                   /usr/lib/jvm/java-7-openjdk-amd64/jre/lib/amd64/libnet.so
7f69c9ed1000-7f69ca0d0000 ---p 00017000 08:01 20587083                   /usr/lib/jvm/java-7-openjdk-amd64/jre/lib/amd64/libnet.so
7f69ca0d0000-7f69ca0d1000 r--p 00016000 08:01 20587083                   /usr/lib/jvm/java-7-openjdk-amd64/jre/lib/amd64/libnet.so
7f69ca0d1000-7f69ca0d2000 rw-p 00017000 08:01 20587083                   /usr/lib/jvm/java-7-openjdk-amd64/jre/lib/amd64/libnet.so
7f69ca0d2000-7f69ca0e3000 r-xp 00000000 08:01 20587088                   /usr/lib/jvm/java-7-openjdk-amd64/jre/lib/amd64/libnio.so
7f69ca0e3000-7f69ca2e2000 ---p 00011000 08:01 20587088                   /usr/lib/jvm/java-7-openjdk-amd64/jre/lib/amd64/libnio.so
7f69ca2e2000-7f69ca2e3000 r--p 00010000 08:01 20587088                   /usr/lib/jvm/java-7-openjdk-amd64/jre/lib/amd64/libnio.so
7f69ca2e3000-7f69ca2e4000 rw-p 00011000 08:01 20587088                   /usr/lib/jvm/java-7-openjdk-amd64/jre/lib/amd64/libnio.so
7f69ca2e4000-7f69ca3af000 r--s 0091c000 08:01 26871697                   /home/sharan/AndroidStudioProjects/Muser/muser/build/intermediates/multi-dex/debug/allclasses.jar
7f69ca3af000-7f69ca3b0000 ---p 00000000 00:00 0 
7f69ca3b0000-7f69ca4b0000 rw-p 00000000 00:00 0                          [stack:10665]
7f69ca4b0000-7f69ca4b3000 ---p 00000000 00:00 0 
7f69ca4b3000-7f69ca5b1000 rw-p 00000000 00:00 0                          [stack:10664]
7f69ca5b1000-7f69ca5b4000 ---p 00000000 00:00 0 
7f69ca5b4000-7f69ca6b2000 rw-p 00000000 00:00 0                          [stack:10663]
7f69ca6b2000-7f69ca6b5000 ---p 00000000 00:00 0 
7f69ca6b5000-7f69ca7b3000 rw-p 00000000 00:00 0                          [stack:10662]
7f69ca7b3000-7f69ca7b8000 r-xp 00000000 08:01 20455330                   /usr/lib/x86_64-linux-gnu/libXdmcp.so.6.0.0
7f69ca7b8000-7f69ca9b7000 ---p 00005000 08:01 20455330                   /usr/lib/x86_64-linux-gnu/libXdmcp.so.6.0.0
7f69ca9b7000-7f69ca9b8000 r--p 00004000 08:01 20455330                   /usr/lib/x86_64-linux-gnu/libXdmcp.so.6.0.0
7f69ca9b8000-7f69ca9b9000 rw-p 00005000 08:01 20455330                   /usr/lib/x86_64-linux-gnu/libXdmcp.so.6.0.0
7f69ca9b9000-7f69ca9bb000 r-xp 00000000 08:01 20455319                   /usr/lib/x86_64-linux-gnu/libXau.so.6.0.0
7f69ca9bb000-7f69cabbb000 ---p 00002000 08:01 20455319                   /usr/lib/x86_64-linux-gnu/libXau.so.6.0.0
7f69cabbb000-7f69cabbc000 r--p 00002000 08:01 20455319                   /usr/lib/x86_64-linux-gnu/libXau.so.6.0.0
7f69cabbc000-7f69cabbd000 rw-p 00003000 08:01 20455319                   /usr/lib/x86_64-linux-gnu/libXau.so.6.0.0
7f69cabbd000-7f69cabda000 r-xp 00000000 08:01 20456517                   /usr/lib/x86_64-linux-gnu/libxcb.so.1.1.0
7f69cabda000-7f69cadda000 ---p 0001d000 08:01 20456517                   /usr/lib/x86_64-linux-gnu/libxcb.so.1.1.0
7f69cadda000-7f69caddb000 r--p 0001d000 08:01 20456517                   /usr/lib/x86_64-linux-gnu/libxcb.so.1.1.0
7f69caddb000-7f69caddc000 rw-p 0001e000 08:01 20456517                   /usr/lib/x86_64-linux-gnu/libxcb.so.1.1.0
7f69caddc000-7f69caf0f000 r-xp 00000000 08:01 20455315                   /usr/lib/x86_64-linux-gnu/libX11.so.6.3.0
7f69caf0f000-7f69cb10f000 ---p 00133000 08:01 20455315                   /usr/lib/x86_64-linux-gnu/libX11.so.6.3.0
7f69cb10f000-7f69cb110000 r--p 00133000 08:01 20455315                   /usr/lib/x86_64-linux-gnu/libX11.so.6.3.0
7f69cb110000-7f69cb114000 rw-p 00134000 08:01 20455315                   /usr/lib/x86_64-linux-gnu/libX11.so.6.3.0
7f69cb114000-7f69cb115000 rw-p 00000000 00:00 0 
7f69cb115000-7f69cb117000 r-xp 00000000 08:01 20452766                   /usr/lib/jayatana/libjayatanaag.so
7f69cb117000-7f69cb316000 ---p 00002000 08:01 20452766                   /usr/lib/jayatana/libjayatanaag.so
7f69cb316000-7f69cb317000 r--p 00001000 08:01 20452766                   /usr/lib/jayatana/libjayatanaag.so
7f69cb317000-7f69cb318000 rw-p 00002000 08:01 20452766                   /usr/lib/jayatana/libjayatanaag.so
7f69cb318000-7f69cb31b000 ---p 00000000 00:00 0 
7f69cb31b000-7f69cb419000 rw-p 00000000 00:00 0                          [stack:10661]
7f69cb419000-7f69cbafb000 r--p 00000000 08:01 20454393                   /usr/lib/locale/locale-archive
7f69cbafb000-7f69cbafe000 ---p 00000000 00:00 0 
7f69cbafe000-7f69cbbfc000 rw-p 00000000 00:00 0                          [stack:10660]
7f69cbbfc000-7f69cbbff000 ---p 00000000 00:00 0 
7f69cbbff000-7f69cbcfd000 rw-p 00000000 00:00 0                          [stack:10659]
7f69cbcfd000-7f69cbcfe000 ---p 00000000 00:00 0 
7f69cbcfe000-7f69cc000000 rw-p 00000000 00:00 0                          [stack:10658]
7f69cc000000-7f69cc021000 rw-p 00000000 00:00 0 
7f69cc021000-7f69d0000000 ---p 00000000 00:00 0 
7f69d00c6000-7f69d9000000 rw-p 00000000 00:00 0 
7f69d9000000-7f69d93b0000 rwxp 00000000 00:00 0 
7f69d93b0000-7f69dc3e9000 rw-p 00000000 00:00 0 
7f69dc3e9000-7f69e0000000 ---p 00000000 00:00 0 
7f69e0005000-7f69e0351000 rw-p 00000000 00:00 0 
7f69e0351000-7f69e0502000 r--s 01d29000 08:01 20587021                   /usr/lib/jvm/java-7-openjdk-amd64/jre/lib/rt.jar
7f69e0502000-7f69e0e7a000 rw-p 00000000 00:00 0 
7f69e0e7a000-7f69e0e7b000 ---p 00000000 00:00 0 
7f69e0e7b000-7f69e0f7b000 rw-p 00000000 00:00 0                          [stack:10657]
7f69e0f7b000-7f69e0f7c000 ---p 00000000 00:00 0 
7f69e0f7c000-7f69e107c000 rw-p 00000000 00:00 0                          [stack:10656]
7f69e107c000-7f69e107d000 ---p 00000000 00:00 0 
7f69e107d000-7f69e117d000 rw-p 00000000 00:00 0                          [stack:10655]
7f69e117d000-7f69e117e000 ---p 00000000 00:00 0 
7f69e117e000-7f69e1289000 rw-p 00000000 00:00 0                          [stack:10654]
7f69e1289000-7f69e12d1000 rw-p 00000000 00:00 0 
7f69e12d1000-7f69e13a8000 rw-p 00000000 00:00 0 
7f69e13a8000-7f69e1827000 rw-p 00000000 00:00 0 
7f69e1827000-7f69e1832000 rw-p 00000000 00:00 0 
7f69e1832000-7f69e187a000 rw-p 00000000 00:00 0 
7f69e187a000-7f69e1951000 rw-p 00000000 00:00 0 
7f69e1951000-7f69e1dcf000 rw-p 00000000 00:00 0 
7f69e1dcf000-7f69e1fa0000 rw-p 00000000 00:00 0 
7f69e1fa0000-7f69e207a000 rw-p 00000000 00:00 0 
7f69e207a000-7f69e207b000 rw-p 00000000 00:00 0 
7f69e207b000-7f69e2083000 r-xp 00000000 08:01 20587054                   /usr/lib/jvm/java-7-openjdk-amd64/jre/lib/amd64/libzip.so
7f69e2083000-7f69e2282000 ---p 00008000 08:01 20587054                   /usr/lib/jvm/java-7-openjdk-amd64/jre/lib/amd64/libzip.so
7f69e2282000-7f69e2283000 r--p 00007000 08:01 20587054                   /usr/lib/jvm/java-7-openjdk-amd64/jre/lib/amd64/libzip.so
7f69e2283000-7f69e2284000 rw-p 00008000 08:01 20587054                   /usr/lib/jvm/java-7-openjdk-amd64/jre/lib/amd64/libzip.so
7f69e2284000-7f69e2290000 r-xp 00000000 08:01 22024420                   /lib/x86_64-linux-gnu/libnss_files-2.21.so
7f69e2290000-7f69e248f000 ---p 0000c000 08:01 22024420                   /lib/x86_64-linux-gnu/libnss_files-2.21.so
7f69e248f000-7f69e2490000 r--p 0000b000 08:01 22024420                   /lib/x86_64-linux-gnu/libnss_files-2.21.so
7f69e2490000-7f69e2491000 rw-p 0000c000 08:01 22024420                   /lib/x86_64-linux-gnu/libnss_files-2.21.so
7f69e2491000-7f69e249c000 r-xp 00000000 08:01 22024430                   /lib/x86_64-linux-gnu/libnss_nis-2.21.so
7f69e249c000-7f69e269b000 ---p 0000b000 08:01 22024430                   /lib/x86_64-linux-gnu/libnss_nis-2.21.so
7f69e269b000-7f69e269c000 r--p 0000a000 08:01 22024430                   /lib/x86_64-linux-gnu/libnss_nis-2.21.so
7f69e269c000-7f69e269d000 rw-p 0000b000 08:01 22024430                   /lib/x86_64-linux-gnu/libnss_nis-2.21.so
7f69e269d000-7f69e26b4000 r-xp 00000000 08:01 22024414                   /lib/x86_64-linux-gnu/libnsl-2.21.so
7f69e26b4000-7f69e28b3000 ---p 00017000 08:01 22024414                   /lib/x86_64-linux-gnu/libnsl-2.21.so
7f69e28b3000-7f69e28b4000 r--p 00016000 08:01 22024414                   /lib/x86_64-linux-gnu/libnsl-2.21.so
7f69e28b4000-7f69e28b5000 rw-p 00017000 08:01 22024414                   /lib/x86_64-linux-gnu/libnsl-2.21.so
7f69e28b5000-7f69e28b7000 rw-p 00000000 00:00 0 
7f69e28b7000-7f69e28bf000 r-xp 00000000 08:01 22024416                   /lib/x86_64-linux-gnu/libnss_compat-2.21.so
7f69e28bf000-7f69e2abe000 ---p 00008000 08:01 22024416                   /lib/x86_64-linux-gnu/libnss_compat-2.21.so
7f69e2abe000-7f69e2abf000 r--p 00007000 08:01 22024416                   /lib/x86_64-linux-gnu/libnss_compat-2.21.so
7f69e2abf000-7f69e2ac0000 rw-p 00008000 08:01 22024416                   /lib/x86_64-linux-gnu/libnss_compat-2.21.so
7f69e2ac0000-7f69e2aca000 r-xp 00000000 08:01 20587084                   /usr/lib/jvm/java-7-openjdk-amd64/jre/lib/amd64/libinstrument.so
7f69e2aca000-7f69e2cc9000 ---p 0000a000 08:01 20587084                   /usr/lib/jvm/java-7-openjdk-amd64/jre/lib/amd64/libinstrument.so
7f69e2cc9000-7f69e2cca000 r--p 00009000 08:01 20587084                   /usr/lib/jvm/java-7-openjdk-amd64/jre/lib/amd64/libinstrument.so
7f69e2cca000-7f69e2ccb000 rw-p 0000a000 08:01 20587084                   /usr/lib/jvm/java-7-openjdk-amd64/jre/lib/amd64/libinstrument.so
7f69e2ccb000-7f69e2cf8000 r-xp 00000000 08:01 20587091                   /usr/lib/jvm/java-7-openjdk-amd64/jre/lib/amd64/libjava.so
7f69e2cf8000-7f69e2ef7000 ---p 0002d000 08:01 20587091                   /usr/lib/jvm/java-7-openjdk-amd64/jre/lib/amd64/libjava.so
7f69e2ef7000-7f69e2ef8000 r--p 0002c000 08:01 20587091                   /usr/lib/jvm/java-7-openjdk-amd64/jre/lib/amd64/libjava.so
7f69e2ef8000-7f69e2efa000 rw-p 0002d000 08:01 20587091                   /usr/lib/jvm/java-7-openjdk-amd64/jre/lib/amd64/libjava.so
7f69e2efa000-7f69e2f09000 r-xp 00000000 08:01 20587072                   /usr/lib/jvm/java-7-openjdk-amd64/jre/lib/amd64/libverify.so
7f69e2f09000-7f69e3108000 ---p 0000f000 08:01 20587072                   /usr/lib/jvm/java-7-openjdk-amd64/jre/lib/amd64/libverify.so
7f69e3108000-7f69e310b000 r--p 0000e000 08:01 20587072                   /usr/lib/jvm/java-7-openjdk-amd64/jre/lib/amd64/libverify.so
7f69e310b000-7f69e310c000 rw-p 00011000 08:01 20587072                   /usr/lib/jvm/java-7-openjdk-amd64/jre/lib/amd64/libverify.so
7f69e310c000-7f69e3113000 r-xp 00000000 08:01 22024475                   /lib/x86_64-linux-gnu/librt-2.21.so
7f69e3113000-7f69e3312000 ---p 00007000 08:01 22024475                   /lib/x86_64-linux-gnu/librt-2.21.so
7f69e3312000-7f69e3313000 r--p 00006000 08:01 22024475                   /lib/x86_64-linux-gnu/librt-2.21.so
7f69e3313000-7f69e3314000 rw-p 00007000 08:01 22024475                   /lib/x86_64-linux-gnu/librt-2.21.so
7f69e3314000-7f69e332a000 r-xp 00000000 08:01 22024363                   /lib/x86_64-linux-gnu/libgcc_s.so.1
7f69e332a000-7f69e3529000 ---p 00016000 08:01 22024363                   /lib/x86_64-linux-gnu/libgcc_s.so.1
7f69e3529000-7f69e352a000 rw-p 00015000 08:01 22024363                   /lib/x86_64-linux-gnu/libgcc_s.so.1
7f69e352a000-7f69e3631000 r-xp 00000000 08:01 22024393                   /lib/x86_64-linux-gnu/libm-2.21.so
7f69e3631000-7f69e3830000 ---p 00107000 08:01 22024393                   /lib/x86_64-linux-gnu/libm-2.21.so
7f69e3830000-7f69e3831000 r--p 00106000 08:01 22024393                   /lib/x86_64-linux-gnu/libm-2.21.so
7f69e3831000-7f69e3832000 rw-p 00107000 08:01 22024393                   /lib/x86_64-linux-gnu/libm-2.21.so
7f69e3832000-7f69e3922000 r-xp 00000000 08:01 20456311                   /usr/lib/x86_64-linux-gnu/libstdc++.so.6.0.20
7f69e3922000-7f69e3b22000 ---p 000f0000 08:01 20456311                   /usr/lib/x86_64-linux-gnu/libstdc++.so.6.0.20
7f69e3b22000-7f69e3b2a000 r--p 000f0000 08:01 20456311                   /usr/lib/x86_64-linux-gnu/libstdc++.so.6.0.20
7f69e3b2a000-7f69e3b2c000 rw-p 000f8000 08:01 20456311                   /usr/lib/x86_64-linux-gnu/libstdc++.so.6.0.20
7f69e3b2c000-7f69e3b41000 rw-p 00000000 00:00 0 
7f69e3b41000-7f69e4699000 r-xp 00000000 08:01 20587060                   /usr/lib/jvm/java-7-openjdk-amd64/jre/lib/amd64/server/libjvm.so
7f69e4699000-7f69e4898000 ---p 00b58000 08:01 20587060                   /usr/lib/jvm/java-7-openjdk-amd64/jre/lib/amd64/server/libjvm.so
7f69e4898000-7f69e4937000 r--p 00b57000 08:01 20587060                   /usr/lib/jvm/java-7-openjdk-amd64/jre/lib/amd64/server/libjvm.so
7f69e4937000-7f69e495a000 rw-p 00bf6000 08:01 20587060                   /usr/lib/jvm/java-7-openjdk-amd64/jre/lib/amd64/server/libjvm.so
7f69e495a000-7f69e4987000 rw-p 00000000 00:00 0 
7f69e4987000-7f69e49a0000 r-xp 00000000 08:01 22024508                   /lib/x86_64-linux-gnu/libz.so.1.2.8
7f69e49a0000-7f69e4ba0000 ---p 00019000 08:01 22024508                   /lib/x86_64-linux-gnu/libz.so.1.2.8
7f69e4ba0000-7f69e4ba1000 r--p 00019000 08:01 22024508                   /lib/x86_64-linux-gnu/libz.so.1.2.8
7f69e4ba1000-7f69e4ba2000 rw-p 0001a000 08:01 22024508                   /lib/x86_64-linux-gnu/libz.so.1.2.8
7f69e4ba2000-7f69e4bba000 r-xp 00000000 08:01 22024467                   /lib/x86_64-linux-gnu/libpthread-2.21.so
7f69e4bba000-7f69e4dba000 ---p 00018000 08:01 22024467                   /lib/x86_64-linux-gnu/libpthread-2.21.so
7f69e4dba000-7f69e4dbb000 r--p 00018000 08:01 22024467                   /lib/x86_64-linux-gnu/libpthread-2.21.so
7f69e4dbb000-7f69e4dbc000 rw-p 00019000 08:01 22024467                   /lib/x86_64-linux-gnu/libpthread-2.21.so
7f69e4dbc000-7f69e4dc0000 rw-p 00000000 00:00 0 
7f69e4dc0000-7f69e4dc3000 r-xp 00000000 08:01 22024351                   /lib/x86_64-linux-gnu/libdl-2.21.so
7f69e4dc3000-7f69e4fc2000 ---p 00003000 08:01 22024351                   /lib/x86_64-linux-gnu/libdl-2.21.so
7f69e4fc2000-7f69e4fc3000 r--p 00002000 08:01 22024351                   /lib/x86_64-linux-gnu/libdl-2.21.so
7f69e4fc3000-7f69e4fc4000 rw-p 00003000 08:01 22024351                   /lib/x86_64-linux-gnu/libdl-2.21.so
7f69e4fc4000-7f69e5184000 r-xp 00000000 08:01 22024334                   /lib/x86_64-linux-gnu/libc-2.21.so
7f69e5184000-7f69e5384000 ---p 001c0000 08:01 22024334                   /lib/x86_64-linux-gnu/libc-2.21.so
7f69e5384000-7f69e5388000 r--p 001c0000 08:01 22024334                   /lib/x86_64-linux-gnu/libc-2.21.so
7f69e5388000-7f69e538a000 rw-p 001c4000 08:01 22024334                   /lib/x86_64-linux-gnu/libc-2.21.so
7f69e538a000-7f69e538e000 rw-p 00000000 00:00 0 
7f69e538e000-7f69e539b000 r-xp 00000000 08:01 20587057                   /usr/lib/jvm/java-7-openjdk-amd64/jre/lib/amd64/jli/libjli.so
7f69e539b000-7f69e559a000 ---p 0000d000 08:01 20587057                   /usr/lib/jvm/java-7-openjdk-amd64/jre/lib/amd64/jli/libjli.so
7f69e559a000-7f69e559b000 r--p 0000c000 08:01 20587057                   /usr/lib/jvm/java-7-openjdk-amd64/jre/lib/amd64/jli/libjli.so
7f69e559b000-7f69e559c000 rw-p 0000d000 08:01 20587057                   /usr/lib/jvm/java-7-openjdk-amd64/jre/lib/amd64/jli/libjli.so
7f69e559c000-7f69e55c0000 r-xp 00000000 08:01 22024306                   /lib/x86_64-linux-gnu/ld-2.21.so
7f69e55c8000-7f69e55c9000 rw-p 00000000 00:00 0 
7f69e55c9000-7f69e55d8000 r--s 000dd000 08:01 21636737                   /home/sharan/Android/Sdk/build-tools/21.1.2/lib/dx.jar
7f69e55d8000-7f69e55e7000 rw-p 00000000 00:00 0 
7f69e55e7000-7f69e5698000 rw-p 00000000 00:00 0 
7f69e5698000-7f69e569b000 ---p 00000000 00:00 0 
7f69e569b000-7f69e579e000 rw-p 00000000 00:00 0                          [stack:10653]
7f69e579e000-7f69e579f000 r--s 00000000 08:01 20979860                   /usr/share/java/jayatanaag.jar
7f69e579f000-7f69e57a3000 r--s 00034000 08:01 20587040                   /usr/lib/jvm/java-7-openjdk-amd64/jre/lib/ext/sunjce_provider.jar
7f69e57a3000-7f69e57a7000 r--s 0003c000 08:01 20587041                   /usr/lib/jvm/java-7-openjdk-amd64/jre/lib/ext/sunpkcs11.jar
7f69e57a7000-7f69e57aa000 r--s 0000f000 08:01 20587042                   /usr/lib/jvm/java-7-openjdk-amd64/jre/lib/ext/icedtea-sound.jar
7f69e57aa000-7f69e57ae000 r--s 00085000 08:01 20587038                   /usr/lib/jvm/java-7-openjdk-amd64/jre/lib/ext/localedata.jar
7f69e57ae000-7f69e57b0000 r--s 00012000 08:01 20587043                   /usr/lib/jvm/java-7-openjdk-amd64/jre/lib/ext/zipfs.jar
7f69e57b0000-7f69e57b2000 r--s 00006000 08:01 20971724                   /usr/share/java/java-atk-wrapper.jar
7f69e57b2000-7f69e57b3000 r--s 00002000 08:01 20587039                   /usr/lib/jvm/java-7-openjdk-amd64/jre/lib/ext/dnsns.jar
7f69e57b3000-7f69e57bb000 rw-s 00000000 08:01 3014734                    /tmp/hsperfdata_sharan/10648
7f69e57bb000-7f69e57bc000 rw-p 00000000 00:00 0 
7f69e57bc000-7f69e57bd000 ---p 00000000 00:00 0 
7f69e57bd000-7f69e57bf000 rw-p 00000000 00:00 0 
7f69e57bf000-7f69e57c0000 r--p 00023000 08:01 22024306                   /lib/x86_64-linux-gnu/ld-2.21.so
7f69e57c0000-7f69e57c1000 rw-p 00024000 08:01 22024306                   /lib/x86_64-linux-gnu/ld-2.21.so
7f69e57c1000-7f69e57c2000 rw-p 00000000 00:00 0 
7ffd4fcc4000-7ffd4fce5000 rw-p 00000000 00:00 0                          [stack]
7ffd4fd64000-7ffd4fd66000 r--p 00000000 00:00 0                          [vvar]
7ffd4fd66000-7ffd4fd68000 r-xp 00000000 00:00 0                          [vdso]
ffffffffff600000-ffffffffff601000 r-xp 00000000 00:00 0                  [vsyscall]

VM Arguments:
jvm_args: -javaagent:/usr/share/java/jayatanaag.jar -Xmx4g -Dfile.encoding=UTF-8 -Duser.country=IN -Duser.language=en -Duser.variant 
java_command: com.android.dx.command.Main --dex --force-jumbo --multi-dex --main-dex-list /home/sharan/AndroidStudioProjects/Muser/muser/build/intermediates/multi-dex/debug/maindexlist.txt --output /home/sharan/AndroidStudioProjects/Muser/muser/build/intermediates/dex/debug /home/sharan/AndroidStudioProjects/Muser/muser/build/intermediates/multi-dex/debug/allclasses.jar
Launcher Type: SUN_STANDARD

Environment Variables:
JAVA_HOME=/usr/lib/jvm/java-8-oracle
JAVA_TOOL_OPTIONS=-javaagent:/usr/share/java/jayatanaag.jar 
PATH=/usr/local/sbin:/usr/local/bin:/usr/sbin:/usr/bin:/sbin:/bin:/usr/games:/usr/local/games:/usr/lib/jvm/java-8-oracle/bin:/usr/lib/jvm/java-8-oracle/db/bin:/usr/lib/jvm/java-8-oracle/jre/bin
LD_LIBRARY_PATH=/opt/android-studio/bin:
SHELL=/bin/bash
DISPLAY=:0

Signal Handlers:
SIGSEGV: [libjvm.so+0x98ac50], sa_mask[0]=0x7ffbfeff, sa_flags=0x10000004
SIGBUS: [libjvm.so+0x98ac50], sa_mask[0]=0x7ffbfeff, sa_flags=0x10000004
SIGFPE: [libjvm.so+0x7f8ab0], sa_mask[0]=0x7ffbfeff, sa_flags=0x10000004
SIGPIPE: [libjvm.so+0x7f8ab0], sa_mask[0]=0x7ffbfeff, sa_flags=0x10000004
SIGXFSZ: [libjvm.so+0x7f8ab0], sa_mask[0]=0x7ffbfeff, sa_flags=0x10000004
SIGILL: [libjvm.so+0x7f8ab0], sa_mask[0]=0x7ffbfeff, sa_flags=0x10000004
SIGUSR1: SIG_DFL, sa_mask[0]=0x00000000, sa_flags=0x00000000
SIGUSR2: [libjvm.so+0x7f8930], sa_mask[0]=0x00000004, sa_flags=0x10000004
SIGHUP: [libjvm.so+0x7f8b30], sa_mask[0]=0x7ffbfeff, sa_flags=0x10000004
SIGINT: [libjvm.so+0x7f8b30], sa_mask[0]=0x7ffbfeff, sa_flags=0x10000004
SIGTERM: [libjvm.so+0x7f8b30], sa_mask[0]=0x7ffbfeff, sa_flags=0x10000004
SIGQUIT: [libjvm.so+0x7f8b30], sa_mask[0]=0x7ffbfeff, sa_flags=0x10000004
SIGTRAP: SIG_DFL, sa_mask[0]=0x00000000, sa_flags=0x00000000


---------------  S Y S T E M  ---------------

OS:Ubuntu 15.04 (vivid)
uname:Linux 3.19.0-26-generic #28-Ubuntu SMP Tue Aug 11 14:16:32 UTC 2015 x86_64
libc:glibc 2.21 NPTL 2.21 
rlimit: STACK 8192k, CORE 0k, NPROC 31366, NOFILE 65536, AS infinity
load average:12.05 8.76 4.88

/proc/meminfo:
MemTotal:        8052020 kB
MemFree:          124860 kB
MemAvailable:     118072 kB
Buffers:            1396 kB
Cached:          1141472 kB
SwapCached:            0 kB
Active:          6760636 kB
Inactive:         965604 kB
Active(anon):    6709824 kB
Inactive(anon):   914512 kB
Active(file):      50812 kB
Inactive(file):    51092 kB
Unevictable:          32 kB
Mlocked:              32 kB
SwapTotal:             0 kB
SwapFree:              0 kB
Dirty:               688 kB
Writeback:             0 kB
AnonPages:       6584064 kB
Mapped:           448232 kB
Shmem:           1040200 kB
Slab:              94572 kB
SReclaimable:      53464 kB
SUnreclaim:        41108 kB
KernelStack:       12048 kB
PageTables:        51392 kB
NFS_Unstable:          0 kB
Bounce:                0 kB
WritebackTmp:          0 kB
CommitLimit:     4026008 kB
Committed_AS:   16450832 kB
VmallocTotal:   34359738367 kB
VmallocUsed:      360012 kB
VmallocChunk:   34359293428 kB
HardwareCorrupted:     0 kB
AnonHugePages:   3231744 kB
CmaTotal:              0 kB
CmaFree:               0 kB
HugePages_Total:       0
HugePages_Free:        0
HugePages_Rsvd:        0
HugePages_Surp:        0
Hugepagesize:       2048 kB
DirectMap4k:      201788 kB
DirectMap2M:     8062976 kB
DirectMap1G:           0 kB


CPU:total 4 (2 cores per cpu, 2 threads per core) family 6 model 60 stepping 3, cmov, cx8, fxsr, mmx, sse, sse2, sse3, ssse3, sse4.1, sse4.2, popcnt, avx, avx2, aes, erms, ht, tsc, tscinvbit

/proc/cpuinfo:
processor	: 0
vendor_id	: GenuineIntel
cpu family	: 6
model		: 60
model name	: Intel(R) Core(TM) i3-4150 CPU @ 3.50GHz
stepping	: 3
microcode	: 0x12
cpu MHz		: 3500.000
cache size	: 3072 KB
physical id	: 0
siblings	: 4
core id		: 0
cpu cores	: 2
apicid		: 0
initial apicid	: 0
fpu		: yes
fpu_exception	: yes
cpuid level	: 13
wp		: yes
flags		: fpu vme de pse tsc msr pae mce cx8 apic sep mtrr pge mca cmov pat pse36 clflush dts acpi mmx fxsr sse sse2 ss ht tm pbe syscall nx pdpe1gb rdtscp lm constant_tsc arch_perfmon pebs bts rep_good nopl xtopology nonstop_tsc aperfmperf eagerfpu pni pclmulqdq dtes64 monitor ds_cpl vmx est tm2 ssse3 fma cx16 xtpr pdcm pcid sse4_1 sse4_2 movbe popcnt tsc_deadline_timer aes xsave avx f16c rdrand lahf_lm abm arat pln pts dtherm tpr_shadow vnmi flexpriority ept vpid fsgsbase tsc_adjust bmi1 avx2 smep bmi2 erms invpcid xsaveopt
bugs		:
bogomips	: 6983.79
clflush size	: 64
cache_alignment	: 64
address sizes	: 39 bits physical, 48 bits virtual
power management:

processor	: 1
vendor_id	: GenuineIntel
cpu family	: 6
model		: 60
model name	: Intel(R) Core(TM) i3-4150 CPU @ 3.50GHz
stepping	: 3
microcode	: 0x12
cpu MHz		: 3500.000
cache size	: 3072 KB
physical id	: 0
siblings	: 4
core id		: 1
cpu cores	: 2
apicid		: 2
initial apicid	: 2
fpu		: yes
fpu_exception	: yes
cpuid level	: 13
wp		: yes
flags		: fpu vme de pse tsc msr pae mce cx8 apic sep mtrr pge mca cmov pat pse36 clflush dts acpi mmx fxsr sse sse2 ss ht tm pbe syscall nx pdpe1gb rdtscp lm constant_tsc arch_perfmon pebs bts rep_good nopl xtopology nonstop_tsc aperfmperf eagerfpu pni pclmulqdq dtes64 monitor ds_cpl vmx est tm2 ssse3 fma cx16 xtpr pdcm pcid sse4_1 sse4_2 movbe popcnt tsc_deadline_timer aes xsave avx f16c rdrand lahf_lm abm arat pln pts dtherm tpr_shadow vnmi flexpriority ept vpid fsgsbase tsc_adjust bmi1 avx2 smep bmi2 erms invpcid xsaveopt
bugs		:
bogomips	: 6983.79
clflush size	: 64
cache_alignment	: 64
address sizes	: 39 bits physical, 48 bits virtual
power management:

processor	: 2
vendor_id	: GenuineIntel
cpu family	: 6
model		: 60
model name	: Intel(R) Core(TM) i3-4150 CPU @ 3.50GHz
stepping	: 3
microcode	: 0x12
cpu MHz		: 3500.000
cache size	: 3072 KB
physical id	: 0
siblings	: 4
core id		: 0
cpu cores	: 2
apicid		: 1
initial apicid	: 1
fpu		: yes
fpu_exception	: yes
cpuid level	: 13
wp		: yes
flags		: fpu vme de pse tsc msr pae mce cx8 apic sep mtrr pge mca cmov pat pse36 clflush dts acpi mmx fxsr sse sse2 ss ht tm pbe syscall nx pdpe1gb rdtscp lm constant_tsc arch_perfmon pebs bts rep_good nopl xtopology nonstop_tsc aperfmperf eagerfpu pni pclmulqdq dtes64 monitor ds_cpl vmx est tm2 ssse3 fma cx16 xtpr pdcm pcid sse4_1 sse4_2 movbe popcnt tsc_deadline_timer aes xsave avx f16c rdrand lahf_lm abm arat pln pts dtherm tpr_shadow vnmi flexpriority ept vpid fsgsbase tsc_adjust bmi1 avx2 smep bmi2 erms invpcid xsaveopt
bugs		:
bogomips	: 6983.79
clflush size	: 64
cache_alignment	: 64
address sizes	: 39 bits physical, 48 bits virtual
power management:

processor	: 3
vendor_id	: GenuineIntel
cpu family	: 6
model		: 60
model name	: Intel(R) Core(TM) i3-4150 CPU @ 3.50GHz
stepping	: 3
microcode	: 0x12
cpu MHz		: 3500.000
cache size	: 3072 KB
physical id	: 0
siblings	: 4
core id		: 1
cpu cores	: 2
apicid		: 3
initial apicid	: 3
fpu		: yes
fpu_exception	: yes
cpuid level	: 13
wp		: yes
flags		: fpu vme de pse tsc msr pae mce cx8 apic sep mtrr pge mca cmov pat pse36 clflush dts acpi mmx fxsr sse sse2 ss ht tm pbe syscall nx pdpe1gb rdtscp lm constant_tsc arch_perfmon pebs bts rep_good nopl xtopology nonstop_tsc aperfmperf eagerfpu pni pclmulqdq dtes64 monitor ds_cpl vmx est tm2 ssse3 fma cx16 xtpr pdcm pcid sse4_1 sse4_2 movbe popcnt tsc_deadline_timer aes xsave avx f16c rdrand lahf_lm abm arat pln pts dtherm tpr_shadow vnmi flexpriority ept vpid fsgsbase tsc_adjust bmi1 avx2 smep bmi2 erms invpcid xsaveopt
bugs		:
bogomips	: 6983.79
clflush size	: 64
cache_alignment	: 64
address sizes	: 39 bits physical, 48 bits virtual
power management:



Memory: 4k page, physical 8052020k(124860k free), swap 0k(0k free)

vm_info: OpenJDK 64-Bit Server VM (24.79-b02) for linux-amd64 JRE (1.7.0_79-b14), built on Jul 24 2015 05:24:39 by "buildd" with gcc 4.9.2

time: Tue Oct 20 17:04:54 2015
elapsed time: 29 seconds

