#
# There is insufficient memory for the Java Runtime Environment to continue.
# Native memory allocation (malloc) failed to allocate 212336640 bytes for committing reserved memory.
# Possible reasons:
#   The system is out of physical RAM or swap space
#   In 32 bit mode, the process size limit was hit
# Possible solutions:
#   Reduce memory load on the system
#   Increase physical memory or swap space
#   Check if swap backing store is full
#   Use 64 bit Java on a 64 bit OS
#   Decrease Java heap size (-Xmx/-Xms)
#   Decrease number of Java threads
#   Decrease Java thread stack sizes (-Xss)
#   Set larger code cache with -XX:ReservedCodeCacheSize=
# This output file may be truncated or incomplete.
#
#  Out of Memory Error (os_linux.cpp:2809), pid=15709, tid=140068676151040
#
# JRE version: OpenJDK Runtime Environment (7.0_79-b14) (build 1.7.0_79-b14)
# Java VM: OpenJDK 64-Bit Server VM (24.79-b02 mixed mode linux-amd64 compressed oops)
# Derivative: IcedTea 2.5.6
# Distribution: Ubuntu 15.04, package 7u79-2.5.6-0ubuntu1.15.04.1
# Failed to write core dump. Core dumps have been disabled. To enable core dumping, try "ulimit -c unlimited" before starting Java again
#

---------------  T H R E A D  ---------------

Current thread (0x00007f646013e000):  VMThread [stack: 0x00007f64479fa000,0x00007f6447afb000] [id=15719]

Stack: [0x00007f64479fa000,0x00007f6447afb000],  sp=0x00007f6447af94e0,  free space=1021k
Native frames: (J=compiled Java code, j=interpreted, Vv=VM code, C=native code)
V  [libjvm.so+0x98a166]  VMError::report_and_die()+0x186
V  [libjvm.so+0x48f932]  report_vm_out_of_memory(char const*, int, unsigned long, char const*)+0x92
V  [libjvm.so+0x7fd56b]  os::pd_commit_memory(char*, unsigned long, unsigned long, bool)+0xeb
V  [libjvm.so+0x7f7c4e]  os::commit_memory(char*, unsigned long, unsigned long, bool)+0x2e
V  [libjvm.so+0x86a56b]  PSVirtualSpace::expand_by(unsigned long)+0x5b
V  [libjvm.so+0x86b413]  PSYoungGen::resize_generation(unsigned long, unsigned long)+0xd3
V  [libjvm.so+0x86bb2b]  PSYoungGen::resize(unsigned long, unsigned long)+0x1b
V  [libjvm.so+0x867539]  PSScavenge::invoke_no_policy()+0xdc9
V  [libjvm.so+0x867d18]  PSScavenge::invoke()+0x38
V  [libjvm.so+0x81fb73]  ParallelScavengeHeap::failed_mem_allocate(unsigned long)+0x63
V  [libjvm.so+0x98ba32]  VM_ParallelGCFailedAllocation::doit()+0x92
V  [libjvm.so+0x9902e7]  VM_Operation::evaluate()+0x47
V  [libjvm.so+0x98e8cb]  VMThread::evaluate_operation(VM_Operation*)+0xab
V  [libjvm.so+0x98ef76]  VMThread::loop()+0x1e6
V  [libjvm.so+0x98f441]  VMThread::run()+0x81
V  [libjvm.so+0x7fa492]  java_start(Thread*)+0xf2

VM_Operation (0x00007f6469515c40): ParallelGCFailedAllocation, mode: safepoint, requested by thread 0x00007f646000b000


---------------  P R O C E S S  ---------------

Java Threads: ( => current thread )
  0x00007f64601d4000 JavaThread "Service Thread" daemon [_thread_blocked, id=15725, stack(0x00007f64461ad000,0x00007f64462ae000)]
  0x00007f64601ca800 JavaThread "C2 CompilerThread1" daemon [_thread_blocked, id=15724, stack(0x00007f64462ae000,0x00007f64463af000)]
  0x00007f64601c8800 JavaThread "C2 CompilerThread0" daemon [_thread_blocked, id=15723, stack(0x00007f64463af000,0x00007f64464b0000)]
  0x00007f6460171800 JavaThread "Signal Dispatcher" daemon [_thread_blocked, id=15722, stack(0x00007f6447015000,0x00007f6447116000)]
  0x00007f6460144800 JavaThread "Finalizer" daemon [_thread_blocked, id=15721, stack(0x00007f64477f8000,0x00007f64478f9000)]
  0x00007f6460142800 JavaThread "Reference Handler" daemon [_thread_blocked, id=15720, stack(0x00007f64478f9000,0x00007f64479fa000)]
  0x00007f646000b000 JavaThread "main" [_thread_blocked, id=15711, stack(0x00007f6469417000,0x00007f6469518000)]

Other Threads:
=>0x00007f646013e000 VMThread [stack: 0x00007f64479fa000,0x00007f6447afb000] [id=15719]
  0x00007f64601de800 WatcherThread [stack: 0x00007f64460ac000,0x00007f64461ad000] [id=15726]

VM state:at safepoint (normal execution)

VM Mutex/Monitor currently owned by a thread:  ([mutex/lock_event])
[0x00007f6460007990] Threads_lock - owner thread: 0x00007f646013e000
[0x00007f6460007e90] Heap_lock - owner thread: 0x00007f646000b000

Heap
 PSYoungGen      total 883712K, used 211446K [0x00000007aaa80000, 0x00000007ed800000, 0x0000000800000000)
  eden space 672256K, 0% used [0x00000007aaa80000,0x00000007aaa80000,0x00000007d3b00000)
  from space 211456K, 99% used [0x00000007d3b00000,0x00000007e097dbc8,0x00000007e0980000)
  to   space 197632K, 0% used [0x00000007e0a00000,0x00000007e0a00000,0x00000007ecb00000)
 ParOldGen       total 642560K, used 478234K [0x0000000700000000, 0x0000000727380000, 0x00000007aaa80000)
  object space 642560K, 74% used [0x0000000700000000,0x000000071d306b68,0x0000000727380000)
 PSPermGen       total 21504K, used 6388K [0x00000006f5a00000, 0x00000006f6f00000, 0x0000000700000000)
  object space 21504K, 29% used [0x00000006f5a00000,0x00000006f603d3e0,0x00000006f6f00000)

Card table byte_map: [0x00007f64655a6000,0x00007f6465dfa000] byte_map_base: 0x00007f6461df9000

Polling page: 0x00007f646953b000

Code Cache  [0x00007f645d000000, 0x00007f645d410000, 0x00007f6460000000)
 total_blobs=1335 nmethods=1105 adapters=183 free_code_cache=45160Kb largest_free_block=46131392

Compilation events (10 events):
Event: 24.736 Thread 0x00007f64601ca800 1165             java.util.zip.ZipCoder::getBytes (192 bytes)
Event: 24.736 Thread 0x00007f64601c8800 1166             java.util.zip.ZipCoder::encoder (35 bytes)
Event: 24.737 Thread 0x00007f64601c8800 nmethod 1166 0x00007f645d340c50 code [0x00007f645d340dc0, 0x00007f645d340f28]
Event: 24.742 Thread 0x00007f64601ca800 nmethod 1165 0x00007f645d0cac50 code [0x00007f645d0cae60, 0x00007f645d0cb5a0]
Event: 24.761 Thread 0x00007f64601c8800 1168             com.android.dx.ssa.SsaBasicBlock::scheduleUseBeforeAssigned (389 bytes)
Event: 24.820 Thread 0x00007f64601c8800 nmethod 1168 0x00007f645d3f5490 code [0x00007f645d3f58e0, 0x00007f645d3f7e18]
Event: 24.830 Thread 0x00007f64601ca800 1169             com.android.dx.rop.annotation.NameValuePair::<init> (43 bytes)
Event: 24.830 Thread 0x00007f64601ca800 nmethod 1169 0x00007f645d340990 code [0x00007f645d340ae0, 0x00007f645d340bb8]
Event: 24.832 Thread 0x00007f64601c8800 1170             com.android.dx.dex.cf.CfTranslator::translate0 (259 bytes)
Event: 24.871 Thread 0x00007f64601c8800 nmethod 1170 0x00007f645d3fafd0 code [0x00007f645d3fb500, 0x00007f645d3fdd68]

GC Heap History (10 events):
Event: 17.463 GC heap after
Heap after GC invocations=18 (full 3):
 PSYoungGen      total 631296K, used 96810K [0x00000007aaa80000, 0x00000007e1300000, 0x0000000800000000)
  eden space 501760K, 0% used [0x00000007aaa80000,0x00000007aaa80000,0x00000007c9480000)
  from space 129536K, 74% used [0x00000007c9480000,0x00000007cf30a830,0x00000007d1300000)
  to   space 138752K, 0% used [0x00000007d8b80000,0x00000007d8b80000,0x00000007e1300000)
 ParOldGen       total 437248K, used 290783K [0x0000000700000000, 0x000000071ab00000, 0x00000007aaa80000)
  object space 437248K, 66% used [0x0000000700000000,0x0000000711bf7c48,0x000000071ab00000)
 PSPermGen       total 21504K, used 6220K [0x00000006f5a00000, 0x00000006f6f00000, 0x0000000700000000)
  object space 21504K, 28% used [0x00000006f5a00000,0x00000006f60130e8,0x00000006f6f00000)
}
Event: 18.394 GC heap before
{Heap before GC invocations=19 (full 3):
 PSYoungGen      total 631296K, used 598570K [0x00000007aaa80000, 0x00000007e1300000, 0x0000000800000000)
  eden space 501760K, 100% used [0x00000007aaa80000,0x00000007c9480000,0x00000007c9480000)
  from space 129536K, 74% used [0x00000007c9480000,0x00000007cf30a830,0x00000007d1300000)
  to   space 138752K, 0% used [0x00000007d8b80000,0x00000007d8b80000,0x00000007e1300000)
 ParOldGen       total 437248K, used 290783K [0x0000000700000000, 0x000000071ab00000, 0x00000007aaa80000)
  object space 437248K, 66% used [0x0000000700000000,0x0000000711bf7c48,0x000000071ab00000)
 PSPermGen       total 21504K, used 6267K [0x00000006f5a00000, 0x00000006f6f00000, 0x0000000700000000)
  object space 21504K, 29% used [0x00000006f5a00000,0x00000006f601eea0,0x00000006f6f00000)
Event: 18.678 GC heap after
Heap after GC invocations=19 (full 3):
 PSYoungGen      total 718848K, used 138751K [0x00000007aaa80000, 0x00000007e6c00000, 0x0000000800000000)
  eden space 580096K, 0% used [0x00000007aaa80000,0x00000007aaa80000,0x00000007ce100000)
  from space 138752K, 99% used [0x00000007d8b80000,0x00000007e12fff18,0x00000007e1300000)
  to   space 174592K, 0% used [0x00000007ce100000,0x00000007ce100000,0x00000007d8b80000)
 ParOldGen       total 437248K, used 325833K [0x0000000700000000, 0x000000071ab00000, 0x00000007aaa80000)
  object space 437248K, 74% used [0x0000000700000000,0x0000000713e32508,0x000000071ab00000)
 PSPermGen       total 21504K, used 6267K [0x00000006f5a00000, 0x00000006f6f00000, 0x0000000700000000)
  object space 21504K, 29% used [0x00000006f5a00000,0x00000006f601eea0,0x00000006f6f00000)
}
Event: 19.924 GC heap before
{Heap before GC invocations=20 (full 3):
 PSYoungGen      total 718848K, used 718847K [0x00000007aaa80000, 0x00000007e6c00000, 0x0000000800000000)
  eden space 580096K, 100% used [0x00000007aaa80000,0x00000007ce100000,0x00000007ce100000)
  from space 138752K, 99% used [0x00000007d8b80000,0x00000007e12fff18,0x00000007e1300000)
  to   space 174592K, 0% used [0x00000007ce100000,0x00000007ce100000,0x00000007d8b80000)
 ParOldGen       total 437248K, used 325833K [0x0000000700000000, 0x000000071ab00000, 0x00000007aaa80000)
  object space 437248K, 74% used [0x0000000700000000,0x0000000713e32508,0x000000071ab00000)
 PSPermGen       total 21504K, used 6281K [0x00000006f5a00000, 0x00000006f6f00000, 0x0000000700000000)
  object space 21504K, 29% used [0x00000006f5a00000,0x00000006f6022550,0x00000006f6f00000)
Event: 20.183 GC heap after
Heap after GC invocations=20 (full 3):
 PSYoungGen      total 754688K, used 158753K [0x00000007aaa80000, 0x00000007ecb00000, 0x0000000800000000)
  eden space 580096K, 0% used [0x00000007aaa80000,0x00000007aaa80000,0x00000007ce100000)
  from space 174592K, 90% used [0x00000007ce100000,0x00000007d7c084d0,0x00000007d8b80000)
  to   space 197632K, 0% used [0x00000007e0a00000,0x00000007e0a00000,0x00000007ecb00000)
 ParOldGen       total 437248K, used 394872K [0x0000000700000000, 0x000000071ab00000, 0x00000007aaa80000)
  object space 437248K, 90% used [0x0000000700000000,0x000000071819e110,0x000000071ab00000)
 PSPermGen       total 21504K, used 6281K [0x00000006f5a00000, 0x00000006f6f00000, 0x0000000700000000)
  object space 21504K, 29% used [0x00000006f5a00000,0x00000006f6022550,0x00000006f6f00000)
}
Event: 20.183 GC heap before
{Heap before GC invocations=21 (full 4):
 PSYoungGen      total 754688K, used 158753K [0x00000007aaa80000, 0x00000007ecb00000, 0x0000000800000000)
  eden space 580096K, 0% used [0x00000007aaa80000,0x00000007aaa80000,0x00000007ce100000)
  from space 174592K, 90% used [0x00000007ce100000,0x00000007d7c084d0,0x00000007d8b80000)
  to   space 197632K, 0% used [0x00000007e0a00000,0x00000007e0a00000,0x00000007ecb00000)
 ParOldGen       total 437248K, used 394872K [0x0000000700000000, 0x000000071ab00000, 0x00000007aaa80000)
  object space 437248K, 90% used [0x0000000700000000,0x000000071819e110,0x000000071ab00000)
 PSPermGen       total 21504K, used 6281K [0x00000006f5a00000, 0x00000006f6f00000, 0x0000000700000000)
  object space 21504K, 29% used [0x00000006f5a00000,0x00000006f6022550,0x00000006f6f00000)
Event: 21.842 GC heap after
Heap after GC invocations=21 (full 4):
 PSYoungGen      total 754688K, used 68728K [0x00000007aaa80000, 0x00000007ecb00000, 0x0000000800000000)
  eden space 580096K, 0% used [0x00000007aaa80000,0x00000007aaa80000,0x00000007ce100000)
  from space 174592K, 39% used [0x00000007ce100000,0x00000007d241e070,0x00000007d8b80000)
  to   space 197632K, 0% used [0x00000007e0a00000,0x00000007e0a00000,0x00000007ecb00000)
 ParOldGen       total 642560K, used 436949K [0x0000000700000000, 0x0000000727380000, 0x00000007aaa80000)
  object space 642560K, 68% used [0x0000000700000000,0x000000071aab55d0,0x0000000727380000)
 PSPermGen       total 21504K, used 6280K [0x00000006f5a00000, 0x00000006f6f00000, 0x0000000700000000)
  object space 21504K, 29% used [0x00000006f5a00000,0x00000006f60223d0,0x00000006f6f00000)
}
Event: 23.037 GC heap before
{Heap before GC invocations=22 (full 4):
 PSYoungGen      total 754688K, used 648824K [0x00000007aaa80000, 0x00000007ecb00000, 0x0000000800000000)
  eden space 580096K, 100% used [0x00000007aaa80000,0x00000007ce100000,0x00000007ce100000)
  from space 174592K, 39% used [0x00000007ce100000,0x00000007d241e070,0x00000007d8b80000)
  to   space 197632K, 0% used [0x00000007e0a00000,0x00000007e0a00000,0x00000007ecb00000)
 ParOldGen       total 642560K, used 436949K [0x0000000700000000, 0x0000000727380000, 0x00000007aaa80000)
  object space 642560K, 68% used [0x0000000700000000,0x000000071aab55d0,0x0000000727380000)
 PSPermGen       total 21504K, used 6286K [0x00000006f5a00000, 0x00000006f6f00000, 0x0000000700000000)
  object space 21504K, 29% used [0x00000006f5a00000,0x00000006f6023a90,0x00000006f6f00000)
Event: 23.335 GC heap after
Heap after GC invocations=22 (full 4):
 PSYoungGen      total 869888K, used 145011K [0x00000007aaa80000, 0x00000007ed800000, 0x0000000800000000)
  eden space 672256K, 0% used [0x00000007aaa80000,0x00000007aaa80000,0x00000007d3b00000)
  from space 197632K, 73% used [0x00000007e0a00000,0x00000007e979cf80,0x00000007ecb00000)
  to   space 211456K, 0% used [0x00000007d3b00000,0x00000007d3b00000,0x00000007e0980000)
 ParOldGen       total 642560K, used 436949K [0x0000000700000000, 0x0000000727380000, 0x00000007aaa80000)
  object space 642560K, 68% used [0x0000000700000000,0x000000071aab55d0,0x0000000727380000)
 PSPermGen       total 21504K, used 6286K [0x00000006f5a00000, 0x00000006f6f00000, 0x0000000700000000)
  object space 21504K, 29% used [0x00000006f5a00000,0x00000006f6023a90,0x00000006f6f00000)
}
Event: 25.000 GC heap before
{Heap before GC invocations=23 (full 4):
 PSYoungGen      total 869888K, used 817267K [0x00000007aaa80000, 0x00000007ed800000, 0x0000000800000000)
  eden space 672256K, 100% used [0x00000007aaa80000,0x00000007d3b00000,0x00000007d3b00000)
  from space 197632K, 73% used [0x00000007e0a00000,0x00000007e979cf80,0x00000007ecb00000)
  to   space 211456K, 0% used [0x00000007d3b00000,0x00000007d3b00000,0x00000007e0980000)
 ParOldGen       total 642560K, used 436949K [0x0000000700000000, 0x0000000727380000, 0x00000007aaa80000)
  object space 642560K, 68% used [0x0000000700000000,0x000000071aab55d0,0x0000000727380000)
 PSPermGen       total 21504K, used 6388K [0x00000006f5a00000, 0x00000006f6f00000, 0x0000000700000000)
  object space 21504K, 29% used [0x00000006f5a00000,0x00000006f603d3e0,0x00000006f6f00000)

Deoptimization events (10 events):
Event: 19.530 Thread 0x00007f646000b000 Uncommon trap: reason=class_check action=maybe_recompile pc=0x00007f645d189dc0 method=com.android.dx.ssa.back.FirstFitLocalCombiningAllocator.findNextUnreservedRopReg(IILcom/android/dx/ssa/back/FirstFitLocalCombiningAllocator$Alignment;)I @ 60
Event: 22.502 Thread 0x00007f646000b000 Uncommon trap: reason=null_check action=make_not_entrant pc=0x00007f645d2637dc method=com.android.dx.rop.cst.CstString.equals(Ljava/lang/Object;)Z @ 1
Event: 22.510 Thread 0x00007f646000b000 Uncommon trap: reason=bimorphic action=maybe_recompile pc=0x00007f645d361e68 method=com.android.dx.cf.code.BytecodeArray.parseInstruction(ILcom/android/dx/cf/code/BytecodeArray$Visitor;)I @ 1867
Event: 22.510 Thread 0x00007f646000b000 Uncommon trap: reason=bimorphic action=maybe_recompile pc=0x00007f645d361e68 method=com.android.dx.cf.code.BytecodeArray.parseInstruction(ILcom/android/dx/cf/code/BytecodeArray$Visitor;)I @ 1867
Event: 22.839 Thread 0x00007f646000b000 Uncommon trap: reason=class_check action=maybe_recompile pc=0x00007f645d2ca9bc method=com.android.dx.ssa.back.FirstFitLocalCombiningAllocator.findNextUnreservedRopReg(IILcom/android/dx/ssa/back/FirstFitLocalCombiningAllocator$Alignment;)I @ 60
Event: 23.488 Thread 0x00007f646000b000 Uncommon trap: reason=bimorphic action=maybe_recompile pc=0x00007f645d139c14 method=com.android.dx.ssa.SCCP.setLatticeValueTo(IILcom/android/dx/rop/cst/Constant;)Z @ 43
Event: 23.489 Thread 0x00007f646000b000 Uncommon trap: reason=bimorphic action=maybe_recompile pc=0x00007f645d139c14 method=com.android.dx.ssa.SCCP.setLatticeValueTo(IILcom/android/dx/rop/cst/Constant;)Z @ 43
Event: 24.564 Thread 0x00007f646000b000 Uncommon trap: reason=unreached action=reinterpret pc=0x00007f645d281d60 method=com.android.dx.cf.direct.StdAttributeFactory.parse0(Lcom/android/dx/cf/direct/DirectClassFile;ILjava/lang/String;IILcom/android/dx/cf/iface/ParseObserver;)Lcom/android/dx/cf/i
Event: 24.564 Thread 0x00007f646000b000 Uncommon trap: reason=unreached action=reinterpret pc=0x00007f645d34fab8 method=com.android.dx.dex.cf.AttributeTranslator.translateInnerClasses(Lcom/android/dx/rop/cst/CstType;Lcom/android/dx/cf/iface/AttributeList;Z)Lcom/android/dx/rop/annotation/Annotat
Event: 24.621 Thread 0x00007f646000b000 Uncommon trap: reason=unloaded action=reinterpret pc=0x00007f645d2bf4b4 method=com.android.dx.dex.cf.AttributeTranslator.getClassAnnotations(Lcom/android/dx/cf/direct/DirectClassFile;Lcom/android/dx/dex/cf/CfOptions;)Lcom/android/dx/rop/annotation/Annotat

Internal exceptions (10 events):
Event: 9.691 Thread 0x00007f646000b000 Threw 0x00000007b36342c8 at /build/openjdk-7-yI9zWD/openjdk-7-7u79-2.5.6/build/openjdk/hotspot/src/share/vm/prims/jvm.cpp:1284
Event: 10.001 Thread 0x00007f646000b000 Threw 0x00000007b8ab0200 at /build/openjdk-7-yI9zWD/openjdk-7-7u79-2.5.6/build/openjdk/hotspot/src/share/vm/prims/jvm.cpp:1284
Event: 10.019 Thread 0x00007f646000b000 Implicit null exception at 0x00007f645d214720 to 0x00007f645d21490d
Event: 10.019 Thread 0x00007f646000b000 Implicit null exception at 0x00007f645d212eec to 0x00007f645d2130bd
Event: 10.021 Thread 0x00007f646000b000 Implicit null exception at 0x00007f645d0812f8 to 0x00007f645d081451
Event: 10.295 Thread 0x00007f646000b000 Threw 0x00000007bdbc8c50 at /build/openjdk-7-yI9zWD/openjdk-7-7u79-2.5.6/build/openjdk/hotspot/src/share/vm/prims/jvm.cpp:1284
Event: 10.313 Thread 0x00007f646000b000 Threw 0x00000007bdca8f90 at /build/openjdk-7-yI9zWD/openjdk-7-7u79-2.5.6/build/openjdk/hotspot/src/share/vm/prims/jvm.cpp:1284
Event: 16.999 Thread 0x00007f646000b000 Implicit null exception at 0x00007f645d163e52 to 0x00007f645d16402d
Event: 16.999 Thread 0x00007f646000b000 Implicit null exception at 0x00007f645d3dce3e to 0x00007f645d3dcffd
Event: 22.502 Thread 0x00007f646000b000 Implicit null exception at 0x00007f645d2636cc to 0x00007f645d2637ce

Events (10 events):
Event: 24.620 loading class 0x00007f64242814c0 done
Event: 24.620 loading class 0x00007f64642ff160
Event: 24.621 loading class 0x00007f6424282d10
Event: 24.621 loading class 0x00007f6424282d10 done
Event: 24.621 loading class 0x00007f64642ff160 done
Event: 24.621 Thread 0x00007f646000b000 Uncommon trap: trap_request=0x00000013 fr.pc=0x00007f645d2bf4b4
Event: 24.621 Thread 0x00007f646000b000 DEOPT PACKING pc=0x00007f645d2bf4b4 sp=0x00007f64695162a0
Event: 24.621 Thread 0x00007f646000b000 DEOPT UNPACKING pc=0x00007f645d039445 sp=0x00007f64695161f8 mode 2
Event: 24.871 Thread 0x00007f64601c8800 flushing nmethod 0x00007f645d26f2d0
Event: 24.999 Executing VM operation: ParallelGCFailedAllocation


Dynamic libraries:
00400000-00401000 r-xp 00000000 08:01 20712222                           /usr/lib/jvm/java-7-openjdk-amd64/jre/bin/java
00600000-00601000 r--p 00000000 08:01 20712222                           /usr/lib/jvm/java-7-openjdk-amd64/jre/bin/java
00601000-00602000 rw-p 00001000 08:01 20712222                           /usr/lib/jvm/java-7-openjdk-amd64/jre/bin/java
01f11000-01f32000 rw-p 00000000 00:00 0                                  [heap]
6f5a00000-6f6f00000 rw-p 00000000 00:00 0 
6f6f00000-700000000 rw-p 00000000 00:00 0 
700000000-727380000 rw-p 00000000 00:00 0 
727380000-7aaa80000 rw-p 00000000 00:00 0 
7aaa80000-7ed800000 rw-p 00000000 00:00 0 
7fa280000-800000000 rw-p 00000000 00:00 0 
7f641c000000-7f641c021000 rw-p 00000000 00:00 0 
7f641c021000-7f6420000000 ---p 00000000 00:00 0 
7f6424000000-7f6425f73000 rw-p 00000000 00:00 0 
7f6425f73000-7f6428000000 ---p 00000000 00:00 0 
7f6428000000-7f6428021000 rw-p 00000000 00:00 0 
7f6428021000-7f642c000000 ---p 00000000 00:00 0 
7f642c000000-7f642c021000 rw-p 00000000 00:00 0 
7f642c021000-7f6430000000 ---p 00000000 00:00 0 
7f6430000000-7f64312f7000 rw-p 00000000 00:00 0 
7f64312f7000-7f6434000000 ---p 00000000 00:00 0 
7f6434000000-7f6434021000 rw-p 00000000 00:00 0 
7f6434021000-7f6438000000 ---p 00000000 00:00 0 
7f6438000000-7f6438021000 rw-p 00000000 00:00 0 
7f6438021000-7f643c000000 ---p 00000000 00:00 0 
7f643c000000-7f643c23f000 rw-p 00000000 00:00 0 
7f643c23f000-7f6440000000 ---p 00000000 00:00 0 
7f6440000000-7f6440021000 rw-p 00000000 00:00 0 
7f6440021000-7f6444000000 ---p 00000000 00:00 0 
7f644451b000-7f644481c000 rw-p 00000000 00:00 0 
7f644481c000-7f6444888000 r-xp 00000000 08:01 22020192                   /lib/x86_64-linux-gnu/libpcre.so.3.13.1
7f6444888000-7f6444a87000 ---p 0006c000 08:01 22020192                   /lib/x86_64-linux-gnu/libpcre.so.3.13.1
7f6444a87000-7f6444a88000 r--p 0006b000 08:01 22020192                   /lib/x86_64-linux-gnu/libpcre.so.3.13.1
7f6444a88000-7f6444a89000 rw-p 0006c000 08:01 22020192                   /lib/x86_64-linux-gnu/libpcre.so.3.13.1
7f6444a89000-7f6444a90000 r-xp 00000000 08:01 20455638                   /usr/lib/x86_64-linux-gnu/libffi.so.6.0.4
7f6444a90000-7f6444c8f000 ---p 00007000 08:01 20455638                   /usr/lib/x86_64-linux-gnu/libffi.so.6.0.4
7f6444c8f000-7f6444c90000 r--p 00006000 08:01 20455638                   /usr/lib/x86_64-linux-gnu/libffi.so.6.0.4
7f6444c90000-7f6444c91000 rw-p 00007000 08:01 20455638                   /usr/lib/x86_64-linux-gnu/libffi.so.6.0.4
7f6444c91000-7f6444ca8000 r-xp 00000000 08:01 22024473                   /lib/x86_64-linux-gnu/libresolv-2.21.so
7f6444ca8000-7f6444ea8000 ---p 00017000 08:01 22024473                   /lib/x86_64-linux-gnu/libresolv-2.21.so
7f6444ea8000-7f6444eaa000 r--p 00017000 08:01 22024473                   /lib/x86_64-linux-gnu/libresolv-2.21.so
7f6444eaa000-7f6444eab000 rw-p 00019000 08:01 22024473                   /lib/x86_64-linux-gnu/libresolv-2.21.so
7f6444eab000-7f6444ead000 rw-p 00000000 00:00 0 
7f6444ead000-7f6444ece000 r-xp 00000000 08:01 22024477                   /lib/x86_64-linux-gnu/libselinux.so.1
7f6444ece000-7f64450cd000 ---p 00021000 08:01 22024477                   /lib/x86_64-linux-gnu/libselinux.so.1
7f64450cd000-7f64450ce000 r--p 00020000 08:01 22024477                   /lib/x86_64-linux-gnu/libselinux.so.1
7f64450ce000-7f64450cf000 rw-p 00021000 08:01 22024477                   /lib/x86_64-linux-gnu/libselinux.so.1
7f64450cf000-7f64450d1000 rw-p 00000000 00:00 0 
7f64450d1000-7f64450d4000 r-xp 00000000 08:01 20447655                   /usr/lib/x86_64-linux-gnu/libgmodule-2.0.so.0.4400.1
7f64450d4000-7f64452d3000 ---p 00003000 08:01 20447655                   /usr/lib/x86_64-linux-gnu/libgmodule-2.0.so.0.4400.1
7f64452d3000-7f64452d4000 r--p 00002000 08:01 20447655                   /usr/lib/x86_64-linux-gnu/libgmodule-2.0.so.0.4400.1
7f64452d4000-7f64452d5000 rw-p 00003000 08:01 20447655                   /usr/lib/x86_64-linux-gnu/libgmodule-2.0.so.0.4400.1
7f64452d5000-7f64453e2000 r-xp 00000000 08:01 22024241                   /lib/x86_64-linux-gnu/libglib-2.0.so.0.4400.1
7f64453e2000-7f64455e1000 ---p 0010d000 08:01 22024241                   /lib/x86_64-linux-gnu/libglib-2.0.so.0.4400.1
7f64455e1000-7f64455e2000 r--p 0010c000 08:01 22024241                   /lib/x86_64-linux-gnu/libglib-2.0.so.0.4400.1
7f64455e2000-7f64455e3000 rw-p 0010d000 08:01 22024241                   /lib/x86_64-linux-gnu/libglib-2.0.so.0.4400.1
7f64455e3000-7f64455e4000 rw-p 00000000 00:00 0 
7f64455e4000-7f6445634000 r-xp 00000000 08:01 20447615                   /usr/lib/x86_64-linux-gnu/libgobject-2.0.so.0.4400.1
7f6445634000-7f6445834000 ---p 00050000 08:01 20447615                   /usr/lib/x86_64-linux-gnu/libgobject-2.0.so.0.4400.1
7f6445834000-7f6445835000 r--p 00050000 08:01 20447615                   /usr/lib/x86_64-linux-gnu/libgobject-2.0.so.0.4400.1
7f6445835000-7f6445836000 rw-p 00051000 08:01 20447615                   /usr/lib/x86_64-linux-gnu/libgobject-2.0.so.0.4400.1
7f6445836000-7f64459ae000 r-xp 00000000 08:01 20447637                   /usr/lib/x86_64-linux-gnu/libgio-2.0.so.0.4400.1
7f64459ae000-7f6445bae000 ---p 00178000 08:01 20447637                   /usr/lib/x86_64-linux-gnu/libgio-2.0.so.0.4400.1
7f6445bae000-7f6445bb2000 r--p 00178000 08:01 20447637                   /usr/lib/x86_64-linux-gnu/libgio-2.0.so.0.4400.1
7f6445bb2000-7f6445bb4000 rw-p 0017c000 08:01 20447637                   /usr/lib/x86_64-linux-gnu/libgio-2.0.so.0.4400.1
7f6445bb4000-7f6445bb6000 rw-p 00000000 00:00 0 
7f6445bb6000-7f6445bcd000 r-xp 00000000 08:01 20587083                   /usr/lib/jvm/java-7-openjdk-amd64/jre/lib/amd64/libnet.so
7f6445bcd000-7f6445dcc000 ---p 00017000 08:01 20587083                   /usr/lib/jvm/java-7-openjdk-amd64/jre/lib/amd64/libnet.so
7f6445dcc000-7f6445dcd000 r--p 00016000 08:01 20587083                   /usr/lib/jvm/java-7-openjdk-amd64/jre/lib/amd64/libnet.so
7f6445dcd000-7f6445dce000 rw-p 00017000 08:01 20587083                   /usr/lib/jvm/java-7-openjdk-amd64/jre/lib/amd64/libnet.so
7f6445dce000-7f6445ddf000 r-xp 00000000 08:01 20587088                   /usr/lib/jvm/java-7-openjdk-amd64/jre/lib/amd64/libnio.so
7f6445ddf000-7f6445fde000 ---p 00011000 08:01 20587088                   /usr/lib/jvm/java-7-openjdk-amd64/jre/lib/amd64/libnio.so
7f6445fde000-7f6445fdf000 r--p 00010000 08:01 20587088                   /usr/lib/jvm/java-7-openjdk-amd64/jre/lib/amd64/libnio.so
7f6445fdf000-7f6445fe0000 rw-p 00011000 08:01 20587088                   /usr/lib/jvm/java-7-openjdk-amd64/jre/lib/amd64/libnio.so
7f6445fe0000-7f64460ac000 r--s 00939000 08:01 28970804                   /home/sharan/AndroidStudioProjects/Muser/muser/build/intermediates/multi-dex/debug/allclasses.jar
7f64460ac000-7f64460ad000 ---p 00000000 00:00 0 
7f64460ad000-7f64461ad000 rw-p 00000000 00:00 0                          [stack:15726]
7f64461ad000-7f64461b0000 ---p 00000000 00:00 0 
7f64461b0000-7f64462ae000 rw-p 00000000 00:00 0                          [stack:15725]
7f64462ae000-7f64462b1000 ---p 00000000 00:00 0 
7f64462b1000-7f64463af000 rw-p 00000000 00:00 0                          [stack:15724]
7f64463af000-7f64463b2000 ---p 00000000 00:00 0 
7f64463b2000-7f64464b0000 rw-p 00000000 00:00 0                          [stack:15723]
7f64464b0000-7f64464b5000 r-xp 00000000 08:01 20455330                   /usr/lib/x86_64-linux-gnu/libXdmcp.so.6.0.0
7f64464b5000-7f64466b4000 ---p 00005000 08:01 20455330                   /usr/lib/x86_64-linux-gnu/libXdmcp.so.6.0.0
7f64466b4000-7f64466b5000 r--p 00004000 08:01 20455330                   /usr/lib/x86_64-linux-gnu/libXdmcp.so.6.0.0
7f64466b5000-7f64466b6000 rw-p 00005000 08:01 20455330                   /usr/lib/x86_64-linux-gnu/libXdmcp.so.6.0.0
7f64466b6000-7f64466b8000 r-xp 00000000 08:01 20455319                   /usr/lib/x86_64-linux-gnu/libXau.so.6.0.0
7f64466b8000-7f64468b8000 ---p 00002000 08:01 20455319                   /usr/lib/x86_64-linux-gnu/libXau.so.6.0.0
7f64468b8000-7f64468b9000 r--p 00002000 08:01 20455319                   /usr/lib/x86_64-linux-gnu/libXau.so.6.0.0
7f64468b9000-7f64468ba000 rw-p 00003000 08:01 20455319                   /usr/lib/x86_64-linux-gnu/libXau.so.6.0.0
7f64468ba000-7f64468d7000 r-xp 00000000 08:01 20456517                   /usr/lib/x86_64-linux-gnu/libxcb.so.1.1.0
7f64468d7000-7f6446ad7000 ---p 0001d000 08:01 20456517                   /usr/lib/x86_64-linux-gnu/libxcb.so.1.1.0
7f6446ad7000-7f6446ad8000 r--p 0001d000 08:01 20456517                   /usr/lib/x86_64-linux-gnu/libxcb.so.1.1.0
7f6446ad8000-7f6446ad9000 rw-p 0001e000 08:01 20456517                   /usr/lib/x86_64-linux-gnu/libxcb.so.1.1.0
7f6446ad9000-7f6446c0c000 r-xp 00000000 08:01 20455315                   /usr/lib/x86_64-linux-gnu/libX11.so.6.3.0
7f6446c0c000-7f6446e0c000 ---p 00133000 08:01 20455315                   /usr/lib/x86_64-linux-gnu/libX11.so.6.3.0
7f6446e0c000-7f6446e0d000 r--p 00133000 08:01 20455315                   /usr/lib/x86_64-linux-gnu/libX11.so.6.3.0
7f6446e0d000-7f6446e11000 rw-p 00134000 08:01 20455315                   /usr/lib/x86_64-linux-gnu/libX11.so.6.3.0
7f6446e11000-7f6446e12000 rw-p 00000000 00:00 0 
7f6446e12000-7f6446e14000 r-xp 00000000 08:01 20452766                   /usr/lib/jayatana/libjayatanaag.so
7f6446e14000-7f6447013000 ---p 00002000 08:01 20452766                   /usr/lib/jayatana/libjayatanaag.so
7f6447013000-7f6447014000 r--p 00001000 08:01 20452766                   /usr/lib/jayatana/libjayatanaag.so
7f6447014000-7f6447015000 rw-p 00002000 08:01 20452766                   /usr/lib/jayatana/libjayatanaag.so
7f6447015000-7f6447018000 ---p 00000000 00:00 0 
7f6447018000-7f6447116000 rw-p 00000000 00:00 0                          [stack:15722]
7f6447116000-7f64477f8000 r--p 00000000 08:01 20454393                   /usr/lib/locale/locale-archive
7f64477f8000-7f64477fb000 ---p 00000000 00:00 0 
7f64477fb000-7f64478f9000 rw-p 00000000 00:00 0                          [stack:15721]
7f64478f9000-7f64478fc000 ---p 00000000 00:00 0 
7f64478fc000-7f64479fa000 rw-p 00000000 00:00 0                          [stack:15720]
7f64479fa000-7f64479fb000 ---p 00000000 00:00 0 
7f64479fb000-7f6448000000 rw-p 00000000 00:00 0                          [stack:15719]
7f6448000000-7f6448021000 rw-p 00000000 00:00 0 
7f6448021000-7f644c000000 ---p 00000000 00:00 0 
7f644c000000-7f644c021000 rw-p 00000000 00:00 0 
7f644c021000-7f6450000000 ---p 00000000 00:00 0 
7f6450000000-7f6450021000 rw-p 00000000 00:00 0 
7f6450021000-7f6454000000 ---p 00000000 00:00 0 
7f64540c6000-7f645d000000 rw-p 00000000 00:00 0 
7f645d000000-7f645d410000 rwxp 00000000 00:00 0 
7f645d410000-7f6460465000 rw-p 00000000 00:00 0 
7f6460465000-7f6464000000 ---p 00000000 00:00 0 
7f6464087000-7f64640d0000 rw-p 00000000 00:00 0 
7f64640d0000-7f6464281000 r--s 01d29000 08:01 20587021                   /usr/lib/jvm/java-7-openjdk-amd64/jre/lib/rt.jar
7f6464281000-7f6464bf9000 rw-p 00000000 00:00 0 
7f6464bf9000-7f6464bfa000 ---p 00000000 00:00 0 
7f6464bfa000-7f6464cfa000 rw-p 00000000 00:00 0                          [stack:15718]
7f6464cfa000-7f6464cfb000 ---p 00000000 00:00 0 
7f6464cfb000-7f6464dfb000 rw-p 00000000 00:00 0                          [stack:15717]
7f6464dfb000-7f6464dfc000 ---p 00000000 00:00 0 
7f6464dfc000-7f6464efc000 rw-p 00000000 00:00 0                          [stack:15716]
7f6464efc000-7f6464efd000 ---p 00000000 00:00 0 
7f6464efd000-7f6465008000 rw-p 00000000 00:00 0                          [stack:15714]
7f6465008000-7f6465050000 rw-p 00000000 00:00 0 
7f6465050000-7f646518a000 rw-p 00000000 00:00 0 
7f646518a000-7f64655a6000 rw-p 00000000 00:00 0 
7f64655a6000-7f64655b1000 rw-p 00000000 00:00 0 
7f64655b1000-7f64655f9000 rw-p 00000000 00:00 0 
7f64655f9000-7f6465733000 rw-p 00000000 00:00 0 
7f6465733000-7f6465b4e000 rw-p 00000000 00:00 0 
7f6465b4e000-7f6465d65000 rw-p 00000000 00:00 0 
7f6465d65000-7f6465df9000 rw-p 00000000 00:00 0 
7f6465df9000-7f6465dfa000 rw-p 00000000 00:00 0 
7f6465dfa000-7f6465e02000 r-xp 00000000 08:01 20587054                   /usr/lib/jvm/java-7-openjdk-amd64/jre/lib/amd64/libzip.so
7f6465e02000-7f6466001000 ---p 00008000 08:01 20587054                   /usr/lib/jvm/java-7-openjdk-amd64/jre/lib/amd64/libzip.so
7f6466001000-7f6466002000 r--p 00007000 08:01 20587054                   /usr/lib/jvm/java-7-openjdk-amd64/jre/lib/amd64/libzip.so
7f6466002000-7f6466003000 rw-p 00008000 08:01 20587054                   /usr/lib/jvm/java-7-openjdk-amd64/jre/lib/amd64/libzip.so
7f6466003000-7f646600f000 r-xp 00000000 08:01 22024420                   /lib/x86_64-linux-gnu/libnss_files-2.21.so
7f646600f000-7f646620e000 ---p 0000c000 08:01 22024420                   /lib/x86_64-linux-gnu/libnss_files-2.21.so
7f646620e000-7f646620f000 r--p 0000b000 08:01 22024420                   /lib/x86_64-linux-gnu/libnss_files-2.21.so
7f646620f000-7f6466210000 rw-p 0000c000 08:01 22024420                   /lib/x86_64-linux-gnu/libnss_files-2.21.so
7f6466210000-7f646621b000 r-xp 00000000 08:01 22024430                   /lib/x86_64-linux-gnu/libnss_nis-2.21.so
7f646621b000-7f646641a000 ---p 0000b000 08:01 22024430                   /lib/x86_64-linux-gnu/libnss_nis-2.21.so
7f646641a000-7f646641b000 r--p 0000a000 08:01 22024430                   /lib/x86_64-linux-gnu/libnss_nis-2.21.so
7f646641b000-7f646641c000 rw-p 0000b000 08:01 22024430                   /lib/x86_64-linux-gnu/libnss_nis-2.21.so
7f646641c000-7f6466433000 r-xp 00000000 08:01 22024414                   /lib/x86_64-linux-gnu/libnsl-2.21.so
7f6466433000-7f6466632000 ---p 00017000 08:01 22024414                   /lib/x86_64-linux-gnu/libnsl-2.21.so
7f6466632000-7f6466633000 r--p 00016000 08:01 22024414                   /lib/x86_64-linux-gnu/libnsl-2.21.so
7f6466633000-7f6466634000 rw-p 00017000 08:01 22024414                   /lib/x86_64-linux-gnu/libnsl-2.21.so
7f6466634000-7f6466636000 rw-p 00000000 00:00 0 
7f6466636000-7f646663e000 r-xp 00000000 08:01 22024416                   /lib/x86_64-linux-gnu/libnss_compat-2.21.so
7f646663e000-7f646683d000 ---p 00008000 08:01 22024416                   /lib/x86_64-linux-gnu/libnss_compat-2.21.so
7f646683d000-7f646683e000 r--p 00007000 08:01 22024416                   /lib/x86_64-linux-gnu/libnss_compat-2.21.so
7f646683e000-7f646683f000 rw-p 00008000 08:01 22024416                   /lib/x86_64-linux-gnu/libnss_compat-2.21.so
7f646683f000-7f6466849000 r-xp 00000000 08:01 20587084                   /usr/lib/jvm/java-7-openjdk-amd64/jre/lib/amd64/libinstrument.so
7f6466849000-7f6466a48000 ---p 0000a000 08:01 20587084                   /usr/lib/jvm/java-7-openjdk-amd64/jre/lib/amd64/libinstrument.so
7f6466a48000-7f6466a49000 r--p 00009000 08:01 20587084                   /usr/lib/jvm/java-7-openjdk-amd64/jre/lib/amd64/libinstrument.so
7f6466a49000-7f6466a4a000 rw-p 0000a000 08:01 20587084                   /usr/lib/jvm/java-7-openjdk-amd64/jre/lib/amd64/libinstrument.so
7f6466a4a000-7f6466a77000 r-xp 00000000 08:01 20587091                   /usr/lib/jvm/java-7-openjdk-amd64/jre/lib/amd64/libjava.so
7f6466a77000-7f6466c76000 ---p 0002d000 08:01 20587091                   /usr/lib/jvm/java-7-openjdk-amd64/jre/lib/amd64/libjava.so
7f6466c76000-7f6466c77000 r--p 0002c000 08:01 20587091                   /usr/lib/jvm/java-7-openjdk-amd64/jre/lib/amd64/libjava.so
7f6466c77000-7f6466c79000 rw-p 0002d000 08:01 20587091                   /usr/lib/jvm/java-7-openjdk-amd64/jre/lib/amd64/libjava.so
7f6466c79000-7f6466c88000 r-xp 00000000 08:01 20587072                   /usr/lib/jvm/java-7-openjdk-amd64/jre/lib/amd64/libverify.so
7f6466c88000-7f6466e87000 ---p 0000f000 08:01 20587072                   /usr/lib/jvm/java-7-openjdk-amd64/jre/lib/amd64/libverify.so
7f6466e87000-7f6466e8a000 r--p 0000e000 08:01 20587072                   /usr/lib/jvm/java-7-openjdk-amd64/jre/lib/amd64/libverify.so
7f6466e8a000-7f6466e8b000 rw-p 00011000 08:01 20587072                   /usr/lib/jvm/java-7-openjdk-amd64/jre/lib/amd64/libverify.so
7f6466e8b000-7f6466e92000 r-xp 00000000 08:01 22024475                   /lib/x86_64-linux-gnu/librt-2.21.so
7f6466e92000-7f6467091000 ---p 00007000 08:01 22024475                   /lib/x86_64-linux-gnu/librt-2.21.so
7f6467091000-7f6467092000 r--p 00006000 08:01 22024475                   /lib/x86_64-linux-gnu/librt-2.21.so
7f6467092000-7f6467093000 rw-p 00007000 08:01 22024475                   /lib/x86_64-linux-gnu/librt-2.21.so
7f6467093000-7f64670a9000 r-xp 00000000 08:01 22024363                   /lib/x86_64-linux-gnu/libgcc_s.so.1
7f64670a9000-7f64672a8000 ---p 00016000 08:01 22024363                   /lib/x86_64-linux-gnu/libgcc_s.so.1
7f64672a8000-7f64672a9000 rw-p 00015000 08:01 22024363                   /lib/x86_64-linux-gnu/libgcc_s.so.1
7f64672a9000-7f64673b0000 r-xp 00000000 08:01 22024393                   /lib/x86_64-linux-gnu/libm-2.21.so
7f64673b0000-7f64675af000 ---p 00107000 08:01 22024393                   /lib/x86_64-linux-gnu/libm-2.21.so
7f64675af000-7f64675b0000 r--p 00106000 08:01 22024393                   /lib/x86_64-linux-gnu/libm-2.21.so
7f64675b0000-7f64675b1000 rw-p 00107000 08:01 22024393                   /lib/x86_64-linux-gnu/libm-2.21.so
7f64675b1000-7f64676a1000 r-xp 00000000 08:01 20456311                   /usr/lib/x86_64-linux-gnu/libstdc++.so.6.0.20
7f64676a1000-7f64678a1000 ---p 000f0000 08:01 20456311                   /usr/lib/x86_64-linux-gnu/libstdc++.so.6.0.20
7f64678a1000-7f64678a9000 r--p 000f0000 08:01 20456311                   /usr/lib/x86_64-linux-gnu/libstdc++.so.6.0.20
7f64678a9000-7f64678ab000 rw-p 000f8000 08:01 20456311                   /usr/lib/x86_64-linux-gnu/libstdc++.so.6.0.20
7f64678ab000-7f64678c0000 rw-p 00000000 00:00 0 
7f64678c0000-7f6468418000 r-xp 00000000 08:01 20587060                   /usr/lib/jvm/java-7-openjdk-amd64/jre/lib/amd64/server/libjvm.so
7f6468418000-7f6468617000 ---p 00b58000 08:01 20587060                   /usr/lib/jvm/java-7-openjdk-amd64/jre/lib/amd64/server/libjvm.so
7f6468617000-7f64686b6000 r--p 00b57000 08:01 20587060                   /usr/lib/jvm/java-7-openjdk-amd64/jre/lib/amd64/server/libjvm.so
7f64686b6000-7f64686d9000 rw-p 00bf6000 08:01 20587060                   /usr/lib/jvm/java-7-openjdk-amd64/jre/lib/amd64/server/libjvm.so
7f64686d9000-7f6468706000 rw-p 00000000 00:00 0 
7f6468706000-7f646871f000 r-xp 00000000 08:01 22024508                   /lib/x86_64-linux-gnu/libz.so.1.2.8
7f646871f000-7f646891f000 ---p 00019000 08:01 22024508                   /lib/x86_64-linux-gnu/libz.so.1.2.8
7f646891f000-7f6468920000 r--p 00019000 08:01 22024508                   /lib/x86_64-linux-gnu/libz.so.1.2.8
7f6468920000-7f6468921000 rw-p 0001a000 08:01 22024508                   /lib/x86_64-linux-gnu/libz.so.1.2.8
7f6468921000-7f6468939000 r-xp 00000000 08:01 22024467                   /lib/x86_64-linux-gnu/libpthread-2.21.so
7f6468939000-7f6468b39000 ---p 00018000 08:01 22024467                   /lib/x86_64-linux-gnu/libpthread-2.21.so
7f6468b39000-7f6468b3a000 r--p 00018000 08:01 22024467                   /lib/x86_64-linux-gnu/libpthread-2.21.so
7f6468b3a000-7f6468b3b000 rw-p 00019000 08:01 22024467                   /lib/x86_64-linux-gnu/libpthread-2.21.so
7f6468b3b000-7f6468b3f000 rw-p 00000000 00:00 0 
7f6468b3f000-7f6468b42000 r-xp 00000000 08:01 22024351                   /lib/x86_64-linux-gnu/libdl-2.21.so
7f6468b42000-7f6468d41000 ---p 00003000 08:01 22024351                   /lib/x86_64-linux-gnu/libdl-2.21.so
7f6468d41000-7f6468d42000 r--p 00002000 08:01 22024351                   /lib/x86_64-linux-gnu/libdl-2.21.so
7f6468d42000-7f6468d43000 rw-p 00003000 08:01 22024351                   /lib/x86_64-linux-gnu/libdl-2.21.so
7f6468d43000-7f6468f03000 r-xp 00000000 08:01 22024334                   /lib/x86_64-linux-gnu/libc-2.21.so
7f6468f03000-7f6469103000 ---p 001c0000 08:01 22024334                   /lib/x86_64-linux-gnu/libc-2.21.so
7f6469103000-7f6469107000 r--p 001c0000 08:01 22024334                   /lib/x86_64-linux-gnu/libc-2.21.so
7f6469107000-7f6469109000 rw-p 001c4000 08:01 22024334                   /lib/x86_64-linux-gnu/libc-2.21.so
7f6469109000-7f646910d000 rw-p 00000000 00:00 0 
7f646910d000-7f646911a000 r-xp 00000000 08:01 20587057                   /usr/lib/jvm/java-7-openjdk-amd64/jre/lib/amd64/jli/libjli.so
7f646911a000-7f6469319000 ---p 0000d000 08:01 20587057                   /usr/lib/jvm/java-7-openjdk-amd64/jre/lib/amd64/jli/libjli.so
7f6469319000-7f646931a000 r--p 0000c000 08:01 20587057                   /usr/lib/jvm/java-7-openjdk-amd64/jre/lib/amd64/jli/libjli.so
7f646931a000-7f646931b000 rw-p 0000d000 08:01 20587057                   /usr/lib/jvm/java-7-openjdk-amd64/jre/lib/amd64/jli/libjli.so
7f646931b000-7f646933f000 r-xp 00000000 08:01 22024306                   /lib/x86_64-linux-gnu/ld-2.21.so
7f6469347000-7f6469348000 rw-p 00000000 00:00 0 
7f6469348000-7f6469357000 r--s 000dd000 08:01 21636737                   /home/sharan/Android/Sdk/build-tools/21.1.2/lib/dx.jar
7f6469357000-7f6469368000 rw-p 00000000 00:00 0 
7f6469368000-7f6469417000 rw-p 00000000 00:00 0 
7f6469417000-7f646941a000 ---p 00000000 00:00 0 
7f646941a000-7f646951d000 rw-p 00000000 00:00 0                          [stack:15711]
7f646951d000-7f646951e000 r--s 00000000 08:01 20979860                   /usr/share/java/jayatanaag.jar
7f646951e000-7f6469522000 r--s 00034000 08:01 20587040                   /usr/lib/jvm/java-7-openjdk-amd64/jre/lib/ext/sunjce_provider.jar
7f6469522000-7f6469526000 r--s 0003c000 08:01 20587041                   /usr/lib/jvm/java-7-openjdk-amd64/jre/lib/ext/sunpkcs11.jar
7f6469526000-7f6469529000 r--s 0000f000 08:01 20587042                   /usr/lib/jvm/java-7-openjdk-amd64/jre/lib/ext/icedtea-sound.jar
7f6469529000-7f646952d000 r--s 00085000 08:01 20587038                   /usr/lib/jvm/java-7-openjdk-amd64/jre/lib/ext/localedata.jar
7f646952d000-7f646952f000 r--s 00012000 08:01 20587043                   /usr/lib/jvm/java-7-openjdk-amd64/jre/lib/ext/zipfs.jar
7f646952f000-7f6469531000 r--s 00006000 08:01 20971724                   /usr/share/java/java-atk-wrapper.jar
7f6469531000-7f6469532000 r--s 00002000 08:01 20587039                   /usr/lib/jvm/java-7-openjdk-amd64/jre/lib/ext/dnsns.jar
7f6469532000-7f646953a000 rw-s 00000000 08:01 3014796                    /tmp/hsperfdata_sharan/15709
7f646953a000-7f646953b000 rw-p 00000000 00:00 0 
7f646953b000-7f646953c000 ---p 00000000 00:00 0 
7f646953c000-7f646953e000 rw-p 00000000 00:00 0 
7f646953e000-7f646953f000 r--p 00023000 08:01 22024306                   /lib/x86_64-linux-gnu/ld-2.21.so
7f646953f000-7f6469540000 rw-p 00024000 08:01 22024306                   /lib/x86_64-linux-gnu/ld-2.21.so
7f6469540000-7f6469541000 rw-p 00000000 00:00 0 
7ffd5f92c000-7ffd5f94d000 rw-p 00000000 00:00 0                          [stack]
7ffd5f992000-7ffd5f994000 r--p 00000000 00:00 0                          [vvar]
7ffd5f994000-7ffd5f996000 r-xp 00000000 00:00 0                          [vdso]
ffffffffff600000-ffffffffff601000 r-xp 00000000 00:00 0                  [vsyscall]

VM Arguments:
jvm_args: -javaagent:/usr/share/java/jayatanaag.jar -Xmx4g -Dfile.encoding=UTF-8 -Duser.country=IN -Duser.language=en -Duser.variant 
java_command: com.android.dx.command.Main --dex --force-jumbo --multi-dex --main-dex-list /home/sharan/AndroidStudioProjects/Muser/muser/build/intermediates/multi-dex/debug/maindexlist.txt --output /home/sharan/AndroidStudioProjects/Muser/muser/build/intermediates/dex/debug /home/sharan/AndroidStudioProjects/Muser/muser/build/intermediates/multi-dex/debug/allclasses.jar
Launcher Type: SUN_STANDARD

Environment Variables:
JAVA_HOME=/usr/lib/jvm/java-8-oracle
JAVA_TOOL_OPTIONS=-javaagent:/usr/share/java/jayatanaag.jar 
PATH=/usr/local/sbin:/usr/local/bin:/usr/sbin:/usr/bin:/sbin:/bin:/usr/games:/usr/local/games:/usr/lib/jvm/java-8-oracle/bin:/usr/lib/jvm/java-8-oracle/db/bin:/usr/lib/jvm/java-8-oracle/jre/bin
LD_LIBRARY_PATH=/opt/android-studio/bin:
SHELL=/bin/bash
DISPLAY=:0

Signal Handlers:
SIGSEGV: [libjvm.so+0x98ac50], sa_mask[0]=0x7ffbfeff, sa_flags=0x10000004
SIGBUS: [libjvm.so+0x98ac50], sa_mask[0]=0x7ffbfeff, sa_flags=0x10000004
SIGFPE: [libjvm.so+0x7f8ab0], sa_mask[0]=0x7ffbfeff, sa_flags=0x10000004
SIGPIPE: [libjvm.so+0x7f8ab0], sa_mask[0]=0x7ffbfeff, sa_flags=0x10000004
SIGXFSZ: [libjvm.so+0x7f8ab0], sa_mask[0]=0x7ffbfeff, sa_flags=0x10000004
SIGILL: [libjvm.so+0x7f8ab0], sa_mask[0]=0x7ffbfeff, sa_flags=0x10000004
SIGUSR1: SIG_DFL, sa_mask[0]=0x00000000, sa_flags=0x00000000
SIGUSR2: [libjvm.so+0x7f8930], sa_mask[0]=0x00000004, sa_flags=0x10000004
SIGHUP: [libjvm.so+0x7f8b30], sa_mask[0]=0x7ffbfeff, sa_flags=0x10000004
SIGINT: [libjvm.so+0x7f8b30], sa_mask[0]=0x7ffbfeff, sa_flags=0x10000004
SIGTERM: [libjvm.so+0x7f8b30], sa_mask[0]=0x7ffbfeff, sa_flags=0x10000004
SIGQUIT: [libjvm.so+0x7f8b30], sa_mask[0]=0x7ffbfeff, sa_flags=0x10000004
SIGTRAP: SIG_DFL, sa_mask[0]=0x00000000, sa_flags=0x00000000


---------------  S Y S T E M  ---------------

OS:Ubuntu 15.04 (vivid)
uname:Linux 3.19.0-26-generic #28-Ubuntu SMP Tue Aug 11 14:16:32 UTC 2015 x86_64
libc:glibc 2.21 NPTL 2.21 
rlimit: STACK 8192k, CORE 0k, NPROC 31366, NOFILE 65536, AS infinity
load average:2.72 1.49 0.94

/proc/meminfo:
MemTotal:        8052020 kB
MemFree:          167308 kB
MemAvailable:     151840 kB
Buffers:            1352 kB
Cached:          1400536 kB
SwapCached:            0 kB
Active:          6322764 kB
Inactive:        1308716 kB
Active(anon):    6277860 kB
Inactive(anon):  1268872 kB
Active(file):      44904 kB
Inactive(file):    39844 kB
Unevictable:          32 kB
Mlocked:              32 kB
SwapTotal:             0 kB
SwapFree:              0 kB
Dirty:              1256 kB
Writeback:             0 kB
AnonPages:       6229672 kB
Mapped:           419556 kB
Shmem:           1317104 kB
Slab:             106684 kB
SReclaimable:      53252 kB
SUnreclaim:        53432 kB
KernelStack:       16672 kB
PageTables:        81932 kB
NFS_Unstable:          0 kB
Bounce:                0 kB
WritebackTmp:          0 kB
CommitLimit:     4026008 kB
Committed_AS:   18800324 kB
VmallocTotal:   34359738367 kB
VmallocUsed:      363216 kB
VmallocChunk:   34359300496 kB
HardwareCorrupted:     0 kB
AnonHugePages:   2795520 kB
CmaTotal:              0 kB
CmaFree:               0 kB
HugePages_Total:       0
HugePages_Free:        0
HugePages_Rsvd:        0
HugePages_Surp:        0
Hugepagesize:       2048 kB
DirectMap4k:      207932 kB
DirectMap2M:     8056832 kB
DirectMap1G:           0 kB


CPU:total 4 (2 cores per cpu, 2 threads per core) family 6 model 60 stepping 3, cmov, cx8, fxsr, mmx, sse, sse2, sse3, ssse3, sse4.1, sse4.2, popcnt, avx, avx2, aes, erms, ht, tsc, tscinvbit

/proc/cpuinfo:
processor	: 0
vendor_id	: GenuineIntel
cpu family	: 6
model		: 60
model name	: Intel(R) Core(TM) i3-4150 CPU @ 3.50GHz
stepping	: 3
microcode	: 0x12
cpu MHz		: 3500.136
cache size	: 3072 KB
physical id	: 0
siblings	: 4
core id		: 0
cpu cores	: 2
apicid		: 0
initial apicid	: 0
fpu		: yes
fpu_exception	: yes
cpuid level	: 13
wp		: yes
flags		: fpu vme de pse tsc msr pae mce cx8 apic sep mtrr pge mca cmov pat pse36 clflush dts acpi mmx fxsr sse sse2 ss ht tm pbe syscall nx pdpe1gb rdtscp lm constant_tsc arch_perfmon pebs bts rep_good nopl xtopology nonstop_tsc aperfmperf eagerfpu pni pclmulqdq dtes64 monitor ds_cpl vmx est tm2 ssse3 fma cx16 xtpr pdcm pcid sse4_1 sse4_2 movbe popcnt tsc_deadline_timer aes xsave avx f16c rdrand lahf_lm abm arat pln pts dtherm tpr_shadow vnmi flexpriority ept vpid fsgsbase tsc_adjust bmi1 avx2 smep bmi2 erms invpcid xsaveopt
bugs		:
bogomips	: 6983.84
clflush size	: 64
cache_alignment	: 64
address sizes	: 39 bits physical, 48 bits virtual
power management:

processor	: 1
vendor_id	: GenuineIntel
cpu family	: 6
model		: 60
model name	: Intel(R) Core(TM) i3-4150 CPU @ 3.50GHz
stepping	: 3
microcode	: 0x12
cpu MHz		: 3500.000
cache size	: 3072 KB
physical id	: 0
siblings	: 4
core id		: 1
cpu cores	: 2
apicid		: 2
initial apicid	: 2
fpu		: yes
fpu_exception	: yes
cpuid level	: 13
wp		: yes
flags		: fpu vme de pse tsc msr pae mce cx8 apic sep mtrr pge mca cmov pat pse36 clflush dts acpi mmx fxsr sse sse2 ss ht tm pbe syscall nx pdpe1gb rdtscp lm constant_tsc arch_perfmon pebs bts rep_good nopl xtopology nonstop_tsc aperfmperf eagerfpu pni pclmulqdq dtes64 monitor ds_cpl vmx est tm2 ssse3 fma cx16 xtpr pdcm pcid sse4_1 sse4_2 movbe popcnt tsc_deadline_timer aes xsave avx f16c rdrand lahf_lm abm arat pln pts dtherm tpr_shadow vnmi flexpriority ept vpid fsgsbase tsc_adjust bmi1 avx2 smep bmi2 erms invpcid xsaveopt
bugs		:
bogomips	: 6983.84
clflush size	: 64
cache_alignment	: 64
address sizes	: 39 bits physical, 48 bits virtual
power management:

processor	: 2
vendor_id	: GenuineIntel
cpu family	: 6
model		: 60
model name	: Intel(R) Core(TM) i3-4150 CPU @ 3.50GHz
stepping	: 3
microcode	: 0x12
cpu MHz		: 3500.273
cache size	: 3072 KB
physical id	: 0
siblings	: 4
core id		: 0
cpu cores	: 2
apicid		: 1
initial apicid	: 1
fpu		: yes
fpu_exception	: yes
cpuid level	: 13
wp		: yes
flags		: fpu vme de pse tsc msr pae mce cx8 apic sep mtrr pge mca cmov pat pse36 clflush dts acpi mmx fxsr sse sse2 ss ht tm pbe syscall nx pdpe1gb rdtscp lm constant_tsc arch_perfmon pebs bts rep_good nopl xtopology nonstop_tsc aperfmperf eagerfpu pni pclmulqdq dtes64 monitor ds_cpl vmx est tm2 ssse3 fma cx16 xtpr pdcm pcid sse4_1 sse4_2 movbe popcnt tsc_deadline_timer aes xsave avx f16c rdrand lahf_lm abm arat pln pts dtherm tpr_shadow vnmi flexpriority ept vpid fsgsbase tsc_adjust bmi1 avx2 smep bmi2 erms invpcid xsaveopt
bugs		:
bogomips	: 6983.84
clflush size	: 64
cache_alignment	: 64
address sizes	: 39 bits physical, 48 bits virtual
power management:

processor	: 3
vendor_id	: GenuineIntel
cpu family	: 6
model		: 60
model name	: Intel(R) Core(TM) i3-4150 CPU @ 3.50GHz
stepping	: 3
microcode	: 0x12
cpu MHz		: 3500.000
cache size	: 3072 KB
physical id	: 0
siblings	: 4
core id		: 1
cpu cores	: 2
apicid		: 3
initial apicid	: 3
fpu		: yes
fpu_exception	: yes
cpuid level	: 13
wp		: yes
flags		: fpu vme de pse tsc msr pae mce cx8 apic sep mtrr pge mca cmov pat pse36 clflush dts acpi mmx fxsr sse sse2 ss ht tm pbe syscall nx pdpe1gb rdtscp lm constant_tsc arch_perfmon pebs bts rep_good nopl xtopology nonstop_tsc aperfmperf eagerfpu pni pclmulqdq dtes64 monitor ds_cpl vmx est tm2 ssse3 fma cx16 xtpr pdcm pcid sse4_1 sse4_2 movbe popcnt tsc_deadline_timer aes xsave avx f16c rdrand lahf_lm abm arat pln pts dtherm tpr_shadow vnmi flexpriority ept vpid fsgsbase tsc_adjust bmi1 avx2 smep bmi2 erms invpcid xsaveopt
bugs		:
bogomips	: 6983.84
clflush size	: 64
cache_alignment	: 64
address sizes	: 39 bits physical, 48 bits virtual
power management:



Memory: 4k page, physical 8052020k(167308k free), swap 0k(0k free)

vm_info: OpenJDK 64-Bit Server VM (24.79-b02) for linux-amd64 JRE (1.7.0_79-b14), built on Jul 24 2015 05:24:39 by "buildd" with gcc 4.9.2

time: Mon Nov  2 19:37:27 2015
elapsed time: 25 seconds

