#
# There is insufficient memory for the Java Runtime Environment to continue.
# Native memory allocation (malloc) failed to allocate 249036800 bytes for committing reserved memory.
# Possible reasons:
#   The system is out of physical RAM or swap space
#   In 32 bit mode, the process size limit was hit
# Possible solutions:
#   Reduce memory load on the system
#   Increase physical memory or swap space
#   Check if swap backing store is full
#   Use 64 bit Java on a 64 bit OS
#   Decrease Java heap size (-Xmx/-Xms)
#   Decrease number of Java threads
#   Decrease Java thread stack sizes (-Xss)
#   Set larger code cache with -XX:ReservedCodeCacheSize=
# This output file may be truncated or incomplete.
#
#  Out of Memory Error (os_linux.cpp:2809), pid=11220, tid=140202585954048
#
# JRE version: OpenJDK Runtime Environment (7.0_79-b14) (build 1.7.0_79-b14)
# Java VM: OpenJDK 64-Bit Server VM (24.79-b02 mixed mode linux-amd64 compressed oops)
# Derivative: IcedTea 2.5.6
# Distribution: Ubuntu 15.04, package 7u79-2.5.6-0ubuntu1.15.04.1
# Failed to write core dump. Core dumps have been disabled. To enable core dumping, try "ulimit -c unlimited" before starting Java again
#

---------------  T H R E A D  ---------------

Current thread (0x00007f837c13e000):  VMThread [stack: 0x00007f8375451000,0x00007f8375552000] [id=11230]

Stack: [0x00007f8375451000,0x00007f8375552000],  sp=0x00007f83755504e0,  free space=1021k
Native frames: (J=compiled Java code, j=interpreted, Vv=VM code, C=native code)
V  [libjvm.so+0x98a166]  VMError::report_and_die()+0x186
V  [libjvm.so+0x48f932]  report_vm_out_of_memory(char const*, int, unsigned long, char const*)+0x92
V  [libjvm.so+0x7fd56b]  os::pd_commit_memory(char*, unsigned long, unsigned long, bool)+0xeb
V  [libjvm.so+0x7f7c4e]  os::commit_memory(char*, unsigned long, unsigned long, bool)+0x2e
V  [libjvm.so+0x86a56b]  PSVirtualSpace::expand_by(unsigned long)+0x5b
V  [libjvm.so+0x86b413]  PSYoungGen::resize_generation(unsigned long, unsigned long)+0xd3
V  [libjvm.so+0x86bb2b]  PSYoungGen::resize(unsigned long, unsigned long)+0x1b
V  [libjvm.so+0x867539]  PSScavenge::invoke_no_policy()+0xdc9
V  [libjvm.so+0x867d18]  PSScavenge::invoke()+0x38
V  [libjvm.so+0x81fb73]  ParallelScavengeHeap::failed_mem_allocate(unsigned long)+0x63
V  [libjvm.so+0x98ba32]  VM_ParallelGCFailedAllocation::doit()+0x92
V  [libjvm.so+0x9902e7]  VM_Operation::evaluate()+0x47
V  [libjvm.so+0x98e8cb]  VMThread::evaluate_operation(VM_Operation*)+0xab
V  [libjvm.so+0x98ef76]  VMThread::loop()+0x1e6
V  [libjvm.so+0x98f441]  VMThread::run()+0x81
V  [libjvm.so+0x7fa492]  java_start(Thread*)+0xf2

VM_Operation (0x00007f8382917f40): ParallelGCFailedAllocation, mode: safepoint, requested by thread 0x00007f837c00b000


---------------  P R O C E S S  ---------------

Java Threads: ( => current thread )
  0x00007f837c1d2000 JavaThread "Service Thread" daemon [_thread_blocked, id=11236, stack(0x00007f835b6c8000,0x00007f835b7c9000)]
  0x00007f837c1c8800 JavaThread "C2 CompilerThread1" daemon [_thread_blocked, id=11235, stack(0x00007f835b7c9000,0x00007f835b8ca000)]
  0x00007f837c1c6800 JavaThread "C2 CompilerThread0" daemon [_thread_blocked, id=11234, stack(0x00007f837400c000,0x00007f837410d000)]
  0x00007f837c16f800 JavaThread "Signal Dispatcher" daemon [_thread_blocked, id=11233, stack(0x00007f8374a6c000,0x00007f8374b6d000)]
  0x00007f837c144800 JavaThread "Finalizer" daemon [_thread_blocked, id=11232, stack(0x00007f837524f000,0x00007f8375350000)]
  0x00007f837c142800 JavaThread "Reference Handler" daemon [_thread_blocked, id=11231, stack(0x00007f8375350000,0x00007f8375451000)]
  0x00007f837c00b000 JavaThread "main" [_thread_blocked, id=11225, stack(0x00007f8382819000,0x00007f838291a000)]

Other Threads:
=>0x00007f837c13e000 VMThread [stack: 0x00007f8375451000,0x00007f8375552000] [id=11230]
  0x00007f837c1e4800 WatcherThread [stack: 0x00007f835b5c7000,0x00007f835b6c8000] [id=11237]

VM state:at safepoint (normal execution)

VM Mutex/Monitor currently owned by a thread:  ([mutex/lock_event])
[0x00007f837c007990] Threads_lock - owner thread: 0x00007f837c13e000
[0x00007f837c007e90] Heap_lock - owner thread: 0x00007f837c00b000

Heap
 PSYoungGen      total 886272K, used 207357K [0x00000007aaa80000, 0x00000007edc00000, 0x0000000800000000)
  eden space 673280K, 0% used [0x00000007aaa80000,0x00000007aaa80000,0x00000007d3c00000)
  from space 212992K, 97% used [0x00000007d3c00000,0x00000007e067f480,0x00000007e0c00000)
  to   space 209408K, 0% used [0x00000007e0e00000,0x00000007e0e00000,0x00000007eda80000)
 ParOldGen       total 465408K, used 339663K [0x0000000700000000, 0x000000071c680000, 0x00000007aaa80000)
  object space 465408K, 72% used [0x0000000700000000,0x0000000714bb3f60,0x000000071c680000)
 PSPermGen       total 21504K, used 6281K [0x00000006f5a00000, 0x00000006f6f00000, 0x0000000700000000)
  object space 21504K, 29% used [0x00000006f5a00000,0x00000006f60226f8,0x00000006f6f00000)

Card table byte_map: [0x00007f837792d000,0x00007f8378181000] byte_map_base: 0x00007f8374180000

Polling page: 0x00007f838293d000

Code Cache  [0x00007f8378181000, 0x00007f8378581000, 0x00007f837b181000)
 total_blobs=1286 nmethods=1056 adapters=183 free_code_cache=45413Kb largest_free_block=46151296

Compilation events (10 events):
Event: 21.108 Thread 0x00007f837c1c8800 1112             com.android.dx.dex.file.ClassDefItem::addDirectMethod (9 bytes)
Event: 21.110 Thread 0x00007f837c1c8800 nmethod 1112 0x00007f837833a110 code [0x00007f837833a280, 0x00007f837833a4f8]
Event: 21.564 Thread 0x00007f837c1c6800 1113             com.android.dx.rop.code.Rops::opGetStatic (97 bytes)
Event: 21.565 Thread 0x00007f837c1c6800 nmethod 1113 0x00007f83784dced0 code [0x00007f83784dd040, 0x00007f83784dd1a8]
Event: 22.021 Thread 0x00007f837c1c8800 1114             java.util.Arrays::copyOf (19 bytes)
Event: 22.023 Thread 0x00007f837c1c8800 nmethod 1114 0x00007f837820f3d0 code [0x00007f837820f520, 0x00007f837820f718]
Event: 22.023 Thread 0x00007f837c1c8800 1115             com.android.dx.rop.code.Insn$BaseVisitor::visitThrowingInsn (1 bytes)
Event: 22.023 Thread 0x00007f837c1c8800 nmethod 1115 0x00007f83783cbd90 code [0x00007f83783cbec0, 0x00007f83783cbf18]
Event: 22.038 Thread 0x00007f837c1c8800 1116             java.io.FilterInputStream::read (9 bytes)
Event: 22.039 Thread 0x00007f837c1c8800 nmethod 1116 0x00007f8378399190 code [0x00007f83783992e0, 0x00007f83783993a8]

GC Heap History (10 events):
Event: 14.830 GC heap after
Heap after GC invocations=13 (full 2):
 PSYoungGen      total 584192K, used 100217K [0x00000007aaa80000, 0x00000007dd780000, 0x0000000800000000)
  eden space 461312K, 0% used [0x00000007aaa80000,0x00000007aaa80000,0x00000007c6d00000)
  from space 122880K, 81% used [0x00000007c6d00000,0x00000007ccede538,0x00000007ce500000)
  to   space 135168K, 0% used [0x00000007d5380000,0x00000007d5380000,0x00000007dd780000)
 ParOldGen       total 294400K, used 195621K [0x0000000700000000, 0x0000000711f80000, 0x00000007aaa80000)
  object space 294400K, 66% used [0x0000000700000000,0x000000070bf09448,0x0000000711f80000)
 PSPermGen       total 21504K, used 6201K [0x00000006f5a00000, 0x00000006f6f00000, 0x0000000700000000)
  object space 21504K, 28% used [0x00000006f5a00000,0x00000006f600e4a8,0x00000006f6f00000)
}
Event: 16.034 GC heap before
{Heap before GC invocations=14 (full 2):
 PSYoungGen      total 584192K, used 561529K [0x00000007aaa80000, 0x00000007dd780000, 0x0000000800000000)
  eden space 461312K, 100% used [0x00000007aaa80000,0x00000007c6d00000,0x00000007c6d00000)
  from space 122880K, 81% used [0x00000007c6d00000,0x00000007ccede538,0x00000007ce500000)
  to   space 135168K, 0% used [0x00000007d5380000,0x00000007d5380000,0x00000007dd780000)
 ParOldGen       total 294400K, used 195621K [0x0000000700000000, 0x0000000711f80000, 0x00000007aaa80000)
  object space 294400K, 66% used [0x0000000700000000,0x000000070bf09448,0x0000000711f80000)
 PSPermGen       total 21504K, used 6207K [0x00000006f5a00000, 0x00000006f6f00000, 0x0000000700000000)
  object space 21504K, 28% used [0x00000006f5a00000,0x00000006f600fe78,0x00000006f6f00000)
Event: 16.218 GC heap after
Heap after GC invocations=14 (full 2):
 PSYoungGen      total 672768K, used 135152K [0x00000007aaa80000, 0x00000007e0e80000, 0x0000000800000000)
  eden space 537600K, 0% used [0x00000007aaa80000,0x00000007aaa80000,0x00000007cb780000)
  from space 135168K, 99% used [0x00000007d5380000,0x00000007dd77c388,0x00000007dd780000)
  to   space 159744K, 0% used [0x00000007cb780000,0x00000007cb780000,0x00000007d5380000)
 ParOldGen       total 294400K, used 201341K [0x0000000700000000, 0x0000000711f80000, 0x00000007aaa80000)
  object space 294400K, 68% used [0x0000000700000000,0x000000070c49f690,0x0000000711f80000)
 PSPermGen       total 21504K, used 6207K [0x00000006f5a00000, 0x00000006f6f00000, 0x0000000700000000)
  object space 21504K, 28% used [0x00000006f5a00000,0x00000006f600fe78,0x00000006f6f00000)
}
Event: 17.245 GC heap before
{Heap before GC invocations=15 (full 2):
 PSYoungGen      total 672768K, used 672752K [0x00000007aaa80000, 0x00000007e0e80000, 0x0000000800000000)
  eden space 537600K, 100% used [0x00000007aaa80000,0x00000007cb780000,0x00000007cb780000)
  from space 135168K, 99% used [0x00000007d5380000,0x00000007dd77c388,0x00000007dd780000)
  to   space 159744K, 0% used [0x00000007cb780000,0x00000007cb780000,0x00000007d5380000)
 ParOldGen       total 294400K, used 201341K [0x0000000700000000, 0x0000000711f80000, 0x00000007aaa80000)
  object space 294400K, 68% used [0x0000000700000000,0x000000070c49f690,0x0000000711f80000)
 PSPermGen       total 21504K, used 6226K [0x00000006f5a00000, 0x00000006f6f00000, 0x0000000700000000)
  object space 21504K, 28% used [0x00000006f5a00000,0x00000006f60148a8,0x00000006f6f00000)
Event: 17.484 GC heap after
Heap after GC invocations=15 (full 2):
 PSYoungGen      total 697344K, used 159714K [0x00000007aaa80000, 0x00000007eda80000, 0x0000000800000000)
  eden space 537600K, 0% used [0x00000007aaa80000,0x00000007aaa80000,0x00000007cb780000)
  from space 159744K, 99% used [0x00000007cb780000,0x00000007d5378810,0x00000007d5380000)
  to   space 209408K, 0% used [0x00000007e0e00000,0x00000007e0e00000,0x00000007eda80000)
 ParOldGen       total 294400K, used 263301K [0x0000000700000000, 0x0000000711f80000, 0x00000007aaa80000)
  object space 294400K, 89% used [0x0000000700000000,0x00000007101216a0,0x0000000711f80000)
 PSPermGen       total 21504K, used 6226K [0x00000006f5a00000, 0x00000006f6f00000, 0x0000000700000000)
  object space 21504K, 28% used [0x00000006f5a00000,0x00000006f60148a8,0x00000006f6f00000)
}
Event: 17.484 GC heap before
{Heap before GC invocations=16 (full 3):
 PSYoungGen      total 697344K, used 159714K [0x00000007aaa80000, 0x00000007eda80000, 0x0000000800000000)
  eden space 537600K, 0% used [0x00000007aaa80000,0x00000007aaa80000,0x00000007cb780000)
  from space 159744K, 99% used [0x00000007cb780000,0x00000007d5378810,0x00000007d5380000)
  to   space 209408K, 0% used [0x00000007e0e00000,0x00000007e0e00000,0x00000007eda80000)
 ParOldGen       total 294400K, used 263301K [0x0000000700000000, 0x0000000711f80000, 0x00000007aaa80000)
  object space 294400K, 89% used [0x0000000700000000,0x00000007101216a0,0x0000000711f80000)
 PSPermGen       total 21504K, used 6226K [0x00000006f5a00000, 0x00000006f6f00000, 0x0000000700000000)
  object space 21504K, 28% used [0x00000006f5a00000,0x00000006f60148a8,0x00000006f6f00000)
Event: 18.841 GC heap after
Heap after GC invocations=16 (full 3):
 PSYoungGen      total 697344K, used 83040K [0x00000007aaa80000, 0x00000007eda80000, 0x0000000800000000)
  eden space 537600K, 0% used [0x00000007aaa80000,0x00000007aaa80000,0x00000007cb780000)
  from space 159744K, 51% used [0x00000007cb780000,0x00000007d08982b0,0x00000007d5380000)
  to   space 209408K, 0% used [0x00000007e0e00000,0x00000007e0e00000,0x00000007eda80000)
 ParOldGen       total 465408K, used 293965K [0x0000000700000000, 0x000000071c680000, 0x00000007aaa80000)
  object space 465408K, 63% used [0x0000000700000000,0x0000000711f135d8,0x000000071c680000)
 PSPermGen       total 21504K, used 6225K [0x00000006f5a00000, 0x00000006f6f00000, 0x0000000700000000)
  object space 21504K, 28% used [0x00000006f5a00000,0x00000006f6014768,0x00000006f6f00000)
}
Event: 20.349 GC heap before
{Heap before GC invocations=17 (full 3):
 PSYoungGen      total 697344K, used 620640K [0x00000007aaa80000, 0x00000007eda80000, 0x0000000800000000)
  eden space 537600K, 100% used [0x00000007aaa80000,0x00000007cb780000,0x00000007cb780000)
  from space 159744K, 51% used [0x00000007cb780000,0x00000007d08982b0,0x00000007d5380000)
  to   space 209408K, 0% used [0x00000007e0e00000,0x00000007e0e00000,0x00000007eda80000)
 ParOldGen       total 465408K, used 293965K [0x0000000700000000, 0x000000071c680000, 0x00000007aaa80000)
  object space 465408K, 63% used [0x0000000700000000,0x0000000711f135d8,0x000000071c680000)
 PSPermGen       total 21504K, used 6275K [0x00000006f5a00000, 0x00000006f6f00000, 0x0000000700000000)
  object space 21504K, 29% used [0x00000006f5a00000,0x00000006f6020e58,0x00000006f6f00000)
Event: 20.746 GC heap after
Heap after GC invocations=17 (full 3):
 PSYoungGen      total 882688K, used 121647K [0x00000007aaa80000, 0x00000007edc00000, 0x0000000800000000)
  eden space 673280K, 0% used [0x00000007aaa80000,0x00000007aaa80000,0x00000007d3c00000)
  from space 209408K, 58% used [0x00000007e0e00000,0x00000007e84cbef0,0x00000007eda80000)
  to   space 212992K, 0% used [0x00000007d3c00000,0x00000007d3c00000,0x00000007e0c00000)
 ParOldGen       total 465408K, used 339663K [0x0000000700000000, 0x000000071c680000, 0x00000007aaa80000)
  object space 465408K, 72% used [0x0000000700000000,0x0000000714bb3f60,0x000000071c680000)
 PSPermGen       total 21504K, used 6275K [0x00000006f5a00000, 0x00000006f6f00000, 0x0000000700000000)
  object space 21504K, 29% used [0x00000006f5a00000,0x00000006f6020e58,0x00000006f6f00000)
}
Event: 22.083 GC heap before
{Heap before GC invocations=18 (full 3):
 PSYoungGen      total 882688K, used 794927K [0x00000007aaa80000, 0x00000007edc00000, 0x0000000800000000)
  eden space 673280K, 100% used [0x00000007aaa80000,0x00000007d3c00000,0x00000007d3c00000)
  from space 209408K, 58% used [0x00000007e0e00000,0x00000007e84cbef0,0x00000007eda80000)
  to   space 212992K, 0% used [0x00000007d3c00000,0x00000007d3c00000,0x00000007e0c00000)
 ParOldGen       total 465408K, used 339663K [0x0000000700000000, 0x000000071c680000, 0x00000007aaa80000)
  object space 465408K, 72% used [0x0000000700000000,0x0000000714bb3f60,0x000000071c680000)
 PSPermGen       total 21504K, used 6281K [0x00000006f5a00000, 0x00000006f6f00000, 0x0000000700000000)
  object space 21504K, 29% used [0x00000006f5a00000,0x00000006f60226f8,0x00000006f6f00000)

Deoptimization events (10 events):
Event: 17.003 Thread 0x00007f837c00b000 Uncommon trap: reason=class_check action=maybe_recompile pc=0x00007f83784aeaa4 method=com.android.dx.ssa.SCCP.replaceConstants()V @ 182
Event: 19.359 Thread 0x00007f837c00b000 Uncommon trap: reason=class_check action=maybe_recompile pc=0x00007f837828fed8 method=com.android.dx.ssa.DomFront.calcDomFronts()V @ 101
Event: 19.361 Thread 0x00007f837c00b000 Uncommon trap: reason=predicate action=maybe_recompile pc=0x00007f837857419c method=com.android.dx.ssa.SsaConverter.placePhiFunctions(Lcom/android/dx/ssa/SsaMethod;Lcom/android/dx/ssa/LocalVariableInfo;I)V @ 274
Event: 19.361 Thread 0x00007f837c00b000 Uncommon trap: reason=predicate action=maybe_recompile pc=0x00007f837846a5f0 method=com.android.dx.ssa.SsaConverter.placePhiFunctions(Lcom/android/dx/ssa/SsaMethod;Lcom/android/dx/ssa/LocalVariableInfo;I)V @ 274
Event: 20.957 Thread 0x00007f837c00b000 Uncommon trap: reason=class_check action=maybe_recompile pc=0x00007f837843afc8 method=com.android.dx.ssa.back.FirstFitLocalCombiningAllocator.findNextUnreservedRopReg(IILcom/android/dx/ssa/back/FirstFitLocalCombiningAllocator$Alignment;)I @ 60
Event: 20.957 Thread 0x00007f837c00b000 Uncommon trap: reason=class_check action=maybe_recompile pc=0x00007f8378535134 method=com.android.dx.ssa.back.FirstFitLocalCombiningAllocator.findNextUnreservedRopReg(IILcom/android/dx/ssa/back/FirstFitLocalCombiningAllocator$Alignment;)I @ 60
Event: 20.957 Thread 0x00007f837c00b000 Uncommon trap: reason=class_check action=maybe_recompile pc=0x00007f8378535134 method=com.android.dx.ssa.back.FirstFitLocalCombiningAllocator.findNextUnreservedRopReg(IILcom/android/dx/ssa/back/FirstFitLocalCombiningAllocator$Alignment;)I @ 60
Event: 20.957 Thread 0x00007f837c00b000 Uncommon trap: reason=class_check action=maybe_recompile pc=0x00007f8378535134 method=com.android.dx.ssa.back.FirstFitLocalCombiningAllocator.findNextUnreservedRopReg(IILcom/android/dx/ssa/back/FirstFitLocalCombiningAllocator$Alignment;)I @ 60
Event: 20.958 Thread 0x00007f837c00b000 Uncommon trap: reason=class_check action=maybe_recompile pc=0x00007f837843afc8 method=com.android.dx.ssa.back.FirstFitLocalCombiningAllocator.findNextUnreservedRopReg(IILcom/android/dx/ssa/back/FirstFitLocalCombiningAllocator$Alignment;)I @ 60
Event: 20.958 Thread 0x00007f837c00b000 Uncommon trap: reason=class_check action=maybe_recompile pc=0x00007f8378430500 method=com.android.dx.ssa.back.FirstFitLocalCombiningAllocator.findNextUnreservedRopReg(IILcom/android/dx/ssa/back/FirstFitLocalCombiningAllocator$Alignment;)I @ 60

Internal exceptions (10 events):
Event: 8.992 Thread 0x00007f837c00b000 Threw 0x00000007b1dbb298 at /build/openjdk-7-yI9zWD/openjdk-7-7u79-2.5.6/build/openjdk/hotspot/src/share/vm/prims/jvm.cpp:1284
Event: 10.193 Thread 0x00007f837c00b000 Threw 0x00000007b641f4f0 at /build/openjdk-7-yI9zWD/openjdk-7-7u79-2.5.6/build/openjdk/hotspot/src/share/vm/prims/jvm.cpp:1284
Event: 10.458 Thread 0x00007f837c00b000 Threw 0x00000007bb8d0800 at /build/openjdk-7-yI9zWD/openjdk-7-7u79-2.5.6/build/openjdk/hotspot/src/share/vm/prims/jvm.cpp:1284
Event: 10.477 Thread 0x00007f837c00b000 Implicit null exception at 0x00007f83783d141d to 0x00007f83783d160d
Event: 10.477 Thread 0x00007f837c00b000 Implicit null exception at 0x00007f837833b929 to 0x00007f837833bafd
Event: 10.479 Thread 0x00007f837c00b000 Implicit null exception at 0x00007f837833aef5 to 0x00007f837833b055
Event: 10.774 Thread 0x00007f837c00b000 Threw 0x00000007c09b0538 at /build/openjdk-7-yI9zWD/openjdk-7-7u79-2.5.6/build/openjdk/hotspot/src/share/vm/prims/jvm.cpp:1284
Event: 10.788 Thread 0x00007f837c00b000 Threw 0x00000007c0a90850 at /build/openjdk-7-yI9zWD/openjdk-7-7u79-2.5.6/build/openjdk/hotspot/src/share/vm/prims/jvm.cpp:1284
Event: 16.649 Thread 0x00007f837c00b000 Implicit null exception at 0x00007f8378561bd2 to 0x00007f8378561dad
Event: 16.650 Thread 0x00007f837c00b000 Implicit null exception at 0x00007f83782e627e to 0x00007f83782e643d

Events (10 events):
Event: 20.981 Thread 0x00007f837c1c8800 flushing nmethod 0x00007f837831ef90
Event: 20.981 Thread 0x00007f837c1c8800 flushing nmethod 0x00007f8378324bd0
Event: 20.981 Thread 0x00007f837c1c8800 flushing nmethod 0x00007f83783267d0
Event: 20.981 Thread 0x00007f837c1c8800 flushing nmethod 0x00007f8378333910
Event: 20.998 Thread 0x00007f837c1c6800 flushing nmethod 0x00007f8378339c50
Event: 20.998 Thread 0x00007f837c1c6800 flushing nmethod 0x00007f8378344290
Event: 21.025 Thread 0x00007f837c1c8800 flushing nmethod 0x00007f837837c850
Event: 21.044 Thread 0x00007f837c1c6800 flushing nmethod 0x00007f83783cbd10
Event: 21.111 Thread 0x00007f837c1c8800 flushing nmethod 0x00007f83784a3490
Event: 22.083 Executing VM operation: ParallelGCFailedAllocation


Dynamic libraries:
00400000-00401000 r-xp 00000000 08:01 20712222                           /usr/lib/jvm/java-7-openjdk-amd64/jre/bin/java
00600000-00601000 r--p 00000000 08:01 20712222                           /usr/lib/jvm/java-7-openjdk-amd64/jre/bin/java
00601000-00602000 rw-p 00001000 08:01 20712222                           /usr/lib/jvm/java-7-openjdk-amd64/jre/bin/java
016ae000-016cf000 rw-p 00000000 00:00 0                                  [heap]
6f5a00000-6f6f00000 rw-p 00000000 00:00 0 
6f6f00000-700000000 rw-p 00000000 00:00 0 
700000000-71c680000 rw-p 00000000 00:00 0 
71c680000-7aaa80000 rw-p 00000000 00:00 0 
7aaa80000-7edc00000 rw-p 00000000 00:00 0 
7fc980000-800000000 rw-p 00000000 00:00 0 
7f8334000000-7f8334021000 rw-p 00000000 00:00 0 
7f8334021000-7f8338000000 ---p 00000000 00:00 0 
7f833c000000-7f833d8f1000 rw-p 00000000 00:00 0 
7f833d8f1000-7f8340000000 ---p 00000000 00:00 0 
7f8340000000-7f8340021000 rw-p 00000000 00:00 0 
7f8340021000-7f8344000000 ---p 00000000 00:00 0 
7f8344000000-7f8344021000 rw-p 00000000 00:00 0 
7f8344021000-7f8348000000 ---p 00000000 00:00 0 
7f8348000000-7f834945b000 rw-p 00000000 00:00 0 
7f834945b000-7f834c000000 ---p 00000000 00:00 0 
7f834c000000-7f834c021000 rw-p 00000000 00:00 0 
7f834c021000-7f8350000000 ---p 00000000 00:00 0 
7f8350000000-7f8350021000 rw-p 00000000 00:00 0 
7f8350021000-7f8354000000 ---p 00000000 00:00 0 
7f8354000000-7f835423f000 rw-p 00000000 00:00 0 
7f835423f000-7f8358000000 ---p 00000000 00:00 0 
7f8359a35000-7f8359d36000 rw-p 00000000 00:00 0 
7f8359d36000-7f8359da2000 r-xp 00000000 08:01 22020192                   /lib/x86_64-linux-gnu/libpcre.so.3.13.1
7f8359da2000-7f8359fa1000 ---p 0006c000 08:01 22020192                   /lib/x86_64-linux-gnu/libpcre.so.3.13.1
7f8359fa1000-7f8359fa2000 r--p 0006b000 08:01 22020192                   /lib/x86_64-linux-gnu/libpcre.so.3.13.1
7f8359fa2000-7f8359fa3000 rw-p 0006c000 08:01 22020192                   /lib/x86_64-linux-gnu/libpcre.so.3.13.1
7f8359fa3000-7f8359faa000 r-xp 00000000 08:01 20455638                   /usr/lib/x86_64-linux-gnu/libffi.so.6.0.4
7f8359faa000-7f835a1a9000 ---p 00007000 08:01 20455638                   /usr/lib/x86_64-linux-gnu/libffi.so.6.0.4
7f835a1a9000-7f835a1aa000 r--p 00006000 08:01 20455638                   /usr/lib/x86_64-linux-gnu/libffi.so.6.0.4
7f835a1aa000-7f835a1ab000 rw-p 00007000 08:01 20455638                   /usr/lib/x86_64-linux-gnu/libffi.so.6.0.4
7f835a1ab000-7f835a1c2000 r-xp 00000000 08:01 22024473                   /lib/x86_64-linux-gnu/libresolv-2.21.so
7f835a1c2000-7f835a3c2000 ---p 00017000 08:01 22024473                   /lib/x86_64-linux-gnu/libresolv-2.21.so
7f835a3c2000-7f835a3c4000 r--p 00017000 08:01 22024473                   /lib/x86_64-linux-gnu/libresolv-2.21.so
7f835a3c4000-7f835a3c5000 rw-p 00019000 08:01 22024473                   /lib/x86_64-linux-gnu/libresolv-2.21.so
7f835a3c5000-7f835a3c7000 rw-p 00000000 00:00 0 
7f835a3c7000-7f835a3e8000 r-xp 00000000 08:01 22024477                   /lib/x86_64-linux-gnu/libselinux.so.1
7f835a3e8000-7f835a5e7000 ---p 00021000 08:01 22024477                   /lib/x86_64-linux-gnu/libselinux.so.1
7f835a5e7000-7f835a5e8000 r--p 00020000 08:01 22024477                   /lib/x86_64-linux-gnu/libselinux.so.1
7f835a5e8000-7f835a5e9000 rw-p 00021000 08:01 22024477                   /lib/x86_64-linux-gnu/libselinux.so.1
7f835a5e9000-7f835a5eb000 rw-p 00000000 00:00 0 
7f835a5eb000-7f835a5ee000 r-xp 00000000 08:01 20447655                   /usr/lib/x86_64-linux-gnu/libgmodule-2.0.so.0.4400.1
7f835a5ee000-7f835a7ed000 ---p 00003000 08:01 20447655                   /usr/lib/x86_64-linux-gnu/libgmodule-2.0.so.0.4400.1
7f835a7ed000-7f835a7ee000 r--p 00002000 08:01 20447655                   /usr/lib/x86_64-linux-gnu/libgmodule-2.0.so.0.4400.1
7f835a7ee000-7f835a7ef000 rw-p 00003000 08:01 20447655                   /usr/lib/x86_64-linux-gnu/libgmodule-2.0.so.0.4400.1
7f835a7ef000-7f835a8fc000 r-xp 00000000 08:01 22024241                   /lib/x86_64-linux-gnu/libglib-2.0.so.0.4400.1
7f835a8fc000-7f835aafb000 ---p 0010d000 08:01 22024241                   /lib/x86_64-linux-gnu/libglib-2.0.so.0.4400.1
7f835aafb000-7f835aafc000 r--p 0010c000 08:01 22024241                   /lib/x86_64-linux-gnu/libglib-2.0.so.0.4400.1
7f835aafc000-7f835aafd000 rw-p 0010d000 08:01 22024241                   /lib/x86_64-linux-gnu/libglib-2.0.so.0.4400.1
7f835aafd000-7f835aafe000 rw-p 00000000 00:00 0 
7f835aafe000-7f835ab4e000 r-xp 00000000 08:01 20447615                   /usr/lib/x86_64-linux-gnu/libgobject-2.0.so.0.4400.1
7f835ab4e000-7f835ad4e000 ---p 00050000 08:01 20447615                   /usr/lib/x86_64-linux-gnu/libgobject-2.0.so.0.4400.1
7f835ad4e000-7f835ad4f000 r--p 00050000 08:01 20447615                   /usr/lib/x86_64-linux-gnu/libgobject-2.0.so.0.4400.1
7f835ad4f000-7f835ad50000 rw-p 00051000 08:01 20447615                   /usr/lib/x86_64-linux-gnu/libgobject-2.0.so.0.4400.1
7f835ad50000-7f835aec8000 r-xp 00000000 08:01 20447637                   /usr/lib/x86_64-linux-gnu/libgio-2.0.so.0.4400.1
7f835aec8000-7f835b0c8000 ---p 00178000 08:01 20447637                   /usr/lib/x86_64-linux-gnu/libgio-2.0.so.0.4400.1
7f835b0c8000-7f835b0cc000 r--p 00178000 08:01 20447637                   /usr/lib/x86_64-linux-gnu/libgio-2.0.so.0.4400.1
7f835b0cc000-7f835b0ce000 rw-p 0017c000 08:01 20447637                   /usr/lib/x86_64-linux-gnu/libgio-2.0.so.0.4400.1
7f835b0ce000-7f835b0d0000 rw-p 00000000 00:00 0 
7f835b0d0000-7f835b0e7000 r-xp 00000000 08:01 20587083                   /usr/lib/jvm/java-7-openjdk-amd64/jre/lib/amd64/libnet.so
7f835b0e7000-7f835b2e6000 ---p 00017000 08:01 20587083                   /usr/lib/jvm/java-7-openjdk-amd64/jre/lib/amd64/libnet.so
7f835b2e6000-7f835b2e7000 r--p 00016000 08:01 20587083                   /usr/lib/jvm/java-7-openjdk-amd64/jre/lib/amd64/libnet.so
7f835b2e7000-7f835b2e8000 rw-p 00017000 08:01 20587083                   /usr/lib/jvm/java-7-openjdk-amd64/jre/lib/amd64/libnet.so
7f835b2e8000-7f835b2f9000 r-xp 00000000 08:01 20587088                   /usr/lib/jvm/java-7-openjdk-amd64/jre/lib/amd64/libnio.so
7f835b2f9000-7f835b4f8000 ---p 00011000 08:01 20587088                   /usr/lib/jvm/java-7-openjdk-amd64/jre/lib/amd64/libnio.so
7f835b4f8000-7f835b4f9000 r--p 00010000 08:01 20587088                   /usr/lib/jvm/java-7-openjdk-amd64/jre/lib/amd64/libnio.so
7f835b4f9000-7f835b4fa000 rw-p 00011000 08:01 20587088                   /usr/lib/jvm/java-7-openjdk-amd64/jre/lib/amd64/libnio.so
7f835b4fa000-7f835b5c7000 r--s 00938000 08:01 29231421                   /home/sharan/AndroidStudioProjects/Muser/muser/build/intermediates/multi-dex/debug/allclasses.jar
7f835b5c7000-7f835b5c8000 ---p 00000000 00:00 0 
7f835b5c8000-7f835b6c8000 rw-p 00000000 00:00 0                          [stack:11237]
7f835b6c8000-7f835b6cb000 ---p 00000000 00:00 0 
7f835b6cb000-7f835b7c9000 rw-p 00000000 00:00 0                          [stack:11236]
7f835b7c9000-7f835b7cc000 ---p 00000000 00:00 0 
7f835b7cc000-7f835b8ca000 rw-p 00000000 00:00 0                          [stack:11235]
7f835b8ca000-7f835b8cf000 r-xp 00000000 08:01 20455330                   /usr/lib/x86_64-linux-gnu/libXdmcp.so.6.0.0
7f835b8cf000-7f835bace000 ---p 00005000 08:01 20455330                   /usr/lib/x86_64-linux-gnu/libXdmcp.so.6.0.0
7f835bace000-7f835bacf000 r--p 00004000 08:01 20455330                   /usr/lib/x86_64-linux-gnu/libXdmcp.so.6.0.0
7f835bacf000-7f835bad0000 rw-p 00005000 08:01 20455330                   /usr/lib/x86_64-linux-gnu/libXdmcp.so.6.0.0
7f835bad0000-7f8364000000 rw-p 00000000 00:00 0 
7f8364000000-7f8364021000 rw-p 00000000 00:00 0 
7f8364021000-7f8368000000 ---p 00000000 00:00 0 
7f8368000000-7f8368021000 rw-p 00000000 00:00 0 
7f8368021000-7f836c000000 ---p 00000000 00:00 0 
7f836c000000-7f836c025000 rw-p 00000000 00:00 0 
7f836c025000-7f8370000000 ---p 00000000 00:00 0 
7f8370000000-7f8370021000 rw-p 00000000 00:00 0 
7f8370021000-7f8374000000 ---p 00000000 00:00 0 
7f837400c000-7f837400f000 ---p 00000000 00:00 0 
7f837400f000-7f837410d000 rw-p 00000000 00:00 0                          [stack:11234]
7f837410d000-7f837410f000 r-xp 00000000 08:01 20455319                   /usr/lib/x86_64-linux-gnu/libXau.so.6.0.0
7f837410f000-7f837430f000 ---p 00002000 08:01 20455319                   /usr/lib/x86_64-linux-gnu/libXau.so.6.0.0
7f837430f000-7f8374310000 r--p 00002000 08:01 20455319                   /usr/lib/x86_64-linux-gnu/libXau.so.6.0.0
7f8374310000-7f8374311000 rw-p 00003000 08:01 20455319                   /usr/lib/x86_64-linux-gnu/libXau.so.6.0.0
7f8374311000-7f837432e000 r-xp 00000000 08:01 20456517                   /usr/lib/x86_64-linux-gnu/libxcb.so.1.1.0
7f837432e000-7f837452e000 ---p 0001d000 08:01 20456517                   /usr/lib/x86_64-linux-gnu/libxcb.so.1.1.0
7f837452e000-7f837452f000 r--p 0001d000 08:01 20456517                   /usr/lib/x86_64-linux-gnu/libxcb.so.1.1.0
7f837452f000-7f8374530000 rw-p 0001e000 08:01 20456517                   /usr/lib/x86_64-linux-gnu/libxcb.so.1.1.0
7f8374530000-7f8374663000 r-xp 00000000 08:01 20455315                   /usr/lib/x86_64-linux-gnu/libX11.so.6.3.0
7f8374663000-7f8374863000 ---p 00133000 08:01 20455315                   /usr/lib/x86_64-linux-gnu/libX11.so.6.3.0
7f8374863000-7f8374864000 r--p 00133000 08:01 20455315                   /usr/lib/x86_64-linux-gnu/libX11.so.6.3.0
7f8374864000-7f8374868000 rw-p 00134000 08:01 20455315                   /usr/lib/x86_64-linux-gnu/libX11.so.6.3.0
7f8374868000-7f8374869000 rw-p 00000000 00:00 0 
7f8374869000-7f837486b000 r-xp 00000000 08:01 20452766                   /usr/lib/jayatana/libjayatanaag.so
7f837486b000-7f8374a6a000 ---p 00002000 08:01 20452766                   /usr/lib/jayatana/libjayatanaag.so
7f8374a6a000-7f8374a6b000 r--p 00001000 08:01 20452766                   /usr/lib/jayatana/libjayatanaag.so
7f8374a6b000-7f8374a6c000 rw-p 00002000 08:01 20452766                   /usr/lib/jayatana/libjayatanaag.so
7f8374a6c000-7f8374a6f000 ---p 00000000 00:00 0 
7f8374a6f000-7f8374b6d000 rw-p 00000000 00:00 0                          [stack:11233]
7f8374b6d000-7f837524f000 r--p 00000000 08:01 20454393                   /usr/lib/locale/locale-archive
7f837524f000-7f8375252000 ---p 00000000 00:00 0 
7f8375252000-7f8375350000 rw-p 00000000 00:00 0                          [stack:11232]
7f8375350000-7f8375353000 ---p 00000000 00:00 0 
7f8375353000-7f8375451000 rw-p 00000000 00:00 0                          [stack:11231]
7f8375451000-7f8375452000 ---p 00000000 00:00 0 
7f8375452000-7f83764aa000 rw-p 00000000 00:00 0                          [stack:11230]
7f83764aa000-7f837665b000 r--s 01d29000 08:01 20587021                   /usr/lib/jvm/java-7-openjdk-amd64/jre/lib/rt.jar
7f837665b000-7f8376fd3000 rw-p 00000000 00:00 0 
7f8376fd3000-7f8376fd4000 ---p 00000000 00:00 0 
7f8376fd4000-7f83770d4000 rw-p 00000000 00:00 0                          [stack:11229]
7f83770d4000-7f83770d5000 ---p 00000000 00:00 0 
7f83770d5000-7f83771d5000 rw-p 00000000 00:00 0                          [stack:11228]
7f83771d5000-7f83771d6000 ---p 00000000 00:00 0 
7f83771d6000-7f83772d6000 rw-p 00000000 00:00 0                          [stack:11227]
7f83772d6000-7f83772d7000 ---p 00000000 00:00 0 
7f83772d7000-7f83774bb000 rw-p 00000000 00:00 0                          [stack:11226]
7f83774bb000-7f837792d000 rw-p 00000000 00:00 0 
7f837792d000-7f8377938000 rw-p 00000000 00:00 0 
7f8377938000-7f8377980000 rw-p 00000000 00:00 0 
7f8377980000-7f8377a64000 rw-p 00000000 00:00 0 
7f8377a64000-7f8377ed5000 rw-p 00000000 00:00 0 
7f8377ed5000-7f83780ee000 rw-p 00000000 00:00 0 
7f83780ee000-7f8378180000 rw-p 00000000 00:00 0 
7f8378180000-7f8378181000 rw-p 00000000 00:00 0 
7f8378181000-7f8378581000 rwxp 00000000 00:00 0 
7f8378581000-7f837b181000 rw-p 00000000 00:00 0 
7f837b181000-7f837b189000 r-xp 00000000 08:01 20587054                   /usr/lib/jvm/java-7-openjdk-amd64/jre/lib/amd64/libzip.so
7f837b189000-7f837b388000 ---p 00008000 08:01 20587054                   /usr/lib/jvm/java-7-openjdk-amd64/jre/lib/amd64/libzip.so
7f837b388000-7f837b389000 r--p 00007000 08:01 20587054                   /usr/lib/jvm/java-7-openjdk-amd64/jre/lib/amd64/libzip.so
7f837b389000-7f837b38a000 rw-p 00008000 08:01 20587054                   /usr/lib/jvm/java-7-openjdk-amd64/jre/lib/amd64/libzip.so
7f837b38a000-7f837b396000 r-xp 00000000 08:01 22024420                   /lib/x86_64-linux-gnu/libnss_files-2.21.so
7f837b396000-7f837b595000 ---p 0000c000 08:01 22024420                   /lib/x86_64-linux-gnu/libnss_files-2.21.so
7f837b595000-7f837b596000 r--p 0000b000 08:01 22024420                   /lib/x86_64-linux-gnu/libnss_files-2.21.so
7f837b596000-7f837b597000 rw-p 0000c000 08:01 22024420                   /lib/x86_64-linux-gnu/libnss_files-2.21.so
7f837b597000-7f837b5a2000 r-xp 00000000 08:01 22024430                   /lib/x86_64-linux-gnu/libnss_nis-2.21.so
7f837b5a2000-7f837b7a1000 ---p 0000b000 08:01 22024430                   /lib/x86_64-linux-gnu/libnss_nis-2.21.so
7f837b7a1000-7f837b7a2000 r--p 0000a000 08:01 22024430                   /lib/x86_64-linux-gnu/libnss_nis-2.21.so
7f837b7a2000-7f837b7a3000 rw-p 0000b000 08:01 22024430                   /lib/x86_64-linux-gnu/libnss_nis-2.21.so
7f837b7a3000-7f837b7ba000 r-xp 00000000 08:01 22024414                   /lib/x86_64-linux-gnu/libnsl-2.21.so
7f837b7ba000-7f837b9b9000 ---p 00017000 08:01 22024414                   /lib/x86_64-linux-gnu/libnsl-2.21.so
7f837b9b9000-7f837b9ba000 r--p 00016000 08:01 22024414                   /lib/x86_64-linux-gnu/libnsl-2.21.so
7f837b9ba000-7f837b9bb000 rw-p 00017000 08:01 22024414                   /lib/x86_64-linux-gnu/libnsl-2.21.so
7f837b9bb000-7f837b9bd000 rw-p 00000000 00:00 0 
7f837b9bd000-7f837b9c5000 r-xp 00000000 08:01 22024416                   /lib/x86_64-linux-gnu/libnss_compat-2.21.so
7f837b9c5000-7f837bbc4000 ---p 00008000 08:01 22024416                   /lib/x86_64-linux-gnu/libnss_compat-2.21.so
7f837bbc4000-7f837bbc5000 r--p 00007000 08:01 22024416                   /lib/x86_64-linux-gnu/libnss_compat-2.21.so
7f837bbc5000-7f837bbc6000 rw-p 00008000 08:01 22024416                   /lib/x86_64-linux-gnu/libnss_compat-2.21.so
7f837bbc6000-7f837bbd0000 r-xp 00000000 08:01 20587084                   /usr/lib/jvm/java-7-openjdk-amd64/jre/lib/amd64/libinstrument.so
7f837bbd0000-7f837bdcf000 ---p 0000a000 08:01 20587084                   /usr/lib/jvm/java-7-openjdk-amd64/jre/lib/amd64/libinstrument.so
7f837bdcf000-7f837bdd0000 r--p 00009000 08:01 20587084                   /usr/lib/jvm/java-7-openjdk-amd64/jre/lib/amd64/libinstrument.so
7f837bdd0000-7f837bdd1000 rw-p 0000a000 08:01 20587084                   /usr/lib/jvm/java-7-openjdk-amd64/jre/lib/amd64/libinstrument.so
7f837bdd1000-7f837bdfe000 r-xp 00000000 08:01 20587091                   /usr/lib/jvm/java-7-openjdk-amd64/jre/lib/amd64/libjava.so
7f837bdfe000-7f837bffd000 ---p 0002d000 08:01 20587091                   /usr/lib/jvm/java-7-openjdk-amd64/jre/lib/amd64/libjava.so
7f837bffd000-7f837bffe000 r--p 0002c000 08:01 20587091                   /usr/lib/jvm/java-7-openjdk-amd64/jre/lib/amd64/libjava.so
7f837bffe000-7f837c000000 rw-p 0002d000 08:01 20587091                   /usr/lib/jvm/java-7-openjdk-amd64/jre/lib/amd64/libjava.so
7f837c000000-7f837c415000 rw-p 00000000 00:00 0 
7f837c415000-7f8380000000 ---p 00000000 00:00 0 
7f8380028000-7f8380033000 rw-p 00000000 00:00 0 
7f8380033000-7f838007b000 rw-p 00000000 00:00 0 
7f838007b000-7f838008a000 r-xp 00000000 08:01 20587072                   /usr/lib/jvm/java-7-openjdk-amd64/jre/lib/amd64/libverify.so
7f838008a000-7f8380289000 ---p 0000f000 08:01 20587072                   /usr/lib/jvm/java-7-openjdk-amd64/jre/lib/amd64/libverify.so
7f8380289000-7f838028c000 r--p 0000e000 08:01 20587072                   /usr/lib/jvm/java-7-openjdk-amd64/jre/lib/amd64/libverify.so
7f838028c000-7f838028d000 rw-p 00011000 08:01 20587072                   /usr/lib/jvm/java-7-openjdk-amd64/jre/lib/amd64/libverify.so
7f838028d000-7f8380294000 r-xp 00000000 08:01 22024475                   /lib/x86_64-linux-gnu/librt-2.21.so
7f8380294000-7f8380493000 ---p 00007000 08:01 22024475                   /lib/x86_64-linux-gnu/librt-2.21.so
7f8380493000-7f8380494000 r--p 00006000 08:01 22024475                   /lib/x86_64-linux-gnu/librt-2.21.so
7f8380494000-7f8380495000 rw-p 00007000 08:01 22024475                   /lib/x86_64-linux-gnu/librt-2.21.so
7f8380495000-7f83804ab000 r-xp 00000000 08:01 22024363                   /lib/x86_64-linux-gnu/libgcc_s.so.1
7f83804ab000-7f83806aa000 ---p 00016000 08:01 22024363                   /lib/x86_64-linux-gnu/libgcc_s.so.1
7f83806aa000-7f83806ab000 rw-p 00015000 08:01 22024363                   /lib/x86_64-linux-gnu/libgcc_s.so.1
7f83806ab000-7f83807b2000 r-xp 00000000 08:01 22024393                   /lib/x86_64-linux-gnu/libm-2.21.so
7f83807b2000-7f83809b1000 ---p 00107000 08:01 22024393                   /lib/x86_64-linux-gnu/libm-2.21.so
7f83809b1000-7f83809b2000 r--p 00106000 08:01 22024393                   /lib/x86_64-linux-gnu/libm-2.21.so
7f83809b2000-7f83809b3000 rw-p 00107000 08:01 22024393                   /lib/x86_64-linux-gnu/libm-2.21.so
7f83809b3000-7f8380aa3000 r-xp 00000000 08:01 20456311                   /usr/lib/x86_64-linux-gnu/libstdc++.so.6.0.20
7f8380aa3000-7f8380ca3000 ---p 000f0000 08:01 20456311                   /usr/lib/x86_64-linux-gnu/libstdc++.so.6.0.20
7f8380ca3000-7f8380cab000 r--p 000f0000 08:01 20456311                   /usr/lib/x86_64-linux-gnu/libstdc++.so.6.0.20
7f8380cab000-7f8380cad000 rw-p 000f8000 08:01 20456311                   /usr/lib/x86_64-linux-gnu/libstdc++.so.6.0.20
7f8380cad000-7f8380cc2000 rw-p 00000000 00:00 0 
7f8380cc2000-7f838181a000 r-xp 00000000 08:01 20587060                   /usr/lib/jvm/java-7-openjdk-amd64/jre/lib/amd64/server/libjvm.so
7f838181a000-7f8381a19000 ---p 00b58000 08:01 20587060                   /usr/lib/jvm/java-7-openjdk-amd64/jre/lib/amd64/server/libjvm.so
7f8381a19000-7f8381ab8000 r--p 00b57000 08:01 20587060                   /usr/lib/jvm/java-7-openjdk-amd64/jre/lib/amd64/server/libjvm.so
7f8381ab8000-7f8381adb000 rw-p 00bf6000 08:01 20587060                   /usr/lib/jvm/java-7-openjdk-amd64/jre/lib/amd64/server/libjvm.so
7f8381adb000-7f8381b08000 rw-p 00000000 00:00 0 
7f8381b08000-7f8381b21000 r-xp 00000000 08:01 22024508                   /lib/x86_64-linux-gnu/libz.so.1.2.8
7f8381b21000-7f8381d21000 ---p 00019000 08:01 22024508                   /lib/x86_64-linux-gnu/libz.so.1.2.8
7f8381d21000-7f8381d22000 r--p 00019000 08:01 22024508                   /lib/x86_64-linux-gnu/libz.so.1.2.8
7f8381d22000-7f8381d23000 rw-p 0001a000 08:01 22024508                   /lib/x86_64-linux-gnu/libz.so.1.2.8
7f8381d23000-7f8381d3b000 r-xp 00000000 08:01 22024467                   /lib/x86_64-linux-gnu/libpthread-2.21.so
7f8381d3b000-7f8381f3b000 ---p 00018000 08:01 22024467                   /lib/x86_64-linux-gnu/libpthread-2.21.so
7f8381f3b000-7f8381f3c000 r--p 00018000 08:01 22024467                   /lib/x86_64-linux-gnu/libpthread-2.21.so
7f8381f3c000-7f8381f3d000 rw-p 00019000 08:01 22024467                   /lib/x86_64-linux-gnu/libpthread-2.21.so
7f8381f3d000-7f8381f41000 rw-p 00000000 00:00 0 
7f8381f41000-7f8381f44000 r-xp 00000000 08:01 22024351                   /lib/x86_64-linux-gnu/libdl-2.21.so
7f8381f44000-7f8382143000 ---p 00003000 08:01 22024351                   /lib/x86_64-linux-gnu/libdl-2.21.so
7f8382143000-7f8382144000 r--p 00002000 08:01 22024351                   /lib/x86_64-linux-gnu/libdl-2.21.so
7f8382144000-7f8382145000 rw-p 00003000 08:01 22024351                   /lib/x86_64-linux-gnu/libdl-2.21.so
7f8382145000-7f8382305000 r-xp 00000000 08:01 22024334                   /lib/x86_64-linux-gnu/libc-2.21.so
7f8382305000-7f8382505000 ---p 001c0000 08:01 22024334                   /lib/x86_64-linux-gnu/libc-2.21.so
7f8382505000-7f8382509000 r--p 001c0000 08:01 22024334                   /lib/x86_64-linux-gnu/libc-2.21.so
7f8382509000-7f838250b000 rw-p 001c4000 08:01 22024334                   /lib/x86_64-linux-gnu/libc-2.21.so
7f838250b000-7f838250f000 rw-p 00000000 00:00 0 
7f838250f000-7f838251c000 r-xp 00000000 08:01 20587057                   /usr/lib/jvm/java-7-openjdk-amd64/jre/lib/amd64/jli/libjli.so
7f838251c000-7f838271b000 ---p 0000d000 08:01 20587057                   /usr/lib/jvm/java-7-openjdk-amd64/jre/lib/amd64/jli/libjli.so
7f838271b000-7f838271c000 r--p 0000c000 08:01 20587057                   /usr/lib/jvm/java-7-openjdk-amd64/jre/lib/amd64/jli/libjli.so
7f838271c000-7f838271d000 rw-p 0000d000 08:01 20587057                   /usr/lib/jvm/java-7-openjdk-amd64/jre/lib/amd64/jli/libjli.so
7f838271d000-7f8382741000 r-xp 00000000 08:01 22024306                   /lib/x86_64-linux-gnu/ld-2.21.so
7f8382749000-7f838274a000 rw-p 00000000 00:00 0 
7f838274a000-7f8382759000 r--s 000dd000 08:01 21636737                   /home/sharan/Android/Sdk/build-tools/21.1.2/lib/dx.jar
7f8382759000-7f8382769000 rw-p 00000000 00:00 0 
7f8382769000-7f8382819000 rw-p 00000000 00:00 0 
7f8382819000-7f838281c000 ---p 00000000 00:00 0 
7f838281c000-7f838291f000 rw-p 00000000 00:00 0                          [stack:11225]
7f838291f000-7f8382920000 r--s 00000000 08:01 20979860                   /usr/share/java/jayatanaag.jar
7f8382920000-7f8382924000 r--s 00034000 08:01 20587040                   /usr/lib/jvm/java-7-openjdk-amd64/jre/lib/ext/sunjce_provider.jar
7f8382924000-7f8382928000 r--s 0003c000 08:01 20587041                   /usr/lib/jvm/java-7-openjdk-amd64/jre/lib/ext/sunpkcs11.jar
7f8382928000-7f838292b000 r--s 0000f000 08:01 20587042                   /usr/lib/jvm/java-7-openjdk-amd64/jre/lib/ext/icedtea-sound.jar
7f838292b000-7f838292f000 r--s 00085000 08:01 20587038                   /usr/lib/jvm/java-7-openjdk-amd64/jre/lib/ext/localedata.jar
7f838292f000-7f8382931000 r--s 00012000 08:01 20587043                   /usr/lib/jvm/java-7-openjdk-amd64/jre/lib/ext/zipfs.jar
7f8382931000-7f8382933000 r--s 00006000 08:01 20971724                   /usr/share/java/java-atk-wrapper.jar
7f8382933000-7f8382934000 r--s 00002000 08:01 20587039                   /usr/lib/jvm/java-7-openjdk-amd64/jre/lib/ext/dnsns.jar
7f8382934000-7f838293c000 rw-s 00000000 08:01 3016097                    /tmp/hsperfdata_sharan/11220
7f838293c000-7f838293d000 rw-p 00000000 00:00 0 
7f838293d000-7f838293e000 ---p 00000000 00:00 0 
7f838293e000-7f8382940000 rw-p 00000000 00:00 0 
7f8382940000-7f8382941000 r--p 00023000 08:01 22024306                   /lib/x86_64-linux-gnu/ld-2.21.so
7f8382941000-7f8382942000 rw-p 00024000 08:01 22024306                   /lib/x86_64-linux-gnu/ld-2.21.so
7f8382942000-7f8382943000 rw-p 00000000 00:00 0 
7ffe92e2c000-7ffe92e4d000 rw-p 00000000 00:00 0                          [stack]
7ffe92ee7000-7ffe92ee9000 r--p 00000000 00:00 0                          [vvar]
7ffe92ee9000-7ffe92eeb000 r-xp 00000000 00:00 0                          [vdso]
ffffffffff600000-ffffffffff601000 r-xp 00000000 00:00 0                  [vsyscall]

VM Arguments:
jvm_args: -javaagent:/usr/share/java/jayatanaag.jar -Xmx4g -Dfile.encoding=UTF-8 -Duser.country=IN -Duser.language=en -Duser.variant 
java_command: com.android.dx.command.Main --dex --force-jumbo --multi-dex --main-dex-list /home/sharan/AndroidStudioProjects/Muser/muser/build/intermediates/multi-dex/debug/maindexlist.txt --output /home/sharan/AndroidStudioProjects/Muser/muser/build/intermediates/dex/debug /home/sharan/AndroidStudioProjects/Muser/muser/build/intermediates/multi-dex/debug/allclasses.jar
Launcher Type: SUN_STANDARD

Environment Variables:
JAVA_HOME=/usr/lib/jvm/java-8-oracle
JAVA_TOOL_OPTIONS=-javaagent:/usr/share/java/jayatanaag.jar 
PATH=/usr/local/sbin:/usr/local/bin:/usr/sbin:/usr/bin:/sbin:/bin:/usr/games:/usr/local/games:/usr/lib/jvm/java-8-oracle/bin:/usr/lib/jvm/java-8-oracle/db/bin:/usr/lib/jvm/java-8-oracle/jre/bin
LD_LIBRARY_PATH=/opt/android-studio/bin:
SHELL=/bin/bash
DISPLAY=:0

Signal Handlers:
SIGSEGV: [libjvm.so+0x98ac50], sa_mask[0]=0x7ffbfeff, sa_flags=0x10000004
SIGBUS: [libjvm.so+0x98ac50], sa_mask[0]=0x7ffbfeff, sa_flags=0x10000004
SIGFPE: [libjvm.so+0x7f8ab0], sa_mask[0]=0x7ffbfeff, sa_flags=0x10000004
SIGPIPE: [libjvm.so+0x7f8ab0], sa_mask[0]=0x7ffbfeff, sa_flags=0x10000004
SIGXFSZ: [libjvm.so+0x7f8ab0], sa_mask[0]=0x7ffbfeff, sa_flags=0x10000004
SIGILL: [libjvm.so+0x7f8ab0], sa_mask[0]=0x7ffbfeff, sa_flags=0x10000004
SIGUSR1: SIG_DFL, sa_mask[0]=0x00000000, sa_flags=0x00000000
SIGUSR2: [libjvm.so+0x7f8930], sa_mask[0]=0x00000004, sa_flags=0x10000004
SIGHUP: [libjvm.so+0x7f8b30], sa_mask[0]=0x7ffbfeff, sa_flags=0x10000004
SIGINT: [libjvm.so+0x7f8b30], sa_mask[0]=0x7ffbfeff, sa_flags=0x10000004
SIGTERM: [libjvm.so+0x7f8b30], sa_mask[0]=0x7ffbfeff, sa_flags=0x10000004
SIGQUIT: [libjvm.so+0x7f8b30], sa_mask[0]=0x7ffbfeff, sa_flags=0x10000004
SIGTRAP: SIG_DFL, sa_mask[0]=0x00000000, sa_flags=0x00000000


---------------  S Y S T E M  ---------------

OS:Ubuntu 15.04 (vivid)
uname:Linux 3.19.0-26-generic #28-Ubuntu SMP Tue Aug 11 14:16:32 UTC 2015 x86_64
libc:glibc 2.21 NPTL 2.21 
rlimit: STACK 8192k, CORE 0k, NPROC 31366, NOFILE 65536, AS infinity
load average:2.57 1.98 1.85

/proc/meminfo:
MemTotal:        8052020 kB
MemFree:          140788 kB
MemAvailable:     177384 kB
Buffers:            3068 kB
Cached:          1273044 kB
SwapCached:            0 kB
Active:          6584076 kB
Inactive:        1131672 kB
Active(anon):    6490868 kB
Inactive(anon):  1042208 kB
Active(file):      93208 kB
Inactive(file):    89464 kB
Unevictable:          32 kB
Mlocked:              32 kB
SwapTotal:             0 kB
SwapFree:              0 kB
Dirty:             14364 kB
Writeback:             0 kB
AnonPages:       6439920 kB
Mapped:           663228 kB
Shmem:           1093228 kB
Slab:              87696 kB
SReclaimable:      45732 kB
SUnreclaim:        41964 kB
KernelStack:       12592 kB
PageTables:        53468 kB
NFS_Unstable:          0 kB
Bounce:                0 kB
WritebackTmp:          0 kB
CommitLimit:     4026008 kB
Committed_AS:   17018468 kB
VmallocTotal:   34359738367 kB
VmallocUsed:      358960 kB
VmallocChunk:   34359295376 kB
HardwareCorrupted:     0 kB
AnonHugePages:   3792896 kB
CmaTotal:              0 kB
CmaFree:               0 kB
HugePages_Total:       0
HugePages_Free:        0
HugePages_Rsvd:        0
HugePages_Surp:        0
Hugepagesize:       2048 kB
DirectMap4k:      187452 kB
DirectMap2M:     8077312 kB
DirectMap1G:           0 kB


CPU:total 4 (2 cores per cpu, 2 threads per core) family 6 model 60 stepping 3, cmov, cx8, fxsr, mmx, sse, sse2, sse3, ssse3, sse4.1, sse4.2, popcnt, avx, avx2, aes, erms, ht, tsc, tscinvbit

/proc/cpuinfo:
processor	: 0
vendor_id	: GenuineIntel
cpu family	: 6
model		: 60
model name	: Intel(R) Core(TM) i3-4150 CPU @ 3.50GHz
stepping	: 3
microcode	: 0x12
cpu MHz		: 3500.000
cache size	: 3072 KB
physical id	: 0
siblings	: 4
core id		: 0
cpu cores	: 2
apicid		: 0
initial apicid	: 0
fpu		: yes
fpu_exception	: yes
cpuid level	: 13
wp		: yes
flags		: fpu vme de pse tsc msr pae mce cx8 apic sep mtrr pge mca cmov pat pse36 clflush dts acpi mmx fxsr sse sse2 ss ht tm pbe syscall nx pdpe1gb rdtscp lm constant_tsc arch_perfmon pebs bts rep_good nopl xtopology nonstop_tsc aperfmperf eagerfpu pni pclmulqdq dtes64 monitor ds_cpl vmx est tm2 ssse3 fma cx16 xtpr pdcm pcid sse4_1 sse4_2 movbe popcnt tsc_deadline_timer aes xsave avx f16c rdrand lahf_lm abm arat pln pts dtherm tpr_shadow vnmi flexpriority ept vpid fsgsbase tsc_adjust bmi1 avx2 smep bmi2 erms invpcid xsaveopt
bugs		:
bogomips	: 6983.81
clflush size	: 64
cache_alignment	: 64
address sizes	: 39 bits physical, 48 bits virtual
power management:

processor	: 1
vendor_id	: GenuineIntel
cpu family	: 6
model		: 60
model name	: Intel(R) Core(TM) i3-4150 CPU @ 3.50GHz
stepping	: 3
microcode	: 0x12
cpu MHz		: 3500.000
cache size	: 3072 KB
physical id	: 0
siblings	: 4
core id		: 1
cpu cores	: 2
apicid		: 2
initial apicid	: 2
fpu		: yes
fpu_exception	: yes
cpuid level	: 13
wp		: yes
flags		: fpu vme de pse tsc msr pae mce cx8 apic sep mtrr pge mca cmov pat pse36 clflush dts acpi mmx fxsr sse sse2 ss ht tm pbe syscall nx pdpe1gb rdtscp lm constant_tsc arch_perfmon pebs bts rep_good nopl xtopology nonstop_tsc aperfmperf eagerfpu pni pclmulqdq dtes64 monitor ds_cpl vmx est tm2 ssse3 fma cx16 xtpr pdcm pcid sse4_1 sse4_2 movbe popcnt tsc_deadline_timer aes xsave avx f16c rdrand lahf_lm abm arat pln pts dtherm tpr_shadow vnmi flexpriority ept vpid fsgsbase tsc_adjust bmi1 avx2 smep bmi2 erms invpcid xsaveopt
bugs		:
bogomips	: 6983.81
clflush size	: 64
cache_alignment	: 64
address sizes	: 39 bits physical, 48 bits virtual
power management:

processor	: 2
vendor_id	: GenuineIntel
cpu family	: 6
model		: 60
model name	: Intel(R) Core(TM) i3-4150 CPU @ 3.50GHz
stepping	: 3
microcode	: 0x12
cpu MHz		: 3500.136
cache size	: 3072 KB
physical id	: 0
siblings	: 4
core id		: 0
cpu cores	: 2
apicid		: 1
initial apicid	: 1
fpu		: yes
fpu_exception	: yes
cpuid level	: 13
wp		: yes
flags		: fpu vme de pse tsc msr pae mce cx8 apic sep mtrr pge mca cmov pat pse36 clflush dts acpi mmx fxsr sse sse2 ss ht tm pbe syscall nx pdpe1gb rdtscp lm constant_tsc arch_perfmon pebs bts rep_good nopl xtopology nonstop_tsc aperfmperf eagerfpu pni pclmulqdq dtes64 monitor ds_cpl vmx est tm2 ssse3 fma cx16 xtpr pdcm pcid sse4_1 sse4_2 movbe popcnt tsc_deadline_timer aes xsave avx f16c rdrand lahf_lm abm arat pln pts dtherm tpr_shadow vnmi flexpriority ept vpid fsgsbase tsc_adjust bmi1 avx2 smep bmi2 erms invpcid xsaveopt
bugs		:
bogomips	: 6983.81
clflush size	: 64
cache_alignment	: 64
address sizes	: 39 bits physical, 48 bits virtual
power management:

processor	: 3
vendor_id	: GenuineIntel
cpu family	: 6
model		: 60
model name	: Intel(R) Core(TM) i3-4150 CPU @ 3.50GHz
stepping	: 3
microcode	: 0x12
cpu MHz		: 3500.000
cache size	: 3072 KB
physical id	: 0
siblings	: 4
core id		: 1
cpu cores	: 2
apicid		: 3
initial apicid	: 3
fpu		: yes
fpu_exception	: yes
cpuid level	: 13
wp		: yes
flags		: fpu vme de pse tsc msr pae mce cx8 apic sep mtrr pge mca cmov pat pse36 clflush dts acpi mmx fxsr sse sse2 ss ht tm pbe syscall nx pdpe1gb rdtscp lm constant_tsc arch_perfmon pebs bts rep_good nopl xtopology nonstop_tsc aperfmperf eagerfpu pni pclmulqdq dtes64 monitor ds_cpl vmx est tm2 ssse3 fma cx16 xtpr pdcm pcid sse4_1 sse4_2 movbe popcnt tsc_deadline_timer aes xsave avx f16c rdrand lahf_lm abm arat pln pts dtherm tpr_shadow vnmi flexpriority ept vpid fsgsbase tsc_adjust bmi1 avx2 smep bmi2 erms invpcid xsaveopt
bugs		:
bogomips	: 6983.81
clflush size	: 64
cache_alignment	: 64
address sizes	: 39 bits physical, 48 bits virtual
power management:



Memory: 4k page, physical 8052020k(140788k free), swap 0k(0k free)

vm_info: OpenJDK 64-Bit Server VM (24.79-b02) for linux-amd64 JRE (1.7.0_79-b14), built on Jul 24 2015 05:24:39 by "buildd" with gcc 4.9.2

time: Wed Oct 21 12:49:34 2015
elapsed time: 22 seconds

