#
# There is insufficient memory for the Java Runtime Environment to continue.
# Native memory allocation (malloc) failed to allocate 186646528 bytes for committing reserved memory.
# Possible reasons:
#   The system is out of physical RAM or swap space
#   In 32 bit mode, the process size limit was hit
# Possible solutions:
#   Reduce memory load on the system
#   Increase physical memory or swap space
#   Check if swap backing store is full
#   Use 64 bit Java on a 64 bit OS
#   Decrease Java heap size (-Xmx/-Xms)
#   Decrease number of Java threads
#   Decrease Java thread stack sizes (-Xss)
#   Set larger code cache with -XX:ReservedCodeCacheSize=
# This output file may be truncated or incomplete.
#
#  Out of Memory Error (os_linux.cpp:2809), pid=7890, tid=139935304083200
#
# JRE version: OpenJDK Runtime Environment (7.0_79-b14) (build 1.7.0_79-b14)
# Java VM: OpenJDK 64-Bit Server VM (24.79-b02 mixed mode linux-amd64 compressed oops)
# Derivative: IcedTea 2.5.6
# Distribution: Ubuntu 15.04, package 7u79-2.5.6-0ubuntu1.15.04.1
# Failed to write core dump. Core dumps have been disabled. To enable core dumping, try "ulimit -c unlimited" before starting Java again
#

---------------  T H R E A D  ---------------

Current thread (0x00007f4540076000):  VMThread [stack: 0x00007f453a076000,0x00007f453a177000] [id=7902]

Stack: [0x00007f453a076000,0x00007f453a177000],  sp=0x00007f453a1754e0,  free space=1021k
Native frames: (J=compiled Java code, j=interpreted, Vv=VM code, C=native code)
V  [libjvm.so+0x98a166]  VMError::report_and_die()+0x186
V  [libjvm.so+0x48f932]  report_vm_out_of_memory(char const*, int, unsigned long, char const*)+0x92
V  [libjvm.so+0x7fd56b]  os::pd_commit_memory(char*, unsigned long, unsigned long, bool)+0xeb
V  [libjvm.so+0x7f7c4e]  os::commit_memory(char*, unsigned long, unsigned long, bool)+0x2e
V  [libjvm.so+0x86a56b]  PSVirtualSpace::expand_by(unsigned long)+0x5b
V  [libjvm.so+0x86b413]  PSYoungGen::resize_generation(unsigned long, unsigned long)+0xd3
V  [libjvm.so+0x86bb2b]  PSYoungGen::resize(unsigned long, unsigned long)+0x1b
V  [libjvm.so+0x867539]  PSScavenge::invoke_no_policy()+0xdc9
V  [libjvm.so+0x867d18]  PSScavenge::invoke()+0x38
V  [libjvm.so+0x81fb73]  ParallelScavengeHeap::failed_mem_allocate(unsigned long)+0x63
V  [libjvm.so+0x98ba32]  VM_ParallelGCFailedAllocation::doit()+0x92
V  [libjvm.so+0x9902e7]  VM_Operation::evaluate()+0x47
V  [libjvm.so+0x98e8cb]  VMThread::evaluate_operation(VM_Operation*)+0xab
V  [libjvm.so+0x98ef76]  VMThread::loop()+0x1e6
V  [libjvm.so+0x98f441]  VMThread::run()+0x81
V  [libjvm.so+0x7fa492]  java_start(Thread*)+0xf2

VM_Operation (0x00007f45473dedd0): ParallelGCFailedAllocation, mode: safepoint, requested by thread 0x00007f454000a000


---------------  P R O C E S S  ---------------

Java Threads: ( => current thread )
  0x00007f45400af000 JavaThread "Service Thread" daemon [_thread_blocked, id=7908, stack(0x00007f453938e000,0x00007f453948f000)]
  0x00007f45400ac800 JavaThread "C2 CompilerThread1" daemon [_thread_blocked, id=7907, stack(0x00007f453948f000,0x00007f4539590000)]
  0x00007f45400a9800 JavaThread "C2 CompilerThread0" daemon [_thread_blocked, id=7906, stack(0x00007f4539590000,0x00007f4539691000)]
  0x00007f45400a7000 JavaThread "Signal Dispatcher" daemon [_thread_blocked, id=7905, stack(0x00007f4539691000,0x00007f4539792000)]
  0x00007f454007c800 JavaThread "Finalizer" daemon [_thread_blocked, id=7904, stack(0x00007f4539e74000,0x00007f4539f75000)]
  0x00007f454007a800 JavaThread "Reference Handler" daemon [_thread_blocked, id=7903, stack(0x00007f4539f75000,0x00007f453a076000)]
  0x00007f454000a000 JavaThread "main" [_thread_blocked, id=7897, stack(0x00007f45472e0000,0x00007f45473e1000)]

Other Threads:
=>0x00007f4540076000 VMThread [stack: 0x00007f453a076000,0x00007f453a177000] [id=7902]
  0x00007f45400b9800 WatcherThread [stack: 0x00007f453928d000,0x00007f453938e000] [id=7909]

VM state:at safepoint (normal execution)

VM Mutex/Monitor currently owned by a thread:  ([mutex/lock_event])
[0x00007f4540006930] Threads_lock - owner thread: 0x00007f4540076000
[0x00007f4540006e30] Heap_lock - owner thread: 0x00007f454000a000

Heap
 PSYoungGen      total 682496K, used 84458K [0x00000007aaa80000, 0x00000007dd600000, 0x0000000800000000)
  eden space 542208K, 0% used [0x00000007aaa80000,0x00000007aaa80000,0x00000007cbc00000)
  from space 140288K, 60% used [0x00000007cbc00000,0x00000007d0e7aaf0,0x00000007d4500000)
  to   space 118784K, 0% used [0x00000007d4500000,0x00000007d4500000,0x00000007db900000)
 ParOldGen       total 461312K, used 408684K [0x0000000700000000, 0x000000071c280000, 0x00000007aaa80000)
  object space 461312K, 88% used [0x0000000700000000,0x0000000718f1b118,0x000000071c280000)
 PSPermGen       total 21504K, used 6314K [0x00000006f5a00000, 0x00000006f6f00000, 0x0000000700000000)
  object space 21504K, 29% used [0x00000006f5a00000,0x00000006f602a920,0x00000006f6f00000)

Card table byte_map: [0x00007f453c5a3000,0x00007f453cdf7000] byte_map_base: 0x00007f4538df6000

Polling page: 0x00007f4547404000

Code Cache  [0x00007f453cdf7000, 0x00007f453d1d7000, 0x00007f453fdf7000)
 total_blobs=1334 nmethods=1106 adapters=181 free_code_cache=45270Kb largest_free_block=46303616

Compilation events (10 events):
Event: 15.801 Thread 0x00007f45400a9800 nmethod 1147 0x00007f453d1c8e50 code [0x00007f453d1c8fa0, 0x00007f453d1c9028]
Event: 15.801 Thread 0x00007f45400a9800 1148             com.android.dx.cf.direct.DirectClassFile::getMagic0 (9 bytes)
Event: 15.802 Thread 0x00007f45400a9800 nmethod 1148 0x00007f453d1c8a50 code [0x00007f453d1c8ba0, 0x00007f453d1c8cd8]
Event: 15.803 Thread 0x00007f45400ac800 nmethod 1131 0x00007f453d1c9bd0 code [0x00007f453d1c9d80, 0x00007f453d1ca3e8]
Event: 16.134 Thread 0x00007f45400a9800 1149             com.android.dx.rop.type.Type::isArray (19 bytes)
Event: 16.135 Thread 0x00007f45400a9800 nmethod 1149 0x00007f453d1c9890 code [0x00007f453d1c99e0, 0x00007f453d1c9ab8]
Event: 16.176 Thread 0x00007f45400ac800 1150             com.android.dx.cf.direct.DirectClassFile::makeTypeList (47 bytes)
Event: 16.177 Thread 0x00007f45400ac800 nmethod 1150 0x00007f453d1cac10 code [0x00007f453d1cad60, 0x00007f453d1caec8]
Event: 16.237 Thread 0x00007f45400a9800 1151             com.android.dx.cf.code.SwitchList::add (35 bytes)
Event: 16.244 Thread 0x00007f45400a9800 nmethod 1151 0x00007f453d1cba50 code [0x00007f453d1cbbe0, 0x00007f453d1cc378]

GC Heap History (10 events):
Event: 9.842 GC heap after
Heap after GC invocations=11 (full 2):
 PSYoungGen      total 537600K, used 32637K [0x00000007aaa80000, 0x00000007d3000000, 0x0000000800000000)
  eden space 471040K, 0% used [0x00000007aaa80000,0x00000007aaa80000,0x00000007c7680000)
  from space 66560K, 49% used [0x00000007c7680000,0x00000007c965f658,0x00000007cb780000)
  to   space 94208K, 0% used [0x00000007cd400000,0x00000007cd400000,0x00000007d3000000)
 ParOldGen       total 283648K, used 162898K [0x0000000700000000, 0x0000000711500000, 0x00000007aaa80000)
  object space 283648K, 57% used [0x0000000700000000,0x0000000709f14bb0,0x0000000711500000)
 PSPermGen       total 21504K, used 6118K [0x00000006f5a00000, 0x00000006f6f00000, 0x0000000700000000)
  object space 21504K, 28% used [0x00000006f5a00000,0x00000006f5ff98d8,0x00000006f6f00000)
}
Event: 10.997 GC heap before
{Heap before GC invocations=12 (full 2):
 PSYoungGen      total 537600K, used 503677K [0x00000007aaa80000, 0x00000007d3000000, 0x0000000800000000)
  eden space 471040K, 100% used [0x00000007aaa80000,0x00000007c7680000,0x00000007c7680000)
  from space 66560K, 49% used [0x00000007c7680000,0x00000007c965f658,0x00000007cb780000)
  to   space 94208K, 0% used [0x00000007cd400000,0x00000007cd400000,0x00000007d3000000)
 ParOldGen       total 283648K, used 162898K [0x0000000700000000, 0x0000000711500000, 0x00000007aaa80000)
  object space 283648K, 57% used [0x0000000700000000,0x0000000709f14bb0,0x0000000711500000)
 PSPermGen       total 21504K, used 6241K [0x00000006f5a00000, 0x00000006f6f00000, 0x0000000700000000)
  object space 21504K, 29% used [0x00000006f5a00000,0x00000006f6018458,0x00000006f6f00000)
Event: 11.186 GC heap after
Heap after GC invocations=12 (full 2):
 PSYoungGen      total 546816K, used 94206K [0x00000007aaa80000, 0x00000007db680000, 0x0000000800000000)
  eden space 452608K, 0% used [0x00000007aaa80000,0x00000007aaa80000,0x00000007c6480000)
  from space 94208K, 99% used [0x00000007cd400000,0x00000007d2fff988,0x00000007d3000000)
  to   space 114176K, 0% used [0x00000007c6480000,0x00000007c6480000,0x00000007cd400000)
 ParOldGen       total 283648K, used 174364K [0x0000000700000000, 0x0000000711500000, 0x00000007aaa80000)
  object space 283648K, 61% used [0x0000000700000000,0x000000070aa471f0,0x0000000711500000)
 PSPermGen       total 21504K, used 6241K [0x00000006f5a00000, 0x00000006f6f00000, 0x0000000700000000)
  object space 21504K, 29% used [0x00000006f5a00000,0x00000006f6018458,0x00000006f6f00000)
}
Event: 12.393 GC heap before
{Heap before GC invocations=13 (full 2):
 PSYoungGen      total 546816K, used 546814K [0x00000007aaa80000, 0x00000007db680000, 0x0000000800000000)
  eden space 452608K, 100% used [0x00000007aaa80000,0x00000007c6480000,0x00000007c6480000)
  from space 94208K, 99% used [0x00000007cd400000,0x00000007d2fff988,0x00000007d3000000)
  to   space 114176K, 0% used [0x00000007c6480000,0x00000007c6480000,0x00000007cd400000)
 ParOldGen       total 283648K, used 174364K [0x0000000700000000, 0x0000000711500000, 0x00000007aaa80000)
  object space 283648K, 61% used [0x0000000700000000,0x000000070aa471f0,0x0000000711500000)
 PSPermGen       total 21504K, used 6301K [0x00000006f5a00000, 0x00000006f6f00000, 0x0000000700000000)
  object space 21504K, 29% used [0x00000006f5a00000,0x00000006f6027480,0x00000006f6f00000)
Event: 12.664 GC heap after
Heap after GC invocations=13 (full 2):
 PSYoungGen      total 566784K, used 74245K [0x00000007aaa80000, 0x00000007db900000, 0x0000000800000000)
  eden space 452608K, 0% used [0x00000007aaa80000,0x00000007aaa80000,0x00000007c6480000)
  from space 114176K, 65% used [0x00000007c6480000,0x00000007cad01748,0x00000007cd400000)
  to   space 118784K, 0% used [0x00000007d4500000,0x00000007d4500000,0x00000007db900000)
 ParOldGen       total 283648K, used 266519K [0x0000000700000000, 0x0000000711500000, 0x00000007aaa80000)
  object space 283648K, 93% used [0x0000000700000000,0x0000000710445df8,0x0000000711500000)
 PSPermGen       total 21504K, used 6301K [0x00000006f5a00000, 0x00000006f6f00000, 0x0000000700000000)
  object space 21504K, 29% used [0x00000006f5a00000,0x00000006f6027480,0x00000006f6f00000)
}
Event: 12.664 GC heap before
{Heap before GC invocations=14 (full 3):
 PSYoungGen      total 566784K, used 74245K [0x00000007aaa80000, 0x00000007db900000, 0x0000000800000000)
  eden space 452608K, 0% used [0x00000007aaa80000,0x00000007aaa80000,0x00000007c6480000)
  from space 114176K, 65% used [0x00000007c6480000,0x00000007cad01748,0x00000007cd400000)
  to   space 118784K, 0% used [0x00000007d4500000,0x00000007d4500000,0x00000007db900000)
 ParOldGen       total 283648K, used 266519K [0x0000000700000000, 0x0000000711500000, 0x00000007aaa80000)
  object space 283648K, 93% used [0x0000000700000000,0x0000000710445df8,0x0000000711500000)
 PSPermGen       total 21504K, used 6301K [0x00000006f5a00000, 0x00000006f6f00000, 0x0000000700000000)
  object space 21504K, 29% used [0x00000006f5a00000,0x00000006f6027480,0x00000006f6f00000)
Event: 13.758 GC heap after
Heap after GC invocations=14 (full 3):
 PSYoungGen      total 566784K, used 52129K [0x00000007aaa80000, 0x00000007db900000, 0x0000000800000000)
  eden space 452608K, 0% used [0x00000007aaa80000,0x00000007aaa80000,0x00000007c6480000)
  from space 114176K, 45% used [0x00000007c6480000,0x00000007c97684c8,0x00000007cd400000)
  to   space 118784K, 0% used [0x00000007d4500000,0x00000007d4500000,0x00000007db900000)
 ParOldGen       total 461312K, used 283496K [0x0000000700000000, 0x000000071c280000, 0x00000007aaa80000)
  object space 461312K, 61% used [0x0000000700000000,0x00000007114da018,0x000000071c280000)
 PSPermGen       total 21504K, used 6300K [0x00000006f5a00000, 0x00000006f6f00000, 0x0000000700000000)
  object space 21504K, 29% used [0x00000006f5a00000,0x00000006f6027320,0x00000006f6f00000)
}
Event: 14.707 GC heap before
{Heap before GC invocations=15 (full 3):
 PSYoungGen      total 566784K, used 504737K [0x00000007aaa80000, 0x00000007db900000, 0x0000000800000000)
  eden space 452608K, 100% used [0x00000007aaa80000,0x00000007c6480000,0x00000007c6480000)
  from space 114176K, 45% used [0x00000007c6480000,0x00000007c97684c8,0x00000007cd400000)
  to   space 118784K, 0% used [0x00000007d4500000,0x00000007d4500000,0x00000007db900000)
 ParOldGen       total 461312K, used 283496K [0x0000000700000000, 0x000000071c280000, 0x00000007aaa80000)
  object space 461312K, 61% used [0x0000000700000000,0x00000007114da018,0x000000071c280000)
 PSPermGen       total 21504K, used 6310K [0x00000006f5a00000, 0x00000006f6f00000, 0x0000000700000000)
  object space 21504K, 29% used [0x00000006f5a00000,0x00000006f6029a30,0x00000006f6f00000)
Event: 14.975 GC heap after
Heap after GC invocations=15 (full 3):
 PSYoungGen      total 660992K, used 118764K [0x00000007aaa80000, 0x00000007dd600000, 0x0000000800000000)
  eden space 542208K, 0% used [0x00000007aaa80000,0x00000007aaa80000,0x00000007cbc00000)
  from space 118784K, 99% used [0x00000007d4500000,0x00000007db8fb030,0x00000007db900000)
  to   space 140288K, 0% used [0x00000007cbc00000,0x00000007cbc00000,0x00000007d4500000)
 ParOldGen       total 461312K, used 289234K [0x0000000700000000, 0x000000071c280000, 0x00000007aaa80000)
  object space 461312K, 62% used [0x0000000700000000,0x0000000711a74a48,0x000000071c280000)
 PSPermGen       total 21504K, used 6310K [0x00000006f5a00000, 0x00000006f6f00000, 0x0000000700000000)
  object space 21504K, 29% used [0x00000006f5a00000,0x00000006f6029a30,0x00000006f6f00000)
}
Event: 16.621 GC heap before
{Heap before GC invocations=16 (full 3):
 PSYoungGen      total 660992K, used 660972K [0x00000007aaa80000, 0x00000007dd600000, 0x0000000800000000)
  eden space 542208K, 100% used [0x00000007aaa80000,0x00000007cbc00000,0x00000007cbc00000)
  from space 118784K, 99% used [0x00000007d4500000,0x00000007db8fb030,0x00000007db900000)
  to   space 140288K, 0% used [0x00000007cbc00000,0x00000007cbc00000,0x00000007d4500000)
 ParOldGen       total 461312K, used 289234K [0x0000000700000000, 0x000000071c280000, 0x00000007aaa80000)
  object space 461312K, 62% used [0x0000000700000000,0x0000000711a74a48,0x000000071c280000)
 PSPermGen       total 21504K, used 6314K [0x00000006f5a00000, 0x00000006f6f00000, 0x0000000700000000)
  object space 21504K, 29% used [0x00000006f5a00000,0x00000006f602a920,0x00000006f6f00000)

Deoptimization events (10 events):
Event: 10.536 Thread 0x00007f454000a000 Uncommon trap: reason=class_check action=maybe_recompile pc=0x00007f453cfa7cb4 method=com.android.dx.ssa.back.FirstFitLocalCombiningAllocator.findNextUnreservedRopReg(IILcom/android/dx/ssa/back/FirstFitLocalCombiningAllocator$Alignment;)I @ 60
Event: 10.695 Thread 0x00007f454000a000 Uncommon trap: reason=null_check action=make_not_entrant pc=0x00007f453d1b6664 method=com.android.dx.cf.direct.StdAttributeFactory.enclosingMethod(Lcom/android/dx/cf/direct/DirectClassFile;IILcom/android/dx/cf/iface/ParseObserver;)Lcom/android/dx/cf/iface
Event: 11.227 Thread 0x00007f454000a000 Uncommon trap: reason=class_check action=maybe_recompile pc=0x00007f453cfb93b4 method=com.android.dx.ssa.SCCP.replaceConstants()V @ 182
Event: 11.379 Thread 0x00007f454000a000 Uncommon trap: reason=unreached action=reinterpret pc=0x00007f453d179e80 method=com.android.dx.rop.code.LocalItem.compareHandlesNulls(Lcom/android/dx/rop/cst/CstString;Lcom/android/dx/rop/cst/CstString;)I @ 14
Event: 11.379 Thread 0x00007f454000a000 Uncommon trap: reason=unreached action=reinterpret pc=0x00007f453cffa880 method=com.android.dx.rop.code.LocalItem.compareHandlesNulls(Lcom/android/dx/rop/cst/CstString;Lcom/android/dx/rop/cst/CstString;)I @ 14
Event: 12.035 Thread 0x00007f454000a000 Uncommon trap: reason=predicate action=maybe_recompile pc=0x00007f453cf9da34 method=com.android.dx.ssa.DomFront.run()[Lcom/android/dx/ssa/DomFront$DomInfo; @ 175
Event: 12.035 Thread 0x00007f454000a000 Uncommon trap: reason=unloaded action=reinterpret pc=0x00007f453ced42f8 method=com.android.dx.ssa.SetFactory.makeDomFrontSet(I)Lcom/android/dx/util/IntSet; @ 18
Event: 12.036 Thread 0x00007f454000a000 Uncommon trap: reason=class_check action=maybe_recompile pc=0x00007f453cf293b4 method=com.android.dx.ssa.DomFront.calcDomFronts()V @ 101
Event: 12.040 Thread 0x00007f454000a000 Uncommon trap: reason=class_check action=maybe_recompile pc=0x00007f453cebc634 method=com.android.dx.ssa.SsaConverter.placePhiFunctions(Lcom/android/dx/ssa/SsaMethod;Lcom/android/dx/ssa/LocalVariableInfo;I)V @ 257
Event: 12.377 Thread 0x00007f454000a000 Uncommon trap: reason=class_check action=maybe_recompile pc=0x00007f453cfb93b4 method=com.android.dx.ssa.SCCP.replaceConstants()V @ 182

Internal exceptions (10 events):
Event: 8.406 Thread 0x00007f454000a000 Implicit null exception at 0x00007f453cf1ca65 to 0x00007f453cf1cc51
Event: 8.406 Thread 0x00007f454000a000 Implicit null exception at 0x00007f453cf6011a to 0x00007f453cf60b6d
Event: 8.407 Thread 0x00007f454000a000 Implicit null exception at 0x00007f453d01c531 to 0x00007f453d01c701
Event: 8.407 Thread 0x00007f454000a000 Implicit null exception at 0x00007f453cfb0d35 to 0x00007f453cfb0e95
Event: 8.755 Thread 0x00007f454000a000 Threw 0x00000007be580a48 at /build/openjdk-7-yI9zWD/openjdk-7-7u79-2.5.6/build/openjdk/hotspot/src/share/vm/prims/jvm.cpp:1284
Event: 10.694 Thread 0x00007f454000a000 Implicit null exception at 0x00007f453d1b4ed3 to 0x00007f453d1b6655
Event: 11.379 Thread 0x00007f454000a000 Implicit null exception at 0x00007f453d179356 to 0x00007f453d179e55
Event: 11.379 Thread 0x00007f454000a000 Implicit null exception at 0x00007f453cffa692 to 0x00007f453cffa86d
Event: 12.035 Thread 0x00007f454000a000 Threw 0x00000007becbbca0 at /build/openjdk-7-yI9zWD/openjdk-7-7u79-2.5.6/build/openjdk/hotspot/src/share/vm/prims/jvm.cpp:1284
Event: 12.040 Thread 0x00007f454000a000 Threw 0x00000007bed01848 at /build/openjdk-7-yI9zWD/openjdk-7-7u79-2.5.6/build/openjdk/hotspot/src/share/vm/prims/jvm.cpp:1284

Events (10 events):
Event: 12.393 Executing VM operation: ParallelGCFailedAllocation
Event: 13.758 Executing VM operation: ParallelGCFailedAllocation done
Event: 13.761 Thread 0x00007f45400a9800 flushing nmethod 0x00007f453cf5f1d0
Event: 13.810 Thread 0x00007f45400a9800 flushing nmethod 0x00007f453cfb0bd0
Event: 14.188 Thread 0x00007f45400ac800 flushing nmethod 0x00007f453d01c250
Event: 14.310 Thread 0x00007f45400a9800 flushing nmethod 0x00007f453d0c5d90
Event: 14.366 Thread 0x00007f45400a9800 flushing nmethod 0x00007f453d12db50
Event: 14.707 Executing VM operation: ParallelGCFailedAllocation
Event: 14.975 Executing VM operation: ParallelGCFailedAllocation done
Event: 16.621 Executing VM operation: ParallelGCFailedAllocation


Dynamic libraries:
00400000-00401000 r-xp 00000000 08:01 20712222                           /usr/lib/jvm/java-7-openjdk-amd64/jre/bin/java
00600000-00601000 r--p 00000000 08:01 20712222                           /usr/lib/jvm/java-7-openjdk-amd64/jre/bin/java
00601000-00602000 rw-p 00001000 08:01 20712222                           /usr/lib/jvm/java-7-openjdk-amd64/jre/bin/java
00a66000-00a87000 rw-p 00000000 00:00 0                                  [heap]
6f5a00000-6f6f00000 rw-p 00000000 00:00 0 
6f6f00000-700000000 rw-p 00000000 00:00 0 
700000000-71c280000 rw-p 00000000 00:00 0 
71c280000-7aaa80000 rw-p 00000000 00:00 0 
7aaa80000-7dd600000 rw-p 00000000 00:00 0 
7e8800000-800000000 rw-p 00000000 00:00 0 
7f44f4000000-7f44f4021000 rw-p 00000000 00:00 0 
7f44f4021000-7f44f8000000 ---p 00000000 00:00 0 
7f44f8000000-7f44f8021000 rw-p 00000000 00:00 0 
7f44f8021000-7f44fc000000 ---p 00000000 00:00 0 
7f44fc000000-7f44fd801000 rw-p 00000000 00:00 0 
7f44fd801000-7f4500000000 ---p 00000000 00:00 0 
7f4500000000-7f4501382000 rw-p 00000000 00:00 0 
7f4501382000-7f4504000000 ---p 00000000 00:00 0 
7f4504000000-7f4504021000 rw-p 00000000 00:00 0 
7f4504021000-7f4508000000 ---p 00000000 00:00 0 
7f4508000000-7f4508021000 rw-p 00000000 00:00 0 
7f4508021000-7f450c000000 ---p 00000000 00:00 0 
7f450c000000-7f450c021000 rw-p 00000000 00:00 0 
7f450c021000-7f4510000000 ---p 00000000 00:00 0 
7f4513ad0000-7f451c000000 rw-p 00000000 00:00 0 
7f451c000000-7f451c021000 rw-p 00000000 00:00 0 
7f451c021000-7f4520000000 ---p 00000000 00:00 0 
7f4520000000-7f452023f000 rw-p 00000000 00:00 0 
7f452023f000-7f4524000000 ---p 00000000 00:00 0 
7f4524000000-7f4524021000 rw-p 00000000 00:00 0 
7f4524021000-7f4528000000 ---p 00000000 00:00 0 
7f452c000000-7f452c021000 rw-p 00000000 00:00 0 
7f452c021000-7f4530000000 ---p 00000000 00:00 0 
7f453366e000-7f453396f000 rw-p 00000000 00:00 0 
7f453396f000-7f45339db000 r-xp 00000000 08:01 22020192                   /lib/x86_64-linux-gnu/libpcre.so.3.13.1
7f45339db000-7f4533bda000 ---p 0006c000 08:01 22020192                   /lib/x86_64-linux-gnu/libpcre.so.3.13.1
7f4533bda000-7f4533bdb000 r--p 0006b000 08:01 22020192                   /lib/x86_64-linux-gnu/libpcre.so.3.13.1
7f4533bdb000-7f4533bdc000 rw-p 0006c000 08:01 22020192                   /lib/x86_64-linux-gnu/libpcre.so.3.13.1
7f4533bdc000-7f4533be3000 r-xp 00000000 08:01 20455638                   /usr/lib/x86_64-linux-gnu/libffi.so.6.0.4
7f4533be3000-7f4533de2000 ---p 00007000 08:01 20455638                   /usr/lib/x86_64-linux-gnu/libffi.so.6.0.4
7f4533de2000-7f4533de3000 r--p 00006000 08:01 20455638                   /usr/lib/x86_64-linux-gnu/libffi.so.6.0.4
7f4533de3000-7f4533de4000 rw-p 00007000 08:01 20455638                   /usr/lib/x86_64-linux-gnu/libffi.so.6.0.4
7f4533de4000-7f4533dfb000 r-xp 00000000 08:01 22024473                   /lib/x86_64-linux-gnu/libresolv-2.21.so
7f4533dfb000-7f4533ffb000 ---p 00017000 08:01 22024473                   /lib/x86_64-linux-gnu/libresolv-2.21.so
7f4533ffb000-7f4533ffd000 r--p 00017000 08:01 22024473                   /lib/x86_64-linux-gnu/libresolv-2.21.so
7f4533ffd000-7f4533ffe000 rw-p 00019000 08:01 22024473                   /lib/x86_64-linux-gnu/libresolv-2.21.so
7f4533ffe000-7f4534000000 rw-p 00000000 00:00 0 
7f4534000000-7f4534021000 rw-p 00000000 00:00 0 
7f4534021000-7f4538000000 ---p 00000000 00:00 0 
7f453806e000-7f453808f000 r-xp 00000000 08:01 22024477                   /lib/x86_64-linux-gnu/libselinux.so.1
7f453808f000-7f453828e000 ---p 00021000 08:01 22024477                   /lib/x86_64-linux-gnu/libselinux.so.1
7f453828e000-7f453828f000 r--p 00020000 08:01 22024477                   /lib/x86_64-linux-gnu/libselinux.so.1
7f453828f000-7f4538290000 rw-p 00021000 08:01 22024477                   /lib/x86_64-linux-gnu/libselinux.so.1
7f4538290000-7f4538292000 rw-p 00000000 00:00 0 
7f4538292000-7f4538295000 r-xp 00000000 08:01 20447655                   /usr/lib/x86_64-linux-gnu/libgmodule-2.0.so.0.4400.1
7f4538295000-7f4538494000 ---p 00003000 08:01 20447655                   /usr/lib/x86_64-linux-gnu/libgmodule-2.0.so.0.4400.1
7f4538494000-7f4538495000 r--p 00002000 08:01 20447655                   /usr/lib/x86_64-linux-gnu/libgmodule-2.0.so.0.4400.1
7f4538495000-7f4538496000 rw-p 00003000 08:01 20447655                   /usr/lib/x86_64-linux-gnu/libgmodule-2.0.so.0.4400.1
7f4538496000-7f45385a3000 r-xp 00000000 08:01 22024241                   /lib/x86_64-linux-gnu/libglib-2.0.so.0.4400.1
7f45385a3000-7f45387a2000 ---p 0010d000 08:01 22024241                   /lib/x86_64-linux-gnu/libglib-2.0.so.0.4400.1
7f45387a2000-7f45387a3000 r--p 0010c000 08:01 22024241                   /lib/x86_64-linux-gnu/libglib-2.0.so.0.4400.1
7f45387a3000-7f45387a4000 rw-p 0010d000 08:01 22024241                   /lib/x86_64-linux-gnu/libglib-2.0.so.0.4400.1
7f45387a4000-7f45387a5000 rw-p 00000000 00:00 0 
7f45387a5000-7f45387f5000 r-xp 00000000 08:01 20447615                   /usr/lib/x86_64-linux-gnu/libgobject-2.0.so.0.4400.1
7f45387f5000-7f45389f5000 ---p 00050000 08:01 20447615                   /usr/lib/x86_64-linux-gnu/libgobject-2.0.so.0.4400.1
7f45389f5000-7f45389f6000 r--p 00050000 08:01 20447615                   /usr/lib/x86_64-linux-gnu/libgobject-2.0.so.0.4400.1
7f45389f6000-7f45389f7000 rw-p 00051000 08:01 20447615                   /usr/lib/x86_64-linux-gnu/libgobject-2.0.so.0.4400.1
7f45389f7000-7f4538b6f000 r-xp 00000000 08:01 20447637                   /usr/lib/x86_64-linux-gnu/libgio-2.0.so.0.4400.1
7f4538b6f000-7f4538d6f000 ---p 00178000 08:01 20447637                   /usr/lib/x86_64-linux-gnu/libgio-2.0.so.0.4400.1
7f4538d6f000-7f4538d73000 r--p 00178000 08:01 20447637                   /usr/lib/x86_64-linux-gnu/libgio-2.0.so.0.4400.1
7f4538d73000-7f4538d75000 rw-p 0017c000 08:01 20447637                   /usr/lib/x86_64-linux-gnu/libgio-2.0.so.0.4400.1
7f4538d75000-7f4538d77000 rw-p 00000000 00:00 0 
7f4538d96000-7f4538dad000 r-xp 00000000 08:01 20587083                   /usr/lib/jvm/java-7-openjdk-amd64/jre/lib/amd64/libnet.so
7f4538dad000-7f4538fac000 ---p 00017000 08:01 20587083                   /usr/lib/jvm/java-7-openjdk-amd64/jre/lib/amd64/libnet.so
7f4538fac000-7f4538fad000 r--p 00016000 08:01 20587083                   /usr/lib/jvm/java-7-openjdk-amd64/jre/lib/amd64/libnet.so
7f4538fad000-7f4538fae000 rw-p 00017000 08:01 20587083                   /usr/lib/jvm/java-7-openjdk-amd64/jre/lib/amd64/libnet.so
7f4538fae000-7f4538fbf000 r-xp 00000000 08:01 20587088                   /usr/lib/jvm/java-7-openjdk-amd64/jre/lib/amd64/libnio.so
7f4538fbf000-7f45391be000 ---p 00011000 08:01 20587088                   /usr/lib/jvm/java-7-openjdk-amd64/jre/lib/amd64/libnio.so
7f45391be000-7f45391bf000 r--p 00010000 08:01 20587088                   /usr/lib/jvm/java-7-openjdk-amd64/jre/lib/amd64/libnio.so
7f45391bf000-7f45391c0000 rw-p 00011000 08:01 20587088                   /usr/lib/jvm/java-7-openjdk-amd64/jre/lib/amd64/libnio.so
7f45391c0000-7f453928d000 r--s 0093b000 08:01 2229504                    /home/sharan/Dropbox/Muser/muser/build/intermediates/multi-dex/debug/allclasses.jar
7f453928d000-7f453928e000 ---p 00000000 00:00 0 
7f453928e000-7f453938e000 rw-p 00000000 00:00 0                          [stack:7909]
7f453938e000-7f4539391000 ---p 00000000 00:00 0 
7f4539391000-7f453948f000 rw-p 00000000 00:00 0                          [stack:7908]
7f453948f000-7f4539492000 ---p 00000000 00:00 0 
7f4539492000-7f4539590000 rw-p 00000000 00:00 0                          [stack:7907]
7f4539590000-7f4539593000 ---p 00000000 00:00 0 
7f4539593000-7f4539691000 rw-p 00000000 00:00 0                          [stack:7906]
7f4539691000-7f4539694000 ---p 00000000 00:00 0 
7f4539694000-7f4539792000 rw-p 00000000 00:00 0                          [stack:7905]
7f4539792000-7f4539e74000 r--p 00000000 08:01 20454393                   /usr/lib/locale/locale-archive
7f4539e74000-7f4539e77000 ---p 00000000 00:00 0 
7f4539e77000-7f4539f75000 rw-p 00000000 00:00 0                          [stack:7904]
7f4539f75000-7f4539f78000 ---p 00000000 00:00 0 
7f4539f78000-7f453a076000 rw-p 00000000 00:00 0                          [stack:7903]
7f453a076000-7f453a077000 ---p 00000000 00:00 0 
7f453a077000-7f453b174000 rw-p 00000000 00:00 0                          [stack:7902]
7f453b174000-7f453b325000 r--s 01d29000 08:01 20587021                   /usr/lib/jvm/java-7-openjdk-amd64/jre/lib/rt.jar
7f453b325000-7f453bc49000 rw-p 00000000 00:00 0 
7f453bc49000-7f453bc4a000 ---p 00000000 00:00 0 
7f453bc4a000-7f453bd4a000 rw-p 00000000 00:00 0                          [stack:7901]
7f453bd4a000-7f453bd4b000 ---p 00000000 00:00 0 
7f453bd4b000-7f453be4b000 rw-p 00000000 00:00 0                          [stack:7900]
7f453be4b000-7f453be4c000 ---p 00000000 00:00 0 
7f453be4c000-7f453bf4c000 rw-p 00000000 00:00 0                          [stack:7899]
7f453bf4c000-7f453bf4d000 ---p 00000000 00:00 0 
7f453bf4d000-7f453c12f000 rw-p 00000000 00:00 0                          [stack:7898]
7f453c12f000-7f453c5a3000 rw-p 00000000 00:00 0 
7f453c5a3000-7f453c5ae000 rw-p 00000000 00:00 0 
7f453c5ae000-7f453c5f6000 rw-p 00000000 00:00 0 
7f453c5f6000-7f453c6d8000 rw-p 00000000 00:00 0 
7f453c6d8000-7f453cb4b000 rw-p 00000000 00:00 0 
7f453cb4b000-7f453cce1000 rw-p 00000000 00:00 0 
7f453cce1000-7f453cdf6000 rw-p 00000000 00:00 0 
7f453cdf6000-7f453cdf7000 rw-p 00000000 00:00 0 
7f453cdf7000-7f453d1d7000 rwxp 00000000 00:00 0 
7f453d1d7000-7f453fdf7000 rw-p 00000000 00:00 0 
7f453fdf7000-7f453fdff000 r-xp 00000000 08:01 20587054                   /usr/lib/jvm/java-7-openjdk-amd64/jre/lib/amd64/libzip.so
7f453fdff000-7f453fffe000 ---p 00008000 08:01 20587054                   /usr/lib/jvm/java-7-openjdk-amd64/jre/lib/amd64/libzip.so
7f453fffe000-7f453ffff000 r--p 00007000 08:01 20587054                   /usr/lib/jvm/java-7-openjdk-amd64/jre/lib/amd64/libzip.so
7f453ffff000-7f4540000000 rw-p 00008000 08:01 20587054                   /usr/lib/jvm/java-7-openjdk-amd64/jre/lib/amd64/libzip.so
7f4540000000-7f4540357000 rw-p 00000000 00:00 0 
7f4540357000-7f4544000000 ---p 00000000 00:00 0 
7f4544008000-7f454408f000 rw-p 00000000 00:00 0 
7f454408f000-7f45440d7000 rw-p 00000000 00:00 0 
7f45440d7000-7f45440e3000 r-xp 00000000 08:01 22024420                   /lib/x86_64-linux-gnu/libnss_files-2.21.so
7f45440e3000-7f45442e2000 ---p 0000c000 08:01 22024420                   /lib/x86_64-linux-gnu/libnss_files-2.21.so
7f45442e2000-7f45442e3000 r--p 0000b000 08:01 22024420                   /lib/x86_64-linux-gnu/libnss_files-2.21.so
7f45442e3000-7f45442e4000 rw-p 0000c000 08:01 22024420                   /lib/x86_64-linux-gnu/libnss_files-2.21.so
7f45442e4000-7f45442ef000 r-xp 00000000 08:01 22024430                   /lib/x86_64-linux-gnu/libnss_nis-2.21.so
7f45442ef000-7f45444ee000 ---p 0000b000 08:01 22024430                   /lib/x86_64-linux-gnu/libnss_nis-2.21.so
7f45444ee000-7f45444ef000 r--p 0000a000 08:01 22024430                   /lib/x86_64-linux-gnu/libnss_nis-2.21.so
7f45444ef000-7f45444f0000 rw-p 0000b000 08:01 22024430                   /lib/x86_64-linux-gnu/libnss_nis-2.21.so
7f45444f0000-7f4544507000 r-xp 00000000 08:01 22024414                   /lib/x86_64-linux-gnu/libnsl-2.21.so
7f4544507000-7f4544706000 ---p 00017000 08:01 22024414                   /lib/x86_64-linux-gnu/libnsl-2.21.so
7f4544706000-7f4544707000 r--p 00016000 08:01 22024414                   /lib/x86_64-linux-gnu/libnsl-2.21.so
7f4544707000-7f4544708000 rw-p 00017000 08:01 22024414                   /lib/x86_64-linux-gnu/libnsl-2.21.so
7f4544708000-7f454470a000 rw-p 00000000 00:00 0 
7f454470a000-7f4544712000 r-xp 00000000 08:01 22024416                   /lib/x86_64-linux-gnu/libnss_compat-2.21.so
7f4544712000-7f4544911000 ---p 00008000 08:01 22024416                   /lib/x86_64-linux-gnu/libnss_compat-2.21.so
7f4544911000-7f4544912000 r--p 00007000 08:01 22024416                   /lib/x86_64-linux-gnu/libnss_compat-2.21.so
7f4544912000-7f4544913000 rw-p 00008000 08:01 22024416                   /lib/x86_64-linux-gnu/libnss_compat-2.21.so
7f4544913000-7f4544940000 r-xp 00000000 08:01 20587091                   /usr/lib/jvm/java-7-openjdk-amd64/jre/lib/amd64/libjava.so
7f4544940000-7f4544b3f000 ---p 0002d000 08:01 20587091                   /usr/lib/jvm/java-7-openjdk-amd64/jre/lib/amd64/libjava.so
7f4544b3f000-7f4544b40000 r--p 0002c000 08:01 20587091                   /usr/lib/jvm/java-7-openjdk-amd64/jre/lib/amd64/libjava.so
7f4544b40000-7f4544b42000 rw-p 0002d000 08:01 20587091                   /usr/lib/jvm/java-7-openjdk-amd64/jre/lib/amd64/libjava.so
7f4544b42000-7f4544b51000 r-xp 00000000 08:01 20587072                   /usr/lib/jvm/java-7-openjdk-amd64/jre/lib/amd64/libverify.so
7f4544b51000-7f4544d50000 ---p 0000f000 08:01 20587072                   /usr/lib/jvm/java-7-openjdk-amd64/jre/lib/amd64/libverify.so
7f4544d50000-7f4544d53000 r--p 0000e000 08:01 20587072                   /usr/lib/jvm/java-7-openjdk-amd64/jre/lib/amd64/libverify.so
7f4544d53000-7f4544d54000 rw-p 00011000 08:01 20587072                   /usr/lib/jvm/java-7-openjdk-amd64/jre/lib/amd64/libverify.so
7f4544d54000-7f4544d5b000 r-xp 00000000 08:01 22024475                   /lib/x86_64-linux-gnu/librt-2.21.so
7f4544d5b000-7f4544f5a000 ---p 00007000 08:01 22024475                   /lib/x86_64-linux-gnu/librt-2.21.so
7f4544f5a000-7f4544f5b000 r--p 00006000 08:01 22024475                   /lib/x86_64-linux-gnu/librt-2.21.so
7f4544f5b000-7f4544f5c000 rw-p 00007000 08:01 22024475                   /lib/x86_64-linux-gnu/librt-2.21.so
7f4544f5c000-7f4544f72000 r-xp 00000000 08:01 22024363                   /lib/x86_64-linux-gnu/libgcc_s.so.1
7f4544f72000-7f4545171000 ---p 00016000 08:01 22024363                   /lib/x86_64-linux-gnu/libgcc_s.so.1
7f4545171000-7f4545172000 rw-p 00015000 08:01 22024363                   /lib/x86_64-linux-gnu/libgcc_s.so.1
7f4545172000-7f4545279000 r-xp 00000000 08:01 22024393                   /lib/x86_64-linux-gnu/libm-2.21.so
7f4545279000-7f4545478000 ---p 00107000 08:01 22024393                   /lib/x86_64-linux-gnu/libm-2.21.so
7f4545478000-7f4545479000 r--p 00106000 08:01 22024393                   /lib/x86_64-linux-gnu/libm-2.21.so
7f4545479000-7f454547a000 rw-p 00107000 08:01 22024393                   /lib/x86_64-linux-gnu/libm-2.21.so
7f454547a000-7f454556a000 r-xp 00000000 08:01 20456311                   /usr/lib/x86_64-linux-gnu/libstdc++.so.6.0.20
7f454556a000-7f454576a000 ---p 000f0000 08:01 20456311                   /usr/lib/x86_64-linux-gnu/libstdc++.so.6.0.20
7f454576a000-7f4545772000 r--p 000f0000 08:01 20456311                   /usr/lib/x86_64-linux-gnu/libstdc++.so.6.0.20
7f4545772000-7f4545774000 rw-p 000f8000 08:01 20456311                   /usr/lib/x86_64-linux-gnu/libstdc++.so.6.0.20
7f4545774000-7f4545789000 rw-p 00000000 00:00 0 
7f4545789000-7f45462e1000 r-xp 00000000 08:01 20587060                   /usr/lib/jvm/java-7-openjdk-amd64/jre/lib/amd64/server/libjvm.so
7f45462e1000-7f45464e0000 ---p 00b58000 08:01 20587060                   /usr/lib/jvm/java-7-openjdk-amd64/jre/lib/amd64/server/libjvm.so
7f45464e0000-7f454657f000 r--p 00b57000 08:01 20587060                   /usr/lib/jvm/java-7-openjdk-amd64/jre/lib/amd64/server/libjvm.so
7f454657f000-7f45465a2000 rw-p 00bf6000 08:01 20587060                   /usr/lib/jvm/java-7-openjdk-amd64/jre/lib/amd64/server/libjvm.so
7f45465a2000-7f45465cf000 rw-p 00000000 00:00 0 
7f45465cf000-7f45465e8000 r-xp 00000000 08:01 22024508                   /lib/x86_64-linux-gnu/libz.so.1.2.8
7f45465e8000-7f45467e8000 ---p 00019000 08:01 22024508                   /lib/x86_64-linux-gnu/libz.so.1.2.8
7f45467e8000-7f45467e9000 r--p 00019000 08:01 22024508                   /lib/x86_64-linux-gnu/libz.so.1.2.8
7f45467e9000-7f45467ea000 rw-p 0001a000 08:01 22024508                   /lib/x86_64-linux-gnu/libz.so.1.2.8
7f45467ea000-7f4546802000 r-xp 00000000 08:01 22024467                   /lib/x86_64-linux-gnu/libpthread-2.21.so
7f4546802000-7f4546a02000 ---p 00018000 08:01 22024467                   /lib/x86_64-linux-gnu/libpthread-2.21.so
7f4546a02000-7f4546a03000 r--p 00018000 08:01 22024467                   /lib/x86_64-linux-gnu/libpthread-2.21.so
7f4546a03000-7f4546a04000 rw-p 00019000 08:01 22024467                   /lib/x86_64-linux-gnu/libpthread-2.21.so
7f4546a04000-7f4546a08000 rw-p 00000000 00:00 0 
7f4546a08000-7f4546a0b000 r-xp 00000000 08:01 22024351                   /lib/x86_64-linux-gnu/libdl-2.21.so
7f4546a0b000-7f4546c0a000 ---p 00003000 08:01 22024351                   /lib/x86_64-linux-gnu/libdl-2.21.so
7f4546c0a000-7f4546c0b000 r--p 00002000 08:01 22024351                   /lib/x86_64-linux-gnu/libdl-2.21.so
7f4546c0b000-7f4546c0c000 rw-p 00003000 08:01 22024351                   /lib/x86_64-linux-gnu/libdl-2.21.so
7f4546c0c000-7f4546dcc000 r-xp 00000000 08:01 22024334                   /lib/x86_64-linux-gnu/libc-2.21.so
7f4546dcc000-7f4546fcc000 ---p 001c0000 08:01 22024334                   /lib/x86_64-linux-gnu/libc-2.21.so
7f4546fcc000-7f4546fd0000 r--p 001c0000 08:01 22024334                   /lib/x86_64-linux-gnu/libc-2.21.so
7f4546fd0000-7f4546fd2000 rw-p 001c4000 08:01 22024334                   /lib/x86_64-linux-gnu/libc-2.21.so
7f4546fd2000-7f4546fd6000 rw-p 00000000 00:00 0 
7f4546fd6000-7f4546fe3000 r-xp 00000000 08:01 20587057                   /usr/lib/jvm/java-7-openjdk-amd64/jre/lib/amd64/jli/libjli.so
7f4546fe3000-7f45471e2000 ---p 0000d000 08:01 20587057                   /usr/lib/jvm/java-7-openjdk-amd64/jre/lib/amd64/jli/libjli.so
7f45471e2000-7f45471e3000 r--p 0000c000 08:01 20587057                   /usr/lib/jvm/java-7-openjdk-amd64/jre/lib/amd64/jli/libjli.so
7f45471e3000-7f45471e4000 rw-p 0000d000 08:01 20587057                   /usr/lib/jvm/java-7-openjdk-amd64/jre/lib/amd64/jli/libjli.so
7f45471e4000-7f4547208000 r-xp 00000000 08:01 22024306                   /lib/x86_64-linux-gnu/ld-2.21.so
7f4547211000-7f4547220000 r--s 000dd000 08:01 21636737                   /home/sharan/Android/Sdk/build-tools/21.1.2/lib/dx.jar
7f4547220000-7f4547230000 rw-p 00000000 00:00 0 
7f4547230000-7f45472e0000 rw-p 00000000 00:00 0 
7f45472e0000-7f45472e3000 ---p 00000000 00:00 0 
7f45472e3000-7f45473e7000 rw-p 00000000 00:00 0                          [stack:7897]
7f45473e7000-7f45473eb000 r--s 00034000 08:01 20587040                   /usr/lib/jvm/java-7-openjdk-amd64/jre/lib/ext/sunjce_provider.jar
7f45473eb000-7f45473ef000 r--s 0003c000 08:01 20587041                   /usr/lib/jvm/java-7-openjdk-amd64/jre/lib/ext/sunpkcs11.jar
7f45473ef000-7f45473f2000 r--s 0000f000 08:01 20587042                   /usr/lib/jvm/java-7-openjdk-amd64/jre/lib/ext/icedtea-sound.jar
7f45473f2000-7f45473f6000 r--s 00085000 08:01 20587038                   /usr/lib/jvm/java-7-openjdk-amd64/jre/lib/ext/localedata.jar
7f45473f6000-7f45473f8000 r--s 00012000 08:01 20587043                   /usr/lib/jvm/java-7-openjdk-amd64/jre/lib/ext/zipfs.jar
7f45473f8000-7f45473fa000 r--s 00006000 08:01 20971724                   /usr/share/java/java-atk-wrapper.jar
7f45473fa000-7f45473fb000 r--s 00002000 08:01 20587039                   /usr/lib/jvm/java-7-openjdk-amd64/jre/lib/ext/dnsns.jar
7f45473fb000-7f4547403000 rw-s 00000000 08:01 3016568                    /tmp/hsperfdata_sharan/7890
7f4547403000-7f4547404000 rw-p 00000000 00:00 0 
7f4547404000-7f4547405000 ---p 00000000 00:00 0 
7f4547405000-7f4547407000 rw-p 00000000 00:00 0 
7f4547407000-7f4547408000 r--p 00023000 08:01 22024306                   /lib/x86_64-linux-gnu/ld-2.21.so
7f4547408000-7f4547409000 rw-p 00024000 08:01 22024306                   /lib/x86_64-linux-gnu/ld-2.21.so
7f4547409000-7f454740a000 rw-p 00000000 00:00 0 
7ffefb0f6000-7ffefb117000 rw-p 00000000 00:00 0                          [stack]
7ffefb117000-7ffefb119000 r--p 00000000 00:00 0                          [vvar]
7ffefb119000-7ffefb11b000 r-xp 00000000 00:00 0                          [vdso]
ffffffffff600000-ffffffffff601000 r-xp 00000000 00:00 0                  [vsyscall]

VM Arguments:
jvm_args: -Xmx4g -Dfile.encoding=UTF-8 -Duser.country=IN -Duser.language=en -Duser.variant 
java_command: com.android.dx.command.Main --dex --force-jumbo --multi-dex --main-dex-list /home/sharan/Dropbox/Muser/muser/build/intermediates/multi-dex/debug/maindexlist.txt --output /home/sharan/Dropbox/Muser/muser/build/intermediates/dex/debug /home/sharan/Dropbox/Muser/muser/build/intermediates/multi-dex/debug/allclasses.jar
Launcher Type: SUN_STANDARD

Environment Variables:
JAVA_HOME=/usr/lib/jvm/java-8-oracle
PATH=/usr/local/sbin:/usr/local/bin:/usr/sbin:/usr/bin:/sbin:/bin:/usr/games:/usr/local/games:/usr/lib/jvm/java-8-oracle/bin:/usr/lib/jvm/java-8-oracle/db/bin:/usr/lib/jvm/java-8-oracle/jre/bin
LD_LIBRARY_PATH=/opt/android-studio/bin:
SHELL=/bin/bash
DISPLAY=:0

Signal Handlers:
SIGSEGV: [libjvm.so+0x98ac50], sa_mask[0]=0x7ffbfeff, sa_flags=0x10000004
SIGBUS: [libjvm.so+0x98ac50], sa_mask[0]=0x7ffbfeff, sa_flags=0x10000004
SIGFPE: [libjvm.so+0x7f8ab0], sa_mask[0]=0x7ffbfeff, sa_flags=0x10000004
SIGPIPE: [libjvm.so+0x7f8ab0], sa_mask[0]=0x7ffbfeff, sa_flags=0x10000004
SIGXFSZ: [libjvm.so+0x7f8ab0], sa_mask[0]=0x7ffbfeff, sa_flags=0x10000004
SIGILL: [libjvm.so+0x7f8ab0], sa_mask[0]=0x7ffbfeff, sa_flags=0x10000004
SIGUSR1: SIG_DFL, sa_mask[0]=0x00000000, sa_flags=0x00000000
SIGUSR2: [libjvm.so+0x7f8930], sa_mask[0]=0x00000004, sa_flags=0x10000004
SIGHUP: [libjvm.so+0x7f8b30], sa_mask[0]=0x7ffbfeff, sa_flags=0x10000004
SIGINT: [libjvm.so+0x7f8b30], sa_mask[0]=0x7ffbfeff, sa_flags=0x10000004
SIGTERM: [libjvm.so+0x7f8b30], sa_mask[0]=0x7ffbfeff, sa_flags=0x10000004
SIGQUIT: [libjvm.so+0x7f8b30], sa_mask[0]=0x7ffbfeff, sa_flags=0x10000004
SIGTRAP: SIG_DFL, sa_mask[0]=0x00000000, sa_flags=0x00000000


---------------  S Y S T E M  ---------------

OS:Ubuntu 15.04 (vivid)
uname:Linux 3.19.0-26-generic #28-Ubuntu SMP Tue Aug 11 14:16:32 UTC 2015 x86_64
libc:glibc 2.21 NPTL 2.21 
rlimit: STACK 8192k, CORE 0k, NPROC 31366, NOFILE 65536, AS infinity
load average:6.87 2.66 1.76

/proc/meminfo:
MemTotal:        8052020 kB
MemFree:          242988 kB
MemAvailable:     220612 kB
Buffers:            1164 kB
Cached:           994652 kB
SwapCached:            0 kB
Active:          6708516 kB
Inactive:         900928 kB
Active(anon):    6685320 kB
Inactive(anon):   857976 kB
Active(file):      23196 kB
Inactive(file):    42952 kB
Unevictable:          32 kB
Mlocked:              32 kB
SwapTotal:             0 kB
SwapFree:              0 kB
Dirty:               292 kB
Writeback:             0 kB
AnonPages:       6614364 kB
Mapped:           360704 kB
Shmem:            928964 kB
Slab:              96568 kB
SReclaimable:      58040 kB
SUnreclaim:        38528 kB
KernelStack:       11840 kB
PageTables:        49004 kB
NFS_Unstable:          0 kB
Bounce:                0 kB
WritebackTmp:          0 kB
CommitLimit:     4026008 kB
Committed_AS:   14402144 kB
VmallocTotal:   34359738367 kB
VmallocUsed:      358872 kB
VmallocChunk:   34359320344 kB
HardwareCorrupted:     0 kB
AnonHugePages:   3665920 kB
CmaTotal:              0 kB
CmaFree:               0 kB
HugePages_Total:       0
HugePages_Free:        0
HugePages_Rsvd:        0
HugePages_Surp:        0
Hugepagesize:       2048 kB
DirectMap4k:      173116 kB
DirectMap2M:     8091648 kB
DirectMap1G:           0 kB


CPU:total 4 (2 cores per cpu, 2 threads per core) family 6 model 60 stepping 3, cmov, cx8, fxsr, mmx, sse, sse2, sse3, ssse3, sse4.1, sse4.2, popcnt, avx, avx2, aes, erms, ht, tsc, tscinvbit

/proc/cpuinfo:
processor	: 0
vendor_id	: GenuineIntel
cpu family	: 6
model		: 60
model name	: Intel(R) Core(TM) i3-4150 CPU @ 3.50GHz
stepping	: 3
microcode	: 0x12
cpu MHz		: 3500.000
cache size	: 3072 KB
physical id	: 0
siblings	: 4
core id		: 0
cpu cores	: 2
apicid		: 0
initial apicid	: 0
fpu		: yes
fpu_exception	: yes
cpuid level	: 13
wp		: yes
flags		: fpu vme de pse tsc msr pae mce cx8 apic sep mtrr pge mca cmov pat pse36 clflush dts acpi mmx fxsr sse sse2 ss ht tm pbe syscall nx pdpe1gb rdtscp lm constant_tsc arch_perfmon pebs bts rep_good nopl xtopology nonstop_tsc aperfmperf eagerfpu pni pclmulqdq dtes64 monitor ds_cpl vmx est tm2 ssse3 fma cx16 xtpr pdcm pcid sse4_1 sse4_2 movbe popcnt tsc_deadline_timer aes xsave avx f16c rdrand lahf_lm abm arat pln pts dtherm tpr_shadow vnmi flexpriority ept vpid fsgsbase tsc_adjust bmi1 avx2 smep bmi2 erms invpcid xsaveopt
bugs		:
bogomips	: 6983.43
clflush size	: 64
cache_alignment	: 64
address sizes	: 39 bits physical, 48 bits virtual
power management:

processor	: 1
vendor_id	: GenuineIntel
cpu family	: 6
model		: 60
model name	: Intel(R) Core(TM) i3-4150 CPU @ 3.50GHz
stepping	: 3
microcode	: 0x12
cpu MHz		: 3499.863
cache size	: 3072 KB
physical id	: 0
siblings	: 4
core id		: 1
cpu cores	: 2
apicid		: 2
initial apicid	: 2
fpu		: yes
fpu_exception	: yes
cpuid level	: 13
wp		: yes
flags		: fpu vme de pse tsc msr pae mce cx8 apic sep mtrr pge mca cmov pat pse36 clflush dts acpi mmx fxsr sse sse2 ss ht tm pbe syscall nx pdpe1gb rdtscp lm constant_tsc arch_perfmon pebs bts rep_good nopl xtopology nonstop_tsc aperfmperf eagerfpu pni pclmulqdq dtes64 monitor ds_cpl vmx est tm2 ssse3 fma cx16 xtpr pdcm pcid sse4_1 sse4_2 movbe popcnt tsc_deadline_timer aes xsave avx f16c rdrand lahf_lm abm arat pln pts dtherm tpr_shadow vnmi flexpriority ept vpid fsgsbase tsc_adjust bmi1 avx2 smep bmi2 erms invpcid xsaveopt
bugs		:
bogomips	: 6983.43
clflush size	: 64
cache_alignment	: 64
address sizes	: 39 bits physical, 48 bits virtual
power management:

processor	: 2
vendor_id	: GenuineIntel
cpu family	: 6
model		: 60
model name	: Intel(R) Core(TM) i3-4150 CPU @ 3.50GHz
stepping	: 3
microcode	: 0x12
cpu MHz		: 3499.863
cache size	: 3072 KB
physical id	: 0
siblings	: 4
core id		: 0
cpu cores	: 2
apicid		: 1
initial apicid	: 1
fpu		: yes
fpu_exception	: yes
cpuid level	: 13
wp		: yes
flags		: fpu vme de pse tsc msr pae mce cx8 apic sep mtrr pge mca cmov pat pse36 clflush dts acpi mmx fxsr sse sse2 ss ht tm pbe syscall nx pdpe1gb rdtscp lm constant_tsc arch_perfmon pebs bts rep_good nopl xtopology nonstop_tsc aperfmperf eagerfpu pni pclmulqdq dtes64 monitor ds_cpl vmx est tm2 ssse3 fma cx16 xtpr pdcm pcid sse4_1 sse4_2 movbe popcnt tsc_deadline_timer aes xsave avx f16c rdrand lahf_lm abm arat pln pts dtherm tpr_shadow vnmi flexpriority ept vpid fsgsbase tsc_adjust bmi1 avx2 smep bmi2 erms invpcid xsaveopt
bugs		:
bogomips	: 6983.43
clflush size	: 64
cache_alignment	: 64
address sizes	: 39 bits physical, 48 bits virtual
power management:

processor	: 3
vendor_id	: GenuineIntel
cpu family	: 6
model		: 60
model name	: Intel(R) Core(TM) i3-4150 CPU @ 3.50GHz
stepping	: 3
microcode	: 0x12
cpu MHz		: 3500.136
cache size	: 3072 KB
physical id	: 0
siblings	: 4
core id		: 1
cpu cores	: 2
apicid		: 3
initial apicid	: 3
fpu		: yes
fpu_exception	: yes
cpuid level	: 13
wp		: yes
flags		: fpu vme de pse tsc msr pae mce cx8 apic sep mtrr pge mca cmov pat pse36 clflush dts acpi mmx fxsr sse sse2 ss ht tm pbe syscall nx pdpe1gb rdtscp lm constant_tsc arch_perfmon pebs bts rep_good nopl xtopology nonstop_tsc aperfmperf eagerfpu pni pclmulqdq dtes64 monitor ds_cpl vmx est tm2 ssse3 fma cx16 xtpr pdcm pcid sse4_1 sse4_2 movbe popcnt tsc_deadline_timer aes xsave avx f16c rdrand lahf_lm abm arat pln pts dtherm tpr_shadow vnmi flexpriority ept vpid fsgsbase tsc_adjust bmi1 avx2 smep bmi2 erms invpcid xsaveopt
bugs		:
bogomips	: 6983.43
clflush size	: 64
cache_alignment	: 64
address sizes	: 39 bits physical, 48 bits virtual
power management:



Memory: 4k page, physical 8052020k(242988k free), swap 0k(0k free)

vm_info: OpenJDK 64-Bit Server VM (24.79-b02) for linux-amd64 JRE (1.7.0_79-b14), built on Jul 24 2015 05:24:39 by "buildd" with gcc 4.9.2

time: Tue Jan  5 16:19:18 2016
elapsed time: 35 seconds

